Reading instance matlab_stp_instances/Inst_9.stp of type D
Finished instance reading
Number of vertices = 8
Number of edges (resources) = 28
Number of scenarios = 5
Average number of terminals per scenario = 8
Probabilities of Scenarios: (0) 0.0405848 | (1) 0.124571 | (2) 0.380153 | (3) 0.0138676 | (4) 0.440824 | 
Average weighted inflation = inf
Largest inflation = inf
MAX_ITERATIONS_SINCE_LAST_IMPROVEMENT 2
MAX_ITERATIONS_SINCE_BEST_SOLUTION 3
Creating solution instance.
Starting Evolutive Framework.
Local search solution cost = 0
Local search time = 0.0941479
0.094172 local search - EF main loop cycle 0 solution cost 0
0.097996s Cost of SP solution after second stage solver 0
Local search solution cost = 0
Local search time = 0.0575221
0.155559 local search - EF main loop cycle 1 solution cost 0
0.158278s Cost of SP solution after second stage solver 0
Local search solution cost = 0
Local search time = 0.059016
0.217337 local search - EF main loop cycle 2 solution cost 0
0.219208s Cost of SP solution after second stage solver 0
Number of cycles 3
Time for each cycle 0.0730743
0.221176s Cost of SP solution after tail step 0
SELECTED RESOURCES:
0 5 8 9 10 11 12 13 17 18 20 22 23 24 25 
SCENARIO'S RESOURCES:
S 0: 0 | 2 3 7 13 19 20 21 23 
S 1: 0 | 2 3 7 13 19 20 21 23 
S 2: 0 | 2 3 7 13 19 20 21 23 
S 3: 0 | 2 3 7 13 19 20 21 23 
S 4: 0 | 2 3 7 13 19 20 21 23 

Final time = 0.223373
Final solution cost = 0
