Reading instance matlab_stp_instances/Inst_30.stp of type D
Finished instance reading
Number of vertices = 30
Number of edges (resources) = 435
Number of scenarios = 10
Average number of terminals per scenario = 30
Probabilities of Scenarios: (0) 0.0970998 | (1) 0.0863256 | (2) 0.190115 | (3) 0.067717 | (4) 0.0528409 | (5) 0.0050432 | (6) 0.158609 | (7) 0.000742207 | (8) 0.170795 | (9) 0.170712 | 
Average weighted inflation = -nan
Largest inflation = inf
MAX_ITERATIONS_SINCE_LAST_IMPROVEMENT 2
MAX_ITERATIONS_SINCE_BEST_SOLUTION 3
Creating solution instance.
Starting Evolutive Framework.
Local search solution cost = 0
Local search time = 12.0727
12.0727 local search - EF main loop cycle 0 solution cost 0
12.0963s Cost of SP solution after second stage solver 0
Local search solution cost = 0
Local search time = 9.82941
21.9258 local search - EF main loop cycle 1 solution cost 0
21.9484s Cost of SP solution after second stage solver 0
Local search solution cost = 0
Local search time = 9.83039
31.7788 local search - EF main loop cycle 2 solution cost 0
31.8042s Cost of SP solution after second stage solver 0
Number of cycles 3
Time for each cycle 10.6014
31.829s Cost of SP solution after tail step 0
SELECTED RESOURCES:
1 2 3 5 9 10 11 13 14 17 18 19 23 25 31 32 33 34 39 40 45 49 51 54 55 57 58 62 67 69 71 72 73 74 75 77 78 80 81 82 83 84 85 88 89 94 96 97 98 100 102 106 107 108 111 115 118 120 122 125 129 132 134 136 137 138 140 142 146 147 148 150 152 154 156 160 162 163 164 165 167 172 174 176 179 183 187 188 189 193 194 196 199 200 201 203 204 205 207 208 213 214 218 219 221 223 225 227 229 230 231 233 234 237 238 242 243 244 245 247 249 252 254 257 261 263 266 267 268 269 273 274 277 281 282 283 286 288 289 290 296 297 301 302 303 307 308 311 312 313 314 318 319 320 322 324 325 326 328 331 332 334 335 337 339 340 341 342 343 345 346 348 350 355 357 358 359 360 361 362 363 365 366 367 370 372 373 374 375 379 381 382 384 385 387 389 390 391 392 397 401 403 404 407 408 411 412 413 414 415 419 420 421 423 424 428 429 430 431 432 434 
SCENARIO'S RESOURCES:
S 0: 0 | 25 27 28 41 65 77 78 99 121 149 159 186 188 192 228 236 247 257 265 279 297 302 328 334 361 376 379 392 421 426 
S 1: 0 | 25 27 28 41 65 77 78 99 121 149 159 186 188 192 228 236 247 257 265 279 297 302 328 334 361 376 379 392 421 426 
S 2: 0 | 25 27 28 41 65 77 78 99 121 149 159 186 188 192 228 236 247 257 265 279 297 302 328 334 361 376 379 392 421 426 
S 3: 0 | 25 27 28 41 65 77 78 99 121 149 159 186 188 192 228 236 247 257 265 279 297 302 328 334 361 376 379 392 421 426 
S 4: 0 | 25 27 28 41 65 77 78 99 121 149 159 186 188 192 228 236 247 257 265 279 297 302 328 334 361 376 379 392 421 426 
S 5: 0 | 25 27 28 41 65 77 78 99 121 149 159 186 188 192 228 236 247 257 265 279 297 302 328 334 361 376 379 392 421 426 
S 6: 0 | 25 27 28 41 65 77 78 99 121 149 159 186 188 192 228 236 247 257 265 279 297 302 328 334 361 376 379 392 421 426 
S 7: 0 | 25 27 28 41 65 77 78 99 121 149 159 186 188 192 228 236 247 257 265 279 297 302 328 334 361 376 379 392 421 426 
S 8: 0 | 25 27 28 41 65 77 78 99 121 149 159 186 188 192 228 236 247 257 265 279 297 302 328 334 361 376 379 392 421 426 
S 9: 0 | 25 27 28 41 65 77 78 99 121 149 159 186 188 192 228 236 247 257 265 279 297 302 328 334 361 376 379 392 421 426 

Final time = 31.8565
Final solution cost = 0
