Reading instance matlab_stp_instances/Inst_19.stp of type D
Finished instance reading
Number of vertices = 14
Number of edges (resources) = 91
Number of scenarios = 5
Average number of terminals per scenario = 14
Probabilities of Scenarios: (0) 0.388509 | (1) 0.137926 | (2) 0.240669 | (3) 0.0727812 | (4) 0.160115 | 
Average weighted inflation = inf
Largest inflation = inf
MAX_ITERATIONS_SINCE_LAST_IMPROVEMENT 2
MAX_ITERATIONS_SINCE_BEST_SOLUTION 3
Creating solution instance.
Starting Evolutive Framework.
Local search solution cost = 0
Local search time = 0.357932
0.35795 local search - EF main loop cycle 0 solution cost 0
0.361531s Cost of SP solution after second stage solver 0
Local search solution cost = 0
Local search time = 0.313018
0.674581 local search - EF main loop cycle 1 solution cost 0
0.677876s Cost of SP solution after second stage solver 0
Local search solution cost = 0
Local search time = 0.310644
0.988546 local search - EF main loop cycle 2 solution cost 0
0.991845s Cost of SP solution after second stage solver 0
Number of cycles 3
Time for each cycle 0.33062
0.995956s Cost of SP solution after tail step 0
SELECTED RESOURCES:
1 3 5 6 8 9 14 15 16 19 20 22 25 26 29 30 32 34 35 39 40 42 43 44 46 47 52 53 54 55 56 57 63 66 68 70 73 74 75 76 78 79 81 82 83 89 
SCENARIO'S RESOURCES:
S 0: 0 | 3 6 12 27 31 41 43 46 49 63 67 68 84 89 
S 1: 0 | 3 6 12 27 31 41 43 46 49 63 67 68 84 89 
S 2: 0 | 3 6 12 27 31 41 43 46 49 63 67 68 84 89 
S 3: 0 | 3 6 12 27 31 41 43 46 49 63 67 68 84 89 
S 4: 0 | 3 6 12 27 31 41 43 46 49 63 67 68 84 89 

Final time = 0.999667
Final solution cost = 0
