Reading instance matlab_stp_instances/Inst_20.stp of type D
Finished instance reading
Number of vertices = 14
Number of edges (resources) = 91
Number of scenarios = 10
Average number of terminals per scenario = 14
Probabilities of Scenarios: (0) 0.157072 | (1) 0.0702912 | (2) 0.126885 | (3) 0.0928911 | (4) 0.00208382 | (5) 0.12284 | (6) 0.12335 | (7) 0.133162 | (8) 0.0702742 | (9) 0.10115 | 
Average weighted inflation = inf
Largest inflation = inf
MAX_ITERATIONS_SINCE_LAST_IMPROVEMENT 2
MAX_ITERATIONS_SINCE_BEST_SOLUTION 3
Creating solution instance.
Starting Evolutive Framework.
Local search solution cost = 0
Local search time = 0.783918
0.783943 local search - EF main loop cycle 0 solution cost 0
0.791309s Cost of SP solution after second stage solver 0
Local search solution cost = 0
Local search time = 0.680324
1.47167 local search - EF main loop cycle 1 solution cost 0
1.48136s Cost of SP solution after second stage solver 0
Local search solution cost = 0
Local search time = 0.708024
2.18943 local search - EF main loop cycle 2 solution cost 0
2.19792s Cost of SP solution after second stage solver 0
Number of cycles 3
Time for each cycle 0.732954
2.20723s Cost of SP solution after tail step 0
SELECTED RESOURCES:
0 1 3 6 8 9 11 12 13 14 19 21 22 24 26 33 36 37 38 41 42 43 46 47 48 49 50 51 52 53 55 56 57 58 62 64 67 68 69 70 71 74 78 80 81 82 84 85 87 
SCENARIO'S RESOURCES:
S 0: 0 | 3 6 12 27 31 41 43 46 49 63 67 68 84 89 
S 1: 0 | 3 6 12 27 31 41 43 46 49 63 67 68 84 89 
S 2: 0 | 3 6 12 27 31 41 43 46 49 63 67 68 84 89 
S 3: 0 | 3 6 12 27 31 41 43 46 49 63 67 68 84 89 
S 4: 0 | 3 6 12 27 31 41 43 46 49 63 67 68 84 89 
S 5: 0 | 3 6 12 27 31 41 43 46 49 63 67 68 84 89 
S 6: 0 | 3 6 12 27 31 41 43 46 49 63 67 68 84 89 
S 7: 0 | 3 6 12 27 31 41 43 46 49 63 67 68 84 89 
S 8: 0 | 3 6 12 27 31 41 43 46 49 63 67 68 84 89 
S 9: 0 | 3 6 12 27 31 41 43 46 49 63 67 68 84 89 

Final time = 2.21658
Final solution cost = 0
