Reading instance matlab_stp_instances/Inst_32.stp of type D
Finished instance reading
Number of vertices = 40
Number of edges (resources) = 780
Number of scenarios = 5
Average number of terminals per scenario = 40
Probabilities of Scenarios: (0) 0.352623 | (1) 0.0564889 | (2) 0.0610556 | (3) 0.273064 | (4) 0.256769 | 
Average weighted inflation = inf
Largest inflation = inf
MAX_ITERATIONS_SINCE_LAST_IMPROVEMENT 2
MAX_ITERATIONS_SINCE_BEST_SOLUTION 3
Creating solution instance.
Starting Evolutive Framework.
Local search solution cost = 0
Local search time = 20.2773
20.2774 local search - EF main loop cycle 0 solution cost 0
20.2964s Cost of SP solution after second stage solver 0
Local search solution cost = 0
Local search time = 16.4474
36.7438 local search - EF main loop cycle 1 solution cost 0
36.7638s Cost of SP solution after second stage solver 0
Local search solution cost = 0
Local search time = 14.5812
51.3451 local search - EF main loop cycle 2 solution cost 0
51.3628s Cost of SP solution after second stage solver 0
Number of cycles 3
Time for each cycle 17.121
51.3811s Cost of SP solution after tail step 0
SELECTED RESOURCES:
0 1 2 6 7 9 12 13 14 15 16 17 18 19 20 21 22 25 29 30 32 33 34 35 38 39 42 43 48 49 50 51 53 55 58 60 61 63 68 72 74 75 76 80 81 82 83 85 88 89 92 96 98 100 102 105 106 107 109 110 111 112 113 116 117 120 121 122 123 124 127 128 129 133 134 135 138 139 141 142 144 146 149 150 153 154 155 156 158 159 160 161 164 165 169 170 171 175 177 179 181 182 184 185 188 189 192 193 194 195 198 204 205 210 211 213 218 219 220 225 229 231 232 233 234 235 237 238 241 245 246 247 248 255 256 258 259 261 263 264 265 266 267 269 270 271 272 274 275 278 281 282 284 286 287 289 291 293 294 295 298 299 301 304 310 314 316 317 318 319 321 322 323 324 326 331 332 334 343 345 346 348 350 351 354 355 356 358 360 361 362 366 368 369 370 371 373 378 379 380 381 386 387 388 389 393 397 398 402 405 407 408 411 414 417 419 420 421 422 428 429 431 434 435 436 437 440 443 444 445 446 447 448 450 451 453 454 455 456 457 461 462 467 468 470 474 476 478 480 481 482 484 486 489 492 493 494 495 496 497 498 499 500 504 505 507 509 510 511 512 513 515 516 518 519 523 524 526 527 531 534 536 537 540 542 543 545 550 553 556 557 560 562 565 567 568 572 573 574 576 577 579 580 584 585 586 588 589 590 592 593 596 598 600 602 603 605 606 607 611 614 615 616 617 620 624 625 626 627 628 630 631 632 633 634 635 637 642 645 646 648 649 650 651 653 657 660 662 663 665 666 667 669 671 672 673 675 676 680 681 682 685 686 688 689 691 692 693 694 700 701 703 704 705 707 713 718 720 721 723 725 726 728 731 732 733 734 735 738 740 744 746 748 750 752 753 758 759 760 761 766 771 776 777 
SCENARIO'S RESOURCES:
S 0: 0 | 12 17 53 92 116 117 127 132 147 157 160 171 199 203 213 254 262 297 298 305 335 347 391 433 435 490 500 523 531 575 594 603 660 665 672 685 720 731 770 772 
S 1: 0 | 12 17 53 92 116 117 127 132 147 157 160 171 199 203 213 254 262 297 298 305 335 347 391 433 435 490 500 523 531 575 594 603 660 665 672 685 720 731 770 772 
S 2: 0 | 12 17 53 92 116 117 127 132 147 157 160 171 199 203 213 254 262 297 298 305 335 347 391 433 435 490 500 523 531 575 594 603 660 665 672 685 720 731 770 772 
S 3: 0 | 12 17 53 92 116 117 127 132 147 157 160 171 199 203 213 254 262 297 298 305 335 347 391 433 435 490 500 523 531 575 594 603 660 665 672 685 720 731 770 772 
S 4: 0 | 12 17 53 92 116 117 127 132 147 157 160 171 199 203 213 254 262 297 298 305 335 347 391 433 435 490 500 523 531 575 594 603 660 665 672 685 720 731 770 772 

Final time = 51.4025
Final solution cost = 0
