Reading instance matlab_stp_instances/Inst_22.stp of type D
Finished instance reading
Number of vertices = 15
Number of edges (resources) = 105
Number of scenarios = 5
Average number of terminals per scenario = 15
Probabilities of Scenarios: (0) 0.276366 | (1) 0.00493672 | (2) 0.257765 | (3) 0.3551 | (4) 0.105832 | 
Average weighted inflation = inf
Largest inflation = inf
MAX_ITERATIONS_SINCE_LAST_IMPROVEMENT 2
MAX_ITERATIONS_SINCE_BEST_SOLUTION 3
Creating solution instance.
Starting Evolutive Framework.
Local search solution cost = 0
Local search time = 0.509705
0.509733 local search - EF main loop cycle 0 solution cost 0
0.516199s Cost of SP solution after second stage solver 0
Local search solution cost = 0
Local search time = 0.441636
0.957879 local search - EF main loop cycle 1 solution cost 0
0.96234s Cost of SP solution after second stage solver 0
Local search solution cost = 0
Local search time = 0.461122
1.42351 local search - EF main loop cycle 2 solution cost 0
1.4287s Cost of SP solution after second stage solver 0
Number of cycles 3
Time for each cycle 0.476244
1.43295s Cost of SP solution after tail step 0
SELECTED RESOURCES:
2 4 5 7 8 9 12 13 16 17 19 20 21 22 23 24 26 27 30 31 36 37 39 45 46 49 52 53 54 56 57 58 59 63 64 65 66 67 68 70 72 75 76 77 82 85 86 88 92 93 95 98 
SCENARIO'S RESOURCES:
S 0: 0 | 12 17 22 24 28 44 46 54 55 59 70 83 90 94 97 
S 1: 0 | 12 17 22 24 28 44 46 54 55 59 70 83 90 94 97 
S 2: 0 | 12 17 22 24 28 44 46 54 55 59 70 83 90 94 97 
S 3: 0 | 12 17 22 24 28 44 46 54 55 59 70 83 90 94 97 
S 4: 0 | 12 17 22 24 28 44 46 54 55 59 70 83 90 94 97 

Final time = 1.4383
Final solution cost = 0
