Reading instance matlab_stp_instances/Inst_31.stp of type D
Finished instance reading
Number of vertices = 35
Number of edges (resources) = 595
Number of scenarios = 5
Average number of terminals per scenario = 35
Probabilities of Scenarios: (0) 0.229546 | (1) 0.245374 | (2) 0.161602 | (3) 0.215215 | (4) 0.148263 | 
Average weighted inflation = inf
Largest inflation = inf
MAX_ITERATIONS_SINCE_LAST_IMPROVEMENT 2
MAX_ITERATIONS_SINCE_BEST_SOLUTION 3
Creating solution instance.
Starting Evolutive Framework.
Local search solution cost = 0
Local search time = 10.8145
10.8146 local search - EF main loop cycle 0 solution cost 0
10.829s Cost of SP solution after second stage solver 0
Local search solution cost = 0
Local search time = 8.31173
19.1408 local search - EF main loop cycle 1 solution cost 0
19.1551s Cost of SP solution after second stage solver 0
Local search solution cost = 0
Local search time = 9.36579
28.5209 local search - EF main loop cycle 2 solution cost 0
28.5359s Cost of SP solution after second stage solver 0
Number of cycles 3
Time for each cycle 9.51197
28.5504s Cost of SP solution after tail step 0
SELECTED RESOURCES:
0 2 4 5 10 11 13 17 19 21 22 26 29 32 33 35 36 37 39 40 41 43 45 47 48 49 50 51 53 55 56 57 60 61 62 64 66 67 68 69 72 73 76 77 79 81 84 85 86 87 89 90 97 98 101 102 103 108 110 113 114 115 119 120 121 122 123 124 125 128 130 134 137 140 145 147 153 154 157 158 159 160 164 165 166 167 168 169 171 172 176 178 179 180 182 183 184 185 187 188 189 190 194 196 198 199 200 202 203 205 206 209 210 211 213 220 221 222 223 226 227 228 229 234 236 237 238 239 240 241 246 248 249 251 253 255 257 258 259 260 262 265 266 267 270 276 277 278 279 280 282 283 285 286 290 293 295 298 299 300 301 305 308 313 314 316 317 318 319 320 325 326 327 328 330 332 334 335 338 343 344 350 355 356 357 358 359 360 361 363 364 365 366 367 368 369 370 372 373 377 378 382 383 384 385 388 389 392 395 397 398 400 403 405 406 408 412 415 416 417 422 425 429 431 434 435 436 438 439 440 442 445 448 449 451 452 453 456 457 458 461 463 465 467 468 469 471 472 477 478 483 484 486 488 489 490 491 492 493 494 495 496 498 499 500 501 503 504 505 507 508 509 511 515 517 519 520 525 526 528 529 533 535 537 538 541 543 548 549 556 557 558 559 560 564 565 566 567 568 569 574 576 577 583 584 585 590 591 592 
SCENARIO'S RESOURCES:
S 0: 0 | 15 38 52 56 57 66 117 128 159 174 208 225 235 262 273 281 293 313 314 330 346 367 391 405 407 414 454 479 487 503 526 532 538 564 578 
S 1: 0 | 15 38 52 56 57 66 117 128 159 174 208 225 235 262 273 281 293 313 314 330 346 367 391 405 407 414 454 479 487 503 526 532 538 564 578 
S 2: 0 | 15 38 52 56 57 66 117 128 159 174 208 225 235 262 273 281 293 313 314 330 346 367 391 405 407 414 454 479 487 503 526 532 538 564 578 
S 3: 0 | 15 38 52 56 57 66 117 128 159 174 208 225 235 262 273 281 293 313 314 330 346 367 391 405 407 414 454 479 487 503 526 532 538 564 578 
S 4: 0 | 15 38 52 56 57 66 117 128 159 174 208 225 235 262 273 281 293 313 314 330 346 367 391 405 407 414 454 479 487 503 526 532 538 564 578 

Final time = 28.5686
Final solution cost = 0
