Reading instance matlab_stp_instances/Inst_21.stp of type D
Finished instance reading
Number of vertices = 14
Number of edges (resources) = 91
Number of scenarios = 25
Average number of terminals per scenario = 14
Probabilities of Scenarios: (0) 0.0757846 | (1) 0.0460479 | (2) 0.0236283 | (3) 0.0751146 | (4) 0.0695465 | (5) 0.0147501 | (6) 0.000139666 | (7) 0.0552482 | (8) 0.0673543 | (9) 0.00918324 | (10) 0.00302902 | (11) 0.0464328 | (12) 0.0469077 | (13) 0.0400863 | (14) 0.000582736 | (15) 0.0534761 | (16) 0.0734315 | (17) 0.0678052 | (18) 0.00879269 | (19) 0.0275222 | (20) 0.0187795 | (21) 0.0434939 | (22) 0.0475608 | (23) 0.0233493 | (24) 0.061953 | 
Average weighted inflation = inf
Largest inflation = inf
MAX_ITERATIONS_SINCE_LAST_IMPROVEMENT 2
MAX_ITERATIONS_SINCE_BEST_SOLUTION 3
Creating solution instance.
Starting Evolutive Framework.
Local search solution cost = 0
Local search time = 2.07041
2.07045 local search - EF main loop cycle 0 solution cost 0
2.08955s Cost of SP solution after second stage solver 0
Local search solution cost = 0
Local search time = 1.69351
3.7831 local search - EF main loop cycle 1 solution cost 0
3.80104s Cost of SP solution after second stage solver 0
Local search solution cost = 0
Local search time = 1.78514
5.58621 local search - EF main loop cycle 2 solution cost 0
5.6062s Cost of SP solution after second stage solver 0
Number of cycles 3
Time for each cycle 1.86874
5.62648s Cost of SP solution after tail step 0
SELECTED RESOURCES:
4 5 6 7 8 10 11 16 18 23 26 29 31 35 40 42 43 44 45 46 52 53 54 56 59 61 66 67 68 71 74 78 79 82 85 87 
SCENARIO'S RESOURCES:
S 0: 0 | 3 6 12 27 31 41 43 46 49 63 67 68 84 89 
S 1: 0 | 3 6 12 27 31 41 43 46 49 63 67 68 84 89 
S 2: 0 | 3 6 12 27 31 41 43 46 49 63 67 68 84 89 
S 3: 0 | 3 6 12 27 31 41 43 46 49 63 67 68 84 89 
S 4: 0 | 3 6 12 27 31 41 43 46 49 63 67 68 84 89 
S 5: 0 | 3 6 12 27 31 41 43 46 49 63 67 68 84 89 
S 6: 0 | 3 6 12 27 31 41 43 46 49 63 67 68 84 89 
S 7: 0 | 3 6 12 27 31 41 43 46 49 63 67 68 84 89 
S 8: 0 | 3 6 12 27 31 41 43 46 49 63 67 68 84 89 
S 9: 0 | 3 6 12 27 31 41 43 46 49 63 67 68 84 89 
S 10: 0 | 3 6 12 27 31 41 43 46 49 63 67 68 84 89 
S 11: 0 | 3 6 12 27 31 41 43 46 49 63 67 68 84 89 
S 12: 0 | 3 6 12 27 31 41 43 46 49 63 67 68 84 89 
S 13: 0 | 3 6 12 27 31 41 43 46 49 63 67 68 84 89 
S 14: 0 | 3 6 12 27 31 41 43 46 49 63 67 68 84 89 
S 15: 0 | 3 6 12 27 31 41 43 46 49 63 67 68 84 89 
S 16: 0 | 3 6 12 27 31 41 43 46 49 63 67 68 84 89 
S 17: 0 | 3 6 12 27 31 41 43 46 49 63 67 68 84 89 
S 18: 0 | 3 6 12 27 31 41 43 46 49 63 67 68 84 89 
S 19: 0 | 3 6 12 27 31 41 43 46 49 63 67 68 84 89 
S 20: 0 | 3 6 12 27 31 41 43 46 49 63 67 68 84 89 
S 21: 0 | 3 6 12 27 31 41 43 46 49 63 67 68 84 89 
S 22: 0 | 3 6 12 27 31 41 43 46 49 63 67 68 84 89 
S 23: 0 | 3 6 12 27 31 41 43 46 49 63 67 68 84 89 
S 24: 0 | 3 6 12 27 31 41 43 46 49 63 67 68 84 89 

Final time = 5.6513
Final solution cost = 0
