Reading instance matlab_stp_instances/Inst_26.stp of type D
Finished instance reading
Number of vertices = 20
Number of edges (resources) = 190
Number of scenarios = 10
Average number of terminals per scenario = 20
Probabilities of Scenarios: (0) 0.0496439 | (1) 0.123282 | (2) 0.0680258 | (3) 0.103638 | (4) 0.147451 | (5) 0.0121383 | (6) 0.219001 | (7) 0.211991 | (8) 0.0210093 | (9) 0.0438201 | 
Average weighted inflation = -nan
Largest inflation = inf
MAX_ITERATIONS_SINCE_LAST_IMPROVEMENT 2
MAX_ITERATIONS_SINCE_BEST_SOLUTION 3
Creating solution instance.
Starting Evolutive Framework.
Local search solution cost = 0
Local search time = 2.84266
2.84269 local search - EF main loop cycle 0 solution cost 0
2.85558s Cost of SP solution after second stage solver 0
Local search solution cost = 0
Local search time = 2.37022
5.22586 local search - EF main loop cycle 1 solution cost 0
5.23796s Cost of SP solution after second stage solver 0
Local search solution cost = 0
Local search time = 2.36538
7.60338 local search - EF main loop cycle 2 solution cost 0
7.61792s Cost of SP solution after second stage solver 0
Number of cycles 3
Time for each cycle 2.53932
7.63075s Cost of SP solution after tail step 0
SELECTED RESOURCES:
0 3 4 5 7 8 9 11 13 14 15 18 19 20 23 25 27 28 29 30 31 33 34 35 41 42 44 46 47 51 52 54 57 58 59 64 65 66 67 69 71 73 74 76 77 78 80 81 84 86 90 91 92 96 99 100 101 102 103 105 108 112 113 116 117 118 120 121 122 124 125 126 132 134 135 137 139 140 141 142 144 147 149 150 152 153 154 157 158 161 162 166 167 168 169 175 177 178 180 181 183 184 187 188 189 
SCENARIO'S RESOURCES:
S 0: 0 | 1 10 19 24 37 40 46 47 62 86 89 97 132 134 139 148 158 168 179 186 
S 1: 0 | 1 10 19 24 37 40 46 47 62 86 89 97 132 134 139 148 158 168 179 186 
S 2: 0 | 1 10 19 24 37 40 46 47 62 86 89 97 132 134 139 148 158 168 179 186 
S 3: 0 | 1 10 19 24 37 40 46 47 62 86 89 97 132 134 139 148 158 168 179 186 
S 4: 0 | 1 10 19 24 37 40 46 47 62 86 89 97 132 134 139 148 158 168 179 186 
S 5: 0 | 1 10 19 24 37 40 46 47 62 86 89 97 132 134 139 148 158 168 179 186 
S 6: 0 | 1 10 19 24 37 40 46 47 62 86 89 97 132 134 139 148 158 168 179 186 
S 7: 0 | 1 10 19 24 37 40 46 47 62 86 89 97 132 134 139 148 158 168 179 186 
S 8: 0 | 1 10 19 24 37 40 46 47 62 86 89 97 132 134 139 148 158 168 179 186 
S 9: 0 | 1 10 19 24 37 40 46 47 62 86 89 97 132 134 139 148 158 168 179 186 

Final time = 7.64504
Final solution cost = 0
