Reading instance matlab_stp_instances/Inst_29.stp of type D
Finished instance reading
Number of vertices = 30
Number of edges (resources) = 435
Number of scenarios = 5
Average number of terminals per scenario = 30
Probabilities of Scenarios: (0) 0.194073 | (1) 0.161206 | (2) 0.149296 | (3) 0.268541 | (4) 0.226883 | 
Average weighted inflation = inf
Largest inflation = inf
MAX_ITERATIONS_SINCE_LAST_IMPROVEMENT 2
MAX_ITERATIONS_SINCE_BEST_SOLUTION 3
Creating solution instance.
Starting Evolutive Framework.
Local search solution cost = 0
Local search time = 6.00547
6.0055 local search - EF main loop cycle 0 solution cost 0
6.01894s Cost of SP solution after second stage solver 0
Local search solution cost = 0
Local search time = 4.93927
10.9583 local search - EF main loop cycle 1 solution cost 0
10.971s Cost of SP solution after second stage solver 0
Local search solution cost = 0
Local search time = 4.92355
15.8946 local search - EF main loop cycle 2 solution cost 0
15.9068s Cost of SP solution after second stage solver 0
Number of cycles 3
Time for each cycle 5.30227
15.9186s Cost of SP solution after tail step 0
SELECTED RESOURCES:
1 3 7 8 9 10 11 13 16 18 19 22 23 24 26 28 29 32 36 37 38 40 41 42 43 44 45 48 50 51 53 54 55 56 58 59 60 61 65 66 68 69 70 74 76 77 81 82 83 84 85 86 87 89 90 92 97 100 101 104 107 108 110 111 113 114 115 116 118 120 121 122 129 131 133 135 136 137 141 143 147 149 151 153 154 157 161 163 165 166 167 169 171 173 175 177 179 180 181 182 183 187 189 190 192 198 200 202 203 204 205 206 208 210 211 212 216 217 218 219 221 223 224 226 229 230 231 233 236 237 238 240 241 242 244 250 252 253 255 256 257 260 263 264 265 266 270 271 274 276 279 281 284 289 294 296 298 299 300 301 305 306 307 308 309 311 312 315 319 320 331 333 335 338 339 340 341 343 344 345 346 349 355 357 358 360 361 363 364 365 366 367 370 373 375 377 379 381 384 385 386 388 392 394 395 396 400 401 403 405 406 410 411 412 413 414 416 417 418 419 420 421 422 427 428 429 430 431 432 434 
SCENARIO'S RESOURCES:
S 0: 0 | 25 27 28 41 65 77 78 99 121 149 159 186 188 192 228 236 247 257 265 279 297 302 328 334 361 376 379 392 421 426 
S 1: 0 | 25 27 28 41 65 77 78 99 121 149 159 186 188 192 228 236 247 257 265 279 297 302 328 334 361 376 379 392 421 426 
S 2: 0 | 25 27 28 41 65 77 78 99 121 149 159 186 188 192 228 236 247 257 265 279 297 302 328 334 361 376 379 392 421 426 
S 3: 0 | 25 27 28 41 65 77 78 99 121 149 159 186 188 192 228 236 247 257 265 279 297 302 328 334 361 376 379 392 421 426 
S 4: 0 | 25 27 28 41 65 77 78 99 121 149 159 186 188 192 228 236 247 257 265 279 297 302 328 334 361 376 379 392 421 426 

Final time = 15.9312
Final solution cost = 0
