Reading instance small_stp_instances/bayg29_20_03.stp of type D
Finished instance reading
Number of vertices = 29
Number of edges (resources) = 406
Number of scenarios = 20
Average number of terminals per scenario = 29
Probabilities of Scenarios: (0) 0 | (1) 0.03 | (2) 0.03 | (3) 0 | (4) 0.09 | (5) 0.01 | (6) 0.02 | (7) 0.07 | (8) 0.02 | (9) 0.04 | (10) 0.03 | (11) 0.08 | (12) 0.01 | (13) 0.06 | (14) 0.1 | (15) 0.07 | (16) 0.05 | (17) 0.1 | (18) 0.1 | (19) 0.09 | 
Average weighted inflation = 0.148553
Largest inflation = 0.299625
MAX_ITERATIONS_SINCE_LAST_IMPROVEMENT 2
MAX_ITERATIONS_SINCE_BEST_SOLUTION 3
Creating solution instance.
Starting Evolutive Framework.
Local search solution cost = 1636
Local search time = 19.8211
19.8212 local search - EF main loop cycle 0 solution cost 1636
19.8258s Cost of SP solution after second stage solver 1636
Local search solution cost = 1636
Local search time = 2.68145
22.5072 local search - EF main loop cycle 1 solution cost 1636
22.5118s Cost of SP solution after second stage solver 1636
Local search solution cost = 1636
Local search time = 2.67776
25.1896 local search - EF main loop cycle 2 solution cost 1636
25.1942s Cost of SP solution after second stage solver 1636
Number of cycles 3
Time for each cycle 8.39808
25.1988s Cost of SP solution after tail step 1636
SELECTED RESOURCES:
32 39 60 63 94 117 133 149 150 163 172 180 191 192 220 226 237 238 253 265 282 294 304 332 340 351 356 380 403 
SCENARIO'S RESOURCES:
S 0: 0 | 32 39 60 63 94 117 133 149 150 163 172 180 191 192 220 226 237 238 253 265 282 294 304 332 340 351 356 380 403 
S 1: 0 | 32 39 60 63 94 117 133 149 150 163 172 180 191 192 220 226 237 238 253 265 282 294 304 332 340 351 356 380 403 
S 2: 0 | 32 39 60 63 94 117 133 149 150 163 172 180 191 192 220 226 237 238 253 265 282 294 304 332 340 351 356 380 403 
S 3: 0 | 32 39 60 63 94 117 133 149 150 163 172 180 191 192 220 226 237 238 253 265 282 294 304 332 340 351 356 380 403 
S 4: 0 | 32 39 60 63 94 117 133 149 150 163 172 180 191 192 220 226 237 238 253 265 282 294 304 332 340 351 356 380 403 
S 5: 0 | 32 39 60 63 94 117 133 149 150 163 172 180 191 192 220 226 237 238 253 265 282 294 304 332 340 351 356 380 403 
S 6: 0 | 32 39 60 63 94 117 133 149 150 163 172 180 191 192 220 226 237 238 253 265 282 294 304 332 340 351 356 380 403 
S 7: 0 | 32 39 60 63 94 117 133 149 150 163 172 180 191 192 220 226 237 238 253 265 282 294 304 332 340 351 356 380 403 
S 8: 0 | 32 39 60 63 94 117 133 149 150 163 172 180 191 192 220 226 237 238 253 265 282 294 304 332 340 351 356 380 403 
S 9: 0 | 32 39 60 63 94 117 133 149 150 163 172 180 191 192 220 226 237 238 253 265 282 294 304 332 340 351 356 380 403 
S 10: 0 | 32 39 60 63 94 117 133 149 150 163 172 180 191 192 220 226 237 238 253 265 282 294 304 332 340 351 356 380 403 
S 11: 0 | 32 39 60 63 94 117 133 149 150 163 172 180 191 192 220 226 237 238 253 265 282 294 304 332 340 351 356 380 403 
S 12: 0 | 32 39 60 63 94 117 133 149 150 163 172 180 191 192 220 226 237 238 253 265 282 294 304 332 340 351 356 380 403 
S 13: 0 | 32 39 60 63 94 117 133 149 150 163 172 180 191 192 220 226 237 238 253 265 282 294 304 332 340 351 356 380 403 
S 14: 0 | 32 39 60 63 94 117 133 149 150 163 172 180 191 192 220 226 237 238 253 265 282 294 304 332 340 351 356 380 403 
S 15: 0 | 32 39 60 63 94 117 133 149 150 163 172 180 191 192 220 226 237 238 253 265 282 294 304 332 340 351 356 380 403 
S 16: 0 | 32 39 60 63 94 117 133 149 150 163 172 180 191 192 220 226 237 238 253 265 282 294 304 332 340 351 356 380 403 
S 17: 0 | 32 39 60 63 94 117 133 149 150 163 172 180 191 192 220 226 237 238 253 265 282 294 304 332 340 351 356 380 403 
S 18: 0 | 32 39 60 63 94 117 133 149 150 163 172 180 191 192 220 226 237 238 253 265 282 294 304 332 340 351 356 380 403 
S 19: 0 | 32 39 60 63 94 117 133 149 150 163 172 180 191 192 220 226 237 238 253 265 282 294 304 332 340 351 356 380 403 
ALL EQUAL

Final time = 25.205
Final solution cost = 1636
