Reading instance small_stp_instances/bayg29_20_05.stp of type D
Finished instance reading
Number of vertices = 29
Number of edges (resources) = 406
Number of scenarios = 20
Average number of terminals per scenario = 29
Probabilities of Scenarios: (0) 0.01 | (1) 0.08 | (2) 0.02 | (3) 0.02 | (4) 0.05 | (5) 0.04 | (6) 0.06 | (7) 0.02 | (8) 0.07 | (9) 0.06 | (10) 0.06 | (11) 0.08 | (12) 0.04 | (13) 0.02 | (14) 0.02 | (15) 0.18 | (16) 0.03 | (17) 0.07 | (18) 0.01 | (19) 0.06 | 
Average weighted inflation = 0.24578
Largest inflation = 0.498489
MAX_ITERATIONS_SINCE_LAST_IMPROVEMENT 2
MAX_ITERATIONS_SINCE_BEST_SOLUTION 3
Creating solution instance.
Starting Evolutive Framework.
Local search solution cost = 1660
Local search time = 17.8906
17.8907 local search - EF main loop cycle 0 solution cost 1660
17.8953s Cost of SP solution after second stage solver 1660
Local search solution cost = 1660
Local search time = 2.68335
20.5787 local search - EF main loop cycle 1 solution cost 1660
20.5833s Cost of SP solution after second stage solver 1660
Local search solution cost = 1660
Local search time = 2.68338
23.2667 local search - EF main loop cycle 2 solution cost 1660
23.2713s Cost of SP solution after second stage solver 1660
Number of cycles 3
Time for each cycle 7.7571
23.2759s Cost of SP solution after tail step 1660
SELECTED RESOURCES:
2 14 32 39 60 94 117 133 149 150 163 172 180 190 202 220 226 237 238 260 282 294 308 340 348 351 362 380 403 
SCENARIO'S RESOURCES:
S 0: 0 | 2 14 32 39 60 94 117 133 149 150 163 172 180 190 202 220 226 237 238 260 282 294 308 340 348 351 362 380 403 
S 1: 0 | 2 14 32 39 60 94 117 133 149 150 163 172 180 190 202 220 226 237 238 260 282 294 308 340 348 351 362 380 403 
S 2: 0 | 2 14 32 39 60 94 117 133 149 150 163 172 180 190 202 220 226 237 238 260 282 294 308 340 348 351 362 380 403 
S 3: 0 | 2 14 32 39 60 94 117 133 149 150 163 172 180 190 202 220 226 237 238 260 282 294 308 340 348 351 362 380 403 
S 4: 0 | 2 14 32 39 60 94 117 133 149 150 163 172 180 190 202 220 226 237 238 260 282 294 308 340 348 351 362 380 403 
S 5: 0 | 2 14 32 39 60 94 117 133 149 150 163 172 180 190 202 220 226 237 238 260 282 294 308 340 348 351 362 380 403 
S 6: 0 | 2 14 32 39 60 94 117 133 149 150 163 172 180 190 202 220 226 237 238 260 282 294 308 340 348 351 362 380 403 
S 7: 0 | 2 14 32 39 60 94 117 133 149 150 163 172 180 190 202 220 226 237 238 260 282 294 308 340 348 351 362 380 403 
S 8: 0 | 2 14 32 39 60 94 117 133 149 150 163 172 180 190 202 220 226 237 238 260 282 294 308 340 348 351 362 380 403 
S 9: 0 | 2 14 32 39 60 94 117 133 149 150 163 172 180 190 202 220 226 237 238 260 282 294 308 340 348 351 362 380 403 
S 10: 0 | 2 14 32 39 60 94 117 133 149 150 163 172 180 190 202 220 226 237 238 260 282 294 308 340 348 351 362 380 403 
S 11: 0 | 2 14 32 39 60 94 117 133 149 150 163 172 180 190 202 220 226 237 238 260 282 294 308 340 348 351 362 380 403 
S 12: 0 | 2 14 32 39 60 94 117 133 149 150 163 172 180 190 202 220 226 237 238 260 282 294 308 340 348 351 362 380 403 
S 13: 0 | 2 14 32 39 60 94 117 133 149 150 163 172 180 190 202 220 226 237 238 260 282 294 308 340 348 351 362 380 403 
S 14: 0 | 2 14 32 39 60 94 117 133 149 150 163 172 180 190 202 220 226 237 238 260 282 294 308 340 348 351 362 380 403 
S 15: 0 | 2 14 32 39 60 94 117 133 149 150 163 172 180 190 202 220 226 237 238 260 282 294 308 340 348 351 362 380 403 
S 16: 0 | 2 14 32 39 60 94 117 133 149 150 163 172 180 190 202 220 226 237 238 260 282 294 308 340 348 351 362 380 403 
S 17: 0 | 2 14 32 39 60 94 117 133 149 150 163 172 180 190 202 220 226 237 238 260 282 294 308 340 348 351 362 380 403 
S 18: 0 | 2 14 32 39 60 94 117 133 149 150 163 172 180 190 202 220 226 237 238 260 282 294 308 340 348 351 362 380 403 
S 19: 0 | 2 14 32 39 60 94 117 133 149 150 163 172 180 190 202 220 226 237 238 260 282 294 308 340 348 351 362 380 403 
ALL EQUAL

Final time = 23.2821
Final solution cost = 1660
