Reading instance small_stp_instances/bayg29_20_10.stp of type D
Finished instance reading
Number of vertices = 29
Number of edges (resources) = 406
Number of scenarios = 20
Average number of terminals per scenario = 29
Probabilities of Scenarios: (0) 0.14 | (1) 0.07 | (2) 0.09 | (3) 0.08 | (4) 0.05 | (5) 0.05 | (6) 0.05 | (7) 0.06 | (8) 0 | (9) 0.08 | (10) 0.06 | (11) 0.03 | (12) 0.08 | (13) 0.01 | (14) 0.03 | (15) 0.01 | (16) 0.04 | (17) 0.02 | (18) 0.01 | (19) 0.04 | 
Average weighted inflation = 0.494427
Largest inflation = 0.997101
MAX_ITERATIONS_SINCE_LAST_IMPROVEMENT 2
MAX_ITERATIONS_SINCE_BEST_SOLUTION 3
Creating solution instance.
Starting Evolutive Framework.
Local search solution cost = 1735
Local search time = 19.814
19.8141 local search - EF main loop cycle 0 solution cost 1735
19.8187s Cost of SP solution after second stage solver 1735
Local search solution cost = 1735
Local search time = 2.67575
22.4945 local search - EF main loop cycle 1 solution cost 1735
22.4991s Cost of SP solution after second stage solver 1735
Local search solution cost = 1735
Local search time = 2.67771
25.1768 local search - EF main loop cycle 2 solution cost 1735
25.1814s Cost of SP solution after second stage solver 1735
Number of cycles 3
Time for each cycle 8.39381
25.186s Cost of SP solution after tail step 1735
SELECTED RESOURCES:
2 14 21 32 39 60 94 101 117 133 149 170 180 183 190 191 220 226 237 238 282 294 308 340 348 362 374 380 403 
SCENARIO'S RESOURCES:
S 0: 0 | 2 14 21 32 39 60 94 101 117 133 149 170 180 183 190 191 220 226 237 238 282 294 308 340 348 362 374 380 403 
S 1: 0 | 2 14 21 32 39 60 94 101 117 133 149 170 180 183 190 191 220 226 237 238 282 294 308 340 348 362 374 380 403 
S 2: 0 | 2 14 21 32 39 60 94 101 117 133 149 170 180 183 190 191 220 226 237 238 282 294 308 340 348 362 374 380 403 
S 3: 0 | 2 14 21 32 39 60 94 101 117 133 149 170 180 183 190 191 220 226 237 238 282 294 308 340 348 362 374 380 403 
S 4: 0 | 2 14 21 32 39 60 94 101 117 133 149 170 180 183 190 191 220 226 237 238 282 294 308 340 348 362 374 380 403 
S 5: 0 | 2 14 21 32 39 60 94 101 117 133 149 170 180 183 190 191 220 226 237 238 282 294 308 340 348 362 374 380 403 
S 6: 0 | 2 14 21 32 39 60 94 101 117 133 149 170 180 183 190 191 220 226 237 238 282 294 308 340 348 362 374 380 403 
S 7: 0 | 2 14 21 32 39 60 94 101 117 133 149 170 180 183 190 191 220 226 237 238 282 294 308 340 348 362 374 380 403 
S 8: 0 | 2 14 21 32 39 60 94 101 117 133 149 170 180 183 190 191 220 226 237 238 282 294 308 340 348 362 374 380 403 
S 9: 0 | 2 14 21 32 39 60 94 101 117 133 149 170 180 183 190 191 220 226 237 238 282 294 308 340 348 362 374 380 403 
S 10: 0 | 2 14 21 32 39 60 94 101 117 133 149 170 180 183 190 191 220 226 237 238 282 294 308 340 348 362 374 380 403 
S 11: 0 | 2 14 21 32 39 60 94 101 117 133 149 170 180 183 190 191 220 226 237 238 282 294 308 340 348 362 374 380 403 
S 12: 0 | 2 14 21 32 39 60 94 101 117 133 149 170 180 183 190 191 220 226 237 238 282 294 308 340 348 362 374 380 403 
S 13: 0 | 2 14 21 32 39 60 94 101 117 133 149 170 180 183 190 191 220 226 237 238 282 294 308 340 348 362 374 380 403 
S 14: 0 | 2 14 21 32 39 60 94 101 117 133 149 170 180 183 190 191 220 226 237 238 282 294 308 340 348 362 374 380 403 
S 15: 0 | 2 14 21 32 39 60 94 101 117 133 149 170 180 183 190 191 220 226 237 238 282 294 308 340 348 362 374 380 403 
S 16: 0 | 2 14 21 32 39 60 94 101 117 133 149 170 180 183 190 191 220 226 237 238 282 294 308 340 348 362 374 380 403 
S 17: 0 | 2 14 21 32 39 60 94 101 117 133 149 170 180 183 190 191 220 226 237 238 282 294 308 340 348 362 374 380 403 
S 18: 0 | 2 14 21 32 39 60 94 101 117 133 149 170 180 183 190 191 220 226 237 238 282 294 308 340 348 362 374 380 403 
S 19: 0 | 2 14 21 32 39 60 94 101 117 133 149 170 180 183 190 191 220 226 237 238 282 294 308 340 348 362 374 380 403 
ALL EQUAL

Final time = 25.1922
Final solution cost = 1735
