Reading instance small_stp_instances/bays29_20_03.stp of type D
Finished instance reading
Number of vertices = 29
Number of edges (resources) = 406
Number of scenarios = 20
Average number of terminals per scenario = 29
Probabilities of Scenarios: (0) 0.04 | (1) 0.09 | (2) 0.06 | (3) 0.08 | (4) 0.03 | (5) 0.01 | (6) 0.02 | (7) 0.02 | (8) 0.09 | (9) 0.06 | (10) 0.08 | (11) 0.02 | (12) 0.03 | (13) 0.02 | (14) 0.01 | (15) 0.03 | (16) 0.01 | (17) 0.17 | (18) 0.05 | (19) 0.08 | 
Average weighted inflation = 0.147865
Largest inflation = 0.29927
MAX_ITERATIONS_SINCE_LAST_IMPROVEMENT 2
MAX_ITERATIONS_SINCE_BEST_SOLUTION 3
Creating solution instance.
Starting Evolutive Framework.
Local search solution cost = 2036
Local search time = 18.3327
18.3327 local search - EF main loop cycle 0 solution cost 2036
18.3373s Cost of SP solution after second stage solver 2036
Local search solution cost = 2036
Local search time = 2.67372
21.0111 local search - EF main loop cycle 1 solution cost 2036
21.0156s Cost of SP solution after second stage solver 2036
Local search solution cost = 2036
Local search time = 2.6741
23.6898 local search - EF main loop cycle 2 solution cost 2036
23.6944s Cost of SP solution after second stage solver 2036
Number of cycles 3
Time for each cycle 7.89812
23.6989s Cost of SP solution after tail step 2036
SELECTED RESOURCES:
2 21 32 39 60 63 94 117 133 150 152 163 180 191 209 220 223 237 246 265 282 294 304 332 348 351 356 380 403 
SCENARIO'S RESOURCES:
S 0: 0 | 2 21 32 39 60 63 94 117 133 150 152 163 180 191 209 220 223 237 246 265 282 294 304 332 348 351 356 380 403 
S 1: 0 | 2 21 32 39 60 63 94 117 133 150 152 163 180 191 209 220 223 237 246 265 282 294 304 332 348 351 356 380 403 
S 2: 0 | 2 21 32 39 60 63 94 117 133 150 152 163 180 191 209 220 223 237 246 265 282 294 304 332 348 351 356 380 403 
S 3: 0 | 2 21 32 39 60 63 94 117 133 150 152 163 180 191 209 220 223 237 246 265 282 294 304 332 348 351 356 380 403 
S 4: 0 | 2 21 32 39 60 63 94 117 133 150 152 163 180 191 209 220 223 237 246 265 282 294 304 332 348 351 356 380 403 
S 5: 0 | 2 21 32 39 60 63 94 117 133 150 152 163 180 191 209 220 223 237 246 265 282 294 304 332 348 351 356 380 403 
S 6: 0 | 2 21 32 39 60 63 94 117 133 150 152 163 180 191 209 220 223 237 246 265 282 294 304 332 348 351 356 380 403 
S 7: 0 | 2 21 32 39 60 63 94 117 133 150 152 163 180 191 209 220 223 237 246 265 282 294 304 332 348 351 356 380 403 
S 8: 0 | 2 21 32 39 60 63 94 117 133 150 152 163 180 191 209 220 223 237 246 265 282 294 304 332 348 351 356 380 403 
S 9: 0 | 2 21 32 39 60 63 94 117 133 150 152 163 180 191 209 220 223 237 246 265 282 294 304 332 348 351 356 380 403 
S 10: 0 | 2 21 32 39 60 63 94 117 133 150 152 163 180 191 209 220 223 237 246 265 282 294 304 332 348 351 356 380 403 
S 11: 0 | 2 21 32 39 60 63 94 117 133 150 152 163 180 191 209 220 223 237 246 265 282 294 304 332 348 351 356 380 403 
S 12: 0 | 2 21 32 39 60 63 94 117 133 150 152 163 180 191 209 220 223 237 246 265 282 294 304 332 348 351 356 380 403 
S 13: 0 | 2 21 32 39 60 63 94 117 133 150 152 163 180 191 209 220 223 237 246 265 282 294 304 332 348 351 356 380 403 
S 14: 0 | 2 21 32 39 60 63 94 117 133 150 152 163 180 191 209 220 223 237 246 265 282 294 304 332 348 351 356 380 403 
S 15: 0 | 2 21 32 39 60 63 94 117 133 150 152 163 180 191 209 220 223 237 246 265 282 294 304 332 348 351 356 380 403 
S 16: 0 | 2 21 32 39 60 63 94 117 133 150 152 163 180 191 209 220 223 237 246 265 282 294 304 332 348 351 356 380 403 
S 17: 0 | 2 21 32 39 60 63 94 117 133 150 152 163 180 191 209 220 223 237 246 265 282 294 304 332 348 351 356 380 403 
S 18: 0 | 2 21 32 39 60 63 94 117 133 150 152 163 180 191 209 220 223 237 246 265 282 294 304 332 348 351 356 380 403 
S 19: 0 | 2 21 32 39 60 63 94 117 133 150 152 163 180 191 209 220 223 237 246 265 282 294 304 332 348 351 356 380 403 
ALL EQUAL

Final time = 23.7052
Final solution cost = 2036
