Reading instance small_stp_instances/bays29_20_10.stp of type D
Finished instance reading
Number of vertices = 29
Number of edges (resources) = 406
Number of scenarios = 20
Average number of terminals per scenario = 29
Probabilities of Scenarios: (0) 0.08 | (1) 0.03 | (2) 0.17 | (3) 0 | (4) 0.06 | (5) 0.05 | (6) 0.02 | (7) 0.08 | (8) 0.05 | (9) 0.04 | (10) 0.03 | (11) 0.04 | (12) 0.01 | (13) 0.02 | (14) 0.07 | (15) 0.08 | (16) 0.03 | (17) 0.01 | (18) 0.07 | (19) 0.06 | 
Average weighted inflation = 0.498791
Largest inflation = 0.997664
MAX_ITERATIONS_SINCE_LAST_IMPROVEMENT 2
MAX_ITERATIONS_SINCE_BEST_SOLUTION 3
Creating solution instance.
Starting Evolutive Framework.
Local search solution cost = 2131
Local search time = 17.7037
17.7037 local search - EF main loop cycle 0 solution cost 2131
17.7084s Cost of SP solution after second stage solver 2131
Local search solution cost = 2131
Local search time = 2.68218
20.3906 local search - EF main loop cycle 1 solution cost 2131
20.3952s Cost of SP solution after second stage solver 2131
Local search solution cost = 2131
Local search time = 2.68246
23.0776 local search - EF main loop cycle 2 solution cost 2131
23.0822s Cost of SP solution after second stage solver 2131
Number of cycles 3
Time for each cycle 7.69408
23.0868s Cost of SP solution after tail step 2131
SELECTED RESOURCES:
2 14 21 32 39 51 60 88 94 117 150 152 165 180 191 209 223 226 238 268 282 294 308 347 348 351 362 380 403 
SCENARIO'S RESOURCES:
S 0: 0 | 2 14 21 32 39 51 60 88 94 117 150 152 165 180 191 209 223 226 238 268 282 294 308 347 348 351 362 380 403 
S 1: 0 | 2 14 21 32 39 51 60 88 94 117 150 152 165 180 191 209 223 226 238 268 282 294 308 347 348 351 362 380 403 
S 2: 0 | 2 14 21 32 39 51 60 88 94 117 150 152 165 180 191 209 223 226 238 268 282 294 308 347 348 351 362 380 403 
S 3: 0 | 2 14 21 32 39 51 60 88 94 117 150 152 165 180 191 209 223 226 238 268 282 294 308 347 348 351 362 380 403 
S 4: 0 | 2 14 21 32 39 51 60 88 94 117 150 152 165 180 191 209 223 226 238 268 282 294 308 347 348 351 362 380 403 
S 5: 0 | 2 14 21 32 39 51 60 88 94 117 150 152 165 180 191 209 223 226 238 268 282 294 308 347 348 351 362 380 403 
S 6: 0 | 2 14 21 32 39 51 60 88 94 117 150 152 165 180 191 209 223 226 238 268 282 294 308 347 348 351 362 380 403 
S 7: 0 | 2 14 21 32 39 51 60 88 94 117 150 152 165 180 191 209 223 226 238 268 282 294 308 347 348 351 362 380 403 
S 8: 0 | 2 14 21 32 39 51 60 88 94 117 150 152 165 180 191 209 223 226 238 268 282 294 308 347 348 351 362 380 403 
S 9: 0 | 2 14 21 32 39 51 60 88 94 117 150 152 165 180 191 209 223 226 238 268 282 294 308 347 348 351 362 380 403 
S 10: 0 | 2 14 21 32 39 51 60 88 94 117 150 152 165 180 191 209 223 226 238 268 282 294 308 347 348 351 362 380 403 
S 11: 0 | 2 14 21 32 39 51 60 88 94 117 150 152 165 180 191 209 223 226 238 268 282 294 308 347 348 351 362 380 403 
S 12: 0 | 2 14 21 32 39 51 60 88 94 117 150 152 165 180 191 209 223 226 238 268 282 294 308 347 348 351 362 380 403 
S 13: 0 | 2 14 21 32 39 51 60 88 94 117 150 152 165 180 191 209 223 226 238 268 282 294 308 347 348 351 362 380 403 
S 14: 0 | 2 14 21 32 39 51 60 88 94 117 150 152 165 180 191 209 223 226 238 268 282 294 308 347 348 351 362 380 403 
S 15: 0 | 2 14 21 32 39 51 60 88 94 117 150 152 165 180 191 209 223 226 238 268 282 294 308 347 348 351 362 380 403 
S 16: 0 | 2 14 21 32 39 51 60 88 94 117 150 152 165 180 191 209 223 226 238 268 282 294 308 347 348 351 362 380 403 
S 17: 0 | 2 14 21 32 39 51 60 88 94 117 150 152 165 180 191 209 223 226 238 268 282 294 308 347 348 351 362 380 403 
S 18: 0 | 2 14 21 32 39 51 60 88 94 117 150 152 165 180 191 209 223 226 238 268 282 294 308 347 348 351 362 380 403 
S 19: 0 | 2 14 21 32 39 51 60 88 94 117 150 152 165 180 191 209 223 226 238 268 282 294 308 347 348 351 362 380 403 
ALL EQUAL

Final time = 23.0931
Final solution cost = 2131
