Reading instance small_stp_instances/bays29_20_05.stp of type D
Finished instance reading
Number of vertices = 29
Number of edges (resources) = 406
Number of scenarios = 20
Average number of terminals per scenario = 29
Probabilities of Scenarios: (0) 0.04 | (1) 0.05 | (2) 0.09 | (3) 0 | (4) 0.12 | (5) 0.04 | (6) 0.05 | (7) 0.07 | (8) 0.03 | (9) 0.04 | (10) 0.11 | (11) 0.11 | (12) 0.05 | (13) 0.01 | (14) 0 | (15) 0.01 | (16) 0.03 | (17) 0.02 | (18) 0.04 | (19) 0.09 | 
Average weighted inflation = 0.250862
Largest inflation = 0.498681
MAX_ITERATIONS_SINCE_LAST_IMPROVEMENT 2
MAX_ITERATIONS_SINCE_BEST_SOLUTION 3
Creating solution instance.
Starting Evolutive Framework.
Local search solution cost = 2036
Local search time = 17.8016
17.8016 local search - EF main loop cycle 0 solution cost 2036
17.8062s Cost of SP solution after second stage solver 2036
Local search solution cost = 2036
Local search time = 2.67977
20.486 local search - EF main loop cycle 1 solution cost 2036
20.4906s Cost of SP solution after second stage solver 2036
Local search solution cost = 2036
Local search time = 2.68012
23.1708 local search - EF main loop cycle 2 solution cost 2036
23.1754s Cost of SP solution after second stage solver 2036
Number of cycles 3
Time for each cycle 7.72512
23.1799s Cost of SP solution after tail step 2036
SELECTED RESOURCES:
2 21 32 39 60 63 94 117 133 150 152 163 180 191 209 220 223 237 246 265 282 294 304 332 348 351 356 380 403 
SCENARIO'S RESOURCES:
S 0: 0 | 2 21 32 39 60 63 94 117 133 150 152 163 180 191 209 220 223 237 246 265 282 294 304 332 348 351 356 380 403 
S 1: 0 | 2 21 32 39 60 63 94 117 133 150 152 163 180 191 209 220 223 237 246 265 282 294 304 332 348 351 356 380 403 
S 2: 0 | 2 21 32 39 60 63 94 117 133 150 152 163 180 191 209 220 223 237 246 265 282 294 304 332 348 351 356 380 403 
S 3: 0 | 2 21 32 39 60 63 94 117 133 150 152 163 180 191 209 220 223 237 246 265 282 294 304 332 348 351 356 380 403 
S 4: 0 | 2 21 32 39 60 63 94 117 133 150 152 163 180 191 209 220 223 237 246 265 282 294 304 332 348 351 356 380 403 
S 5: 0 | 2 21 32 39 60 63 94 117 133 150 152 163 180 191 209 220 223 237 246 265 282 294 304 332 348 351 356 380 403 
S 6: 0 | 2 21 32 39 60 63 94 117 133 150 152 163 180 191 209 220 223 237 246 265 282 294 304 332 348 351 356 380 403 
S 7: 0 | 2 21 32 39 60 63 94 117 133 150 152 163 180 191 209 220 223 237 246 265 282 294 304 332 348 351 356 380 403 
S 8: 0 | 2 21 32 39 60 63 94 117 133 150 152 163 180 191 209 220 223 237 246 265 282 294 304 332 348 351 356 380 403 
S 9: 0 | 2 21 32 39 60 63 94 117 133 150 152 163 180 191 209 220 223 237 246 265 282 294 304 332 348 351 356 380 403 
S 10: 0 | 2 21 32 39 60 63 94 117 133 150 152 163 180 191 209 220 223 237 246 265 282 294 304 332 348 351 356 380 403 
S 11: 0 | 2 21 32 39 60 63 94 117 133 150 152 163 180 191 209 220 223 237 246 265 282 294 304 332 348 351 356 380 403 
S 12: 0 | 2 21 32 39 60 63 94 117 133 150 152 163 180 191 209 220 223 237 246 265 282 294 304 332 348 351 356 380 403 
S 13: 0 | 2 21 32 39 60 63 94 117 133 150 152 163 180 191 209 220 223 237 246 265 282 294 304 332 348 351 356 380 403 
S 14: 0 | 2 21 32 39 60 63 94 117 133 150 152 163 180 191 209 220 223 237 246 265 282 294 304 332 348 351 356 380 403 
S 15: 0 | 2 21 32 39 60 63 94 117 133 150 152 163 180 191 209 220 223 237 246 265 282 294 304 332 348 351 356 380 403 
S 16: 0 | 2 21 32 39 60 63 94 117 133 150 152 163 180 191 209 220 223 237 246 265 282 294 304 332 348 351 356 380 403 
S 17: 0 | 2 21 32 39 60 63 94 117 133 150 152 163 180 191 209 220 223 237 246 265 282 294 304 332 348 351 356 380 403 
S 18: 0 | 2 21 32 39 60 63 94 117 133 150 152 163 180 191 209 220 223 237 246 265 282 294 304 332 348 351 356 380 403 
S 19: 0 | 2 21 32 39 60 63 94 117 133 150 152 163 180 191 209 220 223 237 246 265 282 294 304 332 348 351 356 380 403 
ALL EQUAL

Final time = 23.1862
Final solution cost = 2036
