Reading instance small_stp_instances/bays29_10_05.stp of type D
Finished instance reading
Number of vertices = 29
Number of edges (resources) = 406
Number of scenarios = 10
Average number of terminals per scenario = 29
Probabilities of Scenarios: (0) 0.13 | (1) 0.11 | (2) 0.09 | (3) 0.05 | (4) 0 | (5) 0.1 | (6) 0.09 | (7) 0.09 | (8) 0.17 | (9) 0.17 | 
Average weighted inflation = 0.244203
Largest inflation = 0.498584
MAX_ITERATIONS_SINCE_LAST_IMPROVEMENT 2
MAX_ITERATIONS_SINCE_BEST_SOLUTION 3
Creating solution instance.
Starting Evolutive Framework.
Local search solution cost = 2073
Local search time = 8.70908
8.70912 local search - EF main loop cycle 0 solution cost 2073
8.71143s Cost of SP solution after second stage solver 2073
Local search solution cost = 2073
Local search time = 1.34562
10.0571 local search - EF main loop cycle 1 solution cost 2073
10.0594s Cost of SP solution after second stage solver 2073
Local search solution cost = 2073
Local search time = 1.34357
11.403 local search - EF main loop cycle 2 solution cost 2073
11.4053s Cost of SP solution after second stage solver 2073
Number of cycles 3
Time for each cycle 3.80176
11.4076s Cost of SP solution after tail step 2073
SELECTED RESOURCES:
2 21 32 39 60 63 94 117 133 149 150 159 165 180 191 209 220 226 238 268 282 286 304 347 348 351 356 380 403 
SCENARIO'S RESOURCES:
S 0: 0 | 2 21 32 39 60 63 94 117 133 149 150 159 165 180 191 209 220 226 238 268 282 286 304 347 348 351 356 380 403 
S 1: 0 | 2 21 32 39 60 63 94 117 133 149 150 159 165 180 191 209 220 226 238 268 282 286 304 347 348 351 356 380 403 
S 2: 0 | 2 21 32 39 60 63 94 117 133 149 150 159 165 180 191 209 220 226 238 268 282 286 304 347 348 351 356 380 403 
S 3: 0 | 2 21 32 39 60 63 94 117 133 149 150 159 165 180 191 209 220 226 238 268 282 286 304 347 348 351 356 380 403 
S 4: 0 | 2 21 32 39 60 63 94 117 133 149 150 159 165 180 191 209 220 226 238 268 282 286 304 347 348 351 356 380 403 
S 5: 0 | 2 21 32 39 60 63 94 117 133 149 150 159 165 180 191 209 220 226 238 268 282 286 304 347 348 351 356 380 403 
S 6: 0 | 2 21 32 39 60 63 94 117 133 149 150 159 165 180 191 209 220 226 238 268 282 286 304 347 348 351 356 380 403 
S 7: 0 | 2 21 32 39 60 63 94 117 133 149 150 159 165 180 191 209 220 226 238 268 282 286 304 347 348 351 356 380 403 
S 8: 0 | 2 21 32 39 60 63 94 117 133 149 150 159 165 180 191 209 220 226 238 268 282 286 304 347 348 351 356 380 403 
S 9: 0 | 2 21 32 39 60 63 94 117 133 149 150 159 165 180 191 209 220 226 238 268 282 286 304 347 348 351 356 380 403 
ALL EQUAL

Final time = 11.4108
Final solution cost = 2073
