Reading instance small_stp_instances/berlin52_10_05.stp of type D
Finished instance reading
Number of vertices = 52
Number of edges (resources) = 1326
Number of scenarios = 10
Average number of terminals per scenario = 52
Probabilities of Scenarios: (0) 0.03 | (1) 0.04 | (2) 0.14 | (3) 0.17 | (4) 0.14 | (5) 0.11 | (6) 0.13 | (7) 0.02 | (8) 0.17 | (9) 0.05 | 
Average weighted inflation = 0.24778
Largest inflation = 0.49932
MAX_ITERATIONS_SINCE_LAST_IMPROVEMENT 2
MAX_ITERATIONS_SINCE_BEST_SOLUTION 3
Creating solution instance.
Starting Evolutive Framework.
Local search solution cost = 7634
Local search time = 106.258
106.258 local search - EF main loop cycle 0 solution cost 7634
106.262s Cost of SP solution after second stage solver 7634
Local search solution cost = 7634
Local search time = 10.7145
116.977 local search - EF main loop cycle 1 solution cost 7634
116.981s Cost of SP solution after second stage solver 7634
Local search solution cost = 7634
Local search time = 10.7151
127.696 local search - EF main loop cycle 2 solution cost 7634
127.7s Cost of SP solution after second stage solver 7634
Number of cycles 3
Time for each cycle 42.5666
127.704s Cost of SP solution after tail step 7634
SELECTED RESOURCES:
13 16 35 44 90 95 96 122 126 138 210 250 251 257 279 287 350 362 377 393 426 452 456 594 629 702 738 777 779 787 798 821 849 870 893 936 964 977 1005 1033 1047 1060 1104 1118 1128 1159 1195 1204 1235 1257 1285 1288 
SCENARIO'S RESOURCES:
S 0: 0 | 13 16 35 44 90 95 96 122 126 138 210 250 251 257 279 287 350 362 377 393 426 452 456 594 629 702 738 777 779 787 798 821 849 870 893 936 964 977 1005 1033 1047 1060 1104 1118 1128 1159 1195 1204 1235 1257 1285 1288 
S 1: 0 | 13 16 35 44 90 95 96 122 126 138 210 250 251 257 279 287 350 362 377 393 426 452 456 594 629 702 738 777 779 787 798 821 849 870 893 936 964 977 1005 1033 1047 1060 1104 1118 1128 1159 1195 1204 1235 1257 1285 1288 
S 2: 0 | 13 16 35 44 90 95 96 122 126 138 210 250 251 257 279 287 350 362 377 393 426 452 456 594 629 702 738 777 779 787 798 821 849 870 893 936 964 977 1005 1033 1047 1060 1104 1118 1128 1159 1195 1204 1235 1257 1285 1288 
S 3: 0 | 13 16 35 44 90 95 96 122 126 138 210 250 251 257 279 287 350 362 377 393 426 452 456 594 629 702 738 777 779 787 798 821 849 870 893 936 964 977 1005 1033 1047 1060 1104 1118 1128 1159 1195 1204 1235 1257 1285 1288 
S 4: 0 | 13 16 35 44 90 95 96 122 126 138 210 250 251 257 279 287 350 362 377 393 426 452 456 594 629 702 738 777 779 787 798 821 849 870 893 936 964 977 1005 1033 1047 1060 1104 1118 1128 1159 1195 1204 1235 1257 1285 1288 
S 5: 0 | 13 16 35 44 90 95 96 122 126 138 210 250 251 257 279 287 350 362 377 393 426 452 456 594 629 702 738 777 779 787 798 821 849 870 893 936 964 977 1005 1033 1047 1060 1104 1118 1128 1159 1195 1204 1235 1257 1285 1288 
S 6: 0 | 13 16 35 44 90 95 96 122 126 138 210 250 251 257 279 287 350 362 377 393 426 452 456 594 629 702 738 777 779 787 798 821 849 870 893 936 964 977 1005 1033 1047 1060 1104 1118 1128 1159 1195 1204 1235 1257 1285 1288 
S 7: 0 | 13 16 35 44 90 95 96 122 126 138 210 250 251 257 279 287 350 362 377 393 426 452 456 594 629 702 738 777 779 787 798 821 849 870 893 936 964 977 1005 1033 1047 1060 1104 1118 1128 1159 1195 1204 1235 1257 1285 1288 
S 8: 0 | 13 16 35 44 90 95 96 122 126 138 210 250 251 257 279 287 350 362 377 393 426 452 456 594 629 702 738 777 779 787 798 821 849 870 893 936 964 977 1005 1033 1047 1060 1104 1118 1128 1159 1195 1204 1235 1257 1285 1288 
S 9: 0 | 13 16 35 44 90 95 96 122 126 138 210 250 251 257 279 287 350 362 377 393 426 452 456 594 629 702 738 777 779 787 798 821 849 870 893 936 964 977 1005 1033 1047 1060 1104 1118 1128 1159 1195 1204 1235 1257 1285 1288 
ALL EQUAL

Final time = 127.71
Final solution cost = 7634
