Reading instance small_stp_instances/berlin52_5_03.stp of type D
Finished instance reading
Number of vertices = 52
Number of edges (resources) = 1326
Number of scenarios = 5
Average number of terminals per scenario = 52
Probabilities of Scenarios: (0) 0.22 | (1) 0.2 | (2) 0.14 | (3) 0.07 | (4) 0.37 | 
Average weighted inflation = 0.14926
Largest inflation = 0.299603
MAX_ITERATIONS_SINCE_LAST_IMPROVEMENT 2
MAX_ITERATIONS_SINCE_BEST_SOLUTION 3
Creating solution instance.
Starting Evolutive Framework.
Local search solution cost = 7554
Local search time = 47.4485
47.4486 local search - EF main loop cycle 0 solution cost 7554
47.4506s Cost of SP solution after second stage solver 7554
Local search solution cost = 7554
Local search time = 5.3542
52.8048 local search - EF main loop cycle 1 solution cost 7554
52.8067s Cost of SP solution after second stage solver 7554
Local search solution cost = 7554
Local search time = 5.36191
58.1687 local search - EF main loop cycle 2 solution cost 7554
58.1706s Cost of SP solution after second stage solver 7554
Number of cycles 3
Time for each cycle 19.3902
58.1726s Cost of SP solution after tail step 7554
SELECTED RESOURCES:
13 16 35 44 90 95 96 122 138 191 206 210 250 257 279 287 350 362 377 393 428 452 456 594 629 702 738 777 779 787 798 826 849 870 893 936 964 977 1005 1033 1047 1060 1104 1118 1128 1159 1195 1204 1235 1257 1285 1288 
SCENARIO'S RESOURCES:
S 0: 0 | 13 16 35 44 90 95 96 122 138 191 206 210 250 257 279 287 350 362 377 393 428 452 456 594 629 702 738 777 779 787 798 826 849 870 893 936 964 977 1005 1033 1047 1060 1104 1118 1128 1159 1195 1204 1235 1257 1285 1288 
S 1: 0 | 13 16 35 44 90 95 96 122 138 191 206 210 250 257 279 287 350 362 377 393 428 452 456 594 629 702 738 777 779 787 798 826 849 870 893 936 964 977 1005 1033 1047 1060 1104 1118 1128 1159 1195 1204 1235 1257 1285 1288 
S 2: 0 | 13 16 35 44 90 95 96 122 138 191 206 210 250 257 279 287 350 362 377 393 428 452 456 594 629 702 738 777 779 787 798 826 849 870 893 936 964 977 1005 1033 1047 1060 1104 1118 1128 1159 1195 1204 1235 1257 1285 1288 
S 3: 0 | 13 16 35 44 90 95 96 122 138 191 206 210 250 257 279 287 350 362 377 393 428 452 456 594 629 702 738 777 779 787 798 826 849 870 893 936 964 977 1005 1033 1047 1060 1104 1118 1128 1159 1195 1204 1235 1257 1285 1288 
S 4: 0 | 13 16 35 44 90 95 96 122 138 191 206 210 250 257 279 287 350 362 377 393 428 452 456 594 629 702 738 777 779 787 798 826 849 870 893 936 964 977 1005 1033 1047 1060 1104 1118 1128 1159 1195 1204 1235 1257 1285 1288 
ALL EQUAL

Final time = 58.1762
Final solution cost = 7554
