Reading instance small_stp_instances/berlin52_10_03.stp of type D
Finished instance reading
Number of vertices = 52
Number of edges (resources) = 1326
Number of scenarios = 10
Average number of terminals per scenario = 52
Probabilities of Scenarios: (0) 0.22 | (1) 0.06 | (2) 0.14 | (3) 0.1 | (4) 0.16 | (5) 0.09 | (6) 0.08 | (7) 0 | (8) 0.02 | (9) 0.13 | 
Average weighted inflation = 0.145848
Largest inflation = 0.299904
MAX_ITERATIONS_SINCE_LAST_IMPROVEMENT 2
MAX_ITERATIONS_SINCE_BEST_SOLUTION 3
Creating solution instance.
Starting Evolutive Framework.
Local search solution cost = 7526
Local search time = 92.0609
92.061 local search - EF main loop cycle 0 solution cost 7526
92.0648s Cost of SP solution after second stage solver 7526
Local search solution cost = 7526
Local search time = 10.6982
102.763 local search - EF main loop cycle 1 solution cost 7526
102.767s Cost of SP solution after second stage solver 7526
Local search solution cost = 7526
Local search time = 10.7036
113.47 local search - EF main loop cycle 2 solution cost 7526
113.474s Cost of SP solution after second stage solver 7526
Number of cycles 3
Time for each cycle 37.8248
113.478s Cost of SP solution after tail step 7526
SELECTED RESOURCES:
13 16 35 44 90 95 96 122 138 206 210 250 257 279 287 350 362 377 393 407 428 452 456 594 629 702 738 777 779 787 798 826 840 870 893 936 964 977 1005 1033 1047 1060 1104 1118 1128 1159 1195 1204 1235 1257 1285 1288 
SCENARIO'S RESOURCES:
S 0: 0 | 13 16 35 44 90 95 96 122 138 206 210 250 257 279 287 350 362 377 393 407 428 452 456 594 629 702 738 777 779 787 798 826 840 870 893 936 964 977 1005 1033 1047 1060 1104 1118 1128 1159 1195 1204 1235 1257 1285 1288 
S 1: 0 | 13 16 35 44 90 95 96 122 138 206 210 250 257 279 287 350 362 377 393 407 428 452 456 594 629 702 738 777 779 787 798 826 840 870 893 936 964 977 1005 1033 1047 1060 1104 1118 1128 1159 1195 1204 1235 1257 1285 1288 
S 2: 0 | 13 16 35 44 90 95 96 122 138 206 210 250 257 279 287 350 362 377 393 407 428 452 456 594 629 702 738 777 779 787 798 826 840 870 893 936 964 977 1005 1033 1047 1060 1104 1118 1128 1159 1195 1204 1235 1257 1285 1288 
S 3: 0 | 13 16 35 44 90 95 96 122 138 206 210 250 257 279 287 350 362 377 393 407 428 452 456 594 629 702 738 777 779 787 798 826 840 870 893 936 964 977 1005 1033 1047 1060 1104 1118 1128 1159 1195 1204 1235 1257 1285 1288 
S 4: 0 | 13 16 35 44 90 95 96 122 138 206 210 250 257 279 287 350 362 377 393 407 428 452 456 594 629 702 738 777 779 787 798 826 840 870 893 936 964 977 1005 1033 1047 1060 1104 1118 1128 1159 1195 1204 1235 1257 1285 1288 
S 5: 0 | 13 16 35 44 90 95 96 122 138 206 210 250 257 279 287 350 362 377 393 407 428 452 456 594 629 702 738 777 779 787 798 826 840 870 893 936 964 977 1005 1033 1047 1060 1104 1118 1128 1159 1195 1204 1235 1257 1285 1288 
S 6: 0 | 13 16 35 44 90 95 96 122 138 206 210 250 257 279 287 350 362 377 393 407 428 452 456 594 629 702 738 777 779 787 798 826 840 870 893 936 964 977 1005 1033 1047 1060 1104 1118 1128 1159 1195 1204 1235 1257 1285 1288 
S 7: 0 | 13 16 35 44 90 95 96 122 138 206 210 250 257 279 287 350 362 377 393 407 428 452 456 594 629 702 738 777 779 787 798 826 840 870 893 936 964 977 1005 1033 1047 1060 1104 1118 1128 1159 1195 1204 1235 1257 1285 1288 
S 8: 0 | 13 16 35 44 90 95 96 122 138 206 210 250 257 279 287 350 362 377 393 407 428 452 456 594 629 702 738 777 779 787 798 826 840 870 893 936 964 977 1005 1033 1047 1060 1104 1118 1128 1159 1195 1204 1235 1257 1285 1288 
S 9: 0 | 13 16 35 44 90 95 96 122 138 206 210 250 257 279 287 350 362 377 393 407 428 452 456 594 629 702 738 777 779 787 798 826 840 870 893 936 964 977 1005 1033 1047 1060 1104 1118 1128 1159 1195 1204 1235 1257 1285 1288 
ALL EQUAL

Final time = 113.485
Final solution cost = 7526
