Reading instance small_stp_instances/berlin52_20_10.stp of type D
Finished instance reading
Number of vertices = 52
Number of edges (resources) = 1326
Number of scenarios = 20
Average number of terminals per scenario = 52
Probabilities of Scenarios: (0) 0.09 | (1) 0.04 | (2) 0.08 | (3) 0.05 | (4) 0.04 | (5) 0 | (6) 0 | (7) 0.03 | (8) 0.03 | (9) 0.1 | (10) 0.03 | (11) 0.08 | (12) 0.01 | (13) 0.17 | (14) 0.05 | (15) 0.03 | (16) 0.03 | (17) 0.02 | (18) 0.02 | (19) 0.1 | 
Average weighted inflation = 0.498824
Largest inflation = 0.999392
MAX_ITERATIONS_SINCE_LAST_IMPROVEMENT 2
MAX_ITERATIONS_SINCE_BEST_SOLUTION 3
Creating solution instance.
Starting Evolutive Framework.
Local search solution cost = 7948
Local search time = 279.051
279.051 local search - EF main loop cycle 0 solution cost 7948
279.059s Cost of SP solution after second stage solver 7948
Local search solution cost = 7948
Local search time = 21.7044
300.763 local search - EF main loop cycle 1 solution cost 7948
300.771s Cost of SP solution after second stage solver 7948
Local search solution cost = 7948
Local search time = 21.6698
322.441 local search - EF main loop cycle 2 solution cost 7948
322.448s Cost of SP solution after second stage solver 7948
Number of cycles 3
Time for each cycle 107.483
322.456s Cost of SP solution after tail step 7948
SELECTED RESOURCES:
13 16 35 44 90 95 96 121 122 138 210 250 251 257 279 287 337 362 376 393 426 452 456 505 594 629 702 738 777 779 787 798 826 849 893 936 964 977 1005 1033 1060 1061 1104 1118 1128 1159 1195 1204 1235 1267 1285 1288 
SCENARIO'S RESOURCES:
S 0: 0 | 13 16 35 44 90 95 96 121 122 138 210 250 251 257 279 287 337 362 376 393 426 452 456 505 594 629 702 738 777 779 787 798 826 849 893 936 964 977 1005 1033 1060 1061 1104 1118 1128 1159 1195 1204 1235 1267 1285 1288 
S 1: 0 | 13 16 35 44 90 95 96 121 122 138 210 250 251 257 279 287 337 362 376 393 426 452 456 505 594 629 702 738 777 779 787 798 826 849 893 936 964 977 1005 1033 1060 1061 1104 1118 1128 1159 1195 1204 1235 1267 1285 1288 
S 2: 0 | 13 16 35 44 90 95 96 121 122 138 210 250 251 257 279 287 337 362 376 393 426 452 456 505 594 629 702 738 777 779 787 798 826 849 893 936 964 977 1005 1033 1060 1061 1104 1118 1128 1159 1195 1204 1235 1267 1285 1288 
S 3: 0 | 13 16 35 44 90 95 96 121 122 138 210 250 251 257 279 287 337 362 376 393 426 452 456 505 594 629 702 738 777 779 787 798 826 849 893 936 964 977 1005 1033 1060 1061 1104 1118 1128 1159 1195 1204 1235 1267 1285 1288 
S 4: 0 | 13 16 35 44 90 95 96 121 122 138 210 250 251 257 279 287 337 362 376 393 426 452 456 505 594 629 702 738 777 779 787 798 826 849 893 936 964 977 1005 1033 1060 1061 1104 1118 1128 1159 1195 1204 1235 1267 1285 1288 
S 5: 0 | 13 16 35 44 90 95 96 121 122 138 210 250 251 257 279 287 337 362 376 393 426 452 456 505 594 629 702 738 777 779 787 798 826 849 893 936 964 977 1005 1033 1060 1061 1104 1118 1128 1159 1195 1204 1235 1267 1285 1288 
S 6: 0 | 13 16 35 44 90 95 96 121 122 138 210 250 251 257 279 287 337 362 376 393 426 452 456 505 594 629 702 738 777 779 787 798 826 849 893 936 964 977 1005 1033 1060 1061 1104 1118 1128 1159 1195 1204 1235 1267 1285 1288 
S 7: 0 | 13 16 35 44 90 95 96 121 122 138 210 250 251 257 279 287 337 362 376 393 426 452 456 505 594 629 702 738 777 779 787 798 826 849 893 936 964 977 1005 1033 1060 1061 1104 1118 1128 1159 1195 1204 1235 1267 1285 1288 
S 8: 0 | 13 16 35 44 90 95 96 121 122 138 210 250 251 257 279 287 337 362 376 393 426 452 456 505 594 629 702 738 777 779 787 798 826 849 893 936 964 977 1005 1033 1060 1061 1104 1118 1128 1159 1195 1204 1235 1267 1285 1288 
S 9: 0 | 13 16 35 44 90 95 96 121 122 138 210 250 251 257 279 287 337 362 376 393 426 452 456 505 594 629 702 738 777 779 787 798 826 849 893 936 964 977 1005 1033 1060 1061 1104 1118 1128 1159 1195 1204 1235 1267 1285 1288 
S 10: 0 | 13 16 35 44 90 95 96 121 122 138 210 250 251 257 279 287 337 362 376 393 426 452 456 505 594 629 702 738 777 779 787 798 826 849 893 936 964 977 1005 1033 1060 1061 1104 1118 1128 1159 1195 1204 1235 1267 1285 1288 
S 11: 0 | 13 16 35 44 90 95 96 121 122 138 210 250 251 257 279 287 337 362 376 393 426 452 456 505 594 629 702 738 777 779 787 798 826 849 893 936 964 977 1005 1033 1060 1061 1104 1118 1128 1159 1195 1204 1235 1267 1285 1288 
S 12: 0 | 13 16 35 44 90 95 96 121 122 138 210 250 251 257 279 287 337 362 376 393 426 452 456 505 594 629 702 738 777 779 787 798 826 849 893 936 964 977 1005 1033 1060 1061 1104 1118 1128 1159 1195 1204 1235 1267 1285 1288 
S 13: 0 | 13 16 35 44 90 95 96 121 122 138 210 250 251 257 279 287 337 362 376 393 426 452 456 505 594 629 702 738 777 779 787 798 826 849 893 936 964 977 1005 1033 1060 1061 1104 1118 1128 1159 1195 1204 1235 1267 1285 1288 
S 14: 0 | 13 16 35 44 90 95 96 121 122 138 210 250 251 257 279 287 337 362 376 393 426 452 456 505 594 629 702 738 777 779 787 798 826 849 893 936 964 977 1005 1033 1060 1061 1104 1118 1128 1159 1195 1204 1235 1267 1285 1288 
S 15: 0 | 13 16 35 44 90 95 96 121 122 138 210 250 251 257 279 287 337 362 376 393 426 452 456 505 594 629 702 738 777 779 787 798 826 849 893 936 964 977 1005 1033 1060 1061 1104 1118 1128 1159 1195 1204 1235 1267 1285 1288 
S 16: 0 | 13 16 35 44 90 95 96 121 122 138 210 250 251 257 279 287 337 362 376 393 426 452 456 505 594 629 702 738 777 779 787 798 826 849 893 936 964 977 1005 1033 1060 1061 1104 1118 1128 1159 1195 1204 1235 1267 1285 1288 
S 17: 0 | 13 16 35 44 90 95 96 121 122 138 210 250 251 257 279 287 337 362 376 393 426 452 456 505 594 629 702 738 777 779 787 798 826 849 893 936 964 977 1005 1033 1060 1061 1104 1118 1128 1159 1195 1204 1235 1267 1285 1288 
S 18: 0 | 13 16 35 44 90 95 96 121 122 138 210 250 251 257 279 287 337 362 376 393 426 452 456 505 594 629 702 738 777 779 787 798 826 849 893 936 964 977 1005 1033 1060 1061 1104 1118 1128 1159 1195 1204 1235 1267 1285 1288 
S 19: 0 | 13 16 35 44 90 95 96 121 122 138 210 250 251 257 279 287 337 362 376 393 426 452 456 505 594 629 702 738 777 779 787 798 826 849 893 936 964 977 1005 1033 1060 1061 1104 1118 1128 1159 1195 1204 1235 1267 1285 1288 
ALL EQUAL

Final time = 322.469
Final solution cost = 7948
