Reading instance small_stp_instances/berlin52_20_03.stp of type D
Finished instance reading
Number of vertices = 52
Number of edges (resources) = 1326
Number of scenarios = 20
Average number of terminals per scenario = 52
Probabilities of Scenarios: (0) 0.04 | (1) 0.07 | (2) 0.06 | (3) 0.02 | (4) 0.03 | (5) 0.07 | (6) 0.05 | (7) 0.03 | (8) 0.08 | (9) 0.01 | (10) 0 | (11) 0.04 | (12) 0.07 | (13) 0.07 | (14) 0.01 | (15) 0.02 | (16) 0.16 | (17) 0.05 | (18) 0.04 | (19) 0.08 | 
Average weighted inflation = 0.147476
Largest inflation = 0.299636
MAX_ITERATIONS_SINCE_LAST_IMPROVEMENT 2
MAX_ITERATIONS_SINCE_BEST_SOLUTION 3
Creating solution instance.
Starting Evolutive Framework.
Local search solution cost = 7554
Local search time = 188.847
188.847 local search - EF main loop cycle 0 solution cost 7554
188.855s Cost of SP solution after second stage solver 7554
Local search solution cost = 7554
Local search time = 21.4899
210.345 local search - EF main loop cycle 1 solution cost 7554
210.353s Cost of SP solution after second stage solver 7554
Local search solution cost = 7554
Local search time = 21.4777
231.83 local search - EF main loop cycle 2 solution cost 7554
231.838s Cost of SP solution after second stage solver 7554
Number of cycles 3
Time for each cycle 77.2793
231.846s Cost of SP solution after tail step 7554
SELECTED RESOURCES:
13 16 35 44 90 95 96 122 138 191 206 210 250 257 279 287 350 362 377 393 428 452 456 594 629 702 738 777 779 787 798 826 849 870 893 936 964 977 1005 1033 1047 1060 1104 1118 1128 1159 1195 1204 1235 1257 1285 1288 
SCENARIO'S RESOURCES:
S 0: 0 | 13 16 35 44 90 95 96 122 138 191 206 210 250 257 279 287 350 362 377 393 428 452 456 594 629 702 738 777 779 787 798 826 849 870 893 936 964 977 1005 1033 1047 1060 1104 1118 1128 1159 1195 1204 1235 1257 1285 1288 
S 1: 0 | 13 16 35 44 90 95 96 122 138 191 206 210 250 257 279 287 350 362 377 393 428 452 456 594 629 702 738 777 779 787 798 826 849 870 893 936 964 977 1005 1033 1047 1060 1104 1118 1128 1159 1195 1204 1235 1257 1285 1288 
S 2: 0 | 13 16 35 44 90 95 96 122 138 191 206 210 250 257 279 287 350 362 377 393 428 452 456 594 629 702 738 777 779 787 798 826 849 870 893 936 964 977 1005 1033 1047 1060 1104 1118 1128 1159 1195 1204 1235 1257 1285 1288 
S 3: 0 | 13 16 35 44 90 95 96 122 138 191 206 210 250 257 279 287 350 362 377 393 428 452 456 594 629 702 738 777 779 787 798 826 849 870 893 936 964 977 1005 1033 1047 1060 1104 1118 1128 1159 1195 1204 1235 1257 1285 1288 
S 4: 0 | 13 16 35 44 90 95 96 122 138 191 206 210 250 257 279 287 350 362 377 393 428 452 456 594 629 702 738 777 779 787 798 826 849 870 893 936 964 977 1005 1033 1047 1060 1104 1118 1128 1159 1195 1204 1235 1257 1285 1288 
S 5: 0 | 13 16 35 44 90 95 96 122 138 191 206 210 250 257 279 287 350 362 377 393 428 452 456 594 629 702 738 777 779 787 798 826 849 870 893 936 964 977 1005 1033 1047 1060 1104 1118 1128 1159 1195 1204 1235 1257 1285 1288 
S 6: 0 | 13 16 35 44 90 95 96 122 138 191 206 210 250 257 279 287 350 362 377 393 428 452 456 594 629 702 738 777 779 787 798 826 849 870 893 936 964 977 1005 1033 1047 1060 1104 1118 1128 1159 1195 1204 1235 1257 1285 1288 
S 7: 0 | 13 16 35 44 90 95 96 122 138 191 206 210 250 257 279 287 350 362 377 393 428 452 456 594 629 702 738 777 779 787 798 826 849 870 893 936 964 977 1005 1033 1047 1060 1104 1118 1128 1159 1195 1204 1235 1257 1285 1288 
S 8: 0 | 13 16 35 44 90 95 96 122 138 191 206 210 250 257 279 287 350 362 377 393 428 452 456 594 629 702 738 777 779 787 798 826 849 870 893 936 964 977 1005 1033 1047 1060 1104 1118 1128 1159 1195 1204 1235 1257 1285 1288 
S 9: 0 | 13 16 35 44 90 95 96 122 138 191 206 210 250 257 279 287 350 362 377 393 428 452 456 594 629 702 738 777 779 787 798 826 849 870 893 936 964 977 1005 1033 1047 1060 1104 1118 1128 1159 1195 1204 1235 1257 1285 1288 
S 10: 0 | 13 16 35 44 90 95 96 122 138 191 206 210 250 257 279 287 350 362 377 393 428 452 456 594 629 702 738 777 779 787 798 826 849 870 893 936 964 977 1005 1033 1047 1060 1104 1118 1128 1159 1195 1204 1235 1257 1285 1288 
S 11: 0 | 13 16 35 44 90 95 96 122 138 191 206 210 250 257 279 287 350 362 377 393 428 452 456 594 629 702 738 777 779 787 798 826 849 870 893 936 964 977 1005 1033 1047 1060 1104 1118 1128 1159 1195 1204 1235 1257 1285 1288 
S 12: 0 | 13 16 35 44 90 95 96 122 138 191 206 210 250 257 279 287 350 362 377 393 428 452 456 594 629 702 738 777 779 787 798 826 849 870 893 936 964 977 1005 1033 1047 1060 1104 1118 1128 1159 1195 1204 1235 1257 1285 1288 
S 13: 0 | 13 16 35 44 90 95 96 122 138 191 206 210 250 257 279 287 350 362 377 393 428 452 456 594 629 702 738 777 779 787 798 826 849 870 893 936 964 977 1005 1033 1047 1060 1104 1118 1128 1159 1195 1204 1235 1257 1285 1288 
S 14: 0 | 13 16 35 44 90 95 96 122 138 191 206 210 250 257 279 287 350 362 377 393 428 452 456 594 629 702 738 777 779 787 798 826 849 870 893 936 964 977 1005 1033 1047 1060 1104 1118 1128 1159 1195 1204 1235 1257 1285 1288 
S 15: 0 | 13 16 35 44 90 95 96 122 138 191 206 210 250 257 279 287 350 362 377 393 428 452 456 594 629 702 738 777 779 787 798 826 849 870 893 936 964 977 1005 1033 1047 1060 1104 1118 1128 1159 1195 1204 1235 1257 1285 1288 
S 16: 0 | 13 16 35 44 90 95 96 122 138 191 206 210 250 257 279 287 350 362 377 393 428 452 456 594 629 702 738 777 779 787 798 826 849 870 893 936 964 977 1005 1033 1047 1060 1104 1118 1128 1159 1195 1204 1235 1257 1285 1288 
S 17: 0 | 13 16 35 44 90 95 96 122 138 191 206 210 250 257 279 287 350 362 377 393 428 452 456 594 629 702 738 777 779 787 798 826 849 870 893 936 964 977 1005 1033 1047 1060 1104 1118 1128 1159 1195 1204 1235 1257 1285 1288 
S 18: 0 | 13 16 35 44 90 95 96 122 138 191 206 210 250 257 279 287 350 362 377 393 428 452 456 594 629 702 738 777 779 787 798 826 849 870 893 936 964 977 1005 1033 1047 1060 1104 1118 1128 1159 1195 1204 1235 1257 1285 1288 
S 19: 0 | 13 16 35 44 90 95 96 122 138 191 206 210 250 257 279 287 350 362 377 393 428 452 456 594 629 702 738 777 779 787 798 826 849 870 893 936 964 977 1005 1033 1047 1060 1104 1118 1128 1159 1195 1204 1235 1257 1285 1288 
ALL EQUAL

Final time = 231.858
Final solution cost = 7554
