Reading instance small_stp_instances/berlin52_10_10.stp of type D
Finished instance reading
Number of vertices = 52
Number of edges (resources) = 1326
Number of scenarios = 10
Average number of terminals per scenario = 52
Probabilities of Scenarios: (0) 0.03 | (1) 0.11 | (2) 0.1 | (3) 0.19 | (4) 0 | (5) 0.04 | (6) 0.19 | (7) 0.04 | (8) 0.12 | (9) 0.18 | 
Average weighted inflation = 0.495659
Largest inflation = 0.998884
MAX_ITERATIONS_SINCE_LAST_IMPROVEMENT 2
MAX_ITERATIONS_SINCE_BEST_SOLUTION 3
Creating solution instance.
Starting Evolutive Framework.
Local search solution cost = 7725
Local search time = 117.684
117.684 local search - EF main loop cycle 0 solution cost 7725
117.688s Cost of SP solution after second stage solver 7725
Local search solution cost = 7725
Local search time = 10.6658
128.353 local search - EF main loop cycle 1 solution cost 7725
128.357s Cost of SP solution after second stage solver 7725
Local search solution cost = 7725
Local search time = 10.6679
139.025 local search - EF main loop cycle 2 solution cost 7725
139.029s Cost of SP solution after second stage solver 7725
Number of cycles 3
Time for each cycle 46.343
139.033s Cost of SP solution after tail step 7725
SELECTED RESOURCES:
13 16 35 44 90 95 96 121 122 138 210 250 251 257 279 287 350 362 377 393 434 452 456 594 629 702 738 777 779 787 798 826 840 870 893 918 964 977 1023 1033 1047 1060 1104 1118 1128 1159 1195 1205 1235 1257 1285 1288 
SCENARIO'S RESOURCES:
S 0: 0 | 13 16 35 44 90 95 96 121 122 138 210 250 251 257 279 287 350 362 377 393 434 452 456 594 629 702 738 777 779 787 798 826 840 870 893 918 964 977 1023 1033 1047 1060 1104 1118 1128 1159 1195 1205 1235 1257 1285 1288 
S 1: 0 | 13 16 35 44 90 95 96 121 122 138 210 250 251 257 279 287 350 362 377 393 434 452 456 594 629 702 738 777 779 787 798 826 840 870 893 918 964 977 1023 1033 1047 1060 1104 1118 1128 1159 1195 1205 1235 1257 1285 1288 
S 2: 0 | 13 16 35 44 90 95 96 121 122 138 210 250 251 257 279 287 350 362 377 393 434 452 456 594 629 702 738 777 779 787 798 826 840 870 893 918 964 977 1023 1033 1047 1060 1104 1118 1128 1159 1195 1205 1235 1257 1285 1288 
S 3: 0 | 13 16 35 44 90 95 96 121 122 138 210 250 251 257 279 287 350 362 377 393 434 452 456 594 629 702 738 777 779 787 798 826 840 870 893 918 964 977 1023 1033 1047 1060 1104 1118 1128 1159 1195 1205 1235 1257 1285 1288 
S 4: 0 | 13 16 35 44 90 95 96 121 122 138 210 250 251 257 279 287 350 362 377 393 434 452 456 594 629 702 738 777 779 787 798 826 840 870 893 918 964 977 1023 1033 1047 1060 1104 1118 1128 1159 1195 1205 1235 1257 1285 1288 
S 5: 0 | 13 16 35 44 90 95 96 121 122 138 210 250 251 257 279 287 350 362 377 393 434 452 456 594 629 702 738 777 779 787 798 826 840 870 893 918 964 977 1023 1033 1047 1060 1104 1118 1128 1159 1195 1205 1235 1257 1285 1288 
S 6: 0 | 13 16 35 44 90 95 96 121 122 138 210 250 251 257 279 287 350 362 377 393 434 452 456 594 629 702 738 777 779 787 798 826 840 870 893 918 964 977 1023 1033 1047 1060 1104 1118 1128 1159 1195 1205 1235 1257 1285 1288 
S 7: 0 | 13 16 35 44 90 95 96 121 122 138 210 250 251 257 279 287 350 362 377 393 434 452 456 594 629 702 738 777 779 787 798 826 840 870 893 918 964 977 1023 1033 1047 1060 1104 1118 1128 1159 1195 1205 1235 1257 1285 1288 
S 8: 0 | 13 16 35 44 90 95 96 121 122 138 210 250 251 257 279 287 350 362 377 393 434 452 456 594 629 702 738 777 779 787 798 826 840 870 893 918 964 977 1023 1033 1047 1060 1104 1118 1128 1159 1195 1205 1235 1257 1285 1288 
S 9: 0 | 13 16 35 44 90 95 96 121 122 138 210 250 251 257 279 287 350 362 377 393 434 452 456 594 629 702 738 777 779 787 798 826 840 870 893 918 964 977 1023 1033 1047 1060 1104 1118 1128 1159 1195 1205 1235 1257 1285 1288 
ALL EQUAL

Final time = 139.039
Final solution cost = 7725
