Reading instance small_stp_instances/bier127_5_10.stp of type D
Finished instance reading
Number of vertices = 127
Number of edges (resources) = 8001
Number of scenarios = 5
Average number of terminals per scenario = 127
Probabilities of Scenarios: (0) 0.2 | (1) 0.14 | (2) 0.23 | (3) 0.36 | (4) 0.07 | 
Average weighted inflation = 0.499272
Largest inflation = 0.99979
MAX_ITERATIONS_SINCE_LAST_IMPROVEMENT 2
MAX_ITERATIONS_SINCE_BEST_SOLUTION 3
Creating solution instance.
Starting Evolutive Framework.
Local search solution cost = 126012
Local search time = 2041.04
2041.04 local search - EF main loop cycle 0 solution cost 126012
2041.1s Cost of SP solution after second stage solver 126012
Local search solution cost = 123104
Local search time = 173.001
2214.1 local search - EF main loop cycle 1 solution cost 123104
2214.11s Cost of SP solution after second stage solver 123104
Local search solution cost = 123104
Local search time = 171.941
2386.05 local search - EF main loop cycle 2 solution cost 123104
2386.05s Cost of SP solution after second stage solver 123104
Local search solution cost = 123104
Local search time = 171.977
2558.03 local search - EF main loop cycle 3 solution cost 123104
2558.04s Cost of SP solution after second stage solver 123104
Number of cycles 4
Time for each cycle 639.51
2558.05s Cost of SP solution after tail step 123104
SELECTED RESOURCES:
0 30 53 89 105 187 206 207 213 228 234 263 275 324 402 417 432 461 493 527 645 665 691 736 775 793 815 853 857 899 900 937 1126 1174 1180 1226 1274 1279 1373 1422 1477 1593 1769 1888 1890 2010 2134 2144 2152 2414 2482 2484 2492 2503 2622 2695 2700 2769 2849 2867 3001 3079 3111 3159 3402 3483 3739 3826 3827 3918 4062 4065 4323 4463 4683 4752 4841 4844 4860 4914 5012 5131 5150 5194 5195 5337 5344 5362 5465 5474 5676 5690 5873 5971 5994 6101 6198 6215 6280 6342 6432 6450 6453 6614 6644 6747 6753 6834 6838 6965 6998 7027 7033 7195 7196 7287 7292 7475 7477 7554 7558 7714 7738 7830 7832 7967 7981 
SCENARIO'S RESOURCES:
S 0: 0 | 0 30 53 89 105 187 206 207 213 228 234 263 275 324 402 417 432 461 493 527 645 665 691 736 775 793 815 853 857 899 900 937 1126 1174 1180 1226 1274 1279 1373 1422 1477 1593 1769 1888 1890 2010 2134 2144 2152 2414 2482 2484 2492 2503 2622 2695 2700 2769 2849 2867 3001 3079 3111 3159 3402 3483 3739 3826 3827 3918 4062 4065 4323 4463 4683 4752 4841 4844 4860 4914 5012 5131 5150 5194 5195 5337 5344 5362 5465 5474 5676 5690 5873 5971 5994 6101 6198 6215 6280 6342 6432 6450 6453 6614 6644 6747 6753 6834 6838 6965 6998 7027 7033 7195 7196 7287 7292 7475 7477 7554 7558 7714 7738 7830 7832 7967 7981 
S 1: 0 | 0 30 53 89 105 187 206 207 213 228 234 263 275 324 402 417 432 461 493 527 645 665 691 736 775 793 815 853 857 899 900 937 1126 1174 1180 1226 1274 1279 1373 1422 1477 1593 1769 1888 1890 2010 2134 2144 2152 2414 2482 2484 2492 2503 2622 2695 2700 2769 2849 2867 3001 3079 3111 3159 3402 3483 3739 3826 3827 3918 4062 4065 4323 4463 4683 4752 4841 4844 4860 4914 5012 5131 5150 5194 5195 5337 5344 5362 5465 5474 5676 5690 5873 5971 5994 6101 6198 6215 6280 6342 6432 6450 6453 6614 6644 6747 6753 6834 6838 6965 6998 7027 7033 7195 7196 7287 7292 7475 7477 7554 7558 7714 7738 7830 7832 7967 7981 
S 2: 0 | 0 30 53 89 105 187 206 207 213 228 234 263 275 324 402 417 432 461 493 527 645 665 691 736 775 793 815 853 857 899 900 937 1126 1174 1180 1226 1274 1279 1373 1422 1477 1593 1769 1888 1890 2010 2134 2144 2152 2414 2482 2484 2492 2503 2622 2695 2700 2769 2849 2867 3001 3079 3111 3159 3402 3483 3739 3826 3827 3918 4062 4065 4323 4463 4683 4752 4841 4844 4860 4914 5012 5131 5150 5194 5195 5337 5344 5362 5465 5474 5676 5690 5873 5971 5994 6101 6198 6215 6280 6342 6432 6450 6453 6614 6644 6747 6753 6834 6838 6965 6998 7027 7033 7195 7196 7287 7292 7475 7477 7554 7558 7714 7738 7830 7832 7967 7981 
S 3: 0 | 0 30 53 89 105 187 206 207 213 228 234 263 275 324 402 417 432 461 493 527 645 665 691 736 775 793 815 853 857 899 900 937 1126 1174 1180 1226 1274 1279 1373 1422 1477 1593 1769 1888 1890 2010 2134 2144 2152 2414 2482 2484 2492 2503 2622 2695 2700 2769 2849 2867 3001 3079 3111 3159 3402 3483 3739 3826 3827 3918 4062 4065 4323 4463 4683 4752 4841 4844 4860 4914 5012 5131 5150 5194 5195 5337 5344 5362 5465 5474 5676 5690 5873 5971 5994 6101 6198 6215 6280 6342 6432 6450 6453 6614 6644 6747 6753 6834 6838 6965 6998 7027 7033 7195 7196 7287 7292 7475 7477 7554 7558 7714 7738 7830 7832 7967 7981 
S 4: 0 | 0 30 53 89 105 187 206 207 213 228 234 263 275 324 402 417 432 461 493 527 645 665 691 736 775 793 815 853 857 899 900 937 1126 1174 1180 1226 1274 1279 1373 1422 1477 1593 1769 1888 1890 2010 2134 2144 2152 2414 2482 2484 2492 2503 2622 2695 2700 2769 2849 2867 3001 3079 3111 3159 3402 3483 3739 3826 3827 3918 4062 4065 4323 4463 4683 4752 4841 4844 4860 4914 5012 5131 5150 5194 5195 5337 5344 5362 5465 5474 5676 5690 5873 5971 5994 6101 6198 6215 6280 6342 6432 6450 6453 6614 6644 6747 6753 6834 6838 6965 6998 7027 7033 7195 7196 7287 7292 7475 7477 7554 7558 7714 7738 7830 7832 7967 7981 
ALL EQUAL

Final time = 2558.07
Final solution cost = 123104
