Reading instance small_stp_instances/bier127_20_10.stp of type D
Finished instance reading
Number of vertices = 127
Number of edges (resources) = 8001
Number of scenarios = 20
Average number of terminals per scenario = 127
Probabilities of Scenarios: (0) 0.03 | (1) 0.05 | (2) 0.08 | (3) 0.04 | (4) 0.04 | (5) 0.08 | (6) 0.06 | (7) 0 | (8) 0.08 | (9) 0.04 | (10) 0.07 | (11) 0.04 | (12) 0.01 | (13) 0.08 | (14) 0.06 | (15) 0.04 | (16) 0.03 | (17) 0.01 | (18) 0.12 | (19) 0.04 | 
Average weighted inflation = 0.498776
Largest inflation = 0.999929
MAX_ITERATIONS_SINCE_LAST_IMPROVEMENT 2
MAX_ITERATIONS_SINCE_BEST_SOLUTION 3
Creating solution instance.
Starting Evolutive Framework.
Local search solution cost = 125794
Local search time = 10422
10422 local search - EF main loop cycle 0 solution cost 125794
10422.3s Cost of SP solution after second stage solver 125794
Local search solution cost = 123645
Local search time = 683.21
11105.5 local search - EF main loop cycle 1 solution cost 123645
11105.5s Cost of SP solution after second stage solver 123645
Local search solution cost = 123645
Local search time = 670.246
11775.8 local search - EF main loop cycle 2 solution cost 123645
11775.8s Cost of SP solution after second stage solver 123645
Local search solution cost = 123645
Local search time = 675.452
12451.3 local search - EF main loop cycle 3 solution cost 123645
12451.3s Cost of SP solution after second stage solver 123645
Number of cycles 4
Time for each cycle 3112.83
12451.3s Cost of SP solution after tail step 123645
SELECTED RESOURCES:
0 30 53 75 89 105 152 174 206 213 230 249 258 275 324 417 432 461 493 520 527 645 665 691 740 775 793 815 853 858 894 900 937 1126 1174 1180 1226 1274 1279 1373 1422 1477 1593 1769 1888 1890 2134 2144 2152 2414 2482 2484 2492 2503 2622 2695 2700 2769 2849 2867 3001 3079 3111 3159 3402 3483 3739 3826 3827 3918 4062 4065 4183 4323 4463 4683 4752 4817 4841 4860 4914 5012 5131 5150 5194 5195 5337 5362 5474 5564 5685 5690 5873 5971 5994 6101 6198 6215 6273 6279 6333 6338 6453 6614 6644 6747 6753 6834 6838 6965 6998 7027 7135 7195 7196 7287 7288 7475 7477 7554 7558 7717 7729 7830 7832 7967 7981 
SCENARIO'S RESOURCES:
S 0: 0 | 0 30 53 75 89 105 152 174 206 213 230 249 258 275 324 417 432 461 493 520 527 645 665 691 740 775 793 815 853 858 894 900 937 1126 1174 1180 1226 1274 1279 1373 1422 1477 1593 1769 1888 1890 2134 2144 2152 2414 2482 2484 2492 2503 2622 2695 2700 2769 2849 2867 3001 3079 3111 3159 3402 3483 3739 3826 3827 3918 4062 4065 4183 4323 4463 4683 4752 4817 4841 4860 4914 5012 5131 5150 5194 5195 5337 5362 5474 5564 5685 5690 5873 5971 5994 6101 6198 6215 6273 6279 6333 6338 6453 6614 6644 6747 6753 6834 6838 6965 6998 7027 7135 7195 7196 7287 7288 7475 7477 7554 7558 7717 7729 7830 7832 7967 7981 
S 1: 0 | 0 30 53 75 89 105 152 174 206 213 230 249 258 275 324 417 432 461 493 520 527 645 665 691 740 775 793 815 853 858 894 900 937 1126 1174 1180 1226 1274 1279 1373 1422 1477 1593 1769 1888 1890 2134 2144 2152 2414 2482 2484 2492 2503 2622 2695 2700 2769 2849 2867 3001 3079 3111 3159 3402 3483 3739 3826 3827 3918 4062 4065 4183 4323 4463 4683 4752 4817 4841 4860 4914 5012 5131 5150 5194 5195 5337 5362 5474 5564 5685 5690 5873 5971 5994 6101 6198 6215 6273 6279 6333 6338 6453 6614 6644 6747 6753 6834 6838 6965 6998 7027 7135 7195 7196 7287 7288 7475 7477 7554 7558 7717 7729 7830 7832 7967 7981 
S 2: 0 | 0 30 53 75 89 105 152 174 206 213 230 249 258 275 324 417 432 461 493 520 527 645 665 691 740 775 793 815 853 858 894 900 937 1126 1174 1180 1226 1274 1279 1373 1422 1477 1593 1769 1888 1890 2134 2144 2152 2414 2482 2484 2492 2503 2622 2695 2700 2769 2849 2867 3001 3079 3111 3159 3402 3483 3739 3826 3827 3918 4062 4065 4183 4323 4463 4683 4752 4817 4841 4860 4914 5012 5131 5150 5194 5195 5337 5362 5474 5564 5685 5690 5873 5971 5994 6101 6198 6215 6273 6279 6333 6338 6453 6614 6644 6747 6753 6834 6838 6965 6998 7027 7135 7195 7196 7287 7288 7475 7477 7554 7558 7717 7729 7830 7832 7967 7981 
S 3: 0 | 0 30 53 75 89 105 152 174 206 213 230 249 258 275 324 417 432 461 493 520 527 645 665 691 740 775 793 815 853 858 894 900 937 1126 1174 1180 1226 1274 1279 1373 1422 1477 1593 1769 1888 1890 2134 2144 2152 2414 2482 2484 2492 2503 2622 2695 2700 2769 2849 2867 3001 3079 3111 3159 3402 3483 3739 3826 3827 3918 4062 4065 4183 4323 4463 4683 4752 4817 4841 4860 4914 5012 5131 5150 5194 5195 5337 5362 5474 5564 5685 5690 5873 5971 5994 6101 6198 6215 6273 6279 6333 6338 6453 6614 6644 6747 6753 6834 6838 6965 6998 7027 7135 7195 7196 7287 7288 7475 7477 7554 7558 7717 7729 7830 7832 7967 7981 
S 4: 0 | 0 30 53 75 89 105 152 174 206 213 230 249 258 275 324 417 432 461 493 520 527 645 665 691 740 775 793 815 853 858 894 900 937 1126 1174 1180 1226 1274 1279 1373 1422 1477 1593 1769 1888 1890 2134 2144 2152 2414 2482 2484 2492 2503 2622 2695 2700 2769 2849 2867 3001 3079 3111 3159 3402 3483 3739 3826 3827 3918 4062 4065 4183 4323 4463 4683 4752 4817 4841 4860 4914 5012 5131 5150 5194 5195 5337 5362 5474 5564 5685 5690 5873 5971 5994 6101 6198 6215 6273 6279 6333 6338 6453 6614 6644 6747 6753 6834 6838 6965 6998 7027 7135 7195 7196 7287 7288 7475 7477 7554 7558 7717 7729 7830 7832 7967 7981 
S 5: 0 | 0 30 53 75 89 105 152 174 206 213 230 249 258 275 324 417 432 461 493 520 527 645 665 691 740 775 793 815 853 858 894 900 937 1126 1174 1180 1226 1274 1279 1373 1422 1477 1593 1769 1888 1890 2134 2144 2152 2414 2482 2484 2492 2503 2622 2695 2700 2769 2849 2867 3001 3079 3111 3159 3402 3483 3739 3826 3827 3918 4062 4065 4183 4323 4463 4683 4752 4817 4841 4860 4914 5012 5131 5150 5194 5195 5337 5362 5474 5564 5685 5690 5873 5971 5994 6101 6198 6215 6273 6279 6333 6338 6453 6614 6644 6747 6753 6834 6838 6965 6998 7027 7135 7195 7196 7287 7288 7475 7477 7554 7558 7717 7729 7830 7832 7967 7981 
S 6: 0 | 0 30 53 75 89 105 152 174 206 213 230 249 258 275 324 417 432 461 493 520 527 645 665 691 740 775 793 815 853 858 894 900 937 1126 1174 1180 1226 1274 1279 1373 1422 1477 1593 1769 1888 1890 2134 2144 2152 2414 2482 2484 2492 2503 2622 2695 2700 2769 2849 2867 3001 3079 3111 3159 3402 3483 3739 3826 3827 3918 4062 4065 4183 4323 4463 4683 4752 4817 4841 4860 4914 5012 5131 5150 5194 5195 5337 5362 5474 5564 5685 5690 5873 5971 5994 6101 6198 6215 6273 6279 6333 6338 6453 6614 6644 6747 6753 6834 6838 6965 6998 7027 7135 7195 7196 7287 7288 7475 7477 7554 7558 7717 7729 7830 7832 7967 7981 
S 7: 0 | 0 30 53 75 89 105 152 174 206 213 230 249 258 275 324 417 432 461 493 520 527 645 665 691 740 775 793 815 853 858 894 900 937 1126 1174 1180 1226 1274 1279 1373 1422 1477 1593 1769 1888 1890 2134 2144 2152 2414 2482 2484 2492 2503 2622 2695 2700 2769 2849 2867 3001 3079 3111 3159 3402 3483 3739 3826 3827 3918 4062 4065 4183 4323 4463 4683 4752 4817 4841 4860 4914 5012 5131 5150 5194 5195 5337 5362 5474 5564 5685 5690 5873 5971 5994 6101 6198 6215 6273 6279 6333 6338 6453 6614 6644 6747 6753 6834 6838 6965 6998 7027 7135 7195 7196 7287 7288 7475 7477 7554 7558 7717 7729 7830 7832 7967 7981 
S 8: 0 | 0 30 53 75 89 105 152 174 206 213 230 249 258 275 324 417 432 461 493 520 527 645 665 691 740 775 793 815 853 858 894 900 937 1126 1174 1180 1226 1274 1279 1373 1422 1477 1593 1769 1888 1890 2134 2144 2152 2414 2482 2484 2492 2503 2622 2695 2700 2769 2849 2867 3001 3079 3111 3159 3402 3483 3739 3826 3827 3918 4062 4065 4183 4323 4463 4683 4752 4817 4841 4860 4914 5012 5131 5150 5194 5195 5337 5362 5474 5564 5685 5690 5873 5971 5994 6101 6198 6215 6273 6279 6333 6338 6453 6614 6644 6747 6753 6834 6838 6965 6998 7027 7135 7195 7196 7287 7288 7475 7477 7554 7558 7717 7729 7830 7832 7967 7981 
S 9: 0 | 0 30 53 75 89 105 152 174 206 213 230 249 258 275 324 417 432 461 493 520 527 645 665 691 740 775 793 815 853 858 894 900 937 1126 1174 1180 1226 1274 1279 1373 1422 1477 1593 1769 1888 1890 2134 2144 2152 2414 2482 2484 2492 2503 2622 2695 2700 2769 2849 2867 3001 3079 3111 3159 3402 3483 3739 3826 3827 3918 4062 4065 4183 4323 4463 4683 4752 4817 4841 4860 4914 5012 5131 5150 5194 5195 5337 5362 5474 5564 5685 5690 5873 5971 5994 6101 6198 6215 6273 6279 6333 6338 6453 6614 6644 6747 6753 6834 6838 6965 6998 7027 7135 7195 7196 7287 7288 7475 7477 7554 7558 7717 7729 7830 7832 7967 7981 
S 10: 0 | 0 30 53 75 89 105 152 174 206 213 230 249 258 275 324 417 432 461 493 520 527 645 665 691 740 775 793 815 853 858 894 900 937 1126 1174 1180 1226 1274 1279 1373 1422 1477 1593 1769 1888 1890 2134 2144 2152 2414 2482 2484 2492 2503 2622 2695 2700 2769 2849 2867 3001 3079 3111 3159 3402 3483 3739 3826 3827 3918 4062 4065 4183 4323 4463 4683 4752 4817 4841 4860 4914 5012 5131 5150 5194 5195 5337 5362 5474 5564 5685 5690 5873 5971 5994 6101 6198 6215 6273 6279 6333 6338 6453 6614 6644 6747 6753 6834 6838 6965 6998 7027 7135 7195 7196 7287 7288 7475 7477 7554 7558 7717 7729 7830 7832 7967 7981 
S 11: 0 | 0 30 53 75 89 105 152 174 206 213 230 249 258 275 324 417 432 461 493 520 527 645 665 691 740 775 793 815 853 858 894 900 937 1126 1174 1180 1226 1274 1279 1373 1422 1477 1593 1769 1888 1890 2134 2144 2152 2414 2482 2484 2492 2503 2622 2695 2700 2769 2849 2867 3001 3079 3111 3159 3402 3483 3739 3826 3827 3918 4062 4065 4183 4323 4463 4683 4752 4817 4841 4860 4914 5012 5131 5150 5194 5195 5337 5362 5474 5564 5685 5690 5873 5971 5994 6101 6198 6215 6273 6279 6333 6338 6453 6614 6644 6747 6753 6834 6838 6965 6998 7027 7135 7195 7196 7287 7288 7475 7477 7554 7558 7717 7729 7830 7832 7967 7981 
S 12: 0 | 0 30 53 75 89 105 152 174 206 213 230 249 258 275 324 417 432 461 493 520 527 645 665 691 740 775 793 815 853 858 894 900 937 1126 1174 1180 1226 1274 1279 1373 1422 1477 1593 1769 1888 1890 2134 2144 2152 2414 2482 2484 2492 2503 2622 2695 2700 2769 2849 2867 3001 3079 3111 3159 3402 3483 3739 3826 3827 3918 4062 4065 4183 4323 4463 4683 4752 4817 4841 4860 4914 5012 5131 5150 5194 5195 5337 5362 5474 5564 5685 5690 5873 5971 5994 6101 6198 6215 6273 6279 6333 6338 6453 6614 6644 6747 6753 6834 6838 6965 6998 7027 7135 7195 7196 7287 7288 7475 7477 7554 7558 7717 7729 7830 7832 7967 7981 
S 13: 0 | 0 30 53 75 89 105 152 174 206 213 230 249 258 275 324 417 432 461 493 520 527 645 665 691 740 775 793 815 853 858 894 900 937 1126 1174 1180 1226 1274 1279 1373 1422 1477 1593 1769 1888 1890 2134 2144 2152 2414 2482 2484 2492 2503 2622 2695 2700 2769 2849 2867 3001 3079 3111 3159 3402 3483 3739 3826 3827 3918 4062 4065 4183 4323 4463 4683 4752 4817 4841 4860 4914 5012 5131 5150 5194 5195 5337 5362 5474 5564 5685 5690 5873 5971 5994 6101 6198 6215 6273 6279 6333 6338 6453 6614 6644 6747 6753 6834 6838 6965 6998 7027 7135 7195 7196 7287 7288 7475 7477 7554 7558 7717 7729 7830 7832 7967 7981 
S 14: 0 | 0 30 53 75 89 105 152 174 206 213 230 249 258 275 324 417 432 461 493 520 527 645 665 691 740 775 793 815 853 858 894 900 937 1126 1174 1180 1226 1274 1279 1373 1422 1477 1593 1769 1888 1890 2134 2144 2152 2414 2482 2484 2492 2503 2622 2695 2700 2769 2849 2867 3001 3079 3111 3159 3402 3483 3739 3826 3827 3918 4062 4065 4183 4323 4463 4683 4752 4817 4841 4860 4914 5012 5131 5150 5194 5195 5337 5362 5474 5564 5685 5690 5873 5971 5994 6101 6198 6215 6273 6279 6333 6338 6453 6614 6644 6747 6753 6834 6838 6965 6998 7027 7135 7195 7196 7287 7288 7475 7477 7554 7558 7717 7729 7830 7832 7967 7981 
S 15: 0 | 0 30 53 75 89 105 152 174 206 213 230 249 258 275 324 417 432 461 493 520 527 645 665 691 740 775 793 815 853 858 894 900 937 1126 1174 1180 1226 1274 1279 1373 1422 1477 1593 1769 1888 1890 2134 2144 2152 2414 2482 2484 2492 2503 2622 2695 2700 2769 2849 2867 3001 3079 3111 3159 3402 3483 3739 3826 3827 3918 4062 4065 4183 4323 4463 4683 4752 4817 4841 4860 4914 5012 5131 5150 5194 5195 5337 5362 5474 5564 5685 5690 5873 5971 5994 6101 6198 6215 6273 6279 6333 6338 6453 6614 6644 6747 6753 6834 6838 6965 6998 7027 7135 7195 7196 7287 7288 7475 7477 7554 7558 7717 7729 7830 7832 7967 7981 
S 16: 0 | 0 30 53 75 89 105 152 174 206 213 230 249 258 275 324 417 432 461 493 520 527 645 665 691 740 775 793 815 853 858 894 900 937 1126 1174 1180 1226 1274 1279 1373 1422 1477 1593 1769 1888 1890 2134 2144 2152 2414 2482 2484 2492 2503 2622 2695 2700 2769 2849 2867 3001 3079 3111 3159 3402 3483 3739 3826 3827 3918 4062 4065 4183 4323 4463 4683 4752 4817 4841 4860 4914 5012 5131 5150 5194 5195 5337 5362 5474 5564 5685 5690 5873 5971 5994 6101 6198 6215 6273 6279 6333 6338 6453 6614 6644 6747 6753 6834 6838 6965 6998 7027 7135 7195 7196 7287 7288 7475 7477 7554 7558 7717 7729 7830 7832 7967 7981 
S 17: 0 | 0 30 53 75 89 105 152 174 206 213 230 249 258 275 324 417 432 461 493 520 527 645 665 691 740 775 793 815 853 858 894 900 937 1126 1174 1180 1226 1274 1279 1373 1422 1477 1593 1769 1888 1890 2134 2144 2152 2414 2482 2484 2492 2503 2622 2695 2700 2769 2849 2867 3001 3079 3111 3159 3402 3483 3739 3826 3827 3918 4062 4065 4183 4323 4463 4683 4752 4817 4841 4860 4914 5012 5131 5150 5194 5195 5337 5362 5474 5564 5685 5690 5873 5971 5994 6101 6198 6215 6273 6279 6333 6338 6453 6614 6644 6747 6753 6834 6838 6965 6998 7027 7135 7195 7196 7287 7288 7475 7477 7554 7558 7717 7729 7830 7832 7967 7981 
S 18: 0 | 0 30 53 75 89 105 152 174 206 213 230 249 258 275 324 417 432 461 493 520 527 645 665 691 740 775 793 815 853 858 894 900 937 1126 1174 1180 1226 1274 1279 1373 1422 1477 1593 1769 1888 1890 2134 2144 2152 2414 2482 2484 2492 2503 2622 2695 2700 2769 2849 2867 3001 3079 3111 3159 3402 3483 3739 3826 3827 3918 4062 4065 4183 4323 4463 4683 4752 4817 4841 4860 4914 5012 5131 5150 5194 5195 5337 5362 5474 5564 5685 5690 5873 5971 5994 6101 6198 6215 6273 6279 6333 6338 6453 6614 6644 6747 6753 6834 6838 6965 6998 7027 7135 7195 7196 7287 7288 7475 7477 7554 7558 7717 7729 7830 7832 7967 7981 
S 19: 0 | 0 30 53 75 89 105 152 174 206 213 230 249 258 275 324 417 432 461 493 520 527 645 665 691 740 775 793 815 853 858 894 900 937 1126 1174 1180 1226 1274 1279 1373 1422 1477 1593 1769 1888 1890 2134 2144 2152 2414 2482 2484 2492 2503 2622 2695 2700 2769 2849 2867 3001 3079 3111 3159 3402 3483 3739 3826 3827 3918 4062 4065 4183 4323 4463 4683 4752 4817 4841 4860 4914 5012 5131 5150 5194 5195 5337 5362 5474 5564 5685 5690 5873 5971 5994 6101 6198 6215 6273 6279 6333 6338 6453 6614 6644 6747 6753 6834 6838 6965 6998 7027 7135 7195 7196 7287 7288 7475 7477 7554 7558 7717 7729 7830 7832 7967 7981 
ALL EQUAL

Final time = 12451.4
Final solution cost = 123645
