Reading instance small_stp_instances/bier127_20_03.stp of type D
Finished instance reading
Number of vertices = 127
Number of edges (resources) = 8001
Number of scenarios = 20
Average number of terminals per scenario = 127
Probabilities of Scenarios: (0) 0.02 | (1) 0.08 | (2) 0.01 | (3) 0.06 | (4) 0.03 | (5) 0.02 | (6) 0.02 | (7) 0 | (8) 0.04 | (9) 0.02 | (10) 0.09 | (11) 0.09 | (12) 0.06 | (13) 0.05 | (14) 0.02 | (15) 0.03 | (16) 0.17 | (17) 0.05 | (18) 0.06 | (19) 0.08 | 
Average weighted inflation = 0.149535
Largest inflation = 0.299984
MAX_ITERATIONS_SINCE_LAST_IMPROVEMENT 2
MAX_ITERATIONS_SINCE_BEST_SOLUTION 3
Creating solution instance.
Starting Evolutive Framework.
Local search solution cost = 120505
Local search time = 7613.44
7613.44 local search - EF main loop cycle 0 solution cost 120505
7613.53s Cost of SP solution after second stage solver 120505
Local search solution cost = 120343
Local search time = 637.13
8250.66 local search - EF main loop cycle 1 solution cost 120343
8250.7s Cost of SP solution after second stage solver 120343
Local search solution cost = 120343
Local search time = 635.553
8886.25 local search - EF main loop cycle 2 solution cost 120343
8886.28s Cost of SP solution after second stage solver 120343
Local search solution cost = 120343
Local search time = 635.644
9521.93 local search - EF main loop cycle 3 solution cost 120343
9521.96s Cost of SP solution after second stage solver 120343
Number of cycles 4
Time for each cycle 2380.49
9521.99s Cost of SP solution after tail step 120343
SELECTED RESOURCES:
15 47 53 89 105 106 187 206 207 213 228 234 261 275 324 417 432 461 493 520 524 664 665 691 740 775 793 815 853 858 894 900 1125 1173 1174 1226 1274 1279 1372 1421 1489 1593 1769 1888 1890 2010 2134 2152 2414 2482 2484 2492 2503 2622 2695 2700 2769 2849 2867 3001 3079 3111 3159 3402 3483 3654 3826 3827 3918 4062 4065 4183 4323 4463 4683 4752 4817 4844 4860 4914 5012 5131 5150 5194 5195 5337 5362 5465 5474 5685 5690 5873 5972 5994 6101 6198 6215 6280 6281 6333 6432 6453 6490 6614 6644 6747 6753 6833 6838 6965 6998 7030 7033 7195 7196 7287 7291 7475 7477 7554 7557 7714 7729 7830 7832 7967 7981 
SCENARIO'S RESOURCES:
S 0: 0 | 15 47 53 89 105 106 187 206 207 213 228 234 261 275 324 417 432 461 493 520 524 664 665 691 740 775 793 815 853 858 894 900 1125 1173 1174 1226 1274 1279 1372 1421 1489 1593 1769 1888 1890 2010 2134 2152 2414 2482 2484 2492 2503 2622 2695 2700 2769 2849 2867 3001 3079 3111 3159 3402 3483 3654 3826 3827 3918 4062 4065 4183 4323 4463 4683 4752 4817 4844 4860 4914 5012 5131 5150 5194 5195 5337 5362 5465 5474 5685 5690 5873 5972 5994 6101 6198 6215 6280 6281 6333 6432 6453 6490 6614 6644 6747 6753 6833 6838 6965 6998 7030 7033 7195 7196 7287 7291 7475 7477 7554 7557 7714 7729 7830 7832 7967 7981 
S 1: 0 | 15 47 53 89 105 106 187 206 207 213 228 234 261 275 324 417 432 461 493 520 524 664 665 691 740 775 793 815 853 858 894 900 1125 1173 1174 1226 1274 1279 1372 1421 1489 1593 1769 1888 1890 2010 2134 2152 2414 2482 2484 2492 2503 2622 2695 2700 2769 2849 2867 3001 3079 3111 3159 3402 3483 3654 3826 3827 3918 4062 4065 4183 4323 4463 4683 4752 4817 4844 4860 4914 5012 5131 5150 5194 5195 5337 5362 5465 5474 5685 5690 5873 5972 5994 6101 6198 6215 6280 6281 6333 6432 6453 6490 6614 6644 6747 6753 6833 6838 6965 6998 7030 7033 7195 7196 7287 7291 7475 7477 7554 7557 7714 7729 7830 7832 7967 7981 
S 2: 0 | 15 47 53 89 105 106 187 206 207 213 228 234 261 275 324 417 432 461 493 520 524 664 665 691 740 775 793 815 853 858 894 900 1125 1173 1174 1226 1274 1279 1372 1421 1489 1593 1769 1888 1890 2010 2134 2152 2414 2482 2484 2492 2503 2622 2695 2700 2769 2849 2867 3001 3079 3111 3159 3402 3483 3654 3826 3827 3918 4062 4065 4183 4323 4463 4683 4752 4817 4844 4860 4914 5012 5131 5150 5194 5195 5337 5362 5465 5474 5685 5690 5873 5972 5994 6101 6198 6215 6280 6281 6333 6432 6453 6490 6614 6644 6747 6753 6833 6838 6965 6998 7030 7033 7195 7196 7287 7291 7475 7477 7554 7557 7714 7729 7830 7832 7967 7981 
S 3: 0 | 15 47 53 89 105 106 187 206 207 213 228 234 261 275 324 417 432 461 493 520 524 664 665 691 740 775 793 815 853 858 894 900 1125 1173 1174 1226 1274 1279 1372 1421 1489 1593 1769 1888 1890 2010 2134 2152 2414 2482 2484 2492 2503 2622 2695 2700 2769 2849 2867 3001 3079 3111 3159 3402 3483 3654 3826 3827 3918 4062 4065 4183 4323 4463 4683 4752 4817 4844 4860 4914 5012 5131 5150 5194 5195 5337 5362 5465 5474 5685 5690 5873 5972 5994 6101 6198 6215 6280 6281 6333 6432 6453 6490 6614 6644 6747 6753 6833 6838 6965 6998 7030 7033 7195 7196 7287 7291 7475 7477 7554 7557 7714 7729 7830 7832 7967 7981 
S 4: 0 | 15 47 53 89 105 106 187 206 207 213 228 234 261 275 324 417 432 461 493 520 524 664 665 691 740 775 793 815 853 858 894 900 1125 1173 1174 1226 1274 1279 1372 1421 1489 1593 1769 1888 1890 2010 2134 2152 2414 2482 2484 2492 2503 2622 2695 2700 2769 2849 2867 3001 3079 3111 3159 3402 3483 3654 3826 3827 3918 4062 4065 4183 4323 4463 4683 4752 4817 4844 4860 4914 5012 5131 5150 5194 5195 5337 5362 5465 5474 5685 5690 5873 5972 5994 6101 6198 6215 6280 6281 6333 6432 6453 6490 6614 6644 6747 6753 6833 6838 6965 6998 7030 7033 7195 7196 7287 7291 7475 7477 7554 7557 7714 7729 7830 7832 7967 7981 
S 5: 0 | 15 47 53 89 105 106 187 206 207 213 228 234 261 275 324 417 432 461 493 520 524 664 665 691 740 775 793 815 853 858 894 900 1125 1173 1174 1226 1274 1279 1372 1421 1489 1593 1769 1888 1890 2010 2134 2152 2414 2482 2484 2492 2503 2622 2695 2700 2769 2849 2867 3001 3079 3111 3159 3402 3483 3654 3826 3827 3918 4062 4065 4183 4323 4463 4683 4752 4817 4844 4860 4914 5012 5131 5150 5194 5195 5337 5362 5465 5474 5685 5690 5873 5972 5994 6101 6198 6215 6280 6281 6333 6432 6453 6490 6614 6644 6747 6753 6833 6838 6965 6998 7030 7033 7195 7196 7287 7291 7475 7477 7554 7557 7714 7729 7830 7832 7967 7981 
S 6: 0 | 15 47 53 89 105 106 187 206 207 213 228 234 261 275 324 417 432 461 493 520 524 664 665 691 740 775 793 815 853 858 894 900 1125 1173 1174 1226 1274 1279 1372 1421 1489 1593 1769 1888 1890 2010 2134 2152 2414 2482 2484 2492 2503 2622 2695 2700 2769 2849 2867 3001 3079 3111 3159 3402 3483 3654 3826 3827 3918 4062 4065 4183 4323 4463 4683 4752 4817 4844 4860 4914 5012 5131 5150 5194 5195 5337 5362 5465 5474 5685 5690 5873 5972 5994 6101 6198 6215 6280 6281 6333 6432 6453 6490 6614 6644 6747 6753 6833 6838 6965 6998 7030 7033 7195 7196 7287 7291 7475 7477 7554 7557 7714 7729 7830 7832 7967 7981 
S 7: 0 | 15 47 53 89 105 106 187 206 207 213 228 234 261 275 324 417 432 461 493 520 524 664 665 691 740 775 793 815 853 858 894 900 1125 1173 1174 1226 1274 1279 1372 1421 1489 1593 1769 1888 1890 2010 2134 2152 2414 2482 2484 2492 2503 2622 2695 2700 2769 2849 2867 3001 3079 3111 3159 3402 3483 3654 3826 3827 3918 4062 4065 4183 4323 4463 4683 4752 4817 4844 4860 4914 5012 5131 5150 5194 5195 5337 5362 5465 5474 5685 5690 5873 5972 5994 6101 6198 6215 6280 6281 6333 6432 6453 6490 6614 6644 6747 6753 6833 6838 6965 6998 7030 7033 7195 7196 7287 7291 7475 7477 7554 7557 7714 7729 7830 7832 7967 7981 
S 8: 0 | 15 47 53 89 105 106 187 206 207 213 228 234 261 275 324 417 432 461 493 520 524 664 665 691 740 775 793 815 853 858 894 900 1125 1173 1174 1226 1274 1279 1372 1421 1489 1593 1769 1888 1890 2010 2134 2152 2414 2482 2484 2492 2503 2622 2695 2700 2769 2849 2867 3001 3079 3111 3159 3402 3483 3654 3826 3827 3918 4062 4065 4183 4323 4463 4683 4752 4817 4844 4860 4914 5012 5131 5150 5194 5195 5337 5362 5465 5474 5685 5690 5873 5972 5994 6101 6198 6215 6280 6281 6333 6432 6453 6490 6614 6644 6747 6753 6833 6838 6965 6998 7030 7033 7195 7196 7287 7291 7475 7477 7554 7557 7714 7729 7830 7832 7967 7981 
S 9: 0 | 15 47 53 89 105 106 187 206 207 213 228 234 261 275 324 417 432 461 493 520 524 664 665 691 740 775 793 815 853 858 894 900 1125 1173 1174 1226 1274 1279 1372 1421 1489 1593 1769 1888 1890 2010 2134 2152 2414 2482 2484 2492 2503 2622 2695 2700 2769 2849 2867 3001 3079 3111 3159 3402 3483 3654 3826 3827 3918 4062 4065 4183 4323 4463 4683 4752 4817 4844 4860 4914 5012 5131 5150 5194 5195 5337 5362 5465 5474 5685 5690 5873 5972 5994 6101 6198 6215 6280 6281 6333 6432 6453 6490 6614 6644 6747 6753 6833 6838 6965 6998 7030 7033 7195 7196 7287 7291 7475 7477 7554 7557 7714 7729 7830 7832 7967 7981 
S 10: 0 | 15 47 53 89 105 106 187 206 207 213 228 234 261 275 324 417 432 461 493 520 524 664 665 691 740 775 793 815 853 858 894 900 1125 1173 1174 1226 1274 1279 1372 1421 1489 1593 1769 1888 1890 2010 2134 2152 2414 2482 2484 2492 2503 2622 2695 2700 2769 2849 2867 3001 3079 3111 3159 3402 3483 3654 3826 3827 3918 4062 4065 4183 4323 4463 4683 4752 4817 4844 4860 4914 5012 5131 5150 5194 5195 5337 5362 5465 5474 5685 5690 5873 5972 5994 6101 6198 6215 6280 6281 6333 6432 6453 6490 6614 6644 6747 6753 6833 6838 6965 6998 7030 7033 7195 7196 7287 7291 7475 7477 7554 7557 7714 7729 7830 7832 7967 7981 
S 11: 0 | 15 47 53 89 105 106 187 206 207 213 228 234 261 275 324 417 432 461 493 520 524 664 665 691 740 775 793 815 853 858 894 900 1125 1173 1174 1226 1274 1279 1372 1421 1489 1593 1769 1888 1890 2010 2134 2152 2414 2482 2484 2492 2503 2622 2695 2700 2769 2849 2867 3001 3079 3111 3159 3402 3483 3654 3826 3827 3918 4062 4065 4183 4323 4463 4683 4752 4817 4844 4860 4914 5012 5131 5150 5194 5195 5337 5362 5465 5474 5685 5690 5873 5972 5994 6101 6198 6215 6280 6281 6333 6432 6453 6490 6614 6644 6747 6753 6833 6838 6965 6998 7030 7033 7195 7196 7287 7291 7475 7477 7554 7557 7714 7729 7830 7832 7967 7981 
S 12: 0 | 15 47 53 89 105 106 187 206 207 213 228 234 261 275 324 417 432 461 493 520 524 664 665 691 740 775 793 815 853 858 894 900 1125 1173 1174 1226 1274 1279 1372 1421 1489 1593 1769 1888 1890 2010 2134 2152 2414 2482 2484 2492 2503 2622 2695 2700 2769 2849 2867 3001 3079 3111 3159 3402 3483 3654 3826 3827 3918 4062 4065 4183 4323 4463 4683 4752 4817 4844 4860 4914 5012 5131 5150 5194 5195 5337 5362 5465 5474 5685 5690 5873 5972 5994 6101 6198 6215 6280 6281 6333 6432 6453 6490 6614 6644 6747 6753 6833 6838 6965 6998 7030 7033 7195 7196 7287 7291 7475 7477 7554 7557 7714 7729 7830 7832 7967 7981 
S 13: 0 | 15 47 53 89 105 106 187 206 207 213 228 234 261 275 324 417 432 461 493 520 524 664 665 691 740 775 793 815 853 858 894 900 1125 1173 1174 1226 1274 1279 1372 1421 1489 1593 1769 1888 1890 2010 2134 2152 2414 2482 2484 2492 2503 2622 2695 2700 2769 2849 2867 3001 3079 3111 3159 3402 3483 3654 3826 3827 3918 4062 4065 4183 4323 4463 4683 4752 4817 4844 4860 4914 5012 5131 5150 5194 5195 5337 5362 5465 5474 5685 5690 5873 5972 5994 6101 6198 6215 6280 6281 6333 6432 6453 6490 6614 6644 6747 6753 6833 6838 6965 6998 7030 7033 7195 7196 7287 7291 7475 7477 7554 7557 7714 7729 7830 7832 7967 7981 
S 14: 0 | 15 47 53 89 105 106 187 206 207 213 228 234 261 275 324 417 432 461 493 520 524 664 665 691 740 775 793 815 853 858 894 900 1125 1173 1174 1226 1274 1279 1372 1421 1489 1593 1769 1888 1890 2010 2134 2152 2414 2482 2484 2492 2503 2622 2695 2700 2769 2849 2867 3001 3079 3111 3159 3402 3483 3654 3826 3827 3918 4062 4065 4183 4323 4463 4683 4752 4817 4844 4860 4914 5012 5131 5150 5194 5195 5337 5362 5465 5474 5685 5690 5873 5972 5994 6101 6198 6215 6280 6281 6333 6432 6453 6490 6614 6644 6747 6753 6833 6838 6965 6998 7030 7033 7195 7196 7287 7291 7475 7477 7554 7557 7714 7729 7830 7832 7967 7981 
S 15: 0 | 15 47 53 89 105 106 187 206 207 213 228 234 261 275 324 417 432 461 493 520 524 664 665 691 740 775 793 815 853 858 894 900 1125 1173 1174 1226 1274 1279 1372 1421 1489 1593 1769 1888 1890 2010 2134 2152 2414 2482 2484 2492 2503 2622 2695 2700 2769 2849 2867 3001 3079 3111 3159 3402 3483 3654 3826 3827 3918 4062 4065 4183 4323 4463 4683 4752 4817 4844 4860 4914 5012 5131 5150 5194 5195 5337 5362 5465 5474 5685 5690 5873 5972 5994 6101 6198 6215 6280 6281 6333 6432 6453 6490 6614 6644 6747 6753 6833 6838 6965 6998 7030 7033 7195 7196 7287 7291 7475 7477 7554 7557 7714 7729 7830 7832 7967 7981 
S 16: 0 | 15 47 53 89 105 106 187 206 207 213 228 234 261 275 324 417 432 461 493 520 524 664 665 691 740 775 793 815 853 858 894 900 1125 1173 1174 1226 1274 1279 1372 1421 1489 1593 1769 1888 1890 2010 2134 2152 2414 2482 2484 2492 2503 2622 2695 2700 2769 2849 2867 3001 3079 3111 3159 3402 3483 3654 3826 3827 3918 4062 4065 4183 4323 4463 4683 4752 4817 4844 4860 4914 5012 5131 5150 5194 5195 5337 5362 5465 5474 5685 5690 5873 5972 5994 6101 6198 6215 6280 6281 6333 6432 6453 6490 6614 6644 6747 6753 6833 6838 6965 6998 7030 7033 7195 7196 7287 7291 7475 7477 7554 7557 7714 7729 7830 7832 7967 7981 
S 17: 0 | 15 47 53 89 105 106 187 206 207 213 228 234 261 275 324 417 432 461 493 520 524 664 665 691 740 775 793 815 853 858 894 900 1125 1173 1174 1226 1274 1279 1372 1421 1489 1593 1769 1888 1890 2010 2134 2152 2414 2482 2484 2492 2503 2622 2695 2700 2769 2849 2867 3001 3079 3111 3159 3402 3483 3654 3826 3827 3918 4062 4065 4183 4323 4463 4683 4752 4817 4844 4860 4914 5012 5131 5150 5194 5195 5337 5362 5465 5474 5685 5690 5873 5972 5994 6101 6198 6215 6280 6281 6333 6432 6453 6490 6614 6644 6747 6753 6833 6838 6965 6998 7030 7033 7195 7196 7287 7291 7475 7477 7554 7557 7714 7729 7830 7832 7967 7981 
S 18: 0 | 15 47 53 89 105 106 187 206 207 213 228 234 261 275 324 417 432 461 493 520 524 664 665 691 740 775 793 815 853 858 894 900 1125 1173 1174 1226 1274 1279 1372 1421 1489 1593 1769 1888 1890 2010 2134 2152 2414 2482 2484 2492 2503 2622 2695 2700 2769 2849 2867 3001 3079 3111 3159 3402 3483 3654 3826 3827 3918 4062 4065 4183 4323 4463 4683 4752 4817 4844 4860 4914 5012 5131 5150 5194 5195 5337 5362 5465 5474 5685 5690 5873 5972 5994 6101 6198 6215 6280 6281 6333 6432 6453 6490 6614 6644 6747 6753 6833 6838 6965 6998 7030 7033 7195 7196 7287 7291 7475 7477 7554 7557 7714 7729 7830 7832 7967 7981 
S 19: 0 | 15 47 53 89 105 106 187 206 207 213 228 234 261 275 324 417 432 461 493 520 524 664 665 691 740 775 793 815 853 858 894 900 1125 1173 1174 1226 1274 1279 1372 1421 1489 1593 1769 1888 1890 2010 2134 2152 2414 2482 2484 2492 2503 2622 2695 2700 2769 2849 2867 3001 3079 3111 3159 3402 3483 3654 3826 3827 3918 4062 4065 4183 4323 4463 4683 4752 4817 4844 4860 4914 5012 5131 5150 5194 5195 5337 5362 5465 5474 5685 5690 5873 5972 5994 6101 6198 6215 6280 6281 6333 6432 6453 6490 6614 6644 6747 6753 6833 6838 6965 6998 7030 7033 7195 7196 7287 7291 7475 7477 7554 7557 7714 7729 7830 7832 7967 7981 
ALL EQUAL

Final time = 9522.05
Final solution cost = 120343
