Reading instance small_stp_instances/bier127_20_05.stp of type D
Finished instance reading
Number of vertices = 127
Number of edges (resources) = 8001
Number of scenarios = 20
Average number of terminals per scenario = 127
Probabilities of Scenarios: (0) 0.01 | (1) 0.14 | (2) 0.05 | (3) 0.03 | (4) 0.05 | (5) 0.02 | (6) 0.07 | (7) 0.03 | (8) 0.07 | (9) 0.06 | (10) 0.07 | (11) 0.05 | (12) 0.02 | (13) 0.08 | (14) 0.05 | (15) 0.04 | (16) 0.05 | (17) 0 | (18) 0.07 | (19) 0.04 | 
Average weighted inflation = 0.249939
Largest inflation = 0.499944
MAX_ITERATIONS_SINCE_LAST_IMPROVEMENT 2
MAX_ITERATIONS_SINCE_BEST_SOLUTION 3
Creating solution instance.
Starting Evolutive Framework.
Local search solution cost = 121566
Local search time = 12215.2
12215.2 local search - EF main loop cycle 0 solution cost 121566
12215.3s Cost of SP solution after second stage solver 121566
Local search solution cost = 121292
Local search time = 647.065
12862.3 local search - EF main loop cycle 1 solution cost 121292
12862.4s Cost of SP solution after second stage solver 121292
Local search solution cost = 121292
Local search time = 646.014
13508.4 local search - EF main loop cycle 2 solution cost 121292
13508.4s Cost of SP solution after second stage solver 121292
Local search solution cost = 121292
Local search time = 648.551
14157 local search - EF main loop cycle 3 solution cost 121292
14157s Cost of SP solution after second stage solver 121292
Number of cycles 4
Time for each cycle 3539.25
14157s Cost of SP solution after tail step 121292
SELECTED RESOURCES:
15 38 53 89 105 106 187 206 207 213 228 234 261 275 324 419 446 461 492 493 520 664 665 691 736 775 809 815 857 858 894 900 1126 1174 1180 1226 1268 1279 1374 1422 1477 1593 1769 1888 1890 2010 2134 2152 2414 2482 2484 2492 2503 2622 2695 2700 2769 2849 2867 3001 3079 3107 3159 3402 3483 3654 3826 3827 3918 4062 4065 4183 4323 4463 4683 4752 4817 4844 4861 4914 5012 5131 5150 5194 5195 5337 5362 5465 5474 5685 5690 5873 5972 5994 6101 6198 6215 6280 6281 6333 6432 6453 6490 6614 6644 6747 6753 6833 6838 6965 6998 7030 7033 7195 7196 7288 7292 7475 7477 7554 7558 7714 7729 7830 7832 7967 7981 
SCENARIO'S RESOURCES:
S 0: 0 | 15 38 53 89 105 106 187 206 207 213 228 234 261 275 324 419 446 461 492 493 520 664 665 691 736 775 809 815 857 858 894 900 1126 1174 1180 1226 1268 1279 1374 1422 1477 1593 1769 1888 1890 2010 2134 2152 2414 2482 2484 2492 2503 2622 2695 2700 2769 2849 2867 3001 3079 3107 3159 3402 3483 3654 3826 3827 3918 4062 4065 4183 4323 4463 4683 4752 4817 4844 4861 4914 5012 5131 5150 5194 5195 5337 5362 5465 5474 5685 5690 5873 5972 5994 6101 6198 6215 6280 6281 6333 6432 6453 6490 6614 6644 6747 6753 6833 6838 6965 6998 7030 7033 7195 7196 7288 7292 7475 7477 7554 7558 7714 7729 7830 7832 7967 7981 
S 1: 0 | 15 38 53 89 105 106 187 206 207 213 228 234 261 275 324 419 446 461 492 493 520 664 665 691 736 775 809 815 857 858 894 900 1126 1174 1180 1226 1268 1279 1374 1422 1477 1593 1769 1888 1890 2010 2134 2152 2414 2482 2484 2492 2503 2622 2695 2700 2769 2849 2867 3001 3079 3107 3159 3402 3483 3654 3826 3827 3918 4062 4065 4183 4323 4463 4683 4752 4817 4844 4861 4914 5012 5131 5150 5194 5195 5337 5362 5465 5474 5685 5690 5873 5972 5994 6101 6198 6215 6280 6281 6333 6432 6453 6490 6614 6644 6747 6753 6833 6838 6965 6998 7030 7033 7195 7196 7288 7292 7475 7477 7554 7558 7714 7729 7830 7832 7967 7981 
S 2: 0 | 15 38 53 89 105 106 187 206 207 213 228 234 261 275 324 419 446 461 492 493 520 664 665 691 736 775 809 815 857 858 894 900 1126 1174 1180 1226 1268 1279 1374 1422 1477 1593 1769 1888 1890 2010 2134 2152 2414 2482 2484 2492 2503 2622 2695 2700 2769 2849 2867 3001 3079 3107 3159 3402 3483 3654 3826 3827 3918 4062 4065 4183 4323 4463 4683 4752 4817 4844 4861 4914 5012 5131 5150 5194 5195 5337 5362 5465 5474 5685 5690 5873 5972 5994 6101 6198 6215 6280 6281 6333 6432 6453 6490 6614 6644 6747 6753 6833 6838 6965 6998 7030 7033 7195 7196 7288 7292 7475 7477 7554 7558 7714 7729 7830 7832 7967 7981 
S 3: 0 | 15 38 53 89 105 106 187 206 207 213 228 234 261 275 324 419 446 461 492 493 520 664 665 691 736 775 809 815 857 858 894 900 1126 1174 1180 1226 1268 1279 1374 1422 1477 1593 1769 1888 1890 2010 2134 2152 2414 2482 2484 2492 2503 2622 2695 2700 2769 2849 2867 3001 3079 3107 3159 3402 3483 3654 3826 3827 3918 4062 4065 4183 4323 4463 4683 4752 4817 4844 4861 4914 5012 5131 5150 5194 5195 5337 5362 5465 5474 5685 5690 5873 5972 5994 6101 6198 6215 6280 6281 6333 6432 6453 6490 6614 6644 6747 6753 6833 6838 6965 6998 7030 7033 7195 7196 7288 7292 7475 7477 7554 7558 7714 7729 7830 7832 7967 7981 
S 4: 0 | 15 38 53 89 105 106 187 206 207 213 228 234 261 275 324 419 446 461 492 493 520 664 665 691 736 775 809 815 857 858 894 900 1126 1174 1180 1226 1268 1279 1374 1422 1477 1593 1769 1888 1890 2010 2134 2152 2414 2482 2484 2492 2503 2622 2695 2700 2769 2849 2867 3001 3079 3107 3159 3402 3483 3654 3826 3827 3918 4062 4065 4183 4323 4463 4683 4752 4817 4844 4861 4914 5012 5131 5150 5194 5195 5337 5362 5465 5474 5685 5690 5873 5972 5994 6101 6198 6215 6280 6281 6333 6432 6453 6490 6614 6644 6747 6753 6833 6838 6965 6998 7030 7033 7195 7196 7288 7292 7475 7477 7554 7558 7714 7729 7830 7832 7967 7981 
S 5: 0 | 15 38 53 89 105 106 187 206 207 213 228 234 261 275 324 419 446 461 492 493 520 664 665 691 736 775 809 815 857 858 894 900 1126 1174 1180 1226 1268 1279 1374 1422 1477 1593 1769 1888 1890 2010 2134 2152 2414 2482 2484 2492 2503 2622 2695 2700 2769 2849 2867 3001 3079 3107 3159 3402 3483 3654 3826 3827 3918 4062 4065 4183 4323 4463 4683 4752 4817 4844 4861 4914 5012 5131 5150 5194 5195 5337 5362 5465 5474 5685 5690 5873 5972 5994 6101 6198 6215 6280 6281 6333 6432 6453 6490 6614 6644 6747 6753 6833 6838 6965 6998 7030 7033 7195 7196 7288 7292 7475 7477 7554 7558 7714 7729 7830 7832 7967 7981 
S 6: 0 | 15 38 53 89 105 106 187 206 207 213 228 234 261 275 324 419 446 461 492 493 520 664 665 691 736 775 809 815 857 858 894 900 1126 1174 1180 1226 1268 1279 1374 1422 1477 1593 1769 1888 1890 2010 2134 2152 2414 2482 2484 2492 2503 2622 2695 2700 2769 2849 2867 3001 3079 3107 3159 3402 3483 3654 3826 3827 3918 4062 4065 4183 4323 4463 4683 4752 4817 4844 4861 4914 5012 5131 5150 5194 5195 5337 5362 5465 5474 5685 5690 5873 5972 5994 6101 6198 6215 6280 6281 6333 6432 6453 6490 6614 6644 6747 6753 6833 6838 6965 6998 7030 7033 7195 7196 7288 7292 7475 7477 7554 7558 7714 7729 7830 7832 7967 7981 
S 7: 0 | 15 38 53 89 105 106 187 206 207 213 228 234 261 275 324 419 446 461 492 493 520 664 665 691 736 775 809 815 857 858 894 900 1126 1174 1180 1226 1268 1279 1374 1422 1477 1593 1769 1888 1890 2010 2134 2152 2414 2482 2484 2492 2503 2622 2695 2700 2769 2849 2867 3001 3079 3107 3159 3402 3483 3654 3826 3827 3918 4062 4065 4183 4323 4463 4683 4752 4817 4844 4861 4914 5012 5131 5150 5194 5195 5337 5362 5465 5474 5685 5690 5873 5972 5994 6101 6198 6215 6280 6281 6333 6432 6453 6490 6614 6644 6747 6753 6833 6838 6965 6998 7030 7033 7195 7196 7288 7292 7475 7477 7554 7558 7714 7729 7830 7832 7967 7981 
S 8: 0 | 15 38 53 89 105 106 187 206 207 213 228 234 261 275 324 419 446 461 492 493 520 664 665 691 736 775 809 815 857 858 894 900 1126 1174 1180 1226 1268 1279 1374 1422 1477 1593 1769 1888 1890 2010 2134 2152 2414 2482 2484 2492 2503 2622 2695 2700 2769 2849 2867 3001 3079 3107 3159 3402 3483 3654 3826 3827 3918 4062 4065 4183 4323 4463 4683 4752 4817 4844 4861 4914 5012 5131 5150 5194 5195 5337 5362 5465 5474 5685 5690 5873 5972 5994 6101 6198 6215 6280 6281 6333 6432 6453 6490 6614 6644 6747 6753 6833 6838 6965 6998 7030 7033 7195 7196 7288 7292 7475 7477 7554 7558 7714 7729 7830 7832 7967 7981 
S 9: 0 | 15 38 53 89 105 106 187 206 207 213 228 234 261 275 324 419 446 461 492 493 520 664 665 691 736 775 809 815 857 858 894 900 1126 1174 1180 1226 1268 1279 1374 1422 1477 1593 1769 1888 1890 2010 2134 2152 2414 2482 2484 2492 2503 2622 2695 2700 2769 2849 2867 3001 3079 3107 3159 3402 3483 3654 3826 3827 3918 4062 4065 4183 4323 4463 4683 4752 4817 4844 4861 4914 5012 5131 5150 5194 5195 5337 5362 5465 5474 5685 5690 5873 5972 5994 6101 6198 6215 6280 6281 6333 6432 6453 6490 6614 6644 6747 6753 6833 6838 6965 6998 7030 7033 7195 7196 7288 7292 7475 7477 7554 7558 7714 7729 7830 7832 7967 7981 
S 10: 0 | 15 38 53 89 105 106 187 206 207 213 228 234 261 275 324 419 446 461 492 493 520 664 665 691 736 775 809 815 857 858 894 900 1126 1174 1180 1226 1268 1279 1374 1422 1477 1593 1769 1888 1890 2010 2134 2152 2414 2482 2484 2492 2503 2622 2695 2700 2769 2849 2867 3001 3079 3107 3159 3402 3483 3654 3826 3827 3918 4062 4065 4183 4323 4463 4683 4752 4817 4844 4861 4914 5012 5131 5150 5194 5195 5337 5362 5465 5474 5685 5690 5873 5972 5994 6101 6198 6215 6280 6281 6333 6432 6453 6490 6614 6644 6747 6753 6833 6838 6965 6998 7030 7033 7195 7196 7288 7292 7475 7477 7554 7558 7714 7729 7830 7832 7967 7981 
S 11: 0 | 15 38 53 89 105 106 187 206 207 213 228 234 261 275 324 419 446 461 492 493 520 664 665 691 736 775 809 815 857 858 894 900 1126 1174 1180 1226 1268 1279 1374 1422 1477 1593 1769 1888 1890 2010 2134 2152 2414 2482 2484 2492 2503 2622 2695 2700 2769 2849 2867 3001 3079 3107 3159 3402 3483 3654 3826 3827 3918 4062 4065 4183 4323 4463 4683 4752 4817 4844 4861 4914 5012 5131 5150 5194 5195 5337 5362 5465 5474 5685 5690 5873 5972 5994 6101 6198 6215 6280 6281 6333 6432 6453 6490 6614 6644 6747 6753 6833 6838 6965 6998 7030 7033 7195 7196 7288 7292 7475 7477 7554 7558 7714 7729 7830 7832 7967 7981 
S 12: 0 | 15 38 53 89 105 106 187 206 207 213 228 234 261 275 324 419 446 461 492 493 520 664 665 691 736 775 809 815 857 858 894 900 1126 1174 1180 1226 1268 1279 1374 1422 1477 1593 1769 1888 1890 2010 2134 2152 2414 2482 2484 2492 2503 2622 2695 2700 2769 2849 2867 3001 3079 3107 3159 3402 3483 3654 3826 3827 3918 4062 4065 4183 4323 4463 4683 4752 4817 4844 4861 4914 5012 5131 5150 5194 5195 5337 5362 5465 5474 5685 5690 5873 5972 5994 6101 6198 6215 6280 6281 6333 6432 6453 6490 6614 6644 6747 6753 6833 6838 6965 6998 7030 7033 7195 7196 7288 7292 7475 7477 7554 7558 7714 7729 7830 7832 7967 7981 
S 13: 0 | 15 38 53 89 105 106 187 206 207 213 228 234 261 275 324 419 446 461 492 493 520 664 665 691 736 775 809 815 857 858 894 900 1126 1174 1180 1226 1268 1279 1374 1422 1477 1593 1769 1888 1890 2010 2134 2152 2414 2482 2484 2492 2503 2622 2695 2700 2769 2849 2867 3001 3079 3107 3159 3402 3483 3654 3826 3827 3918 4062 4065 4183 4323 4463 4683 4752 4817 4844 4861 4914 5012 5131 5150 5194 5195 5337 5362 5465 5474 5685 5690 5873 5972 5994 6101 6198 6215 6280 6281 6333 6432 6453 6490 6614 6644 6747 6753 6833 6838 6965 6998 7030 7033 7195 7196 7288 7292 7475 7477 7554 7558 7714 7729 7830 7832 7967 7981 
S 14: 0 | 15 38 53 89 105 106 187 206 207 213 228 234 261 275 324 419 446 461 492 493 520 664 665 691 736 775 809 815 857 858 894 900 1126 1174 1180 1226 1268 1279 1374 1422 1477 1593 1769 1888 1890 2010 2134 2152 2414 2482 2484 2492 2503 2622 2695 2700 2769 2849 2867 3001 3079 3107 3159 3402 3483 3654 3826 3827 3918 4062 4065 4183 4323 4463 4683 4752 4817 4844 4861 4914 5012 5131 5150 5194 5195 5337 5362 5465 5474 5685 5690 5873 5972 5994 6101 6198 6215 6280 6281 6333 6432 6453 6490 6614 6644 6747 6753 6833 6838 6965 6998 7030 7033 7195 7196 7288 7292 7475 7477 7554 7558 7714 7729 7830 7832 7967 7981 
S 15: 0 | 15 38 53 89 105 106 187 206 207 213 228 234 261 275 324 419 446 461 492 493 520 664 665 691 736 775 809 815 857 858 894 900 1126 1174 1180 1226 1268 1279 1374 1422 1477 1593 1769 1888 1890 2010 2134 2152 2414 2482 2484 2492 2503 2622 2695 2700 2769 2849 2867 3001 3079 3107 3159 3402 3483 3654 3826 3827 3918 4062 4065 4183 4323 4463 4683 4752 4817 4844 4861 4914 5012 5131 5150 5194 5195 5337 5362 5465 5474 5685 5690 5873 5972 5994 6101 6198 6215 6280 6281 6333 6432 6453 6490 6614 6644 6747 6753 6833 6838 6965 6998 7030 7033 7195 7196 7288 7292 7475 7477 7554 7558 7714 7729 7830 7832 7967 7981 
S 16: 0 | 15 38 53 89 105 106 187 206 207 213 228 234 261 275 324 419 446 461 492 493 520 664 665 691 736 775 809 815 857 858 894 900 1126 1174 1180 1226 1268 1279 1374 1422 1477 1593 1769 1888 1890 2010 2134 2152 2414 2482 2484 2492 2503 2622 2695 2700 2769 2849 2867 3001 3079 3107 3159 3402 3483 3654 3826 3827 3918 4062 4065 4183 4323 4463 4683 4752 4817 4844 4861 4914 5012 5131 5150 5194 5195 5337 5362 5465 5474 5685 5690 5873 5972 5994 6101 6198 6215 6280 6281 6333 6432 6453 6490 6614 6644 6747 6753 6833 6838 6965 6998 7030 7033 7195 7196 7288 7292 7475 7477 7554 7558 7714 7729 7830 7832 7967 7981 
S 17: 0 | 15 38 53 89 105 106 187 206 207 213 228 234 261 275 324 419 446 461 492 493 520 664 665 691 736 775 809 815 857 858 894 900 1126 1174 1180 1226 1268 1279 1374 1422 1477 1593 1769 1888 1890 2010 2134 2152 2414 2482 2484 2492 2503 2622 2695 2700 2769 2849 2867 3001 3079 3107 3159 3402 3483 3654 3826 3827 3918 4062 4065 4183 4323 4463 4683 4752 4817 4844 4861 4914 5012 5131 5150 5194 5195 5337 5362 5465 5474 5685 5690 5873 5972 5994 6101 6198 6215 6280 6281 6333 6432 6453 6490 6614 6644 6747 6753 6833 6838 6965 6998 7030 7033 7195 7196 7288 7292 7475 7477 7554 7558 7714 7729 7830 7832 7967 7981 
S 18: 0 | 15 38 53 89 105 106 187 206 207 213 228 234 261 275 324 419 446 461 492 493 520 664 665 691 736 775 809 815 857 858 894 900 1126 1174 1180 1226 1268 1279 1374 1422 1477 1593 1769 1888 1890 2010 2134 2152 2414 2482 2484 2492 2503 2622 2695 2700 2769 2849 2867 3001 3079 3107 3159 3402 3483 3654 3826 3827 3918 4062 4065 4183 4323 4463 4683 4752 4817 4844 4861 4914 5012 5131 5150 5194 5195 5337 5362 5465 5474 5685 5690 5873 5972 5994 6101 6198 6215 6280 6281 6333 6432 6453 6490 6614 6644 6747 6753 6833 6838 6965 6998 7030 7033 7195 7196 7288 7292 7475 7477 7554 7558 7714 7729 7830 7832 7967 7981 
S 19: 0 | 15 38 53 89 105 106 187 206 207 213 228 234 261 275 324 419 446 461 492 493 520 664 665 691 736 775 809 815 857 858 894 900 1126 1174 1180 1226 1268 1279 1374 1422 1477 1593 1769 1888 1890 2010 2134 2152 2414 2482 2484 2492 2503 2622 2695 2700 2769 2849 2867 3001 3079 3107 3159 3402 3483 3654 3826 3827 3918 4062 4065 4183 4323 4463 4683 4752 4817 4844 4861 4914 5012 5131 5150 5194 5195 5337 5362 5465 5474 5685 5690 5873 5972 5994 6101 6198 6215 6280 6281 6333 6432 6453 6490 6614 6644 6747 6753 6833 6838 6965 6998 7030 7033 7195 7196 7288 7292 7475 7477 7554 7558 7714 7729 7830 7832 7967 7981 
ALL EQUAL

Final time = 14157.1
Final solution cost = 121292
