Reading instance small_stp_instances/bier127_10_05.stp of type D
Finished instance reading
Number of vertices = 127
Number of edges (resources) = 8001
Number of scenarios = 10
Average number of terminals per scenario = 127
Probabilities of Scenarios: (0) 0.04 | (1) 0.06 | (2) 0.17 | (3) 0.06 | (4) 0.22 | (5) 0.09 | (6) 0.17 | (7) 0.06 | (8) 0.08 | (9) 0.05 | 
Average weighted inflation = 0.249965
Largest inflation = 0.499936
MAX_ITERATIONS_SINCE_LAST_IMPROVEMENT 2
MAX_ITERATIONS_SINCE_BEST_SOLUTION 3
Creating solution instance.
Starting Evolutive Framework.
Local search solution cost = 121876
Local search time = 8045.86
8045.86 local search - EF main loop cycle 0 solution cost 121876
8046.01s Cost of SP solution after second stage solver 121876
Local search solution cost = 120929
Local search time = 371.073
8417.08 local search - EF main loop cycle 1 solution cost 120929
8417.12s Cost of SP solution after second stage solver 120929
Local search solution cost = 120821
Local search time = 324.319
8741.44 local search - EF main loop cycle 2 solution cost 120821
8741.45s Cost of SP solution after second stage solver 120821
Local search solution cost = 120821
Local search time = 324.075
9065.53 local search - EF main loop cycle 3 solution cost 120821
9065.55s Cost of SP solution after second stage solver 120821
Number of cycles 4
Time for each cycle 2266.39
9065.56s Cost of SP solution after tail step 120821
SELECTED RESOURCES:
15 38 53 89 105 106 185 187 206 207 213 228 234 263 275 324 405 417 432 461 493 520 664 665 691 736 775 793 815 857 858 894 900 1126 1174 1180 1226 1268 1279 1374 1422 1477 1593 1769 1888 1890 2010 2134 2152 2414 2482 2484 2492 2503 2622 2695 2700 2769 2849 2867 3001 3079 3111 3159 3402 3483 3654 3826 3827 3924 4062 4065 4183 4323 4463 4687 4752 4817 4844 4853 4914 5012 5131 5150 5194 5195 5337 5362 5465 5676 5685 5873 5972 5994 6101 6198 6215 6280 6281 6432 6433 6453 6490 6614 6644 6747 6753 6833 6838 6965 6998 7030 7033 7195 7196 7287 7292 7475 7477 7554 7558 7714 7729 7830 7832 7967 7981 
SCENARIO'S RESOURCES:
S 0: 0 | 15 38 53 89 105 106 185 187 206 207 213 228 234 263 275 324 405 417 432 461 493 520 664 665 691 736 775 793 815 857 858 894 900 1126 1174 1180 1226 1268 1279 1374 1422 1477 1593 1769 1888 1890 2010 2134 2152 2414 2482 2484 2492 2503 2622 2695 2700 2769 2849 2867 3001 3079 3111 3159 3402 3483 3654 3826 3827 3924 4062 4065 4183 4323 4463 4687 4752 4817 4844 4853 4914 5012 5131 5150 5194 5195 5337 5362 5465 5676 5685 5873 5972 5994 6101 6198 6215 6280 6281 6432 6433 6453 6490 6614 6644 6747 6753 6833 6838 6965 6998 7030 7033 7195 7196 7287 7292 7475 7477 7554 7558 7714 7729 7830 7832 7967 7981 
S 1: 0 | 15 38 53 89 105 106 185 187 206 207 213 228 234 263 275 324 405 417 432 461 493 520 664 665 691 736 775 793 815 857 858 894 900 1126 1174 1180 1226 1268 1279 1374 1422 1477 1593 1769 1888 1890 2010 2134 2152 2414 2482 2484 2492 2503 2622 2695 2700 2769 2849 2867 3001 3079 3111 3159 3402 3483 3654 3826 3827 3924 4062 4065 4183 4323 4463 4687 4752 4817 4844 4853 4914 5012 5131 5150 5194 5195 5337 5362 5465 5676 5685 5873 5972 5994 6101 6198 6215 6280 6281 6432 6433 6453 6490 6614 6644 6747 6753 6833 6838 6965 6998 7030 7033 7195 7196 7287 7292 7475 7477 7554 7558 7714 7729 7830 7832 7967 7981 
S 2: 0 | 15 38 53 89 105 106 185 187 206 207 213 228 234 263 275 324 405 417 432 461 493 520 664 665 691 736 775 793 815 857 858 894 900 1126 1174 1180 1226 1268 1279 1374 1422 1477 1593 1769 1888 1890 2010 2134 2152 2414 2482 2484 2492 2503 2622 2695 2700 2769 2849 2867 3001 3079 3111 3159 3402 3483 3654 3826 3827 3924 4062 4065 4183 4323 4463 4687 4752 4817 4844 4853 4914 5012 5131 5150 5194 5195 5337 5362 5465 5676 5685 5873 5972 5994 6101 6198 6215 6280 6281 6432 6433 6453 6490 6614 6644 6747 6753 6833 6838 6965 6998 7030 7033 7195 7196 7287 7292 7475 7477 7554 7558 7714 7729 7830 7832 7967 7981 
S 3: 0 | 15 38 53 89 105 106 185 187 206 207 213 228 234 263 275 324 405 417 432 461 493 520 664 665 691 736 775 793 815 857 858 894 900 1126 1174 1180 1226 1268 1279 1374 1422 1477 1593 1769 1888 1890 2010 2134 2152 2414 2482 2484 2492 2503 2622 2695 2700 2769 2849 2867 3001 3079 3111 3159 3402 3483 3654 3826 3827 3924 4062 4065 4183 4323 4463 4687 4752 4817 4844 4853 4914 5012 5131 5150 5194 5195 5337 5362 5465 5676 5685 5873 5972 5994 6101 6198 6215 6280 6281 6432 6433 6453 6490 6614 6644 6747 6753 6833 6838 6965 6998 7030 7033 7195 7196 7287 7292 7475 7477 7554 7558 7714 7729 7830 7832 7967 7981 
S 4: 0 | 15 38 53 89 105 106 185 187 206 207 213 228 234 263 275 324 405 417 432 461 493 520 664 665 691 736 775 793 815 857 858 894 900 1126 1174 1180 1226 1268 1279 1374 1422 1477 1593 1769 1888 1890 2010 2134 2152 2414 2482 2484 2492 2503 2622 2695 2700 2769 2849 2867 3001 3079 3111 3159 3402 3483 3654 3826 3827 3924 4062 4065 4183 4323 4463 4687 4752 4817 4844 4853 4914 5012 5131 5150 5194 5195 5337 5362 5465 5676 5685 5873 5972 5994 6101 6198 6215 6280 6281 6432 6433 6453 6490 6614 6644 6747 6753 6833 6838 6965 6998 7030 7033 7195 7196 7287 7292 7475 7477 7554 7558 7714 7729 7830 7832 7967 7981 
S 5: 0 | 15 38 53 89 105 106 185 187 206 207 213 228 234 263 275 324 405 417 432 461 493 520 664 665 691 736 775 793 815 857 858 894 900 1126 1174 1180 1226 1268 1279 1374 1422 1477 1593 1769 1888 1890 2010 2134 2152 2414 2482 2484 2492 2503 2622 2695 2700 2769 2849 2867 3001 3079 3111 3159 3402 3483 3654 3826 3827 3924 4062 4065 4183 4323 4463 4687 4752 4817 4844 4853 4914 5012 5131 5150 5194 5195 5337 5362 5465 5676 5685 5873 5972 5994 6101 6198 6215 6280 6281 6432 6433 6453 6490 6614 6644 6747 6753 6833 6838 6965 6998 7030 7033 7195 7196 7287 7292 7475 7477 7554 7558 7714 7729 7830 7832 7967 7981 
S 6: 0 | 15 38 53 89 105 106 185 187 206 207 213 228 234 263 275 324 405 417 432 461 493 520 664 665 691 736 775 793 815 857 858 894 900 1126 1174 1180 1226 1268 1279 1374 1422 1477 1593 1769 1888 1890 2010 2134 2152 2414 2482 2484 2492 2503 2622 2695 2700 2769 2849 2867 3001 3079 3111 3159 3402 3483 3654 3826 3827 3924 4062 4065 4183 4323 4463 4687 4752 4817 4844 4853 4914 5012 5131 5150 5194 5195 5337 5362 5465 5676 5685 5873 5972 5994 6101 6198 6215 6280 6281 6432 6433 6453 6490 6614 6644 6747 6753 6833 6838 6965 6998 7030 7033 7195 7196 7287 7292 7475 7477 7554 7558 7714 7729 7830 7832 7967 7981 
S 7: 0 | 15 38 53 89 105 106 185 187 206 207 213 228 234 263 275 324 405 417 432 461 493 520 664 665 691 736 775 793 815 857 858 894 900 1126 1174 1180 1226 1268 1279 1374 1422 1477 1593 1769 1888 1890 2010 2134 2152 2414 2482 2484 2492 2503 2622 2695 2700 2769 2849 2867 3001 3079 3111 3159 3402 3483 3654 3826 3827 3924 4062 4065 4183 4323 4463 4687 4752 4817 4844 4853 4914 5012 5131 5150 5194 5195 5337 5362 5465 5676 5685 5873 5972 5994 6101 6198 6215 6280 6281 6432 6433 6453 6490 6614 6644 6747 6753 6833 6838 6965 6998 7030 7033 7195 7196 7287 7292 7475 7477 7554 7558 7714 7729 7830 7832 7967 7981 
S 8: 0 | 15 38 53 89 105 106 185 187 206 207 213 228 234 263 275 324 405 417 432 461 493 520 664 665 691 736 775 793 815 857 858 894 900 1126 1174 1180 1226 1268 1279 1374 1422 1477 1593 1769 1888 1890 2010 2134 2152 2414 2482 2484 2492 2503 2622 2695 2700 2769 2849 2867 3001 3079 3111 3159 3402 3483 3654 3826 3827 3924 4062 4065 4183 4323 4463 4687 4752 4817 4844 4853 4914 5012 5131 5150 5194 5195 5337 5362 5465 5676 5685 5873 5972 5994 6101 6198 6215 6280 6281 6432 6433 6453 6490 6614 6644 6747 6753 6833 6838 6965 6998 7030 7033 7195 7196 7287 7292 7475 7477 7554 7558 7714 7729 7830 7832 7967 7981 
S 9: 0 | 15 38 53 89 105 106 185 187 206 207 213 228 234 263 275 324 405 417 432 461 493 520 664 665 691 736 775 793 815 857 858 894 900 1126 1174 1180 1226 1268 1279 1374 1422 1477 1593 1769 1888 1890 2010 2134 2152 2414 2482 2484 2492 2503 2622 2695 2700 2769 2849 2867 3001 3079 3111 3159 3402 3483 3654 3826 3827 3924 4062 4065 4183 4323 4463 4687 4752 4817 4844 4853 4914 5012 5131 5150 5194 5195 5337 5362 5465 5676 5685 5873 5972 5994 6101 6198 6215 6280 6281 6432 6433 6453 6490 6614 6644 6747 6753 6833 6838 6965 6998 7030 7033 7195 7196 7287 7292 7475 7477 7554 7558 7714 7729 7830 7832 7967 7981 
ALL EQUAL

Final time = 9065.6
Final solution cost = 120821
