Reading instance small_stp_instances/bier127_5_05.stp of type D
Finished instance reading
Number of vertices = 127
Number of edges (resources) = 8001
Number of scenarios = 5
Average number of terminals per scenario = 127
Probabilities of Scenarios: (0) 0.26 | (1) 0.08 | (2) 0.14 | (3) 0.28 | (4) 0.24 | 
Average weighted inflation = 0.249977
Largest inflation = 0.499929
MAX_ITERATIONS_SINCE_LAST_IMPROVEMENT 2
MAX_ITERATIONS_SINCE_BEST_SOLUTION 3
Creating solution instance.
Starting Evolutive Framework.
Local search solution cost = 120653
Local search time = 2725.92
2725.92 local search - EF main loop cycle 0 solution cost 120653
2725.95s Cost of SP solution after second stage solver 120653
Local search solution cost = 120344
Local search time = 162.579
2888.53 local search - EF main loop cycle 1 solution cost 120344
2888.54s Cost of SP solution after second stage solver 120344
Local search solution cost = 120344
Local search time = 163.611
3052.15 local search - EF main loop cycle 2 solution cost 120344
3052.16s Cost of SP solution after second stage solver 120344
Local search solution cost = 120344
Local search time = 163.648
3215.8 local search - EF main loop cycle 3 solution cost 120344
3215.81s Cost of SP solution after second stage solver 120344
Number of cycles 4
Time for each cycle 803.953
3215.82s Cost of SP solution after tail step 120344
SELECTED RESOURCES:
0 47 53 89 105 156 187 206 213 230 249 261 275 324 417 432 461 492 493 520 645 665 691 740 775 793 815 853 858 894 900 937 1126 1174 1180 1188 1226 1374 1422 1477 1536 1590 1593 1769 1888 1890 2010 2134 2152 2414 2482 2484 2492 2502 2622 2695 2700 2769 2849 2867 3001 3079 3111 3159 3402 3483 3654 3740 3827 3918 4065 4183 4323 4463 4683 4752 4817 4844 4908 4941 5012 5131 5150 5194 5195 5362 5465 5474 5685 5690 5865 5873 5970 5989 6101 6198 6215 6279 6280 6333 6432 6450 6453 6614 6644 6747 6753 6833 6838 6965 6998 7027 7030 7144 7195 7288 7292 7475 7477 7554 7568 7714 7729 7830 7832 7967 7981 
SCENARIO'S RESOURCES:
S 0: 0 | 0 47 53 89 105 156 187 206 213 230 249 261 275 324 417 432 461 492 493 520 645 665 691 740 775 793 815 853 858 894 900 937 1126 1174 1180 1188 1226 1374 1422 1477 1536 1590 1593 1769 1888 1890 2010 2134 2152 2414 2482 2484 2492 2502 2622 2695 2700 2769 2849 2867 3001 3079 3111 3159 3402 3483 3654 3740 3827 3918 4065 4183 4323 4463 4683 4752 4817 4844 4908 4941 5012 5131 5150 5194 5195 5362 5465 5474 5685 5690 5865 5873 5970 5989 6101 6198 6215 6279 6280 6333 6432 6450 6453 6614 6644 6747 6753 6833 6838 6965 6998 7027 7030 7144 7195 7288 7292 7475 7477 7554 7568 7714 7729 7830 7832 7967 7981 
S 1: 0 | 0 47 53 89 105 156 187 206 213 230 249 261 275 324 417 432 461 492 493 520 645 665 691 740 775 793 815 853 858 894 900 937 1126 1174 1180 1188 1226 1374 1422 1477 1536 1590 1593 1769 1888 1890 2010 2134 2152 2414 2482 2484 2492 2502 2622 2695 2700 2769 2849 2867 3001 3079 3111 3159 3402 3483 3654 3740 3827 3918 4065 4183 4323 4463 4683 4752 4817 4844 4908 4941 5012 5131 5150 5194 5195 5362 5465 5474 5685 5690 5865 5873 5970 5989 6101 6198 6215 6279 6280 6333 6432 6450 6453 6614 6644 6747 6753 6833 6838 6965 6998 7027 7030 7144 7195 7288 7292 7475 7477 7554 7568 7714 7729 7830 7832 7967 7981 
S 2: 0 | 0 47 53 89 105 156 187 206 213 230 249 261 275 324 417 432 461 492 493 520 645 665 691 740 775 793 815 853 858 894 900 937 1126 1174 1180 1188 1226 1374 1422 1477 1536 1590 1593 1769 1888 1890 2010 2134 2152 2414 2482 2484 2492 2502 2622 2695 2700 2769 2849 2867 3001 3079 3111 3159 3402 3483 3654 3740 3827 3918 4065 4183 4323 4463 4683 4752 4817 4844 4908 4941 5012 5131 5150 5194 5195 5362 5465 5474 5685 5690 5865 5873 5970 5989 6101 6198 6215 6279 6280 6333 6432 6450 6453 6614 6644 6747 6753 6833 6838 6965 6998 7027 7030 7144 7195 7288 7292 7475 7477 7554 7568 7714 7729 7830 7832 7967 7981 
S 3: 0 | 0 47 53 89 105 156 187 206 213 230 249 261 275 324 417 432 461 492 493 520 645 665 691 740 775 793 815 853 858 894 900 937 1126 1174 1180 1188 1226 1374 1422 1477 1536 1590 1593 1769 1888 1890 2010 2134 2152 2414 2482 2484 2492 2502 2622 2695 2700 2769 2849 2867 3001 3079 3111 3159 3402 3483 3654 3740 3827 3918 4065 4183 4323 4463 4683 4752 4817 4844 4908 4941 5012 5131 5150 5194 5195 5362 5465 5474 5685 5690 5865 5873 5970 5989 6101 6198 6215 6279 6280 6333 6432 6450 6453 6614 6644 6747 6753 6833 6838 6965 6998 7027 7030 7144 7195 7288 7292 7475 7477 7554 7568 7714 7729 7830 7832 7967 7981 
S 4: 0 | 0 47 53 89 105 156 187 206 213 230 249 261 275 324 417 432 461 492 493 520 645 665 691 740 775 793 815 853 858 894 900 937 1126 1174 1180 1188 1226 1374 1422 1477 1536 1590 1593 1769 1888 1890 2010 2134 2152 2414 2482 2484 2492 2502 2622 2695 2700 2769 2849 2867 3001 3079 3111 3159 3402 3483 3654 3740 3827 3918 4065 4183 4323 4463 4683 4752 4817 4844 4908 4941 5012 5131 5150 5194 5195 5362 5465 5474 5685 5690 5865 5873 5970 5989 6101 6198 6215 6279 6280 6333 6432 6450 6453 6614 6644 6747 6753 6833 6838 6965 6998 7027 7030 7144 7195 7288 7292 7475 7477 7554 7568 7714 7729 7830 7832 7967 7981 
ALL EQUAL

Final time = 3215.84
Final solution cost = 120344
