Reading instance small_stp_instances/bier127_10_03.stp of type D
Finished instance reading
Number of vertices = 127
Number of edges (resources) = 8001
Number of scenarios = 10
Average number of terminals per scenario = 127
Probabilities of Scenarios: (0) 0.13 | (1) 0.04 | (2) 0.07 | (3) 0.08 | (4) 0.04 | (5) 0.08 | (6) 0.12 | (7) 0.01 | (8) 0.24 | (9) 0.19 | 
Average weighted inflation = 0.150109
Largest inflation = 0.299961
MAX_ITERATIONS_SINCE_LAST_IMPROVEMENT 2
MAX_ITERATIONS_SINCE_BEST_SOLUTION 3
Creating solution instance.
Starting Evolutive Framework.
Local search solution cost = 119716
Local search time = 4250.55
4250.56 local search - EF main loop cycle 0 solution cost 119716
4250.57s Cost of SP solution after second stage solver 119716
Local search solution cost = 119605
Local search time = 321.086
4571.66 local search - EF main loop cycle 1 solution cost 119605
4571.67s Cost of SP solution after second stage solver 119605
Local search solution cost = 119605
Local search time = 321.112
4892.79 local search - EF main loop cycle 2 solution cost 119605
4892.8s Cost of SP solution after second stage solver 119605
Number of cycles 3
Time for each cycle 1630.93
4892.82s Cost of SP solution after tail step 119605
SELECTED RESOURCES:
15 47 53 89 105 106 187 206 207 213 228 234 261 275 324 417 432 461 493 520 527 664 665 691 740 775 793 815 853 858 894 900 1125 1173 1174 1188 1226 1274 1279 1372 1421 1489 1593 1769 1888 1890 2010 2134 2152 2414 2482 2484 2492 2503 2622 2695 2700 2769 2849 2867 3001 3079 3111 3159 3402 3483 3654 3740 3827 3918 4062 4065 4183 4323 4463 4683 4752 4817 4844 4860 4914 5012 5131 5150 5194 5195 5362 5465 5474 5685 5690 5865 5873 5970 5989 6101 6198 6215 6280 6281 6333 6432 6453 6614 6644 6747 6753 6833 6838 6965 6998 7030 7135 7195 7196 7287 7288 7475 7477 7554 7557 7714 7729 7830 7832 7967 7981 
SCENARIO'S RESOURCES:
S 0: 0 | 15 47 53 89 105 106 187 206 207 213 228 234 261 275 324 417 432 461 493 520 527 664 665 691 740 775 793 815 853 858 894 900 1125 1173 1174 1188 1226 1274 1279 1372 1421 1489 1593 1769 1888 1890 2010 2134 2152 2414 2482 2484 2492 2503 2622 2695 2700 2769 2849 2867 3001 3079 3111 3159 3402 3483 3654 3740 3827 3918 4062 4065 4183 4323 4463 4683 4752 4817 4844 4860 4914 5012 5131 5150 5194 5195 5362 5465 5474 5685 5690 5865 5873 5970 5989 6101 6198 6215 6280 6281 6333 6432 6453 6614 6644 6747 6753 6833 6838 6965 6998 7030 7135 7195 7196 7287 7288 7475 7477 7554 7557 7714 7729 7830 7832 7967 7981 
S 1: 0 | 15 47 53 89 105 106 187 206 207 213 228 234 261 275 324 417 432 461 493 520 527 664 665 691 740 775 793 815 853 858 894 900 1125 1173 1174 1188 1226 1274 1279 1372 1421 1489 1593 1769 1888 1890 2010 2134 2152 2414 2482 2484 2492 2503 2622 2695 2700 2769 2849 2867 3001 3079 3111 3159 3402 3483 3654 3740 3827 3918 4062 4065 4183 4323 4463 4683 4752 4817 4844 4860 4914 5012 5131 5150 5194 5195 5362 5465 5474 5685 5690 5865 5873 5970 5989 6101 6198 6215 6280 6281 6333 6432 6453 6614 6644 6747 6753 6833 6838 6965 6998 7030 7135 7195 7196 7287 7288 7475 7477 7554 7557 7714 7729 7830 7832 7967 7981 
S 2: 0 | 15 47 53 89 105 106 187 206 207 213 228 234 261 275 324 417 432 461 493 520 527 664 665 691 740 775 793 815 853 858 894 900 1125 1173 1174 1188 1226 1274 1279 1372 1421 1489 1593 1769 1888 1890 2010 2134 2152 2414 2482 2484 2492 2503 2622 2695 2700 2769 2849 2867 3001 3079 3111 3159 3402 3483 3654 3740 3827 3918 4062 4065 4183 4323 4463 4683 4752 4817 4844 4860 4914 5012 5131 5150 5194 5195 5362 5465 5474 5685 5690 5865 5873 5970 5989 6101 6198 6215 6280 6281 6333 6432 6453 6614 6644 6747 6753 6833 6838 6965 6998 7030 7135 7195 7196 7287 7288 7475 7477 7554 7557 7714 7729 7830 7832 7967 7981 
S 3: 0 | 15 47 53 89 105 106 187 206 207 213 228 234 261 275 324 417 432 461 493 520 527 664 665 691 740 775 793 815 853 858 894 900 1125 1173 1174 1188 1226 1274 1279 1372 1421 1489 1593 1769 1888 1890 2010 2134 2152 2414 2482 2484 2492 2503 2622 2695 2700 2769 2849 2867 3001 3079 3111 3159 3402 3483 3654 3740 3827 3918 4062 4065 4183 4323 4463 4683 4752 4817 4844 4860 4914 5012 5131 5150 5194 5195 5362 5465 5474 5685 5690 5865 5873 5970 5989 6101 6198 6215 6280 6281 6333 6432 6453 6614 6644 6747 6753 6833 6838 6965 6998 7030 7135 7195 7196 7287 7288 7475 7477 7554 7557 7714 7729 7830 7832 7967 7981 
S 4: 0 | 15 47 53 89 105 106 187 206 207 213 228 234 261 275 324 417 432 461 493 520 527 664 665 691 740 775 793 815 853 858 894 900 1125 1173 1174 1188 1226 1274 1279 1372 1421 1489 1593 1769 1888 1890 2010 2134 2152 2414 2482 2484 2492 2503 2622 2695 2700 2769 2849 2867 3001 3079 3111 3159 3402 3483 3654 3740 3827 3918 4062 4065 4183 4323 4463 4683 4752 4817 4844 4860 4914 5012 5131 5150 5194 5195 5362 5465 5474 5685 5690 5865 5873 5970 5989 6101 6198 6215 6280 6281 6333 6432 6453 6614 6644 6747 6753 6833 6838 6965 6998 7030 7135 7195 7196 7287 7288 7475 7477 7554 7557 7714 7729 7830 7832 7967 7981 
S 5: 0 | 15 47 53 89 105 106 187 206 207 213 228 234 261 275 324 417 432 461 493 520 527 664 665 691 740 775 793 815 853 858 894 900 1125 1173 1174 1188 1226 1274 1279 1372 1421 1489 1593 1769 1888 1890 2010 2134 2152 2414 2482 2484 2492 2503 2622 2695 2700 2769 2849 2867 3001 3079 3111 3159 3402 3483 3654 3740 3827 3918 4062 4065 4183 4323 4463 4683 4752 4817 4844 4860 4914 5012 5131 5150 5194 5195 5362 5465 5474 5685 5690 5865 5873 5970 5989 6101 6198 6215 6280 6281 6333 6432 6453 6614 6644 6747 6753 6833 6838 6965 6998 7030 7135 7195 7196 7287 7288 7475 7477 7554 7557 7714 7729 7830 7832 7967 7981 
S 6: 0 | 15 47 53 89 105 106 187 206 207 213 228 234 261 275 324 417 432 461 493 520 527 664 665 691 740 775 793 815 853 858 894 900 1125 1173 1174 1188 1226 1274 1279 1372 1421 1489 1593 1769 1888 1890 2010 2134 2152 2414 2482 2484 2492 2503 2622 2695 2700 2769 2849 2867 3001 3079 3111 3159 3402 3483 3654 3740 3827 3918 4062 4065 4183 4323 4463 4683 4752 4817 4844 4860 4914 5012 5131 5150 5194 5195 5362 5465 5474 5685 5690 5865 5873 5970 5989 6101 6198 6215 6280 6281 6333 6432 6453 6614 6644 6747 6753 6833 6838 6965 6998 7030 7135 7195 7196 7287 7288 7475 7477 7554 7557 7714 7729 7830 7832 7967 7981 
S 7: 0 | 15 47 53 89 105 106 187 206 207 213 228 234 261 275 324 417 432 461 493 520 527 664 665 691 740 775 793 815 853 858 894 900 1125 1173 1174 1188 1226 1274 1279 1372 1421 1489 1593 1769 1888 1890 2010 2134 2152 2414 2482 2484 2492 2503 2622 2695 2700 2769 2849 2867 3001 3079 3111 3159 3402 3483 3654 3740 3827 3918 4062 4065 4183 4323 4463 4683 4752 4817 4844 4860 4914 5012 5131 5150 5194 5195 5362 5465 5474 5685 5690 5865 5873 5970 5989 6101 6198 6215 6280 6281 6333 6432 6453 6614 6644 6747 6753 6833 6838 6965 6998 7030 7135 7195 7196 7287 7288 7475 7477 7554 7557 7714 7729 7830 7832 7967 7981 
S 8: 0 | 15 47 53 89 105 106 187 206 207 213 228 234 261 275 324 417 432 461 493 520 527 664 665 691 740 775 793 815 853 858 894 900 1125 1173 1174 1188 1226 1274 1279 1372 1421 1489 1593 1769 1888 1890 2010 2134 2152 2414 2482 2484 2492 2503 2622 2695 2700 2769 2849 2867 3001 3079 3111 3159 3402 3483 3654 3740 3827 3918 4062 4065 4183 4323 4463 4683 4752 4817 4844 4860 4914 5012 5131 5150 5194 5195 5362 5465 5474 5685 5690 5865 5873 5970 5989 6101 6198 6215 6280 6281 6333 6432 6453 6614 6644 6747 6753 6833 6838 6965 6998 7030 7135 7195 7196 7287 7288 7475 7477 7554 7557 7714 7729 7830 7832 7967 7981 
S 9: 0 | 15 47 53 89 105 106 187 206 207 213 228 234 261 275 324 417 432 461 493 520 527 664 665 691 740 775 793 815 853 858 894 900 1125 1173 1174 1188 1226 1274 1279 1372 1421 1489 1593 1769 1888 1890 2010 2134 2152 2414 2482 2484 2492 2503 2622 2695 2700 2769 2849 2867 3001 3079 3111 3159 3402 3483 3654 3740 3827 3918 4062 4065 4183 4323 4463 4683 4752 4817 4844 4860 4914 5012 5131 5150 5194 5195 5362 5465 5474 5685 5690 5865 5873 5970 5989 6101 6198 6215 6280 6281 6333 6432 6453 6614 6644 6747 6753 6833 6838 6965 6998 7030 7135 7195 7196 7287 7288 7475 7477 7554 7557 7714 7729 7830 7832 7967 7981 
ALL EQUAL

Final time = 4892.85
Final solution cost = 119605
