Reading instance small_stp_instances/bier127_10_10.stp of type D
Finished instance reading
Number of vertices = 127
Number of edges (resources) = 8001
Number of scenarios = 10
Average number of terminals per scenario = 127
Probabilities of Scenarios: (0) 0.05 | (1) 0.01 | (2) 0.21 | (3) 0.01 | (4) 0.09 | (5) 0.15 | (6) 0.08 | (7) 0.11 | (8) 0.09 | (9) 0.2 | 
Average weighted inflation = 0.499926
Largest inflation = 0.999849
MAX_ITERATIONS_SINCE_LAST_IMPROVEMENT 2
MAX_ITERATIONS_SINCE_BEST_SOLUTION 3
Creating solution instance.
Starting Evolutive Framework.
Local search solution cost = 126845
Local search time = 5641.89
5641.89 local search - EF main loop cycle 0 solution cost 126845
5642.06s Cost of SP solution after second stage solver 126845
Local search solution cost = 124409
Local search time = 352.785
5994.85 local search - EF main loop cycle 1 solution cost 124409
5994.86s Cost of SP solution after second stage solver 124409
Local search solution cost = 124409
Local search time = 336.142
6331.01 local search - EF main loop cycle 2 solution cost 124409
6331.02s Cost of SP solution after second stage solver 124409
Local search solution cost = 124409
Local search time = 336.961
6667.98 local search - EF main loop cycle 3 solution cost 124409
6668s Cost of SP solution after second stage solver 124409
Number of cycles 4
Time for each cycle 1667
6668.01s Cost of SP solution after tail step 124409
SELECTED RESOURCES:
0 30 53 89 105 118 160 187 206 207 213 228 258 275 324 446 461 492 493 520 629 665 691 736 775 809 816 857 858 894 900 1126 1174 1180 1226 1268 1279 1374 1422 1477 1593 1769 1888 1890 2134 2144 2277 2414 2482 2484 2492 2507 2622 2700 2769 2849 2867 2923 3001 3032 3107 3159 3402 3483 3739 3826 3827 3918 4062 4065 4183 4323 4463 4683 4752 4817 4844 4860 4914 5012 5131 5150 5194 5195 5337 5362 5370 5465 5474 5674 5690 5873 5971 5994 6101 6198 6215 6273 6279 6334 6338 6453 6490 6614 6644 6747 6753 6833 6838 6965 6998 7030 7033 7195 7196 7288 7292 7475 7477 7554 7558 7714 7729 7830 7832 7967 7981 
SCENARIO'S RESOURCES:
S 0: 0 | 0 30 53 89 105 118 160 187 206 207 213 228 258 275 324 446 461 492 493 520 629 665 691 736 775 809 816 857 858 894 900 1126 1174 1180 1226 1268 1279 1374 1422 1477 1593 1769 1888 1890 2134 2144 2277 2414 2482 2484 2492 2507 2622 2700 2769 2849 2867 2923 3001 3032 3107 3159 3402 3483 3739 3826 3827 3918 4062 4065 4183 4323 4463 4683 4752 4817 4844 4860 4914 5012 5131 5150 5194 5195 5337 5362 5370 5465 5474 5674 5690 5873 5971 5994 6101 6198 6215 6273 6279 6334 6338 6453 6490 6614 6644 6747 6753 6833 6838 6965 6998 7030 7033 7195 7196 7288 7292 7475 7477 7554 7558 7714 7729 7830 7832 7967 7981 
S 1: 0 | 0 30 53 89 105 118 160 187 206 207 213 228 258 275 324 446 461 492 493 520 629 665 691 736 775 809 816 857 858 894 900 1126 1174 1180 1226 1268 1279 1374 1422 1477 1593 1769 1888 1890 2134 2144 2277 2414 2482 2484 2492 2507 2622 2700 2769 2849 2867 2923 3001 3032 3107 3159 3402 3483 3739 3826 3827 3918 4062 4065 4183 4323 4463 4683 4752 4817 4844 4860 4914 5012 5131 5150 5194 5195 5337 5362 5370 5465 5474 5674 5690 5873 5971 5994 6101 6198 6215 6273 6279 6334 6338 6453 6490 6614 6644 6747 6753 6833 6838 6965 6998 7030 7033 7195 7196 7288 7292 7475 7477 7554 7558 7714 7729 7830 7832 7967 7981 
S 2: 0 | 0 30 53 89 105 118 160 187 206 207 213 228 258 275 324 446 461 492 493 520 629 665 691 736 775 809 816 857 858 894 900 1126 1174 1180 1226 1268 1279 1374 1422 1477 1593 1769 1888 1890 2134 2144 2277 2414 2482 2484 2492 2507 2622 2700 2769 2849 2867 2923 3001 3032 3107 3159 3402 3483 3739 3826 3827 3918 4062 4065 4183 4323 4463 4683 4752 4817 4844 4860 4914 5012 5131 5150 5194 5195 5337 5362 5370 5465 5474 5674 5690 5873 5971 5994 6101 6198 6215 6273 6279 6334 6338 6453 6490 6614 6644 6747 6753 6833 6838 6965 6998 7030 7033 7195 7196 7288 7292 7475 7477 7554 7558 7714 7729 7830 7832 7967 7981 
S 3: 0 | 0 30 53 89 105 118 160 187 206 207 213 228 258 275 324 446 461 492 493 520 629 665 691 736 775 809 816 857 858 894 900 1126 1174 1180 1226 1268 1279 1374 1422 1477 1593 1769 1888 1890 2134 2144 2277 2414 2482 2484 2492 2507 2622 2700 2769 2849 2867 2923 3001 3032 3107 3159 3402 3483 3739 3826 3827 3918 4062 4065 4183 4323 4463 4683 4752 4817 4844 4860 4914 5012 5131 5150 5194 5195 5337 5362 5370 5465 5474 5674 5690 5873 5971 5994 6101 6198 6215 6273 6279 6334 6338 6453 6490 6614 6644 6747 6753 6833 6838 6965 6998 7030 7033 7195 7196 7288 7292 7475 7477 7554 7558 7714 7729 7830 7832 7967 7981 
S 4: 0 | 0 30 53 89 105 118 160 187 206 207 213 228 258 275 324 446 461 492 493 520 629 665 691 736 775 809 816 857 858 894 900 1126 1174 1180 1226 1268 1279 1374 1422 1477 1593 1769 1888 1890 2134 2144 2277 2414 2482 2484 2492 2507 2622 2700 2769 2849 2867 2923 3001 3032 3107 3159 3402 3483 3739 3826 3827 3918 4062 4065 4183 4323 4463 4683 4752 4817 4844 4860 4914 5012 5131 5150 5194 5195 5337 5362 5370 5465 5474 5674 5690 5873 5971 5994 6101 6198 6215 6273 6279 6334 6338 6453 6490 6614 6644 6747 6753 6833 6838 6965 6998 7030 7033 7195 7196 7288 7292 7475 7477 7554 7558 7714 7729 7830 7832 7967 7981 
S 5: 0 | 0 30 53 89 105 118 160 187 206 207 213 228 258 275 324 446 461 492 493 520 629 665 691 736 775 809 816 857 858 894 900 1126 1174 1180 1226 1268 1279 1374 1422 1477 1593 1769 1888 1890 2134 2144 2277 2414 2482 2484 2492 2507 2622 2700 2769 2849 2867 2923 3001 3032 3107 3159 3402 3483 3739 3826 3827 3918 4062 4065 4183 4323 4463 4683 4752 4817 4844 4860 4914 5012 5131 5150 5194 5195 5337 5362 5370 5465 5474 5674 5690 5873 5971 5994 6101 6198 6215 6273 6279 6334 6338 6453 6490 6614 6644 6747 6753 6833 6838 6965 6998 7030 7033 7195 7196 7288 7292 7475 7477 7554 7558 7714 7729 7830 7832 7967 7981 
S 6: 0 | 0 30 53 89 105 118 160 187 206 207 213 228 258 275 324 446 461 492 493 520 629 665 691 736 775 809 816 857 858 894 900 1126 1174 1180 1226 1268 1279 1374 1422 1477 1593 1769 1888 1890 2134 2144 2277 2414 2482 2484 2492 2507 2622 2700 2769 2849 2867 2923 3001 3032 3107 3159 3402 3483 3739 3826 3827 3918 4062 4065 4183 4323 4463 4683 4752 4817 4844 4860 4914 5012 5131 5150 5194 5195 5337 5362 5370 5465 5474 5674 5690 5873 5971 5994 6101 6198 6215 6273 6279 6334 6338 6453 6490 6614 6644 6747 6753 6833 6838 6965 6998 7030 7033 7195 7196 7288 7292 7475 7477 7554 7558 7714 7729 7830 7832 7967 7981 
S 7: 0 | 0 30 53 89 105 118 160 187 206 207 213 228 258 275 324 446 461 492 493 520 629 665 691 736 775 809 816 857 858 894 900 1126 1174 1180 1226 1268 1279 1374 1422 1477 1593 1769 1888 1890 2134 2144 2277 2414 2482 2484 2492 2507 2622 2700 2769 2849 2867 2923 3001 3032 3107 3159 3402 3483 3739 3826 3827 3918 4062 4065 4183 4323 4463 4683 4752 4817 4844 4860 4914 5012 5131 5150 5194 5195 5337 5362 5370 5465 5474 5674 5690 5873 5971 5994 6101 6198 6215 6273 6279 6334 6338 6453 6490 6614 6644 6747 6753 6833 6838 6965 6998 7030 7033 7195 7196 7288 7292 7475 7477 7554 7558 7714 7729 7830 7832 7967 7981 
S 8: 0 | 0 30 53 89 105 118 160 187 206 207 213 228 258 275 324 446 461 492 493 520 629 665 691 736 775 809 816 857 858 894 900 1126 1174 1180 1226 1268 1279 1374 1422 1477 1593 1769 1888 1890 2134 2144 2277 2414 2482 2484 2492 2507 2622 2700 2769 2849 2867 2923 3001 3032 3107 3159 3402 3483 3739 3826 3827 3918 4062 4065 4183 4323 4463 4683 4752 4817 4844 4860 4914 5012 5131 5150 5194 5195 5337 5362 5370 5465 5474 5674 5690 5873 5971 5994 6101 6198 6215 6273 6279 6334 6338 6453 6490 6614 6644 6747 6753 6833 6838 6965 6998 7030 7033 7195 7196 7288 7292 7475 7477 7554 7558 7714 7729 7830 7832 7967 7981 
S 9: 0 | 0 30 53 89 105 118 160 187 206 207 213 228 258 275 324 446 461 492 493 520 629 665 691 736 775 809 816 857 858 894 900 1126 1174 1180 1226 1268 1279 1374 1422 1477 1593 1769 1888 1890 2134 2144 2277 2414 2482 2484 2492 2507 2622 2700 2769 2849 2867 2923 3001 3032 3107 3159 3402 3483 3739 3826 3827 3918 4062 4065 4183 4323 4463 4683 4752 4817 4844 4860 4914 5012 5131 5150 5194 5195 5337 5362 5370 5465 5474 5674 5690 5873 5971 5994 6101 6198 6215 6273 6279 6334 6338 6453 6490 6614 6644 6747 6753 6833 6838 6965 6998 7030 7033 7195 7196 7288 7292 7475 7477 7554 7558 7714 7729 7830 7832 7967 7981 
ALL EQUAL

Final time = 6668.05
Final solution cost = 124409
