Reading instance small_stp_instances/brazil58_10_10.stp of type D
Finished instance reading
Number of vertices = 58
Number of edges (resources) = 1653
Number of scenarios = 10
Average number of terminals per scenario = 58
Probabilities of Scenarios: (0) 0.12 | (1) 0.05 | (2) 0.09 | (3) 0.1 | (4) 0.11 | (5) 0.14 | (6) 0.01 | (7) 0.09 | (8) 0.1 | (9) 0.19 | 
Average weighted inflation = 0.496031
Largest inflation = 0.999795
MAX_ITERATIONS_SINCE_LAST_IMPROVEMENT 2
MAX_ITERATIONS_SINCE_BEST_SOLUTION 3
Creating solution instance.
Starting Evolutive Framework.
Local search solution cost = 26640
Local search time = 201.393
201.393 local search - EF main loop cycle 0 solution cost 26640
201.397s Cost of SP solution after second stage solver 26640
Local search solution cost = 26640
Local search time = 16.1976
217.595 local search - EF main loop cycle 1 solution cost 26640
217.599s Cost of SP solution after second stage solver 26640
Local search solution cost = 26640
Local search time = 16.2017
233.801 local search - EF main loop cycle 2 solution cost 26640
233.806s Cost of SP solution after second stage solver 26640
Number of cycles 3
Time for each cycle 77.9352
233.81s Cost of SP solution after tail step 26640
SELECTED RESOURCES:
18 74 115 136 158 192 217 235 284 305 316 329 364 369 406 418 441 484 524 542 563 570 611 615 643 644 681 713 731 765 772 781 850 857 872 887 920 926 978 1023 1082 1102 1137 1174 1179 1271 1315 1325 1345 1375 1400 1438 1484 1529 1530 1551 1619 1652 
SCENARIO'S RESOURCES:
S 0: 0 | 18 74 115 136 158 192 217 235 284 305 316 329 364 369 406 418 441 484 524 542 563 570 611 615 643 644 681 713 731 765 772 781 850 857 872 887 920 926 978 1023 1082 1102 1137 1174 1179 1271 1315 1325 1345 1375 1400 1438 1484 1529 1530 1551 1619 1652 
S 1: 0 | 18 74 115 136 158 192 217 235 284 305 316 329 364 369 406 418 441 484 524 542 563 570 611 615 643 644 681 713 731 765 772 781 850 857 872 887 920 926 978 1023 1082 1102 1137 1174 1179 1271 1315 1325 1345 1375 1400 1438 1484 1529 1530 1551 1619 1652 
S 2: 0 | 18 74 115 136 158 192 217 235 284 305 316 329 364 369 406 418 441 484 524 542 563 570 611 615 643 644 681 713 731 765 772 781 850 857 872 887 920 926 978 1023 1082 1102 1137 1174 1179 1271 1315 1325 1345 1375 1400 1438 1484 1529 1530 1551 1619 1652 
S 3: 0 | 18 74 115 136 158 192 217 235 284 305 316 329 364 369 406 418 441 484 524 542 563 570 611 615 643 644 681 713 731 765 772 781 850 857 872 887 920 926 978 1023 1082 1102 1137 1174 1179 1271 1315 1325 1345 1375 1400 1438 1484 1529 1530 1551 1619 1652 
S 4: 0 | 18 74 115 136 158 192 217 235 284 305 316 329 364 369 406 418 441 484 524 542 563 570 611 615 643 644 681 713 731 765 772 781 850 857 872 887 920 926 978 1023 1082 1102 1137 1174 1179 1271 1315 1325 1345 1375 1400 1438 1484 1529 1530 1551 1619 1652 
S 5: 0 | 18 74 115 136 158 192 217 235 284 305 316 329 364 369 406 418 441 484 524 542 563 570 611 615 643 644 681 713 731 765 772 781 850 857 872 887 920 926 978 1023 1082 1102 1137 1174 1179 1271 1315 1325 1345 1375 1400 1438 1484 1529 1530 1551 1619 1652 
S 6: 0 | 18 74 115 136 158 192 217 235 284 305 316 329 364 369 406 418 441 484 524 542 563 570 611 615 643 644 681 713 731 765 772 781 850 857 872 887 920 926 978 1023 1082 1102 1137 1174 1179 1271 1315 1325 1345 1375 1400 1438 1484 1529 1530 1551 1619 1652 
S 7: 0 | 18 74 115 136 158 192 217 235 284 305 316 329 364 369 406 418 441 484 524 542 563 570 611 615 643 644 681 713 731 765 772 781 850 857 872 887 920 926 978 1023 1082 1102 1137 1174 1179 1271 1315 1325 1345 1375 1400 1438 1484 1529 1530 1551 1619 1652 
S 8: 0 | 18 74 115 136 158 192 217 235 284 305 316 329 364 369 406 418 441 484 524 542 563 570 611 615 643 644 681 713 731 765 772 781 850 857 872 887 920 926 978 1023 1082 1102 1137 1174 1179 1271 1315 1325 1345 1375 1400 1438 1484 1529 1530 1551 1619 1652 
S 9: 0 | 18 74 115 136 158 192 217 235 284 305 316 329 364 369 406 418 441 484 524 542 563 570 611 615 643 644 681 713 731 765 772 781 850 857 872 887 920 926 978 1023 1082 1102 1137 1174 1179 1271 1315 1325 1345 1375 1400 1438 1484 1529 1530 1551 1619 1652 
ALL EQUAL

Final time = 233.818
Final solution cost = 26640
