Reading instance small_stp_instances/brazil58_20_05.stp of type D
Finished instance reading
Number of vertices = 58
Number of edges (resources) = 1653
Number of scenarios = 20
Average number of terminals per scenario = 58
Probabilities of Scenarios: (0) 0.09 | (1) 0.03 | (2) 0.04 | (3) 0.03 | (4) 0.06 | (5) 0 | (6) 0.04 | (7) 0.02 | (8) 0.06 | (9) 0.11 | (10) 0.07 | (11) 0.05 | (12) 0.04 | (13) 0.03 | (14) 0.07 | (15) 0.08 | (16) 0.05 | (17) 0.05 | (18) 0.02 | (19) 0.06 | 
Average weighted inflation = 0.250904
Largest inflation = 0.499862
MAX_ITERATIONS_SINCE_LAST_IMPROVEMENT 2
MAX_ITERATIONS_SINCE_BEST_SOLUTION 3
Creating solution instance.
Starting Evolutive Framework.
Local search solution cost = 25505
Local search time = 295.316
295.317 local search - EF main loop cycle 0 solution cost 25505
295.325s Cost of SP solution after second stage solver 25505
Local search solution cost = 25505
Local search time = 32.5535
327.879 local search - EF main loop cycle 1 solution cost 25505
327.888s Cost of SP solution after second stage solver 25505
Local search solution cost = 25505
Local search time = 32.5599
360.448 local search - EF main loop cycle 2 solution cost 25505
360.457s Cost of SP solution after second stage solver 25505
Number of cycles 3
Time for each cycle 120.152
360.465s Cost of SP solution after tail step 25505
SELECTED RESOURCES:
24 51 74 136 158 192 217 225 235 242 284 305 316 329 364 369 406 441 484 489 524 542 570 611 615 643 644 681 705 713 753 770 781 814 850 857 887 920 978 1023 1109 1170 1174 1179 1271 1284 1325 1345 1375 1379 1478 1484 1529 1530 1551 1563 1619 1639 
SCENARIO'S RESOURCES:
S 0: 0 | 24 51 74 136 158 192 217 225 235 242 284 305 316 329 364 369 406 441 484 489 524 542 570 611 615 643 644 681 705 713 753 770 781 814 850 857 887 920 978 1023 1109 1170 1174 1179 1271 1284 1325 1345 1375 1379 1478 1484 1529 1530 1551 1563 1619 1639 
S 1: 0 | 24 51 74 136 158 192 217 225 235 242 284 305 316 329 364 369 406 441 484 489 524 542 570 611 615 643 644 681 705 713 753 770 781 814 850 857 887 920 978 1023 1109 1170 1174 1179 1271 1284 1325 1345 1375 1379 1478 1484 1529 1530 1551 1563 1619 1639 
S 2: 0 | 24 51 74 136 158 192 217 225 235 242 284 305 316 329 364 369 406 441 484 489 524 542 570 611 615 643 644 681 705 713 753 770 781 814 850 857 887 920 978 1023 1109 1170 1174 1179 1271 1284 1325 1345 1375 1379 1478 1484 1529 1530 1551 1563 1619 1639 
S 3: 0 | 24 51 74 136 158 192 217 225 235 242 284 305 316 329 364 369 406 441 484 489 524 542 570 611 615 643 644 681 705 713 753 770 781 814 850 857 887 920 978 1023 1109 1170 1174 1179 1271 1284 1325 1345 1375 1379 1478 1484 1529 1530 1551 1563 1619 1639 
S 4: 0 | 24 51 74 136 158 192 217 225 235 242 284 305 316 329 364 369 406 441 484 489 524 542 570 611 615 643 644 681 705 713 753 770 781 814 850 857 887 920 978 1023 1109 1170 1174 1179 1271 1284 1325 1345 1375 1379 1478 1484 1529 1530 1551 1563 1619 1639 
S 5: 0 | 24 51 74 136 158 192 217 225 235 242 284 305 316 329 364 369 406 441 484 489 524 542 570 611 615 643 644 681 705 713 753 770 781 814 850 857 887 920 978 1023 1109 1170 1174 1179 1271 1284 1325 1345 1375 1379 1478 1484 1529 1530 1551 1563 1619 1639 
S 6: 0 | 24 51 74 136 158 192 217 225 235 242 284 305 316 329 364 369 406 441 484 489 524 542 570 611 615 643 644 681 705 713 753 770 781 814 850 857 887 920 978 1023 1109 1170 1174 1179 1271 1284 1325 1345 1375 1379 1478 1484 1529 1530 1551 1563 1619 1639 
S 7: 0 | 24 51 74 136 158 192 217 225 235 242 284 305 316 329 364 369 406 441 484 489 524 542 570 611 615 643 644 681 705 713 753 770 781 814 850 857 887 920 978 1023 1109 1170 1174 1179 1271 1284 1325 1345 1375 1379 1478 1484 1529 1530 1551 1563 1619 1639 
S 8: 0 | 24 51 74 136 158 192 217 225 235 242 284 305 316 329 364 369 406 441 484 489 524 542 570 611 615 643 644 681 705 713 753 770 781 814 850 857 887 920 978 1023 1109 1170 1174 1179 1271 1284 1325 1345 1375 1379 1478 1484 1529 1530 1551 1563 1619 1639 
S 9: 0 | 24 51 74 136 158 192 217 225 235 242 284 305 316 329 364 369 406 441 484 489 524 542 570 611 615 643 644 681 705 713 753 770 781 814 850 857 887 920 978 1023 1109 1170 1174 1179 1271 1284 1325 1345 1375 1379 1478 1484 1529 1530 1551 1563 1619 1639 
S 10: 0 | 24 51 74 136 158 192 217 225 235 242 284 305 316 329 364 369 406 441 484 489 524 542 570 611 615 643 644 681 705 713 753 770 781 814 850 857 887 920 978 1023 1109 1170 1174 1179 1271 1284 1325 1345 1375 1379 1478 1484 1529 1530 1551 1563 1619 1639 
S 11: 0 | 24 51 74 136 158 192 217 225 235 242 284 305 316 329 364 369 406 441 484 489 524 542 570 611 615 643 644 681 705 713 753 770 781 814 850 857 887 920 978 1023 1109 1170 1174 1179 1271 1284 1325 1345 1375 1379 1478 1484 1529 1530 1551 1563 1619 1639 
S 12: 0 | 24 51 74 136 158 192 217 225 235 242 284 305 316 329 364 369 406 441 484 489 524 542 570 611 615 643 644 681 705 713 753 770 781 814 850 857 887 920 978 1023 1109 1170 1174 1179 1271 1284 1325 1345 1375 1379 1478 1484 1529 1530 1551 1563 1619 1639 
S 13: 0 | 24 51 74 136 158 192 217 225 235 242 284 305 316 329 364 369 406 441 484 489 524 542 570 611 615 643 644 681 705 713 753 770 781 814 850 857 887 920 978 1023 1109 1170 1174 1179 1271 1284 1325 1345 1375 1379 1478 1484 1529 1530 1551 1563 1619 1639 
S 14: 0 | 24 51 74 136 158 192 217 225 235 242 284 305 316 329 364 369 406 441 484 489 524 542 570 611 615 643 644 681 705 713 753 770 781 814 850 857 887 920 978 1023 1109 1170 1174 1179 1271 1284 1325 1345 1375 1379 1478 1484 1529 1530 1551 1563 1619 1639 
S 15: 0 | 24 51 74 136 158 192 217 225 235 242 284 305 316 329 364 369 406 441 484 489 524 542 570 611 615 643 644 681 705 713 753 770 781 814 850 857 887 920 978 1023 1109 1170 1174 1179 1271 1284 1325 1345 1375 1379 1478 1484 1529 1530 1551 1563 1619 1639 
S 16: 0 | 24 51 74 136 158 192 217 225 235 242 284 305 316 329 364 369 406 441 484 489 524 542 570 611 615 643 644 681 705 713 753 770 781 814 850 857 887 920 978 1023 1109 1170 1174 1179 1271 1284 1325 1345 1375 1379 1478 1484 1529 1530 1551 1563 1619 1639 
S 17: 0 | 24 51 74 136 158 192 217 225 235 242 284 305 316 329 364 369 406 441 484 489 524 542 570 611 615 643 644 681 705 713 753 770 781 814 850 857 887 920 978 1023 1109 1170 1174 1179 1271 1284 1325 1345 1375 1379 1478 1484 1529 1530 1551 1563 1619 1639 
S 18: 0 | 24 51 74 136 158 192 217 225 235 242 284 305 316 329 364 369 406 441 484 489 524 542 570 611 615 643 644 681 705 713 753 770 781 814 850 857 887 920 978 1023 1109 1170 1174 1179 1271 1284 1325 1345 1375 1379 1478 1484 1529 1530 1551 1563 1619 1639 
S 19: 0 | 24 51 74 136 158 192 217 225 235 242 284 305 316 329 364 369 406 441 484 489 524 542 570 611 615 643 644 681 705 713 753 770 781 814 850 857 887 920 978 1023 1109 1170 1174 1179 1271 1284 1325 1345 1375 1379 1478 1484 1529 1530 1551 1563 1619 1639 
ALL EQUAL

Final time = 360.48
Final solution cost = 25505
