Reading instance small_stp_instances/brazil58_5_10.stp of type D
Finished instance reading
Number of vertices = 58
Number of edges (resources) = 1653
Number of scenarios = 5
Average number of terminals per scenario = 58
Probabilities of Scenarios: (0) 0.2 | (1) 0.13 | (2) 0.06 | (3) 0.53 | (4) 0.08 | 
Average weighted inflation = 0.507827
Largest inflation = 0.999765
MAX_ITERATIONS_SINCE_LAST_IMPROVEMENT 2
MAX_ITERATIONS_SINCE_BEST_SOLUTION 3
Creating solution instance.
Starting Evolutive Framework.
Local search solution cost = 26923.8
Local search time = 76.223
76.223 local search - EF main loop cycle 0 solution cost 26923.8
76.2361s Cost of SP solution after second stage solver 26923.8
Local search solution cost = 26609
Local search time = 8.39597
84.6321 local search - EF main loop cycle 1 solution cost 26609
84.6343s Cost of SP solution after second stage solver 26609
Local search solution cost = 26609
Local search time = 8.10171
92.736 local search - EF main loop cycle 2 solution cost 26609
92.7383s Cost of SP solution after second stage solver 26609
Local search solution cost = 26609
Local search time = 8.10075
100.839 local search - EF main loop cycle 3 solution cost 26609
100.841s Cost of SP solution after second stage solver 26609
Number of cycles 4
Time for each cycle 25.2103
100.843s Cost of SP solution after tail step 26609
SELECTED RESOURCES:
18 74 115 136 158 192 204 217 235 242 284 316 318 329 356 364 406 418 441 484 542 570 611 623 643 662 681 705 713 765 772 781 814 850 857 887 920 978 1023 1102 1109 1170 1174 1179 1271 1284 1325 1345 1375 1379 1438 1484 1529 1530 1551 1563 1619 1639 
SCENARIO'S RESOURCES:
S 0: 0 | 18 74 115 136 158 192 204 217 235 242 284 316 318 329 356 364 406 418 441 484 542 570 611 623 643 662 681 705 713 765 772 781 814 850 857 887 920 978 1023 1102 1109 1170 1174 1179 1271 1284 1325 1345 1375 1379 1438 1484 1529 1530 1551 1563 1619 1639 
S 1: 0 | 18 74 115 136 158 192 204 217 235 242 284 316 318 329 356 364 406 418 441 484 542 570 611 623 643 662 681 705 713 765 772 781 814 850 857 887 920 978 1023 1102 1109 1170 1174 1179 1271 1284 1325 1345 1375 1379 1438 1484 1529 1530 1551 1563 1619 1639 
S 2: 0 | 18 74 115 136 158 192 204 217 235 242 284 316 318 329 356 364 406 418 441 484 542 570 611 623 643 662 681 705 713 765 772 781 814 850 857 887 920 978 1023 1102 1109 1170 1174 1179 1271 1284 1325 1345 1375 1379 1438 1484 1529 1530 1551 1563 1619 1639 
S 3: 0 | 18 74 115 136 158 192 204 217 235 242 284 316 318 329 356 364 406 418 441 484 542 570 611 623 643 662 681 705 713 765 772 781 814 850 857 887 920 978 1023 1102 1109 1170 1174 1179 1271 1284 1325 1345 1375 1379 1438 1484 1529 1530 1551 1563 1619 1639 
S 4: 0 | 18 74 115 136 158 192 204 217 235 242 284 316 318 329 356 364 406 418 441 484 542 570 611 623 643 662 681 705 713 765 772 781 814 850 857 887 920 978 1023 1102 1109 1170 1174 1179 1271 1284 1325 1345 1375 1379 1438 1484 1529 1530 1551 1563 1619 1639 
ALL EQUAL

Final time = 100.848
Final solution cost = 26609
