Reading instance small_stp_instances/brazil58_10_05.stp of type D
Finished instance reading
Number of vertices = 58
Number of edges (resources) = 1653
Number of scenarios = 10
Average number of terminals per scenario = 58
Probabilities of Scenarios: (0) 0.05 | (1) 0.06 | (2) 0 | (3) 0.16 | (4) 0.18 | (5) 0.06 | (6) 0.17 | (7) 0.12 | (8) 0.15 | (9) 0.05 | 
Average weighted inflation = 0.248288
Largest inflation = 0.499886
MAX_ITERATIONS_SINCE_LAST_IMPROVEMENT 2
MAX_ITERATIONS_SINCE_BEST_SOLUTION 3
Creating solution instance.
Starting Evolutive Framework.
Local search solution cost = 25505
Local search time = 140.398
140.398 local search - EF main loop cycle 0 solution cost 25505
140.403s Cost of SP solution after second stage solver 25505
Local search solution cost = 25505
Local search time = 16.3589
156.762 local search - EF main loop cycle 1 solution cost 25505
156.766s Cost of SP solution after second stage solver 25505
Local search solution cost = 25505
Local search time = 16.3553
173.121 local search - EF main loop cycle 2 solution cost 25505
173.126s Cost of SP solution after second stage solver 25505
Number of cycles 3
Time for each cycle 57.7086
173.13s Cost of SP solution after tail step 25505
SELECTED RESOURCES:
24 51 74 136 158 192 217 225 235 242 284 305 316 329 364 369 406 441 484 489 524 542 570 611 615 643 644 681 705 713 753 770 781 814 850 857 887 920 978 1023 1109 1170 1174 1179 1271 1284 1325 1345 1375 1379 1478 1484 1529 1530 1551 1563 1619 1639 
SCENARIO'S RESOURCES:
S 0: 0 | 24 51 74 136 158 192 217 225 235 242 284 305 316 329 364 369 406 441 484 489 524 542 570 611 615 643 644 681 705 713 753 770 781 814 850 857 887 920 978 1023 1109 1170 1174 1179 1271 1284 1325 1345 1375 1379 1478 1484 1529 1530 1551 1563 1619 1639 
S 1: 0 | 24 51 74 136 158 192 217 225 235 242 284 305 316 329 364 369 406 441 484 489 524 542 570 611 615 643 644 681 705 713 753 770 781 814 850 857 887 920 978 1023 1109 1170 1174 1179 1271 1284 1325 1345 1375 1379 1478 1484 1529 1530 1551 1563 1619 1639 
S 2: 0 | 24 51 74 136 158 192 217 225 235 242 284 305 316 329 364 369 406 441 484 489 524 542 570 611 615 643 644 681 705 713 753 770 781 814 850 857 887 920 978 1023 1109 1170 1174 1179 1271 1284 1325 1345 1375 1379 1478 1484 1529 1530 1551 1563 1619 1639 
S 3: 0 | 24 51 74 136 158 192 217 225 235 242 284 305 316 329 364 369 406 441 484 489 524 542 570 611 615 643 644 681 705 713 753 770 781 814 850 857 887 920 978 1023 1109 1170 1174 1179 1271 1284 1325 1345 1375 1379 1478 1484 1529 1530 1551 1563 1619 1639 
S 4: 0 | 24 51 74 136 158 192 217 225 235 242 284 305 316 329 364 369 406 441 484 489 524 542 570 611 615 643 644 681 705 713 753 770 781 814 850 857 887 920 978 1023 1109 1170 1174 1179 1271 1284 1325 1345 1375 1379 1478 1484 1529 1530 1551 1563 1619 1639 
S 5: 0 | 24 51 74 136 158 192 217 225 235 242 284 305 316 329 364 369 406 441 484 489 524 542 570 611 615 643 644 681 705 713 753 770 781 814 850 857 887 920 978 1023 1109 1170 1174 1179 1271 1284 1325 1345 1375 1379 1478 1484 1529 1530 1551 1563 1619 1639 
S 6: 0 | 24 51 74 136 158 192 217 225 235 242 284 305 316 329 364 369 406 441 484 489 524 542 570 611 615 643 644 681 705 713 753 770 781 814 850 857 887 920 978 1023 1109 1170 1174 1179 1271 1284 1325 1345 1375 1379 1478 1484 1529 1530 1551 1563 1619 1639 
S 7: 0 | 24 51 74 136 158 192 217 225 235 242 284 305 316 329 364 369 406 441 484 489 524 542 570 611 615 643 644 681 705 713 753 770 781 814 850 857 887 920 978 1023 1109 1170 1174 1179 1271 1284 1325 1345 1375 1379 1478 1484 1529 1530 1551 1563 1619 1639 
S 8: 0 | 24 51 74 136 158 192 217 225 235 242 284 305 316 329 364 369 406 441 484 489 524 542 570 611 615 643 644 681 705 713 753 770 781 814 850 857 887 920 978 1023 1109 1170 1174 1179 1271 1284 1325 1345 1375 1379 1478 1484 1529 1530 1551 1563 1619 1639 
S 9: 0 | 24 51 74 136 158 192 217 225 235 242 284 305 316 329 364 369 406 441 484 489 524 542 570 611 615 643 644 681 705 713 753 770 781 814 850 857 887 920 978 1023 1109 1170 1174 1179 1271 1284 1325 1345 1375 1379 1478 1484 1529 1530 1551 1563 1619 1639 
ALL EQUAL

Final time = 173.138
Final solution cost = 25505
