Reading instance small_stp_instances/brazil58_20_10.stp of type D
Finished instance reading
Number of vertices = 58
Number of edges (resources) = 1653
Number of scenarios = 20
Average number of terminals per scenario = 58
Probabilities of Scenarios: (0) 0.01 | (1) 0.07 | (2) 0.07 | (3) 0.05 | (4) 0.01 | (5) 0.06 | (6) 0.04 | (7) 0.08 | (8) 0 | (9) 0.05 | (10) 0.02 | (11) 0.04 | (12) 0.07 | (13) 0.04 | (14) 0.06 | (15) 0.16 | (16) 0.06 | (17) 0.08 | (18) 0 | (19) 0.03 | 
Average weighted inflation = 0.49443
Largest inflation = 0.999688
MAX_ITERATIONS_SINCE_LAST_IMPROVEMENT 2
MAX_ITERATIONS_SINCE_BEST_SOLUTION 3
Creating solution instance.
Starting Evolutive Framework.
Local search solution cost = 25970
Local search time = 331.447
331.448 local search - EF main loop cycle 0 solution cost 25970
331.468s Cost of SP solution after second stage solver 25970
Local search solution cost = 25823
Local search time = 34.3878
365.856 local search - EF main loop cycle 1 solution cost 25823
365.865s Cost of SP solution after second stage solver 25823
Local search solution cost = 25823
Local search time = 34.4139
400.279 local search - EF main loop cycle 2 solution cost 25823
400.288s Cost of SP solution after second stage solver 25823
Local search solution cost = 25823
Local search time = 34.4489
434.737 local search - EF main loop cycle 3 solution cost 25823
434.745s Cost of SP solution after second stage solver 25823
Number of cycles 4
Time for each cycle 108.686
434.754s Cost of SP solution after tail step 25823
SELECTED RESOURCES:
24 51 136 158 192 217 225 235 242 284 305 316 329 364 369 406 418 441 473 484 516 542 570 611 623 643 644 681 705 713 753 765 781 814 850 857 887 920 926 978 1023 1109 1170 1174 1179 1271 1284 1325 1345 1375 1379 1478 1484 1529 1530 1551 1619 1652 
SCENARIO'S RESOURCES:
S 0: 0 | 24 51 136 158 192 217 225 235 242 284 305 316 329 364 369 406 418 441 473 484 516 542 570 611 623 643 644 681 705 713 753 765 781 814 850 857 887 920 926 978 1023 1109 1170 1174 1179 1271 1284 1325 1345 1375 1379 1478 1484 1529 1530 1551 1619 1652 
S 1: 0 | 24 51 136 158 192 217 225 235 242 284 305 316 329 364 369 406 418 441 473 484 516 542 570 611 623 643 644 681 705 713 753 765 781 814 850 857 887 920 926 978 1023 1109 1170 1174 1179 1271 1284 1325 1345 1375 1379 1478 1484 1529 1530 1551 1619 1652 
S 2: 0 | 24 51 136 158 192 217 225 235 242 284 305 316 329 364 369 406 418 441 473 484 516 542 570 611 623 643 644 681 705 713 753 765 781 814 850 857 887 920 926 978 1023 1109 1170 1174 1179 1271 1284 1325 1345 1375 1379 1478 1484 1529 1530 1551 1619 1652 
S 3: 0 | 24 51 136 158 192 217 225 235 242 284 305 316 329 364 369 406 418 441 473 484 516 542 570 611 623 643 644 681 705 713 753 765 781 814 850 857 887 920 926 978 1023 1109 1170 1174 1179 1271 1284 1325 1345 1375 1379 1478 1484 1529 1530 1551 1619 1652 
S 4: 0 | 24 51 136 158 192 217 225 235 242 284 305 316 329 364 369 406 418 441 473 484 516 542 570 611 623 643 644 681 705 713 753 765 781 814 850 857 887 920 926 978 1023 1109 1170 1174 1179 1271 1284 1325 1345 1375 1379 1478 1484 1529 1530 1551 1619 1652 
S 5: 0 | 24 51 136 158 192 217 225 235 242 284 305 316 329 364 369 406 418 441 473 484 516 542 570 611 623 643 644 681 705 713 753 765 781 814 850 857 887 920 926 978 1023 1109 1170 1174 1179 1271 1284 1325 1345 1375 1379 1478 1484 1529 1530 1551 1619 1652 
S 6: 0 | 24 51 136 158 192 217 225 235 242 284 305 316 329 364 369 406 418 441 473 484 516 542 570 611 623 643 644 681 705 713 753 765 781 814 850 857 887 920 926 978 1023 1109 1170 1174 1179 1271 1284 1325 1345 1375 1379 1478 1484 1529 1530 1551 1619 1652 
S 7: 0 | 24 51 136 158 192 217 225 235 242 284 305 316 329 364 369 406 418 441 473 484 516 542 570 611 623 643 644 681 705 713 753 765 781 814 850 857 887 920 926 978 1023 1109 1170 1174 1179 1271 1284 1325 1345 1375 1379 1478 1484 1529 1530 1551 1619 1652 
S 8: 0 | 24 51 136 158 192 217 225 235 242 284 305 316 329 364 369 406 418 441 473 484 516 542 570 611 623 643 644 681 705 713 753 765 781 814 850 857 887 920 926 978 1023 1109 1170 1174 1179 1271 1284 1325 1345 1375 1379 1478 1484 1529 1530 1551 1619 1652 
S 9: 0 | 24 51 136 158 192 217 225 235 242 284 305 316 329 364 369 406 418 441 473 484 516 542 570 611 623 643 644 681 705 713 753 765 781 814 850 857 887 920 926 978 1023 1109 1170 1174 1179 1271 1284 1325 1345 1375 1379 1478 1484 1529 1530 1551 1619 1652 
S 10: 0 | 24 51 136 158 192 217 225 235 242 284 305 316 329 364 369 406 418 441 473 484 516 542 570 611 623 643 644 681 705 713 753 765 781 814 850 857 887 920 926 978 1023 1109 1170 1174 1179 1271 1284 1325 1345 1375 1379 1478 1484 1529 1530 1551 1619 1652 
S 11: 0 | 24 51 136 158 192 217 225 235 242 284 305 316 329 364 369 406 418 441 473 484 516 542 570 611 623 643 644 681 705 713 753 765 781 814 850 857 887 920 926 978 1023 1109 1170 1174 1179 1271 1284 1325 1345 1375 1379 1478 1484 1529 1530 1551 1619 1652 
S 12: 0 | 24 51 136 158 192 217 225 235 242 284 305 316 329 364 369 406 418 441 473 484 516 542 570 611 623 643 644 681 705 713 753 765 781 814 850 857 887 920 926 978 1023 1109 1170 1174 1179 1271 1284 1325 1345 1375 1379 1478 1484 1529 1530 1551 1619 1652 
S 13: 0 | 24 51 136 158 192 217 225 235 242 284 305 316 329 364 369 406 418 441 473 484 516 542 570 611 623 643 644 681 705 713 753 765 781 814 850 857 887 920 926 978 1023 1109 1170 1174 1179 1271 1284 1325 1345 1375 1379 1478 1484 1529 1530 1551 1619 1652 
S 14: 0 | 24 51 136 158 192 217 225 235 242 284 305 316 329 364 369 406 418 441 473 484 516 542 570 611 623 643 644 681 705 713 753 765 781 814 850 857 887 920 926 978 1023 1109 1170 1174 1179 1271 1284 1325 1345 1375 1379 1478 1484 1529 1530 1551 1619 1652 
S 15: 0 | 24 51 136 158 192 217 225 235 242 284 305 316 329 364 369 406 418 441 473 484 516 542 570 611 623 643 644 681 705 713 753 765 781 814 850 857 887 920 926 978 1023 1109 1170 1174 1179 1271 1284 1325 1345 1375 1379 1478 1484 1529 1530 1551 1619 1652 
S 16: 0 | 24 51 136 158 192 217 225 235 242 284 305 316 329 364 369 406 418 441 473 484 516 542 570 611 623 643 644 681 705 713 753 765 781 814 850 857 887 920 926 978 1023 1109 1170 1174 1179 1271 1284 1325 1345 1375 1379 1478 1484 1529 1530 1551 1619 1652 
S 17: 0 | 24 51 136 158 192 217 225 235 242 284 305 316 329 364 369 406 418 441 473 484 516 542 570 611 623 643 644 681 705 713 753 765 781 814 850 857 887 920 926 978 1023 1109 1170 1174 1179 1271 1284 1325 1345 1375 1379 1478 1484 1529 1530 1551 1619 1652 
S 18: 0 | 24 51 136 158 192 217 225 235 242 284 305 316 329 364 369 406 418 441 473 484 516 542 570 611 623 643 644 681 705 713 753 765 781 814 850 857 887 920 926 978 1023 1109 1170 1174 1179 1271 1284 1325 1345 1375 1379 1478 1484 1529 1530 1551 1619 1652 
S 19: 0 | 24 51 136 158 192 217 225 235 242 284 305 316 329 364 369 406 418 441 473 484 516 542 570 611 623 643 644 681 705 713 753 765 781 814 850 857 887 920 926 978 1023 1109 1170 1174 1179 1271 1284 1325 1345 1375 1379 1478 1484 1529 1530 1551 1619 1652 
ALL EQUAL

Final time = 434.769
Final solution cost = 25823
