Reading instance small_stp_instances/brazil58_20_03.stp of type D
Finished instance reading
Number of vertices = 58
Number of edges (resources) = 1653
Number of scenarios = 20
Average number of terminals per scenario = 58
Probabilities of Scenarios: (0) 0.03 | (1) 0.01 | (2) 0.02 | (3) 0.02 | (4) 0.04 | (5) 0.02 | (6) 0 | (7) 0.02 | (8) 0.14 | (9) 0.12 | (10) 0.05 | (11) 0.08 | (12) 0.09 | (13) 0.02 | (14) 0.04 | (15) 0.12 | (16) 0.03 | (17) 0.03 | (18) 0.07 | (19) 0.05 | 
Average weighted inflation = 0.149029
Largest inflation = 0.299934
MAX_ITERATIONS_SINCE_LAST_IMPROVEMENT 2
MAX_ITERATIONS_SINCE_BEST_SOLUTION 3
Creating solution instance.
Starting Evolutive Framework.
Local search solution cost = 25475
Local search time = 275.658
275.658 local search - EF main loop cycle 0 solution cost 25475
275.667s Cost of SP solution after second stage solver 25475
Local search solution cost = 25475
Local search time = 32.7508
308.418 local search - EF main loop cycle 1 solution cost 25475
308.427s Cost of SP solution after second stage solver 25475
Local search solution cost = 25475
Local search time = 32.759
341.186 local search - EF main loop cycle 2 solution cost 25475
341.195s Cost of SP solution after second stage solver 25475
Number of cycles 3
Time for each cycle 113.732
341.204s Cost of SP solution after tail step 25475
SELECTED RESOURCES:
24 51 136 158 192 217 225 235 242 284 305 316 329 364 369 406 418 441 473 484 524 542 570 611 615 643 644 681 705 713 753 765 781 814 850 857 887 920 978 1023 1109 1170 1174 1179 1271 1284 1325 1345 1375 1379 1478 1484 1529 1530 1551 1563 1619 1639 
SCENARIO'S RESOURCES:
S 0: 0 | 24 51 136 158 192 217 225 235 242 284 305 316 329 364 369 406 418 441 473 484 524 542 570 611 615 643 644 681 705 713 753 765 781 814 850 857 887 920 978 1023 1109 1170 1174 1179 1271 1284 1325 1345 1375 1379 1478 1484 1529 1530 1551 1563 1619 1639 
S 1: 0 | 24 51 136 158 192 217 225 235 242 284 305 316 329 364 369 406 418 441 473 484 524 542 570 611 615 643 644 681 705 713 753 765 781 814 850 857 887 920 978 1023 1109 1170 1174 1179 1271 1284 1325 1345 1375 1379 1478 1484 1529 1530 1551 1563 1619 1639 
S 2: 0 | 24 51 136 158 192 217 225 235 242 284 305 316 329 364 369 406 418 441 473 484 524 542 570 611 615 643 644 681 705 713 753 765 781 814 850 857 887 920 978 1023 1109 1170 1174 1179 1271 1284 1325 1345 1375 1379 1478 1484 1529 1530 1551 1563 1619 1639 
S 3: 0 | 24 51 136 158 192 217 225 235 242 284 305 316 329 364 369 406 418 441 473 484 524 542 570 611 615 643 644 681 705 713 753 765 781 814 850 857 887 920 978 1023 1109 1170 1174 1179 1271 1284 1325 1345 1375 1379 1478 1484 1529 1530 1551 1563 1619 1639 
S 4: 0 | 24 51 136 158 192 217 225 235 242 284 305 316 329 364 369 406 418 441 473 484 524 542 570 611 615 643 644 681 705 713 753 765 781 814 850 857 887 920 978 1023 1109 1170 1174 1179 1271 1284 1325 1345 1375 1379 1478 1484 1529 1530 1551 1563 1619 1639 
S 5: 0 | 24 51 136 158 192 217 225 235 242 284 305 316 329 364 369 406 418 441 473 484 524 542 570 611 615 643 644 681 705 713 753 765 781 814 850 857 887 920 978 1023 1109 1170 1174 1179 1271 1284 1325 1345 1375 1379 1478 1484 1529 1530 1551 1563 1619 1639 
S 6: 0 | 24 51 136 158 192 217 225 235 242 284 305 316 329 364 369 406 418 441 473 484 524 542 570 611 615 643 644 681 705 713 753 765 781 814 850 857 887 920 978 1023 1109 1170 1174 1179 1271 1284 1325 1345 1375 1379 1478 1484 1529 1530 1551 1563 1619 1639 
S 7: 0 | 24 51 136 158 192 217 225 235 242 284 305 316 329 364 369 406 418 441 473 484 524 542 570 611 615 643 644 681 705 713 753 765 781 814 850 857 887 920 978 1023 1109 1170 1174 1179 1271 1284 1325 1345 1375 1379 1478 1484 1529 1530 1551 1563 1619 1639 
S 8: 0 | 24 51 136 158 192 217 225 235 242 284 305 316 329 364 369 406 418 441 473 484 524 542 570 611 615 643 644 681 705 713 753 765 781 814 850 857 887 920 978 1023 1109 1170 1174 1179 1271 1284 1325 1345 1375 1379 1478 1484 1529 1530 1551 1563 1619 1639 
S 9: 0 | 24 51 136 158 192 217 225 235 242 284 305 316 329 364 369 406 418 441 473 484 524 542 570 611 615 643 644 681 705 713 753 765 781 814 850 857 887 920 978 1023 1109 1170 1174 1179 1271 1284 1325 1345 1375 1379 1478 1484 1529 1530 1551 1563 1619 1639 
S 10: 0 | 24 51 136 158 192 217 225 235 242 284 305 316 329 364 369 406 418 441 473 484 524 542 570 611 615 643 644 681 705 713 753 765 781 814 850 857 887 920 978 1023 1109 1170 1174 1179 1271 1284 1325 1345 1375 1379 1478 1484 1529 1530 1551 1563 1619 1639 
S 11: 0 | 24 51 136 158 192 217 225 235 242 284 305 316 329 364 369 406 418 441 473 484 524 542 570 611 615 643 644 681 705 713 753 765 781 814 850 857 887 920 978 1023 1109 1170 1174 1179 1271 1284 1325 1345 1375 1379 1478 1484 1529 1530 1551 1563 1619 1639 
S 12: 0 | 24 51 136 158 192 217 225 235 242 284 305 316 329 364 369 406 418 441 473 484 524 542 570 611 615 643 644 681 705 713 753 765 781 814 850 857 887 920 978 1023 1109 1170 1174 1179 1271 1284 1325 1345 1375 1379 1478 1484 1529 1530 1551 1563 1619 1639 
S 13: 0 | 24 51 136 158 192 217 225 235 242 284 305 316 329 364 369 406 418 441 473 484 524 542 570 611 615 643 644 681 705 713 753 765 781 814 850 857 887 920 978 1023 1109 1170 1174 1179 1271 1284 1325 1345 1375 1379 1478 1484 1529 1530 1551 1563 1619 1639 
S 14: 0 | 24 51 136 158 192 217 225 235 242 284 305 316 329 364 369 406 418 441 473 484 524 542 570 611 615 643 644 681 705 713 753 765 781 814 850 857 887 920 978 1023 1109 1170 1174 1179 1271 1284 1325 1345 1375 1379 1478 1484 1529 1530 1551 1563 1619 1639 
S 15: 0 | 24 51 136 158 192 217 225 235 242 284 305 316 329 364 369 406 418 441 473 484 524 542 570 611 615 643 644 681 705 713 753 765 781 814 850 857 887 920 978 1023 1109 1170 1174 1179 1271 1284 1325 1345 1375 1379 1478 1484 1529 1530 1551 1563 1619 1639 
S 16: 0 | 24 51 136 158 192 217 225 235 242 284 305 316 329 364 369 406 418 441 473 484 524 542 570 611 615 643 644 681 705 713 753 765 781 814 850 857 887 920 978 1023 1109 1170 1174 1179 1271 1284 1325 1345 1375 1379 1478 1484 1529 1530 1551 1563 1619 1639 
S 17: 0 | 24 51 136 158 192 217 225 235 242 284 305 316 329 364 369 406 418 441 473 484 524 542 570 611 615 643 644 681 705 713 753 765 781 814 850 857 887 920 978 1023 1109 1170 1174 1179 1271 1284 1325 1345 1375 1379 1478 1484 1529 1530 1551 1563 1619 1639 
S 18: 0 | 24 51 136 158 192 217 225 235 242 284 305 316 329 364 369 406 418 441 473 484 524 542 570 611 615 643 644 681 705 713 753 765 781 814 850 857 887 920 978 1023 1109 1170 1174 1179 1271 1284 1325 1345 1375 1379 1478 1484 1529 1530 1551 1563 1619 1639 
S 19: 0 | 24 51 136 158 192 217 225 235 242 284 305 316 329 364 369 406 418 441 473 484 524 542 570 611 615 643 644 681 705 713 753 765 781 814 850 857 887 920 978 1023 1109 1170 1174 1179 1271 1284 1325 1345 1375 1379 1478 1484 1529 1530 1551 1563 1619 1639 
ALL EQUAL

Final time = 341.219
Final solution cost = 25475
