Reading instance small_stp_instances/brazil58_5_03.stp of type D
Finished instance reading
Number of vertices = 58
Number of edges (resources) = 1653
Number of scenarios = 5
Average number of terminals per scenario = 58
Probabilities of Scenarios: (0) 0.23 | (1) 0.3 | (2) 0.13 | (3) 0.23 | (4) 0.11 | 
Average weighted inflation = 0.148604
Largest inflation = 0.299672
MAX_ITERATIONS_SINCE_LAST_IMPROVEMENT 2
MAX_ITERATIONS_SINCE_BEST_SOLUTION 3
Creating solution instance.
Starting Evolutive Framework.
Local search solution cost = 25464
Local search time = 72.944
72.9441 local search - EF main loop cycle 0 solution cost 25464
72.9463s Cost of SP solution after second stage solver 25464
Local search solution cost = 25464
Local search time = 8.14635
81.0927 local search - EF main loop cycle 1 solution cost 25464
81.0949s Cost of SP solution after second stage solver 25464
Local search solution cost = 25464
Local search time = 8.14645
89.2414 local search - EF main loop cycle 2 solution cost 25464
89.2436s Cost of SP solution after second stage solver 25464
Number of cycles 3
Time for each cycle 29.7479
89.2458s Cost of SP solution after tail step 25464
SELECTED RESOURCES:
24 51 136 158 192 217 225 235 284 316 318 336 356 364 406 418 441 473 484 524 542 570 611 615 643 644 681 705 713 753 765 781 814 850 857 887 920 926 978 1023 1109 1170 1174 1179 1271 1284 1325 1345 1375 1379 1478 1484 1529 1530 1551 1562 1600 1619 
SCENARIO'S RESOURCES:
S 0: 0 | 24 51 136 158 192 217 225 235 284 316 318 336 356 364 406 418 441 473 484 524 542 570 611 615 643 644 681 705 713 753 765 781 814 850 857 887 920 926 978 1023 1109 1170 1174 1179 1271 1284 1325 1345 1375 1379 1478 1484 1529 1530 1551 1562 1600 1619 
S 1: 0 | 24 51 136 158 192 217 225 235 284 316 318 336 356 364 406 418 441 473 484 524 542 570 611 615 643 644 681 705 713 753 765 781 814 850 857 887 920 926 978 1023 1109 1170 1174 1179 1271 1284 1325 1345 1375 1379 1478 1484 1529 1530 1551 1562 1600 1619 
S 2: 0 | 24 51 136 158 192 217 225 235 284 316 318 336 356 364 406 418 441 473 484 524 542 570 611 615 643 644 681 705 713 753 765 781 814 850 857 887 920 926 978 1023 1109 1170 1174 1179 1271 1284 1325 1345 1375 1379 1478 1484 1529 1530 1551 1562 1600 1619 
S 3: 0 | 24 51 136 158 192 217 225 235 284 316 318 336 356 364 406 418 441 473 484 524 542 570 611 615 643 644 681 705 713 753 765 781 814 850 857 887 920 926 978 1023 1109 1170 1174 1179 1271 1284 1325 1345 1375 1379 1478 1484 1529 1530 1551 1562 1600 1619 
S 4: 0 | 24 51 136 158 192 217 225 235 284 316 318 336 356 364 406 418 441 473 484 524 542 570 611 615 643 644 681 705 713 753 765 781 814 850 857 887 920 926 978 1023 1109 1170 1174 1179 1271 1284 1325 1345 1375 1379 1478 1484 1529 1530 1551 1562 1600 1619 
ALL EQUAL

Final time = 89.2501
Final solution cost = 25464
