Reading instance small_stp_instances/brazil58_5_05.stp of type D
Finished instance reading
Number of vertices = 58
Number of edges (resources) = 1653
Number of scenarios = 5
Average number of terminals per scenario = 58
Probabilities of Scenarios: (0) 0.26 | (1) 0.29 | (2) 0.23 | (3) 0.2 | (4) 0.02 | 
Average weighted inflation = 0.247743
Largest inflation = 0.49973
MAX_ITERATIONS_SINCE_LAST_IMPROVEMENT 2
MAX_ITERATIONS_SINCE_BEST_SOLUTION 3
Creating solution instance.
Starting Evolutive Framework.
Local search solution cost = 25554
Local search time = 88.8654
88.8655 local search - EF main loop cycle 0 solution cost 25554
88.8678s Cost of SP solution after second stage solver 25554
Local search solution cost = 25510
Local search time = 8.18754
97.0553 local search - EF main loop cycle 1 solution cost 25510
97.0575s Cost of SP solution after second stage solver 25510
Local search solution cost = 25510
Local search time = 8.18104
105.239 local search - EF main loop cycle 2 solution cost 25510
105.241s Cost of SP solution after second stage solver 25510
Local search solution cost = 25510
Local search time = 8.17662
113.417 local search - EF main loop cycle 3 solution cost 25510
113.42s Cost of SP solution after second stage solver 25510
Number of cycles 4
Time for each cycle 28.3549
113.422s Cost of SP solution after tail step 25510
SELECTED RESOURCES:
24 74 111 115 136 158 192 217 235 242 284 305 316 329 364 369 406 441 484 489 524 542 570 611 615 643 644 687 705 713 753 770 781 814 850 857 887 920 978 1023 1109 1170 1174 1179 1271 1284 1325 1345 1375 1379 1478 1484 1529 1530 1551 1563 1619 1639 
SCENARIO'S RESOURCES:
S 0: 0 | 24 74 111 115 136 158 192 217 235 242 284 305 316 329 364 369 406 441 484 489 524 542 570 611 615 643 644 687 705 713 753 770 781 814 850 857 887 920 978 1023 1109 1170 1174 1179 1271 1284 1325 1345 1375 1379 1478 1484 1529 1530 1551 1563 1619 1639 
S 1: 0 | 24 74 111 115 136 158 192 217 235 242 284 305 316 329 364 369 406 441 484 489 524 542 570 611 615 643 644 687 705 713 753 770 781 814 850 857 887 920 978 1023 1109 1170 1174 1179 1271 1284 1325 1345 1375 1379 1478 1484 1529 1530 1551 1563 1619 1639 
S 2: 0 | 24 74 111 115 136 158 192 217 235 242 284 305 316 329 364 369 406 441 484 489 524 542 570 611 615 643 644 687 705 713 753 770 781 814 850 857 887 920 978 1023 1109 1170 1174 1179 1271 1284 1325 1345 1375 1379 1478 1484 1529 1530 1551 1563 1619 1639 
S 3: 0 | 24 74 111 115 136 158 192 217 235 242 284 305 316 329 364 369 406 441 484 489 524 542 570 611 615 643 644 687 705 713 753 770 781 814 850 857 887 920 978 1023 1109 1170 1174 1179 1271 1284 1325 1345 1375 1379 1478 1484 1529 1530 1551 1563 1619 1639 
S 4: 0 | 24 74 111 115 136 158 192 217 235 242 284 305 316 329 364 369 406 441 484 489 524 542 570 611 615 643 644 687 705 713 753 770 781 814 850 857 887 920 978 1023 1109 1170 1174 1179 1271 1284 1325 1345 1375 1379 1478 1484 1529 1530 1551 1563 1619 1639 
ALL EQUAL

Final time = 113.426
Final solution cost = 25510
