Reading instance small_stp_instances/brazil58_10_03.stp of type D
Finished instance reading
Number of vertices = 58
Number of edges (resources) = 1653
Number of scenarios = 10
Average number of terminals per scenario = 58
Probabilities of Scenarios: (0) 0.09 | (1) 0.15 | (2) 0.09 | (3) 0.09 | (4) 0.09 | (5) 0.03 | (6) 0.04 | (7) 0.17 | (8) 0.16 | (9) 0.09 | 
Average weighted inflation = 0.149224
Largest inflation = 0.299852
MAX_ITERATIONS_SINCE_LAST_IMPROVEMENT 2
MAX_ITERATIONS_SINCE_BEST_SOLUTION 3
Creating solution instance.
Starting Evolutive Framework.
Local search solution cost = 25464
Local search time = 142.034
142.034 local search - EF main loop cycle 0 solution cost 25464
142.039s Cost of SP solution after second stage solver 25464
Local search solution cost = 25464
Local search time = 16.3793
158.418 local search - EF main loop cycle 1 solution cost 25464
158.422s Cost of SP solution after second stage solver 25464
Local search solution cost = 25464
Local search time = 16.3694
174.792 local search - EF main loop cycle 2 solution cost 25464
174.796s Cost of SP solution after second stage solver 25464
Number of cycles 3
Time for each cycle 58.2654
174.801s Cost of SP solution after tail step 25464
SELECTED RESOURCES:
24 51 136 158 192 217 225 235 242 284 316 318 329 356 364 406 418 441 473 484 524 542 570 611 615 643 644 681 705 713 753 765 781 814 850 857 887 920 978 1023 1109 1170 1174 1179 1271 1284 1325 1345 1375 1379 1478 1484 1529 1530 1551 1563 1619 1639 
SCENARIO'S RESOURCES:
S 0: 0 | 24 51 136 158 192 217 225 235 242 284 316 318 329 356 364 406 418 441 473 484 524 542 570 611 615 643 644 681 705 713 753 765 781 814 850 857 887 920 978 1023 1109 1170 1174 1179 1271 1284 1325 1345 1375 1379 1478 1484 1529 1530 1551 1563 1619 1639 
S 1: 0 | 24 51 136 158 192 217 225 235 242 284 316 318 329 356 364 406 418 441 473 484 524 542 570 611 615 643 644 681 705 713 753 765 781 814 850 857 887 920 978 1023 1109 1170 1174 1179 1271 1284 1325 1345 1375 1379 1478 1484 1529 1530 1551 1563 1619 1639 
S 2: 0 | 24 51 136 158 192 217 225 235 242 284 316 318 329 356 364 406 418 441 473 484 524 542 570 611 615 643 644 681 705 713 753 765 781 814 850 857 887 920 978 1023 1109 1170 1174 1179 1271 1284 1325 1345 1375 1379 1478 1484 1529 1530 1551 1563 1619 1639 
S 3: 0 | 24 51 136 158 192 217 225 235 242 284 316 318 329 356 364 406 418 441 473 484 524 542 570 611 615 643 644 681 705 713 753 765 781 814 850 857 887 920 978 1023 1109 1170 1174 1179 1271 1284 1325 1345 1375 1379 1478 1484 1529 1530 1551 1563 1619 1639 
S 4: 0 | 24 51 136 158 192 217 225 235 242 284 316 318 329 356 364 406 418 441 473 484 524 542 570 611 615 643 644 681 705 713 753 765 781 814 850 857 887 920 978 1023 1109 1170 1174 1179 1271 1284 1325 1345 1375 1379 1478 1484 1529 1530 1551 1563 1619 1639 
S 5: 0 | 24 51 136 158 192 217 225 235 242 284 316 318 329 356 364 406 418 441 473 484 524 542 570 611 615 643 644 681 705 713 753 765 781 814 850 857 887 920 978 1023 1109 1170 1174 1179 1271 1284 1325 1345 1375 1379 1478 1484 1529 1530 1551 1563 1619 1639 
S 6: 0 | 24 51 136 158 192 217 225 235 242 284 316 318 329 356 364 406 418 441 473 484 524 542 570 611 615 643 644 681 705 713 753 765 781 814 850 857 887 920 978 1023 1109 1170 1174 1179 1271 1284 1325 1345 1375 1379 1478 1484 1529 1530 1551 1563 1619 1639 
S 7: 0 | 24 51 136 158 192 217 225 235 242 284 316 318 329 356 364 406 418 441 473 484 524 542 570 611 615 643 644 681 705 713 753 765 781 814 850 857 887 920 978 1023 1109 1170 1174 1179 1271 1284 1325 1345 1375 1379 1478 1484 1529 1530 1551 1563 1619 1639 
S 8: 0 | 24 51 136 158 192 217 225 235 242 284 316 318 329 356 364 406 418 441 473 484 524 542 570 611 615 643 644 681 705 713 753 765 781 814 850 857 887 920 978 1023 1109 1170 1174 1179 1271 1284 1325 1345 1375 1379 1478 1484 1529 1530 1551 1563 1619 1639 
S 9: 0 | 24 51 136 158 192 217 225 235 242 284 316 318 329 356 364 406 418 441 473 484 524 542 570 611 615 643 644 681 705 713 753 765 781 814 850 857 887 920 978 1023 1109 1170 1174 1179 1271 1284 1325 1345 1375 1379 1478 1484 1529 1530 1551 1563 1619 1639 
ALL EQUAL

Final time = 174.809
Final solution cost = 25464
