Reading instance small_stp_instances/brg180_5_05.stp of type D
Finished instance reading
Number of vertices = 180
Number of edges (resources) = 16110
Number of scenarios = 5
Average number of terminals per scenario = 180
Probabilities of Scenarios: (0) 0.21 | (1) 0.01 | (2) 0.57 | (3) 0.08 | (4) 0.13 | 
Average weighted inflation = -nan
Largest inflation = 0.4999
MAX_ITERATIONS_SINCE_LAST_IMPROVEMENT 2
MAX_ITERATIONS_SINCE_BEST_SOLUTION 3
Creating solution instance.
Starting Evolutive Framework.
Local search solution cost = 1979.19
Local search time = 12539.6
12539.6 local search - EF main loop cycle 0 solution cost 1979.19
12539.8s Cost of SP solution after second stage solver 1979.19
Local search solution cost = 1979.19
Local search time = 2156.27
14696 local search - EF main loop cycle 1 solution cost 1979.19
14696.2s Cost of SP solution after second stage solver 1979.19
Local search solution cost = 1979.19
Local search time = 2132.21
16828.4 local search - EF main loop cycle 2 solution cost 1979.19
16828.5s Cost of SP solution after second stage solver 1979.19
Number of cycles 3
Time for each cycle 5609.49
16828.6s Cost of SP solution after tail step 1979.19
SELECTED RESOURCES:
0 2 5 9 14 20 27 35 44 54 55 90 104 119 135 152 170 189 209 230 252 265 324 350 377 405 434 464 495 527 560 594 605 619 702 740 779 819 860 902 945 989 1034 1080 1117 1224 1274 1325 1377 1430 1484 1539 1595 1652 1710 1759 1890 1952 2015 2079 2144 2210 2277 2345 2414 2484 2545 2700 2774 2849 2925 3002 3080 3159 3218 3239 3402 3475 3485 3654 3677 3740 3915 4004 4094 4185 4277 4370 4464 4549 4559 4752 4850 4949 5049 5150 5252 5276 5459 5564 5670 5767 5777 5994 6104 6327 6440 6488 6554 6785 6902 7020 7129 7139 7380 7502 7749 7874 8000 8127 8255 8514 8635 8645 8910 9044 9179 9315 9452 9590 9729 9869 10010 10045 10152 10199 10285 10584 10730 10877 11025 11174 11324 11475 11627 11780 11851 11934 12037 12079 12402 12560 12719 12879 13040 13202 13365 13437 13529 13860 14017 14027 14364 14534 14705 14877 15050 15224 15575 15930 16099 16109 
SCENARIO'S RESOURCES:
S 0: 242 | 0 2 5 9 14 20 27 35 44 54 55 90 104 119 135 152 170 189 209 230 252 265 324 350 377 405 434 464 495 527 560 594 605 619 702 740 779 819 860 902 945 989 1034 1080 1117 1224 1274 1325 1377 1430 1484 1539 1595 1652 1710 1759 1890 1952 2015 2079 2144 2210 2277 2345 2414 2484 2545 2700 2774 2849 2925 3002 3080 3159 3218 3239 3402 3475 3485 3654 3677 3740 3915 4004 4094 4185 4277 4370 4464 4549 4559 4752 4850 4949 5049 5150 5252 5276 5459 5564 5670 5767 5777 5994 6082 6104 6164 6327 6440 6488 6554 6785 6902 7020 7129 7139 7380 7502 7625 7749 7874 8000 8127 8139 8255 8514 8635 8645 8910 9044 9179 9315 9452 9590 9729 9869 10010 10045 10152 10199 10285 10584 10730 10877 11025 11174 11324 11475 11627 11780 11851 11934 12037 12079 12402 12560 12719 12879 13040 13202 13365 13437 13529 13659 13860 14017 14027 14364 14534 14705 14877 15050 15166 15224 15306 15575 15752 15930 16099 16109 
S 1: 232 | 0 2 5 9 14 20 27 35 44 54 55 90 104 119 135 152 170 189 209 230 252 265 324 350 377 405 434 464 495 527 560 594 605 619 702 740 779 819 860 902 945 989 1034 1080 1117 1224 1274 1325 1377 1430 1484 1539 1595 1652 1710 1759 1890 1952 2015 2079 2144 2210 2277 2345 2414 2484 2545 2700 2774 2849 2925 3002 3080 3159 3218 3239 3402 3475 3485 3654 3677 3740 3800 3915 4004 4094 4185 4277 4370 4464 4549 4559 4752 4850 4949 5049 5150 5252 5276 5459 5564 5670 5767 5777 5994 6104 6215 6327 6440 6488 6554 6785 6902 7020 7129 7139 7380 7502 7625 7749 7874 8000 8127 8255 8267 8514 8635 8645 8910 9044 9179 9315 9452 9590 9729 9869 10010 10045 10152 10199 10285 10584 10730 10877 11025 11174 11324 11475 11627 11780 11851 11934 12037 12079 12402 12560 12719 12879 13040 13202 13365 13437 13529 13658 13860 14017 14027 14364 14534 14705 14877 15050 15132 15224 15340 15575 15752 15930 16099 16109 
S 2: 239 | 0 2 5 9 14 20 27 35 44 54 55 90 104 119 135 152 170 189 209 230 252 265 324 350 377 405 434 464 495 527 560 594 605 619 702 740 779 819 860 902 945 989 1034 1080 1117 1224 1274 1325 1377 1430 1484 1539 1595 1652 1710 1759 1890 1952 2015 2079 2144 2210 2277 2345 2414 2484 2545 2700 2774 2849 2925 3002 3080 3159 3218 3239 3402 3475 3485 3654 3677 3740 3915 4004 4094 4185 4277 4370 4464 4549 4559 4752 4850 4949 5049 5150 5252 5276 5459 5564 5670 5767 5777 5994 6082 6104 6327 6440 6488 6554 6785 6902 7020 7129 7139 7380 7392 7502 7584 7749 7874 8000 8127 8255 8315 8514 8635 8645 8910 9044 9179 9315 9452 9590 9729 9869 10010 10045 10152 10199 10285 10584 10730 10877 11025 11174 11324 11475 11627 11780 11851 11934 12037 12079 12402 12560 12719 12879 13040 13202 13365 13437 13529 13658 13860 14017 14027 14364 14534 14705 14877 15050 15224 15399 15511 15575 15691 15930 16099 16109 
S 3: 236 | 0 2 5 9 14 20 27 35 44 54 55 90 104 119 135 152 170 189 209 230 252 265 324 350 377 405 434 464 495 527 560 594 605 619 702 740 779 819 860 902 945 989 1034 1080 1117 1224 1274 1325 1377 1430 1484 1539 1595 1652 1710 1759 1890 1952 2015 2079 2144 2210 2277 2345 2414 2484 2545 2700 2774 2849 2925 3002 3080 3159 3218 3239 3402 3475 3485 3654 3677 3740 3800 3915 4004 4094 4185 4277 4370 4464 4549 4559 4752 4850 4949 5049 5150 5252 5276 5459 5564 5670 5767 5777 5994 6104 6215 6327 6440 6488 6554 6785 6902 7020 7129 7139 7380 7502 7514 7749 7874 8000 8127 8255 8384 8514 8635 8645 8910 9044 9179 9315 9452 9590 9729 9869 10010 10045 10152 10199 10285 10584 10730 10877 11025 11174 11324 11475 11627 11780 11851 11934 12037 12079 12402 12560 12719 12879 13040 13202 13365 13437 13529 13652 13860 14017 14027 14364 14534 14705 14877 15050 15166 15224 15306 15575 15752 15930 16099 16109 
S 4: 238 | 0 2 5 9 14 20 27 35 44 54 55 90 104 119 135 152 170 189 209 230 252 265 324 350 377 405 434 464 495 527 560 594 605 619 702 740 779 819 860 902 945 989 1034 1080 1117 1224 1274 1325 1377 1430 1484 1539 1595 1652 1710 1759 1890 1952 2015 2079 2144 2210 2277 2345 2414 2484 2545 2700 2774 2849 2925 3002 3080 3159 3218 3239 3402 3475 3485 3654 3677 3740 3800 3915 4004 4094 4185 4277 4370 4464 4549 4559 4752 4850 4949 5049 5150 5252 5276 5459 5564 5670 5767 5777 5994 6104 6215 6327 6440 6488 6554 6785 6902 7020 7129 7139 7380 7502 7514 7749 7874 8000 8127 8255 8384 8514 8635 8645 8910 9044 9179 9315 9452 9590 9729 9869 10010 10045 10152 10199 10285 10584 10730 10877 11025 11174 11324 11475 11627 11780 11851 11934 12037 12079 12402 12560 12719 12879 13040 13202 13365 13437 13529 13652 13860 14017 14027 14364 14534 14705 14877 15050 15166 15224 15306 15575 15752 15930 16099 16109 

Final time = 16828.7
Final solution cost = 1979.19
