Reading instance small_stp_instances/brg180_5_10.stp of type D
Finished instance reading
Number of vertices = 180
Number of edges (resources) = 16110
Number of scenarios = 5
Average number of terminals per scenario = 180
Probabilities of Scenarios: (0) 0.33 | (1) 0.35 | (2) 0.08 | (3) 0.04 | (4) 0.2 | 
Average weighted inflation = -nan
Largest inflation = 0.999889
MAX_ITERATIONS_SINCE_LAST_IMPROVEMENT 2
MAX_ITERATIONS_SINCE_BEST_SOLUTION 3
Creating solution instance.
Starting Evolutive Framework.
Local search solution cost = 2044.36
Local search time = 6094.38
6094.38 local search - EF main loop cycle 0 solution cost 2044.36
6094.49s Cost of SP solution after second stage solver 2044.36
Local search solution cost = 2000
Local search time = 550.356
6644.85 local search - EF main loop cycle 1 solution cost 2000
6644.86s Cost of SP solution after second stage solver 2000
Local search solution cost = 2000
Local search time = 532.015
7176.88 local search - EF main loop cycle 2 solution cost 2000
7176.89s Cost of SP solution after second stage solver 2000
Local search solution cost = 2000
Local search time = 536.921
7713.81 local search - EF main loop cycle 3 solution cost 2000
7713.83s Cost of SP solution after second stage solver 2000
Number of cycles 4
Time for each cycle 1928.46
7713.84s Cost of SP solution after tail step 2000
SELECTED RESOURCES:
0 2 5 9 14 20 27 35 44 54 55 90 104 115 135 152 170 189 209 230 252 265 275 324 350 377 405 434 464 495 527 560 594 619 702 740 779 819 860 902 945 989 1034 1080 1117 1224 1274 1325 1377 1430 1484 1539 1595 1652 1710 1759 1890 1952 2015 2079 2144 2210 2277 2345 2414 2484 2545 2700 2774 2849 2925 3002 3080 3159 3239 3320 3367 3402 3475 3654 3740 3827 3915 4004 4039 4094 4277 4370 4464 4549 4559 4752 4850 4949 5049 5064 5252 5355 5459 5564 5670 5767 5994 6104 6215 6327 6488 6554 6661 6785 6902 7010 7020 7079 7129 7380 7502 7625 7749 7874 8000 8127 8255 8384 8444 8514 8615 8635 8910 8994 9044 9315 9452 9488 9590 9869 10010 10152 10285 10295 10584 10730 10877 11017 11025 11037 11324 11475 11611 11627 11699 11934 12079 12089 12160 12337 12560 12719 12879 13040 13202 13365 13529 13694 13860 14017 14027 14364 14534 14705 14877 15050 15224 15399 15513 15575 15688 15930 16099 16109 
SCENARIO'S RESOURCES:
S 0: 0 | 0 2 5 9 14 20 27 35 44 54 55 90 104 115 135 152 170 189 209 230 252 265 275 324 350 377 405 434 464 495 527 560 594 619 702 740 779 819 860 902 945 989 1034 1080 1117 1224 1274 1325 1377 1430 1484 1539 1595 1652 1710 1759 1890 1952 2015 2079 2144 2210 2277 2345 2414 2484 2545 2700 2774 2849 2925 3002 3080 3159 3239 3320 3367 3402 3475 3654 3740 3827 3915 4004 4039 4094 4277 4370 4464 4549 4559 4752 4850 4949 5049 5064 5252 5355 5459 5564 5670 5767 5994 6104 6215 6327 6488 6554 6661 6785 6902 7010 7020 7079 7129 7380 7502 7625 7749 7874 8000 8127 8255 8384 8444 8514 8615 8635 8910 8994 9044 9315 9452 9488 9590 9869 10010 10152 10285 10295 10584 10730 10877 11017 11025 11037 11324 11475 11611 11627 11699 11934 12079 12089 12160 12337 12560 12719 12879 13040 13202 13365 13529 13694 13860 14017 14027 14364 14534 14705 14877 15050 15224 15399 15513 15575 15688 15930 16099 16109 
S 1: 0 | 0 2 5 9 14 20 27 35 44 54 55 90 104 115 135 152 170 189 209 230 252 265 275 324 350 377 405 434 464 495 527 560 594 619 702 740 779 819 860 902 945 989 1034 1080 1117 1224 1274 1325 1377 1430 1484 1539 1595 1652 1710 1759 1890 1952 2015 2079 2144 2210 2277 2345 2414 2484 2545 2700 2774 2849 2925 3002 3080 3159 3239 3320 3367 3402 3475 3654 3740 3827 3915 4004 4039 4094 4277 4370 4464 4549 4559 4752 4850 4949 5049 5064 5252 5355 5459 5564 5670 5767 5994 6104 6215 6327 6488 6554 6661 6785 6902 7010 7020 7079 7129 7380 7502 7625 7749 7874 8000 8127 8255 8384 8444 8514 8615 8635 8910 8994 9044 9315 9452 9488 9590 9869 10010 10152 10285 10295 10584 10730 10877 11017 11025 11037 11324 11475 11611 11627 11699 11934 12079 12089 12160 12337 12560 12719 12879 13040 13202 13365 13529 13694 13860 14017 14027 14364 14534 14705 14877 15050 15224 15399 15513 15575 15688 15930 16099 16109 
S 2: 0 | 0 2 5 9 14 20 27 35 44 54 55 90 104 115 135 152 170 189 209 230 252 265 275 324 350 377 405 434 464 495 527 560 594 619 702 740 779 819 860 902 945 989 1034 1080 1117 1224 1274 1325 1377 1430 1484 1539 1595 1652 1710 1759 1890 1952 2015 2079 2144 2210 2277 2345 2414 2484 2545 2700 2774 2849 2925 3002 3080 3159 3239 3320 3367 3402 3475 3654 3740 3827 3915 4004 4039 4094 4277 4370 4464 4549 4559 4752 4850 4949 5049 5064 5252 5355 5459 5564 5670 5767 5994 6104 6215 6327 6488 6554 6661 6785 6902 7010 7020 7079 7129 7380 7502 7625 7749 7874 8000 8127 8255 8384 8444 8514 8615 8635 8910 8994 9044 9315 9452 9488 9590 9869 10010 10152 10285 10295 10584 10730 10877 11017 11025 11037 11324 11475 11611 11627 11699 11934 12079 12089 12160 12337 12560 12719 12879 13040 13202 13365 13529 13694 13860 14017 14027 14364 14534 14705 14877 15050 15224 15399 15513 15575 15688 15930 16099 16109 
S 3: 0 | 0 2 5 9 14 20 27 35 44 54 55 90 104 115 135 152 170 189 209 230 252 265 275 324 350 377 405 434 464 495 527 560 594 619 702 740 779 819 860 902 945 989 1034 1080 1117 1224 1274 1325 1377 1430 1484 1539 1595 1652 1710 1759 1890 1952 2015 2079 2144 2210 2277 2345 2414 2484 2545 2700 2774 2849 2925 3002 3080 3159 3239 3320 3367 3402 3475 3654 3740 3827 3915 4004 4039 4094 4277 4370 4464 4549 4559 4752 4850 4949 5049 5064 5252 5355 5459 5564 5670 5767 5994 6104 6215 6327 6488 6554 6661 6785 6902 7010 7020 7079 7129 7380 7502 7625 7749 7874 8000 8127 8255 8384 8444 8514 8615 8635 8910 8994 9044 9315 9452 9488 9590 9869 10010 10152 10285 10295 10584 10730 10877 11017 11025 11037 11324 11475 11611 11627 11699 11934 12079 12089 12160 12337 12560 12719 12879 13040 13202 13365 13529 13694 13860 14017 14027 14364 14534 14705 14877 15050 15224 15399 15513 15575 15688 15930 16099 16109 
S 4: 0 | 0 2 5 9 14 20 27 35 44 54 55 90 104 115 135 152 170 189 209 230 252 265 275 324 350 377 405 434 464 495 527 560 594 619 702 740 779 819 860 902 945 989 1034 1080 1117 1224 1274 1325 1377 1430 1484 1539 1595 1652 1710 1759 1890 1952 2015 2079 2144 2210 2277 2345 2414 2484 2545 2700 2774 2849 2925 3002 3080 3159 3239 3320 3367 3402 3475 3654 3740 3827 3915 4004 4039 4094 4277 4370 4464 4549 4559 4752 4850 4949 5049 5064 5252 5355 5459 5564 5670 5767 5994 6104 6215 6327 6488 6554 6661 6785 6902 7010 7020 7079 7129 7380 7502 7625 7749 7874 8000 8127 8255 8384 8444 8514 8615 8635 8910 8994 9044 9315 9452 9488 9590 9869 10010 10152 10285 10295 10584 10730 10877 11017 11025 11037 11324 11475 11611 11627 11699 11934 12079 12089 12160 12337 12560 12719 12879 13040 13202 13365 13529 13694 13860 14017 14027 14364 14534 14705 14877 15050 15224 15399 15513 15575 15688 15930 16099 16109 
ALL EQUAL

Final time = 7713.88
Final solution cost = 2000
