Reading instance small_stp_instances/brg180_5_03.stp of type D
Finished instance reading
Number of vertices = 180
Number of edges (resources) = 16110
Number of scenarios = 5
Average number of terminals per scenario = 180
Probabilities of Scenarios: (0) 0.08 | (1) 0.18 | (2) 0.19 | (3) 0.3 | (4) 0.25 | 
Average weighted inflation = -nan
Largest inflation = 0.299889
MAX_ITERATIONS_SINCE_LAST_IMPROVEMENT 2
MAX_ITERATIONS_SINCE_BEST_SOLUTION 3
Creating solution instance.
Starting Evolutive Framework.
Local search solution cost = 1967.11
Local search time = 15114.2
15114.2 local search - EF main loop cycle 0 solution cost 1967.11
15114.3s Cost of SP solution after second stage solver 1967.11
Local search solution cost = 1960.5
Local search time = 2454.3
17568.6 local search - EF main loop cycle 1 solution cost 1960.5
17568.7s Cost of SP solution after second stage solver 1960.5
Local search solution cost = 1953.89
Local search time = 1263.23
18832 local search - EF main loop cycle 2 solution cost 1953.89
18832s Cost of SP solution after second stage solver 1953.89
Local search solution cost = 1953.89
Local search time = 1278.7
20110.7 local search - EF main loop cycle 3 solution cost 1953.89
20110.8s Cost of SP solution after second stage solver 1953.89
Local search solution cost = 1953.89
Local search time = 1270.54
21381.4 local search - EF main loop cycle 4 solution cost 1953.89
21381.4s Cost of SP solution after second stage solver 1953.89
Number of cycles 5
Time for each cycle 4276.29
21381.5s Cost of SP solution after tail step 1953.89
SELECTED RESOURCES:
0 2 5 9 14 20 27 35 44 54 55 90 104 119 135 152 170 189 209 230 252 265 324 350 377 405 434 464 495 527 560 594 619 702 740 779 819 860 902 989 1034 1080 1117 1127 1224 1274 1325 1377 1430 1484 1539 1595 1652 1663 1710 1759 1890 1952 2015 2079 2144 2210 2253 2345 2414 2484 2545 2555 2700 2774 2849 2925 3002 3080 3159 3239 3402 3475 3485 3654 3740 3827 3915 4004 4094 4185 4277 4370 4406 4464 4524 4549 4752 4850 4949 5049 5150 5252 5355 5378 5459 5670 5767 5777 5994 6104 6215 6327 6440 6546 6554 6785 6902 7020 7129 7139 7380 7502 7625 7749 7874 8000 8127 8255 8384 8465 8514 8549 8635 8910 9044 9179 9315 9452 9590 9729 9773 9869 10152 10285 10295 10584 10730 10877 11019 11025 11049 11324 11475 11627 11780 11934 12079 12089 12402 12414 12560 12627 12879 13040 13202 13365 13529 13694 13860 14017 14027 14364 14534 14705 14877 15224 15575 15752 15930 16099 16109 
SCENARIO'S RESOURCES:
S 0: 83 | 0 2 5 9 14 20 27 35 44 54 55 90 104 119 135 152 170 189 209 230 252 265 324 350 377 405 434 464 495 527 560 594 619 702 740 779 819 860 902 989 1034 1080 1117 1127 1224 1274 1325 1377 1430 1484 1539 1595 1652 1663 1710 1759 1890 1952 2015 2079 2144 2210 2253 2345 2414 2484 2545 2555 2700 2774 2849 2925 3002 3080 3159 3239 3402 3475 3485 3654 3740 3827 3915 4004 4094 4185 4277 4370 4406 4464 4524 4549 4752 4850 4949 5049 5150 5252 5355 5378 5459 5670 5767 5777 5994 6104 6215 6327 6440 6546 6554 6785 6902 7020 7129 7139 7380 7502 7625 7749 7874 8000 8127 8255 8384 8465 8514 8549 8635 8910 9044 9179 9315 9452 9590 9729 9773 9869 10152 10285 10295 10584 10730 10877 11019 11025 11049 11324 11475 11627 11780 11934 12079 12089 12402 12414 12560 12627 12879 13040 13202 13365 13529 13694 13860 14017 14027 14364 14534 14705 14821 14877 14959 15224 15399 15575 15752 15930 16099 16109 
S 1: 82 | 0 2 5 9 14 20 27 35 44 54 55 90 104 119 135 152 170 189 209 230 252 265 324 350 377 405 434 464 495 527 560 594 619 702 740 779 819 860 902 989 1034 1080 1117 1127 1224 1274 1325 1377 1430 1484 1539 1595 1652 1663 1710 1759 1890 1952 2015 2079 2144 2210 2253 2345 2414 2484 2545 2555 2700 2774 2849 2925 3002 3080 3159 3239 3402 3475 3485 3654 3740 3827 3915 4004 4094 4185 4277 4370 4406 4464 4524 4549 4752 4850 4949 5049 5150 5252 5355 5378 5459 5670 5767 5777 5994 6104 6215 6327 6440 6546 6554 6785 6902 7020 7129 7139 7380 7502 7625 7749 7874 8000 8127 8255 8384 8465 8514 8549 8635 8910 9044 9179 9315 9452 9590 9729 9773 9869 10152 10285 10295 10584 10730 10877 11019 11025 11049 11324 11475 11627 11780 11934 12079 12089 12402 12414 12560 12627 12879 13040 13202 13365 13529 13694 13860 14017 14027 14364 14534 14705 14877 15050 15166 15224 15306 15575 15752 15930 16099 16109 
S 2: 86 | 0 2 5 9 14 20 27 35 44 54 55 90 104 119 135 152 170 189 209 230 252 265 324 350 377 405 434 464 495 527 560 594 619 702 740 779 819 860 902 989 1034 1080 1117 1127 1224 1274 1325 1377 1430 1484 1539 1595 1652 1663 1710 1759 1890 1952 2015 2079 2144 2210 2253 2345 2414 2484 2545 2555 2700 2774 2849 2925 3002 3080 3159 3239 3402 3475 3485 3654 3740 3827 3915 4004 4094 4185 4277 4370 4406 4464 4524 4549 4752 4850 4949 5049 5150 5252 5355 5378 5459 5670 5767 5777 5994 6104 6215 6327 6440 6546 6554 6785 6902 7020 7129 7139 7380 7502 7625 7749 7874 8000 8127 8255 8384 8465 8514 8549 8635 8910 9044 9179 9315 9452 9590 9729 9773 9869 10152 10285 10295 10584 10730 10877 11019 11025 11049 11324 11475 11627 11780 11934 12079 12089 12402 12414 12560 12627 12879 13040 13202 13365 13529 13694 13860 14017 14027 14364 14534 14705 14787 14877 14993 15224 15399 15575 15752 15930 16099 16109 
S 3: 83 | 0 2 5 9 14 20 27 35 44 54 55 90 104 119 135 152 170 189 209 230 252 265 324 350 377 405 434 464 495 527 560 594 619 702 740 779 819 860 902 989 1034 1080 1117 1127 1224 1274 1325 1377 1430 1484 1539 1595 1652 1663 1710 1759 1890 1952 2015 2079 2144 2210 2253 2345 2414 2484 2545 2555 2700 2774 2849 2925 3002 3080 3159 3239 3402 3475 3485 3654 3740 3827 3915 4004 4094 4185 4277 4370 4406 4464 4524 4549 4752 4850 4949 5049 5150 5252 5355 5378 5459 5670 5767 5777 5994 6104 6215 6327 6440 6546 6554 6785 6902 7020 7129 7139 7380 7502 7625 7749 7874 8000 8127 8255 8384 8465 8514 8549 8635 8910 9044 9179 9315 9452 9590 9729 9773 9869 10152 10285 10295 10584 10730 10877 11019 11025 11049 11324 11475 11627 11780 11934 12079 12089 12402 12414 12560 12627 12879 13040 13202 13365 13529 13694 13860 14017 14027 14364 14534 14705 14877 15050 15166 15224 15306 15575 15752 15930 16099 16109 
S 4: 85 | 0 2 5 9 14 20 27 35 44 54 55 90 104 119 135 152 170 189 209 230 252 265 324 350 377 405 434 464 495 527 560 594 619 702 740 779 819 860 902 989 1034 1080 1117 1127 1224 1274 1325 1377 1430 1484 1539 1595 1652 1663 1710 1759 1890 1952 2015 2079 2144 2210 2253 2345 2414 2484 2545 2555 2700 2774 2849 2925 3002 3080 3159 3239 3402 3475 3485 3654 3740 3827 3915 4004 4094 4185 4277 4370 4406 4464 4524 4549 4752 4850 4949 5049 5150 5252 5355 5378 5459 5670 5767 5777 5994 6104 6215 6327 6440 6546 6554 6785 6902 7020 7129 7139 7380 7502 7625 7749 7874 8000 8127 8255 8384 8465 8514 8549 8635 8910 9044 9179 9315 9452 9590 9729 9773 9869 10152 10285 10295 10584 10730 10877 11019 11025 11049 11324 11475 11627 11780 11934 12079 12089 12402 12414 12560 12627 12879 13040 13202 13365 13529 13694 13860 14017 14027 14364 14534 14705 14787 14877 14993 15224 15399 15575 15752 15930 16099 16109 

Final time = 21381.6
Final solution cost = 1953.89
