Reading instance small_stp_instances/brg180_10_03.stp of type D
Finished instance reading
Number of vertices = 180
Number of edges (resources) = 16110
Number of scenarios = 10
Average number of terminals per scenario = 180
Probabilities of Scenarios: (0) 0.12 | (1) 0.18 | (2) 0.22 | (3) 0.05 | (4) 0.06 | (5) 0.13 | (6) 0.08 | (7) 0.06 | (8) 0.01 | (9) 0.09 | 
Average weighted inflation = -nan
Largest inflation = 0.2999
MAX_ITERATIONS_SINCE_LAST_IMPROVEMENT 2
MAX_ITERATIONS_SINCE_BEST_SOLUTION 3
Creating solution instance.
Starting Evolutive Framework.
Local search solution cost = 1958.48
Local search time = 32062.2
32062.2 local search - EF main loop cycle 0 solution cost 1958.48
32062.4s Cost of SP solution after second stage solver 1958.48
Local search solution cost = 1950
Local search time = 1076.66
33139 local search - EF main loop cycle 1 solution cost 1950
33139.1s Cost of SP solution after second stage solver 1950
Local search solution cost = 1950
Local search time = 1043.25
34182.3 local search - EF main loop cycle 2 solution cost 1950
34182.3s Cost of SP solution after second stage solver 1950
Local search solution cost = 1950
Local search time = 1043.48
35225.8 local search - EF main loop cycle 3 solution cost 1950
35225.8s Cost of SP solution after second stage solver 1950
Number of cycles 4
Time for each cycle 8806.46
35225.9s Cost of SP solution after tail step 1950
SELECTED RESOURCES:
0 2 5 9 14 20 27 35 44 54 55 90 104 119 135 152 170 189 209 230 252 265 324 350 377 405 434 464 495 527 560 594 619 702 740 779 819 860 902 945 989 1034 1080 1117 1224 1274 1325 1377 1430 1484 1539 1595 1652 1710 1759 1890 1952 2015 2079 2144 2210 2277 2345 2484 2545 2555 2700 2774 2849 2925 3002 3080 3159 3239 3320 3367 3402 3461 3475 3654 3740 3827 3915 4004 4094 4185 4277 4370 4430 4464 4549 4752 4850 4949 5049 5150 5252 5355 5459 5564 5612 5670 5767 5994 6104 6215 6327 6440 6554 6662 6785 6902 7020 7129 7139 7380 7502 7625 7749 7874 7910 8000 8011 8255 8384 8514 8635 8645 8910 9044 9179 9315 9452 9590 9729 9869 10010 10106 10152 10187 10285 10584 10730 10877 11025 11174 11324 11475 11627 11780 11849 11934 11957 12079 12402 12560 12719 12879 13040 13064 13202 13214 13529 13694 13860 14017 14027 14364 14434 14534 14649 14877 15050 15224 15399 15575 15752 15930 16099 16109 
SCENARIO'S RESOURCES:
S 0: 0 | 0 2 5 9 14 20 27 35 44 54 55 90 104 119 135 152 170 189 209 230 252 265 324 350 377 405 434 464 495 527 560 594 619 702 740 779 819 860 902 945 989 1034 1080 1117 1224 1274 1325 1377 1430 1484 1539 1595 1652 1710 1759 1890 1952 2015 2079 2144 2210 2277 2345 2484 2545 2555 2700 2774 2849 2925 3002 3080 3159 3239 3320 3367 3402 3461 3475 3654 3740 3827 3915 4004 4094 4185 4277 4370 4430 4464 4549 4752 4850 4949 5049 5150 5252 5355 5459 5564 5612 5670 5767 5994 6104 6215 6327 6440 6554 6662 6785 6902 7020 7129 7139 7380 7502 7625 7749 7874 7910 8000 8011 8255 8384 8514 8635 8645 8910 9044 9179 9315 9452 9590 9729 9869 10010 10106 10152 10187 10285 10584 10730 10877 11025 11174 11324 11475 11627 11780 11849 11934 11957 12079 12402 12560 12719 12879 13040 13064 13202 13214 13529 13694 13860 14017 14027 14364 14434 14534 14649 14877 15050 15224 15399 15575 15752 15930 16099 16109 
S 1: 0 | 0 2 5 9 14 20 27 35 44 54 55 90 104 119 135 152 170 189 209 230 252 265 324 350 377 405 434 464 495 527 560 594 619 702 740 779 819 860 902 945 989 1034 1080 1117 1224 1274 1325 1377 1430 1484 1539 1595 1652 1710 1759 1890 1952 2015 2079 2144 2210 2277 2345 2484 2545 2555 2700 2774 2849 2925 3002 3080 3159 3239 3320 3367 3402 3461 3475 3654 3740 3827 3915 4004 4094 4185 4277 4370 4430 4464 4549 4752 4850 4949 5049 5150 5252 5355 5459 5564 5612 5670 5767 5994 6104 6215 6327 6440 6554 6662 6785 6902 7020 7129 7139 7380 7502 7625 7749 7874 7910 8000 8011 8255 8384 8514 8635 8645 8910 9044 9179 9315 9452 9590 9729 9869 10010 10106 10152 10187 10285 10584 10730 10877 11025 11174 11324 11475 11627 11780 11849 11934 11957 12079 12402 12560 12719 12879 13040 13064 13202 13214 13529 13694 13860 14017 14027 14364 14434 14534 14649 14877 15050 15224 15399 15575 15752 15930 16099 16109 
S 2: 0 | 0 2 5 9 14 20 27 35 44 54 55 90 104 119 135 152 170 189 209 230 252 265 324 350 377 405 434 464 495 527 560 594 619 702 740 779 819 860 902 945 989 1034 1080 1117 1224 1274 1325 1377 1430 1484 1539 1595 1652 1710 1759 1890 1952 2015 2079 2144 2210 2277 2345 2484 2545 2555 2700 2774 2849 2925 3002 3080 3159 3239 3320 3367 3402 3461 3475 3654 3740 3827 3915 4004 4094 4185 4277 4370 4430 4464 4549 4752 4850 4949 5049 5150 5252 5355 5459 5564 5612 5670 5767 5994 6104 6215 6327 6440 6554 6662 6785 6902 7020 7129 7139 7380 7502 7625 7749 7874 7910 8000 8011 8255 8384 8514 8635 8645 8910 9044 9179 9315 9452 9590 9729 9869 10010 10106 10152 10187 10285 10584 10730 10877 11025 11174 11324 11475 11627 11780 11849 11934 11957 12079 12402 12560 12719 12879 13040 13064 13202 13214 13529 13694 13860 14017 14027 14364 14434 14534 14649 14877 15050 15224 15399 15575 15752 15930 16099 16109 
S 3: 0 | 0 2 5 9 14 20 27 35 44 54 55 90 104 119 135 152 170 189 209 230 252 265 324 350 377 405 434 464 495 527 560 594 619 702 740 779 819 860 902 945 989 1034 1080 1117 1224 1274 1325 1377 1430 1484 1539 1595 1652 1710 1759 1890 1952 2015 2079 2144 2210 2277 2345 2484 2545 2555 2700 2774 2849 2925 3002 3080 3159 3239 3320 3367 3402 3461 3475 3654 3740 3827 3915 4004 4094 4185 4277 4370 4430 4464 4549 4752 4850 4949 5049 5150 5252 5355 5459 5564 5612 5670 5767 5994 6104 6215 6327 6440 6554 6662 6785 6902 7020 7129 7139 7380 7502 7625 7749 7874 7910 8000 8011 8255 8384 8514 8635 8645 8910 9044 9179 9315 9452 9590 9729 9869 10010 10106 10152 10187 10285 10584 10730 10877 11025 11174 11324 11475 11627 11780 11849 11934 11957 12079 12402 12560 12719 12879 13040 13064 13202 13214 13529 13694 13860 14017 14027 14364 14434 14534 14649 14877 15050 15224 15399 15575 15752 15930 16099 16109 
S 4: 0 | 0 2 5 9 14 20 27 35 44 54 55 90 104 119 135 152 170 189 209 230 252 265 324 350 377 405 434 464 495 527 560 594 619 702 740 779 819 860 902 945 989 1034 1080 1117 1224 1274 1325 1377 1430 1484 1539 1595 1652 1710 1759 1890 1952 2015 2079 2144 2210 2277 2345 2484 2545 2555 2700 2774 2849 2925 3002 3080 3159 3239 3320 3367 3402 3461 3475 3654 3740 3827 3915 4004 4094 4185 4277 4370 4430 4464 4549 4752 4850 4949 5049 5150 5252 5355 5459 5564 5612 5670 5767 5994 6104 6215 6327 6440 6554 6662 6785 6902 7020 7129 7139 7380 7502 7625 7749 7874 7910 8000 8011 8255 8384 8514 8635 8645 8910 9044 9179 9315 9452 9590 9729 9869 10010 10106 10152 10187 10285 10584 10730 10877 11025 11174 11324 11475 11627 11780 11849 11934 11957 12079 12402 12560 12719 12879 13040 13064 13202 13214 13529 13694 13860 14017 14027 14364 14434 14534 14649 14877 15050 15224 15399 15575 15752 15930 16099 16109 
S 5: 0 | 0 2 5 9 14 20 27 35 44 54 55 90 104 119 135 152 170 189 209 230 252 265 324 350 377 405 434 464 495 527 560 594 619 702 740 779 819 860 902 945 989 1034 1080 1117 1224 1274 1325 1377 1430 1484 1539 1595 1652 1710 1759 1890 1952 2015 2079 2144 2210 2277 2345 2484 2545 2555 2700 2774 2849 2925 3002 3080 3159 3239 3320 3367 3402 3461 3475 3654 3740 3827 3915 4004 4094 4185 4277 4370 4430 4464 4549 4752 4850 4949 5049 5150 5252 5355 5459 5564 5612 5670 5767 5994 6104 6215 6327 6440 6554 6662 6785 6902 7020 7129 7139 7380 7502 7625 7749 7874 7910 8000 8011 8255 8384 8514 8635 8645 8910 9044 9179 9315 9452 9590 9729 9869 10010 10106 10152 10187 10285 10584 10730 10877 11025 11174 11324 11475 11627 11780 11849 11934 11957 12079 12402 12560 12719 12879 13040 13064 13202 13214 13529 13694 13860 14017 14027 14364 14434 14534 14649 14877 15050 15224 15399 15575 15752 15930 16099 16109 
S 6: 0 | 0 2 5 9 14 20 27 35 44 54 55 90 104 119 135 152 170 189 209 230 252 265 324 350 377 405 434 464 495 527 560 594 619 702 740 779 819 860 902 945 989 1034 1080 1117 1224 1274 1325 1377 1430 1484 1539 1595 1652 1710 1759 1890 1952 2015 2079 2144 2210 2277 2345 2484 2545 2555 2700 2774 2849 2925 3002 3080 3159 3239 3320 3367 3402 3461 3475 3654 3740 3827 3915 4004 4094 4185 4277 4370 4430 4464 4549 4752 4850 4949 5049 5150 5252 5355 5459 5564 5612 5670 5767 5994 6104 6215 6327 6440 6554 6662 6785 6902 7020 7129 7139 7380 7502 7625 7749 7874 7910 8000 8011 8255 8384 8514 8635 8645 8910 9044 9179 9315 9452 9590 9729 9869 10010 10106 10152 10187 10285 10584 10730 10877 11025 11174 11324 11475 11627 11780 11849 11934 11957 12079 12402 12560 12719 12879 13040 13064 13202 13214 13529 13694 13860 14017 14027 14364 14434 14534 14649 14877 15050 15224 15399 15575 15752 15930 16099 16109 
S 7: 0 | 0 2 5 9 14 20 27 35 44 54 55 90 104 119 135 152 170 189 209 230 252 265 324 350 377 405 434 464 495 527 560 594 619 702 740 779 819 860 902 945 989 1034 1080 1117 1224 1274 1325 1377 1430 1484 1539 1595 1652 1710 1759 1890 1952 2015 2079 2144 2210 2277 2345 2484 2545 2555 2700 2774 2849 2925 3002 3080 3159 3239 3320 3367 3402 3461 3475 3654 3740 3827 3915 4004 4094 4185 4277 4370 4430 4464 4549 4752 4850 4949 5049 5150 5252 5355 5459 5564 5612 5670 5767 5994 6104 6215 6327 6440 6554 6662 6785 6902 7020 7129 7139 7380 7502 7625 7749 7874 7910 8000 8011 8255 8384 8514 8635 8645 8910 9044 9179 9315 9452 9590 9729 9869 10010 10106 10152 10187 10285 10584 10730 10877 11025 11174 11324 11475 11627 11780 11849 11934 11957 12079 12402 12560 12719 12879 13040 13064 13202 13214 13529 13694 13860 14017 14027 14364 14434 14534 14649 14877 15050 15224 15399 15575 15752 15930 16099 16109 
S 8: 0 | 0 2 5 9 14 20 27 35 44 54 55 90 104 119 135 152 170 189 209 230 252 265 324 350 377 405 434 464 495 527 560 594 619 702 740 779 819 860 902 945 989 1034 1080 1117 1224 1274 1325 1377 1430 1484 1539 1595 1652 1710 1759 1890 1952 2015 2079 2144 2210 2277 2345 2484 2545 2555 2700 2774 2849 2925 3002 3080 3159 3239 3320 3367 3402 3461 3475 3654 3740 3827 3915 4004 4094 4185 4277 4370 4430 4464 4549 4752 4850 4949 5049 5150 5252 5355 5459 5564 5612 5670 5767 5994 6104 6215 6327 6440 6554 6662 6785 6902 7020 7129 7139 7380 7502 7625 7749 7874 7910 8000 8011 8255 8384 8514 8635 8645 8910 9044 9179 9315 9452 9590 9729 9869 10010 10106 10152 10187 10285 10584 10730 10877 11025 11174 11324 11475 11627 11780 11849 11934 11957 12079 12402 12560 12719 12879 13040 13064 13202 13214 13529 13694 13860 14017 14027 14364 14434 14534 14649 14877 15050 15224 15399 15575 15752 15930 16099 16109 
S 9: 0 | 0 2 5 9 14 20 27 35 44 54 55 90 104 119 135 152 170 189 209 230 252 265 324 350 377 405 434 464 495 527 560 594 619 702 740 779 819 860 902 945 989 1034 1080 1117 1224 1274 1325 1377 1430 1484 1539 1595 1652 1710 1759 1890 1952 2015 2079 2144 2210 2277 2345 2484 2545 2555 2700 2774 2849 2925 3002 3080 3159 3239 3320 3367 3402 3461 3475 3654 3740 3827 3915 4004 4094 4185 4277 4370 4430 4464 4549 4752 4850 4949 5049 5150 5252 5355 5459 5564 5612 5670 5767 5994 6104 6215 6327 6440 6554 6662 6785 6902 7020 7129 7139 7380 7502 7625 7749 7874 7910 8000 8011 8255 8384 8514 8635 8645 8910 9044 9179 9315 9452 9590 9729 9869 10010 10106 10152 10187 10285 10584 10730 10877 11025 11174 11324 11475 11627 11780 11849 11934 11957 12079 12402 12560 12719 12879 13040 13064 13202 13214 13529 13694 13860 14017 14027 14364 14434 14534 14649 14877 15050 15224 15399 15575 15752 15930 16099 16109 
ALL EQUAL

Final time = 35225.9
Final solution cost = 1950
