Reading instance small_stp_instances/brg180_10_10.stp of type D
Finished instance reading
Number of vertices = 180
Number of edges (resources) = 16110
Number of scenarios = 10
Average number of terminals per scenario = 180
Probabilities of Scenarios: (0) 0.2 | (1) 0.13 | (2) 0.02 | (3) 0 | (4) 0.07 | (5) 0.15 | (6) 0.15 | (7) 0.12 | (8) 0.12 | (9) 0.04 | 
Average weighted inflation = -nan
Largest inflation = 0.9999
MAX_ITERATIONS_SINCE_LAST_IMPROVEMENT 2
MAX_ITERATIONS_SINCE_BEST_SOLUTION 3
Creating solution instance.
Starting Evolutive Framework.
Local search solution cost = 1992.15
Local search time = 11087.2
11087.2 local search - EF main loop cycle 0 solution cost 1992.15
11087.4s Cost of SP solution after second stage solver 1992.15
Local search solution cost = 1970
Local search time = 1117.69
12205.1 local search - EF main loop cycle 1 solution cost 1970
12205.1s Cost of SP solution after second stage solver 1970
Local search solution cost = 1970
Local search time = 1052.93
13258 local search - EF main loop cycle 2 solution cost 1970
13258.1s Cost of SP solution after second stage solver 1970
Local search solution cost = 1970
Local search time = 1048.79
14306.9 local search - EF main loop cycle 3 solution cost 1970
14306.9s Cost of SP solution after second stage solver 1970
Number of cycles 4
Time for each cycle 3576.72
14306.9s Cost of SP solution after tail step 1970
SELECTED RESOURCES:
0 2 5 9 14 20 27 35 44 54 55 90 104 119 135 152 170 189 209 230 252 263 265 324 350 377 405 434 464 495 527 560 594 619 702 740 779 819 860 902 945 989 1034 1080 1117 1224 1274 1325 1377 1430 1484 1539 1595 1652 1710 1759 1890 1952 2015 2079 2144 2210 2277 2345 2414 2484 2545 2602 2687 2774 2849 2925 3002 3080 3159 3239 3298 3402 3475 3485 3654 3740 3827 3915 4004 4094 4185 4277 4370 4464 4499 4549 4752 4850 4949 5049 5150 5252 5355 5403 5459 5670 5767 5777 5994 6089 6104 6327 6440 6554 6669 6785 6902 7020 7129 7139 7380 7502 7625 7749 7874 7910 8000 8255 8384 8514 8635 8645 8910 9044 9179 9315 9452 9590 9729 9741 9869 10152 10285 10295 10584 10730 10877 11019 11025 11131 11324 11475 11627 11780 11934 12079 12089 12402 12560 12719 12879 13040 13168 13202 13225 13436 13529 13601 13860 14017 14027 14364 14534 14705 14786 14877 14989 15224 15399 15575 15752 15930 16099 16109 
SCENARIO'S RESOURCES:
S 0: 0 | 0 2 5 9 14 20 27 35 44 54 55 90 104 119 135 152 170 189 209 230 252 263 265 324 350 377 405 434 464 495 527 560 594 619 702 740 779 819 860 902 945 989 1034 1080 1117 1224 1274 1325 1377 1430 1484 1539 1595 1652 1710 1759 1890 1952 2015 2079 2144 2210 2277 2345 2414 2484 2545 2602 2687 2774 2849 2925 3002 3080 3159 3239 3298 3402 3475 3485 3654 3740 3827 3915 4004 4094 4185 4277 4370 4464 4499 4549 4752 4850 4949 5049 5150 5252 5355 5403 5459 5670 5767 5777 5994 6089 6104 6327 6440 6554 6669 6785 6902 7020 7129 7139 7380 7502 7625 7749 7874 7910 8000 8255 8384 8514 8635 8645 8910 9044 9179 9315 9452 9590 9729 9741 9869 10152 10285 10295 10584 10730 10877 11019 11025 11131 11324 11475 11627 11780 11934 12079 12089 12402 12560 12719 12879 13040 13168 13202 13225 13436 13529 13601 13860 14017 14027 14364 14534 14705 14786 14877 14989 15224 15399 15575 15752 15930 16099 16109 
S 1: 0 | 0 2 5 9 14 20 27 35 44 54 55 90 104 119 135 152 170 189 209 230 252 263 265 324 350 377 405 434 464 495 527 560 594 619 702 740 779 819 860 902 945 989 1034 1080 1117 1224 1274 1325 1377 1430 1484 1539 1595 1652 1710 1759 1890 1952 2015 2079 2144 2210 2277 2345 2414 2484 2545 2602 2687 2774 2849 2925 3002 3080 3159 3239 3298 3402 3475 3485 3654 3740 3827 3915 4004 4094 4185 4277 4370 4464 4499 4549 4752 4850 4949 5049 5150 5252 5355 5403 5459 5670 5767 5777 5994 6089 6104 6327 6440 6554 6669 6785 6902 7020 7129 7139 7380 7502 7625 7749 7874 7910 8000 8255 8384 8514 8635 8645 8910 9044 9179 9315 9452 9590 9729 9741 9869 10152 10285 10295 10584 10730 10877 11019 11025 11131 11324 11475 11627 11780 11934 12079 12089 12402 12560 12719 12879 13040 13168 13202 13225 13436 13529 13601 13860 14017 14027 14364 14534 14705 14786 14877 14989 15224 15399 15575 15752 15930 16099 16109 
S 2: 0 | 0 2 5 9 14 20 27 35 44 54 55 90 104 119 135 152 170 189 209 230 252 263 265 324 350 377 405 434 464 495 527 560 594 619 702 740 779 819 860 902 945 989 1034 1080 1117 1224 1274 1325 1377 1430 1484 1539 1595 1652 1710 1759 1890 1952 2015 2079 2144 2210 2277 2345 2414 2484 2545 2602 2687 2774 2849 2925 3002 3080 3159 3239 3298 3402 3475 3485 3654 3740 3827 3915 4004 4094 4185 4277 4370 4464 4499 4549 4752 4850 4949 5049 5150 5252 5355 5403 5459 5670 5767 5777 5994 6089 6104 6327 6440 6554 6669 6785 6902 7020 7129 7139 7380 7502 7625 7749 7874 7910 8000 8255 8384 8514 8635 8645 8910 9044 9179 9315 9452 9590 9729 9741 9869 10152 10285 10295 10584 10730 10877 11019 11025 11131 11324 11475 11627 11780 11934 12079 12089 12402 12560 12719 12879 13040 13168 13202 13225 13436 13529 13601 13860 14017 14027 14364 14534 14705 14786 14877 14989 15224 15399 15575 15752 15930 16099 16109 
S 3: 0 | 0 2 5 9 14 20 27 35 44 54 55 90 104 119 135 152 170 189 209 230 252 263 265 324 350 377 405 434 464 495 527 560 594 619 702 740 779 819 860 902 945 989 1034 1080 1117 1224 1274 1325 1377 1430 1484 1539 1595 1652 1710 1759 1890 1952 2015 2079 2144 2210 2277 2345 2414 2484 2545 2602 2687 2774 2849 2925 3002 3080 3159 3239 3298 3402 3475 3485 3654 3740 3827 3915 4004 4094 4185 4277 4370 4464 4499 4549 4752 4850 4949 5049 5150 5252 5355 5403 5459 5670 5767 5777 5994 6089 6104 6327 6440 6554 6669 6785 6902 7020 7129 7139 7380 7502 7625 7749 7874 7910 8000 8255 8384 8514 8635 8645 8910 9044 9179 9315 9452 9590 9729 9741 9869 10152 10285 10295 10584 10730 10877 11019 11025 11131 11324 11475 11627 11780 11934 12079 12089 12402 12560 12719 12879 13040 13168 13202 13225 13436 13529 13601 13860 14017 14027 14364 14534 14705 14786 14877 14989 15224 15399 15575 15752 15930 16099 16109 
S 4: 0 | 0 2 5 9 14 20 27 35 44 54 55 90 104 119 135 152 170 189 209 230 252 263 265 324 350 377 405 434 464 495 527 560 594 619 702 740 779 819 860 902 945 989 1034 1080 1117 1224 1274 1325 1377 1430 1484 1539 1595 1652 1710 1759 1890 1952 2015 2079 2144 2210 2277 2345 2414 2484 2545 2602 2687 2774 2849 2925 3002 3080 3159 3239 3298 3402 3475 3485 3654 3740 3827 3915 4004 4094 4185 4277 4370 4464 4499 4549 4752 4850 4949 5049 5150 5252 5355 5403 5459 5670 5767 5777 5994 6089 6104 6327 6440 6554 6669 6785 6902 7020 7129 7139 7380 7502 7625 7749 7874 7910 8000 8255 8384 8514 8635 8645 8910 9044 9179 9315 9452 9590 9729 9741 9869 10152 10285 10295 10584 10730 10877 11019 11025 11131 11324 11475 11627 11780 11934 12079 12089 12402 12560 12719 12879 13040 13168 13202 13225 13436 13529 13601 13860 14017 14027 14364 14534 14705 14786 14877 14989 15224 15399 15575 15752 15930 16099 16109 
S 5: 0 | 0 2 5 9 14 20 27 35 44 54 55 90 104 119 135 152 170 189 209 230 252 263 265 324 350 377 405 434 464 495 527 560 594 619 702 740 779 819 860 902 945 989 1034 1080 1117 1224 1274 1325 1377 1430 1484 1539 1595 1652 1710 1759 1890 1952 2015 2079 2144 2210 2277 2345 2414 2484 2545 2602 2687 2774 2849 2925 3002 3080 3159 3239 3298 3402 3475 3485 3654 3740 3827 3915 4004 4094 4185 4277 4370 4464 4499 4549 4752 4850 4949 5049 5150 5252 5355 5403 5459 5670 5767 5777 5994 6089 6104 6327 6440 6554 6669 6785 6902 7020 7129 7139 7380 7502 7625 7749 7874 7910 8000 8255 8384 8514 8635 8645 8910 9044 9179 9315 9452 9590 9729 9741 9869 10152 10285 10295 10584 10730 10877 11019 11025 11131 11324 11475 11627 11780 11934 12079 12089 12402 12560 12719 12879 13040 13168 13202 13225 13436 13529 13601 13860 14017 14027 14364 14534 14705 14786 14877 14989 15224 15399 15575 15752 15930 16099 16109 
S 6: 0 | 0 2 5 9 14 20 27 35 44 54 55 90 104 119 135 152 170 189 209 230 252 263 265 324 350 377 405 434 464 495 527 560 594 619 702 740 779 819 860 902 945 989 1034 1080 1117 1224 1274 1325 1377 1430 1484 1539 1595 1652 1710 1759 1890 1952 2015 2079 2144 2210 2277 2345 2414 2484 2545 2602 2687 2774 2849 2925 3002 3080 3159 3239 3298 3402 3475 3485 3654 3740 3827 3915 4004 4094 4185 4277 4370 4464 4499 4549 4752 4850 4949 5049 5150 5252 5355 5403 5459 5670 5767 5777 5994 6089 6104 6327 6440 6554 6669 6785 6902 7020 7129 7139 7380 7502 7625 7749 7874 7910 8000 8255 8384 8514 8635 8645 8910 9044 9179 9315 9452 9590 9729 9741 9869 10152 10285 10295 10584 10730 10877 11019 11025 11131 11324 11475 11627 11780 11934 12079 12089 12402 12560 12719 12879 13040 13168 13202 13225 13436 13529 13601 13860 14017 14027 14364 14534 14705 14786 14877 14989 15224 15399 15575 15752 15930 16099 16109 
S 7: 0 | 0 2 5 9 14 20 27 35 44 54 55 90 104 119 135 152 170 189 209 230 252 263 265 324 350 377 405 434 464 495 527 560 594 619 702 740 779 819 860 902 945 989 1034 1080 1117 1224 1274 1325 1377 1430 1484 1539 1595 1652 1710 1759 1890 1952 2015 2079 2144 2210 2277 2345 2414 2484 2545 2602 2687 2774 2849 2925 3002 3080 3159 3239 3298 3402 3475 3485 3654 3740 3827 3915 4004 4094 4185 4277 4370 4464 4499 4549 4752 4850 4949 5049 5150 5252 5355 5403 5459 5670 5767 5777 5994 6089 6104 6327 6440 6554 6669 6785 6902 7020 7129 7139 7380 7502 7625 7749 7874 7910 8000 8255 8384 8514 8635 8645 8910 9044 9179 9315 9452 9590 9729 9741 9869 10152 10285 10295 10584 10730 10877 11019 11025 11131 11324 11475 11627 11780 11934 12079 12089 12402 12560 12719 12879 13040 13168 13202 13225 13436 13529 13601 13860 14017 14027 14364 14534 14705 14786 14877 14989 15224 15399 15575 15752 15930 16099 16109 
S 8: 0 | 0 2 5 9 14 20 27 35 44 54 55 90 104 119 135 152 170 189 209 230 252 263 265 324 350 377 405 434 464 495 527 560 594 619 702 740 779 819 860 902 945 989 1034 1080 1117 1224 1274 1325 1377 1430 1484 1539 1595 1652 1710 1759 1890 1952 2015 2079 2144 2210 2277 2345 2414 2484 2545 2602 2687 2774 2849 2925 3002 3080 3159 3239 3298 3402 3475 3485 3654 3740 3827 3915 4004 4094 4185 4277 4370 4464 4499 4549 4752 4850 4949 5049 5150 5252 5355 5403 5459 5670 5767 5777 5994 6089 6104 6327 6440 6554 6669 6785 6902 7020 7129 7139 7380 7502 7625 7749 7874 7910 8000 8255 8384 8514 8635 8645 8910 9044 9179 9315 9452 9590 9729 9741 9869 10152 10285 10295 10584 10730 10877 11019 11025 11131 11324 11475 11627 11780 11934 12079 12089 12402 12560 12719 12879 13040 13168 13202 13225 13436 13529 13601 13860 14017 14027 14364 14534 14705 14786 14877 14989 15224 15399 15575 15752 15930 16099 16109 
S 9: 0 | 0 2 5 9 14 20 27 35 44 54 55 90 104 119 135 152 170 189 209 230 252 263 265 324 350 377 405 434 464 495 527 560 594 619 702 740 779 819 860 902 945 989 1034 1080 1117 1224 1274 1325 1377 1430 1484 1539 1595 1652 1710 1759 1890 1952 2015 2079 2144 2210 2277 2345 2414 2484 2545 2602 2687 2774 2849 2925 3002 3080 3159 3239 3298 3402 3475 3485 3654 3740 3827 3915 4004 4094 4185 4277 4370 4464 4499 4549 4752 4850 4949 5049 5150 5252 5355 5403 5459 5670 5767 5777 5994 6089 6104 6327 6440 6554 6669 6785 6902 7020 7129 7139 7380 7502 7625 7749 7874 7910 8000 8255 8384 8514 8635 8645 8910 9044 9179 9315 9452 9590 9729 9741 9869 10152 10285 10295 10584 10730 10877 11019 11025 11131 11324 11475 11627 11780 11934 12079 12089 12402 12560 12719 12879 13040 13168 13202 13225 13436 13529 13601 13860 14017 14027 14364 14534 14705 14786 14877 14989 15224 15399 15575 15752 15930 16099 16109 
ALL EQUAL

Final time = 14307
Final solution cost = 1970
