Reading instance small_stp_instances/ch130_10_03.stp of type D
Finished instance reading
Number of vertices = 130
Number of edges (resources) = 8385
Number of scenarios = 10
Average number of terminals per scenario = 130
Probabilities of Scenarios: (0) 0.23 | (1) 0.14 | (2) 0.03 | (3) 0.18 | (4) 0.08 | (5) 0.01 | (6) 0.11 | (7) 0.04 | (8) 0.12 | (9) 0.06 | 
Average weighted inflation = -nan
Largest inflation = 0.299703
MAX_ITERATIONS_SINCE_LAST_IMPROVEMENT 2
MAX_ITERATIONS_SINCE_BEST_SOLUTION 3
Creating solution instance.
Starting Evolutive Framework.
Local search solution cost = 6093.29
Local search time = 4686.18
4686.19 local search - EF main loop cycle 0 solution cost 6093.29
4686.25s Cost of SP solution after second stage solver 6093.29
Local search solution cost = 6070
Local search time = 337.423
5023.67 local search - EF main loop cycle 1 solution cost 6070
5023.69s Cost of SP solution after second stage solver 6070
Local search solution cost = 6070
Local search time = 336.616
5360.3 local search - EF main loop cycle 2 solution cost 6070
5360.32s Cost of SP solution after second stage solver 6070
Local search solution cost = 6070
Local search time = 337.61
5697.93 local search - EF main loop cycle 3 solution cost 6070
5697.95s Cost of SP solution after second stage solver 6070
Number of cycles 4
Time for each cycle 1424.49
5697.97s Cost of SP solution after tail step 6070
SELECTED RESOURCES:
49 87 143 167 174 306 343 392 401 451 489 516 518 544 564 651 763 780 818 894 944 950 961 1007 1056 1074 1105 1177 1266 1379 1412 1493 1548 1644 1682 1761 1765 1857 1938 2067 2071 2157 2158 2273 2341 2415 2533 2752 2774 2785 2991 3014 3126 3296 3323 3350 3438 3551 3638 3666 3735 3747 3826 3974 4010 4076 4132 4167 4222 4229 4354 4366 4449 4477 4585 4629 4723 4825 4826 4877 4881 5031 5055 5059 5227 5231 5295 5417 5497 5512 5634 5678 5838 5853 5974 5983 6247 6251 6330 6435 6468 6552 6578 6649 6708 6781 6805 6865 6986 7013 7073 7078 7217 7314 7355 7481 7491 7566 7710 7715 7770 7870 7978 7981 8016 8105 8188 8251 8305 8326 
SCENARIO'S RESOURCES:
S 0: 0 | 49 87 143 167 174 306 343 392 401 451 489 516 518 544 564 651 763 780 818 894 944 950 961 1007 1056 1074 1105 1177 1266 1379 1412 1493 1548 1644 1682 1761 1765 1857 1938 2067 2071 2157 2158 2273 2341 2415 2533 2752 2774 2785 2991 3014 3126 3296 3323 3350 3438 3551 3638 3666 3735 3747 3826 3974 4010 4076 4132 4167 4222 4229 4354 4366 4449 4477 4585 4629 4723 4825 4826 4877 4881 5031 5055 5059 5227 5231 5295 5417 5497 5512 5634 5678 5838 5853 5974 5983 6247 6251 6330 6435 6468 6552 6578 6649 6708 6781 6805 6865 6986 7013 7073 7078 7217 7314 7355 7481 7491 7566 7710 7715 7770 7870 7978 7981 8016 8105 8188 8251 8305 8326 
S 1: 0 | 49 87 143 167 174 306 343 392 401 451 489 516 518 544 564 651 763 780 818 894 944 950 961 1007 1056 1074 1105 1177 1266 1379 1412 1493 1548 1644 1682 1761 1765 1857 1938 2067 2071 2157 2158 2273 2341 2415 2533 2752 2774 2785 2991 3014 3126 3296 3323 3350 3438 3551 3638 3666 3735 3747 3826 3974 4010 4076 4132 4167 4222 4229 4354 4366 4449 4477 4585 4629 4723 4825 4826 4877 4881 5031 5055 5059 5227 5231 5295 5417 5497 5512 5634 5678 5838 5853 5974 5983 6247 6251 6330 6435 6468 6552 6578 6649 6708 6781 6805 6865 6986 7013 7073 7078 7217 7314 7355 7481 7491 7566 7710 7715 7770 7870 7978 7981 8016 8105 8188 8251 8305 8326 
S 2: 0 | 49 87 143 167 174 306 343 392 401 451 489 516 518 544 564 651 763 780 818 894 944 950 961 1007 1056 1074 1105 1177 1266 1379 1412 1493 1548 1644 1682 1761 1765 1857 1938 2067 2071 2157 2158 2273 2341 2415 2533 2752 2774 2785 2991 3014 3126 3296 3323 3350 3438 3551 3638 3666 3735 3747 3826 3974 4010 4076 4132 4167 4222 4229 4354 4366 4449 4477 4585 4629 4723 4825 4826 4877 4881 5031 5055 5059 5227 5231 5295 5417 5497 5512 5634 5678 5838 5853 5974 5983 6247 6251 6330 6435 6468 6552 6578 6649 6708 6781 6805 6865 6986 7013 7073 7078 7217 7314 7355 7481 7491 7566 7710 7715 7770 7870 7978 7981 8016 8105 8188 8251 8305 8326 
S 3: 0 | 49 87 143 167 174 306 343 392 401 451 489 516 518 544 564 651 763 780 818 894 944 950 961 1007 1056 1074 1105 1177 1266 1379 1412 1493 1548 1644 1682 1761 1765 1857 1938 2067 2071 2157 2158 2273 2341 2415 2533 2752 2774 2785 2991 3014 3126 3296 3323 3350 3438 3551 3638 3666 3735 3747 3826 3974 4010 4076 4132 4167 4222 4229 4354 4366 4449 4477 4585 4629 4723 4825 4826 4877 4881 5031 5055 5059 5227 5231 5295 5417 5497 5512 5634 5678 5838 5853 5974 5983 6247 6251 6330 6435 6468 6552 6578 6649 6708 6781 6805 6865 6986 7013 7073 7078 7217 7314 7355 7481 7491 7566 7710 7715 7770 7870 7978 7981 8016 8105 8188 8251 8305 8326 
S 4: 0 | 49 87 143 167 174 306 343 392 401 451 489 516 518 544 564 651 763 780 818 894 944 950 961 1007 1056 1074 1105 1177 1266 1379 1412 1493 1548 1644 1682 1761 1765 1857 1938 2067 2071 2157 2158 2273 2341 2415 2533 2752 2774 2785 2991 3014 3126 3296 3323 3350 3438 3551 3638 3666 3735 3747 3826 3974 4010 4076 4132 4167 4222 4229 4354 4366 4449 4477 4585 4629 4723 4825 4826 4877 4881 5031 5055 5059 5227 5231 5295 5417 5497 5512 5634 5678 5838 5853 5974 5983 6247 6251 6330 6435 6468 6552 6578 6649 6708 6781 6805 6865 6986 7013 7073 7078 7217 7314 7355 7481 7491 7566 7710 7715 7770 7870 7978 7981 8016 8105 8188 8251 8305 8326 
S 5: 0 | 49 87 143 167 174 306 343 392 401 451 489 516 518 544 564 651 763 780 818 894 944 950 961 1007 1056 1074 1105 1177 1266 1379 1412 1493 1548 1644 1682 1761 1765 1857 1938 2067 2071 2157 2158 2273 2341 2415 2533 2752 2774 2785 2991 3014 3126 3296 3323 3350 3438 3551 3638 3666 3735 3747 3826 3974 4010 4076 4132 4167 4222 4229 4354 4366 4449 4477 4585 4629 4723 4825 4826 4877 4881 5031 5055 5059 5227 5231 5295 5417 5497 5512 5634 5678 5838 5853 5974 5983 6247 6251 6330 6435 6468 6552 6578 6649 6708 6781 6805 6865 6986 7013 7073 7078 7217 7314 7355 7481 7491 7566 7710 7715 7770 7870 7978 7981 8016 8105 8188 8251 8305 8326 
S 6: 0 | 49 87 143 167 174 306 343 392 401 451 489 516 518 544 564 651 763 780 818 894 944 950 961 1007 1056 1074 1105 1177 1266 1379 1412 1493 1548 1644 1682 1761 1765 1857 1938 2067 2071 2157 2158 2273 2341 2415 2533 2752 2774 2785 2991 3014 3126 3296 3323 3350 3438 3551 3638 3666 3735 3747 3826 3974 4010 4076 4132 4167 4222 4229 4354 4366 4449 4477 4585 4629 4723 4825 4826 4877 4881 5031 5055 5059 5227 5231 5295 5417 5497 5512 5634 5678 5838 5853 5974 5983 6247 6251 6330 6435 6468 6552 6578 6649 6708 6781 6805 6865 6986 7013 7073 7078 7217 7314 7355 7481 7491 7566 7710 7715 7770 7870 7978 7981 8016 8105 8188 8251 8305 8326 
S 7: 0 | 49 87 143 167 174 306 343 392 401 451 489 516 518 544 564 651 763 780 818 894 944 950 961 1007 1056 1074 1105 1177 1266 1379 1412 1493 1548 1644 1682 1761 1765 1857 1938 2067 2071 2157 2158 2273 2341 2415 2533 2752 2774 2785 2991 3014 3126 3296 3323 3350 3438 3551 3638 3666 3735 3747 3826 3974 4010 4076 4132 4167 4222 4229 4354 4366 4449 4477 4585 4629 4723 4825 4826 4877 4881 5031 5055 5059 5227 5231 5295 5417 5497 5512 5634 5678 5838 5853 5974 5983 6247 6251 6330 6435 6468 6552 6578 6649 6708 6781 6805 6865 6986 7013 7073 7078 7217 7314 7355 7481 7491 7566 7710 7715 7770 7870 7978 7981 8016 8105 8188 8251 8305 8326 
S 8: 0 | 49 87 143 167 174 306 343 392 401 451 489 516 518 544 564 651 763 780 818 894 944 950 961 1007 1056 1074 1105 1177 1266 1379 1412 1493 1548 1644 1682 1761 1765 1857 1938 2067 2071 2157 2158 2273 2341 2415 2533 2752 2774 2785 2991 3014 3126 3296 3323 3350 3438 3551 3638 3666 3735 3747 3826 3974 4010 4076 4132 4167 4222 4229 4354 4366 4449 4477 4585 4629 4723 4825 4826 4877 4881 5031 5055 5059 5227 5231 5295 5417 5497 5512 5634 5678 5838 5853 5974 5983 6247 6251 6330 6435 6468 6552 6578 6649 6708 6781 6805 6865 6986 7013 7073 7078 7217 7314 7355 7481 7491 7566 7710 7715 7770 7870 7978 7981 8016 8105 8188 8251 8305 8326 
S 9: 0 | 49 87 143 167 174 306 343 392 401 451 489 516 518 544 564 651 763 780 818 894 944 950 961 1007 1056 1074 1105 1177 1266 1379 1412 1493 1548 1644 1682 1761 1765 1857 1938 2067 2071 2157 2158 2273 2341 2415 2533 2752 2774 2785 2991 3014 3126 3296 3323 3350 3438 3551 3638 3666 3735 3747 3826 3974 4010 4076 4132 4167 4222 4229 4354 4366 4449 4477 4585 4629 4723 4825 4826 4877 4881 5031 5055 5059 5227 5231 5295 5417 5497 5512 5634 5678 5838 5853 5974 5983 6247 6251 6330 6435 6468 6552 6578 6649 6708 6781 6805 6865 6986 7013 7073 7078 7217 7314 7355 7481 7491 7566 7710 7715 7770 7870 7978 7981 8016 8105 8188 8251 8305 8326 
ALL EQUAL

Final time = 5698.02
Final solution cost = 6070
