Reading instance small_stp_instances/ch130_20_05.stp of type D
Finished instance reading
Number of vertices = 130
Number of edges (resources) = 8385
Number of scenarios = 20
Average number of terminals per scenario = 130
Probabilities of Scenarios: (0) 0.07 | (1) 0.01 | (2) 0.06 | (3) 0.04 | (4) 0 | (5) 0.07 | (6) 0.06 | (7) 0.08 | (8) 0.02 | (9) 0.04 | (10) 0.05 | (11) 0.04 | (12) 0.07 | (13) 0.07 | (14) 0.07 | (15) 0.03 | (16) 0.01 | (17) 0.06 | (18) 0.09 | (19) 0.06 | 
Average weighted inflation = -nan
Largest inflation = 0.499387
MAX_ITERATIONS_SINCE_LAST_IMPROVEMENT 2
MAX_ITERATIONS_SINCE_BEST_SOLUTION 3
Creating solution instance.
Starting Evolutive Framework.
Local search solution cost = 6161.19
Local search time = 9806.18
9806.18 local search - EF main loop cycle 0 solution cost 6161.19
9806.27s Cost of SP solution after second stage solver 6161.19
Local search solution cost = 6142
Local search time = 655.293
10461.6 local search - EF main loop cycle 1 solution cost 6142
10461.6s Cost of SP solution after second stage solver 6142
Local search solution cost = 6142
Local search time = 638.679
11100.3 local search - EF main loop cycle 2 solution cost 6142
11100.3s Cost of SP solution after second stage solver 6142
Local search solution cost = 6142
Local search time = 638.615
11738.9 local search - EF main loop cycle 3 solution cost 6142
11739s Cost of SP solution after second stage solver 6142
Number of cycles 4
Time for each cycle 2934.74
11739s Cost of SP solution after tail step 6142
SELECTED RESOURCES:
49 87 143 167 174 207 243 306 392 401 461 489 516 544 558 564 651 777 780 818 944 950 961 1009 1057 1074 1105 1177 1266 1283 1374 1394 1412 1436 1548 1595 1644 1682 1761 1857 1933 2071 2157 2258 2341 2408 2453 2752 2774 2785 2991 3014 3126 3304 3323 3350 3438 3551 3638 3666 3735 3747 3826 3974 4076 4077 4132 4166 4207 4218 4354 4366 4449 4478 4531 4585 4629 4723 4825 4826 4869 4877 5031 5055 5059 5227 5231 5295 5417 5497 5517 5668 5678 5838 5853 5974 5983 6247 6251 6435 6468 6552 6578 6649 6672 6781 6787 6865 6986 7013 7073 7080 7217 7303 7314 7481 7491 7566 7710 7715 7863 7870 7875 7981 8016 8105 8188 8251 8305 8326 
SCENARIO'S RESOURCES:
S 0: 0 | 49 87 143 167 174 207 243 306 392 401 461 489 516 544 558 564 651 777 780 818 944 950 961 1009 1057 1074 1105 1177 1266 1283 1374 1394 1412 1436 1548 1595 1644 1682 1761 1857 1933 2071 2157 2258 2341 2408 2453 2752 2774 2785 2991 3014 3126 3304 3323 3350 3438 3551 3638 3666 3735 3747 3826 3974 4076 4077 4132 4166 4207 4218 4354 4366 4449 4478 4531 4585 4629 4723 4825 4826 4869 4877 5031 5055 5059 5227 5231 5295 5417 5497 5517 5668 5678 5838 5853 5974 5983 6247 6251 6435 6468 6552 6578 6649 6672 6781 6787 6865 6986 7013 7073 7080 7217 7303 7314 7481 7491 7566 7710 7715 7863 7870 7875 7981 8016 8105 8188 8251 8305 8326 
S 1: 0 | 49 87 143 167 174 207 243 306 392 401 461 489 516 544 558 564 651 777 780 818 944 950 961 1009 1057 1074 1105 1177 1266 1283 1374 1394 1412 1436 1548 1595 1644 1682 1761 1857 1933 2071 2157 2258 2341 2408 2453 2752 2774 2785 2991 3014 3126 3304 3323 3350 3438 3551 3638 3666 3735 3747 3826 3974 4076 4077 4132 4166 4207 4218 4354 4366 4449 4478 4531 4585 4629 4723 4825 4826 4869 4877 5031 5055 5059 5227 5231 5295 5417 5497 5517 5668 5678 5838 5853 5974 5983 6247 6251 6435 6468 6552 6578 6649 6672 6781 6787 6865 6986 7013 7073 7080 7217 7303 7314 7481 7491 7566 7710 7715 7863 7870 7875 7981 8016 8105 8188 8251 8305 8326 
S 2: 0 | 49 87 143 167 174 207 243 306 392 401 461 489 516 544 558 564 651 777 780 818 944 950 961 1009 1057 1074 1105 1177 1266 1283 1374 1394 1412 1436 1548 1595 1644 1682 1761 1857 1933 2071 2157 2258 2341 2408 2453 2752 2774 2785 2991 3014 3126 3304 3323 3350 3438 3551 3638 3666 3735 3747 3826 3974 4076 4077 4132 4166 4207 4218 4354 4366 4449 4478 4531 4585 4629 4723 4825 4826 4869 4877 5031 5055 5059 5227 5231 5295 5417 5497 5517 5668 5678 5838 5853 5974 5983 6247 6251 6435 6468 6552 6578 6649 6672 6781 6787 6865 6986 7013 7073 7080 7217 7303 7314 7481 7491 7566 7710 7715 7863 7870 7875 7981 8016 8105 8188 8251 8305 8326 
S 3: 0 | 49 87 143 167 174 207 243 306 392 401 461 489 516 544 558 564 651 777 780 818 944 950 961 1009 1057 1074 1105 1177 1266 1283 1374 1394 1412 1436 1548 1595 1644 1682 1761 1857 1933 2071 2157 2258 2341 2408 2453 2752 2774 2785 2991 3014 3126 3304 3323 3350 3438 3551 3638 3666 3735 3747 3826 3974 4076 4077 4132 4166 4207 4218 4354 4366 4449 4478 4531 4585 4629 4723 4825 4826 4869 4877 5031 5055 5059 5227 5231 5295 5417 5497 5517 5668 5678 5838 5853 5974 5983 6247 6251 6435 6468 6552 6578 6649 6672 6781 6787 6865 6986 7013 7073 7080 7217 7303 7314 7481 7491 7566 7710 7715 7863 7870 7875 7981 8016 8105 8188 8251 8305 8326 
S 4: 0 | 49 87 143 167 174 207 243 306 392 401 461 489 516 544 558 564 651 777 780 818 944 950 961 1009 1057 1074 1105 1177 1266 1283 1374 1394 1412 1436 1548 1595 1644 1682 1761 1857 1933 2071 2157 2258 2341 2408 2453 2752 2774 2785 2991 3014 3126 3304 3323 3350 3438 3551 3638 3666 3735 3747 3826 3974 4076 4077 4132 4166 4207 4218 4354 4366 4449 4478 4531 4585 4629 4723 4825 4826 4869 4877 5031 5055 5059 5227 5231 5295 5417 5497 5517 5668 5678 5838 5853 5974 5983 6247 6251 6435 6468 6552 6578 6649 6672 6781 6787 6865 6986 7013 7073 7080 7217 7303 7314 7481 7491 7566 7710 7715 7863 7870 7875 7981 8016 8105 8188 8251 8305 8326 
S 5: 0 | 49 87 143 167 174 207 243 306 392 401 461 489 516 544 558 564 651 777 780 818 944 950 961 1009 1057 1074 1105 1177 1266 1283 1374 1394 1412 1436 1548 1595 1644 1682 1761 1857 1933 2071 2157 2258 2341 2408 2453 2752 2774 2785 2991 3014 3126 3304 3323 3350 3438 3551 3638 3666 3735 3747 3826 3974 4076 4077 4132 4166 4207 4218 4354 4366 4449 4478 4531 4585 4629 4723 4825 4826 4869 4877 5031 5055 5059 5227 5231 5295 5417 5497 5517 5668 5678 5838 5853 5974 5983 6247 6251 6435 6468 6552 6578 6649 6672 6781 6787 6865 6986 7013 7073 7080 7217 7303 7314 7481 7491 7566 7710 7715 7863 7870 7875 7981 8016 8105 8188 8251 8305 8326 
S 6: 0 | 49 87 143 167 174 207 243 306 392 401 461 489 516 544 558 564 651 777 780 818 944 950 961 1009 1057 1074 1105 1177 1266 1283 1374 1394 1412 1436 1548 1595 1644 1682 1761 1857 1933 2071 2157 2258 2341 2408 2453 2752 2774 2785 2991 3014 3126 3304 3323 3350 3438 3551 3638 3666 3735 3747 3826 3974 4076 4077 4132 4166 4207 4218 4354 4366 4449 4478 4531 4585 4629 4723 4825 4826 4869 4877 5031 5055 5059 5227 5231 5295 5417 5497 5517 5668 5678 5838 5853 5974 5983 6247 6251 6435 6468 6552 6578 6649 6672 6781 6787 6865 6986 7013 7073 7080 7217 7303 7314 7481 7491 7566 7710 7715 7863 7870 7875 7981 8016 8105 8188 8251 8305 8326 
S 7: 0 | 49 87 143 167 174 207 243 306 392 401 461 489 516 544 558 564 651 777 780 818 944 950 961 1009 1057 1074 1105 1177 1266 1283 1374 1394 1412 1436 1548 1595 1644 1682 1761 1857 1933 2071 2157 2258 2341 2408 2453 2752 2774 2785 2991 3014 3126 3304 3323 3350 3438 3551 3638 3666 3735 3747 3826 3974 4076 4077 4132 4166 4207 4218 4354 4366 4449 4478 4531 4585 4629 4723 4825 4826 4869 4877 5031 5055 5059 5227 5231 5295 5417 5497 5517 5668 5678 5838 5853 5974 5983 6247 6251 6435 6468 6552 6578 6649 6672 6781 6787 6865 6986 7013 7073 7080 7217 7303 7314 7481 7491 7566 7710 7715 7863 7870 7875 7981 8016 8105 8188 8251 8305 8326 
S 8: 0 | 49 87 143 167 174 207 243 306 392 401 461 489 516 544 558 564 651 777 780 818 944 950 961 1009 1057 1074 1105 1177 1266 1283 1374 1394 1412 1436 1548 1595 1644 1682 1761 1857 1933 2071 2157 2258 2341 2408 2453 2752 2774 2785 2991 3014 3126 3304 3323 3350 3438 3551 3638 3666 3735 3747 3826 3974 4076 4077 4132 4166 4207 4218 4354 4366 4449 4478 4531 4585 4629 4723 4825 4826 4869 4877 5031 5055 5059 5227 5231 5295 5417 5497 5517 5668 5678 5838 5853 5974 5983 6247 6251 6435 6468 6552 6578 6649 6672 6781 6787 6865 6986 7013 7073 7080 7217 7303 7314 7481 7491 7566 7710 7715 7863 7870 7875 7981 8016 8105 8188 8251 8305 8326 
S 9: 0 | 49 87 143 167 174 207 243 306 392 401 461 489 516 544 558 564 651 777 780 818 944 950 961 1009 1057 1074 1105 1177 1266 1283 1374 1394 1412 1436 1548 1595 1644 1682 1761 1857 1933 2071 2157 2258 2341 2408 2453 2752 2774 2785 2991 3014 3126 3304 3323 3350 3438 3551 3638 3666 3735 3747 3826 3974 4076 4077 4132 4166 4207 4218 4354 4366 4449 4478 4531 4585 4629 4723 4825 4826 4869 4877 5031 5055 5059 5227 5231 5295 5417 5497 5517 5668 5678 5838 5853 5974 5983 6247 6251 6435 6468 6552 6578 6649 6672 6781 6787 6865 6986 7013 7073 7080 7217 7303 7314 7481 7491 7566 7710 7715 7863 7870 7875 7981 8016 8105 8188 8251 8305 8326 
S 10: 0 | 49 87 143 167 174 207 243 306 392 401 461 489 516 544 558 564 651 777 780 818 944 950 961 1009 1057 1074 1105 1177 1266 1283 1374 1394 1412 1436 1548 1595 1644 1682 1761 1857 1933 2071 2157 2258 2341 2408 2453 2752 2774 2785 2991 3014 3126 3304 3323 3350 3438 3551 3638 3666 3735 3747 3826 3974 4076 4077 4132 4166 4207 4218 4354 4366 4449 4478 4531 4585 4629 4723 4825 4826 4869 4877 5031 5055 5059 5227 5231 5295 5417 5497 5517 5668 5678 5838 5853 5974 5983 6247 6251 6435 6468 6552 6578 6649 6672 6781 6787 6865 6986 7013 7073 7080 7217 7303 7314 7481 7491 7566 7710 7715 7863 7870 7875 7981 8016 8105 8188 8251 8305 8326 
S 11: 0 | 49 87 143 167 174 207 243 306 392 401 461 489 516 544 558 564 651 777 780 818 944 950 961 1009 1057 1074 1105 1177 1266 1283 1374 1394 1412 1436 1548 1595 1644 1682 1761 1857 1933 2071 2157 2258 2341 2408 2453 2752 2774 2785 2991 3014 3126 3304 3323 3350 3438 3551 3638 3666 3735 3747 3826 3974 4076 4077 4132 4166 4207 4218 4354 4366 4449 4478 4531 4585 4629 4723 4825 4826 4869 4877 5031 5055 5059 5227 5231 5295 5417 5497 5517 5668 5678 5838 5853 5974 5983 6247 6251 6435 6468 6552 6578 6649 6672 6781 6787 6865 6986 7013 7073 7080 7217 7303 7314 7481 7491 7566 7710 7715 7863 7870 7875 7981 8016 8105 8188 8251 8305 8326 
S 12: 0 | 49 87 143 167 174 207 243 306 392 401 461 489 516 544 558 564 651 777 780 818 944 950 961 1009 1057 1074 1105 1177 1266 1283 1374 1394 1412 1436 1548 1595 1644 1682 1761 1857 1933 2071 2157 2258 2341 2408 2453 2752 2774 2785 2991 3014 3126 3304 3323 3350 3438 3551 3638 3666 3735 3747 3826 3974 4076 4077 4132 4166 4207 4218 4354 4366 4449 4478 4531 4585 4629 4723 4825 4826 4869 4877 5031 5055 5059 5227 5231 5295 5417 5497 5517 5668 5678 5838 5853 5974 5983 6247 6251 6435 6468 6552 6578 6649 6672 6781 6787 6865 6986 7013 7073 7080 7217 7303 7314 7481 7491 7566 7710 7715 7863 7870 7875 7981 8016 8105 8188 8251 8305 8326 
S 13: 0 | 49 87 143 167 174 207 243 306 392 401 461 489 516 544 558 564 651 777 780 818 944 950 961 1009 1057 1074 1105 1177 1266 1283 1374 1394 1412 1436 1548 1595 1644 1682 1761 1857 1933 2071 2157 2258 2341 2408 2453 2752 2774 2785 2991 3014 3126 3304 3323 3350 3438 3551 3638 3666 3735 3747 3826 3974 4076 4077 4132 4166 4207 4218 4354 4366 4449 4478 4531 4585 4629 4723 4825 4826 4869 4877 5031 5055 5059 5227 5231 5295 5417 5497 5517 5668 5678 5838 5853 5974 5983 6247 6251 6435 6468 6552 6578 6649 6672 6781 6787 6865 6986 7013 7073 7080 7217 7303 7314 7481 7491 7566 7710 7715 7863 7870 7875 7981 8016 8105 8188 8251 8305 8326 
S 14: 0 | 49 87 143 167 174 207 243 306 392 401 461 489 516 544 558 564 651 777 780 818 944 950 961 1009 1057 1074 1105 1177 1266 1283 1374 1394 1412 1436 1548 1595 1644 1682 1761 1857 1933 2071 2157 2258 2341 2408 2453 2752 2774 2785 2991 3014 3126 3304 3323 3350 3438 3551 3638 3666 3735 3747 3826 3974 4076 4077 4132 4166 4207 4218 4354 4366 4449 4478 4531 4585 4629 4723 4825 4826 4869 4877 5031 5055 5059 5227 5231 5295 5417 5497 5517 5668 5678 5838 5853 5974 5983 6247 6251 6435 6468 6552 6578 6649 6672 6781 6787 6865 6986 7013 7073 7080 7217 7303 7314 7481 7491 7566 7710 7715 7863 7870 7875 7981 8016 8105 8188 8251 8305 8326 
S 15: 0 | 49 87 143 167 174 207 243 306 392 401 461 489 516 544 558 564 651 777 780 818 944 950 961 1009 1057 1074 1105 1177 1266 1283 1374 1394 1412 1436 1548 1595 1644 1682 1761 1857 1933 2071 2157 2258 2341 2408 2453 2752 2774 2785 2991 3014 3126 3304 3323 3350 3438 3551 3638 3666 3735 3747 3826 3974 4076 4077 4132 4166 4207 4218 4354 4366 4449 4478 4531 4585 4629 4723 4825 4826 4869 4877 5031 5055 5059 5227 5231 5295 5417 5497 5517 5668 5678 5838 5853 5974 5983 6247 6251 6435 6468 6552 6578 6649 6672 6781 6787 6865 6986 7013 7073 7080 7217 7303 7314 7481 7491 7566 7710 7715 7863 7870 7875 7981 8016 8105 8188 8251 8305 8326 
S 16: 0 | 49 87 143 167 174 207 243 306 392 401 461 489 516 544 558 564 651 777 780 818 944 950 961 1009 1057 1074 1105 1177 1266 1283 1374 1394 1412 1436 1548 1595 1644 1682 1761 1857 1933 2071 2157 2258 2341 2408 2453 2752 2774 2785 2991 3014 3126 3304 3323 3350 3438 3551 3638 3666 3735 3747 3826 3974 4076 4077 4132 4166 4207 4218 4354 4366 4449 4478 4531 4585 4629 4723 4825 4826 4869 4877 5031 5055 5059 5227 5231 5295 5417 5497 5517 5668 5678 5838 5853 5974 5983 6247 6251 6435 6468 6552 6578 6649 6672 6781 6787 6865 6986 7013 7073 7080 7217 7303 7314 7481 7491 7566 7710 7715 7863 7870 7875 7981 8016 8105 8188 8251 8305 8326 
S 17: 0 | 49 87 143 167 174 207 243 306 392 401 461 489 516 544 558 564 651 777 780 818 944 950 961 1009 1057 1074 1105 1177 1266 1283 1374 1394 1412 1436 1548 1595 1644 1682 1761 1857 1933 2071 2157 2258 2341 2408 2453 2752 2774 2785 2991 3014 3126 3304 3323 3350 3438 3551 3638 3666 3735 3747 3826 3974 4076 4077 4132 4166 4207 4218 4354 4366 4449 4478 4531 4585 4629 4723 4825 4826 4869 4877 5031 5055 5059 5227 5231 5295 5417 5497 5517 5668 5678 5838 5853 5974 5983 6247 6251 6435 6468 6552 6578 6649 6672 6781 6787 6865 6986 7013 7073 7080 7217 7303 7314 7481 7491 7566 7710 7715 7863 7870 7875 7981 8016 8105 8188 8251 8305 8326 
S 18: 0 | 49 87 143 167 174 207 243 306 392 401 461 489 516 544 558 564 651 777 780 818 944 950 961 1009 1057 1074 1105 1177 1266 1283 1374 1394 1412 1436 1548 1595 1644 1682 1761 1857 1933 2071 2157 2258 2341 2408 2453 2752 2774 2785 2991 3014 3126 3304 3323 3350 3438 3551 3638 3666 3735 3747 3826 3974 4076 4077 4132 4166 4207 4218 4354 4366 4449 4478 4531 4585 4629 4723 4825 4826 4869 4877 5031 5055 5059 5227 5231 5295 5417 5497 5517 5668 5678 5838 5853 5974 5983 6247 6251 6435 6468 6552 6578 6649 6672 6781 6787 6865 6986 7013 7073 7080 7217 7303 7314 7481 7491 7566 7710 7715 7863 7870 7875 7981 8016 8105 8188 8251 8305 8326 
S 19: 0 | 49 87 143 167 174 207 243 306 392 401 461 489 516 544 558 564 651 777 780 818 944 950 961 1009 1057 1074 1105 1177 1266 1283 1374 1394 1412 1436 1548 1595 1644 1682 1761 1857 1933 2071 2157 2258 2341 2408 2453 2752 2774 2785 2991 3014 3126 3304 3323 3350 3438 3551 3638 3666 3735 3747 3826 3974 4076 4077 4132 4166 4207 4218 4354 4366 4449 4478 4531 4585 4629 4723 4825 4826 4869 4877 5031 5055 5059 5227 5231 5295 5417 5497 5517 5668 5678 5838 5853 5974 5983 6247 6251 6435 6468 6552 6578 6649 6672 6781 6787 6865 6986 7013 7073 7080 7217 7303 7314 7481 7491 7566 7710 7715 7863 7870 7875 7981 8016 8105 8188 8251 8305 8326 
ALL EQUAL

Final time = 11739.1
Final solution cost = 6142
