Reading instance small_stp_instances/ch130_10_10.stp of type D
Finished instance reading
Number of vertices = 130
Number of edges (resources) = 8385
Number of scenarios = 10
Average number of terminals per scenario = 130
Probabilities of Scenarios: (0) 0.1 | (1) 0.05 | (2) 0.19 | (3) 0.17 | (4) 0.01 | (5) 0.08 | (6) 0.01 | (7) 0.17 | (8) 0.21 | (9) 0.01 | 
Average weighted inflation = -nan
Largest inflation = 0.998734
MAX_ITERATIONS_SINCE_LAST_IMPROVEMENT 2
MAX_ITERATIONS_SINCE_BEST_SOLUTION 3
Creating solution instance.
Starting Evolutive Framework.
Local search solution cost = 6309.58
Local search time = 3889.02
3889.02 local search - EF main loop cycle 0 solution cost 6309.58
3889.14s Cost of SP solution after second stage solver 6309.58
Local search solution cost = 6267.06
Local search time = 336.497
4225.63 local search - EF main loop cycle 1 solution cost 6267.06
4225.65s Cost of SP solution after second stage solver 6267.06
Local search solution cost = 6263
Local search time = 328.296
4553.95 local search - EF main loop cycle 2 solution cost 6263
4553.96s Cost of SP solution after second stage solver 6263
Local search solution cost = 6263
Local search time = 328.195
4882.16 local search - EF main loop cycle 3 solution cost 6263
4882.18s Cost of SP solution after second stage solver 6263
Number of cycles 4
Time for each cycle 1220.54
4882.19s Cost of SP solution after tail step 6263
SELECTED RESOURCES:
41 49 87 90 143 167 174 207 252 306 343 392 401 451 489 516 528 564 651 780 818 894 944 950 961 1009 1074 1078 1105 1177 1266 1394 1412 1548 1595 1644 1682 1761 1857 1938 2067 2071 2138 2157 2273 2341 2453 2537 2752 2774 2785 3014 3126 3248 3323 3350 3438 3551 3576 3666 3735 3809 3826 3993 4053 4076 4132 4167 4218 4222 4354 4366 4449 4487 4531 4585 4629 4723 4825 4826 4877 4881 5031 5055 5104 5227 5231 5295 5417 5497 5517 5634 5678 5838 5853 5974 5983 6247 6251 6435 6468 6552 6578 6649 6672 6781 6787 6865 6986 7013 7073 7080 7217 7299 7314 7481 7491 7566 7710 7715 7863 7870 7978 7981 8016 8105 8188 8251 8305 8326 
SCENARIO'S RESOURCES:
S 0: 0 | 41 49 87 90 143 167 174 207 252 306 343 392 401 451 489 516 528 564 651 780 818 894 944 950 961 1009 1074 1078 1105 1177 1266 1394 1412 1548 1595 1644 1682 1761 1857 1938 2067 2071 2138 2157 2273 2341 2453 2537 2752 2774 2785 3014 3126 3248 3323 3350 3438 3551 3576 3666 3735 3809 3826 3993 4053 4076 4132 4167 4218 4222 4354 4366 4449 4487 4531 4585 4629 4723 4825 4826 4877 4881 5031 5055 5104 5227 5231 5295 5417 5497 5517 5634 5678 5838 5853 5974 5983 6247 6251 6435 6468 6552 6578 6649 6672 6781 6787 6865 6986 7013 7073 7080 7217 7299 7314 7481 7491 7566 7710 7715 7863 7870 7978 7981 8016 8105 8188 8251 8305 8326 
S 1: 0 | 41 49 87 90 143 167 174 207 252 306 343 392 401 451 489 516 528 564 651 780 818 894 944 950 961 1009 1074 1078 1105 1177 1266 1394 1412 1548 1595 1644 1682 1761 1857 1938 2067 2071 2138 2157 2273 2341 2453 2537 2752 2774 2785 3014 3126 3248 3323 3350 3438 3551 3576 3666 3735 3809 3826 3993 4053 4076 4132 4167 4218 4222 4354 4366 4449 4487 4531 4585 4629 4723 4825 4826 4877 4881 5031 5055 5104 5227 5231 5295 5417 5497 5517 5634 5678 5838 5853 5974 5983 6247 6251 6435 6468 6552 6578 6649 6672 6781 6787 6865 6986 7013 7073 7080 7217 7299 7314 7481 7491 7566 7710 7715 7863 7870 7978 7981 8016 8105 8188 8251 8305 8326 
S 2: 0 | 41 49 87 90 143 167 174 207 252 306 343 392 401 451 489 516 528 564 651 780 818 894 944 950 961 1009 1074 1078 1105 1177 1266 1394 1412 1548 1595 1644 1682 1761 1857 1938 2067 2071 2138 2157 2273 2341 2453 2537 2752 2774 2785 3014 3126 3248 3323 3350 3438 3551 3576 3666 3735 3809 3826 3993 4053 4076 4132 4167 4218 4222 4354 4366 4449 4487 4531 4585 4629 4723 4825 4826 4877 4881 5031 5055 5104 5227 5231 5295 5417 5497 5517 5634 5678 5838 5853 5974 5983 6247 6251 6435 6468 6552 6578 6649 6672 6781 6787 6865 6986 7013 7073 7080 7217 7299 7314 7481 7491 7566 7710 7715 7863 7870 7978 7981 8016 8105 8188 8251 8305 8326 
S 3: 0 | 41 49 87 90 143 167 174 207 252 306 343 392 401 451 489 516 528 564 651 780 818 894 944 950 961 1009 1074 1078 1105 1177 1266 1394 1412 1548 1595 1644 1682 1761 1857 1938 2067 2071 2138 2157 2273 2341 2453 2537 2752 2774 2785 3014 3126 3248 3323 3350 3438 3551 3576 3666 3735 3809 3826 3993 4053 4076 4132 4167 4218 4222 4354 4366 4449 4487 4531 4585 4629 4723 4825 4826 4877 4881 5031 5055 5104 5227 5231 5295 5417 5497 5517 5634 5678 5838 5853 5974 5983 6247 6251 6435 6468 6552 6578 6649 6672 6781 6787 6865 6986 7013 7073 7080 7217 7299 7314 7481 7491 7566 7710 7715 7863 7870 7978 7981 8016 8105 8188 8251 8305 8326 
S 4: 0 | 41 49 87 90 143 167 174 207 252 306 343 392 401 451 489 516 528 564 651 780 818 894 944 950 961 1009 1074 1078 1105 1177 1266 1394 1412 1548 1595 1644 1682 1761 1857 1938 2067 2071 2138 2157 2273 2341 2453 2537 2752 2774 2785 3014 3126 3248 3323 3350 3438 3551 3576 3666 3735 3809 3826 3993 4053 4076 4132 4167 4218 4222 4354 4366 4449 4487 4531 4585 4629 4723 4825 4826 4877 4881 5031 5055 5104 5227 5231 5295 5417 5497 5517 5634 5678 5838 5853 5974 5983 6247 6251 6435 6468 6552 6578 6649 6672 6781 6787 6865 6986 7013 7073 7080 7217 7299 7314 7481 7491 7566 7710 7715 7863 7870 7978 7981 8016 8105 8188 8251 8305 8326 
S 5: 0 | 41 49 87 90 143 167 174 207 252 306 343 392 401 451 489 516 528 564 651 780 818 894 944 950 961 1009 1074 1078 1105 1177 1266 1394 1412 1548 1595 1644 1682 1761 1857 1938 2067 2071 2138 2157 2273 2341 2453 2537 2752 2774 2785 3014 3126 3248 3323 3350 3438 3551 3576 3666 3735 3809 3826 3993 4053 4076 4132 4167 4218 4222 4354 4366 4449 4487 4531 4585 4629 4723 4825 4826 4877 4881 5031 5055 5104 5227 5231 5295 5417 5497 5517 5634 5678 5838 5853 5974 5983 6247 6251 6435 6468 6552 6578 6649 6672 6781 6787 6865 6986 7013 7073 7080 7217 7299 7314 7481 7491 7566 7710 7715 7863 7870 7978 7981 8016 8105 8188 8251 8305 8326 
S 6: 0 | 41 49 87 90 143 167 174 207 252 306 343 392 401 451 489 516 528 564 651 780 818 894 944 950 961 1009 1074 1078 1105 1177 1266 1394 1412 1548 1595 1644 1682 1761 1857 1938 2067 2071 2138 2157 2273 2341 2453 2537 2752 2774 2785 3014 3126 3248 3323 3350 3438 3551 3576 3666 3735 3809 3826 3993 4053 4076 4132 4167 4218 4222 4354 4366 4449 4487 4531 4585 4629 4723 4825 4826 4877 4881 5031 5055 5104 5227 5231 5295 5417 5497 5517 5634 5678 5838 5853 5974 5983 6247 6251 6435 6468 6552 6578 6649 6672 6781 6787 6865 6986 7013 7073 7080 7217 7299 7314 7481 7491 7566 7710 7715 7863 7870 7978 7981 8016 8105 8188 8251 8305 8326 
S 7: 0 | 41 49 87 90 143 167 174 207 252 306 343 392 401 451 489 516 528 564 651 780 818 894 944 950 961 1009 1074 1078 1105 1177 1266 1394 1412 1548 1595 1644 1682 1761 1857 1938 2067 2071 2138 2157 2273 2341 2453 2537 2752 2774 2785 3014 3126 3248 3323 3350 3438 3551 3576 3666 3735 3809 3826 3993 4053 4076 4132 4167 4218 4222 4354 4366 4449 4487 4531 4585 4629 4723 4825 4826 4877 4881 5031 5055 5104 5227 5231 5295 5417 5497 5517 5634 5678 5838 5853 5974 5983 6247 6251 6435 6468 6552 6578 6649 6672 6781 6787 6865 6986 7013 7073 7080 7217 7299 7314 7481 7491 7566 7710 7715 7863 7870 7978 7981 8016 8105 8188 8251 8305 8326 
S 8: 0 | 41 49 87 90 143 167 174 207 252 306 343 392 401 451 489 516 528 564 651 780 818 894 944 950 961 1009 1074 1078 1105 1177 1266 1394 1412 1548 1595 1644 1682 1761 1857 1938 2067 2071 2138 2157 2273 2341 2453 2537 2752 2774 2785 3014 3126 3248 3323 3350 3438 3551 3576 3666 3735 3809 3826 3993 4053 4076 4132 4167 4218 4222 4354 4366 4449 4487 4531 4585 4629 4723 4825 4826 4877 4881 5031 5055 5104 5227 5231 5295 5417 5497 5517 5634 5678 5838 5853 5974 5983 6247 6251 6435 6468 6552 6578 6649 6672 6781 6787 6865 6986 7013 7073 7080 7217 7299 7314 7481 7491 7566 7710 7715 7863 7870 7978 7981 8016 8105 8188 8251 8305 8326 
S 9: 0 | 41 49 87 90 143 167 174 207 252 306 343 392 401 451 489 516 528 564 651 780 818 894 944 950 961 1009 1074 1078 1105 1177 1266 1394 1412 1548 1595 1644 1682 1761 1857 1938 2067 2071 2138 2157 2273 2341 2453 2537 2752 2774 2785 3014 3126 3248 3323 3350 3438 3551 3576 3666 3735 3809 3826 3993 4053 4076 4132 4167 4218 4222 4354 4366 4449 4487 4531 4585 4629 4723 4825 4826 4877 4881 5031 5055 5104 5227 5231 5295 5417 5497 5517 5634 5678 5838 5853 5974 5983 6247 6251 6435 6468 6552 6578 6649 6672 6781 6787 6865 6986 7013 7073 7080 7217 7299 7314 7481 7491 7566 7710 7715 7863 7870 7978 7981 8016 8105 8188 8251 8305 8326 
ALL EQUAL

Final time = 4882.23
Final solution cost = 6263
