Reading instance small_stp_instances/ch130_5_03.stp of type D
Finished instance reading
Number of vertices = 130
Number of edges (resources) = 8385
Number of scenarios = 5
Average number of terminals per scenario = 130
Probabilities of Scenarios: (0) 0.07 | (1) 0.23 | (2) 0.17 | (3) 0.22 | (4) 0.31 | 
Average weighted inflation = -nan
Largest inflation = 0.299848
MAX_ITERATIONS_SINCE_LAST_IMPROVEMENT 2
MAX_ITERATIONS_SINCE_BEST_SOLUTION 3
Creating solution instance.
Starting Evolutive Framework.
Local search solution cost = 6095.23
Local search time = 1622.4
1622.4 local search - EF main loop cycle 0 solution cost 6095.23
1622.41s Cost of SP solution after second stage solver 6095.23
Local search solution cost = 6090
Local search time = 162.758
1785.17 local search - EF main loop cycle 1 solution cost 6090
1785.18s Cost of SP solution after second stage solver 6090
Local search solution cost = 6090
Local search time = 162.737
1947.92 local search - EF main loop cycle 2 solution cost 6090
1947.93s Cost of SP solution after second stage solver 6090
Number of cycles 3
Time for each cycle 649.309
1947.94s Cost of SP solution after tail step 6090
SELECTED RESOURCES:
49 87 143 167 174 306 343 392 401 451 489 516 518 544 564 651 762 780 818 894 944 950 961 1007 1057 1074 1105 1177 1266 1379 1412 1493 1548 1644 1682 1761 1765 1857 1938 2067 2071 2138 2157 2158 2273 2341 2415 2533 2752 2774 2785 3014 3126 3296 3323 3350 3438 3551 3638 3666 3735 3766 3826 3993 4010 4076 4132 4167 4222 4229 4354 4366 4449 4477 4566 4629 4723 4825 4826 4877 4881 5031 5055 5059 5227 5231 5295 5417 5497 5512 5634 5678 5838 5853 5974 5983 6095 6247 6251 6330 6435 6468 6552 6578 6649 6708 6781 6805 6865 6986 7073 7078 7217 7314 7355 7499 7566 7710 7715 7770 7870 7978 7981 8016 8105 8188 8251 8305 8326 
SCENARIO'S RESOURCES:
S 0: 6 | 49 87 143 167 174 306 343 392 401 451 489 516 518 544 564 651 762 780 818 894 944 950 961 1007 1057 1074 1105 1177 1266 1379 1412 1493 1548 1644 1682 1761 1765 1857 1938 2067 2071 2138 2157 2158 2273 2341 2415 2533 2752 2774 2785 3014 3126 3296 3323 3350 3438 3551 3638 3666 3735 3766 3826 3993 4010 4076 4132 4167 4222 4229 4354 4366 4449 4477 4566 4629 4723 4825 4826 4877 4881 5031 5055 5059 5227 5231 5295 5417 5497 5512 5634 5678 5838 5853 5974 5983 6095 6247 6251 6330 6435 6468 6552 6578 6649 6708 6781 6805 6865 6986 7073 7078 7217 7314 7355 7491 7499 7566 7710 7715 7770 7870 7978 7981 8016 8105 8188 8251 8305 8326 
S 1: 6 | 49 87 143 167 174 306 343 392 401 451 489 516 518 544 564 651 762 780 818 894 944 950 961 1007 1057 1074 1105 1177 1266 1379 1412 1493 1548 1644 1682 1761 1765 1857 1938 2067 2071 2138 2157 2158 2273 2341 2415 2533 2752 2774 2785 3014 3126 3296 3323 3350 3438 3551 3638 3666 3735 3766 3826 3993 4010 4076 4132 4167 4222 4229 4354 4366 4449 4477 4566 4629 4723 4825 4826 4877 4881 5031 5055 5059 5227 5231 5295 5417 5497 5512 5634 5678 5838 5853 5974 5983 6095 6247 6251 6330 6435 6468 6552 6578 6649 6708 6781 6805 6865 6986 7073 7078 7217 7314 7355 7491 7499 7566 7710 7715 7770 7870 7978 7981 8016 8105 8188 8251 8305 8326 
S 2: 6 | 49 87 143 167 174 306 343 392 401 451 489 516 518 544 564 651 762 780 818 894 944 950 961 1007 1057 1074 1105 1177 1266 1379 1412 1493 1548 1644 1682 1761 1765 1857 1938 2067 2071 2138 2157 2158 2273 2341 2415 2533 2752 2774 2785 3014 3126 3296 3323 3350 3438 3551 3638 3666 3735 3766 3826 3993 4010 4076 4132 4167 4222 4229 4354 4366 4449 4477 4566 4629 4723 4825 4826 4877 4881 5031 5055 5059 5227 5231 5295 5417 5497 5512 5634 5678 5838 5853 5974 5983 6095 6247 6251 6330 6435 6468 6552 6578 6649 6708 6781 6805 6865 6986 7073 7078 7217 7314 7355 7491 7499 7566 7710 7715 7770 7870 7978 7981 8016 8105 8188 8251 8305 8326 
S 3: 6 | 49 87 143 167 174 306 343 392 401 451 489 516 518 544 564 651 762 780 818 894 944 950 961 1007 1057 1074 1105 1177 1266 1379 1412 1493 1548 1644 1682 1761 1765 1857 1938 2067 2071 2138 2157 2158 2273 2341 2415 2533 2752 2774 2785 3014 3126 3296 3323 3350 3438 3551 3638 3666 3735 3766 3826 3993 4010 4076 4132 4167 4222 4229 4354 4366 4449 4477 4566 4629 4723 4825 4826 4877 4881 5031 5055 5059 5227 5231 5295 5417 5497 5512 5634 5678 5838 5853 5974 5983 6095 6247 6251 6330 6435 6468 6552 6578 6649 6708 6781 6805 6865 6986 7073 7078 7217 7314 7355 7491 7499 7566 7710 7715 7770 7870 7978 7981 8016 8105 8188 8251 8305 8326 
S 4: 6 | 49 87 143 167 174 306 343 392 401 451 489 516 518 544 564 651 762 780 818 894 944 950 961 1007 1057 1074 1105 1177 1266 1379 1412 1493 1548 1644 1682 1761 1765 1857 1938 2067 2071 2138 2157 2158 2273 2341 2415 2533 2752 2774 2785 3014 3126 3296 3323 3350 3438 3551 3638 3666 3735 3766 3826 3993 4010 4076 4132 4167 4222 4229 4354 4366 4449 4477 4566 4629 4723 4825 4826 4877 4881 5031 5055 5059 5227 5231 5295 5417 5497 5512 5634 5678 5838 5853 5974 5983 6095 6247 6251 6330 6435 6468 6552 6578 6649 6708 6781 6805 6865 6986 7073 7078 7217 7314 7355 7491 7499 7566 7710 7715 7770 7870 7978 7981 8016 8105 8188 8251 8305 8326 

Final time = 1947.96
Final solution cost = 6090
