Reading instance small_stp_instances/ch130_20_03.stp of type D
Finished instance reading
Number of vertices = 130
Number of edges (resources) = 8385
Number of scenarios = 20
Average number of terminals per scenario = 130
Probabilities of Scenarios: (0) 0.01 | (1) 0.07 | (2) 0.16 | (3) 0.06 | (4) 0.05 | (5) 0.05 | (6) 0.08 | (7) 0.07 | (8) 0.02 | (9) 0.07 | (10) 0.02 | (11) 0.07 | (12) 0.02 | (13) 0.04 | (14) 0.07 | (15) 0.03 | (16) 0.03 | (17) 0.02 | (18) 0.04 | (19) 0.02 | 
Average weighted inflation = -nan
Largest inflation = 0.299795
MAX_ITERATIONS_SINCE_LAST_IMPROVEMENT 2
MAX_ITERATIONS_SINCE_BEST_SOLUTION 3
Creating solution instance.
Starting Evolutive Framework.
Local search solution cost = 6071.26
Local search time = 7220.05
7220.05 local search - EF main loop cycle 0 solution cost 6071.26
7220.18s Cost of SP solution after second stage solver 6071.26
Local search solution cost = 6062
Local search time = 651.515
7871.7 local search - EF main loop cycle 1 solution cost 6062
7871.73s Cost of SP solution after second stage solver 6062
Local search solution cost = 6062
Local search time = 639.719
8511.45 local search - EF main loop cycle 2 solution cost 6062
8511.48s Cost of SP solution after second stage solver 6062
Local search solution cost = 6062
Local search time = 641.525
9153.01 local search - EF main loop cycle 3 solution cost 6062
9153.04s Cost of SP solution after second stage solver 6062
Number of cycles 4
Time for each cycle 2288.26
9153.08s Cost of SP solution after tail step 6062
SELECTED RESOURCES:
49 87 143 167 174 306 343 392 401 451 489 516 518 544 564 651 777 780 818 894 944 950 961 1007 1057 1105 1177 1266 1374 1379 1412 1493 1548 1644 1682 1761 1765 1857 1938 2067 2071 2157 2158 2273 2341 2415 2542 2752 2774 2785 2991 3014 3126 3296 3323 3350 3438 3551 3638 3666 3735 3766 3826 3974 4010 4076 4132 4167 4207 4229 4354 4366 4449 4477 4566 4629 4723 4825 4826 4877 4881 5031 5055 5059 5227 5231 5295 5417 5497 5634 5678 5838 5853 5974 5983 6247 6251 6330 6435 6468 6552 6578 6649 6708 6781 6805 6865 6986 7013 7073 7126 7217 7314 7355 7481 7491 7566 7710 7715 7770 7870 7978 7981 8016 8105 8188 8251 8305 8326 
SCENARIO'S RESOURCES:
S 0: 2 | 49 87 143 167 174 306 343 392 401 451 489 516 518 544 564 651 777 780 818 894 944 950 961 1007 1057 1074 1105 1177 1266 1374 1379 1412 1493 1548 1644 1682 1761 1765 1857 1938 2067 2071 2157 2158 2273 2341 2415 2542 2752 2774 2785 2991 3014 3126 3296 3323 3350 3438 3551 3638 3666 3735 3766 3826 3974 4010 4076 4132 4167 4207 4229 4354 4366 4449 4477 4566 4629 4723 4825 4826 4877 4881 5031 5055 5059 5227 5231 5295 5417 5497 5634 5678 5838 5853 5974 5983 6247 6251 6330 6435 6468 6552 6578 6649 6708 6781 6805 6865 6986 7013 7073 7126 7217 7314 7355 7481 7491 7566 7710 7715 7770 7870 7978 7981 8016 8105 8188 8251 8305 8326 
S 1: 2 | 49 87 143 167 174 306 343 392 401 451 489 516 518 544 564 651 777 780 818 894 944 950 961 1007 1057 1074 1105 1177 1266 1374 1379 1412 1493 1548 1644 1682 1761 1765 1857 1938 2067 2071 2157 2158 2273 2341 2415 2542 2752 2774 2785 2991 3014 3126 3296 3323 3350 3438 3551 3638 3666 3735 3766 3826 3974 4010 4076 4132 4167 4207 4229 4354 4366 4449 4477 4566 4629 4723 4825 4826 4877 4881 5031 5055 5059 5227 5231 5295 5417 5497 5634 5678 5838 5853 5974 5983 6247 6251 6330 6435 6468 6552 6578 6649 6708 6781 6805 6865 6986 7013 7073 7126 7217 7314 7355 7481 7491 7566 7710 7715 7770 7870 7978 7981 8016 8105 8188 8251 8305 8326 
S 2: 2 | 49 87 143 167 174 306 343 392 401 451 489 516 518 544 564 651 777 780 818 894 944 950 961 1007 1057 1074 1105 1177 1266 1374 1379 1412 1493 1548 1644 1682 1761 1765 1857 1938 2067 2071 2157 2158 2273 2341 2415 2542 2752 2774 2785 2991 3014 3126 3296 3323 3350 3438 3551 3638 3666 3735 3766 3826 3974 4010 4076 4132 4167 4207 4229 4354 4366 4449 4477 4566 4629 4723 4825 4826 4877 4881 5031 5055 5059 5227 5231 5295 5417 5497 5634 5678 5838 5853 5974 5983 6247 6251 6330 6435 6468 6552 6578 6649 6708 6781 6805 6865 6986 7013 7073 7126 7217 7314 7355 7481 7491 7566 7710 7715 7770 7870 7978 7981 8016 8105 8188 8251 8305 8326 
S 3: 2 | 49 87 143 167 174 306 343 392 401 451 489 516 518 544 564 651 777 780 818 894 944 950 961 1007 1057 1074 1105 1177 1266 1374 1379 1412 1493 1548 1644 1682 1761 1765 1857 1938 2067 2071 2157 2158 2273 2341 2415 2542 2752 2774 2785 2991 3014 3126 3296 3323 3350 3438 3551 3638 3666 3735 3766 3826 3974 4010 4076 4132 4167 4207 4229 4354 4366 4449 4477 4566 4629 4723 4825 4826 4877 4881 5031 5055 5059 5227 5231 5295 5417 5497 5634 5678 5838 5853 5974 5983 6247 6251 6330 6435 6468 6552 6578 6649 6708 6781 6805 6865 6986 7013 7073 7126 7217 7314 7355 7481 7491 7566 7710 7715 7770 7870 7978 7981 8016 8105 8188 8251 8305 8326 
S 4: 2 | 49 87 143 167 174 306 343 392 401 451 489 516 518 544 564 651 777 780 818 894 944 950 961 1007 1057 1074 1105 1177 1266 1374 1379 1412 1493 1548 1644 1682 1761 1765 1857 1938 2067 2071 2157 2158 2273 2341 2415 2542 2752 2774 2785 2991 3014 3126 3296 3323 3350 3438 3551 3638 3666 3735 3766 3826 3974 4010 4076 4132 4167 4207 4229 4354 4366 4449 4477 4566 4629 4723 4825 4826 4877 4881 5031 5055 5059 5227 5231 5295 5417 5497 5634 5678 5838 5853 5974 5983 6247 6251 6330 6435 6468 6552 6578 6649 6708 6781 6805 6865 6986 7013 7073 7126 7217 7314 7355 7481 7491 7566 7710 7715 7770 7870 7978 7981 8016 8105 8188 8251 8305 8326 
S 5: 2 | 49 87 143 167 174 306 343 392 401 451 489 516 518 544 564 651 777 780 818 894 944 950 961 1007 1057 1074 1105 1177 1266 1374 1379 1412 1493 1548 1644 1682 1761 1765 1857 1938 2067 2071 2157 2158 2273 2341 2415 2542 2752 2774 2785 2991 3014 3126 3296 3323 3350 3438 3551 3638 3666 3735 3766 3826 3974 4010 4076 4132 4167 4207 4229 4354 4366 4449 4477 4566 4629 4723 4825 4826 4877 4881 5031 5055 5059 5227 5231 5295 5417 5497 5634 5678 5838 5853 5974 5983 6247 6251 6330 6435 6468 6552 6578 6649 6708 6781 6805 6865 6986 7013 7073 7126 7217 7314 7355 7481 7491 7566 7710 7715 7770 7870 7978 7981 8016 8105 8188 8251 8305 8326 
S 6: 2 | 49 87 143 167 174 306 343 392 401 451 489 516 518 544 564 651 777 780 818 894 944 950 961 1007 1057 1074 1105 1177 1266 1374 1379 1412 1493 1548 1644 1682 1761 1765 1857 1938 2067 2071 2157 2158 2273 2341 2415 2542 2752 2774 2785 2991 3014 3126 3296 3323 3350 3438 3551 3638 3666 3735 3766 3826 3974 4010 4076 4132 4167 4207 4229 4354 4366 4449 4477 4566 4629 4723 4825 4826 4877 4881 5031 5055 5059 5227 5231 5295 5417 5497 5634 5678 5838 5853 5974 5983 6247 6251 6330 6435 6468 6552 6578 6649 6708 6781 6805 6865 6986 7013 7073 7126 7217 7314 7355 7481 7491 7566 7710 7715 7770 7870 7978 7981 8016 8105 8188 8251 8305 8326 
S 7: 2 | 49 87 143 167 174 306 343 392 401 451 489 516 518 544 564 651 777 780 818 894 944 950 961 1007 1057 1074 1105 1177 1266 1374 1379 1412 1493 1548 1644 1682 1761 1765 1857 1938 2067 2071 2157 2158 2273 2341 2415 2542 2752 2774 2785 2991 3014 3126 3296 3323 3350 3438 3551 3638 3666 3735 3766 3826 3974 4010 4076 4132 4167 4207 4229 4354 4366 4449 4477 4566 4629 4723 4825 4826 4877 4881 5031 5055 5059 5227 5231 5295 5417 5497 5634 5678 5838 5853 5974 5983 6247 6251 6330 6435 6468 6552 6578 6649 6708 6781 6805 6865 6986 7013 7073 7126 7217 7314 7355 7481 7491 7566 7710 7715 7770 7870 7978 7981 8016 8105 8188 8251 8305 8326 
S 8: 2 | 49 87 143 167 174 306 343 392 401 451 489 516 518 544 564 651 777 780 818 894 944 950 961 1007 1057 1074 1105 1177 1266 1374 1379 1412 1493 1548 1644 1682 1761 1765 1857 1938 2067 2071 2157 2158 2273 2341 2415 2542 2752 2774 2785 2991 3014 3126 3296 3323 3350 3438 3551 3638 3666 3735 3766 3826 3974 4010 4076 4132 4167 4207 4229 4354 4366 4449 4477 4566 4629 4723 4825 4826 4877 4881 5031 5055 5059 5227 5231 5295 5417 5497 5634 5678 5838 5853 5974 5983 6247 6251 6330 6435 6468 6552 6578 6649 6708 6781 6805 6865 6986 7013 7073 7126 7217 7314 7355 7481 7491 7566 7710 7715 7770 7870 7978 7981 8016 8105 8188 8251 8305 8326 
S 9: 2 | 49 87 143 167 174 306 343 392 401 451 489 516 518 544 564 651 777 780 818 894 944 950 961 1007 1057 1074 1105 1177 1266 1374 1379 1412 1493 1548 1644 1682 1761 1765 1857 1938 2067 2071 2157 2158 2273 2341 2415 2542 2752 2774 2785 2991 3014 3126 3296 3323 3350 3438 3551 3638 3666 3735 3766 3826 3974 4010 4076 4132 4167 4207 4229 4354 4366 4449 4477 4566 4629 4723 4825 4826 4877 4881 5031 5055 5059 5227 5231 5295 5417 5497 5634 5678 5838 5853 5974 5983 6247 6251 6330 6435 6468 6552 6578 6649 6708 6781 6805 6865 6986 7013 7073 7126 7217 7314 7355 7481 7491 7566 7710 7715 7770 7870 7978 7981 8016 8105 8188 8251 8305 8326 
S 10: 2 | 49 87 143 167 174 306 343 392 401 451 489 516 518 544 564 651 777 780 818 894 944 950 961 1007 1057 1074 1105 1177 1266 1374 1379 1412 1493 1548 1644 1682 1761 1765 1857 1938 2067 2071 2157 2158 2273 2341 2415 2542 2752 2774 2785 2991 3014 3126 3296 3323 3350 3438 3551 3638 3666 3735 3766 3826 3974 4010 4076 4132 4167 4207 4229 4354 4366 4449 4477 4566 4629 4723 4825 4826 4877 4881 5031 5055 5059 5227 5231 5295 5417 5497 5634 5678 5838 5853 5974 5983 6247 6251 6330 6435 6468 6552 6578 6649 6708 6781 6805 6865 6986 7013 7073 7126 7217 7314 7355 7481 7491 7566 7710 7715 7770 7870 7978 7981 8016 8105 8188 8251 8305 8326 
S 11: 2 | 49 87 143 167 174 306 343 392 401 451 489 516 518 544 564 651 777 780 818 894 944 950 961 1007 1057 1074 1105 1177 1266 1374 1379 1412 1493 1548 1644 1682 1761 1765 1857 1938 2067 2071 2157 2158 2273 2341 2415 2542 2752 2774 2785 2991 3014 3126 3296 3323 3350 3438 3551 3638 3666 3735 3766 3826 3974 4010 4076 4132 4167 4207 4229 4354 4366 4449 4477 4566 4629 4723 4825 4826 4877 4881 5031 5055 5059 5227 5231 5295 5417 5497 5634 5678 5838 5853 5974 5983 6247 6251 6330 6435 6468 6552 6578 6649 6708 6781 6805 6865 6986 7013 7073 7126 7217 7314 7355 7481 7491 7566 7710 7715 7770 7870 7978 7981 8016 8105 8188 8251 8305 8326 
S 12: 2 | 49 87 143 167 174 306 343 392 401 451 489 516 518 544 564 651 777 780 818 894 944 950 961 1007 1057 1074 1105 1177 1266 1374 1379 1412 1493 1548 1644 1682 1761 1765 1857 1938 2067 2071 2157 2158 2273 2341 2415 2542 2752 2774 2785 2991 3014 3126 3296 3323 3350 3438 3551 3638 3666 3735 3766 3826 3974 4010 4076 4132 4167 4207 4229 4354 4366 4449 4477 4566 4629 4723 4825 4826 4877 4881 5031 5055 5059 5227 5231 5295 5417 5497 5634 5678 5838 5853 5974 5983 6247 6251 6330 6435 6468 6552 6578 6649 6708 6781 6805 6865 6986 7013 7073 7126 7217 7314 7355 7481 7491 7566 7710 7715 7770 7870 7978 7981 8016 8105 8188 8251 8305 8326 
S 13: 2 | 49 87 143 167 174 306 343 392 401 451 489 516 518 544 564 651 777 780 818 894 944 950 961 1007 1057 1074 1105 1177 1266 1374 1379 1412 1493 1548 1644 1682 1761 1765 1857 1938 2067 2071 2157 2158 2273 2341 2415 2542 2752 2774 2785 2991 3014 3126 3296 3323 3350 3438 3551 3638 3666 3735 3766 3826 3974 4010 4076 4132 4167 4207 4229 4354 4366 4449 4477 4566 4629 4723 4825 4826 4877 4881 5031 5055 5059 5227 5231 5295 5417 5497 5634 5678 5838 5853 5974 5983 6247 6251 6330 6435 6468 6552 6578 6649 6708 6781 6805 6865 6986 7013 7073 7126 7217 7314 7355 7481 7491 7566 7710 7715 7770 7870 7978 7981 8016 8105 8188 8251 8305 8326 
S 14: 2 | 49 87 143 167 174 306 343 392 401 451 489 516 518 544 564 651 777 780 818 894 944 950 961 1007 1057 1074 1105 1177 1266 1374 1379 1412 1493 1548 1644 1682 1761 1765 1857 1938 2067 2071 2157 2158 2273 2341 2415 2542 2752 2774 2785 2991 3014 3126 3296 3323 3350 3438 3551 3638 3666 3735 3766 3826 3974 4010 4076 4132 4167 4207 4229 4354 4366 4449 4477 4566 4629 4723 4825 4826 4877 4881 5031 5055 5059 5227 5231 5295 5417 5497 5634 5678 5838 5853 5974 5983 6247 6251 6330 6435 6468 6552 6578 6649 6708 6781 6805 6865 6986 7013 7073 7126 7217 7314 7355 7481 7491 7566 7710 7715 7770 7870 7978 7981 8016 8105 8188 8251 8305 8326 
S 15: 2 | 49 87 143 167 174 306 343 392 401 451 489 516 518 544 564 651 777 780 818 894 944 950 961 1007 1057 1074 1105 1177 1266 1374 1379 1412 1493 1548 1644 1682 1761 1765 1857 1938 2067 2071 2157 2158 2273 2341 2415 2542 2752 2774 2785 2991 3014 3126 3296 3323 3350 3438 3551 3638 3666 3735 3766 3826 3974 4010 4076 4132 4167 4207 4229 4354 4366 4449 4477 4566 4629 4723 4825 4826 4877 4881 5031 5055 5059 5227 5231 5295 5417 5497 5634 5678 5838 5853 5974 5983 6247 6251 6330 6435 6468 6552 6578 6649 6708 6781 6805 6865 6986 7013 7073 7126 7217 7314 7355 7481 7491 7566 7710 7715 7770 7870 7978 7981 8016 8105 8188 8251 8305 8326 
S 16: 2 | 49 87 143 167 174 306 343 392 401 451 489 516 518 544 564 651 777 780 818 894 944 950 961 1007 1057 1074 1105 1177 1266 1374 1379 1412 1493 1548 1644 1682 1761 1765 1857 1938 2067 2071 2157 2158 2273 2341 2415 2542 2752 2774 2785 2991 3014 3126 3296 3323 3350 3438 3551 3638 3666 3735 3766 3826 3974 4010 4076 4132 4167 4207 4229 4354 4366 4449 4477 4566 4629 4723 4825 4826 4877 4881 5031 5055 5059 5227 5231 5295 5417 5497 5634 5678 5838 5853 5974 5983 6247 6251 6330 6435 6468 6552 6578 6649 6708 6781 6805 6865 6986 7013 7073 7126 7217 7314 7355 7481 7491 7566 7710 7715 7770 7870 7978 7981 8016 8105 8188 8251 8305 8326 
S 17: 2 | 49 87 143 167 174 306 343 392 401 451 489 516 518 544 564 651 777 780 818 894 944 950 961 1007 1057 1074 1105 1177 1266 1374 1379 1412 1493 1548 1644 1682 1761 1765 1857 1938 2067 2071 2157 2158 2273 2341 2415 2542 2752 2774 2785 2991 3014 3126 3296 3323 3350 3438 3551 3638 3666 3735 3766 3826 3974 4010 4076 4132 4167 4207 4229 4354 4366 4449 4477 4566 4629 4723 4825 4826 4877 4881 5031 5055 5059 5227 5231 5295 5417 5497 5634 5678 5838 5853 5974 5983 6247 6251 6330 6435 6468 6552 6578 6649 6708 6781 6805 6865 6986 7013 7073 7126 7217 7314 7355 7481 7491 7566 7710 7715 7770 7870 7978 7981 8016 8105 8188 8251 8305 8326 
S 18: 2 | 49 87 143 167 174 306 343 392 401 451 489 516 518 544 564 651 777 780 818 894 944 950 961 1007 1057 1074 1105 1177 1266 1374 1379 1412 1493 1548 1644 1682 1761 1765 1857 1938 2067 2071 2157 2158 2273 2341 2415 2542 2752 2774 2785 2991 3014 3126 3296 3323 3350 3438 3551 3638 3666 3735 3766 3826 3974 4010 4076 4132 4167 4207 4229 4354 4366 4449 4477 4566 4629 4723 4825 4826 4877 4881 5031 5055 5059 5227 5231 5295 5417 5497 5634 5678 5838 5853 5974 5983 6247 6251 6330 6435 6468 6552 6578 6649 6708 6781 6805 6865 6986 7013 7073 7126 7217 7314 7355 7481 7491 7566 7710 7715 7770 7870 7978 7981 8016 8105 8188 8251 8305 8326 
S 19: 2 | 49 87 143 167 174 306 343 392 401 451 489 516 518 544 564 651 777 780 818 894 944 950 961 1007 1057 1074 1105 1177 1266 1374 1379 1412 1493 1548 1644 1682 1761 1765 1857 1938 2067 2071 2157 2158 2273 2341 2415 2542 2752 2774 2785 2991 3014 3126 3296 3323 3350 3438 3551 3638 3666 3735 3766 3826 3974 4010 4076 4132 4167 4207 4229 4354 4366 4449 4477 4566 4629 4723 4825 4826 4877 4881 5031 5055 5059 5227 5231 5295 5417 5497 5634 5678 5838 5853 5974 5983 6247 6251 6330 6435 6468 6552 6578 6649 6708 6781 6805 6865 6986 7013 7073 7126 7217 7314 7355 7481 7491 7566 7710 7715 7770 7870 7978 7981 8016 8105 8188 8251 8305 8326 

Final time = 9153.14
Final solution cost = 6062
