Reading instance small_stp_instances/ch130_5_10.stp of type D
Finished instance reading
Number of vertices = 130
Number of edges (resources) = 8385
Number of scenarios = 5
Average number of terminals per scenario = 130
Probabilities of Scenarios: (0) 0.26 | (1) 0.31 | (2) 0.14 | (3) 0.18 | (4) 0.11 | 
Average weighted inflation = -nan
Largest inflation = 0.998663
MAX_ITERATIONS_SINCE_LAST_IMPROVEMENT 2
MAX_ITERATIONS_SINCE_BEST_SOLUTION 3
Creating solution instance.
Starting Evolutive Framework.
Local search solution cost = 6477.94
Local search time = 2470.2
2470.2 local search - EF main loop cycle 0 solution cost 6477.94
2470.28s Cost of SP solution after second stage solver 6477.94
Local search solution cost = 6271
Local search time = 172.807
2643.09 local search - EF main loop cycle 1 solution cost 6271
2643.1s Cost of SP solution after second stage solver 6271
Local search solution cost = 6271
Local search time = 166.43
2809.53 local search - EF main loop cycle 2 solution cost 6271
2809.53s Cost of SP solution after second stage solver 6271
Local search solution cost = 6271
Local search time = 166.41
2975.94 local search - EF main loop cycle 3 solution cost 6271
2975.95s Cost of SP solution after second stage solver 6271
Number of cycles 4
Time for each cycle 743.988
2975.96s Cost of SP solution after tail step 6271
SELECTED RESOURCES:
41 49 87 143 167 207 306 343 392 401 451 508 516 528 544 626 651 763 780 818 906 944 950 961 1009 1071 1074 1105 1177 1266 1283 1374 1379 1412 1548 1644 1682 1761 1857 2027 2071 2157 2258 2273 2341 2453 2542 2752 2774 2785 2991 3040 3126 3295 3323 3350 3438 3551 3638 3666 3735 3747 3826 3974 4076 4167 4185 4205 4207 4366 4449 4478 4531 4585 4629 4680 4825 4826 4877 4881 5031 5055 5104 5227 5231 5295 5417 5463 5497 5607 5627 5678 5838 5853 5974 5983 6051 6247 6309 6435 6468 6552 6578 6649 6672 6781 6820 6865 6979 6986 7073 7080 7217 7282 7314 7481 7491 7566 7710 7715 7863 7870 7944 7978 8016 8105 8188 8251 8305 8326 
SCENARIO'S RESOURCES:
S 0: 0 | 41 49 87 143 167 207 306 343 392 401 451 508 516 528 544 626 651 763 780 818 906 944 950 961 1009 1071 1074 1105 1177 1266 1283 1374 1379 1412 1548 1644 1682 1761 1857 2027 2071 2157 2258 2273 2341 2453 2542 2752 2774 2785 2991 3040 3126 3295 3323 3350 3438 3551 3638 3666 3735 3747 3826 3974 4076 4167 4185 4205 4207 4366 4449 4478 4531 4585 4629 4680 4825 4826 4877 4881 5031 5055 5104 5227 5231 5295 5417 5463 5497 5607 5627 5678 5838 5853 5974 5983 6051 6247 6309 6435 6468 6552 6578 6649 6672 6781 6820 6865 6979 6986 7073 7080 7217 7282 7314 7481 7491 7566 7710 7715 7863 7870 7944 7978 8016 8105 8188 8251 8305 8326 
S 1: 0 | 41 49 87 143 167 207 306 343 392 401 451 508 516 528 544 626 651 763 780 818 906 944 950 961 1009 1071 1074 1105 1177 1266 1283 1374 1379 1412 1548 1644 1682 1761 1857 2027 2071 2157 2258 2273 2341 2453 2542 2752 2774 2785 2991 3040 3126 3295 3323 3350 3438 3551 3638 3666 3735 3747 3826 3974 4076 4167 4185 4205 4207 4366 4449 4478 4531 4585 4629 4680 4825 4826 4877 4881 5031 5055 5104 5227 5231 5295 5417 5463 5497 5607 5627 5678 5838 5853 5974 5983 6051 6247 6309 6435 6468 6552 6578 6649 6672 6781 6820 6865 6979 6986 7073 7080 7217 7282 7314 7481 7491 7566 7710 7715 7863 7870 7944 7978 8016 8105 8188 8251 8305 8326 
S 2: 0 | 41 49 87 143 167 207 306 343 392 401 451 508 516 528 544 626 651 763 780 818 906 944 950 961 1009 1071 1074 1105 1177 1266 1283 1374 1379 1412 1548 1644 1682 1761 1857 2027 2071 2157 2258 2273 2341 2453 2542 2752 2774 2785 2991 3040 3126 3295 3323 3350 3438 3551 3638 3666 3735 3747 3826 3974 4076 4167 4185 4205 4207 4366 4449 4478 4531 4585 4629 4680 4825 4826 4877 4881 5031 5055 5104 5227 5231 5295 5417 5463 5497 5607 5627 5678 5838 5853 5974 5983 6051 6247 6309 6435 6468 6552 6578 6649 6672 6781 6820 6865 6979 6986 7073 7080 7217 7282 7314 7481 7491 7566 7710 7715 7863 7870 7944 7978 8016 8105 8188 8251 8305 8326 
S 3: 0 | 41 49 87 143 167 207 306 343 392 401 451 508 516 528 544 626 651 763 780 818 906 944 950 961 1009 1071 1074 1105 1177 1266 1283 1374 1379 1412 1548 1644 1682 1761 1857 2027 2071 2157 2258 2273 2341 2453 2542 2752 2774 2785 2991 3040 3126 3295 3323 3350 3438 3551 3638 3666 3735 3747 3826 3974 4076 4167 4185 4205 4207 4366 4449 4478 4531 4585 4629 4680 4825 4826 4877 4881 5031 5055 5104 5227 5231 5295 5417 5463 5497 5607 5627 5678 5838 5853 5974 5983 6051 6247 6309 6435 6468 6552 6578 6649 6672 6781 6820 6865 6979 6986 7073 7080 7217 7282 7314 7481 7491 7566 7710 7715 7863 7870 7944 7978 8016 8105 8188 8251 8305 8326 
S 4: 0 | 41 49 87 143 167 207 306 343 392 401 451 508 516 528 544 626 651 763 780 818 906 944 950 961 1009 1071 1074 1105 1177 1266 1283 1374 1379 1412 1548 1644 1682 1761 1857 2027 2071 2157 2258 2273 2341 2453 2542 2752 2774 2785 2991 3040 3126 3295 3323 3350 3438 3551 3638 3666 3735 3747 3826 3974 4076 4167 4185 4205 4207 4366 4449 4478 4531 4585 4629 4680 4825 4826 4877 4881 5031 5055 5104 5227 5231 5295 5417 5463 5497 5607 5627 5678 5838 5853 5974 5983 6051 6247 6309 6435 6468 6552 6578 6649 6672 6781 6820 6865 6979 6986 7073 7080 7217 7282 7314 7481 7491 7566 7710 7715 7863 7870 7944 7978 8016 8105 8188 8251 8305 8326 
ALL EQUAL

Final time = 2975.98
Final solution cost = 6271
