Reading instance small_stp_instances/ch130_10_05.stp of type D
Finished instance reading
Number of vertices = 130
Number of edges (resources) = 8385
Number of scenarios = 10
Average number of terminals per scenario = 130
Probabilities of Scenarios: (0) 0.17 | (1) 0.13 | (2) 0.12 | (3) 0.06 | (4) 0.09 | (5) 0 | (6) 0.05 | (7) 0.23 | (8) 0.03 | (9) 0.12 | 
Average weighted inflation = -nan
Largest inflation = 0.499222
MAX_ITERATIONS_SINCE_LAST_IMPROVEMENT 2
MAX_ITERATIONS_SINCE_BEST_SOLUTION 3
Creating solution instance.
Starting Evolutive Framework.
Local search solution cost = 6133.17
Local search time = 5759.81
5759.81 local search - EF main loop cycle 0 solution cost 6133.17
5759.83s Cost of SP solution after second stage solver 6133.17
Local search solution cost = 6127
Local search time = 326.022
6085.86 local search - EF main loop cycle 1 solution cost 6127
6085.87s Cost of SP solution after second stage solver 6127
Local search solution cost = 6127
Local search time = 353.427
6439.3 local search - EF main loop cycle 2 solution cost 6127
6439.32s Cost of SP solution after second stage solver 6127
Local search solution cost = 6127
Local search time = 399.39
6838.71 local search - EF main loop cycle 3 solution cost 6127
6838.72s Cost of SP solution after second stage solver 6127
Number of cycles 4
Time for each cycle 1709.68
6838.74s Cost of SP solution after tail step 6127
SELECTED RESOURCES:
49 87 143 243 306 343 392 401 451 461 516 517 544 564 651 763 780 818 894 944 950 961 1007 1071 1074 1105 1177 1266 1374 1379 1412 1436 1548 1595 1644 1682 1761 1857 1938 2067 2071 2157 2273 2341 2415 2752 2774 2785 2991 3040 3126 3171 3248 3323 3350 3434 3551 3638 3666 3692 3747 3826 3974 4076 4166 4167 4205 4229 4354 4366 4449 4474 4531 4585 4629 4723 4825 4826 4865 4869 5031 5055 5140 5227 5231 5295 5417 5463 5517 5634 5678 5838 5853 5974 5983 6240 6247 6330 6435 6468 6552 6578 6649 6708 6781 6805 6865 6938 7013 7073 7080 7217 7273 7314 7481 7491 7566 7710 7715 7770 7870 7978 7981 8016 8105 8188 8251 8305 8326 
SCENARIO'S RESOURCES:
S 0: 2 | 49 87 143 243 306 343 392 401 451 461 516 517 544 564 651 763 780 818 894 944 950 961 1007 1071 1074 1105 1177 1266 1374 1379 1412 1436 1548 1595 1644 1682 1761 1857 1938 2067 2071 2157 2273 2341 2415 2752 2774 2785 2991 3040 3126 3171 3248 3323 3350 3434 3438 3551 3638 3666 3692 3747 3826 3974 4076 4166 4167 4205 4229 4354 4366 4449 4474 4531 4585 4629 4723 4825 4826 4865 4869 5031 5055 5140 5227 5231 5295 5417 5463 5517 5634 5678 5838 5853 5974 5983 6240 6247 6330 6435 6468 6552 6578 6649 6708 6781 6805 6865 6938 7013 7073 7080 7217 7273 7314 7481 7491 7566 7710 7715 7770 7870 7978 7981 8016 8105 8188 8251 8305 8326 
S 1: 2 | 49 87 143 243 306 343 392 401 451 461 516 517 544 564 651 763 780 818 894 944 950 961 1007 1071 1074 1105 1177 1266 1374 1379 1412 1436 1548 1595 1644 1682 1761 1857 1938 2067 2071 2157 2273 2341 2415 2752 2774 2785 2991 3040 3126 3171 3248 3323 3350 3434 3438 3551 3638 3666 3692 3747 3826 3974 4076 4166 4167 4205 4229 4354 4366 4449 4474 4531 4585 4629 4723 4825 4826 4865 4869 5031 5055 5140 5227 5231 5295 5417 5463 5517 5634 5678 5838 5853 5974 5983 6240 6247 6330 6435 6468 6552 6578 6649 6708 6781 6805 6865 6938 7013 7073 7080 7217 7273 7314 7481 7491 7566 7710 7715 7770 7870 7978 7981 8016 8105 8188 8251 8305 8326 
S 2: 2 | 49 87 143 243 306 343 392 401 451 461 516 517 544 564 651 763 780 818 894 944 950 961 1007 1071 1074 1105 1177 1266 1374 1379 1412 1436 1548 1595 1644 1682 1761 1857 1938 2067 2071 2157 2273 2341 2415 2752 2774 2785 2991 3040 3126 3171 3248 3323 3350 3434 3438 3551 3638 3666 3692 3747 3826 3974 4076 4166 4167 4205 4229 4354 4366 4449 4474 4531 4585 4629 4723 4825 4826 4865 4869 5031 5055 5140 5227 5231 5295 5417 5463 5517 5634 5678 5838 5853 5974 5983 6240 6247 6330 6435 6468 6552 6578 6649 6708 6781 6805 6865 6938 7013 7073 7080 7217 7273 7314 7481 7491 7566 7710 7715 7770 7870 7978 7981 8016 8105 8188 8251 8305 8326 
S 3: 2 | 49 87 143 243 306 343 392 401 451 461 516 517 544 564 651 763 780 818 894 944 950 961 1007 1071 1074 1105 1177 1266 1374 1379 1412 1436 1548 1595 1644 1682 1761 1857 1938 2067 2071 2157 2273 2341 2415 2752 2774 2785 2991 3040 3126 3171 3248 3323 3350 3434 3438 3551 3638 3666 3692 3747 3826 3974 4076 4166 4167 4205 4229 4354 4366 4449 4474 4531 4585 4629 4723 4825 4826 4865 4869 5031 5055 5140 5227 5231 5295 5417 5463 5517 5634 5678 5838 5853 5974 5983 6240 6247 6330 6435 6468 6552 6578 6649 6708 6781 6805 6865 6938 7013 7073 7080 7217 7273 7314 7481 7491 7566 7710 7715 7770 7870 7978 7981 8016 8105 8188 8251 8305 8326 
S 4: 2 | 49 87 143 243 306 343 392 401 451 461 516 517 544 564 651 763 780 818 894 944 950 961 1007 1071 1074 1105 1177 1266 1374 1379 1412 1436 1548 1595 1644 1682 1761 1857 1938 2067 2071 2157 2273 2341 2415 2752 2774 2785 2991 3040 3126 3171 3248 3323 3350 3434 3438 3551 3638 3666 3692 3747 3826 3974 4076 4166 4167 4205 4229 4354 4366 4449 4474 4531 4585 4629 4723 4825 4826 4865 4869 5031 5055 5140 5227 5231 5295 5417 5463 5517 5634 5678 5838 5853 5974 5983 6240 6247 6330 6435 6468 6552 6578 6649 6708 6781 6805 6865 6938 7013 7073 7080 7217 7273 7314 7481 7491 7566 7710 7715 7770 7870 7978 7981 8016 8105 8188 8251 8305 8326 
S 5: 2 | 49 87 143 243 306 343 392 401 451 461 516 517 544 564 651 763 780 818 894 944 950 961 1007 1071 1074 1105 1177 1266 1374 1379 1412 1436 1548 1595 1644 1682 1761 1857 1938 2067 2071 2157 2273 2341 2415 2752 2774 2785 2991 3040 3126 3171 3248 3323 3350 3434 3438 3551 3638 3666 3692 3747 3826 3974 4076 4166 4167 4205 4229 4354 4366 4449 4474 4531 4585 4629 4723 4825 4826 4865 4869 5031 5055 5140 5227 5231 5295 5417 5463 5517 5634 5678 5838 5853 5974 5983 6240 6247 6330 6435 6468 6552 6578 6649 6708 6781 6805 6865 6938 7013 7073 7080 7217 7273 7314 7481 7491 7566 7710 7715 7770 7870 7978 7981 8016 8105 8188 8251 8305 8326 
S 6: 2 | 49 87 143 243 306 343 392 401 451 461 516 517 544 564 651 763 780 818 894 944 950 961 1007 1071 1074 1105 1177 1266 1374 1379 1412 1436 1548 1595 1644 1682 1761 1857 1938 2067 2071 2157 2273 2341 2415 2752 2774 2785 2991 3040 3126 3171 3248 3323 3350 3434 3438 3551 3638 3666 3692 3747 3826 3974 4076 4166 4167 4205 4229 4354 4366 4449 4474 4531 4585 4629 4723 4825 4826 4865 4869 5031 5055 5140 5227 5231 5295 5417 5463 5517 5634 5678 5838 5853 5974 5983 6240 6247 6330 6435 6468 6552 6578 6649 6708 6781 6805 6865 6938 7013 7073 7080 7217 7273 7314 7481 7491 7566 7710 7715 7770 7870 7978 7981 8016 8105 8188 8251 8305 8326 
S 7: 2 | 49 87 143 243 306 343 392 401 451 461 516 517 544 564 651 763 780 818 894 944 950 961 1007 1071 1074 1105 1177 1266 1374 1379 1412 1436 1548 1595 1644 1682 1761 1857 1938 2067 2071 2157 2273 2341 2415 2752 2774 2785 2991 3040 3126 3171 3248 3323 3350 3434 3438 3551 3638 3666 3692 3747 3826 3974 4076 4166 4167 4205 4229 4354 4366 4449 4474 4531 4585 4629 4723 4825 4826 4865 4869 5031 5055 5140 5227 5231 5295 5417 5463 5517 5634 5678 5838 5853 5974 5983 6240 6247 6330 6435 6468 6552 6578 6649 6708 6781 6805 6865 6938 7013 7073 7080 7217 7273 7314 7481 7491 7566 7710 7715 7770 7870 7978 7981 8016 8105 8188 8251 8305 8326 
S 8: 2 | 49 87 143 243 306 343 392 401 451 461 516 517 544 564 651 763 780 818 894 944 950 961 1007 1071 1074 1105 1177 1266 1374 1379 1412 1436 1548 1595 1644 1682 1761 1857 1938 2067 2071 2157 2273 2341 2415 2752 2774 2785 2991 3040 3126 3171 3248 3323 3350 3434 3438 3551 3638 3666 3692 3747 3826 3974 4076 4166 4167 4205 4229 4354 4366 4449 4474 4531 4585 4629 4723 4825 4826 4865 4869 5031 5055 5140 5227 5231 5295 5417 5463 5517 5634 5678 5838 5853 5974 5983 6240 6247 6330 6435 6468 6552 6578 6649 6708 6781 6805 6865 6938 7013 7073 7080 7217 7273 7314 7481 7491 7566 7710 7715 7770 7870 7978 7981 8016 8105 8188 8251 8305 8326 
S 9: 2 | 49 87 143 243 306 343 392 401 451 461 516 517 544 564 651 763 780 818 894 944 950 961 1007 1071 1074 1105 1177 1266 1374 1379 1412 1436 1548 1595 1644 1682 1761 1857 1938 2067 2071 2157 2273 2341 2415 2752 2774 2785 2991 3040 3126 3171 3248 3323 3350 3434 3438 3551 3638 3666 3692 3747 3826 3974 4076 4166 4167 4205 4229 4354 4366 4449 4474 4531 4585 4629 4723 4825 4826 4865 4869 5031 5055 5140 5227 5231 5295 5417 5463 5517 5634 5678 5838 5853 5974 5983 6240 6247 6330 6435 6468 6552 6578 6649 6708 6781 6805 6865 6938 7013 7073 7080 7217 7273 7314 7481 7491 7566 7710 7715 7770 7870 7978 7981 8016 8105 8188 8251 8305 8326 

Final time = 6838.78
Final solution cost = 6127
