Reading instance small_stp_instances/ch130_20_10.stp of type D
Finished instance reading
Number of vertices = 130
Number of edges (resources) = 8385
Number of scenarios = 20
Average number of terminals per scenario = 130
Probabilities of Scenarios: (0) 0.04 | (1) 0.01 | (2) 0.07 | (3) 0.02 | (4) 0.07 | (5) 0.08 | (6) 0.02 | (7) 0.03 | (8) 0.06 | (9) 0.09 | (10) 0.09 | (11) 0.02 | (12) 0.07 | (13) 0.01 | (14) 0.07 | (15) 0.09 | (16) 0.01 | (17) 0.04 | (18) 0.05 | (19) 0.06 | 
Average weighted inflation = -nan
Largest inflation = 0.99881
MAX_ITERATIONS_SINCE_LAST_IMPROVEMENT 2
MAX_ITERATIONS_SINCE_BEST_SOLUTION 3
Creating solution instance.
Starting Evolutive Framework.
Local search solution cost = 6225
Local search time = 8080.22
8080.22 local search - EF main loop cycle 0 solution cost 6225
8080.25s Cost of SP solution after second stage solver 6225
Local search solution cost = 6225
Local search time = 647.61
8727.86 local search - EF main loop cycle 1 solution cost 6225
8727.9s Cost of SP solution after second stage solver 6225
Local search solution cost = 6225
Local search time = 647.613
9375.51 local search - EF main loop cycle 2 solution cost 6225
9375.54s Cost of SP solution after second stage solver 6225
Number of cycles 3
Time for each cycle 3125.18
9375.58s Cost of SP solution after tail step 6225
SELECTED RESOURCES:
49 87 143 167 174 207 243 306 343 392 401 451 489 516 517 544 564 651 780 818 894 944 950 961 992 1057 1074 1105 1177 1266 1283 1379 1412 1436 1548 1595 1644 1682 1761 1857 1938 2071 2138 2157 2273 2341 2415 2533 2752 2774 2785 3014 3126 3304 3323 3350 3438 3551 3595 3666 3735 3809 3826 3993 4057 4076 4132 4167 4222 4225 4354 4366 4449 4478 4531 4566 4629 4723 4825 4826 4877 4881 5031 5055 5059 5227 5231 5295 5417 5497 5517 5634 5678 5838 5853 5974 5983 6247 6251 6435 6468 6552 6578 6649 6708 6781 6805 6865 6986 7013 7073 7080 7217 7303 7314 7481 7491 7566 7710 7715 7863 7870 7978 7981 8016 8105 8188 8251 8305 8326 
SCENARIO'S RESOURCES:
S 0: 0 | 49 87 143 167 174 207 243 306 343 392 401 451 489 516 517 544 564 651 780 818 894 944 950 961 992 1057 1074 1105 1177 1266 1283 1379 1412 1436 1548 1595 1644 1682 1761 1857 1938 2071 2138 2157 2273 2341 2415 2533 2752 2774 2785 3014 3126 3304 3323 3350 3438 3551 3595 3666 3735 3809 3826 3993 4057 4076 4132 4167 4222 4225 4354 4366 4449 4478 4531 4566 4629 4723 4825 4826 4877 4881 5031 5055 5059 5227 5231 5295 5417 5497 5517 5634 5678 5838 5853 5974 5983 6247 6251 6435 6468 6552 6578 6649 6708 6781 6805 6865 6986 7013 7073 7080 7217 7303 7314 7481 7491 7566 7710 7715 7863 7870 7978 7981 8016 8105 8188 8251 8305 8326 
S 1: 0 | 49 87 143 167 174 207 243 306 343 392 401 451 489 516 517 544 564 651 780 818 894 944 950 961 992 1057 1074 1105 1177 1266 1283 1379 1412 1436 1548 1595 1644 1682 1761 1857 1938 2071 2138 2157 2273 2341 2415 2533 2752 2774 2785 3014 3126 3304 3323 3350 3438 3551 3595 3666 3735 3809 3826 3993 4057 4076 4132 4167 4222 4225 4354 4366 4449 4478 4531 4566 4629 4723 4825 4826 4877 4881 5031 5055 5059 5227 5231 5295 5417 5497 5517 5634 5678 5838 5853 5974 5983 6247 6251 6435 6468 6552 6578 6649 6708 6781 6805 6865 6986 7013 7073 7080 7217 7303 7314 7481 7491 7566 7710 7715 7863 7870 7978 7981 8016 8105 8188 8251 8305 8326 
S 2: 0 | 49 87 143 167 174 207 243 306 343 392 401 451 489 516 517 544 564 651 780 818 894 944 950 961 992 1057 1074 1105 1177 1266 1283 1379 1412 1436 1548 1595 1644 1682 1761 1857 1938 2071 2138 2157 2273 2341 2415 2533 2752 2774 2785 3014 3126 3304 3323 3350 3438 3551 3595 3666 3735 3809 3826 3993 4057 4076 4132 4167 4222 4225 4354 4366 4449 4478 4531 4566 4629 4723 4825 4826 4877 4881 5031 5055 5059 5227 5231 5295 5417 5497 5517 5634 5678 5838 5853 5974 5983 6247 6251 6435 6468 6552 6578 6649 6708 6781 6805 6865 6986 7013 7073 7080 7217 7303 7314 7481 7491 7566 7710 7715 7863 7870 7978 7981 8016 8105 8188 8251 8305 8326 
S 3: 0 | 49 87 143 167 174 207 243 306 343 392 401 451 489 516 517 544 564 651 780 818 894 944 950 961 992 1057 1074 1105 1177 1266 1283 1379 1412 1436 1548 1595 1644 1682 1761 1857 1938 2071 2138 2157 2273 2341 2415 2533 2752 2774 2785 3014 3126 3304 3323 3350 3438 3551 3595 3666 3735 3809 3826 3993 4057 4076 4132 4167 4222 4225 4354 4366 4449 4478 4531 4566 4629 4723 4825 4826 4877 4881 5031 5055 5059 5227 5231 5295 5417 5497 5517 5634 5678 5838 5853 5974 5983 6247 6251 6435 6468 6552 6578 6649 6708 6781 6805 6865 6986 7013 7073 7080 7217 7303 7314 7481 7491 7566 7710 7715 7863 7870 7978 7981 8016 8105 8188 8251 8305 8326 
S 4: 0 | 49 87 143 167 174 207 243 306 343 392 401 451 489 516 517 544 564 651 780 818 894 944 950 961 992 1057 1074 1105 1177 1266 1283 1379 1412 1436 1548 1595 1644 1682 1761 1857 1938 2071 2138 2157 2273 2341 2415 2533 2752 2774 2785 3014 3126 3304 3323 3350 3438 3551 3595 3666 3735 3809 3826 3993 4057 4076 4132 4167 4222 4225 4354 4366 4449 4478 4531 4566 4629 4723 4825 4826 4877 4881 5031 5055 5059 5227 5231 5295 5417 5497 5517 5634 5678 5838 5853 5974 5983 6247 6251 6435 6468 6552 6578 6649 6708 6781 6805 6865 6986 7013 7073 7080 7217 7303 7314 7481 7491 7566 7710 7715 7863 7870 7978 7981 8016 8105 8188 8251 8305 8326 
S 5: 0 | 49 87 143 167 174 207 243 306 343 392 401 451 489 516 517 544 564 651 780 818 894 944 950 961 992 1057 1074 1105 1177 1266 1283 1379 1412 1436 1548 1595 1644 1682 1761 1857 1938 2071 2138 2157 2273 2341 2415 2533 2752 2774 2785 3014 3126 3304 3323 3350 3438 3551 3595 3666 3735 3809 3826 3993 4057 4076 4132 4167 4222 4225 4354 4366 4449 4478 4531 4566 4629 4723 4825 4826 4877 4881 5031 5055 5059 5227 5231 5295 5417 5497 5517 5634 5678 5838 5853 5974 5983 6247 6251 6435 6468 6552 6578 6649 6708 6781 6805 6865 6986 7013 7073 7080 7217 7303 7314 7481 7491 7566 7710 7715 7863 7870 7978 7981 8016 8105 8188 8251 8305 8326 
S 6: 0 | 49 87 143 167 174 207 243 306 343 392 401 451 489 516 517 544 564 651 780 818 894 944 950 961 992 1057 1074 1105 1177 1266 1283 1379 1412 1436 1548 1595 1644 1682 1761 1857 1938 2071 2138 2157 2273 2341 2415 2533 2752 2774 2785 3014 3126 3304 3323 3350 3438 3551 3595 3666 3735 3809 3826 3993 4057 4076 4132 4167 4222 4225 4354 4366 4449 4478 4531 4566 4629 4723 4825 4826 4877 4881 5031 5055 5059 5227 5231 5295 5417 5497 5517 5634 5678 5838 5853 5974 5983 6247 6251 6435 6468 6552 6578 6649 6708 6781 6805 6865 6986 7013 7073 7080 7217 7303 7314 7481 7491 7566 7710 7715 7863 7870 7978 7981 8016 8105 8188 8251 8305 8326 
S 7: 0 | 49 87 143 167 174 207 243 306 343 392 401 451 489 516 517 544 564 651 780 818 894 944 950 961 992 1057 1074 1105 1177 1266 1283 1379 1412 1436 1548 1595 1644 1682 1761 1857 1938 2071 2138 2157 2273 2341 2415 2533 2752 2774 2785 3014 3126 3304 3323 3350 3438 3551 3595 3666 3735 3809 3826 3993 4057 4076 4132 4167 4222 4225 4354 4366 4449 4478 4531 4566 4629 4723 4825 4826 4877 4881 5031 5055 5059 5227 5231 5295 5417 5497 5517 5634 5678 5838 5853 5974 5983 6247 6251 6435 6468 6552 6578 6649 6708 6781 6805 6865 6986 7013 7073 7080 7217 7303 7314 7481 7491 7566 7710 7715 7863 7870 7978 7981 8016 8105 8188 8251 8305 8326 
S 8: 0 | 49 87 143 167 174 207 243 306 343 392 401 451 489 516 517 544 564 651 780 818 894 944 950 961 992 1057 1074 1105 1177 1266 1283 1379 1412 1436 1548 1595 1644 1682 1761 1857 1938 2071 2138 2157 2273 2341 2415 2533 2752 2774 2785 3014 3126 3304 3323 3350 3438 3551 3595 3666 3735 3809 3826 3993 4057 4076 4132 4167 4222 4225 4354 4366 4449 4478 4531 4566 4629 4723 4825 4826 4877 4881 5031 5055 5059 5227 5231 5295 5417 5497 5517 5634 5678 5838 5853 5974 5983 6247 6251 6435 6468 6552 6578 6649 6708 6781 6805 6865 6986 7013 7073 7080 7217 7303 7314 7481 7491 7566 7710 7715 7863 7870 7978 7981 8016 8105 8188 8251 8305 8326 
S 9: 0 | 49 87 143 167 174 207 243 306 343 392 401 451 489 516 517 544 564 651 780 818 894 944 950 961 992 1057 1074 1105 1177 1266 1283 1379 1412 1436 1548 1595 1644 1682 1761 1857 1938 2071 2138 2157 2273 2341 2415 2533 2752 2774 2785 3014 3126 3304 3323 3350 3438 3551 3595 3666 3735 3809 3826 3993 4057 4076 4132 4167 4222 4225 4354 4366 4449 4478 4531 4566 4629 4723 4825 4826 4877 4881 5031 5055 5059 5227 5231 5295 5417 5497 5517 5634 5678 5838 5853 5974 5983 6247 6251 6435 6468 6552 6578 6649 6708 6781 6805 6865 6986 7013 7073 7080 7217 7303 7314 7481 7491 7566 7710 7715 7863 7870 7978 7981 8016 8105 8188 8251 8305 8326 
S 10: 0 | 49 87 143 167 174 207 243 306 343 392 401 451 489 516 517 544 564 651 780 818 894 944 950 961 992 1057 1074 1105 1177 1266 1283 1379 1412 1436 1548 1595 1644 1682 1761 1857 1938 2071 2138 2157 2273 2341 2415 2533 2752 2774 2785 3014 3126 3304 3323 3350 3438 3551 3595 3666 3735 3809 3826 3993 4057 4076 4132 4167 4222 4225 4354 4366 4449 4478 4531 4566 4629 4723 4825 4826 4877 4881 5031 5055 5059 5227 5231 5295 5417 5497 5517 5634 5678 5838 5853 5974 5983 6247 6251 6435 6468 6552 6578 6649 6708 6781 6805 6865 6986 7013 7073 7080 7217 7303 7314 7481 7491 7566 7710 7715 7863 7870 7978 7981 8016 8105 8188 8251 8305 8326 
S 11: 0 | 49 87 143 167 174 207 243 306 343 392 401 451 489 516 517 544 564 651 780 818 894 944 950 961 992 1057 1074 1105 1177 1266 1283 1379 1412 1436 1548 1595 1644 1682 1761 1857 1938 2071 2138 2157 2273 2341 2415 2533 2752 2774 2785 3014 3126 3304 3323 3350 3438 3551 3595 3666 3735 3809 3826 3993 4057 4076 4132 4167 4222 4225 4354 4366 4449 4478 4531 4566 4629 4723 4825 4826 4877 4881 5031 5055 5059 5227 5231 5295 5417 5497 5517 5634 5678 5838 5853 5974 5983 6247 6251 6435 6468 6552 6578 6649 6708 6781 6805 6865 6986 7013 7073 7080 7217 7303 7314 7481 7491 7566 7710 7715 7863 7870 7978 7981 8016 8105 8188 8251 8305 8326 
S 12: 0 | 49 87 143 167 174 207 243 306 343 392 401 451 489 516 517 544 564 651 780 818 894 944 950 961 992 1057 1074 1105 1177 1266 1283 1379 1412 1436 1548 1595 1644 1682 1761 1857 1938 2071 2138 2157 2273 2341 2415 2533 2752 2774 2785 3014 3126 3304 3323 3350 3438 3551 3595 3666 3735 3809 3826 3993 4057 4076 4132 4167 4222 4225 4354 4366 4449 4478 4531 4566 4629 4723 4825 4826 4877 4881 5031 5055 5059 5227 5231 5295 5417 5497 5517 5634 5678 5838 5853 5974 5983 6247 6251 6435 6468 6552 6578 6649 6708 6781 6805 6865 6986 7013 7073 7080 7217 7303 7314 7481 7491 7566 7710 7715 7863 7870 7978 7981 8016 8105 8188 8251 8305 8326 
S 13: 0 | 49 87 143 167 174 207 243 306 343 392 401 451 489 516 517 544 564 651 780 818 894 944 950 961 992 1057 1074 1105 1177 1266 1283 1379 1412 1436 1548 1595 1644 1682 1761 1857 1938 2071 2138 2157 2273 2341 2415 2533 2752 2774 2785 3014 3126 3304 3323 3350 3438 3551 3595 3666 3735 3809 3826 3993 4057 4076 4132 4167 4222 4225 4354 4366 4449 4478 4531 4566 4629 4723 4825 4826 4877 4881 5031 5055 5059 5227 5231 5295 5417 5497 5517 5634 5678 5838 5853 5974 5983 6247 6251 6435 6468 6552 6578 6649 6708 6781 6805 6865 6986 7013 7073 7080 7217 7303 7314 7481 7491 7566 7710 7715 7863 7870 7978 7981 8016 8105 8188 8251 8305 8326 
S 14: 0 | 49 87 143 167 174 207 243 306 343 392 401 451 489 516 517 544 564 651 780 818 894 944 950 961 992 1057 1074 1105 1177 1266 1283 1379 1412 1436 1548 1595 1644 1682 1761 1857 1938 2071 2138 2157 2273 2341 2415 2533 2752 2774 2785 3014 3126 3304 3323 3350 3438 3551 3595 3666 3735 3809 3826 3993 4057 4076 4132 4167 4222 4225 4354 4366 4449 4478 4531 4566 4629 4723 4825 4826 4877 4881 5031 5055 5059 5227 5231 5295 5417 5497 5517 5634 5678 5838 5853 5974 5983 6247 6251 6435 6468 6552 6578 6649 6708 6781 6805 6865 6986 7013 7073 7080 7217 7303 7314 7481 7491 7566 7710 7715 7863 7870 7978 7981 8016 8105 8188 8251 8305 8326 
S 15: 0 | 49 87 143 167 174 207 243 306 343 392 401 451 489 516 517 544 564 651 780 818 894 944 950 961 992 1057 1074 1105 1177 1266 1283 1379 1412 1436 1548 1595 1644 1682 1761 1857 1938 2071 2138 2157 2273 2341 2415 2533 2752 2774 2785 3014 3126 3304 3323 3350 3438 3551 3595 3666 3735 3809 3826 3993 4057 4076 4132 4167 4222 4225 4354 4366 4449 4478 4531 4566 4629 4723 4825 4826 4877 4881 5031 5055 5059 5227 5231 5295 5417 5497 5517 5634 5678 5838 5853 5974 5983 6247 6251 6435 6468 6552 6578 6649 6708 6781 6805 6865 6986 7013 7073 7080 7217 7303 7314 7481 7491 7566 7710 7715 7863 7870 7978 7981 8016 8105 8188 8251 8305 8326 
S 16: 0 | 49 87 143 167 174 207 243 306 343 392 401 451 489 516 517 544 564 651 780 818 894 944 950 961 992 1057 1074 1105 1177 1266 1283 1379 1412 1436 1548 1595 1644 1682 1761 1857 1938 2071 2138 2157 2273 2341 2415 2533 2752 2774 2785 3014 3126 3304 3323 3350 3438 3551 3595 3666 3735 3809 3826 3993 4057 4076 4132 4167 4222 4225 4354 4366 4449 4478 4531 4566 4629 4723 4825 4826 4877 4881 5031 5055 5059 5227 5231 5295 5417 5497 5517 5634 5678 5838 5853 5974 5983 6247 6251 6435 6468 6552 6578 6649 6708 6781 6805 6865 6986 7013 7073 7080 7217 7303 7314 7481 7491 7566 7710 7715 7863 7870 7978 7981 8016 8105 8188 8251 8305 8326 
S 17: 0 | 49 87 143 167 174 207 243 306 343 392 401 451 489 516 517 544 564 651 780 818 894 944 950 961 992 1057 1074 1105 1177 1266 1283 1379 1412 1436 1548 1595 1644 1682 1761 1857 1938 2071 2138 2157 2273 2341 2415 2533 2752 2774 2785 3014 3126 3304 3323 3350 3438 3551 3595 3666 3735 3809 3826 3993 4057 4076 4132 4167 4222 4225 4354 4366 4449 4478 4531 4566 4629 4723 4825 4826 4877 4881 5031 5055 5059 5227 5231 5295 5417 5497 5517 5634 5678 5838 5853 5974 5983 6247 6251 6435 6468 6552 6578 6649 6708 6781 6805 6865 6986 7013 7073 7080 7217 7303 7314 7481 7491 7566 7710 7715 7863 7870 7978 7981 8016 8105 8188 8251 8305 8326 
S 18: 0 | 49 87 143 167 174 207 243 306 343 392 401 451 489 516 517 544 564 651 780 818 894 944 950 961 992 1057 1074 1105 1177 1266 1283 1379 1412 1436 1548 1595 1644 1682 1761 1857 1938 2071 2138 2157 2273 2341 2415 2533 2752 2774 2785 3014 3126 3304 3323 3350 3438 3551 3595 3666 3735 3809 3826 3993 4057 4076 4132 4167 4222 4225 4354 4366 4449 4478 4531 4566 4629 4723 4825 4826 4877 4881 5031 5055 5059 5227 5231 5295 5417 5497 5517 5634 5678 5838 5853 5974 5983 6247 6251 6435 6468 6552 6578 6649 6708 6781 6805 6865 6986 7013 7073 7080 7217 7303 7314 7481 7491 7566 7710 7715 7863 7870 7978 7981 8016 8105 8188 8251 8305 8326 
S 19: 0 | 49 87 143 167 174 207 243 306 343 392 401 451 489 516 517 544 564 651 780 818 894 944 950 961 992 1057 1074 1105 1177 1266 1283 1379 1412 1436 1548 1595 1644 1682 1761 1857 1938 2071 2138 2157 2273 2341 2415 2533 2752 2774 2785 3014 3126 3304 3323 3350 3438 3551 3595 3666 3735 3809 3826 3993 4057 4076 4132 4167 4222 4225 4354 4366 4449 4478 4531 4566 4629 4723 4825 4826 4877 4881 5031 5055 5059 5227 5231 5295 5417 5497 5517 5634 5678 5838 5853 5974 5983 6247 6251 6435 6468 6552 6578 6649 6708 6781 6805 6865 6986 7013 7073 7080 7217 7303 7314 7481 7491 7566 7710 7715 7863 7870 7978 7981 8016 8105 8188 8251 8305 8326 
ALL EQUAL

Final time = 9375.64
Final solution cost = 6225
