Reading instance small_stp_instances/ch150_10_10.stp of type D
Finished instance reading
Number of vertices = 150
Number of edges (resources) = 11175
Number of scenarios = 10
Average number of terminals per scenario = 150
Probabilities of Scenarios: (0) 0.02 | (1) 0.03 | (2) 0.14 | (3) 0.1 | (4) 0.15 | (5) 0.07 | (6) 0.11 | (7) 0.13 | (8) 0.12 | (9) 0.13 | 
Average weighted inflation = 0.498343
Largest inflation = 0.998708
MAX_ITERATIONS_SINCE_LAST_IMPROVEMENT 2
MAX_ITERATIONS_SINCE_BEST_SOLUTION 3
Creating solution instance.
Starting Evolutive Framework.
Local search solution cost = 6752.65
Local search time = 8075.67
8075.67 local search - EF main loop cycle 0 solution cost 6752.65
8075.74s Cost of SP solution after second stage solver 6752.65
Local search solution cost = 6739
Local search time = 572.231
8647.98 local search - EF main loop cycle 1 solution cost 6739
8648s Cost of SP solution after second stage solver 6739
Local search solution cost = 6739
Local search time = 564.521
9212.52 local search - EF main loop cycle 2 solution cost 6739
9212.54s Cost of SP solution after second stage solver 6739
Local search solution cost = 6739
Local search time = 564.519
9777.06 local search - EF main loop cycle 3 solution cost 6739
9777.08s Cost of SP solution after second stage solver 6739
Number of cycles 4
Time for each cycle 2444.27
9777.11s Cost of SP solution after tail step 6739
SELECTED RESOURCES:
11 27 38 119 154 230 264 295 356 359 461 487 528 605 638 688 818 856 923 949 1076 1244 1307 1337 1365 1480 1510 1578 1650 1805 1832 1920 1938 2096 2139 2182 2187 2338 2458 2498 2533 2603 2640 2718 2847 2940 2984 3061 3094 3188 3376 3395 3409 3432 3550 3598 3688 3730 3835 3961 4140 4148 4220 4365 4452 4499 4553 4656 4771 4855 4990 5119 5232 5248 5256 5388 5472 5550 5569 5659 5740 5828 5910 5966 6099 6168 6225 6309 6426 6429 6511 6597 6655 6726 6809 6970 6993 7067 7218 7227 7336 7339 7411 7454 7599 7647 7801 7842 7943 7992 8045 8068 8154 8272 8416 8461 8579 8661 8756 8886 8996 9018 9156 9229 9311 9369 9449 9492 9572 9650 9707 9787 9819 9887 9954 10107 10110 10281 10431 10439 10465 10563 10633 10648 10741 10860 10939 11002 11129 11140 
SCENARIO'S RESOURCES:
S 0: 0 | 11 27 38 119 154 230 264 295 356 359 461 487 528 605 638 688 818 856 923 949 1076 1244 1307 1337 1365 1480 1510 1578 1650 1805 1832 1920 1938 2096 2139 2182 2187 2338 2458 2498 2533 2603 2640 2718 2847 2940 2984 3061 3094 3188 3376 3395 3409 3432 3550 3598 3688 3730 3835 3961 4140 4148 4220 4365 4452 4499 4553 4656 4771 4855 4990 5119 5232 5248 5256 5388 5472 5550 5569 5659 5740 5828 5910 5966 6099 6168 6225 6309 6426 6429 6511 6597 6655 6726 6809 6970 6993 7067 7218 7227 7336 7339 7411 7454 7599 7647 7801 7842 7943 7992 8045 8068 8154 8272 8416 8461 8579 8661 8756 8886 8996 9018 9156 9229 9311 9369 9449 9492 9572 9650 9707 9787 9819 9887 9954 10107 10110 10281 10431 10439 10465 10563 10633 10648 10741 10860 10939 11002 11129 11140 
S 1: 0 | 11 27 38 119 154 230 264 295 356 359 461 487 528 605 638 688 818 856 923 949 1076 1244 1307 1337 1365 1480 1510 1578 1650 1805 1832 1920 1938 2096 2139 2182 2187 2338 2458 2498 2533 2603 2640 2718 2847 2940 2984 3061 3094 3188 3376 3395 3409 3432 3550 3598 3688 3730 3835 3961 4140 4148 4220 4365 4452 4499 4553 4656 4771 4855 4990 5119 5232 5248 5256 5388 5472 5550 5569 5659 5740 5828 5910 5966 6099 6168 6225 6309 6426 6429 6511 6597 6655 6726 6809 6970 6993 7067 7218 7227 7336 7339 7411 7454 7599 7647 7801 7842 7943 7992 8045 8068 8154 8272 8416 8461 8579 8661 8756 8886 8996 9018 9156 9229 9311 9369 9449 9492 9572 9650 9707 9787 9819 9887 9954 10107 10110 10281 10431 10439 10465 10563 10633 10648 10741 10860 10939 11002 11129 11140 
S 2: 0 | 11 27 38 119 154 230 264 295 356 359 461 487 528 605 638 688 818 856 923 949 1076 1244 1307 1337 1365 1480 1510 1578 1650 1805 1832 1920 1938 2096 2139 2182 2187 2338 2458 2498 2533 2603 2640 2718 2847 2940 2984 3061 3094 3188 3376 3395 3409 3432 3550 3598 3688 3730 3835 3961 4140 4148 4220 4365 4452 4499 4553 4656 4771 4855 4990 5119 5232 5248 5256 5388 5472 5550 5569 5659 5740 5828 5910 5966 6099 6168 6225 6309 6426 6429 6511 6597 6655 6726 6809 6970 6993 7067 7218 7227 7336 7339 7411 7454 7599 7647 7801 7842 7943 7992 8045 8068 8154 8272 8416 8461 8579 8661 8756 8886 8996 9018 9156 9229 9311 9369 9449 9492 9572 9650 9707 9787 9819 9887 9954 10107 10110 10281 10431 10439 10465 10563 10633 10648 10741 10860 10939 11002 11129 11140 
S 3: 0 | 11 27 38 119 154 230 264 295 356 359 461 487 528 605 638 688 818 856 923 949 1076 1244 1307 1337 1365 1480 1510 1578 1650 1805 1832 1920 1938 2096 2139 2182 2187 2338 2458 2498 2533 2603 2640 2718 2847 2940 2984 3061 3094 3188 3376 3395 3409 3432 3550 3598 3688 3730 3835 3961 4140 4148 4220 4365 4452 4499 4553 4656 4771 4855 4990 5119 5232 5248 5256 5388 5472 5550 5569 5659 5740 5828 5910 5966 6099 6168 6225 6309 6426 6429 6511 6597 6655 6726 6809 6970 6993 7067 7218 7227 7336 7339 7411 7454 7599 7647 7801 7842 7943 7992 8045 8068 8154 8272 8416 8461 8579 8661 8756 8886 8996 9018 9156 9229 9311 9369 9449 9492 9572 9650 9707 9787 9819 9887 9954 10107 10110 10281 10431 10439 10465 10563 10633 10648 10741 10860 10939 11002 11129 11140 
S 4: 0 | 11 27 38 119 154 230 264 295 356 359 461 487 528 605 638 688 818 856 923 949 1076 1244 1307 1337 1365 1480 1510 1578 1650 1805 1832 1920 1938 2096 2139 2182 2187 2338 2458 2498 2533 2603 2640 2718 2847 2940 2984 3061 3094 3188 3376 3395 3409 3432 3550 3598 3688 3730 3835 3961 4140 4148 4220 4365 4452 4499 4553 4656 4771 4855 4990 5119 5232 5248 5256 5388 5472 5550 5569 5659 5740 5828 5910 5966 6099 6168 6225 6309 6426 6429 6511 6597 6655 6726 6809 6970 6993 7067 7218 7227 7336 7339 7411 7454 7599 7647 7801 7842 7943 7992 8045 8068 8154 8272 8416 8461 8579 8661 8756 8886 8996 9018 9156 9229 9311 9369 9449 9492 9572 9650 9707 9787 9819 9887 9954 10107 10110 10281 10431 10439 10465 10563 10633 10648 10741 10860 10939 11002 11129 11140 
S 5: 0 | 11 27 38 119 154 230 264 295 356 359 461 487 528 605 638 688 818 856 923 949 1076 1244 1307 1337 1365 1480 1510 1578 1650 1805 1832 1920 1938 2096 2139 2182 2187 2338 2458 2498 2533 2603 2640 2718 2847 2940 2984 3061 3094 3188 3376 3395 3409 3432 3550 3598 3688 3730 3835 3961 4140 4148 4220 4365 4452 4499 4553 4656 4771 4855 4990 5119 5232 5248 5256 5388 5472 5550 5569 5659 5740 5828 5910 5966 6099 6168 6225 6309 6426 6429 6511 6597 6655 6726 6809 6970 6993 7067 7218 7227 7336 7339 7411 7454 7599 7647 7801 7842 7943 7992 8045 8068 8154 8272 8416 8461 8579 8661 8756 8886 8996 9018 9156 9229 9311 9369 9449 9492 9572 9650 9707 9787 9819 9887 9954 10107 10110 10281 10431 10439 10465 10563 10633 10648 10741 10860 10939 11002 11129 11140 
S 6: 0 | 11 27 38 119 154 230 264 295 356 359 461 487 528 605 638 688 818 856 923 949 1076 1244 1307 1337 1365 1480 1510 1578 1650 1805 1832 1920 1938 2096 2139 2182 2187 2338 2458 2498 2533 2603 2640 2718 2847 2940 2984 3061 3094 3188 3376 3395 3409 3432 3550 3598 3688 3730 3835 3961 4140 4148 4220 4365 4452 4499 4553 4656 4771 4855 4990 5119 5232 5248 5256 5388 5472 5550 5569 5659 5740 5828 5910 5966 6099 6168 6225 6309 6426 6429 6511 6597 6655 6726 6809 6970 6993 7067 7218 7227 7336 7339 7411 7454 7599 7647 7801 7842 7943 7992 8045 8068 8154 8272 8416 8461 8579 8661 8756 8886 8996 9018 9156 9229 9311 9369 9449 9492 9572 9650 9707 9787 9819 9887 9954 10107 10110 10281 10431 10439 10465 10563 10633 10648 10741 10860 10939 11002 11129 11140 
S 7: 0 | 11 27 38 119 154 230 264 295 356 359 461 487 528 605 638 688 818 856 923 949 1076 1244 1307 1337 1365 1480 1510 1578 1650 1805 1832 1920 1938 2096 2139 2182 2187 2338 2458 2498 2533 2603 2640 2718 2847 2940 2984 3061 3094 3188 3376 3395 3409 3432 3550 3598 3688 3730 3835 3961 4140 4148 4220 4365 4452 4499 4553 4656 4771 4855 4990 5119 5232 5248 5256 5388 5472 5550 5569 5659 5740 5828 5910 5966 6099 6168 6225 6309 6426 6429 6511 6597 6655 6726 6809 6970 6993 7067 7218 7227 7336 7339 7411 7454 7599 7647 7801 7842 7943 7992 8045 8068 8154 8272 8416 8461 8579 8661 8756 8886 8996 9018 9156 9229 9311 9369 9449 9492 9572 9650 9707 9787 9819 9887 9954 10107 10110 10281 10431 10439 10465 10563 10633 10648 10741 10860 10939 11002 11129 11140 
S 8: 0 | 11 27 38 119 154 230 264 295 356 359 461 487 528 605 638 688 818 856 923 949 1076 1244 1307 1337 1365 1480 1510 1578 1650 1805 1832 1920 1938 2096 2139 2182 2187 2338 2458 2498 2533 2603 2640 2718 2847 2940 2984 3061 3094 3188 3376 3395 3409 3432 3550 3598 3688 3730 3835 3961 4140 4148 4220 4365 4452 4499 4553 4656 4771 4855 4990 5119 5232 5248 5256 5388 5472 5550 5569 5659 5740 5828 5910 5966 6099 6168 6225 6309 6426 6429 6511 6597 6655 6726 6809 6970 6993 7067 7218 7227 7336 7339 7411 7454 7599 7647 7801 7842 7943 7992 8045 8068 8154 8272 8416 8461 8579 8661 8756 8886 8996 9018 9156 9229 9311 9369 9449 9492 9572 9650 9707 9787 9819 9887 9954 10107 10110 10281 10431 10439 10465 10563 10633 10648 10741 10860 10939 11002 11129 11140 
S 9: 0 | 11 27 38 119 154 230 264 295 356 359 461 487 528 605 638 688 818 856 923 949 1076 1244 1307 1337 1365 1480 1510 1578 1650 1805 1832 1920 1938 2096 2139 2182 2187 2338 2458 2498 2533 2603 2640 2718 2847 2940 2984 3061 3094 3188 3376 3395 3409 3432 3550 3598 3688 3730 3835 3961 4140 4148 4220 4365 4452 4499 4553 4656 4771 4855 4990 5119 5232 5248 5256 5388 5472 5550 5569 5659 5740 5828 5910 5966 6099 6168 6225 6309 6426 6429 6511 6597 6655 6726 6809 6970 6993 7067 7218 7227 7336 7339 7411 7454 7599 7647 7801 7842 7943 7992 8045 8068 8154 8272 8416 8461 8579 8661 8756 8886 8996 9018 9156 9229 9311 9369 9449 9492 9572 9650 9707 9787 9819 9887 9954 10107 10110 10281 10431 10439 10465 10563 10633 10648 10741 10860 10939 11002 11129 11140 
ALL EQUAL

Final time = 9777.15
Final solution cost = 6739
