Reading instance small_stp_instances/ch150_10_05.stp of type D
Finished instance reading
Number of vertices = 150
Number of edges (resources) = 11175
Number of scenarios = 10
Average number of terminals per scenario = 150
Probabilities of Scenarios: (0) 0.15 | (1) 0 | (2) 0.08 | (3) 0.04 | (4) 0.07 | (5) 0.26 | (6) 0.14 | (7) 0.13 | (8) 0 | (9) 0.13 | 
Average weighted inflation = 0.248046
Largest inflation = 0.499285
MAX_ITERATIONS_SINCE_LAST_IMPROVEMENT 2
MAX_ITERATIONS_SINCE_BEST_SOLUTION 3
Creating solution instance.
Starting Evolutive Framework.
Local search solution cost = 6597.26
Local search time = 8878.68
8878.68 local search - EF main loop cycle 0 solution cost 6597.26
8878.74s Cost of SP solution after second stage solver 6597.26
Local search solution cost = 6573
Local search time = 692.241
9570.98 local search - EF main loop cycle 1 solution cost 6573
9571s Cost of SP solution after second stage solver 6573
Local search solution cost = 6573
Local search time = 667.628
10238.6 local search - EF main loop cycle 2 solution cost 6573
10238.7s Cost of SP solution after second stage solver 6573
Local search solution cost = 6573
Local search time = 568.071
10806.7 local search - EF main loop cycle 3 solution cost 6573
10806.7s Cost of SP solution after second stage solver 6573
Number of cycles 4
Time for each cycle 2701.69
10806.8s Cost of SP solution after tail step 6573
SELECTED RESOURCES:
27 154 264 295 356 359 461 487 631 635 688 828 872 923 1244 1309 1349 1365 1480 1578 1580 1650 1668 1780 1805 1832 1920 1938 1965 2096 2139 2182 2313 2458 2459 2603 2718 2726 2808 2847 2940 2941 3061 3094 3152 3188 3240 3376 3409 3432 3550 3598 3655 3835 3961 3998 4127 4148 4287 4365 4452 4499 4553 4689 4771 4855 4988 5237 5248 5256 5274 5407 5472 5550 5569 5659 5740 5756 5820 5828 5932 5966 6099 6168 6218 6225 6426 6429 6444 6621 6655 6710 6825 6970 6993 7062 7218 7227 7273 7336 7411 7454 7595 7599 7647 7782 7842 7943 7992 8045 8068 8154 8272 8416 8461 8579 8660 8756 8831 8960 8980 9118 9156 9281 9311 9361 9449 9499 9572 9650 9707 9754 9787 9887 9954 10107 10110 10201 10281 10367 10465 10495 10633 10729 10741 10860 10939 11002 11046 11140 
SCENARIO'S RESOURCES:
S 0: 0 | 27 154 264 295 356 359 461 487 631 635 688 828 872 923 1244 1309 1349 1365 1480 1578 1580 1650 1668 1780 1805 1832 1920 1938 1965 2096 2139 2182 2313 2458 2459 2603 2718 2726 2808 2847 2940 2941 3061 3094 3152 3188 3240 3376 3409 3432 3550 3598 3655 3835 3961 3998 4127 4148 4287 4365 4452 4499 4553 4689 4771 4855 4988 5237 5248 5256 5274 5407 5472 5550 5569 5659 5740 5756 5820 5828 5932 5966 6099 6168 6218 6225 6426 6429 6444 6621 6655 6710 6825 6970 6993 7062 7218 7227 7273 7336 7411 7454 7595 7599 7647 7782 7842 7943 7992 8045 8068 8154 8272 8416 8461 8579 8660 8756 8831 8960 8980 9118 9156 9281 9311 9361 9449 9499 9572 9650 9707 9754 9787 9887 9954 10107 10110 10201 10281 10367 10465 10495 10633 10729 10741 10860 10939 11002 11046 11140 
S 1: 0 | 27 154 264 295 356 359 461 487 631 635 688 828 872 923 1244 1309 1349 1365 1480 1578 1580 1650 1668 1780 1805 1832 1920 1938 1965 2096 2139 2182 2313 2458 2459 2603 2718 2726 2808 2847 2940 2941 3061 3094 3152 3188 3240 3376 3409 3432 3550 3598 3655 3835 3961 3998 4127 4148 4287 4365 4452 4499 4553 4689 4771 4855 4988 5237 5248 5256 5274 5407 5472 5550 5569 5659 5740 5756 5820 5828 5932 5966 6099 6168 6218 6225 6426 6429 6444 6621 6655 6710 6825 6970 6993 7062 7218 7227 7273 7336 7411 7454 7595 7599 7647 7782 7842 7943 7992 8045 8068 8154 8272 8416 8461 8579 8660 8756 8831 8960 8980 9118 9156 9281 9311 9361 9449 9499 9572 9650 9707 9754 9787 9887 9954 10107 10110 10201 10281 10367 10465 10495 10633 10729 10741 10860 10939 11002 11046 11140 
S 2: 0 | 27 154 264 295 356 359 461 487 631 635 688 828 872 923 1244 1309 1349 1365 1480 1578 1580 1650 1668 1780 1805 1832 1920 1938 1965 2096 2139 2182 2313 2458 2459 2603 2718 2726 2808 2847 2940 2941 3061 3094 3152 3188 3240 3376 3409 3432 3550 3598 3655 3835 3961 3998 4127 4148 4287 4365 4452 4499 4553 4689 4771 4855 4988 5237 5248 5256 5274 5407 5472 5550 5569 5659 5740 5756 5820 5828 5932 5966 6099 6168 6218 6225 6426 6429 6444 6621 6655 6710 6825 6970 6993 7062 7218 7227 7273 7336 7411 7454 7595 7599 7647 7782 7842 7943 7992 8045 8068 8154 8272 8416 8461 8579 8660 8756 8831 8960 8980 9118 9156 9281 9311 9361 9449 9499 9572 9650 9707 9754 9787 9887 9954 10107 10110 10201 10281 10367 10465 10495 10633 10729 10741 10860 10939 11002 11046 11140 
S 3: 0 | 27 154 264 295 356 359 461 487 631 635 688 828 872 923 1244 1309 1349 1365 1480 1578 1580 1650 1668 1780 1805 1832 1920 1938 1965 2096 2139 2182 2313 2458 2459 2603 2718 2726 2808 2847 2940 2941 3061 3094 3152 3188 3240 3376 3409 3432 3550 3598 3655 3835 3961 3998 4127 4148 4287 4365 4452 4499 4553 4689 4771 4855 4988 5237 5248 5256 5274 5407 5472 5550 5569 5659 5740 5756 5820 5828 5932 5966 6099 6168 6218 6225 6426 6429 6444 6621 6655 6710 6825 6970 6993 7062 7218 7227 7273 7336 7411 7454 7595 7599 7647 7782 7842 7943 7992 8045 8068 8154 8272 8416 8461 8579 8660 8756 8831 8960 8980 9118 9156 9281 9311 9361 9449 9499 9572 9650 9707 9754 9787 9887 9954 10107 10110 10201 10281 10367 10465 10495 10633 10729 10741 10860 10939 11002 11046 11140 
S 4: 0 | 27 154 264 295 356 359 461 487 631 635 688 828 872 923 1244 1309 1349 1365 1480 1578 1580 1650 1668 1780 1805 1832 1920 1938 1965 2096 2139 2182 2313 2458 2459 2603 2718 2726 2808 2847 2940 2941 3061 3094 3152 3188 3240 3376 3409 3432 3550 3598 3655 3835 3961 3998 4127 4148 4287 4365 4452 4499 4553 4689 4771 4855 4988 5237 5248 5256 5274 5407 5472 5550 5569 5659 5740 5756 5820 5828 5932 5966 6099 6168 6218 6225 6426 6429 6444 6621 6655 6710 6825 6970 6993 7062 7218 7227 7273 7336 7411 7454 7595 7599 7647 7782 7842 7943 7992 8045 8068 8154 8272 8416 8461 8579 8660 8756 8831 8960 8980 9118 9156 9281 9311 9361 9449 9499 9572 9650 9707 9754 9787 9887 9954 10107 10110 10201 10281 10367 10465 10495 10633 10729 10741 10860 10939 11002 11046 11140 
S 5: 0 | 27 154 264 295 356 359 461 487 631 635 688 828 872 923 1244 1309 1349 1365 1480 1578 1580 1650 1668 1780 1805 1832 1920 1938 1965 2096 2139 2182 2313 2458 2459 2603 2718 2726 2808 2847 2940 2941 3061 3094 3152 3188 3240 3376 3409 3432 3550 3598 3655 3835 3961 3998 4127 4148 4287 4365 4452 4499 4553 4689 4771 4855 4988 5237 5248 5256 5274 5407 5472 5550 5569 5659 5740 5756 5820 5828 5932 5966 6099 6168 6218 6225 6426 6429 6444 6621 6655 6710 6825 6970 6993 7062 7218 7227 7273 7336 7411 7454 7595 7599 7647 7782 7842 7943 7992 8045 8068 8154 8272 8416 8461 8579 8660 8756 8831 8960 8980 9118 9156 9281 9311 9361 9449 9499 9572 9650 9707 9754 9787 9887 9954 10107 10110 10201 10281 10367 10465 10495 10633 10729 10741 10860 10939 11002 11046 11140 
S 6: 0 | 27 154 264 295 356 359 461 487 631 635 688 828 872 923 1244 1309 1349 1365 1480 1578 1580 1650 1668 1780 1805 1832 1920 1938 1965 2096 2139 2182 2313 2458 2459 2603 2718 2726 2808 2847 2940 2941 3061 3094 3152 3188 3240 3376 3409 3432 3550 3598 3655 3835 3961 3998 4127 4148 4287 4365 4452 4499 4553 4689 4771 4855 4988 5237 5248 5256 5274 5407 5472 5550 5569 5659 5740 5756 5820 5828 5932 5966 6099 6168 6218 6225 6426 6429 6444 6621 6655 6710 6825 6970 6993 7062 7218 7227 7273 7336 7411 7454 7595 7599 7647 7782 7842 7943 7992 8045 8068 8154 8272 8416 8461 8579 8660 8756 8831 8960 8980 9118 9156 9281 9311 9361 9449 9499 9572 9650 9707 9754 9787 9887 9954 10107 10110 10201 10281 10367 10465 10495 10633 10729 10741 10860 10939 11002 11046 11140 
S 7: 0 | 27 154 264 295 356 359 461 487 631 635 688 828 872 923 1244 1309 1349 1365 1480 1578 1580 1650 1668 1780 1805 1832 1920 1938 1965 2096 2139 2182 2313 2458 2459 2603 2718 2726 2808 2847 2940 2941 3061 3094 3152 3188 3240 3376 3409 3432 3550 3598 3655 3835 3961 3998 4127 4148 4287 4365 4452 4499 4553 4689 4771 4855 4988 5237 5248 5256 5274 5407 5472 5550 5569 5659 5740 5756 5820 5828 5932 5966 6099 6168 6218 6225 6426 6429 6444 6621 6655 6710 6825 6970 6993 7062 7218 7227 7273 7336 7411 7454 7595 7599 7647 7782 7842 7943 7992 8045 8068 8154 8272 8416 8461 8579 8660 8756 8831 8960 8980 9118 9156 9281 9311 9361 9449 9499 9572 9650 9707 9754 9787 9887 9954 10107 10110 10201 10281 10367 10465 10495 10633 10729 10741 10860 10939 11002 11046 11140 
S 8: 0 | 27 154 264 295 356 359 461 487 631 635 688 828 872 923 1244 1309 1349 1365 1480 1578 1580 1650 1668 1780 1805 1832 1920 1938 1965 2096 2139 2182 2313 2458 2459 2603 2718 2726 2808 2847 2940 2941 3061 3094 3152 3188 3240 3376 3409 3432 3550 3598 3655 3835 3961 3998 4127 4148 4287 4365 4452 4499 4553 4689 4771 4855 4988 5237 5248 5256 5274 5407 5472 5550 5569 5659 5740 5756 5820 5828 5932 5966 6099 6168 6218 6225 6426 6429 6444 6621 6655 6710 6825 6970 6993 7062 7218 7227 7273 7336 7411 7454 7595 7599 7647 7782 7842 7943 7992 8045 8068 8154 8272 8416 8461 8579 8660 8756 8831 8960 8980 9118 9156 9281 9311 9361 9449 9499 9572 9650 9707 9754 9787 9887 9954 10107 10110 10201 10281 10367 10465 10495 10633 10729 10741 10860 10939 11002 11046 11140 
S 9: 0 | 27 154 264 295 356 359 461 487 631 635 688 828 872 923 1244 1309 1349 1365 1480 1578 1580 1650 1668 1780 1805 1832 1920 1938 1965 2096 2139 2182 2313 2458 2459 2603 2718 2726 2808 2847 2940 2941 3061 3094 3152 3188 3240 3376 3409 3432 3550 3598 3655 3835 3961 3998 4127 4148 4287 4365 4452 4499 4553 4689 4771 4855 4988 5237 5248 5256 5274 5407 5472 5550 5569 5659 5740 5756 5820 5828 5932 5966 6099 6168 6218 6225 6426 6429 6444 6621 6655 6710 6825 6970 6993 7062 7218 7227 7273 7336 7411 7454 7595 7599 7647 7782 7842 7943 7992 8045 8068 8154 8272 8416 8461 8579 8660 8756 8831 8960 8980 9118 9156 9281 9311 9361 9449 9499 9572 9650 9707 9754 9787 9887 9954 10107 10110 10201 10281 10367 10465 10495 10633 10729 10741 10860 10939 11002 11046 11140 
ALL EQUAL

Final time = 10806.8
Final solution cost = 6573
