Reading instance small_stp_instances/ch150_5_05.stp of type D
Finished instance reading
Number of vertices = 150
Number of edges (resources) = 11175
Number of scenarios = 5
Average number of terminals per scenario = 150
Probabilities of Scenarios: (0) 0.2 | (1) 0.07 | (2) 0.19 | (3) 0.21 | (4) 0.33 | 
Average weighted inflation = 0.247464
Largest inflation = 0.499332
MAX_ITERATIONS_SINCE_LAST_IMPROVEMENT 2
MAX_ITERATIONS_SINCE_BEST_SOLUTION 3
Creating solution instance.
Starting Evolutive Framework.
Local search solution cost = 6624.77
Local search time = 3215.85
3215.85 local search - EF main loop cycle 0 solution cost 6624.77
3215.88s Cost of SP solution after second stage solver 6624.77
Local search solution cost = 6610
Local search time = 282.956
3498.84 local search - EF main loop cycle 1 solution cost 6610
3498.85s Cost of SP solution after second stage solver 6610
Local search solution cost = 6610
Local search time = 280.614
3779.46 local search - EF main loop cycle 2 solution cost 6610
3779.47s Cost of SP solution after second stage solver 6610
Local search solution cost = 6610
Local search time = 280.727
4060.2 local search - EF main loop cycle 3 solution cost 6610
4060.21s Cost of SP solution after second stage solver 6610
Number of cycles 4
Time for each cycle 1015.05
4060.22s Cost of SP solution after tail step 6610
SELECTED RESOURCES:
27 154 264 295 356 359 461 487 631 635 688 818 828 923 1076 1244 1307 1337 1365 1423 1480 1510 1578 1650 1667 1780 1805 1832 1920 1938 2096 2139 2182 2187 2313 2458 2459 2498 2533 2603 2640 2718 2726 2808 2847 2940 3080 3094 3188 3409 3432 3550 3598 3655 3688 3835 3961 3998 4148 4220 4287 4365 4452 4499 4553 4737 4771 4855 4990 5119 5151 5248 5256 5274 5407 5472 5550 5569 5659 5740 5828 5910 5966 6010 6099 6168 6218 6225 6426 6429 6444 6597 6655 6726 6809 6970 6993 7067 7218 7227 7336 7339 7454 7599 7647 7782 7842 7943 7992 8045 8068 8154 8272 8416 8461 8579 8661 8704 8886 8996 9018 9156 9167 9229 9311 9407 9449 9492 9572 9650 9707 9787 9812 9887 9954 10107 10110 10281 10326 10359 10495 10563 10633 10728 10741 10860 10939 11002 11046 11140 
SCENARIO'S RESOURCES:
S 0: 0 | 27 154 264 295 356 359 461 487 631 635 688 818 828 923 1076 1244 1307 1337 1365 1423 1480 1510 1578 1650 1667 1780 1805 1832 1920 1938 2096 2139 2182 2187 2313 2458 2459 2498 2533 2603 2640 2718 2726 2808 2847 2940 3080 3094 3188 3409 3432 3550 3598 3655 3688 3835 3961 3998 4148 4220 4287 4365 4452 4499 4553 4737 4771 4855 4990 5119 5151 5248 5256 5274 5407 5472 5550 5569 5659 5740 5828 5910 5966 6010 6099 6168 6218 6225 6426 6429 6444 6597 6655 6726 6809 6970 6993 7067 7218 7227 7336 7339 7454 7599 7647 7782 7842 7943 7992 8045 8068 8154 8272 8416 8461 8579 8661 8704 8886 8996 9018 9156 9167 9229 9311 9407 9449 9492 9572 9650 9707 9787 9812 9887 9954 10107 10110 10281 10326 10359 10495 10563 10633 10728 10741 10860 10939 11002 11046 11140 
S 1: 0 | 27 154 264 295 356 359 461 487 631 635 688 818 828 923 1076 1244 1307 1337 1365 1423 1480 1510 1578 1650 1667 1780 1805 1832 1920 1938 2096 2139 2182 2187 2313 2458 2459 2498 2533 2603 2640 2718 2726 2808 2847 2940 3080 3094 3188 3409 3432 3550 3598 3655 3688 3835 3961 3998 4148 4220 4287 4365 4452 4499 4553 4737 4771 4855 4990 5119 5151 5248 5256 5274 5407 5472 5550 5569 5659 5740 5828 5910 5966 6010 6099 6168 6218 6225 6426 6429 6444 6597 6655 6726 6809 6970 6993 7067 7218 7227 7336 7339 7454 7599 7647 7782 7842 7943 7992 8045 8068 8154 8272 8416 8461 8579 8661 8704 8886 8996 9018 9156 9167 9229 9311 9407 9449 9492 9572 9650 9707 9787 9812 9887 9954 10107 10110 10281 10326 10359 10495 10563 10633 10728 10741 10860 10939 11002 11046 11140 
S 2: 0 | 27 154 264 295 356 359 461 487 631 635 688 818 828 923 1076 1244 1307 1337 1365 1423 1480 1510 1578 1650 1667 1780 1805 1832 1920 1938 2096 2139 2182 2187 2313 2458 2459 2498 2533 2603 2640 2718 2726 2808 2847 2940 3080 3094 3188 3409 3432 3550 3598 3655 3688 3835 3961 3998 4148 4220 4287 4365 4452 4499 4553 4737 4771 4855 4990 5119 5151 5248 5256 5274 5407 5472 5550 5569 5659 5740 5828 5910 5966 6010 6099 6168 6218 6225 6426 6429 6444 6597 6655 6726 6809 6970 6993 7067 7218 7227 7336 7339 7454 7599 7647 7782 7842 7943 7992 8045 8068 8154 8272 8416 8461 8579 8661 8704 8886 8996 9018 9156 9167 9229 9311 9407 9449 9492 9572 9650 9707 9787 9812 9887 9954 10107 10110 10281 10326 10359 10495 10563 10633 10728 10741 10860 10939 11002 11046 11140 
S 3: 0 | 27 154 264 295 356 359 461 487 631 635 688 818 828 923 1076 1244 1307 1337 1365 1423 1480 1510 1578 1650 1667 1780 1805 1832 1920 1938 2096 2139 2182 2187 2313 2458 2459 2498 2533 2603 2640 2718 2726 2808 2847 2940 3080 3094 3188 3409 3432 3550 3598 3655 3688 3835 3961 3998 4148 4220 4287 4365 4452 4499 4553 4737 4771 4855 4990 5119 5151 5248 5256 5274 5407 5472 5550 5569 5659 5740 5828 5910 5966 6010 6099 6168 6218 6225 6426 6429 6444 6597 6655 6726 6809 6970 6993 7067 7218 7227 7336 7339 7454 7599 7647 7782 7842 7943 7992 8045 8068 8154 8272 8416 8461 8579 8661 8704 8886 8996 9018 9156 9167 9229 9311 9407 9449 9492 9572 9650 9707 9787 9812 9887 9954 10107 10110 10281 10326 10359 10495 10563 10633 10728 10741 10860 10939 11002 11046 11140 
S 4: 0 | 27 154 264 295 356 359 461 487 631 635 688 818 828 923 1076 1244 1307 1337 1365 1423 1480 1510 1578 1650 1667 1780 1805 1832 1920 1938 2096 2139 2182 2187 2313 2458 2459 2498 2533 2603 2640 2718 2726 2808 2847 2940 3080 3094 3188 3409 3432 3550 3598 3655 3688 3835 3961 3998 4148 4220 4287 4365 4452 4499 4553 4737 4771 4855 4990 5119 5151 5248 5256 5274 5407 5472 5550 5569 5659 5740 5828 5910 5966 6010 6099 6168 6218 6225 6426 6429 6444 6597 6655 6726 6809 6970 6993 7067 7218 7227 7336 7339 7454 7599 7647 7782 7842 7943 7992 8045 8068 8154 8272 8416 8461 8579 8661 8704 8886 8996 9018 9156 9167 9229 9311 9407 9449 9492 9572 9650 9707 9787 9812 9887 9954 10107 10110 10281 10326 10359 10495 10563 10633 10728 10741 10860 10939 11002 11046 11140 
ALL EQUAL

Final time = 4060.25
Final solution cost = 6610
