Reading instance small_stp_instances/ch150_5_03.stp of type D
Finished instance reading
Number of vertices = 150
Number of edges (resources) = 11175
Number of scenarios = 5
Average number of terminals per scenario = 150
Probabilities of Scenarios: (0) 0.2 | (1) 0.4 | (2) 0.04 | (3) 0.07 | (4) 0.29 | 
Average weighted inflation = 0.148561
Largest inflation = 0.299832
MAX_ITERATIONS_SINCE_LAST_IMPROVEMENT 2
MAX_ITERATIONS_SINCE_BEST_SOLUTION 3
Creating solution instance.
Starting Evolutive Framework.
Local search solution cost = 6488.31
Local search time = 5620.28
5620.28 local search - EF main loop cycle 0 solution cost 6488.31
5620.29s Cost of SP solution after second stage solver 6488.31
Local search solution cost = 6475
Local search time = 275.809
5896.1 local search - EF main loop cycle 1 solution cost 6475
5896.11s Cost of SP solution after second stage solver 6475
Local search solution cost = 6475
Local search time = 275.905
6172.02 local search - EF main loop cycle 2 solution cost 6475
6172.03s Cost of SP solution after second stage solver 6475
Local search solution cost = 6475
Local search time = 275.845
6447.87 local search - EF main loop cycle 3 solution cost 6475
6447.88s Cost of SP solution after second stage solver 6475
Number of cycles 4
Time for each cycle 1611.97
6447.89s Cost of SP solution after tail step 6475
SELECTED RESOURCES:
27 154 264 295 356 359 461 487 631 635 688 828 1244 1365 1480 1578 1580 1650 1668 1780 1805 1832 1920 1938 1996 2096 2139 2182 2187 2313 2458 2459 2498 2533 2603 2640 2718 2726 2808 2847 2940 2946 3061 3094 3188 3376 3409 3432 3550 3598 3655 3688 3835 3961 3971 4140 4148 4220 4237 4287 4365 4452 4499 4553 4656 4771 4855 4990 5232 5248 5256 5274 5388 5472 5550 5569 5659 5740 5772 5820 5828 5910 5966 6010 6099 6168 6218 6225 6426 6429 6444 6566 6655 6809 6838 6970 6993 7062 7067 7218 7227 7336 7339 7411 7454 7599 7647 7782 7801 7913 7943 8045 8068 8154 8244 8272 8416 8579 8660 8722 8908 8980 8996 9156 9229 9311 9369 9449 9492 9499 9650 9707 9787 9812 9887 9954 10107 10110 10431 10439 10465 10563 10633 10728 10741 10860 10939 11002 11046 11140 
SCENARIO'S RESOURCES:
S 0: 0 | 27 154 264 295 356 359 461 487 631 635 688 828 1244 1365 1480 1578 1580 1650 1668 1780 1805 1832 1920 1938 1996 2096 2139 2182 2187 2313 2458 2459 2498 2533 2603 2640 2718 2726 2808 2847 2940 2946 3061 3094 3188 3376 3409 3432 3550 3598 3655 3688 3835 3961 3971 4140 4148 4220 4237 4287 4365 4452 4499 4553 4656 4771 4855 4990 5232 5248 5256 5274 5388 5472 5550 5569 5659 5740 5772 5820 5828 5910 5966 6010 6099 6168 6218 6225 6426 6429 6444 6566 6655 6809 6838 6970 6993 7062 7067 7218 7227 7336 7339 7411 7454 7599 7647 7782 7801 7913 7943 8045 8068 8154 8244 8272 8416 8579 8660 8722 8908 8980 8996 9156 9229 9311 9369 9449 9492 9499 9650 9707 9787 9812 9887 9954 10107 10110 10431 10439 10465 10563 10633 10728 10741 10860 10939 11002 11046 11140 
S 1: 0 | 27 154 264 295 356 359 461 487 631 635 688 828 1244 1365 1480 1578 1580 1650 1668 1780 1805 1832 1920 1938 1996 2096 2139 2182 2187 2313 2458 2459 2498 2533 2603 2640 2718 2726 2808 2847 2940 2946 3061 3094 3188 3376 3409 3432 3550 3598 3655 3688 3835 3961 3971 4140 4148 4220 4237 4287 4365 4452 4499 4553 4656 4771 4855 4990 5232 5248 5256 5274 5388 5472 5550 5569 5659 5740 5772 5820 5828 5910 5966 6010 6099 6168 6218 6225 6426 6429 6444 6566 6655 6809 6838 6970 6993 7062 7067 7218 7227 7336 7339 7411 7454 7599 7647 7782 7801 7913 7943 8045 8068 8154 8244 8272 8416 8579 8660 8722 8908 8980 8996 9156 9229 9311 9369 9449 9492 9499 9650 9707 9787 9812 9887 9954 10107 10110 10431 10439 10465 10563 10633 10728 10741 10860 10939 11002 11046 11140 
S 2: 0 | 27 154 264 295 356 359 461 487 631 635 688 828 1244 1365 1480 1578 1580 1650 1668 1780 1805 1832 1920 1938 1996 2096 2139 2182 2187 2313 2458 2459 2498 2533 2603 2640 2718 2726 2808 2847 2940 2946 3061 3094 3188 3376 3409 3432 3550 3598 3655 3688 3835 3961 3971 4140 4148 4220 4237 4287 4365 4452 4499 4553 4656 4771 4855 4990 5232 5248 5256 5274 5388 5472 5550 5569 5659 5740 5772 5820 5828 5910 5966 6010 6099 6168 6218 6225 6426 6429 6444 6566 6655 6809 6838 6970 6993 7062 7067 7218 7227 7336 7339 7411 7454 7599 7647 7782 7801 7913 7943 8045 8068 8154 8244 8272 8416 8579 8660 8722 8908 8980 8996 9156 9229 9311 9369 9449 9492 9499 9650 9707 9787 9812 9887 9954 10107 10110 10431 10439 10465 10563 10633 10728 10741 10860 10939 11002 11046 11140 
S 3: 0 | 27 154 264 295 356 359 461 487 631 635 688 828 1244 1365 1480 1578 1580 1650 1668 1780 1805 1832 1920 1938 1996 2096 2139 2182 2187 2313 2458 2459 2498 2533 2603 2640 2718 2726 2808 2847 2940 2946 3061 3094 3188 3376 3409 3432 3550 3598 3655 3688 3835 3961 3971 4140 4148 4220 4237 4287 4365 4452 4499 4553 4656 4771 4855 4990 5232 5248 5256 5274 5388 5472 5550 5569 5659 5740 5772 5820 5828 5910 5966 6010 6099 6168 6218 6225 6426 6429 6444 6566 6655 6809 6838 6970 6993 7062 7067 7218 7227 7336 7339 7411 7454 7599 7647 7782 7801 7913 7943 8045 8068 8154 8244 8272 8416 8579 8660 8722 8908 8980 8996 9156 9229 9311 9369 9449 9492 9499 9650 9707 9787 9812 9887 9954 10107 10110 10431 10439 10465 10563 10633 10728 10741 10860 10939 11002 11046 11140 
S 4: 0 | 27 154 264 295 356 359 461 487 631 635 688 828 1244 1365 1480 1578 1580 1650 1668 1780 1805 1832 1920 1938 1996 2096 2139 2182 2187 2313 2458 2459 2498 2533 2603 2640 2718 2726 2808 2847 2940 2946 3061 3094 3188 3376 3409 3432 3550 3598 3655 3688 3835 3961 3971 4140 4148 4220 4237 4287 4365 4452 4499 4553 4656 4771 4855 4990 5232 5248 5256 5274 5388 5472 5550 5569 5659 5740 5772 5820 5828 5910 5966 6010 6099 6168 6218 6225 6426 6429 6444 6566 6655 6809 6838 6970 6993 7062 7067 7218 7227 7336 7339 7411 7454 7599 7647 7782 7801 7913 7943 8045 8068 8154 8244 8272 8416 8579 8660 8722 8908 8980 8996 9156 9229 9311 9369 9449 9492 9499 9650 9707 9787 9812 9887 9954 10107 10110 10431 10439 10465 10563 10633 10728 10741 10860 10939 11002 11046 11140 
ALL EQUAL

Final time = 6447.92
Final solution cost = 6475
