Reading instance small_stp_instances/ch150_5_10.stp of type D
Finished instance reading
Number of vertices = 150
Number of edges (resources) = 11175
Number of scenarios = 5
Average number of terminals per scenario = 150
Probabilities of Scenarios: (0) 0.03 | (1) 0.06 | (2) 0.3 | (3) 0.33 | (4) 0.28 | 
Average weighted inflation = 0.496614
Largest inflation = 0.998555
MAX_ITERATIONS_SINCE_LAST_IMPROVEMENT 2
MAX_ITERATIONS_SINCE_BEST_SOLUTION 3
Creating solution instance.
Starting Evolutive Framework.
Local search solution cost = 6877.04
Local search time = 4452.68
4452.68 local search - EF main loop cycle 0 solution cost 6877.04
4452.74s Cost of SP solution after second stage solver 6877.04
Local search solution cost = 6775
Local search time = 294.131
4746.87 local search - EF main loop cycle 1 solution cost 6775
4746.88s Cost of SP solution after second stage solver 6775
Local search solution cost = 6775
Local search time = 290.613
5037.49 local search - EF main loop cycle 2 solution cost 6775
5037.51s Cost of SP solution after second stage solver 6775
Local search solution cost = 6775
Local search time = 290.58
5328.08 local search - EF main loop cycle 3 solution cost 6775
5328.1s Cost of SP solution after second stage solver 6775
Number of cycles 4
Time for each cycle 1332.02
5328.11s Cost of SP solution after tail step 6775
SELECTED RESOURCES:
27 33 38 154 264 295 356 461 487 605 631 638 688 847 923 1076 1244 1307 1337 1365 1423 1510 1578 1580 1645 1727 1805 1832 1920 1938 1965 2070 2096 2176 2187 2338 2458 2459 2498 2533 2603 2718 2726 2808 2847 2940 2984 3061 3094 3188 3240 3385 3409 3432 3598 3655 3835 3961 3998 4148 4365 4452 4499 4553 4689 4771 4855 4988 5237 5248 5256 5274 5388 5472 5550 5569 5659 5740 5756 5820 5828 5910 5966 6010 6099 6168 6225 6303 6426 6429 6444 6592 6655 6710 6809 6970 6993 7067 7218 7233 7336 7339 7411 7454 7537 7595 7647 7801 7842 7943 7992 8045 8068 8154 8315 8461 8599 8660 8661 8908 8960 8980 9118 9156 9281 9311 9407 9449 9492 9572 9656 9707 9784 9787 9887 9954 10107 10110 10281 10439 10495 10536 10633 10729 10741 10860 10939 11002 11046 11140 
SCENARIO'S RESOURCES:
S 0: 0 | 27 33 38 154 264 295 356 461 487 605 631 638 688 847 923 1076 1244 1307 1337 1365 1423 1510 1578 1580 1645 1727 1805 1832 1920 1938 1965 2070 2096 2176 2187 2338 2458 2459 2498 2533 2603 2718 2726 2808 2847 2940 2984 3061 3094 3188 3240 3385 3409 3432 3598 3655 3835 3961 3998 4148 4365 4452 4499 4553 4689 4771 4855 4988 5237 5248 5256 5274 5388 5472 5550 5569 5659 5740 5756 5820 5828 5910 5966 6010 6099 6168 6225 6303 6426 6429 6444 6592 6655 6710 6809 6970 6993 7067 7218 7233 7336 7339 7411 7454 7537 7595 7647 7801 7842 7943 7992 8045 8068 8154 8315 8461 8599 8660 8661 8908 8960 8980 9118 9156 9281 9311 9407 9449 9492 9572 9656 9707 9784 9787 9887 9954 10107 10110 10281 10439 10495 10536 10633 10729 10741 10860 10939 11002 11046 11140 
S 1: 0 | 27 33 38 154 264 295 356 461 487 605 631 638 688 847 923 1076 1244 1307 1337 1365 1423 1510 1578 1580 1645 1727 1805 1832 1920 1938 1965 2070 2096 2176 2187 2338 2458 2459 2498 2533 2603 2718 2726 2808 2847 2940 2984 3061 3094 3188 3240 3385 3409 3432 3598 3655 3835 3961 3998 4148 4365 4452 4499 4553 4689 4771 4855 4988 5237 5248 5256 5274 5388 5472 5550 5569 5659 5740 5756 5820 5828 5910 5966 6010 6099 6168 6225 6303 6426 6429 6444 6592 6655 6710 6809 6970 6993 7067 7218 7233 7336 7339 7411 7454 7537 7595 7647 7801 7842 7943 7992 8045 8068 8154 8315 8461 8599 8660 8661 8908 8960 8980 9118 9156 9281 9311 9407 9449 9492 9572 9656 9707 9784 9787 9887 9954 10107 10110 10281 10439 10495 10536 10633 10729 10741 10860 10939 11002 11046 11140 
S 2: 0 | 27 33 38 154 264 295 356 461 487 605 631 638 688 847 923 1076 1244 1307 1337 1365 1423 1510 1578 1580 1645 1727 1805 1832 1920 1938 1965 2070 2096 2176 2187 2338 2458 2459 2498 2533 2603 2718 2726 2808 2847 2940 2984 3061 3094 3188 3240 3385 3409 3432 3598 3655 3835 3961 3998 4148 4365 4452 4499 4553 4689 4771 4855 4988 5237 5248 5256 5274 5388 5472 5550 5569 5659 5740 5756 5820 5828 5910 5966 6010 6099 6168 6225 6303 6426 6429 6444 6592 6655 6710 6809 6970 6993 7067 7218 7233 7336 7339 7411 7454 7537 7595 7647 7801 7842 7943 7992 8045 8068 8154 8315 8461 8599 8660 8661 8908 8960 8980 9118 9156 9281 9311 9407 9449 9492 9572 9656 9707 9784 9787 9887 9954 10107 10110 10281 10439 10495 10536 10633 10729 10741 10860 10939 11002 11046 11140 
S 3: 0 | 27 33 38 154 264 295 356 461 487 605 631 638 688 847 923 1076 1244 1307 1337 1365 1423 1510 1578 1580 1645 1727 1805 1832 1920 1938 1965 2070 2096 2176 2187 2338 2458 2459 2498 2533 2603 2718 2726 2808 2847 2940 2984 3061 3094 3188 3240 3385 3409 3432 3598 3655 3835 3961 3998 4148 4365 4452 4499 4553 4689 4771 4855 4988 5237 5248 5256 5274 5388 5472 5550 5569 5659 5740 5756 5820 5828 5910 5966 6010 6099 6168 6225 6303 6426 6429 6444 6592 6655 6710 6809 6970 6993 7067 7218 7233 7336 7339 7411 7454 7537 7595 7647 7801 7842 7943 7992 8045 8068 8154 8315 8461 8599 8660 8661 8908 8960 8980 9118 9156 9281 9311 9407 9449 9492 9572 9656 9707 9784 9787 9887 9954 10107 10110 10281 10439 10495 10536 10633 10729 10741 10860 10939 11002 11046 11140 
S 4: 0 | 27 33 38 154 264 295 356 461 487 605 631 638 688 847 923 1076 1244 1307 1337 1365 1423 1510 1578 1580 1645 1727 1805 1832 1920 1938 1965 2070 2096 2176 2187 2338 2458 2459 2498 2533 2603 2718 2726 2808 2847 2940 2984 3061 3094 3188 3240 3385 3409 3432 3598 3655 3835 3961 3998 4148 4365 4452 4499 4553 4689 4771 4855 4988 5237 5248 5256 5274 5388 5472 5550 5569 5659 5740 5756 5820 5828 5910 5966 6010 6099 6168 6225 6303 6426 6429 6444 6592 6655 6710 6809 6970 6993 7067 7218 7233 7336 7339 7411 7454 7537 7595 7647 7801 7842 7943 7992 8045 8068 8154 8315 8461 8599 8660 8661 8908 8960 8980 9118 9156 9281 9311 9407 9449 9492 9572 9656 9707 9784 9787 9887 9954 10107 10110 10281 10439 10495 10536 10633 10729 10741 10860 10939 11002 11046 11140 
ALL EQUAL

Final time = 5328.13
Final solution cost = 6775
