Reading instance small_stp_instances/ch150_10_03.stp of type D
Finished instance reading
Number of vertices = 150
Number of edges (resources) = 11175
Number of scenarios = 10
Average number of terminals per scenario = 150
Probabilities of Scenarios: (0) 0.12 | (1) 0.15 | (2) 0.12 | (3) 0 | (4) 0.18 | (5) 0.11 | (6) 0 | (7) 0.11 | (8) 0.17 | (9) 0.04 | 
Average weighted inflation = 0.1478
Largest inflation = 0.299754
MAX_ITERATIONS_SINCE_LAST_IMPROVEMENT 2
MAX_ITERATIONS_SINCE_BEST_SOLUTION 3
Creating solution instance.
Starting Evolutive Framework.
Local search solution cost = 6505.5
Local search time = 9496.3
9496.3 local search - EF main loop cycle 0 solution cost 6505.5
9496.34s Cost of SP solution after second stage solver 6505.5
Local search solution cost = 6498
Local search time = 551.825
10048.2 local search - EF main loop cycle 1 solution cost 6498
10048.2s Cost of SP solution after second stage solver 6498
Local search solution cost = 6498
Local search time = 549.809
10598 local search - EF main loop cycle 2 solution cost 6498
10598s Cost of SP solution after second stage solver 6498
Local search solution cost = 6498
Local search time = 550.351
11148.4 local search - EF main loop cycle 3 solution cost 6498
11148.4s Cost of SP solution after second stage solver 6498
Number of cycles 4
Time for each cycle 2787.1
11148.4s Cost of SP solution after tail step 6498
SELECTED RESOURCES:
27 154 264 295 356 359 461 487 631 635 688 828 949 1244 1307 1365 1480 1510 1578 1580 1650 1668 1780 1805 1832 1920 1938 1996 2096 2139 2182 2187 2313 2458 2533 2603 2640 2718 2726 2808 2847 2940 2946 3061 3094 3152 3188 3409 3432 3550 3598 3655 3688 3835 3961 3998 4140 4148 4220 4287 4365 4452 4499 4553 4656 4771 4855 4990 5232 5248 5256 5274 5407 5472 5550 5569 5659 5740 5772 5820 5828 5910 5966 6010 6099 6168 6218 6225 6426 6429 6511 6566 6655 6809 6838 6970 6993 7062 7067 7218 7227 7273 7336 7454 7599 7647 7782 7842 7913 7943 8045 8068 8154 8244 8272 8416 8579 8660 8722 8908 8980 8996 9156 9167 9229 9311 9369 9449 9492 9499 9650 9707 9787 9812 9887 9954 10107 10110 10326 10439 10495 10563 10633 10728 10741 10860 10939 11002 11046 11140 
SCENARIO'S RESOURCES:
S 0: 0 | 27 154 264 295 356 359 461 487 631 635 688 828 949 1244 1307 1365 1480 1510 1578 1580 1650 1668 1780 1805 1832 1920 1938 1996 2096 2139 2182 2187 2313 2458 2533 2603 2640 2718 2726 2808 2847 2940 2946 3061 3094 3152 3188 3409 3432 3550 3598 3655 3688 3835 3961 3998 4140 4148 4220 4287 4365 4452 4499 4553 4656 4771 4855 4990 5232 5248 5256 5274 5407 5472 5550 5569 5659 5740 5772 5820 5828 5910 5966 6010 6099 6168 6218 6225 6426 6429 6511 6566 6655 6809 6838 6970 6993 7062 7067 7218 7227 7273 7336 7454 7599 7647 7782 7842 7913 7943 8045 8068 8154 8244 8272 8416 8579 8660 8722 8908 8980 8996 9156 9167 9229 9311 9369 9449 9492 9499 9650 9707 9787 9812 9887 9954 10107 10110 10326 10439 10495 10563 10633 10728 10741 10860 10939 11002 11046 11140 
S 1: 0 | 27 154 264 295 356 359 461 487 631 635 688 828 949 1244 1307 1365 1480 1510 1578 1580 1650 1668 1780 1805 1832 1920 1938 1996 2096 2139 2182 2187 2313 2458 2533 2603 2640 2718 2726 2808 2847 2940 2946 3061 3094 3152 3188 3409 3432 3550 3598 3655 3688 3835 3961 3998 4140 4148 4220 4287 4365 4452 4499 4553 4656 4771 4855 4990 5232 5248 5256 5274 5407 5472 5550 5569 5659 5740 5772 5820 5828 5910 5966 6010 6099 6168 6218 6225 6426 6429 6511 6566 6655 6809 6838 6970 6993 7062 7067 7218 7227 7273 7336 7454 7599 7647 7782 7842 7913 7943 8045 8068 8154 8244 8272 8416 8579 8660 8722 8908 8980 8996 9156 9167 9229 9311 9369 9449 9492 9499 9650 9707 9787 9812 9887 9954 10107 10110 10326 10439 10495 10563 10633 10728 10741 10860 10939 11002 11046 11140 
S 2: 0 | 27 154 264 295 356 359 461 487 631 635 688 828 949 1244 1307 1365 1480 1510 1578 1580 1650 1668 1780 1805 1832 1920 1938 1996 2096 2139 2182 2187 2313 2458 2533 2603 2640 2718 2726 2808 2847 2940 2946 3061 3094 3152 3188 3409 3432 3550 3598 3655 3688 3835 3961 3998 4140 4148 4220 4287 4365 4452 4499 4553 4656 4771 4855 4990 5232 5248 5256 5274 5407 5472 5550 5569 5659 5740 5772 5820 5828 5910 5966 6010 6099 6168 6218 6225 6426 6429 6511 6566 6655 6809 6838 6970 6993 7062 7067 7218 7227 7273 7336 7454 7599 7647 7782 7842 7913 7943 8045 8068 8154 8244 8272 8416 8579 8660 8722 8908 8980 8996 9156 9167 9229 9311 9369 9449 9492 9499 9650 9707 9787 9812 9887 9954 10107 10110 10326 10439 10495 10563 10633 10728 10741 10860 10939 11002 11046 11140 
S 3: 0 | 27 154 264 295 356 359 461 487 631 635 688 828 949 1244 1307 1365 1480 1510 1578 1580 1650 1668 1780 1805 1832 1920 1938 1996 2096 2139 2182 2187 2313 2458 2533 2603 2640 2718 2726 2808 2847 2940 2946 3061 3094 3152 3188 3409 3432 3550 3598 3655 3688 3835 3961 3998 4140 4148 4220 4287 4365 4452 4499 4553 4656 4771 4855 4990 5232 5248 5256 5274 5407 5472 5550 5569 5659 5740 5772 5820 5828 5910 5966 6010 6099 6168 6218 6225 6426 6429 6511 6566 6655 6809 6838 6970 6993 7062 7067 7218 7227 7273 7336 7454 7599 7647 7782 7842 7913 7943 8045 8068 8154 8244 8272 8416 8579 8660 8722 8908 8980 8996 9156 9167 9229 9311 9369 9449 9492 9499 9650 9707 9787 9812 9887 9954 10107 10110 10326 10439 10495 10563 10633 10728 10741 10860 10939 11002 11046 11140 
S 4: 0 | 27 154 264 295 356 359 461 487 631 635 688 828 949 1244 1307 1365 1480 1510 1578 1580 1650 1668 1780 1805 1832 1920 1938 1996 2096 2139 2182 2187 2313 2458 2533 2603 2640 2718 2726 2808 2847 2940 2946 3061 3094 3152 3188 3409 3432 3550 3598 3655 3688 3835 3961 3998 4140 4148 4220 4287 4365 4452 4499 4553 4656 4771 4855 4990 5232 5248 5256 5274 5407 5472 5550 5569 5659 5740 5772 5820 5828 5910 5966 6010 6099 6168 6218 6225 6426 6429 6511 6566 6655 6809 6838 6970 6993 7062 7067 7218 7227 7273 7336 7454 7599 7647 7782 7842 7913 7943 8045 8068 8154 8244 8272 8416 8579 8660 8722 8908 8980 8996 9156 9167 9229 9311 9369 9449 9492 9499 9650 9707 9787 9812 9887 9954 10107 10110 10326 10439 10495 10563 10633 10728 10741 10860 10939 11002 11046 11140 
S 5: 0 | 27 154 264 295 356 359 461 487 631 635 688 828 949 1244 1307 1365 1480 1510 1578 1580 1650 1668 1780 1805 1832 1920 1938 1996 2096 2139 2182 2187 2313 2458 2533 2603 2640 2718 2726 2808 2847 2940 2946 3061 3094 3152 3188 3409 3432 3550 3598 3655 3688 3835 3961 3998 4140 4148 4220 4287 4365 4452 4499 4553 4656 4771 4855 4990 5232 5248 5256 5274 5407 5472 5550 5569 5659 5740 5772 5820 5828 5910 5966 6010 6099 6168 6218 6225 6426 6429 6511 6566 6655 6809 6838 6970 6993 7062 7067 7218 7227 7273 7336 7454 7599 7647 7782 7842 7913 7943 8045 8068 8154 8244 8272 8416 8579 8660 8722 8908 8980 8996 9156 9167 9229 9311 9369 9449 9492 9499 9650 9707 9787 9812 9887 9954 10107 10110 10326 10439 10495 10563 10633 10728 10741 10860 10939 11002 11046 11140 
S 6: 0 | 27 154 264 295 356 359 461 487 631 635 688 828 949 1244 1307 1365 1480 1510 1578 1580 1650 1668 1780 1805 1832 1920 1938 1996 2096 2139 2182 2187 2313 2458 2533 2603 2640 2718 2726 2808 2847 2940 2946 3061 3094 3152 3188 3409 3432 3550 3598 3655 3688 3835 3961 3998 4140 4148 4220 4287 4365 4452 4499 4553 4656 4771 4855 4990 5232 5248 5256 5274 5407 5472 5550 5569 5659 5740 5772 5820 5828 5910 5966 6010 6099 6168 6218 6225 6426 6429 6511 6566 6655 6809 6838 6970 6993 7062 7067 7218 7227 7273 7336 7454 7599 7647 7782 7842 7913 7943 8045 8068 8154 8244 8272 8416 8579 8660 8722 8908 8980 8996 9156 9167 9229 9311 9369 9449 9492 9499 9650 9707 9787 9812 9887 9954 10107 10110 10326 10439 10495 10563 10633 10728 10741 10860 10939 11002 11046 11140 
S 7: 0 | 27 154 264 295 356 359 461 487 631 635 688 828 949 1244 1307 1365 1480 1510 1578 1580 1650 1668 1780 1805 1832 1920 1938 1996 2096 2139 2182 2187 2313 2458 2533 2603 2640 2718 2726 2808 2847 2940 2946 3061 3094 3152 3188 3409 3432 3550 3598 3655 3688 3835 3961 3998 4140 4148 4220 4287 4365 4452 4499 4553 4656 4771 4855 4990 5232 5248 5256 5274 5407 5472 5550 5569 5659 5740 5772 5820 5828 5910 5966 6010 6099 6168 6218 6225 6426 6429 6511 6566 6655 6809 6838 6970 6993 7062 7067 7218 7227 7273 7336 7454 7599 7647 7782 7842 7913 7943 8045 8068 8154 8244 8272 8416 8579 8660 8722 8908 8980 8996 9156 9167 9229 9311 9369 9449 9492 9499 9650 9707 9787 9812 9887 9954 10107 10110 10326 10439 10495 10563 10633 10728 10741 10860 10939 11002 11046 11140 
S 8: 0 | 27 154 264 295 356 359 461 487 631 635 688 828 949 1244 1307 1365 1480 1510 1578 1580 1650 1668 1780 1805 1832 1920 1938 1996 2096 2139 2182 2187 2313 2458 2533 2603 2640 2718 2726 2808 2847 2940 2946 3061 3094 3152 3188 3409 3432 3550 3598 3655 3688 3835 3961 3998 4140 4148 4220 4287 4365 4452 4499 4553 4656 4771 4855 4990 5232 5248 5256 5274 5407 5472 5550 5569 5659 5740 5772 5820 5828 5910 5966 6010 6099 6168 6218 6225 6426 6429 6511 6566 6655 6809 6838 6970 6993 7062 7067 7218 7227 7273 7336 7454 7599 7647 7782 7842 7913 7943 8045 8068 8154 8244 8272 8416 8579 8660 8722 8908 8980 8996 9156 9167 9229 9311 9369 9449 9492 9499 9650 9707 9787 9812 9887 9954 10107 10110 10326 10439 10495 10563 10633 10728 10741 10860 10939 11002 11046 11140 
S 9: 0 | 27 154 264 295 356 359 461 487 631 635 688 828 949 1244 1307 1365 1480 1510 1578 1580 1650 1668 1780 1805 1832 1920 1938 1996 2096 2139 2182 2187 2313 2458 2533 2603 2640 2718 2726 2808 2847 2940 2946 3061 3094 3152 3188 3409 3432 3550 3598 3655 3688 3835 3961 3998 4140 4148 4220 4287 4365 4452 4499 4553 4656 4771 4855 4990 5232 5248 5256 5274 5407 5472 5550 5569 5659 5740 5772 5820 5828 5910 5966 6010 6099 6168 6218 6225 6426 6429 6511 6566 6655 6809 6838 6970 6993 7062 7067 7218 7227 7273 7336 7454 7599 7647 7782 7842 7913 7943 8045 8068 8154 8244 8272 8416 8579 8660 8722 8908 8980 8996 9156 9167 9229 9311 9369 9449 9492 9499 9650 9707 9787 9812 9887 9954 10107 10110 10326 10439 10495 10563 10633 10728 10741 10860 10939 11002 11046 11140 
ALL EQUAL

Final time = 11148.5
Final solution cost = 6498
