Reading instance small_stp_instances/d198_5_03.stp of type D
Finished instance reading
Number of vertices = 198
Number of edges (resources) = 19503
Number of scenarios = 5
Average number of terminals per scenario = 198
Probabilities of Scenarios: (0) 0.34 | (1) 0.09 | (2) 0.34 | (3) 0.16 | (4) 0.07 | 
Average weighted inflation = 0.148332
Largest inflation = 0.299898
MAX_ITERATIONS_SINCE_LAST_IMPROVEMENT 2
MAX_ITERATIONS_SINCE_BEST_SOLUTION 3
Creating solution instance.
Starting Evolutive Framework.
Local search solution cost = 15832.7
Local search time = 61541.3
61541.3 local search - EF main loop cycle 0 solution cost 15832.7
61541.4s Cost of SP solution after second stage solver 15832.7
Local search solution cost = 15783
Local search time = 792.056
62333.4 local search - EF main loop cycle 1 solution cost 15783
62333.4s Cost of SP solution after second stage solver 15783
Local search solution cost = 15783
Local search time = 784.941
63118.4 local search - EF main loop cycle 2 solution cost 15783
63118.4s Cost of SP solution after second stage solver 15783
Local search solution cost = 15783
Local search time = 785.205
63903.6 local search - EF main loop cycle 3 solution cost 15783
63903.6s Cost of SP solution after second stage solver 15783
Number of cycles 4
Time for each cycle 15975.9
63903.6s Cost of SP solution after tail step 15783
SELECTED RESOURCES:
0 1 5 9 16 20 26 35 44 54 65 77 104 119 135 152 170 189 209 252 273 299 324 346 350 400 433 434 495 555 560 627 661 665 696 737 745 754 792 860 902 983 1073 1115 1175 1271 1274 1320 1371 1422 1474 1528 1582 1652 1708 1765 1823 1882 1939 2002 2067 2140 2204 2269 2335 2412 2483 2552 2625 2693 2762 2925 2989 3002 3065 3159 3224 3235 3314 3394 3402 3475 3557 3640 3738 4004 4084 4185 4370 4464 4554 4559 4648 4743 4752 4839 4840 4935 4936 5042 5150 5252 5355 5447 5670 5885 5994 6101 6104 6210 6327 6432 6440 6544 6785 6902 7020 7139 7255 7374 7380 7500 7749 8254 8510 8514 8775 8909 9043 9173 9179 9439 9447 9575 9724 9869 10151 10152 10289 10439 10726 10730 11023 11025 11170 11324 11623 11627 11766 11934 12089 12245 12402 12560 12719 12879 13031 13040 13191 13365 13529 13694 13802 14027 14152 14153 14322 14323 14492 14671 14705 15050 15224 15397 15574 16108 16286 16457 16465 16648 16651 16832 17014 17019 17577 17743 17954 18142 18144 18331 18521 18527 18706 18914 19100 19305 19500 19502 
SCENARIO'S RESOURCES:
S 0: 0 | 0 1 5 9 16 20 26 35 44 54 65 77 104 119 135 152 170 189 209 252 273 299 324 346 350 400 433 434 495 555 560 627 661 665 696 737 745 754 792 860 902 983 1073 1115 1175 1271 1274 1320 1371 1422 1474 1528 1582 1652 1708 1765 1823 1882 1939 2002 2067 2140 2204 2269 2335 2412 2483 2552 2625 2693 2762 2925 2989 3002 3065 3159 3224 3235 3314 3394 3402 3475 3557 3640 3738 4004 4084 4185 4370 4464 4554 4559 4648 4743 4752 4839 4840 4935 4936 5042 5150 5252 5355 5447 5670 5885 5994 6101 6104 6210 6327 6432 6440 6544 6785 6902 7020 7139 7255 7374 7380 7500 7749 8254 8510 8514 8775 8909 9043 9173 9179 9439 9447 9575 9724 9869 10151 10152 10289 10439 10726 10730 11023 11025 11170 11324 11623 11627 11766 11934 12089 12245 12402 12560 12719 12879 13031 13040 13191 13365 13529 13694 13802 14027 14152 14153 14322 14323 14492 14671 14705 15050 15224 15397 15574 16108 16286 16457 16465 16648 16651 16832 17014 17019 17577 17743 17954 18142 18144 18331 18521 18527 18706 18914 19100 19305 19500 19502 
S 1: 0 | 0 1 5 9 16 20 26 35 44 54 65 77 104 119 135 152 170 189 209 252 273 299 324 346 350 400 433 434 495 555 560 627 661 665 696 737 745 754 792 860 902 983 1073 1115 1175 1271 1274 1320 1371 1422 1474 1528 1582 1652 1708 1765 1823 1882 1939 2002 2067 2140 2204 2269 2335 2412 2483 2552 2625 2693 2762 2925 2989 3002 3065 3159 3224 3235 3314 3394 3402 3475 3557 3640 3738 4004 4084 4185 4370 4464 4554 4559 4648 4743 4752 4839 4840 4935 4936 5042 5150 5252 5355 5447 5670 5885 5994 6101 6104 6210 6327 6432 6440 6544 6785 6902 7020 7139 7255 7374 7380 7500 7749 8254 8510 8514 8775 8909 9043 9173 9179 9439 9447 9575 9724 9869 10151 10152 10289 10439 10726 10730 11023 11025 11170 11324 11623 11627 11766 11934 12089 12245 12402 12560 12719 12879 13031 13040 13191 13365 13529 13694 13802 14027 14152 14153 14322 14323 14492 14671 14705 15050 15224 15397 15574 16108 16286 16457 16465 16648 16651 16832 17014 17019 17577 17743 17954 18142 18144 18331 18521 18527 18706 18914 19100 19305 19500 19502 
S 2: 0 | 0 1 5 9 16 20 26 35 44 54 65 77 104 119 135 152 170 189 209 252 273 299 324 346 350 400 433 434 495 555 560 627 661 665 696 737 745 754 792 860 902 983 1073 1115 1175 1271 1274 1320 1371 1422 1474 1528 1582 1652 1708 1765 1823 1882 1939 2002 2067 2140 2204 2269 2335 2412 2483 2552 2625 2693 2762 2925 2989 3002 3065 3159 3224 3235 3314 3394 3402 3475 3557 3640 3738 4004 4084 4185 4370 4464 4554 4559 4648 4743 4752 4839 4840 4935 4936 5042 5150 5252 5355 5447 5670 5885 5994 6101 6104 6210 6327 6432 6440 6544 6785 6902 7020 7139 7255 7374 7380 7500 7749 8254 8510 8514 8775 8909 9043 9173 9179 9439 9447 9575 9724 9869 10151 10152 10289 10439 10726 10730 11023 11025 11170 11324 11623 11627 11766 11934 12089 12245 12402 12560 12719 12879 13031 13040 13191 13365 13529 13694 13802 14027 14152 14153 14322 14323 14492 14671 14705 15050 15224 15397 15574 16108 16286 16457 16465 16648 16651 16832 17014 17019 17577 17743 17954 18142 18144 18331 18521 18527 18706 18914 19100 19305 19500 19502 
S 3: 0 | 0 1 5 9 16 20 26 35 44 54 65 77 104 119 135 152 170 189 209 252 273 299 324 346 350 400 433 434 495 555 560 627 661 665 696 737 745 754 792 860 902 983 1073 1115 1175 1271 1274 1320 1371 1422 1474 1528 1582 1652 1708 1765 1823 1882 1939 2002 2067 2140 2204 2269 2335 2412 2483 2552 2625 2693 2762 2925 2989 3002 3065 3159 3224 3235 3314 3394 3402 3475 3557 3640 3738 4004 4084 4185 4370 4464 4554 4559 4648 4743 4752 4839 4840 4935 4936 5042 5150 5252 5355 5447 5670 5885 5994 6101 6104 6210 6327 6432 6440 6544 6785 6902 7020 7139 7255 7374 7380 7500 7749 8254 8510 8514 8775 8909 9043 9173 9179 9439 9447 9575 9724 9869 10151 10152 10289 10439 10726 10730 11023 11025 11170 11324 11623 11627 11766 11934 12089 12245 12402 12560 12719 12879 13031 13040 13191 13365 13529 13694 13802 14027 14152 14153 14322 14323 14492 14671 14705 15050 15224 15397 15574 16108 16286 16457 16465 16648 16651 16832 17014 17019 17577 17743 17954 18142 18144 18331 18521 18527 18706 18914 19100 19305 19500 19502 
S 4: 0 | 0 1 5 9 16 20 26 35 44 54 65 77 104 119 135 152 170 189 209 252 273 299 324 346 350 400 433 434 495 555 560 627 661 665 696 737 745 754 792 860 902 983 1073 1115 1175 1271 1274 1320 1371 1422 1474 1528 1582 1652 1708 1765 1823 1882 1939 2002 2067 2140 2204 2269 2335 2412 2483 2552 2625 2693 2762 2925 2989 3002 3065 3159 3224 3235 3314 3394 3402 3475 3557 3640 3738 4004 4084 4185 4370 4464 4554 4559 4648 4743 4752 4839 4840 4935 4936 5042 5150 5252 5355 5447 5670 5885 5994 6101 6104 6210 6327 6432 6440 6544 6785 6902 7020 7139 7255 7374 7380 7500 7749 8254 8510 8514 8775 8909 9043 9173 9179 9439 9447 9575 9724 9869 10151 10152 10289 10439 10726 10730 11023 11025 11170 11324 11623 11627 11766 11934 12089 12245 12402 12560 12719 12879 13031 13040 13191 13365 13529 13694 13802 14027 14152 14153 14322 14323 14492 14671 14705 15050 15224 15397 15574 16108 16286 16457 16465 16648 16651 16832 17014 17019 17577 17743 17954 18142 18144 18331 18521 18527 18706 18914 19100 19305 19500 19502 
ALL EQUAL

Final time = 63903.7
Final solution cost = 15783
