Reading instance small_stp_instances/dantzig42_5_03.stp of type D
Finished instance reading
Number of vertices = 42
Number of edges (resources) = 861
Number of scenarios = 5
Average number of terminals per scenario = 42
Probabilities of Scenarios: (0) 0.31 | (1) 0.16 | (2) 0.33 | (3) 0.13 | (4) 0.07 | 
Average weighted inflation = 0.138529
Largest inflation = 0.298387
MAX_ITERATIONS_SINCE_LAST_IMPROVEMENT 2
MAX_ITERATIONS_SINCE_BEST_SOLUTION 3
Creating solution instance.
Starting Evolutive Framework.
Local search solution cost = 699
Local search time = 17.0655
17.0655 local search - EF main loop cycle 0 solution cost 699
17.067s Cost of SP solution after second stage solver 699
Local search solution cost = 699
Local search time = 2.30153
19.3686 local search - EF main loop cycle 1 solution cost 699
19.37s Cost of SP solution after second stage solver 699
Local search solution cost = 699
Local search time = 2.31661
21.6867 local search - EF main loop cycle 2 solution cost 699
21.6881s Cost of SP solution after second stage solver 699
Number of cycles 3
Time for each cycle 7.22938
21.6896s Cost of SP solution after tail step 699
SELECTED RESOURCES:
0 2 5 9 14 20 27 44 54 65 77 90 104 119 135 152 170 189 209 230 252 275 299 324 350 377 405 434 464 495 527 560 594 629 665 702 740 779 819 820 860 
SCENARIO'S RESOURCES:
S 0: 5 | 0 2 5 9 14 20 27 35 44 54 65 77 90 104 119 135 152 170 189 209 230 252 275 299 324 350 377 405 434 464 495 527 560 594 629 665 702 740 779 819 820 860 
S 1: 5 | 0 2 5 9 14 20 27 35 44 54 65 77 90 104 119 135 152 170 189 209 230 252 275 299 324 350 377 405 434 464 495 527 560 594 629 665 702 740 779 819 820 860 
S 2: 5 | 0 2 5 9 14 20 27 35 44 54 65 77 90 104 119 135 152 170 189 209 230 252 275 299 324 350 377 405 434 464 495 527 560 594 629 665 702 740 779 819 820 860 
S 3: 5 | 0 2 5 9 14 20 27 35 44 54 65 77 90 104 119 135 152 170 189 209 230 252 275 299 324 350 377 405 434 464 495 527 560 594 629 665 702 740 779 819 820 860 
S 4: 5 | 0 2 5 9 14 20 27 35 44 54 65 77 90 104 119 135 152 170 189 209 230 252 275 299 324 350 377 405 434 464 495 527 560 594 629 665 702 740 779 819 820 860 

Final time = 21.6923
Final solution cost = 699
