Reading instance small_stp_instances/dantzig42_20_03.stp of type D
Finished instance reading
Number of vertices = 42
Number of edges (resources) = 861
Number of scenarios = 20
Average number of terminals per scenario = 42
Probabilities of Scenarios: (0) 0.01 | (1) 0 | (2) 0.02 | (3) 0.06 | (4) 0.04 | (5) 0.05 | (6) 0.03 | (7) 0.17 | (8) 0.04 | (9) 0.08 | (10) 0.04 | (11) 0.08 | (12) 0.07 | (13) 0.03 | (14) 0.04 | (15) 0.02 | (16) 0.07 | (17) 0.07 | (18) 0.06 | (19) 0.02 | 
Average weighted inflation = 0.138492
Largest inflation = 0.299213
MAX_ITERATIONS_SINCE_LAST_IMPROVEMENT 2
MAX_ITERATIONS_SINCE_BEST_SOLUTION 3
Creating solution instance.
Starting Evolutive Framework.
Local search solution cost = 703.08
Local search time = 70.7303
70.7305 local search - EF main loop cycle 0 solution cost 703.08
70.7401s Cost of SP solution after second stage solver 703.08
Local search solution cost = 700
Local search time = 9.58052
80.3206 local search - EF main loop cycle 1 solution cost 700
80.3266s Cost of SP solution after second stage solver 700
Local search solution cost = 700
Local search time = 9.52892
89.8555 local search - EF main loop cycle 2 solution cost 700
89.8614s Cost of SP solution after second stage solver 700
Local search solution cost = 700
Local search time = 9.59946
99.4609 local search - EF main loop cycle 3 solution cost 700
99.4668s Cost of SP solution after second stage solver 700
Number of cycles 4
Time for each cycle 24.8667
99.4727s Cost of SP solution after tail step 700
SELECTED RESOURCES:
0 1 5 9 14 20 27 35 44 54 65 77 90 104 119 135 152 170 189 209 230 252 275 299 324 350 377 405 434 464 495 527 560 594 629 665 702 740 779 819 821 860 
SCENARIO'S RESOURCES:
S 0: 0 | 0 1 5 9 14 20 27 35 44 54 65 77 90 104 119 135 152 170 189 209 230 252 275 299 324 350 377 405 434 464 495 527 560 594 629 665 702 740 779 819 821 860 
S 1: 0 | 0 1 5 9 14 20 27 35 44 54 65 77 90 104 119 135 152 170 189 209 230 252 275 299 324 350 377 405 434 464 495 527 560 594 629 665 702 740 779 819 821 860 
S 2: 0 | 0 1 5 9 14 20 27 35 44 54 65 77 90 104 119 135 152 170 189 209 230 252 275 299 324 350 377 405 434 464 495 527 560 594 629 665 702 740 779 819 821 860 
S 3: 0 | 0 1 5 9 14 20 27 35 44 54 65 77 90 104 119 135 152 170 189 209 230 252 275 299 324 350 377 405 434 464 495 527 560 594 629 665 702 740 779 819 821 860 
S 4: 0 | 0 1 5 9 14 20 27 35 44 54 65 77 90 104 119 135 152 170 189 209 230 252 275 299 324 350 377 405 434 464 495 527 560 594 629 665 702 740 779 819 821 860 
S 5: 0 | 0 1 5 9 14 20 27 35 44 54 65 77 90 104 119 135 152 170 189 209 230 252 275 299 324 350 377 405 434 464 495 527 560 594 629 665 702 740 779 819 821 860 
S 6: 0 | 0 1 5 9 14 20 27 35 44 54 65 77 90 104 119 135 152 170 189 209 230 252 275 299 324 350 377 405 434 464 495 527 560 594 629 665 702 740 779 819 821 860 
S 7: 0 | 0 1 5 9 14 20 27 35 44 54 65 77 90 104 119 135 152 170 189 209 230 252 275 299 324 350 377 405 434 464 495 527 560 594 629 665 702 740 779 819 821 860 
S 8: 0 | 0 1 5 9 14 20 27 35 44 54 65 77 90 104 119 135 152 170 189 209 230 252 275 299 324 350 377 405 434 464 495 527 560 594 629 665 702 740 779 819 821 860 
S 9: 0 | 0 1 5 9 14 20 27 35 44 54 65 77 90 104 119 135 152 170 189 209 230 252 275 299 324 350 377 405 434 464 495 527 560 594 629 665 702 740 779 819 821 860 
S 10: 0 | 0 1 5 9 14 20 27 35 44 54 65 77 90 104 119 135 152 170 189 209 230 252 275 299 324 350 377 405 434 464 495 527 560 594 629 665 702 740 779 819 821 860 
S 11: 0 | 0 1 5 9 14 20 27 35 44 54 65 77 90 104 119 135 152 170 189 209 230 252 275 299 324 350 377 405 434 464 495 527 560 594 629 665 702 740 779 819 821 860 
S 12: 0 | 0 1 5 9 14 20 27 35 44 54 65 77 90 104 119 135 152 170 189 209 230 252 275 299 324 350 377 405 434 464 495 527 560 594 629 665 702 740 779 819 821 860 
S 13: 0 | 0 1 5 9 14 20 27 35 44 54 65 77 90 104 119 135 152 170 189 209 230 252 275 299 324 350 377 405 434 464 495 527 560 594 629 665 702 740 779 819 821 860 
S 14: 0 | 0 1 5 9 14 20 27 35 44 54 65 77 90 104 119 135 152 170 189 209 230 252 275 299 324 350 377 405 434 464 495 527 560 594 629 665 702 740 779 819 821 860 
S 15: 0 | 0 1 5 9 14 20 27 35 44 54 65 77 90 104 119 135 152 170 189 209 230 252 275 299 324 350 377 405 434 464 495 527 560 594 629 665 702 740 779 819 821 860 
S 16: 0 | 0 1 5 9 14 20 27 35 44 54 65 77 90 104 119 135 152 170 189 209 230 252 275 299 324 350 377 405 434 464 495 527 560 594 629 665 702 740 779 819 821 860 
S 17: 0 | 0 1 5 9 14 20 27 35 44 54 65 77 90 104 119 135 152 170 189 209 230 252 275 299 324 350 377 405 434 464 495 527 560 594 629 665 702 740 779 819 821 860 
S 18: 0 | 0 1 5 9 14 20 27 35 44 54 65 77 90 104 119 135 152 170 189 209 230 252 275 299 324 350 377 405 434 464 495 527 560 594 629 665 702 740 779 819 821 860 
S 19: 0 | 0 1 5 9 14 20 27 35 44 54 65 77 90 104 119 135 152 170 189 209 230 252 275 299 324 350 377 405 434 464 495 527 560 594 629 665 702 740 779 819 821 860 
ALL EQUAL

Final time = 99.4818
Final solution cost = 700
