Reading instance small_stp_instances/dantzig42_20_10.stp of type D
Finished instance reading
Number of vertices = 42
Number of edges (resources) = 861
Number of scenarios = 20
Average number of terminals per scenario = 42
Probabilities of Scenarios: (0) 0.03 | (1) 0.16 | (2) 0.03 | (3) 0.05 | (4) 0.05 | (5) 0.03 | (6) 0 | (7) 0.05 | (8) 0.05 | (9) 0.06 | (10) 0.1 | (11) 0 | (12) 0.07 | (13) 0.09 | (14) 0.02 | (15) 0.02 | (16) 0.04 | (17) 0.04 | (18) 0.02 | (19) 0.09 | 
Average weighted inflation = 0.489962
Largest inflation = 0.994595
MAX_ITERATIONS_SINCE_LAST_IMPROVEMENT 2
MAX_ITERATIONS_SINCE_BEST_SOLUTION 3
Creating solution instance.
Starting Evolutive Framework.
Local search solution cost = 700
Local search time = 60.5327
60.5329 local search - EF main loop cycle 0 solution cost 700
60.5388s Cost of SP solution after second stage solver 700
Local search solution cost = 700
Local search time = 9.45227
69.9911 local search - EF main loop cycle 1 solution cost 700
69.997s Cost of SP solution after second stage solver 700
Local search solution cost = 700
Local search time = 9.45409
79.4511 local search - EF main loop cycle 2 solution cost 700
79.457s Cost of SP solution after second stage solver 700
Number of cycles 3
Time for each cycle 26.4857
79.4629s Cost of SP solution after tail step 700
SELECTED RESOURCES:
0 1 5 9 14 20 27 35 44 54 65 77 90 104 119 135 152 170 189 209 230 252 275 299 324 350 377 405 434 464 495 527 560 594 629 665 702 740 779 819 821 860 
SCENARIO'S RESOURCES:
S 0: 0 | 0 1 5 9 14 20 27 35 44 54 65 77 90 104 119 135 152 170 189 209 230 252 275 299 324 350 377 405 434 464 495 527 560 594 629 665 702 740 779 819 821 860 
S 1: 0 | 0 1 5 9 14 20 27 35 44 54 65 77 90 104 119 135 152 170 189 209 230 252 275 299 324 350 377 405 434 464 495 527 560 594 629 665 702 740 779 819 821 860 
S 2: 0 | 0 1 5 9 14 20 27 35 44 54 65 77 90 104 119 135 152 170 189 209 230 252 275 299 324 350 377 405 434 464 495 527 560 594 629 665 702 740 779 819 821 860 
S 3: 0 | 0 1 5 9 14 20 27 35 44 54 65 77 90 104 119 135 152 170 189 209 230 252 275 299 324 350 377 405 434 464 495 527 560 594 629 665 702 740 779 819 821 860 
S 4: 0 | 0 1 5 9 14 20 27 35 44 54 65 77 90 104 119 135 152 170 189 209 230 252 275 299 324 350 377 405 434 464 495 527 560 594 629 665 702 740 779 819 821 860 
S 5: 0 | 0 1 5 9 14 20 27 35 44 54 65 77 90 104 119 135 152 170 189 209 230 252 275 299 324 350 377 405 434 464 495 527 560 594 629 665 702 740 779 819 821 860 
S 6: 0 | 0 1 5 9 14 20 27 35 44 54 65 77 90 104 119 135 152 170 189 209 230 252 275 299 324 350 377 405 434 464 495 527 560 594 629 665 702 740 779 819 821 860 
S 7: 0 | 0 1 5 9 14 20 27 35 44 54 65 77 90 104 119 135 152 170 189 209 230 252 275 299 324 350 377 405 434 464 495 527 560 594 629 665 702 740 779 819 821 860 
S 8: 0 | 0 1 5 9 14 20 27 35 44 54 65 77 90 104 119 135 152 170 189 209 230 252 275 299 324 350 377 405 434 464 495 527 560 594 629 665 702 740 779 819 821 860 
S 9: 0 | 0 1 5 9 14 20 27 35 44 54 65 77 90 104 119 135 152 170 189 209 230 252 275 299 324 350 377 405 434 464 495 527 560 594 629 665 702 740 779 819 821 860 
S 10: 0 | 0 1 5 9 14 20 27 35 44 54 65 77 90 104 119 135 152 170 189 209 230 252 275 299 324 350 377 405 434 464 495 527 560 594 629 665 702 740 779 819 821 860 
S 11: 0 | 0 1 5 9 14 20 27 35 44 54 65 77 90 104 119 135 152 170 189 209 230 252 275 299 324 350 377 405 434 464 495 527 560 594 629 665 702 740 779 819 821 860 
S 12: 0 | 0 1 5 9 14 20 27 35 44 54 65 77 90 104 119 135 152 170 189 209 230 252 275 299 324 350 377 405 434 464 495 527 560 594 629 665 702 740 779 819 821 860 
S 13: 0 | 0 1 5 9 14 20 27 35 44 54 65 77 90 104 119 135 152 170 189 209 230 252 275 299 324 350 377 405 434 464 495 527 560 594 629 665 702 740 779 819 821 860 
S 14: 0 | 0 1 5 9 14 20 27 35 44 54 65 77 90 104 119 135 152 170 189 209 230 252 275 299 324 350 377 405 434 464 495 527 560 594 629 665 702 740 779 819 821 860 
S 15: 0 | 0 1 5 9 14 20 27 35 44 54 65 77 90 104 119 135 152 170 189 209 230 252 275 299 324 350 377 405 434 464 495 527 560 594 629 665 702 740 779 819 821 860 
S 16: 0 | 0 1 5 9 14 20 27 35 44 54 65 77 90 104 119 135 152 170 189 209 230 252 275 299 324 350 377 405 434 464 495 527 560 594 629 665 702 740 779 819 821 860 
S 17: 0 | 0 1 5 9 14 20 27 35 44 54 65 77 90 104 119 135 152 170 189 209 230 252 275 299 324 350 377 405 434 464 495 527 560 594 629 665 702 740 779 819 821 860 
S 18: 0 | 0 1 5 9 14 20 27 35 44 54 65 77 90 104 119 135 152 170 189 209 230 252 275 299 324 350 377 405 434 464 495 527 560 594 629 665 702 740 779 819 821 860 
S 19: 0 | 0 1 5 9 14 20 27 35 44 54 65 77 90 104 119 135 152 170 189 209 230 252 275 299 324 350 377 405 434 464 495 527 560 594 629 665 702 740 779 819 821 860 
ALL EQUAL

Final time = 79.4719
Final solution cost = 700
