Reading instance small_stp_instances/eil101_10_10.stp of type D
Finished instance reading
Number of vertices = 101
Number of edges (resources) = 5050
Number of scenarios = 10
Average number of terminals per scenario = 101
Probabilities of Scenarios: (0) 0.03 | (1) 0.1 | (2) 0.06 | (3) 0.14 | (4) 0.09 | (5) 0.09 | (6) 0.08 | (7) 0.11 | (8) 0.13 | (9) 0.17 | 
Average weighted inflation = 0.47664
Largest inflation = 0.987342
MAX_ITERATIONS_SINCE_LAST_IMPROVEMENT 2
MAX_ITERATIONS_SINCE_BEST_SOLUTION 3
Creating solution instance.
Starting Evolutive Framework.
Local search solution cost = 643.39
Local search time = 2102.49
2102.49 local search - EF main loop cycle 0 solution cost 643.39
2102.53s Cost of SP solution after second stage solver 643.39
Local search solution cost = 637
Local search time = 129.269
2231.8 local search - EF main loop cycle 1 solution cost 637
2231.81s Cost of SP solution after second stage solver 637
Local search solution cost = 637
Local search time = 128.793
2360.61 local search - EF main loop cycle 2 solution cost 637
2360.62s Cost of SP solution after second stage solver 637
Local search solution cost = 637
Local search time = 128.834
2489.45 local search - EF main loop cycle 3 solution cost 637
2489.46s Cost of SP solution after second stage solver 637
Number of cycles 4
Time for each cycle 622.366
2489.48s Cost of SP solution after tail step 637
SELECTED RESOURCES:
163 279 311 376 377 401 425 474 556 569 679 706 761 801 834 874 875 918 940 953 962 997 1025 1053 1127 1163 1176 1233 1281 1292 1365 1401 1455 1484 1507 1541 1581 1608 1648 1715 1774 1840 2001 2015 2099 2144 2167 2183 2213 2278 2308 2355 2375 2449 2479 2525 2576 2627 2649 2756 2774 2824 2852 2925 2959 3035 3080 3092 3148 3192 3210 3246 3287 3338 3380 3419 3463 3585 3654 3656 3667 3771 3802 3833 3947 3978 4089 4153 4283 4464 4523 4651 4654 4692 4748 4845 4848 4887 4941 4976 5038 
SCENARIO'S RESOURCES:
S 0: 0 | 163 279 311 376 377 401 425 474 556 569 679 706 761 801 834 874 875 918 940 953 962 997 1025 1053 1127 1163 1176 1233 1281 1292 1365 1401 1455 1484 1507 1541 1581 1608 1648 1715 1774 1840 2001 2015 2099 2144 2167 2183 2213 2278 2308 2355 2375 2449 2479 2525 2576 2627 2649 2756 2774 2824 2852 2925 2959 3035 3080 3092 3148 3192 3210 3246 3287 3338 3380 3419 3463 3585 3654 3656 3667 3771 3802 3833 3947 3978 4089 4153 4283 4464 4523 4651 4654 4692 4748 4845 4848 4887 4941 4976 5038 
S 1: 0 | 163 279 311 376 377 401 425 474 556 569 679 706 761 801 834 874 875 918 940 953 962 997 1025 1053 1127 1163 1176 1233 1281 1292 1365 1401 1455 1484 1507 1541 1581 1608 1648 1715 1774 1840 2001 2015 2099 2144 2167 2183 2213 2278 2308 2355 2375 2449 2479 2525 2576 2627 2649 2756 2774 2824 2852 2925 2959 3035 3080 3092 3148 3192 3210 3246 3287 3338 3380 3419 3463 3585 3654 3656 3667 3771 3802 3833 3947 3978 4089 4153 4283 4464 4523 4651 4654 4692 4748 4845 4848 4887 4941 4976 5038 
S 2: 0 | 163 279 311 376 377 401 425 474 556 569 679 706 761 801 834 874 875 918 940 953 962 997 1025 1053 1127 1163 1176 1233 1281 1292 1365 1401 1455 1484 1507 1541 1581 1608 1648 1715 1774 1840 2001 2015 2099 2144 2167 2183 2213 2278 2308 2355 2375 2449 2479 2525 2576 2627 2649 2756 2774 2824 2852 2925 2959 3035 3080 3092 3148 3192 3210 3246 3287 3338 3380 3419 3463 3585 3654 3656 3667 3771 3802 3833 3947 3978 4089 4153 4283 4464 4523 4651 4654 4692 4748 4845 4848 4887 4941 4976 5038 
S 3: 0 | 163 279 311 376 377 401 425 474 556 569 679 706 761 801 834 874 875 918 940 953 962 997 1025 1053 1127 1163 1176 1233 1281 1292 1365 1401 1455 1484 1507 1541 1581 1608 1648 1715 1774 1840 2001 2015 2099 2144 2167 2183 2213 2278 2308 2355 2375 2449 2479 2525 2576 2627 2649 2756 2774 2824 2852 2925 2959 3035 3080 3092 3148 3192 3210 3246 3287 3338 3380 3419 3463 3585 3654 3656 3667 3771 3802 3833 3947 3978 4089 4153 4283 4464 4523 4651 4654 4692 4748 4845 4848 4887 4941 4976 5038 
S 4: 0 | 163 279 311 376 377 401 425 474 556 569 679 706 761 801 834 874 875 918 940 953 962 997 1025 1053 1127 1163 1176 1233 1281 1292 1365 1401 1455 1484 1507 1541 1581 1608 1648 1715 1774 1840 2001 2015 2099 2144 2167 2183 2213 2278 2308 2355 2375 2449 2479 2525 2576 2627 2649 2756 2774 2824 2852 2925 2959 3035 3080 3092 3148 3192 3210 3246 3287 3338 3380 3419 3463 3585 3654 3656 3667 3771 3802 3833 3947 3978 4089 4153 4283 4464 4523 4651 4654 4692 4748 4845 4848 4887 4941 4976 5038 
S 5: 0 | 163 279 311 376 377 401 425 474 556 569 679 706 761 801 834 874 875 918 940 953 962 997 1025 1053 1127 1163 1176 1233 1281 1292 1365 1401 1455 1484 1507 1541 1581 1608 1648 1715 1774 1840 2001 2015 2099 2144 2167 2183 2213 2278 2308 2355 2375 2449 2479 2525 2576 2627 2649 2756 2774 2824 2852 2925 2959 3035 3080 3092 3148 3192 3210 3246 3287 3338 3380 3419 3463 3585 3654 3656 3667 3771 3802 3833 3947 3978 4089 4153 4283 4464 4523 4651 4654 4692 4748 4845 4848 4887 4941 4976 5038 
S 6: 0 | 163 279 311 376 377 401 425 474 556 569 679 706 761 801 834 874 875 918 940 953 962 997 1025 1053 1127 1163 1176 1233 1281 1292 1365 1401 1455 1484 1507 1541 1581 1608 1648 1715 1774 1840 2001 2015 2099 2144 2167 2183 2213 2278 2308 2355 2375 2449 2479 2525 2576 2627 2649 2756 2774 2824 2852 2925 2959 3035 3080 3092 3148 3192 3210 3246 3287 3338 3380 3419 3463 3585 3654 3656 3667 3771 3802 3833 3947 3978 4089 4153 4283 4464 4523 4651 4654 4692 4748 4845 4848 4887 4941 4976 5038 
S 7: 0 | 163 279 311 376 377 401 425 474 556 569 679 706 761 801 834 874 875 918 940 953 962 997 1025 1053 1127 1163 1176 1233 1281 1292 1365 1401 1455 1484 1507 1541 1581 1608 1648 1715 1774 1840 2001 2015 2099 2144 2167 2183 2213 2278 2308 2355 2375 2449 2479 2525 2576 2627 2649 2756 2774 2824 2852 2925 2959 3035 3080 3092 3148 3192 3210 3246 3287 3338 3380 3419 3463 3585 3654 3656 3667 3771 3802 3833 3947 3978 4089 4153 4283 4464 4523 4651 4654 4692 4748 4845 4848 4887 4941 4976 5038 
S 8: 0 | 163 279 311 376 377 401 425 474 556 569 679 706 761 801 834 874 875 918 940 953 962 997 1025 1053 1127 1163 1176 1233 1281 1292 1365 1401 1455 1484 1507 1541 1581 1608 1648 1715 1774 1840 2001 2015 2099 2144 2167 2183 2213 2278 2308 2355 2375 2449 2479 2525 2576 2627 2649 2756 2774 2824 2852 2925 2959 3035 3080 3092 3148 3192 3210 3246 3287 3338 3380 3419 3463 3585 3654 3656 3667 3771 3802 3833 3947 3978 4089 4153 4283 4464 4523 4651 4654 4692 4748 4845 4848 4887 4941 4976 5038 
S 9: 0 | 163 279 311 376 377 401 425 474 556 569 679 706 761 801 834 874 875 918 940 953 962 997 1025 1053 1127 1163 1176 1233 1281 1292 1365 1401 1455 1484 1507 1541 1581 1608 1648 1715 1774 1840 2001 2015 2099 2144 2167 2183 2213 2278 2308 2355 2375 2449 2479 2525 2576 2627 2649 2756 2774 2824 2852 2925 2959 3035 3080 3092 3148 3192 3210 3246 3287 3338 3380 3419 3463 3585 3654 3656 3667 3771 3802 3833 3947 3978 4089 4153 4283 4464 4523 4651 4654 4692 4748 4845 4848 4887 4941 4976 5038 
ALL EQUAL

Final time = 2489.5
Final solution cost = 637
