Reading instance small_stp_instances/eil101_5_03.stp of type D
Finished instance reading
Number of vertices = 101
Number of edges (resources) = 5050
Number of scenarios = 5
Average number of terminals per scenario = 101
Probabilities of Scenarios: (0) 0.24 | (1) 0.22 | (2) 0.05 | (3) 0.36 | (4) 0.13 | 
Average weighted inflation = 0.129301
Largest inflation = 0.298246
MAX_ITERATIONS_SINCE_LAST_IMPROVEMENT 2
MAX_ITERATIONS_SINCE_BEST_SOLUTION 3
Creating solution instance.
Starting Evolutive Framework.
Local search solution cost = 609.18
Local search time = 814.722
814.722 local search - EF main loop cycle 0 solution cost 609.18
814.772s Cost of SP solution after second stage solver 609.18
Local search solution cost = 609
Local search time = 85.8211
900.593 local search - EF main loop cycle 1 solution cost 609
900.607s Cost of SP solution after second stage solver 609
Local search solution cost = 609
Local search time = 83.5222
984.129 local search - EF main loop cycle 2 solution cost 609
984.143s Cost of SP solution after second stage solver 609
Number of cycles 3
Time for each cycle 328.048
984.157s Cost of SP solution after tail step 609
SELECTED RESOURCES:
163 191 311 377 401 425 474 569 679 727 766 801 875 902 916 953 962 997 1025 1053 1127 1163 1176 1233 1257 1292 1381 1401 1434 1455 1507 1541 1554 1635 1648 1715 1785 1839 1840 2001 2015 2099 2144 2167 2183 2239 2278 2304 2375 2376 2449 2479 2576 2627 2668 2699 2824 2852 2959 3080 3092 3193 3246 3287 3338 3380 3407 3419 3546 3585 3607 3696 3747 3771 3833 3879 3947 3978 4048 4153 4270 4283 4290 4383 4559 4646 4651 4692 4714 4977 5002 
SCENARIO'S RESOURCES:
S 0: 28 | 163 191 311 377 401 425 474 569 679 727 766 801 875 902 916 953 962 997 1025 1053 1127 1163 1176 1233 1257 1292 1381 1401 1434 1455 1507 1541 1554 1635 1648 1715 1785 1839 1840 2001 2015 2099 2144 2167 2183 2239 2278 2304 2375 2376 2449 2479 2576 2627 2668 2699 2722 2756 2824 2852 2925 2959 3005 3080 3092 3148 3192 3193 3246 3287 3338 3380 3407 3419 3546 3585 3607 3696 3747 3771 3833 3879 3947 3978 4048 4153 4270 4283 4290 4383 4559 4646 4651 4692 4714 4845 4848 4887 4941 4977 5002 
S 1: 28 | 163 191 311 377 401 425 474 569 679 727 766 801 875 902 916 953 962 997 1025 1053 1127 1163 1176 1233 1257 1292 1381 1401 1434 1455 1507 1541 1554 1635 1648 1715 1785 1839 1840 2001 2015 2099 2144 2167 2183 2239 2278 2304 2375 2376 2449 2479 2576 2627 2668 2699 2722 2756 2824 2852 2925 2959 3005 3080 3092 3148 3192 3193 3246 3287 3338 3380 3407 3419 3546 3585 3607 3696 3747 3771 3833 3879 3947 3978 4048 4153 4270 4283 4290 4383 4559 4646 4651 4692 4714 4845 4848 4887 4941 4977 5002 
S 2: 28 | 163 191 311 377 401 425 474 569 679 727 766 801 875 902 916 953 962 997 1025 1053 1127 1163 1176 1233 1257 1292 1381 1401 1434 1455 1507 1541 1554 1635 1648 1715 1785 1839 1840 2001 2015 2099 2144 2167 2183 2239 2278 2304 2375 2376 2449 2479 2576 2627 2668 2699 2722 2756 2824 2852 2925 2959 3005 3080 3092 3148 3192 3193 3246 3287 3338 3380 3407 3419 3546 3585 3607 3696 3747 3771 3833 3879 3947 3978 4048 4153 4270 4283 4290 4383 4559 4646 4651 4692 4714 4845 4848 4887 4941 4977 5002 
S 3: 28 | 163 191 311 377 401 425 474 569 679 727 766 801 875 902 916 953 962 997 1025 1053 1127 1163 1176 1233 1257 1292 1381 1401 1434 1455 1507 1541 1554 1635 1648 1715 1785 1839 1840 2001 2015 2099 2144 2167 2183 2239 2278 2304 2375 2376 2449 2479 2576 2627 2668 2699 2722 2756 2824 2852 2925 2959 3005 3080 3092 3148 3192 3193 3246 3287 3338 3380 3407 3419 3546 3585 3607 3696 3747 3771 3833 3879 3947 3978 4048 4153 4270 4283 4290 4383 4559 4646 4651 4692 4714 4845 4848 4887 4941 4977 5002 
S 4: 28 | 163 191 311 377 401 425 474 569 679 727 766 801 875 902 916 953 962 997 1025 1053 1127 1163 1176 1233 1257 1292 1381 1401 1434 1455 1507 1541 1554 1635 1648 1715 1785 1839 1840 2001 2015 2099 2144 2167 2183 2239 2278 2304 2375 2376 2449 2479 2576 2627 2668 2699 2722 2756 2824 2852 2925 2959 3005 3080 3092 3148 3192 3193 3246 3287 3338 3380 3407 3419 3546 3585 3607 3696 3747 3771 3833 3879 3947 3978 4048 4153 4270 4283 4290 4383 4559 4646 4651 4692 4714 4845 4848 4887 4941 4977 5002 

Final time = 984.176
Final solution cost = 609
