Reading instance small_stp_instances/eil101_20_03.stp of type D
Finished instance reading
Number of vertices = 101
Number of edges (resources) = 5050
Number of scenarios = 20
Average number of terminals per scenario = 101
Probabilities of Scenarios: (0) 0.01 | (1) 0 | (2) 0.03 | (3) 0.07 | (4) 0.01 | (5) 0.02 | (6) 0.01 | (7) 0.09 | (8) 0.06 | (9) 0 | (10) 0.06 | (11) 0.09 | (12) 0.08 | (13) 0.01 | (14) 0.18 | (15) 0.05 | (16) 0.06 | (17) 0.06 | (18) 0.08 | (19) 0.03 | 
Average weighted inflation = 0.129138
Largest inflation = 0.298507
MAX_ITERATIONS_SINCE_LAST_IMPROVEMENT 2
MAX_ITERATIONS_SINCE_BEST_SOLUTION 3
Creating solution instance.
Starting Evolutive Framework.
Local search solution cost = 613.22
Local search time = 4733.3
4733.3 local search - EF main loop cycle 0 solution cost 613.22
4733.53s Cost of SP solution after second stage solver 613.22
Local search solution cost = 611
Local search time = 319.752
5053.29 local search - EF main loop cycle 1 solution cost 611
5053.38s Cost of SP solution after second stage solver 611
Local search solution cost = 611
Local search time = 305.223
5358.6 local search - EF main loop cycle 2 solution cost 611
5358.7s Cost of SP solution after second stage solver 611
Local search solution cost = 611
Local search time = 305.352
5664.05 local search - EF main loop cycle 3 solution cost 611
5664.15s Cost of SP solution after second stage solver 611
Number of cycles 4
Time for each cycle 1416.04
5664.24s Cost of SP solution after tail step 611
SELECTED RESOURCES:
163 311 377 401 425 474 594 679 727 761 801 833 875 902 940 953 962 997 1025 1053 1127 1163 1176 1233 1292 1351 1381 1401 1434 1455 1507 1541 1554 1608 1635 1715 1785 1839 1840 2001 2015 2099 2144 2167 2183 2239 2278 2304 2375 2376 2449 2479 2576 2627 2668 2699 2722 2756 2824 2852 2925 2934 2959 3005 3035 3092 3148 3192 3210 3246 3287 3338 3380 3407 3419 3546 3585 3613 3656 3747 3771 3833 3879 3947 3978 4089 4290 4470 4646 4654 4747 4845 4977 5002 
SCENARIO'S RESOURCES:
S 0: 16 | 163 311 377 401 425 474 594 679 727 761 801 833 875 902 940 953 962 997 1025 1053 1127 1163 1176 1233 1292 1351 1381 1401 1434 1455 1507 1541 1554 1608 1635 1715 1785 1839 1840 2001 2015 2099 2144 2167 2183 2239 2278 2304 2375 2376 2449 2479 2576 2627 2668 2699 2722 2756 2824 2852 2925 2934 2959 3005 3035 3092 3148 3192 3210 3246 3287 3338 3380 3407 3419 3546 3585 3613 3656 3747 3771 3833 3879 3947 3978 4089 4153 4244 4290 4464 4470 4646 4654 4692 4747 4845 4848 4887 4941 4977 5002 
S 1: 16 | 163 311 377 401 425 474 594 679 727 761 801 833 875 902 940 953 962 997 1025 1053 1127 1163 1176 1233 1292 1351 1381 1401 1434 1455 1507 1541 1554 1608 1635 1715 1785 1839 1840 2001 2015 2099 2144 2167 2183 2239 2278 2304 2375 2376 2449 2479 2576 2627 2668 2699 2722 2756 2824 2852 2925 2934 2959 3005 3035 3092 3148 3192 3210 3246 3287 3338 3380 3407 3419 3546 3585 3613 3656 3747 3771 3833 3879 3947 3978 4089 4153 4244 4290 4464 4470 4646 4654 4692 4747 4845 4848 4887 4941 4977 5002 
S 2: 16 | 163 311 377 401 425 474 594 679 727 761 801 833 875 902 940 953 962 997 1025 1053 1127 1163 1176 1233 1292 1351 1381 1401 1434 1455 1507 1541 1554 1608 1635 1715 1785 1839 1840 2001 2015 2099 2144 2167 2183 2239 2278 2304 2375 2376 2449 2479 2576 2627 2668 2699 2722 2756 2824 2852 2925 2934 2959 3005 3035 3092 3148 3192 3210 3246 3287 3338 3380 3407 3419 3546 3585 3613 3656 3747 3771 3833 3879 3947 3978 4089 4153 4244 4290 4464 4470 4646 4654 4692 4747 4845 4848 4887 4941 4977 5002 
S 3: 16 | 163 311 377 401 425 474 594 679 727 761 801 833 875 902 940 953 962 997 1025 1053 1127 1163 1176 1233 1292 1351 1381 1401 1434 1455 1507 1541 1554 1608 1635 1715 1785 1839 1840 2001 2015 2099 2144 2167 2183 2239 2278 2304 2375 2376 2449 2479 2576 2627 2668 2699 2722 2756 2824 2852 2925 2934 2959 3005 3035 3092 3148 3192 3210 3246 3287 3338 3380 3407 3419 3546 3585 3613 3656 3747 3771 3833 3879 3947 3978 4089 4153 4244 4290 4464 4470 4646 4654 4692 4747 4845 4848 4887 4941 4977 5002 
S 4: 16 | 163 311 377 401 425 474 594 679 727 761 801 833 875 902 940 953 962 997 1025 1053 1127 1163 1176 1233 1292 1351 1381 1401 1434 1455 1507 1541 1554 1608 1635 1715 1785 1839 1840 2001 2015 2099 2144 2167 2183 2239 2278 2304 2375 2376 2449 2479 2576 2627 2668 2699 2722 2756 2824 2852 2925 2934 2959 3005 3035 3092 3148 3192 3210 3246 3287 3338 3380 3407 3419 3546 3585 3613 3656 3747 3771 3833 3879 3947 3978 4089 4153 4244 4290 4464 4470 4646 4654 4692 4747 4845 4848 4887 4941 4977 5002 
S 5: 16 | 163 311 377 401 425 474 594 679 727 761 801 833 875 902 940 953 962 997 1025 1053 1127 1163 1176 1233 1292 1351 1381 1401 1434 1455 1507 1541 1554 1608 1635 1715 1785 1839 1840 2001 2015 2099 2144 2167 2183 2239 2278 2304 2375 2376 2449 2479 2576 2627 2668 2699 2722 2756 2824 2852 2925 2934 2959 3005 3035 3092 3148 3192 3210 3246 3287 3338 3380 3407 3419 3546 3585 3613 3656 3747 3771 3833 3879 3947 3978 4089 4153 4244 4290 4464 4470 4646 4654 4692 4747 4845 4848 4887 4941 4977 5002 
S 6: 16 | 163 311 377 401 425 474 594 679 727 761 801 833 875 902 940 953 962 997 1025 1053 1127 1163 1176 1233 1292 1351 1381 1401 1434 1455 1507 1541 1554 1608 1635 1715 1785 1839 1840 2001 2015 2099 2144 2167 2183 2239 2278 2304 2375 2376 2449 2479 2576 2627 2668 2699 2722 2756 2824 2852 2925 2934 2959 3005 3035 3092 3148 3192 3210 3246 3287 3338 3380 3407 3419 3546 3585 3613 3656 3747 3771 3833 3879 3947 3978 4089 4153 4244 4290 4464 4470 4646 4654 4692 4747 4845 4848 4887 4941 4977 5002 
S 7: 16 | 163 311 377 401 425 474 594 679 727 761 801 833 875 902 940 953 962 997 1025 1053 1127 1163 1176 1233 1292 1351 1381 1401 1434 1455 1507 1541 1554 1608 1635 1715 1785 1839 1840 2001 2015 2099 2144 2167 2183 2239 2278 2304 2375 2376 2449 2479 2576 2627 2668 2699 2722 2756 2824 2852 2925 2934 2959 3005 3035 3092 3148 3192 3210 3246 3287 3338 3380 3407 3419 3546 3585 3613 3656 3747 3771 3833 3879 3947 3978 4089 4153 4244 4290 4464 4470 4646 4654 4692 4747 4845 4848 4887 4941 4977 5002 
S 8: 16 | 163 311 377 401 425 474 594 679 727 761 801 833 875 902 940 953 962 997 1025 1053 1127 1163 1176 1233 1292 1351 1381 1401 1434 1455 1507 1541 1554 1608 1635 1715 1785 1839 1840 2001 2015 2099 2144 2167 2183 2239 2278 2304 2375 2376 2449 2479 2576 2627 2668 2699 2722 2756 2824 2852 2925 2934 2959 3005 3035 3092 3148 3192 3210 3246 3287 3338 3380 3407 3419 3546 3585 3613 3656 3747 3771 3833 3879 3947 3978 4089 4153 4244 4290 4464 4470 4646 4654 4692 4747 4845 4848 4887 4941 4977 5002 
S 9: 16 | 163 311 377 401 425 474 594 679 727 761 801 833 875 902 940 953 962 997 1025 1053 1127 1163 1176 1233 1292 1351 1381 1401 1434 1455 1507 1541 1554 1608 1635 1715 1785 1839 1840 2001 2015 2099 2144 2167 2183 2239 2278 2304 2375 2376 2449 2479 2576 2627 2668 2699 2722 2756 2824 2852 2925 2934 2959 3005 3035 3092 3148 3192 3210 3246 3287 3338 3380 3407 3419 3546 3585 3613 3656 3747 3771 3833 3879 3947 3978 4089 4153 4244 4290 4464 4470 4646 4654 4692 4747 4845 4848 4887 4941 4977 5002 
S 10: 16 | 163 311 377 401 425 474 594 679 727 761 801 833 875 902 940 953 962 997 1025 1053 1127 1163 1176 1233 1292 1351 1381 1401 1434 1455 1507 1541 1554 1608 1635 1715 1785 1839 1840 2001 2015 2099 2144 2167 2183 2239 2278 2304 2375 2376 2449 2479 2576 2627 2668 2699 2722 2756 2824 2852 2925 2934 2959 3005 3035 3092 3148 3192 3210 3246 3287 3338 3380 3407 3419 3546 3585 3613 3656 3747 3771 3833 3879 3947 3978 4089 4153 4244 4290 4464 4470 4646 4654 4692 4747 4845 4848 4887 4941 4977 5002 
S 11: 16 | 163 311 377 401 425 474 594 679 727 761 801 833 875 902 940 953 962 997 1025 1053 1127 1163 1176 1233 1292 1351 1381 1401 1434 1455 1507 1541 1554 1608 1635 1715 1785 1839 1840 2001 2015 2099 2144 2167 2183 2239 2278 2304 2375 2376 2449 2479 2576 2627 2668 2699 2722 2756 2824 2852 2925 2934 2959 3005 3035 3092 3148 3192 3210 3246 3287 3338 3380 3407 3419 3546 3585 3613 3656 3747 3771 3833 3879 3947 3978 4089 4153 4244 4290 4464 4470 4646 4654 4692 4747 4845 4848 4887 4941 4977 5002 
S 12: 16 | 163 311 377 401 425 474 594 679 727 761 801 833 875 902 940 953 962 997 1025 1053 1127 1163 1176 1233 1292 1351 1381 1401 1434 1455 1507 1541 1554 1608 1635 1715 1785 1839 1840 2001 2015 2099 2144 2167 2183 2239 2278 2304 2375 2376 2449 2479 2576 2627 2668 2699 2722 2756 2824 2852 2925 2934 2959 3005 3035 3092 3148 3192 3210 3246 3287 3338 3380 3407 3419 3546 3585 3613 3656 3747 3771 3833 3879 3947 3978 4089 4153 4244 4290 4464 4470 4646 4654 4692 4747 4845 4848 4887 4941 4977 5002 
S 13: 16 | 163 311 377 401 425 474 594 679 727 761 801 833 875 902 940 953 962 997 1025 1053 1127 1163 1176 1233 1292 1351 1381 1401 1434 1455 1507 1541 1554 1608 1635 1715 1785 1839 1840 2001 2015 2099 2144 2167 2183 2239 2278 2304 2375 2376 2449 2479 2576 2627 2668 2699 2722 2756 2824 2852 2925 2934 2959 3005 3035 3092 3148 3192 3210 3246 3287 3338 3380 3407 3419 3546 3585 3613 3656 3747 3771 3833 3879 3947 3978 4089 4153 4244 4290 4464 4470 4646 4654 4692 4747 4845 4848 4887 4941 4977 5002 
S 14: 16 | 163 311 377 401 425 474 594 679 727 761 801 833 875 902 940 953 962 997 1025 1053 1127 1163 1176 1233 1292 1351 1381 1401 1434 1455 1507 1541 1554 1608 1635 1715 1785 1839 1840 2001 2015 2099 2144 2167 2183 2239 2278 2304 2375 2376 2449 2479 2576 2627 2668 2699 2722 2756 2824 2852 2925 2934 2959 3005 3035 3092 3148 3192 3210 3246 3287 3338 3380 3407 3419 3546 3585 3613 3656 3747 3771 3833 3879 3947 3978 4089 4153 4244 4290 4464 4470 4646 4654 4692 4747 4845 4848 4887 4941 4977 5002 
S 15: 16 | 163 311 377 401 425 474 594 679 727 761 801 833 875 902 940 953 962 997 1025 1053 1127 1163 1176 1233 1292 1351 1381 1401 1434 1455 1507 1541 1554 1608 1635 1715 1785 1839 1840 2001 2015 2099 2144 2167 2183 2239 2278 2304 2375 2376 2449 2479 2576 2627 2668 2699 2722 2756 2824 2852 2925 2934 2959 3005 3035 3092 3148 3192 3210 3246 3287 3338 3380 3407 3419 3546 3585 3613 3656 3747 3771 3833 3879 3947 3978 4089 4153 4244 4290 4464 4470 4646 4654 4692 4747 4845 4848 4887 4941 4977 5002 
S 16: 16 | 163 311 377 401 425 474 594 679 727 761 801 833 875 902 940 953 962 997 1025 1053 1127 1163 1176 1233 1292 1351 1381 1401 1434 1455 1507 1541 1554 1608 1635 1715 1785 1839 1840 2001 2015 2099 2144 2167 2183 2239 2278 2304 2375 2376 2449 2479 2576 2627 2668 2699 2722 2756 2824 2852 2925 2934 2959 3005 3035 3092 3148 3192 3210 3246 3287 3338 3380 3407 3419 3546 3585 3613 3656 3747 3771 3833 3879 3947 3978 4089 4153 4244 4290 4464 4470 4646 4654 4692 4747 4845 4848 4887 4941 4977 5002 
S 17: 16 | 163 311 377 401 425 474 594 679 727 761 801 833 875 902 940 953 962 997 1025 1053 1127 1163 1176 1233 1292 1351 1381 1401 1434 1455 1507 1541 1554 1608 1635 1715 1785 1839 1840 2001 2015 2099 2144 2167 2183 2239 2278 2304 2375 2376 2449 2479 2576 2627 2668 2699 2722 2756 2824 2852 2925 2934 2959 3005 3035 3092 3148 3192 3210 3246 3287 3338 3380 3407 3419 3546 3585 3613 3656 3747 3771 3833 3879 3947 3978 4089 4153 4244 4290 4464 4470 4646 4654 4692 4747 4845 4848 4887 4941 4977 5002 
S 18: 16 | 163 311 377 401 425 474 594 679 727 761 801 833 875 902 940 953 962 997 1025 1053 1127 1163 1176 1233 1292 1351 1381 1401 1434 1455 1507 1541 1554 1608 1635 1715 1785 1839 1840 2001 2015 2099 2144 2167 2183 2239 2278 2304 2375 2376 2449 2479 2576 2627 2668 2699 2722 2756 2824 2852 2925 2934 2959 3005 3035 3092 3148 3192 3210 3246 3287 3338 3380 3407 3419 3546 3585 3613 3656 3747 3771 3833 3879 3947 3978 4089 4153 4244 4290 4464 4470 4646 4654 4692 4747 4845 4848 4887 4941 4977 5002 
S 19: 16 | 163 311 377 401 425 474 594 679 727 761 801 833 875 902 940 953 962 997 1025 1053 1127 1163 1176 1233 1292 1351 1381 1401 1434 1455 1507 1541 1554 1608 1635 1715 1785 1839 1840 2001 2015 2099 2144 2167 2183 2239 2278 2304 2375 2376 2449 2479 2576 2627 2668 2699 2722 2756 2824 2852 2925 2934 2959 3005 3035 3092 3148 3192 3210 3246 3287 3338 3380 3407 3419 3546 3585 3613 3656 3747 3771 3833 3879 3947 3978 4089 4153 4244 4290 4464 4470 4646 4654 4692 4747 4845 4848 4887 4941 4977 5002 

Final time = 5664.35
Final solution cost = 611
