Reading instance small_stp_instances/eil101_20_05.stp of type D
Finished instance reading
Number of vertices = 101
Number of edges (resources) = 5050
Number of scenarios = 20
Average number of terminals per scenario = 101
Probabilities of Scenarios: (0) 0.01 | (1) 0.08 | (2) 0.06 | (3) 0.08 | (4) 0 | (5) 0.06 | (6) 0.01 | (7) 0.06 | (8) 0.04 | (9) 0.03 | (10) 0.01 | (11) 0.06 | (12) 0.17 | (13) 0.02 | (14) 0.06 | (15) 0.02 | (16) 0.02 | (17) 0.07 | (18) 0.06 | (19) 0.08 | 
Average weighted inflation = 0.228276
Largest inflation = 0.494118
MAX_ITERATIONS_SINCE_LAST_IMPROVEMENT 2
MAX_ITERATIONS_SINCE_BEST_SOLUTION 3
Creating solution instance.
Starting Evolutive Framework.
Local search solution cost = 610
Local search time = 3899.93
3899.93 local search - EF main loop cycle 0 solution cost 610
3899.95s Cost of SP solution after second stage solver 610
Local search solution cost = 610
Local search time = 260.027
4159.98 local search - EF main loop cycle 1 solution cost 610
4160.04s Cost of SP solution after second stage solver 610
Local search solution cost = 610
Local search time = 260.224
4420.26 local search - EF main loop cycle 2 solution cost 610
4420.31s Cost of SP solution after second stage solver 610
Number of cycles 3
Time for each cycle 1473.44
4420.33s Cost of SP solution after tail step 610
SELECTED RESOURCES:
163 311 377 401 425 474 569 679 727 766 801 875 902 916 953 962 997 1025 1053 1127 1163 1176 1233 1257 1292 1381 1401 1434 1455 1507 1541 1554 1635 1648 1715 1785 1839 1840 2001 2015 2099 2144 2167 2183 2239 2278 2304 2375 2376 2449 2479 2505 2557 2576 2668 2699 2722 2756 2824 2852 2925 2959 3005 3036 3092 3148 3192 3237 3246 3287 3338 3380 3407 3419 3546 3585 3607 3696 3747 3771 3833 3879 3947 3978 4048 4153 4283 4290 4383 4559 4646 4651 4714 4845 4848 4887 4941 4977 5002 
SCENARIO'S RESOURCES:
S 0: 3 | 163 311 377 401 425 474 569 679 727 766 801 875 902 916 953 962 997 1025 1053 1127 1163 1176 1233 1257 1292 1381 1401 1434 1455 1507 1541 1554 1635 1648 1715 1785 1839 1840 2001 2015 2099 2144 2167 2183 2239 2278 2304 2375 2376 2449 2479 2505 2557 2576 2668 2699 2722 2756 2824 2852 2925 2959 3005 3036 3092 3148 3192 3237 3246 3287 3338 3380 3407 3419 3546 3585 3607 3696 3747 3771 3833 3879 3947 3978 4048 4153 4270 4283 4290 4383 4559 4646 4651 4692 4714 4845 4848 4887 4941 4977 5002 
S 1: 3 | 163 311 377 401 425 474 569 679 727 766 801 875 902 916 953 962 997 1025 1053 1127 1163 1176 1233 1257 1292 1381 1401 1434 1455 1507 1541 1554 1635 1648 1715 1785 1839 1840 2001 2015 2099 2144 2167 2183 2239 2278 2304 2375 2376 2449 2479 2505 2557 2576 2668 2699 2722 2756 2824 2852 2925 2959 3005 3036 3092 3148 3192 3237 3246 3287 3338 3380 3407 3419 3546 3585 3607 3696 3747 3771 3833 3879 3947 3978 4048 4153 4270 4283 4290 4383 4559 4646 4651 4692 4714 4845 4848 4887 4941 4977 5002 
S 2: 3 | 163 311 377 401 425 474 569 679 727 766 801 875 902 916 953 962 997 1025 1053 1127 1163 1176 1233 1257 1292 1381 1401 1434 1455 1507 1541 1554 1635 1648 1715 1785 1839 1840 2001 2015 2099 2144 2167 2183 2239 2278 2304 2375 2376 2449 2479 2505 2557 2576 2668 2699 2722 2756 2824 2852 2925 2959 3005 3036 3092 3148 3192 3237 3246 3287 3338 3380 3407 3419 3546 3585 3607 3696 3747 3771 3833 3879 3947 3978 4048 4153 4270 4283 4290 4383 4559 4646 4651 4692 4714 4845 4848 4887 4941 4977 5002 
S 3: 3 | 163 311 377 401 425 474 569 679 727 766 801 875 902 916 953 962 997 1025 1053 1127 1163 1176 1233 1257 1292 1381 1401 1434 1455 1507 1541 1554 1635 1648 1715 1785 1839 1840 2001 2015 2099 2144 2167 2183 2239 2278 2304 2375 2376 2449 2479 2505 2557 2576 2668 2699 2722 2756 2824 2852 2925 2959 3005 3036 3092 3148 3192 3237 3246 3287 3338 3380 3407 3419 3546 3585 3607 3696 3747 3771 3833 3879 3947 3978 4048 4153 4270 4283 4290 4383 4559 4646 4651 4692 4714 4845 4848 4887 4941 4977 5002 
S 4: 3 | 163 311 377 401 425 474 569 679 727 766 801 875 902 916 953 962 997 1025 1053 1127 1163 1176 1233 1257 1292 1381 1401 1434 1455 1507 1541 1554 1635 1648 1715 1785 1839 1840 2001 2015 2099 2144 2167 2183 2239 2278 2304 2375 2376 2449 2479 2505 2557 2576 2668 2699 2722 2756 2824 2852 2925 2959 3005 3036 3092 3148 3192 3237 3246 3287 3338 3380 3407 3419 3546 3585 3607 3696 3747 3771 3833 3879 3947 3978 4048 4153 4270 4283 4290 4383 4559 4646 4651 4692 4714 4845 4848 4887 4941 4977 5002 
S 5: 3 | 163 311 377 401 425 474 569 679 727 766 801 875 902 916 953 962 997 1025 1053 1127 1163 1176 1233 1257 1292 1381 1401 1434 1455 1507 1541 1554 1635 1648 1715 1785 1839 1840 2001 2015 2099 2144 2167 2183 2239 2278 2304 2375 2376 2449 2479 2505 2557 2576 2668 2699 2722 2756 2824 2852 2925 2959 3005 3036 3092 3148 3192 3237 3246 3287 3338 3380 3407 3419 3546 3585 3607 3696 3747 3771 3833 3879 3947 3978 4048 4153 4270 4283 4290 4383 4559 4646 4651 4692 4714 4845 4848 4887 4941 4977 5002 
S 6: 3 | 163 311 377 401 425 474 569 679 727 766 801 875 902 916 953 962 997 1025 1053 1127 1163 1176 1233 1257 1292 1381 1401 1434 1455 1507 1541 1554 1635 1648 1715 1785 1839 1840 2001 2015 2099 2144 2167 2183 2239 2278 2304 2375 2376 2449 2479 2505 2557 2576 2668 2699 2722 2756 2824 2852 2925 2959 3005 3036 3092 3148 3192 3237 3246 3287 3338 3380 3407 3419 3546 3585 3607 3696 3747 3771 3833 3879 3947 3978 4048 4153 4270 4283 4290 4383 4559 4646 4651 4692 4714 4845 4848 4887 4941 4977 5002 
S 7: 3 | 163 311 377 401 425 474 569 679 727 766 801 875 902 916 953 962 997 1025 1053 1127 1163 1176 1233 1257 1292 1381 1401 1434 1455 1507 1541 1554 1635 1648 1715 1785 1839 1840 2001 2015 2099 2144 2167 2183 2239 2278 2304 2375 2376 2449 2479 2505 2557 2576 2668 2699 2722 2756 2824 2852 2925 2959 3005 3036 3092 3148 3192 3237 3246 3287 3338 3380 3407 3419 3546 3585 3607 3696 3747 3771 3833 3879 3947 3978 4048 4153 4270 4283 4290 4383 4559 4646 4651 4692 4714 4845 4848 4887 4941 4977 5002 
S 8: 3 | 163 311 377 401 425 474 569 679 727 766 801 875 902 916 953 962 997 1025 1053 1127 1163 1176 1233 1257 1292 1381 1401 1434 1455 1507 1541 1554 1635 1648 1715 1785 1839 1840 2001 2015 2099 2144 2167 2183 2239 2278 2304 2375 2376 2449 2479 2505 2557 2576 2668 2699 2722 2756 2824 2852 2925 2959 3005 3036 3092 3148 3192 3237 3246 3287 3338 3380 3407 3419 3546 3585 3607 3696 3747 3771 3833 3879 3947 3978 4048 4153 4270 4283 4290 4383 4559 4646 4651 4692 4714 4845 4848 4887 4941 4977 5002 
S 9: 3 | 163 311 377 401 425 474 569 679 727 766 801 875 902 916 953 962 997 1025 1053 1127 1163 1176 1233 1257 1292 1381 1401 1434 1455 1507 1541 1554 1635 1648 1715 1785 1839 1840 2001 2015 2099 2144 2167 2183 2239 2278 2304 2375 2376 2449 2479 2505 2557 2576 2668 2699 2722 2756 2824 2852 2925 2959 3005 3036 3092 3148 3192 3237 3246 3287 3338 3380 3407 3419 3546 3585 3607 3696 3747 3771 3833 3879 3947 3978 4048 4153 4270 4283 4290 4383 4559 4646 4651 4692 4714 4845 4848 4887 4941 4977 5002 
S 10: 3 | 163 311 377 401 425 474 569 679 727 766 801 875 902 916 953 962 997 1025 1053 1127 1163 1176 1233 1257 1292 1381 1401 1434 1455 1507 1541 1554 1635 1648 1715 1785 1839 1840 2001 2015 2099 2144 2167 2183 2239 2278 2304 2375 2376 2449 2479 2505 2557 2576 2668 2699 2722 2756 2824 2852 2925 2959 3005 3036 3092 3148 3192 3237 3246 3287 3338 3380 3407 3419 3546 3585 3607 3696 3747 3771 3833 3879 3947 3978 4048 4153 4270 4283 4290 4383 4559 4646 4651 4692 4714 4845 4848 4887 4941 4977 5002 
S 11: 3 | 163 311 377 401 425 474 569 679 727 766 801 875 902 916 953 962 997 1025 1053 1127 1163 1176 1233 1257 1292 1381 1401 1434 1455 1507 1541 1554 1635 1648 1715 1785 1839 1840 2001 2015 2099 2144 2167 2183 2239 2278 2304 2375 2376 2449 2479 2505 2557 2576 2668 2699 2722 2756 2824 2852 2925 2959 3005 3036 3092 3148 3192 3237 3246 3287 3338 3380 3407 3419 3546 3585 3607 3696 3747 3771 3833 3879 3947 3978 4048 4153 4270 4283 4290 4383 4559 4646 4651 4692 4714 4845 4848 4887 4941 4977 5002 
S 12: 3 | 163 311 377 401 425 474 569 679 727 766 801 875 902 916 953 962 997 1025 1053 1127 1163 1176 1233 1257 1292 1381 1401 1434 1455 1507 1541 1554 1635 1648 1715 1785 1839 1840 2001 2015 2099 2144 2167 2183 2239 2278 2304 2375 2376 2449 2479 2505 2557 2576 2668 2699 2722 2756 2824 2852 2925 2959 3005 3036 3092 3148 3192 3237 3246 3287 3338 3380 3407 3419 3546 3585 3607 3696 3747 3771 3833 3879 3947 3978 4048 4153 4270 4283 4290 4383 4559 4646 4651 4692 4714 4845 4848 4887 4941 4977 5002 
S 13: 3 | 163 311 377 401 425 474 569 679 727 766 801 875 902 916 953 962 997 1025 1053 1127 1163 1176 1233 1257 1292 1381 1401 1434 1455 1507 1541 1554 1635 1648 1715 1785 1839 1840 2001 2015 2099 2144 2167 2183 2239 2278 2304 2375 2376 2449 2479 2505 2557 2576 2668 2699 2722 2756 2824 2852 2925 2959 3005 3036 3092 3148 3192 3237 3246 3287 3338 3380 3407 3419 3546 3585 3607 3696 3747 3771 3833 3879 3947 3978 4048 4153 4270 4283 4290 4383 4559 4646 4651 4692 4714 4845 4848 4887 4941 4977 5002 
S 14: 3 | 163 311 377 401 425 474 569 679 727 766 801 875 902 916 953 962 997 1025 1053 1127 1163 1176 1233 1257 1292 1381 1401 1434 1455 1507 1541 1554 1635 1648 1715 1785 1839 1840 2001 2015 2099 2144 2167 2183 2239 2278 2304 2375 2376 2449 2479 2505 2557 2576 2668 2699 2722 2756 2824 2852 2925 2959 3005 3036 3092 3148 3192 3237 3246 3287 3338 3380 3407 3419 3546 3585 3607 3696 3747 3771 3833 3879 3947 3978 4048 4153 4270 4283 4290 4383 4559 4646 4651 4692 4714 4845 4848 4887 4941 4977 5002 
S 15: 3 | 163 311 377 401 425 474 569 679 727 766 801 875 902 916 953 962 997 1025 1053 1127 1163 1176 1233 1257 1292 1381 1401 1434 1455 1507 1541 1554 1635 1648 1715 1785 1839 1840 2001 2015 2099 2144 2167 2183 2239 2278 2304 2375 2376 2449 2479 2505 2557 2576 2668 2699 2722 2756 2824 2852 2925 2959 3005 3036 3092 3148 3192 3237 3246 3287 3338 3380 3407 3419 3546 3585 3607 3696 3747 3771 3833 3879 3947 3978 4048 4153 4270 4283 4290 4383 4559 4646 4651 4692 4714 4845 4848 4887 4941 4977 5002 
S 16: 3 | 163 311 377 401 425 474 569 679 727 766 801 875 902 916 953 962 997 1025 1053 1127 1163 1176 1233 1257 1292 1381 1401 1434 1455 1507 1541 1554 1635 1648 1715 1785 1839 1840 2001 2015 2099 2144 2167 2183 2239 2278 2304 2375 2376 2449 2479 2505 2557 2576 2668 2699 2722 2756 2824 2852 2925 2959 3005 3036 3092 3148 3192 3237 3246 3287 3338 3380 3407 3419 3546 3585 3607 3696 3747 3771 3833 3879 3947 3978 4048 4153 4270 4283 4290 4383 4559 4646 4651 4692 4714 4845 4848 4887 4941 4977 5002 
S 17: 3 | 163 311 377 401 425 474 569 679 727 766 801 875 902 916 953 962 997 1025 1053 1127 1163 1176 1233 1257 1292 1381 1401 1434 1455 1507 1541 1554 1635 1648 1715 1785 1839 1840 2001 2015 2099 2144 2167 2183 2239 2278 2304 2375 2376 2449 2479 2505 2557 2576 2668 2699 2722 2756 2824 2852 2925 2959 3005 3036 3092 3148 3192 3237 3246 3287 3338 3380 3407 3419 3546 3585 3607 3696 3747 3771 3833 3879 3947 3978 4048 4153 4270 4283 4290 4383 4559 4646 4651 4692 4714 4845 4848 4887 4941 4977 5002 
S 18: 3 | 163 311 377 401 425 474 569 679 727 766 801 875 902 916 953 962 997 1025 1053 1127 1163 1176 1233 1257 1292 1381 1401 1434 1455 1507 1541 1554 1635 1648 1715 1785 1839 1840 2001 2015 2099 2144 2167 2183 2239 2278 2304 2375 2376 2449 2479 2505 2557 2576 2668 2699 2722 2756 2824 2852 2925 2959 3005 3036 3092 3148 3192 3237 3246 3287 3338 3380 3407 3419 3546 3585 3607 3696 3747 3771 3833 3879 3947 3978 4048 4153 4270 4283 4290 4383 4559 4646 4651 4692 4714 4845 4848 4887 4941 4977 5002 
S 19: 3 | 163 311 377 401 425 474 569 679 727 766 801 875 902 916 953 962 997 1025 1053 1127 1163 1176 1233 1257 1292 1381 1401 1434 1455 1507 1541 1554 1635 1648 1715 1785 1839 1840 2001 2015 2099 2144 2167 2183 2239 2278 2304 2375 2376 2449 2479 2505 2557 2576 2668 2699 2722 2756 2824 2852 2925 2959 3005 3036 3092 3148 3192 3237 3246 3287 3338 3380 3407 3419 3546 3585 3607 3696 3747 3771 3833 3879 3947 3978 4048 4153 4270 4283 4290 4383 4559 4646 4651 4692 4714 4845 4848 4887 4941 4977 5002 

Final time = 4420.37
Final solution cost = 610
