Reading instance small_stp_instances/eil101_5_10.stp of type D
Finished instance reading
Number of vertices = 101
Number of edges (resources) = 5050
Number of scenarios = 5
Average number of terminals per scenario = 101
Probabilities of Scenarios: (0) 0.27 | (1) 0.08 | (2) 0.08 | (3) 0.22 | (4) 0.35 | 
Average weighted inflation = 0.475273
Largest inflation = 0.987013
MAX_ITERATIONS_SINCE_LAST_IMPROVEMENT 2
MAX_ITERATIONS_SINCE_BEST_SOLUTION 3
Creating solution instance.
Starting Evolutive Framework.
Local search solution cost = 644.17
Local search time = 1082
1082 local search - EF main loop cycle 0 solution cost 644.17
1082.04s Cost of SP solution after second stage solver 644.17
Local search solution cost = 632
Local search time = 67.05
1149.09 local search - EF main loop cycle 1 solution cost 632
1149.1s Cost of SP solution after second stage solver 632
Local search solution cost = 632
Local search time = 64.8421
1213.94 local search - EF main loop cycle 2 solution cost 632
1213.95s Cost of SP solution after second stage solver 632
Local search solution cost = 632
Local search time = 64.8485
1278.79 local search - EF main loop cycle 3 solution cost 632
1278.8s Cost of SP solution after second stage solver 632
Number of cycles 4
Time for each cycle 319.7
1278.8s Cost of SP solution after tail step 632
SELECTED RESOURCES:
67 163 279 311 376 377 401 425 494 556 569 679 706 761 801 875 902 916 918 953 997 1025 1053 1127 1163 1176 1233 1292 1389 1454 1455 1507 1541 1554 1635 1648 1715 1785 1839 1952 1963 2001 2050 2099 2167 2183 2278 2329 2355 2376 2479 2480 2576 2627 2649 2699 2741 2756 2777 2824 2852 2917 2959 3035 3080 3134 3148 3192 3210 3246 3287 3365 3380 3407 3419 3546 3586 3607 3696 3747 3771 3833 3845 3947 3978 4089 4153 4283 4290 4462 4523 4646 4654 4692 4748 4845 4848 4887 4941 4976 5002 
SCENARIO'S RESOURCES:
S 0: 0 | 67 163 279 311 376 377 401 425 494 556 569 679 706 761 801 875 902 916 918 953 997 1025 1053 1127 1163 1176 1233 1292 1389 1454 1455 1507 1541 1554 1635 1648 1715 1785 1839 1952 1963 2001 2050 2099 2167 2183 2278 2329 2355 2376 2479 2480 2576 2627 2649 2699 2741 2756 2777 2824 2852 2917 2959 3035 3080 3134 3148 3192 3210 3246 3287 3365 3380 3407 3419 3546 3586 3607 3696 3747 3771 3833 3845 3947 3978 4089 4153 4283 4290 4462 4523 4646 4654 4692 4748 4845 4848 4887 4941 4976 5002 
S 1: 0 | 67 163 279 311 376 377 401 425 494 556 569 679 706 761 801 875 902 916 918 953 997 1025 1053 1127 1163 1176 1233 1292 1389 1454 1455 1507 1541 1554 1635 1648 1715 1785 1839 1952 1963 2001 2050 2099 2167 2183 2278 2329 2355 2376 2479 2480 2576 2627 2649 2699 2741 2756 2777 2824 2852 2917 2959 3035 3080 3134 3148 3192 3210 3246 3287 3365 3380 3407 3419 3546 3586 3607 3696 3747 3771 3833 3845 3947 3978 4089 4153 4283 4290 4462 4523 4646 4654 4692 4748 4845 4848 4887 4941 4976 5002 
S 2: 0 | 67 163 279 311 376 377 401 425 494 556 569 679 706 761 801 875 902 916 918 953 997 1025 1053 1127 1163 1176 1233 1292 1389 1454 1455 1507 1541 1554 1635 1648 1715 1785 1839 1952 1963 2001 2050 2099 2167 2183 2278 2329 2355 2376 2479 2480 2576 2627 2649 2699 2741 2756 2777 2824 2852 2917 2959 3035 3080 3134 3148 3192 3210 3246 3287 3365 3380 3407 3419 3546 3586 3607 3696 3747 3771 3833 3845 3947 3978 4089 4153 4283 4290 4462 4523 4646 4654 4692 4748 4845 4848 4887 4941 4976 5002 
S 3: 0 | 67 163 279 311 376 377 401 425 494 556 569 679 706 761 801 875 902 916 918 953 997 1025 1053 1127 1163 1176 1233 1292 1389 1454 1455 1507 1541 1554 1635 1648 1715 1785 1839 1952 1963 2001 2050 2099 2167 2183 2278 2329 2355 2376 2479 2480 2576 2627 2649 2699 2741 2756 2777 2824 2852 2917 2959 3035 3080 3134 3148 3192 3210 3246 3287 3365 3380 3407 3419 3546 3586 3607 3696 3747 3771 3833 3845 3947 3978 4089 4153 4283 4290 4462 4523 4646 4654 4692 4748 4845 4848 4887 4941 4976 5002 
S 4: 0 | 67 163 279 311 376 377 401 425 494 556 569 679 706 761 801 875 902 916 918 953 997 1025 1053 1127 1163 1176 1233 1292 1389 1454 1455 1507 1541 1554 1635 1648 1715 1785 1839 1952 1963 2001 2050 2099 2167 2183 2278 2329 2355 2376 2479 2480 2576 2627 2649 2699 2741 2756 2777 2824 2852 2917 2959 3035 3080 3134 3148 3192 3210 3246 3287 3365 3380 3407 3419 3546 3586 3607 3696 3747 3771 3833 3845 3947 3978 4089 4153 4283 4290 4462 4523 4646 4654 4692 4748 4845 4848 4887 4941 4976 5002 
ALL EQUAL

Final time = 1278.82
Final solution cost = 632
