Reading instance small_stp_instances/eil101_5_05.stp of type D
Finished instance reading
Number of vertices = 101
Number of edges (resources) = 5050
Number of scenarios = 5
Average number of terminals per scenario = 101
Probabilities of Scenarios: (0) 0.34 | (1) 0.19 | (2) 0.05 | (3) 0.36 | (4) 0.06 | 
Average weighted inflation = 0.22831
Largest inflation = 0.493827
MAX_ITERATIONS_SINCE_LAST_IMPROVEMENT 2
MAX_ITERATIONS_SINCE_BEST_SOLUTION 3
Creating solution instance.
Starting Evolutive Framework.
Local search solution cost = 621.32
Local search time = 975.234
975.234 local search - EF main loop cycle 0 solution cost 621.32
975.296s Cost of SP solution after second stage solver 621.32
Local search solution cost = 617
Local search time = 82.5672
1057.86 local search - EF main loop cycle 1 solution cost 617
1057.88s Cost of SP solution after second stage solver 617
Local search solution cost = 617
Local search time = 81.2335
1139.11 local search - EF main loop cycle 2 solution cost 617
1139.13s Cost of SP solution after second stage solver 617
Local search solution cost = 617
Local search time = 81.2348
1220.36 local search - EF main loop cycle 3 solution cost 617
1220.38s Cost of SP solution after second stage solver 617
Number of cycles 4
Time for each cycle 305.094
1220.39s Cost of SP solution after tail step 617
SELECTED RESOURCES:
67 163 311 376 401 425 474 679 727 761 801 875 902 916 953 962 997 1025 1053 1127 1163 1176 1233 1257 1281 1301 1353 1381 1401 1434 1455 1507 1541 1554 1608 1635 1715 1785 1840 2001 2015 2050 2099 2144 2167 2183 2239 2278 2308 2355 2375 2423 2449 2576 2627 2649 2699 2741 2824 2852 2925 2959 3005 3036 3092 3148 3192 3237 3246 3287 3338 3380 3407 3419 3546 3585 3607 3696 3771 3802 3833 3845 3947 3978 4048 4153 4283 4464 4559 4646 4651 4692 4714 4941 4976 5002 
SCENARIO'S RESOURCES:
S 0: 12 | 67 163 311 376 401 425 474 679 727 761 801 875 902 916 953 962 997 1025 1053 1127 1163 1176 1233 1257 1281 1301 1353 1381 1401 1434 1455 1507 1541 1554 1608 1635 1715 1785 1840 2001 2015 2050 2099 2144 2167 2183 2239 2278 2308 2355 2375 2423 2449 2576 2627 2649 2699 2741 2756 2824 2852 2925 2959 3005 3036 3092 3148 3192 3237 3246 3287 3338 3380 3407 3419 3546 3585 3607 3696 3771 3802 3833 3845 3947 3978 4048 4153 4270 4283 4464 4559 4646 4651 4692 4714 4845 4848 4887 4941 4976 5002 
S 1: 12 | 67 163 311 376 401 425 474 679 727 761 801 875 902 916 953 962 997 1025 1053 1127 1163 1176 1233 1257 1281 1301 1353 1381 1401 1434 1455 1507 1541 1554 1608 1635 1715 1785 1840 2001 2015 2050 2099 2144 2167 2183 2239 2278 2308 2355 2375 2423 2449 2576 2627 2649 2699 2741 2756 2824 2852 2925 2959 3005 3036 3092 3148 3192 3237 3246 3287 3338 3380 3407 3419 3546 3585 3607 3696 3771 3802 3833 3845 3947 3978 4048 4153 4270 4283 4464 4559 4646 4651 4692 4714 4845 4848 4887 4941 4976 5002 
S 2: 12 | 67 163 311 376 401 425 474 679 727 761 801 875 902 916 953 962 997 1025 1053 1127 1163 1176 1233 1257 1281 1301 1353 1381 1401 1434 1455 1507 1541 1554 1608 1635 1715 1785 1840 2001 2015 2050 2099 2144 2167 2183 2239 2278 2308 2355 2375 2423 2449 2576 2627 2649 2699 2741 2756 2824 2852 2925 2959 3005 3036 3092 3148 3192 3237 3246 3287 3338 3380 3407 3419 3546 3585 3607 3696 3771 3802 3833 3845 3947 3978 4048 4153 4270 4283 4464 4559 4646 4651 4692 4714 4845 4848 4887 4941 4976 5002 
S 3: 12 | 67 163 311 376 401 425 474 679 727 761 801 875 902 916 953 962 997 1025 1053 1127 1163 1176 1233 1257 1281 1301 1353 1381 1401 1434 1455 1507 1541 1554 1608 1635 1715 1785 1840 2001 2015 2050 2099 2144 2167 2183 2239 2278 2308 2355 2375 2423 2449 2576 2627 2649 2699 2741 2756 2824 2852 2925 2959 3005 3036 3092 3148 3192 3237 3246 3287 3338 3380 3407 3419 3546 3585 3607 3696 3771 3802 3833 3845 3947 3978 4048 4153 4270 4283 4464 4559 4646 4651 4692 4714 4845 4848 4887 4941 4976 5002 
S 4: 12 | 67 163 311 376 401 425 474 679 727 761 801 875 902 916 953 962 997 1025 1053 1127 1163 1176 1233 1257 1281 1301 1353 1381 1401 1434 1455 1507 1541 1554 1608 1635 1715 1785 1840 2001 2015 2050 2099 2144 2167 2183 2239 2278 2308 2355 2375 2423 2449 2576 2627 2649 2699 2741 2756 2824 2852 2925 2959 3005 3036 3092 3148 3192 3237 3246 3287 3338 3380 3407 3419 3546 3585 3607 3696 3771 3802 3833 3845 3947 3978 4048 4153 4270 4283 4464 4559 4646 4651 4692 4714 4845 4848 4887 4941 4976 5002 

Final time = 1220.41
Final solution cost = 617
