Reading instance small_stp_instances/eil101_10_03.stp of type D
Finished instance reading
Number of vertices = 101
Number of edges (resources) = 5050
Number of scenarios = 10
Average number of terminals per scenario = 101
Probabilities of Scenarios: (0) 0.07 | (1) 0.09 | (2) 0.09 | (3) 0.14 | (4) 0.08 | (5) 0.07 | (6) 0.2 | (7) 0.09 | (8) 0.04 | (9) 0.13 | 
Average weighted inflation = 0.129278
Largest inflation = 0.298507
MAX_ITERATIONS_SINCE_LAST_IMPROVEMENT 2
MAX_ITERATIONS_SINCE_BEST_SOLUTION 3
Creating solution instance.
Starting Evolutive Framework.
Local search solution cost = 611.18
Local search time = 2208.89
2208.89 local search - EF main loop cycle 0 solution cost 611.18
2209.01s Cost of SP solution after second stage solver 611.18
Local search solution cost = 610
Local search time = 251.804
2460.82 local search - EF main loop cycle 1 solution cost 610
2460.91s Cost of SP solution after second stage solver 610
Local search solution cost = 610
Local search time = 243.398
2704.31 local search - EF main loop cycle 2 solution cost 610
2704.4s Cost of SP solution after second stage solver 610
Local search solution cost = 610
Local search time = 243.531
2947.93 local search - EF main loop cycle 3 solution cost 610
2948.02s Cost of SP solution after second stage solver 610
Number of cycles 4
Time for each cycle 737.005
2948.11s Cost of SP solution after tail step 610
SELECTED RESOURCES:
163 311 376 377 401 494 594 679 727 761 781 801 875 902 916 953 962 997 1070 1080 1099 1163 1176 1233 1244 1292 1381 1455 1484 1507 1541 1554 1635 1648 1715 1785 1839 1900 1963 2001 2099 2144 2167 2183 2234 2278 2308 2375 2376 2449 2479 2488 2576 2756 2774 2824 2852 2925 2954 2959 3005 3035 3092 3148 3168 3192 3246 3287 3338 3380 3407 3419 3546 3585 3607 3696 3747 3802 3833 3879 3947 3978 4048 4153 4270 4283 4290 4383 4559 4646 4845 4848 4976 5002 
SCENARIO'S RESOURCES:
S 0: 18 | 163 311 376 377 401 494 594 679 727 761 781 801 875 902 916 953 962 997 1070 1080 1099 1163 1176 1233 1244 1292 1381 1455 1484 1507 1541 1554 1635 1648 1715 1785 1839 1900 1963 2001 2099 2144 2167 2183 2234 2278 2308 2375 2376 2449 2479 2488 2576 2627 2649 2756 2774 2824 2852 2925 2954 2959 3005 3035 3092 3148 3168 3192 3246 3287 3338 3380 3407 3419 3546 3585 3607 3696 3747 3802 3833 3879 3947 3978 4048 4153 4270 4283 4290 4383 4559 4646 4651 4692 4714 4845 4848 4887 4941 4976 5002 
S 1: 18 | 163 311 376 377 401 494 594 679 727 761 781 801 875 902 916 953 962 997 1070 1080 1099 1163 1176 1233 1244 1292 1381 1455 1484 1507 1541 1554 1635 1648 1715 1785 1839 1900 1963 2001 2099 2144 2167 2183 2234 2278 2308 2375 2376 2449 2479 2488 2576 2627 2649 2756 2774 2824 2852 2925 2954 2959 3005 3035 3092 3148 3168 3192 3246 3287 3338 3380 3407 3419 3546 3585 3607 3696 3747 3802 3833 3879 3947 3978 4048 4153 4270 4283 4290 4383 4559 4646 4651 4692 4714 4845 4848 4887 4941 4976 5002 
S 2: 18 | 163 311 376 377 401 494 594 679 727 761 781 801 875 902 916 953 962 997 1070 1080 1099 1163 1176 1233 1244 1292 1381 1455 1484 1507 1541 1554 1635 1648 1715 1785 1839 1900 1963 2001 2099 2144 2167 2183 2234 2278 2308 2375 2376 2449 2479 2488 2576 2627 2649 2756 2774 2824 2852 2925 2954 2959 3005 3035 3092 3148 3168 3192 3246 3287 3338 3380 3407 3419 3546 3585 3607 3696 3747 3802 3833 3879 3947 3978 4048 4153 4270 4283 4290 4383 4559 4646 4651 4692 4714 4845 4848 4887 4941 4976 5002 
S 3: 18 | 163 311 376 377 401 494 594 679 727 761 781 801 875 902 916 953 962 997 1070 1080 1099 1163 1176 1233 1244 1292 1381 1455 1484 1507 1541 1554 1635 1648 1715 1785 1839 1900 1963 2001 2099 2144 2167 2183 2234 2278 2308 2375 2376 2449 2479 2488 2576 2627 2649 2756 2774 2824 2852 2925 2954 2959 3005 3035 3092 3148 3168 3192 3246 3287 3338 3380 3407 3419 3546 3585 3607 3696 3747 3802 3833 3879 3947 3978 4048 4153 4270 4283 4290 4383 4559 4646 4651 4692 4714 4845 4848 4887 4941 4976 5002 
S 4: 18 | 163 311 376 377 401 494 594 679 727 761 781 801 875 902 916 953 962 997 1070 1080 1099 1163 1176 1233 1244 1292 1381 1455 1484 1507 1541 1554 1635 1648 1715 1785 1839 1900 1963 2001 2099 2144 2167 2183 2234 2278 2308 2375 2376 2449 2479 2488 2576 2627 2649 2756 2774 2824 2852 2925 2954 2959 3005 3035 3092 3148 3168 3192 3246 3287 3338 3380 3407 3419 3546 3585 3607 3696 3747 3802 3833 3879 3947 3978 4048 4153 4270 4283 4290 4383 4559 4646 4651 4692 4714 4845 4848 4887 4941 4976 5002 
S 5: 18 | 163 311 376 377 401 494 594 679 727 761 781 801 875 902 916 953 962 997 1070 1080 1099 1163 1176 1233 1244 1292 1381 1455 1484 1507 1541 1554 1635 1648 1715 1785 1839 1900 1963 2001 2099 2144 2167 2183 2234 2278 2308 2375 2376 2449 2479 2488 2576 2627 2649 2756 2774 2824 2852 2925 2954 2959 3005 3035 3092 3148 3168 3192 3246 3287 3338 3380 3407 3419 3546 3585 3607 3696 3747 3802 3833 3879 3947 3978 4048 4153 4270 4283 4290 4383 4559 4646 4651 4692 4714 4845 4848 4887 4941 4976 5002 
S 6: 18 | 163 311 376 377 401 494 594 679 727 761 781 801 875 902 916 953 962 997 1070 1080 1099 1163 1176 1233 1244 1292 1381 1455 1484 1507 1541 1554 1635 1648 1715 1785 1839 1900 1963 2001 2099 2144 2167 2183 2234 2278 2308 2375 2376 2449 2479 2488 2576 2627 2649 2756 2774 2824 2852 2925 2954 2959 3005 3035 3092 3148 3168 3192 3246 3287 3338 3380 3407 3419 3546 3585 3607 3696 3747 3802 3833 3879 3947 3978 4048 4153 4270 4283 4290 4383 4559 4646 4651 4692 4714 4845 4848 4887 4941 4976 5002 
S 7: 18 | 163 311 376 377 401 494 594 679 727 761 781 801 875 902 916 953 962 997 1070 1080 1099 1163 1176 1233 1244 1292 1381 1455 1484 1507 1541 1554 1635 1648 1715 1785 1839 1900 1963 2001 2099 2144 2167 2183 2234 2278 2308 2375 2376 2449 2479 2488 2576 2627 2649 2756 2774 2824 2852 2925 2954 2959 3005 3035 3092 3148 3168 3192 3246 3287 3338 3380 3407 3419 3546 3585 3607 3696 3747 3802 3833 3879 3947 3978 4048 4153 4270 4283 4290 4383 4559 4646 4651 4692 4714 4845 4848 4887 4941 4976 5002 
S 8: 18 | 163 311 376 377 401 494 594 679 727 761 781 801 875 902 916 953 962 997 1070 1080 1099 1163 1176 1233 1244 1292 1381 1455 1484 1507 1541 1554 1635 1648 1715 1785 1839 1900 1963 2001 2099 2144 2167 2183 2234 2278 2308 2375 2376 2449 2479 2488 2576 2627 2649 2756 2774 2824 2852 2925 2954 2959 3005 3035 3092 3148 3168 3192 3246 3287 3338 3380 3407 3419 3546 3585 3607 3696 3747 3802 3833 3879 3947 3978 4048 4153 4270 4283 4290 4383 4559 4646 4651 4692 4714 4845 4848 4887 4941 4976 5002 
S 9: 18 | 163 311 376 377 401 494 594 679 727 761 781 801 875 902 916 953 962 997 1070 1080 1099 1163 1176 1233 1244 1292 1381 1455 1484 1507 1541 1554 1635 1648 1715 1785 1839 1900 1963 2001 2099 2144 2167 2183 2234 2278 2308 2375 2376 2449 2479 2488 2576 2627 2649 2756 2774 2824 2852 2925 2954 2959 3005 3035 3092 3148 3168 3192 3246 3287 3338 3380 3407 3419 3546 3585 3607 3696 3747 3802 3833 3879 3947 3978 4048 4153 4270 4283 4290 4383 4559 4646 4651 4692 4714 4845 4848 4887 4941 4976 5002 

Final time = 2948.22
Final solution cost = 610
