Reading instance small_stp_instances/eil101_20_10.stp of type D
Finished instance reading
Number of vertices = 101
Number of edges (resources) = 5050
Number of scenarios = 20
Average number of terminals per scenario = 101
Probabilities of Scenarios: (0) 0.01 | (1) 0 | (2) 0.04 | (3) 0.02 | (4) 0.15 | (5) 0.05 | (6) 0.08 | (7) 0.04 | (8) 0.08 | (9) 0.09 | (10) 0.03 | (11) 0 | (12) 0.05 | (13) 0.04 | (14) 0.03 | (15) 0.08 | (16) 0.05 | (17) 0.01 | (18) 0.09 | (19) 0.06 | 
Average weighted inflation = 0.476291
Largest inflation = 0.987952
MAX_ITERATIONS_SINCE_LAST_IMPROVEMENT 2
MAX_ITERATIONS_SINCE_BEST_SOLUTION 3
Creating solution instance.
Starting Evolutive Framework.
Local search solution cost = 631.8
Local search time = 4713.54
4713.54 local search - EF main loop cycle 0 solution cost 631.8
4713.58s Cost of SP solution after second stage solver 631.8
Local search solution cost = 630
Local search time = 264.077
4977.65 local search - EF main loop cycle 1 solution cost 630
4977.68s Cost of SP solution after second stage solver 630
Local search solution cost = 630
Local search time = 263.565
5241.24 local search - EF main loop cycle 2 solution cost 630
5241.26s Cost of SP solution after second stage solver 630
Local search solution cost = 630
Local search time = 263.582
5504.85 local search - EF main loop cycle 3 solution cost 630
5504.87s Cost of SP solution after second stage solver 630
Number of cycles 4
Time for each cycle 1376.22
5504.89s Cost of SP solution after tail step 630
SELECTED RESOURCES:
163 311 376 377 401 425 474 569 679 727 761 801 802 833 875 902 940 953 962 997 1025 1053 1127 1163 1176 1233 1257 1292 1381 1401 1434 1455 1541 1554 1608 1648 1715 1774 1785 1839 1840 2001 2015 2050 2099 2167 2183 2239 2278 2304 2375 2376 2479 2480 2540 2576 2627 2649 2756 2774 2824 2852 2925 2959 3005 3036 3092 3148 3192 3237 3246 3287 3338 3380 3419 3585 3613 3656 3747 3771 3833 3879 3947 3978 4089 4153 4269 4270 4283 4290 4559 4646 4654 4747 4811 4848 4887 4941 4989 5002 
SCENARIO'S RESOURCES:
S 0: 1 | 163 311 376 377 401 425 474 569 679 727 761 801 802 833 875 902 940 953 962 997 1025 1053 1127 1163 1176 1233 1257 1292 1381 1401 1434 1455 1541 1554 1608 1648 1715 1774 1785 1839 1840 2001 2015 2050 2099 2167 2183 2239 2278 2304 2375 2376 2479 2480 2540 2576 2627 2649 2756 2774 2824 2852 2925 2959 3005 3036 3092 3148 3192 3237 3246 3287 3338 3380 3419 3585 3613 3656 3747 3771 3833 3879 3947 3978 4089 4153 4269 4270 4283 4290 4559 4646 4654 4692 4747 4811 4848 4887 4941 4989 5002 
S 1: 1 | 163 311 376 377 401 425 474 569 679 727 761 801 802 833 875 902 940 953 962 997 1025 1053 1127 1163 1176 1233 1257 1292 1381 1401 1434 1455 1541 1554 1608 1648 1715 1774 1785 1839 1840 2001 2015 2050 2099 2167 2183 2239 2278 2304 2375 2376 2479 2480 2540 2576 2627 2649 2756 2774 2824 2852 2925 2959 3005 3036 3092 3148 3192 3237 3246 3287 3338 3380 3419 3585 3613 3656 3747 3771 3833 3879 3947 3978 4089 4153 4269 4270 4283 4290 4559 4646 4654 4692 4747 4811 4848 4887 4941 4989 5002 
S 2: 1 | 163 311 376 377 401 425 474 569 679 727 761 801 802 833 875 902 940 953 962 997 1025 1053 1127 1163 1176 1233 1257 1292 1381 1401 1434 1455 1541 1554 1608 1648 1715 1774 1785 1839 1840 2001 2015 2050 2099 2167 2183 2239 2278 2304 2375 2376 2479 2480 2540 2576 2627 2649 2756 2774 2824 2852 2925 2959 3005 3036 3092 3148 3192 3237 3246 3287 3338 3380 3419 3585 3613 3656 3747 3771 3833 3879 3947 3978 4089 4153 4269 4270 4283 4290 4559 4646 4654 4692 4747 4811 4848 4887 4941 4989 5002 
S 3: 1 | 163 311 376 377 401 425 474 569 679 727 761 801 802 833 875 902 940 953 962 997 1025 1053 1127 1163 1176 1233 1257 1292 1381 1401 1434 1455 1541 1554 1608 1648 1715 1774 1785 1839 1840 2001 2015 2050 2099 2167 2183 2239 2278 2304 2375 2376 2479 2480 2540 2576 2627 2649 2756 2774 2824 2852 2925 2959 3005 3036 3092 3148 3192 3237 3246 3287 3338 3380 3419 3585 3613 3656 3747 3771 3833 3879 3947 3978 4089 4153 4269 4270 4283 4290 4559 4646 4654 4692 4747 4811 4848 4887 4941 4989 5002 
S 4: 1 | 163 311 376 377 401 425 474 569 679 727 761 801 802 833 875 902 940 953 962 997 1025 1053 1127 1163 1176 1233 1257 1292 1381 1401 1434 1455 1541 1554 1608 1648 1715 1774 1785 1839 1840 2001 2015 2050 2099 2167 2183 2239 2278 2304 2375 2376 2479 2480 2540 2576 2627 2649 2756 2774 2824 2852 2925 2959 3005 3036 3092 3148 3192 3237 3246 3287 3338 3380 3419 3585 3613 3656 3747 3771 3833 3879 3947 3978 4089 4153 4269 4270 4283 4290 4559 4646 4654 4692 4747 4811 4848 4887 4941 4989 5002 
S 5: 1 | 163 311 376 377 401 425 474 569 679 727 761 801 802 833 875 902 940 953 962 997 1025 1053 1127 1163 1176 1233 1257 1292 1381 1401 1434 1455 1541 1554 1608 1648 1715 1774 1785 1839 1840 2001 2015 2050 2099 2167 2183 2239 2278 2304 2375 2376 2479 2480 2540 2576 2627 2649 2756 2774 2824 2852 2925 2959 3005 3036 3092 3148 3192 3237 3246 3287 3338 3380 3419 3585 3613 3656 3747 3771 3833 3879 3947 3978 4089 4153 4269 4270 4283 4290 4559 4646 4654 4692 4747 4811 4848 4887 4941 4989 5002 
S 6: 1 | 163 311 376 377 401 425 474 569 679 727 761 801 802 833 875 902 940 953 962 997 1025 1053 1127 1163 1176 1233 1257 1292 1381 1401 1434 1455 1541 1554 1608 1648 1715 1774 1785 1839 1840 2001 2015 2050 2099 2167 2183 2239 2278 2304 2375 2376 2479 2480 2540 2576 2627 2649 2756 2774 2824 2852 2925 2959 3005 3036 3092 3148 3192 3237 3246 3287 3338 3380 3419 3585 3613 3656 3747 3771 3833 3879 3947 3978 4089 4153 4269 4270 4283 4290 4559 4646 4654 4692 4747 4811 4848 4887 4941 4989 5002 
S 7: 1 | 163 311 376 377 401 425 474 569 679 727 761 801 802 833 875 902 940 953 962 997 1025 1053 1127 1163 1176 1233 1257 1292 1381 1401 1434 1455 1541 1554 1608 1648 1715 1774 1785 1839 1840 2001 2015 2050 2099 2167 2183 2239 2278 2304 2375 2376 2479 2480 2540 2576 2627 2649 2756 2774 2824 2852 2925 2959 3005 3036 3092 3148 3192 3237 3246 3287 3338 3380 3419 3585 3613 3656 3747 3771 3833 3879 3947 3978 4089 4153 4269 4270 4283 4290 4559 4646 4654 4692 4747 4811 4848 4887 4941 4989 5002 
S 8: 1 | 163 311 376 377 401 425 474 569 679 727 761 801 802 833 875 902 940 953 962 997 1025 1053 1127 1163 1176 1233 1257 1292 1381 1401 1434 1455 1541 1554 1608 1648 1715 1774 1785 1839 1840 2001 2015 2050 2099 2167 2183 2239 2278 2304 2375 2376 2479 2480 2540 2576 2627 2649 2756 2774 2824 2852 2925 2959 3005 3036 3092 3148 3192 3237 3246 3287 3338 3380 3419 3585 3613 3656 3747 3771 3833 3879 3947 3978 4089 4153 4269 4270 4283 4290 4559 4646 4654 4692 4747 4811 4848 4887 4941 4989 5002 
S 9: 1 | 163 311 376 377 401 425 474 569 679 727 761 801 802 833 875 902 940 953 962 997 1025 1053 1127 1163 1176 1233 1257 1292 1381 1401 1434 1455 1541 1554 1608 1648 1715 1774 1785 1839 1840 2001 2015 2050 2099 2167 2183 2239 2278 2304 2375 2376 2479 2480 2540 2576 2627 2649 2756 2774 2824 2852 2925 2959 3005 3036 3092 3148 3192 3237 3246 3287 3338 3380 3419 3585 3613 3656 3747 3771 3833 3879 3947 3978 4089 4153 4269 4270 4283 4290 4559 4646 4654 4692 4747 4811 4848 4887 4941 4989 5002 
S 10: 1 | 163 311 376 377 401 425 474 569 679 727 761 801 802 833 875 902 940 953 962 997 1025 1053 1127 1163 1176 1233 1257 1292 1381 1401 1434 1455 1541 1554 1608 1648 1715 1774 1785 1839 1840 2001 2015 2050 2099 2167 2183 2239 2278 2304 2375 2376 2479 2480 2540 2576 2627 2649 2756 2774 2824 2852 2925 2959 3005 3036 3092 3148 3192 3237 3246 3287 3338 3380 3419 3585 3613 3656 3747 3771 3833 3879 3947 3978 4089 4153 4269 4270 4283 4290 4559 4646 4654 4692 4747 4811 4848 4887 4941 4989 5002 
S 11: 1 | 163 311 376 377 401 425 474 569 679 727 761 801 802 833 875 902 940 953 962 997 1025 1053 1127 1163 1176 1233 1257 1292 1381 1401 1434 1455 1541 1554 1608 1648 1715 1774 1785 1839 1840 2001 2015 2050 2099 2167 2183 2239 2278 2304 2375 2376 2479 2480 2540 2576 2627 2649 2756 2774 2824 2852 2925 2959 3005 3036 3092 3148 3192 3237 3246 3287 3338 3380 3419 3585 3613 3656 3747 3771 3833 3879 3947 3978 4089 4153 4269 4270 4283 4290 4559 4646 4654 4692 4747 4811 4848 4887 4941 4989 5002 
S 12: 1 | 163 311 376 377 401 425 474 569 679 727 761 801 802 833 875 902 940 953 962 997 1025 1053 1127 1163 1176 1233 1257 1292 1381 1401 1434 1455 1541 1554 1608 1648 1715 1774 1785 1839 1840 2001 2015 2050 2099 2167 2183 2239 2278 2304 2375 2376 2479 2480 2540 2576 2627 2649 2756 2774 2824 2852 2925 2959 3005 3036 3092 3148 3192 3237 3246 3287 3338 3380 3419 3585 3613 3656 3747 3771 3833 3879 3947 3978 4089 4153 4269 4270 4283 4290 4559 4646 4654 4692 4747 4811 4848 4887 4941 4989 5002 
S 13: 1 | 163 311 376 377 401 425 474 569 679 727 761 801 802 833 875 902 940 953 962 997 1025 1053 1127 1163 1176 1233 1257 1292 1381 1401 1434 1455 1541 1554 1608 1648 1715 1774 1785 1839 1840 2001 2015 2050 2099 2167 2183 2239 2278 2304 2375 2376 2479 2480 2540 2576 2627 2649 2756 2774 2824 2852 2925 2959 3005 3036 3092 3148 3192 3237 3246 3287 3338 3380 3419 3585 3613 3656 3747 3771 3833 3879 3947 3978 4089 4153 4269 4270 4283 4290 4559 4646 4654 4692 4747 4811 4848 4887 4941 4989 5002 
S 14: 1 | 163 311 376 377 401 425 474 569 679 727 761 801 802 833 875 902 940 953 962 997 1025 1053 1127 1163 1176 1233 1257 1292 1381 1401 1434 1455 1541 1554 1608 1648 1715 1774 1785 1839 1840 2001 2015 2050 2099 2167 2183 2239 2278 2304 2375 2376 2479 2480 2540 2576 2627 2649 2756 2774 2824 2852 2925 2959 3005 3036 3092 3148 3192 3237 3246 3287 3338 3380 3419 3585 3613 3656 3747 3771 3833 3879 3947 3978 4089 4153 4269 4270 4283 4290 4559 4646 4654 4692 4747 4811 4848 4887 4941 4989 5002 
S 15: 1 | 163 311 376 377 401 425 474 569 679 727 761 801 802 833 875 902 940 953 962 997 1025 1053 1127 1163 1176 1233 1257 1292 1381 1401 1434 1455 1541 1554 1608 1648 1715 1774 1785 1839 1840 2001 2015 2050 2099 2167 2183 2239 2278 2304 2375 2376 2479 2480 2540 2576 2627 2649 2756 2774 2824 2852 2925 2959 3005 3036 3092 3148 3192 3237 3246 3287 3338 3380 3419 3585 3613 3656 3747 3771 3833 3879 3947 3978 4089 4153 4269 4270 4283 4290 4559 4646 4654 4692 4747 4811 4848 4887 4941 4989 5002 
S 16: 1 | 163 311 376 377 401 425 474 569 679 727 761 801 802 833 875 902 940 953 962 997 1025 1053 1127 1163 1176 1233 1257 1292 1381 1401 1434 1455 1541 1554 1608 1648 1715 1774 1785 1839 1840 2001 2015 2050 2099 2167 2183 2239 2278 2304 2375 2376 2479 2480 2540 2576 2627 2649 2756 2774 2824 2852 2925 2959 3005 3036 3092 3148 3192 3237 3246 3287 3338 3380 3419 3585 3613 3656 3747 3771 3833 3879 3947 3978 4089 4153 4269 4270 4283 4290 4559 4646 4654 4692 4747 4811 4848 4887 4941 4989 5002 
S 17: 1 | 163 311 376 377 401 425 474 569 679 727 761 801 802 833 875 902 940 953 962 997 1025 1053 1127 1163 1176 1233 1257 1292 1381 1401 1434 1455 1541 1554 1608 1648 1715 1774 1785 1839 1840 2001 2015 2050 2099 2167 2183 2239 2278 2304 2375 2376 2479 2480 2540 2576 2627 2649 2756 2774 2824 2852 2925 2959 3005 3036 3092 3148 3192 3237 3246 3287 3338 3380 3419 3585 3613 3656 3747 3771 3833 3879 3947 3978 4089 4153 4269 4270 4283 4290 4559 4646 4654 4692 4747 4811 4848 4887 4941 4989 5002 
S 18: 1 | 163 311 376 377 401 425 474 569 679 727 761 801 802 833 875 902 940 953 962 997 1025 1053 1127 1163 1176 1233 1257 1292 1381 1401 1434 1455 1541 1554 1608 1648 1715 1774 1785 1839 1840 2001 2015 2050 2099 2167 2183 2239 2278 2304 2375 2376 2479 2480 2540 2576 2627 2649 2756 2774 2824 2852 2925 2959 3005 3036 3092 3148 3192 3237 3246 3287 3338 3380 3419 3585 3613 3656 3747 3771 3833 3879 3947 3978 4089 4153 4269 4270 4283 4290 4559 4646 4654 4692 4747 4811 4848 4887 4941 4989 5002 
S 19: 1 | 163 311 376 377 401 425 474 569 679 727 761 801 802 833 875 902 940 953 962 997 1025 1053 1127 1163 1176 1233 1257 1292 1381 1401 1434 1455 1541 1554 1608 1648 1715 1774 1785 1839 1840 2001 2015 2050 2099 2167 2183 2239 2278 2304 2375 2376 2479 2480 2540 2576 2627 2649 2756 2774 2824 2852 2925 2959 3005 3036 3092 3148 3192 3237 3246 3287 3338 3380 3419 3585 3613 3656 3747 3771 3833 3879 3947 3978 4089 4153 4269 4270 4283 4290 4559 4646 4654 4692 4747 4811 4848 4887 4941 4989 5002 

Final time = 5504.93
Final solution cost = 630
