Reading instance small_stp_instances/eil101_10_05.stp of type D
Finished instance reading
Number of vertices = 101
Number of edges (resources) = 5050
Number of scenarios = 10
Average number of terminals per scenario = 101
Probabilities of Scenarios: (0) 0.19 | (1) 0.09 | (2) 0.1 | (3) 0.11 | (4) 0.13 | (5) 0.1 | (6) 0.02 | (7) 0.12 | (8) 0.02 | (9) 0.12 | 
Average weighted inflation = 0.228803
Largest inflation = 0.493506
MAX_ITERATIONS_SINCE_LAST_IMPROVEMENT 2
MAX_ITERATIONS_SINCE_BEST_SOLUTION 3
Creating solution instance.
Starting Evolutive Framework.
Local search solution cost = 612.84
Local search time = 2383.26
2383.26 local search - EF main loop cycle 0 solution cost 612.84
2383.28s Cost of SP solution after second stage solver 612.84
Local search solution cost = 612
Local search time = 139.471
2522.75 local search - EF main loop cycle 1 solution cost 612
2522.78s Cost of SP solution after second stage solver 612
Local search solution cost = 612
Local search time = 139.497
2662.28 local search - EF main loop cycle 2 solution cost 612
2662.31s Cost of SP solution after second stage solver 612
Local search solution cost = 612
Local search time = 139.511
2801.82 local search - EF main loop cycle 3 solution cost 612
2801.84s Cost of SP solution after second stage solver 612
Number of cycles 4
Time for each cycle 700.461
2801.87s Cost of SP solution after tail step 612
SELECTED RESOURCES:
163 279 311 376 401 425 474 569 679 706 761 801 833 875 902 940 953 962 997 1025 1053 1127 1163 1176 1233 1257 1292 1353 1401 1455 1484 1507 1541 1554 1608 1635 1715 1785 1839 1840 2001 2015 2099 2144 2167 2183 2239 2278 2304 2375 2376 2449 2479 2576 2627 2649 2699 2741 2756 2824 2852 2925 2959 3005 3036 3092 3148 3237 3246 3287 3338 3380 3407 3419 3546 3585 3613 3656 3747 3771 3833 3879 3947 3978 4089 4153 4244 4290 4464 4470 4646 4654 4692 4747 4845 4941 4976 5002 
SCENARIO'S RESOURCES:
S 0: 6 | 163 279 311 376 401 425 474 569 679 706 761 801 833 875 902 940 953 962 997 1025 1053 1127 1163 1176 1233 1257 1292 1353 1401 1455 1484 1507 1541 1554 1608 1635 1715 1785 1839 1840 2001 2015 2099 2144 2167 2183 2239 2278 2304 2375 2376 2449 2479 2576 2627 2649 2699 2741 2756 2824 2852 2925 2959 3005 3036 3092 3148 3192 3237 3246 3287 3338 3380 3407 3419 3546 3585 3613 3656 3747 3771 3833 3879 3947 3978 4089 4153 4244 4290 4464 4470 4646 4654 4692 4747 4845 4848 4887 4941 4976 5002 
S 1: 6 | 163 279 311 376 401 425 474 569 679 706 761 801 833 875 902 940 953 962 997 1025 1053 1127 1163 1176 1233 1257 1292 1353 1401 1455 1484 1507 1541 1554 1608 1635 1715 1785 1839 1840 2001 2015 2099 2144 2167 2183 2239 2278 2304 2375 2376 2449 2479 2576 2627 2649 2699 2741 2756 2824 2852 2925 2959 3005 3036 3092 3148 3192 3237 3246 3287 3338 3380 3407 3419 3546 3585 3613 3656 3747 3771 3833 3879 3947 3978 4089 4153 4244 4290 4464 4470 4646 4654 4692 4747 4845 4848 4887 4941 4976 5002 
S 2: 6 | 163 279 311 376 401 425 474 569 679 706 761 801 833 875 902 940 953 962 997 1025 1053 1127 1163 1176 1233 1257 1292 1353 1401 1455 1484 1507 1541 1554 1608 1635 1715 1785 1839 1840 2001 2015 2099 2144 2167 2183 2239 2278 2304 2375 2376 2449 2479 2576 2627 2649 2699 2741 2756 2824 2852 2925 2959 3005 3036 3092 3148 3192 3237 3246 3287 3338 3380 3407 3419 3546 3585 3613 3656 3747 3771 3833 3879 3947 3978 4089 4153 4244 4290 4464 4470 4646 4654 4692 4747 4845 4848 4887 4941 4976 5002 
S 3: 6 | 163 279 311 376 401 425 474 569 679 706 761 801 833 875 902 940 953 962 997 1025 1053 1127 1163 1176 1233 1257 1292 1353 1401 1455 1484 1507 1541 1554 1608 1635 1715 1785 1839 1840 2001 2015 2099 2144 2167 2183 2239 2278 2304 2375 2376 2449 2479 2576 2627 2649 2699 2741 2756 2824 2852 2925 2959 3005 3036 3092 3148 3192 3237 3246 3287 3338 3380 3407 3419 3546 3585 3613 3656 3747 3771 3833 3879 3947 3978 4089 4153 4244 4290 4464 4470 4646 4654 4692 4747 4845 4848 4887 4941 4976 5002 
S 4: 6 | 163 279 311 376 401 425 474 569 679 706 761 801 833 875 902 940 953 962 997 1025 1053 1127 1163 1176 1233 1257 1292 1353 1401 1455 1484 1507 1541 1554 1608 1635 1715 1785 1839 1840 2001 2015 2099 2144 2167 2183 2239 2278 2304 2375 2376 2449 2479 2576 2627 2649 2699 2741 2756 2824 2852 2925 2959 3005 3036 3092 3148 3192 3237 3246 3287 3338 3380 3407 3419 3546 3585 3613 3656 3747 3771 3833 3879 3947 3978 4089 4153 4244 4290 4464 4470 4646 4654 4692 4747 4845 4848 4887 4941 4976 5002 
S 5: 6 | 163 279 311 376 401 425 474 569 679 706 761 801 833 875 902 940 953 962 997 1025 1053 1127 1163 1176 1233 1257 1292 1353 1401 1455 1484 1507 1541 1554 1608 1635 1715 1785 1839 1840 2001 2015 2099 2144 2167 2183 2239 2278 2304 2375 2376 2449 2479 2576 2627 2649 2699 2741 2756 2824 2852 2925 2959 3005 3036 3092 3148 3192 3237 3246 3287 3338 3380 3407 3419 3546 3585 3613 3656 3747 3771 3833 3879 3947 3978 4089 4153 4244 4290 4464 4470 4646 4654 4692 4747 4845 4848 4887 4941 4976 5002 
S 6: 6 | 163 279 311 376 401 425 474 569 679 706 761 801 833 875 902 940 953 962 997 1025 1053 1127 1163 1176 1233 1257 1292 1353 1401 1455 1484 1507 1541 1554 1608 1635 1715 1785 1839 1840 2001 2015 2099 2144 2167 2183 2239 2278 2304 2375 2376 2449 2479 2576 2627 2649 2699 2741 2756 2824 2852 2925 2959 3005 3036 3092 3148 3192 3237 3246 3287 3338 3380 3407 3419 3546 3585 3613 3656 3747 3771 3833 3879 3947 3978 4089 4153 4244 4290 4464 4470 4646 4654 4692 4747 4845 4848 4887 4941 4976 5002 
S 7: 6 | 163 279 311 376 401 425 474 569 679 706 761 801 833 875 902 940 953 962 997 1025 1053 1127 1163 1176 1233 1257 1292 1353 1401 1455 1484 1507 1541 1554 1608 1635 1715 1785 1839 1840 2001 2015 2099 2144 2167 2183 2239 2278 2304 2375 2376 2449 2479 2576 2627 2649 2699 2741 2756 2824 2852 2925 2959 3005 3036 3092 3148 3192 3237 3246 3287 3338 3380 3407 3419 3546 3585 3613 3656 3747 3771 3833 3879 3947 3978 4089 4153 4244 4290 4464 4470 4646 4654 4692 4747 4845 4848 4887 4941 4976 5002 
S 8: 6 | 163 279 311 376 401 425 474 569 679 706 761 801 833 875 902 940 953 962 997 1025 1053 1127 1163 1176 1233 1257 1292 1353 1401 1455 1484 1507 1541 1554 1608 1635 1715 1785 1839 1840 2001 2015 2099 2144 2167 2183 2239 2278 2304 2375 2376 2449 2479 2576 2627 2649 2699 2741 2756 2824 2852 2925 2959 3005 3036 3092 3148 3192 3237 3246 3287 3338 3380 3407 3419 3546 3585 3613 3656 3747 3771 3833 3879 3947 3978 4089 4153 4244 4290 4464 4470 4646 4654 4692 4747 4845 4848 4887 4941 4976 5002 
S 9: 6 | 163 279 311 376 401 425 474 569 679 706 761 801 833 875 902 940 953 962 997 1025 1053 1127 1163 1176 1233 1257 1292 1353 1401 1455 1484 1507 1541 1554 1608 1635 1715 1785 1839 1840 2001 2015 2099 2144 2167 2183 2239 2278 2304 2375 2376 2449 2479 2576 2627 2649 2699 2741 2756 2824 2852 2925 2959 3005 3036 3092 3148 3192 3237 3246 3287 3338 3380 3407 3419 3546 3585 3613 3656 3747 3771 3833 3879 3947 3978 4089 4153 4244 4290 4464 4470 4646 4654 4692 4747 4845 4848 4887 4941 4976 5002 

Final time = 2801.91
Final solution cost = 612
