Reading instance small_stp_instances/eil51_10_05.stp of type D
Finished instance reading
Number of vertices = 51
Number of edges (resources) = 1275
Number of scenarios = 10
Average number of terminals per scenario = 51
Probabilities of Scenarios: (0) 0.13 | (1) 0.14 | (2) 0.08 | (3) 0.16 | (4) 0.1 | (5) 0.16 | (6) 0.04 | (7) 0.06 | (8) 0.01 | (9) 0.12 | 
Average weighted inflation = 0.227536
Largest inflation = 0.492537
MAX_ITERATIONS_SINCE_LAST_IMPROVEMENT 2
MAX_ITERATIONS_SINCE_BEST_SOLUTION 3
Creating solution instance.
Starting Evolutive Framework.
Local search solution cost = 419.95
Local search time = 142.173
142.173 local search - EF main loop cycle 0 solution cost 419.95
142.22s Cost of SP solution after second stage solver 419.95
Local search solution cost = 415
Local search time = 11.6222
153.843 local search - EF main loop cycle 1 solution cost 415
153.846s Cost of SP solution after second stage solver 415
Local search solution cost = 415
Local search time = 9.95586
163.802 local search - EF main loop cycle 2 solution cost 415
163.806s Cost of SP solution after second stage solver 415
Local search solution cost = 415
Local search time = 9.96051
173.766 local search - EF main loop cycle 3 solution cost 415
173.77s Cost of SP solution after second stage solver 415
Number of cycles 4
Time for each cycle 43.4426
173.774s Cost of SP solution after tail step 415
SELECTED RESOURCES:
106 123 139 191 210 217 237 266 288 289 307 330 353 397 398 414 460 462 465 475 557 580 597 629 634 646 670 676 712 735 759 792 819 838 867 884 917 944 960 978 1001 1046 1052 1086 1103 1136 1137 1191 1209 1251 1270 
SCENARIO'S RESOURCES:
S 0: 0 | 106 123 139 191 210 217 237 266 288 289 307 330 353 397 398 414 460 462 465 475 557 580 597 629 634 646 670 676 712 735 759 792 819 838 867 884 917 944 960 978 1001 1046 1052 1086 1103 1136 1137 1191 1209 1251 1270 
S 1: 0 | 106 123 139 191 210 217 237 266 288 289 307 330 353 397 398 414 460 462 465 475 557 580 597 629 634 646 670 676 712 735 759 792 819 838 867 884 917 944 960 978 1001 1046 1052 1086 1103 1136 1137 1191 1209 1251 1270 
S 2: 0 | 106 123 139 191 210 217 237 266 288 289 307 330 353 397 398 414 460 462 465 475 557 580 597 629 634 646 670 676 712 735 759 792 819 838 867 884 917 944 960 978 1001 1046 1052 1086 1103 1136 1137 1191 1209 1251 1270 
S 3: 0 | 106 123 139 191 210 217 237 266 288 289 307 330 353 397 398 414 460 462 465 475 557 580 597 629 634 646 670 676 712 735 759 792 819 838 867 884 917 944 960 978 1001 1046 1052 1086 1103 1136 1137 1191 1209 1251 1270 
S 4: 0 | 106 123 139 191 210 217 237 266 288 289 307 330 353 397 398 414 460 462 465 475 557 580 597 629 634 646 670 676 712 735 759 792 819 838 867 884 917 944 960 978 1001 1046 1052 1086 1103 1136 1137 1191 1209 1251 1270 
S 5: 0 | 106 123 139 191 210 217 237 266 288 289 307 330 353 397 398 414 460 462 465 475 557 580 597 629 634 646 670 676 712 735 759 792 819 838 867 884 917 944 960 978 1001 1046 1052 1086 1103 1136 1137 1191 1209 1251 1270 
S 6: 0 | 106 123 139 191 210 217 237 266 288 289 307 330 353 397 398 414 460 462 465 475 557 580 597 629 634 646 670 676 712 735 759 792 819 838 867 884 917 944 960 978 1001 1046 1052 1086 1103 1136 1137 1191 1209 1251 1270 
S 7: 0 | 106 123 139 191 210 217 237 266 288 289 307 330 353 397 398 414 460 462 465 475 557 580 597 629 634 646 670 676 712 735 759 792 819 838 867 884 917 944 960 978 1001 1046 1052 1086 1103 1136 1137 1191 1209 1251 1270 
S 8: 0 | 106 123 139 191 210 217 237 266 288 289 307 330 353 397 398 414 460 462 465 475 557 580 597 629 634 646 670 676 712 735 759 792 819 838 867 884 917 944 960 978 1001 1046 1052 1086 1103 1136 1137 1191 1209 1251 1270 
S 9: 0 | 106 123 139 191 210 217 237 266 288 289 307 330 353 397 398 414 460 462 465 475 557 580 597 629 634 646 670 676 712 735 759 792 819 838 867 884 917 944 960 978 1001 1046 1052 1086 1103 1136 1137 1191 1209 1251 1270 
ALL EQUAL

Final time = 173.78
Final solution cost = 415
