Reading instance small_stp_instances/eil51_10_03.stp of type D
Finished instance reading
Number of vertices = 51
Number of edges (resources) = 1275
Number of scenarios = 10
Average number of terminals per scenario = 51
Probabilities of Scenarios: (0) 0.18 | (1) 0 | (2) 0.03 | (3) 0.17 | (4) 0 | (5) 0.19 | (6) 0.07 | (7) 0.13 | (8) 0.08 | (9) 0.15 | 
Average weighted inflation = 0.128504
Largest inflation = 0.298507
MAX_ITERATIONS_SINCE_LAST_IMPROVEMENT 2
MAX_ITERATIONS_SINCE_BEST_SOLUTION 3
Creating solution instance.
Starting Evolutive Framework.
Local search solution cost = 413.16
Local search time = 97.7773
97.7774 local search - EF main loop cycle 0 solution cost 413.16
97.7811s Cost of SP solution after second stage solver 413.16
Local search solution cost = 413
Local search time = 9.96744
107.749 local search - EF main loop cycle 1 solution cost 413
107.752s Cost of SP solution after second stage solver 413
Local search solution cost = 413
Local search time = 9.9627
117.715 local search - EF main loop cycle 2 solution cost 413
117.719s Cost of SP solution after second stage solver 413
Number of cycles 3
Time for each cycle 39.2396
117.723s Cost of SP solution after tail step 413
SELECTED RESOURCES:
106 139 149 210 211 237 258 288 289 306 307 353 397 398 414 442 462 465 475 548 557 580 597 629 644 646 670 676 712 735 759 792 819 838 883 884 919 944 960 978 1001 1038 1046 1086 1107 1132 1137 1184 1191 1251 1270 
SCENARIO'S RESOURCES:
S 0: 0 | 106 139 149 210 211 237 258 288 289 306 307 353 397 398 414 442 462 465 475 548 557 580 597 629 644 646 670 676 712 735 759 792 819 838 883 884 919 944 960 978 1001 1038 1046 1086 1107 1132 1137 1184 1191 1251 1270 
S 1: 0 | 106 139 149 210 211 237 258 288 289 306 307 353 397 398 414 442 462 465 475 548 557 580 597 629 644 646 670 676 712 735 759 792 819 838 883 884 919 944 960 978 1001 1038 1046 1086 1107 1132 1137 1184 1191 1251 1270 
S 2: 0 | 106 139 149 210 211 237 258 288 289 306 307 353 397 398 414 442 462 465 475 548 557 580 597 629 644 646 670 676 712 735 759 792 819 838 883 884 919 944 960 978 1001 1038 1046 1086 1107 1132 1137 1184 1191 1251 1270 
S 3: 0 | 106 139 149 210 211 237 258 288 289 306 307 353 397 398 414 442 462 465 475 548 557 580 597 629 644 646 670 676 712 735 759 792 819 838 883 884 919 944 960 978 1001 1038 1046 1086 1107 1132 1137 1184 1191 1251 1270 
S 4: 0 | 106 139 149 210 211 237 258 288 289 306 307 353 397 398 414 442 462 465 475 548 557 580 597 629 644 646 670 676 712 735 759 792 819 838 883 884 919 944 960 978 1001 1038 1046 1086 1107 1132 1137 1184 1191 1251 1270 
S 5: 0 | 106 139 149 210 211 237 258 288 289 306 307 353 397 398 414 442 462 465 475 548 557 580 597 629 644 646 670 676 712 735 759 792 819 838 883 884 919 944 960 978 1001 1038 1046 1086 1107 1132 1137 1184 1191 1251 1270 
S 6: 0 | 106 139 149 210 211 237 258 288 289 306 307 353 397 398 414 442 462 465 475 548 557 580 597 629 644 646 670 676 712 735 759 792 819 838 883 884 919 944 960 978 1001 1038 1046 1086 1107 1132 1137 1184 1191 1251 1270 
S 7: 0 | 106 139 149 210 211 237 258 288 289 306 307 353 397 398 414 442 462 465 475 548 557 580 597 629 644 646 670 676 712 735 759 792 819 838 883 884 919 944 960 978 1001 1038 1046 1086 1107 1132 1137 1184 1191 1251 1270 
S 8: 0 | 106 139 149 210 211 237 258 288 289 306 307 353 397 398 414 442 462 465 475 548 557 580 597 629 644 646 670 676 712 735 759 792 819 838 883 884 919 944 960 978 1001 1038 1046 1086 1107 1132 1137 1184 1191 1251 1270 
S 9: 0 | 106 139 149 210 211 237 258 288 289 306 307 353 397 398 414 442 462 465 475 548 557 580 597 629 644 646 670 676 712 735 759 792 819 838 883 884 919 944 960 978 1001 1038 1046 1086 1107 1132 1137 1184 1191 1251 1270 
ALL EQUAL

Final time = 117.729
Final solution cost = 413
