Reading instance small_stp_instances/eil51_10_10.stp of type D
Finished instance reading
Number of vertices = 51
Number of edges (resources) = 1275
Number of scenarios = 10
Average number of terminals per scenario = 51
Probabilities of Scenarios: (0) 0.11 | (1) 0.14 | (2) 0.12 | (3) 0.11 | (4) 0.14 | (5) 0.06 | (6) 0.03 | (7) 0.06 | (8) 0.05 | (9) 0.18 | 
Average weighted inflation = 0.481533
Largest inflation = 0.9875
MAX_ITERATIONS_SINCE_LAST_IMPROVEMENT 2
MAX_ITERATIONS_SINCE_BEST_SOLUTION 3
Creating solution instance.
Starting Evolutive Framework.
Local search solution cost = 432.97
Local search time = 130.696
130.696 local search - EF main loop cycle 0 solution cost 432.97
130.705s Cost of SP solution after second stage solver 432.97
Local search solution cost = 425
Local search time = 10.032
140.737 local search - EF main loop cycle 1 solution cost 425
140.74s Cost of SP solution after second stage solver 425
Local search solution cost = 425
Local search time = 9.91514
150.656 local search - EF main loop cycle 2 solution cost 425
150.659s Cost of SP solution after second stage solver 425
Local search solution cost = 425
Local search time = 9.91958
160.579 local search - EF main loop cycle 3 solution cost 425
160.583s Cost of SP solution after second stage solver 425
Number of cycles 4
Time for each cycle 40.1457
160.586s Cost of SP solution after tail step 425
SELECTED RESOURCES:
83 106 123 139 210 211 237 258 288 289 307 325 353 397 398 414 442 462 475 491 548 557 580 597 629 634 646 670 712 735 759 792 798 859 867 884 917 944 960 978 1001 1046 1052 1103 1106 1137 1165 1184 1191 1235 1270 
SCENARIO'S RESOURCES:
S 0: 0 | 83 106 123 139 210 211 237 258 288 289 307 325 353 397 398 414 442 462 475 491 548 557 580 597 629 634 646 670 712 735 759 792 798 859 867 884 917 944 960 978 1001 1046 1052 1103 1106 1137 1165 1184 1191 1235 1270 
S 1: 0 | 83 106 123 139 210 211 237 258 288 289 307 325 353 397 398 414 442 462 475 491 548 557 580 597 629 634 646 670 712 735 759 792 798 859 867 884 917 944 960 978 1001 1046 1052 1103 1106 1137 1165 1184 1191 1235 1270 
S 2: 0 | 83 106 123 139 210 211 237 258 288 289 307 325 353 397 398 414 442 462 475 491 548 557 580 597 629 634 646 670 712 735 759 792 798 859 867 884 917 944 960 978 1001 1046 1052 1103 1106 1137 1165 1184 1191 1235 1270 
S 3: 0 | 83 106 123 139 210 211 237 258 288 289 307 325 353 397 398 414 442 462 475 491 548 557 580 597 629 634 646 670 712 735 759 792 798 859 867 884 917 944 960 978 1001 1046 1052 1103 1106 1137 1165 1184 1191 1235 1270 
S 4: 0 | 83 106 123 139 210 211 237 258 288 289 307 325 353 397 398 414 442 462 475 491 548 557 580 597 629 634 646 670 712 735 759 792 798 859 867 884 917 944 960 978 1001 1046 1052 1103 1106 1137 1165 1184 1191 1235 1270 
S 5: 0 | 83 106 123 139 210 211 237 258 288 289 307 325 353 397 398 414 442 462 475 491 548 557 580 597 629 634 646 670 712 735 759 792 798 859 867 884 917 944 960 978 1001 1046 1052 1103 1106 1137 1165 1184 1191 1235 1270 
S 6: 0 | 83 106 123 139 210 211 237 258 288 289 307 325 353 397 398 414 442 462 475 491 548 557 580 597 629 634 646 670 712 735 759 792 798 859 867 884 917 944 960 978 1001 1046 1052 1103 1106 1137 1165 1184 1191 1235 1270 
S 7: 0 | 83 106 123 139 210 211 237 258 288 289 307 325 353 397 398 414 442 462 475 491 548 557 580 597 629 634 646 670 712 735 759 792 798 859 867 884 917 944 960 978 1001 1046 1052 1103 1106 1137 1165 1184 1191 1235 1270 
S 8: 0 | 83 106 123 139 210 211 237 258 288 289 307 325 353 397 398 414 442 462 475 491 548 557 580 597 629 634 646 670 712 735 759 792 798 859 867 884 917 944 960 978 1001 1046 1052 1103 1106 1137 1165 1184 1191 1235 1270 
S 9: 0 | 83 106 123 139 210 211 237 258 288 289 307 325 353 397 398 414 442 462 475 491 548 557 580 597 629 634 646 670 712 735 759 792 798 859 867 884 917 944 960 978 1001 1046 1052 1103 1106 1137 1165 1184 1191 1235 1270 
ALL EQUAL

Final time = 160.593
Final solution cost = 425
