Reading instance small_stp_instances/eil51_20_03.stp of type D
Finished instance reading
Number of vertices = 51
Number of edges (resources) = 1275
Number of scenarios = 20
Average number of terminals per scenario = 51
Probabilities of Scenarios: (0) 0.03 | (1) 0.07 | (2) 0.02 | (3) 0.07 | (4) 0 | (5) 0.03 | (6) 0.04 | (7) 0.08 | (8) 0.06 | (9) 0.08 | (10) 0.02 | (11) 0.05 | (12) 0.07 | (13) 0.01 | (14) 0.08 | (15) 0.03 | (16) 0.07 | (17) 0.1 | (18) 0.05 | (19) 0.04 | 
Average weighted inflation = 0.129612
Largest inflation = 0.298507
MAX_ITERATIONS_SINCE_LAST_IMPROVEMENT 2
MAX_ITERATIONS_SINCE_BEST_SOLUTION 3
Creating solution instance.
Starting Evolutive Framework.
Local search solution cost = 413.7
Local search time = 179.222
179.222 local search - EF main loop cycle 0 solution cost 413.7
179.229s Cost of SP solution after second stage solver 413.7
Local search solution cost = 413
Local search time = 19.8081
199.037 local search - EF main loop cycle 1 solution cost 413
199.045s Cost of SP solution after second stage solver 413
Local search solution cost = 413
Local search time = 19.8092
218.854 local search - EF main loop cycle 2 solution cost 413
218.862s Cost of SP solution after second stage solver 413
Local search solution cost = 413
Local search time = 19.792
238.654 local search - EF main loop cycle 3 solution cost 413
238.661s Cost of SP solution after second stage solver 413
Number of cycles 4
Time for each cycle 59.6652
238.668s Cost of SP solution after tail step 413
SELECTED RESOURCES:
106 139 149 210 211 237 258 288 289 306 307 353 397 398 414 442 462 465 475 548 557 580 597 629 644 646 670 676 712 735 759 792 819 838 883 884 919 944 960 978 1001 1038 1046 1086 1107 1132 1137 1184 1191 1251 1270 
SCENARIO'S RESOURCES:
S 0: 0 | 106 139 149 210 211 237 258 288 289 306 307 353 397 398 414 442 462 465 475 548 557 580 597 629 644 646 670 676 712 735 759 792 819 838 883 884 919 944 960 978 1001 1038 1046 1086 1107 1132 1137 1184 1191 1251 1270 
S 1: 0 | 106 139 149 210 211 237 258 288 289 306 307 353 397 398 414 442 462 465 475 548 557 580 597 629 644 646 670 676 712 735 759 792 819 838 883 884 919 944 960 978 1001 1038 1046 1086 1107 1132 1137 1184 1191 1251 1270 
S 2: 0 | 106 139 149 210 211 237 258 288 289 306 307 353 397 398 414 442 462 465 475 548 557 580 597 629 644 646 670 676 712 735 759 792 819 838 883 884 919 944 960 978 1001 1038 1046 1086 1107 1132 1137 1184 1191 1251 1270 
S 3: 0 | 106 139 149 210 211 237 258 288 289 306 307 353 397 398 414 442 462 465 475 548 557 580 597 629 644 646 670 676 712 735 759 792 819 838 883 884 919 944 960 978 1001 1038 1046 1086 1107 1132 1137 1184 1191 1251 1270 
S 4: 0 | 106 139 149 210 211 237 258 288 289 306 307 353 397 398 414 442 462 465 475 548 557 580 597 629 644 646 670 676 712 735 759 792 819 838 883 884 919 944 960 978 1001 1038 1046 1086 1107 1132 1137 1184 1191 1251 1270 
S 5: 0 | 106 139 149 210 211 237 258 288 289 306 307 353 397 398 414 442 462 465 475 548 557 580 597 629 644 646 670 676 712 735 759 792 819 838 883 884 919 944 960 978 1001 1038 1046 1086 1107 1132 1137 1184 1191 1251 1270 
S 6: 0 | 106 139 149 210 211 237 258 288 289 306 307 353 397 398 414 442 462 465 475 548 557 580 597 629 644 646 670 676 712 735 759 792 819 838 883 884 919 944 960 978 1001 1038 1046 1086 1107 1132 1137 1184 1191 1251 1270 
S 7: 0 | 106 139 149 210 211 237 258 288 289 306 307 353 397 398 414 442 462 465 475 548 557 580 597 629 644 646 670 676 712 735 759 792 819 838 883 884 919 944 960 978 1001 1038 1046 1086 1107 1132 1137 1184 1191 1251 1270 
S 8: 0 | 106 139 149 210 211 237 258 288 289 306 307 353 397 398 414 442 462 465 475 548 557 580 597 629 644 646 670 676 712 735 759 792 819 838 883 884 919 944 960 978 1001 1038 1046 1086 1107 1132 1137 1184 1191 1251 1270 
S 9: 0 | 106 139 149 210 211 237 258 288 289 306 307 353 397 398 414 442 462 465 475 548 557 580 597 629 644 646 670 676 712 735 759 792 819 838 883 884 919 944 960 978 1001 1038 1046 1086 1107 1132 1137 1184 1191 1251 1270 
S 10: 0 | 106 139 149 210 211 237 258 288 289 306 307 353 397 398 414 442 462 465 475 548 557 580 597 629 644 646 670 676 712 735 759 792 819 838 883 884 919 944 960 978 1001 1038 1046 1086 1107 1132 1137 1184 1191 1251 1270 
S 11: 0 | 106 139 149 210 211 237 258 288 289 306 307 353 397 398 414 442 462 465 475 548 557 580 597 629 644 646 670 676 712 735 759 792 819 838 883 884 919 944 960 978 1001 1038 1046 1086 1107 1132 1137 1184 1191 1251 1270 
S 12: 0 | 106 139 149 210 211 237 258 288 289 306 307 353 397 398 414 442 462 465 475 548 557 580 597 629 644 646 670 676 712 735 759 792 819 838 883 884 919 944 960 978 1001 1038 1046 1086 1107 1132 1137 1184 1191 1251 1270 
S 13: 0 | 106 139 149 210 211 237 258 288 289 306 307 353 397 398 414 442 462 465 475 548 557 580 597 629 644 646 670 676 712 735 759 792 819 838 883 884 919 944 960 978 1001 1038 1046 1086 1107 1132 1137 1184 1191 1251 1270 
S 14: 0 | 106 139 149 210 211 237 258 288 289 306 307 353 397 398 414 442 462 465 475 548 557 580 597 629 644 646 670 676 712 735 759 792 819 838 883 884 919 944 960 978 1001 1038 1046 1086 1107 1132 1137 1184 1191 1251 1270 
S 15: 0 | 106 139 149 210 211 237 258 288 289 306 307 353 397 398 414 442 462 465 475 548 557 580 597 629 644 646 670 676 712 735 759 792 819 838 883 884 919 944 960 978 1001 1038 1046 1086 1107 1132 1137 1184 1191 1251 1270 
S 16: 0 | 106 139 149 210 211 237 258 288 289 306 307 353 397 398 414 442 462 465 475 548 557 580 597 629 644 646 670 676 712 735 759 792 819 838 883 884 919 944 960 978 1001 1038 1046 1086 1107 1132 1137 1184 1191 1251 1270 
S 17: 0 | 106 139 149 210 211 237 258 288 289 306 307 353 397 398 414 442 462 465 475 548 557 580 597 629 644 646 670 676 712 735 759 792 819 838 883 884 919 944 960 978 1001 1038 1046 1086 1107 1132 1137 1184 1191 1251 1270 
S 18: 0 | 106 139 149 210 211 237 258 288 289 306 307 353 397 398 414 442 462 465 475 548 557 580 597 629 644 646 670 676 712 735 759 792 819 838 883 884 919 944 960 978 1001 1038 1046 1086 1107 1132 1137 1184 1191 1251 1270 
S 19: 0 | 106 139 149 210 211 237 258 288 289 306 307 353 397 398 414 442 462 465 475 548 557 580 597 629 644 646 670 676 712 735 759 792 819 838 883 884 919 944 960 978 1001 1038 1046 1086 1107 1132 1137 1184 1191 1251 1270 
ALL EQUAL

Final time = 238.68
Final solution cost = 413
