Reading instance small_stp_instances/eil51_20_05.stp of type D
Finished instance reading
Number of vertices = 51
Number of edges (resources) = 1275
Number of scenarios = 20
Average number of terminals per scenario = 51
Probabilities of Scenarios: (0) 0.13 | (1) 0.07 | (2) 0.06 | (3) 0.09 | (4) 0.03 | (5) 0.08 | (6) 0.03 | (7) 0.04 | (8) 0.08 | (9) 0.01 | (10) 0.01 | (11) 0.04 | (12) 0.07 | (13) 0.05 | (14) 0.03 | (15) 0.03 | (16) 0.02 | (17) 0.07 | (18) 0.06 | (19) 0 | 
Average weighted inflation = 0.227866
Largest inflation = 0.492754
MAX_ITERATIONS_SINCE_LAST_IMPROVEMENT 2
MAX_ITERATIONS_SINCE_BEST_SOLUTION 3
Creating solution instance.
Starting Evolutive Framework.
Local search solution cost = 419.38
Local search time = 275.552
275.553 local search - EF main loop cycle 0 solution cost 419.38
275.569s Cost of SP solution after second stage solver 419.38
Local search solution cost = 416
Local search time = 19.9456
295.515 local search - EF main loop cycle 1 solution cost 416
295.523s Cost of SP solution after second stage solver 416
Local search solution cost = 416
Local search time = 19.864
315.387 local search - EF main loop cycle 2 solution cost 416
315.394s Cost of SP solution after second stage solver 416
Local search solution cost = 416
Local search time = 19.8555
335.25 local search - EF main loop cycle 3 solution cost 416
335.257s Cost of SP solution after second stage solver 416
Number of cycles 4
Time for each cycle 83.8143
335.265s Cost of SP solution after tail step 416
SELECTED RESOURCES:
106 123 139 210 211 236 237 266 288 289 307 330 353 397 398 414 460 462 465 475 548 557 580 597 629 634 646 670 712 735 759 792 819 838 867 884 917 944 960 978 1000 1046 1052 1088 1107 1137 1165 1184 1191 1236 1270 
SCENARIO'S RESOURCES:
S 0: 0 | 106 123 139 210 211 236 237 266 288 289 307 330 353 397 398 414 460 462 465 475 548 557 580 597 629 634 646 670 712 735 759 792 819 838 867 884 917 944 960 978 1000 1046 1052 1088 1107 1137 1165 1184 1191 1236 1270 
S 1: 0 | 106 123 139 210 211 236 237 266 288 289 307 330 353 397 398 414 460 462 465 475 548 557 580 597 629 634 646 670 712 735 759 792 819 838 867 884 917 944 960 978 1000 1046 1052 1088 1107 1137 1165 1184 1191 1236 1270 
S 2: 0 | 106 123 139 210 211 236 237 266 288 289 307 330 353 397 398 414 460 462 465 475 548 557 580 597 629 634 646 670 712 735 759 792 819 838 867 884 917 944 960 978 1000 1046 1052 1088 1107 1137 1165 1184 1191 1236 1270 
S 3: 0 | 106 123 139 210 211 236 237 266 288 289 307 330 353 397 398 414 460 462 465 475 548 557 580 597 629 634 646 670 712 735 759 792 819 838 867 884 917 944 960 978 1000 1046 1052 1088 1107 1137 1165 1184 1191 1236 1270 
S 4: 0 | 106 123 139 210 211 236 237 266 288 289 307 330 353 397 398 414 460 462 465 475 548 557 580 597 629 634 646 670 712 735 759 792 819 838 867 884 917 944 960 978 1000 1046 1052 1088 1107 1137 1165 1184 1191 1236 1270 
S 5: 0 | 106 123 139 210 211 236 237 266 288 289 307 330 353 397 398 414 460 462 465 475 548 557 580 597 629 634 646 670 712 735 759 792 819 838 867 884 917 944 960 978 1000 1046 1052 1088 1107 1137 1165 1184 1191 1236 1270 
S 6: 0 | 106 123 139 210 211 236 237 266 288 289 307 330 353 397 398 414 460 462 465 475 548 557 580 597 629 634 646 670 712 735 759 792 819 838 867 884 917 944 960 978 1000 1046 1052 1088 1107 1137 1165 1184 1191 1236 1270 
S 7: 0 | 106 123 139 210 211 236 237 266 288 289 307 330 353 397 398 414 460 462 465 475 548 557 580 597 629 634 646 670 712 735 759 792 819 838 867 884 917 944 960 978 1000 1046 1052 1088 1107 1137 1165 1184 1191 1236 1270 
S 8: 0 | 106 123 139 210 211 236 237 266 288 289 307 330 353 397 398 414 460 462 465 475 548 557 580 597 629 634 646 670 712 735 759 792 819 838 867 884 917 944 960 978 1000 1046 1052 1088 1107 1137 1165 1184 1191 1236 1270 
S 9: 0 | 106 123 139 210 211 236 237 266 288 289 307 330 353 397 398 414 460 462 465 475 548 557 580 597 629 634 646 670 712 735 759 792 819 838 867 884 917 944 960 978 1000 1046 1052 1088 1107 1137 1165 1184 1191 1236 1270 
S 10: 0 | 106 123 139 210 211 236 237 266 288 289 307 330 353 397 398 414 460 462 465 475 548 557 580 597 629 634 646 670 712 735 759 792 819 838 867 884 917 944 960 978 1000 1046 1052 1088 1107 1137 1165 1184 1191 1236 1270 
S 11: 0 | 106 123 139 210 211 236 237 266 288 289 307 330 353 397 398 414 460 462 465 475 548 557 580 597 629 634 646 670 712 735 759 792 819 838 867 884 917 944 960 978 1000 1046 1052 1088 1107 1137 1165 1184 1191 1236 1270 
S 12: 0 | 106 123 139 210 211 236 237 266 288 289 307 330 353 397 398 414 460 462 465 475 548 557 580 597 629 634 646 670 712 735 759 792 819 838 867 884 917 944 960 978 1000 1046 1052 1088 1107 1137 1165 1184 1191 1236 1270 
S 13: 0 | 106 123 139 210 211 236 237 266 288 289 307 330 353 397 398 414 460 462 465 475 548 557 580 597 629 634 646 670 712 735 759 792 819 838 867 884 917 944 960 978 1000 1046 1052 1088 1107 1137 1165 1184 1191 1236 1270 
S 14: 0 | 106 123 139 210 211 236 237 266 288 289 307 330 353 397 398 414 460 462 465 475 548 557 580 597 629 634 646 670 712 735 759 792 819 838 867 884 917 944 960 978 1000 1046 1052 1088 1107 1137 1165 1184 1191 1236 1270 
S 15: 0 | 106 123 139 210 211 236 237 266 288 289 307 330 353 397 398 414 460 462 465 475 548 557 580 597 629 634 646 670 712 735 759 792 819 838 867 884 917 944 960 978 1000 1046 1052 1088 1107 1137 1165 1184 1191 1236 1270 
S 16: 0 | 106 123 139 210 211 236 237 266 288 289 307 330 353 397 398 414 460 462 465 475 548 557 580 597 629 634 646 670 712 735 759 792 819 838 867 884 917 944 960 978 1000 1046 1052 1088 1107 1137 1165 1184 1191 1236 1270 
S 17: 0 | 106 123 139 210 211 236 237 266 288 289 307 330 353 397 398 414 460 462 465 475 548 557 580 597 629 634 646 670 712 735 759 792 819 838 867 884 917 944 960 978 1000 1046 1052 1088 1107 1137 1165 1184 1191 1236 1270 
S 18: 0 | 106 123 139 210 211 236 237 266 288 289 307 330 353 397 398 414 460 462 465 475 548 557 580 597 629 634 646 670 712 735 759 792 819 838 867 884 917 944 960 978 1000 1046 1052 1088 1107 1137 1165 1184 1191 1236 1270 
S 19: 0 | 106 123 139 210 211 236 237 266 288 289 307 330 353 397 398 414 460 462 465 475 548 557 580 597 629 634 646 670 712 735 759 792 819 838 867 884 917 944 960 978 1000 1046 1052 1088 1107 1137 1165 1184 1191 1236 1270 
ALL EQUAL

Final time = 335.277
Final solution cost = 416
