Reading instance small_stp_instances/eil51_20_10.stp of type D
Finished instance reading
Number of vertices = 51
Number of edges (resources) = 1275
Number of scenarios = 20
Average number of terminals per scenario = 51
Probabilities of Scenarios: (0) 0.07 | (1) 0.06 | (2) 0.07 | (3) 0.06 | (4) 0.06 | (5) 0.02 | (6) 0.01 | (7) 0.05 | (8) 0.05 | (9) 0.07 | (10) 0.05 | (11) 0.07 | (12) 0.03 | (13) 0.02 | (14) 0.05 | (15) 0.13 | (16) 0.07 | (17) 0.03 | (18) 0.01 | (19) 0.02 | 
Average weighted inflation = 0.478672
Largest inflation = 0.988235
MAX_ITERATIONS_SINCE_LAST_IMPROVEMENT 2
MAX_ITERATIONS_SINCE_BEST_SOLUTION 3
Creating solution instance.
Starting Evolutive Framework.
Local search solution cost = 420
Local search time = 231.481
231.481 local search - EF main loop cycle 0 solution cost 420
231.488s Cost of SP solution after second stage solver 420
Local search solution cost = 420
Local search time = 20.0702
251.559 local search - EF main loop cycle 1 solution cost 420
251.566s Cost of SP solution after second stage solver 420
Local search solution cost = 420
Local search time = 20.0765
271.643 local search - EF main loop cycle 2 solution cost 420
271.65s Cost of SP solution after second stage solver 420
Number of cycles 3
Time for each cycle 90.5501
271.658s Cost of SP solution after tail step 420
SELECTED RESOURCES:
59 106 123 139 210 211 236 237 266 288 289 307 325 353 397 398 414 460 462 475 548 557 580 597 629 634 644 676 712 735 759 792 819 838 867 884 919 944 960 978 1021 1046 1052 1086 1088 1137 1165 1184 1191 1251 1270 
SCENARIO'S RESOURCES:
S 0: 0 | 59 106 123 139 210 211 236 237 266 288 289 307 325 353 397 398 414 460 462 475 548 557 580 597 629 634 644 676 712 735 759 792 819 838 867 884 919 944 960 978 1021 1046 1052 1086 1088 1137 1165 1184 1191 1251 1270 
S 1: 0 | 59 106 123 139 210 211 236 237 266 288 289 307 325 353 397 398 414 460 462 475 548 557 580 597 629 634 644 676 712 735 759 792 819 838 867 884 919 944 960 978 1021 1046 1052 1086 1088 1137 1165 1184 1191 1251 1270 
S 2: 0 | 59 106 123 139 210 211 236 237 266 288 289 307 325 353 397 398 414 460 462 475 548 557 580 597 629 634 644 676 712 735 759 792 819 838 867 884 919 944 960 978 1021 1046 1052 1086 1088 1137 1165 1184 1191 1251 1270 
S 3: 0 | 59 106 123 139 210 211 236 237 266 288 289 307 325 353 397 398 414 460 462 475 548 557 580 597 629 634 644 676 712 735 759 792 819 838 867 884 919 944 960 978 1021 1046 1052 1086 1088 1137 1165 1184 1191 1251 1270 
S 4: 0 | 59 106 123 139 210 211 236 237 266 288 289 307 325 353 397 398 414 460 462 475 548 557 580 597 629 634 644 676 712 735 759 792 819 838 867 884 919 944 960 978 1021 1046 1052 1086 1088 1137 1165 1184 1191 1251 1270 
S 5: 0 | 59 106 123 139 210 211 236 237 266 288 289 307 325 353 397 398 414 460 462 475 548 557 580 597 629 634 644 676 712 735 759 792 819 838 867 884 919 944 960 978 1021 1046 1052 1086 1088 1137 1165 1184 1191 1251 1270 
S 6: 0 | 59 106 123 139 210 211 236 237 266 288 289 307 325 353 397 398 414 460 462 475 548 557 580 597 629 634 644 676 712 735 759 792 819 838 867 884 919 944 960 978 1021 1046 1052 1086 1088 1137 1165 1184 1191 1251 1270 
S 7: 0 | 59 106 123 139 210 211 236 237 266 288 289 307 325 353 397 398 414 460 462 475 548 557 580 597 629 634 644 676 712 735 759 792 819 838 867 884 919 944 960 978 1021 1046 1052 1086 1088 1137 1165 1184 1191 1251 1270 
S 8: 0 | 59 106 123 139 210 211 236 237 266 288 289 307 325 353 397 398 414 460 462 475 548 557 580 597 629 634 644 676 712 735 759 792 819 838 867 884 919 944 960 978 1021 1046 1052 1086 1088 1137 1165 1184 1191 1251 1270 
S 9: 0 | 59 106 123 139 210 211 236 237 266 288 289 307 325 353 397 398 414 460 462 475 548 557 580 597 629 634 644 676 712 735 759 792 819 838 867 884 919 944 960 978 1021 1046 1052 1086 1088 1137 1165 1184 1191 1251 1270 
S 10: 0 | 59 106 123 139 210 211 236 237 266 288 289 307 325 353 397 398 414 460 462 475 548 557 580 597 629 634 644 676 712 735 759 792 819 838 867 884 919 944 960 978 1021 1046 1052 1086 1088 1137 1165 1184 1191 1251 1270 
S 11: 0 | 59 106 123 139 210 211 236 237 266 288 289 307 325 353 397 398 414 460 462 475 548 557 580 597 629 634 644 676 712 735 759 792 819 838 867 884 919 944 960 978 1021 1046 1052 1086 1088 1137 1165 1184 1191 1251 1270 
S 12: 0 | 59 106 123 139 210 211 236 237 266 288 289 307 325 353 397 398 414 460 462 475 548 557 580 597 629 634 644 676 712 735 759 792 819 838 867 884 919 944 960 978 1021 1046 1052 1086 1088 1137 1165 1184 1191 1251 1270 
S 13: 0 | 59 106 123 139 210 211 236 237 266 288 289 307 325 353 397 398 414 460 462 475 548 557 580 597 629 634 644 676 712 735 759 792 819 838 867 884 919 944 960 978 1021 1046 1052 1086 1088 1137 1165 1184 1191 1251 1270 
S 14: 0 | 59 106 123 139 210 211 236 237 266 288 289 307 325 353 397 398 414 460 462 475 548 557 580 597 629 634 644 676 712 735 759 792 819 838 867 884 919 944 960 978 1021 1046 1052 1086 1088 1137 1165 1184 1191 1251 1270 
S 15: 0 | 59 106 123 139 210 211 236 237 266 288 289 307 325 353 397 398 414 460 462 475 548 557 580 597 629 634 644 676 712 735 759 792 819 838 867 884 919 944 960 978 1021 1046 1052 1086 1088 1137 1165 1184 1191 1251 1270 
S 16: 0 | 59 106 123 139 210 211 236 237 266 288 289 307 325 353 397 398 414 460 462 475 548 557 580 597 629 634 644 676 712 735 759 792 819 838 867 884 919 944 960 978 1021 1046 1052 1086 1088 1137 1165 1184 1191 1251 1270 
S 17: 0 | 59 106 123 139 210 211 236 237 266 288 289 307 325 353 397 398 414 460 462 475 548 557 580 597 629 634 644 676 712 735 759 792 819 838 867 884 919 944 960 978 1021 1046 1052 1086 1088 1137 1165 1184 1191 1251 1270 
S 18: 0 | 59 106 123 139 210 211 236 237 266 288 289 307 325 353 397 398 414 460 462 475 548 557 580 597 629 634 644 676 712 735 759 792 819 838 867 884 919 944 960 978 1021 1046 1052 1086 1088 1137 1165 1184 1191 1251 1270 
S 19: 0 | 59 106 123 139 210 211 236 237 266 288 289 307 325 353 397 398 414 460 462 475 548 557 580 597 629 634 644 676 712 735 759 792 819 838 867 884 919 944 960 978 1021 1046 1052 1086 1088 1137 1165 1184 1191 1251 1270 
ALL EQUAL

Final time = 271.67
Final solution cost = 420
