Reading instance small_stp_instances/eil76_20_10.stp of type D
Finished instance reading
Number of vertices = 76
Number of edges (resources) = 2850
Number of scenarios = 20
Average number of terminals per scenario = 76
Probabilities of Scenarios: (0) 0.07 | (1) 0.03 | (2) 0.03 | (3) 0.02 | (4) 0.07 | (5) 0.07 | (6) 0.01 | (7) 0.15 | (8) 0.06 | (9) 0 | (10) 0.07 | (11) 0.03 | (12) 0.04 | (13) 0.07 | (14) 0.08 | (15) 0.02 | (16) 0.04 | (17) 0.02 | (18) 0.08 | (19) 0.04 | 
Average weighted inflation = 0.480208
Largest inflation = 0.987952
MAX_ITERATIONS_SINCE_LAST_IMPROVEMENT 2
MAX_ITERATIONS_SINCE_BEST_SOLUTION 3
Creating solution instance.
Starting Evolutive Framework.
Local search solution cost = 540.33
Local search time = 1061.14
1061.14 local search - EF main loop cycle 0 solution cost 540.33
1061.17s Cost of SP solution after second stage solver 540.33
Local search solution cost = 534
Local search time = 95.3684
1156.54 local search - EF main loop cycle 1 solution cost 534
1156.56s Cost of SP solution after second stage solver 534
Local search solution cost = 534
Local search time = 95.3705
1251.93 local search - EF main loop cycle 2 solution cost 534
1251.94s Cost of SP solution after second stage solver 534
Local search solution cost = 534
Local search time = 95.4115
1347.35 local search - EF main loop cycle 3 solution cost 534
1347.37s Cost of SP solution after second stage solver 534
Number of cycles 4
Time for each cycle 336.841
1347.38s Cost of SP solution after tail step 534
SELECTED RESOURCES:
11 95 107 131 270 306 443 567 568 634 649 675 711 752 772 861 902 905 934 972 974 997 1023 1055 1070 1109 1110 1150 1151 1193 1200 1230 1241 1301 1308 1336 1339 1390 1396 1455 1461 1507 1525 1552 1554 1605 1666 1671 1790 1791 1851 1857 1906 1923 1993 1994 2053 2090 2144 2148 2170 2212 2313 2365 2405 2474 2483 2523 2542 2556 2588 2655 2657 2768 2778 2849 
SCENARIO'S RESOURCES:
S 0: 0 | 11 95 107 131 270 306 443 567 568 634 649 675 711 752 772 861 902 905 934 972 974 997 1023 1055 1070 1109 1110 1150 1151 1193 1200 1230 1241 1301 1308 1336 1339 1390 1396 1455 1461 1507 1525 1552 1554 1605 1666 1671 1790 1791 1851 1857 1906 1923 1993 1994 2053 2090 2144 2148 2170 2212 2313 2365 2405 2474 2483 2523 2542 2556 2588 2655 2657 2768 2778 2849 
S 1: 0 | 11 95 107 131 270 306 443 567 568 634 649 675 711 752 772 861 902 905 934 972 974 997 1023 1055 1070 1109 1110 1150 1151 1193 1200 1230 1241 1301 1308 1336 1339 1390 1396 1455 1461 1507 1525 1552 1554 1605 1666 1671 1790 1791 1851 1857 1906 1923 1993 1994 2053 2090 2144 2148 2170 2212 2313 2365 2405 2474 2483 2523 2542 2556 2588 2655 2657 2768 2778 2849 
S 2: 0 | 11 95 107 131 270 306 443 567 568 634 649 675 711 752 772 861 902 905 934 972 974 997 1023 1055 1070 1109 1110 1150 1151 1193 1200 1230 1241 1301 1308 1336 1339 1390 1396 1455 1461 1507 1525 1552 1554 1605 1666 1671 1790 1791 1851 1857 1906 1923 1993 1994 2053 2090 2144 2148 2170 2212 2313 2365 2405 2474 2483 2523 2542 2556 2588 2655 2657 2768 2778 2849 
S 3: 0 | 11 95 107 131 270 306 443 567 568 634 649 675 711 752 772 861 902 905 934 972 974 997 1023 1055 1070 1109 1110 1150 1151 1193 1200 1230 1241 1301 1308 1336 1339 1390 1396 1455 1461 1507 1525 1552 1554 1605 1666 1671 1790 1791 1851 1857 1906 1923 1993 1994 2053 2090 2144 2148 2170 2212 2313 2365 2405 2474 2483 2523 2542 2556 2588 2655 2657 2768 2778 2849 
S 4: 0 | 11 95 107 131 270 306 443 567 568 634 649 675 711 752 772 861 902 905 934 972 974 997 1023 1055 1070 1109 1110 1150 1151 1193 1200 1230 1241 1301 1308 1336 1339 1390 1396 1455 1461 1507 1525 1552 1554 1605 1666 1671 1790 1791 1851 1857 1906 1923 1993 1994 2053 2090 2144 2148 2170 2212 2313 2365 2405 2474 2483 2523 2542 2556 2588 2655 2657 2768 2778 2849 
S 5: 0 | 11 95 107 131 270 306 443 567 568 634 649 675 711 752 772 861 902 905 934 972 974 997 1023 1055 1070 1109 1110 1150 1151 1193 1200 1230 1241 1301 1308 1336 1339 1390 1396 1455 1461 1507 1525 1552 1554 1605 1666 1671 1790 1791 1851 1857 1906 1923 1993 1994 2053 2090 2144 2148 2170 2212 2313 2365 2405 2474 2483 2523 2542 2556 2588 2655 2657 2768 2778 2849 
S 6: 0 | 11 95 107 131 270 306 443 567 568 634 649 675 711 752 772 861 902 905 934 972 974 997 1023 1055 1070 1109 1110 1150 1151 1193 1200 1230 1241 1301 1308 1336 1339 1390 1396 1455 1461 1507 1525 1552 1554 1605 1666 1671 1790 1791 1851 1857 1906 1923 1993 1994 2053 2090 2144 2148 2170 2212 2313 2365 2405 2474 2483 2523 2542 2556 2588 2655 2657 2768 2778 2849 
S 7: 0 | 11 95 107 131 270 306 443 567 568 634 649 675 711 752 772 861 902 905 934 972 974 997 1023 1055 1070 1109 1110 1150 1151 1193 1200 1230 1241 1301 1308 1336 1339 1390 1396 1455 1461 1507 1525 1552 1554 1605 1666 1671 1790 1791 1851 1857 1906 1923 1993 1994 2053 2090 2144 2148 2170 2212 2313 2365 2405 2474 2483 2523 2542 2556 2588 2655 2657 2768 2778 2849 
S 8: 0 | 11 95 107 131 270 306 443 567 568 634 649 675 711 752 772 861 902 905 934 972 974 997 1023 1055 1070 1109 1110 1150 1151 1193 1200 1230 1241 1301 1308 1336 1339 1390 1396 1455 1461 1507 1525 1552 1554 1605 1666 1671 1790 1791 1851 1857 1906 1923 1993 1994 2053 2090 2144 2148 2170 2212 2313 2365 2405 2474 2483 2523 2542 2556 2588 2655 2657 2768 2778 2849 
S 9: 0 | 11 95 107 131 270 306 443 567 568 634 649 675 711 752 772 861 902 905 934 972 974 997 1023 1055 1070 1109 1110 1150 1151 1193 1200 1230 1241 1301 1308 1336 1339 1390 1396 1455 1461 1507 1525 1552 1554 1605 1666 1671 1790 1791 1851 1857 1906 1923 1993 1994 2053 2090 2144 2148 2170 2212 2313 2365 2405 2474 2483 2523 2542 2556 2588 2655 2657 2768 2778 2849 
S 10: 0 | 11 95 107 131 270 306 443 567 568 634 649 675 711 752 772 861 902 905 934 972 974 997 1023 1055 1070 1109 1110 1150 1151 1193 1200 1230 1241 1301 1308 1336 1339 1390 1396 1455 1461 1507 1525 1552 1554 1605 1666 1671 1790 1791 1851 1857 1906 1923 1993 1994 2053 2090 2144 2148 2170 2212 2313 2365 2405 2474 2483 2523 2542 2556 2588 2655 2657 2768 2778 2849 
S 11: 0 | 11 95 107 131 270 306 443 567 568 634 649 675 711 752 772 861 902 905 934 972 974 997 1023 1055 1070 1109 1110 1150 1151 1193 1200 1230 1241 1301 1308 1336 1339 1390 1396 1455 1461 1507 1525 1552 1554 1605 1666 1671 1790 1791 1851 1857 1906 1923 1993 1994 2053 2090 2144 2148 2170 2212 2313 2365 2405 2474 2483 2523 2542 2556 2588 2655 2657 2768 2778 2849 
S 12: 0 | 11 95 107 131 270 306 443 567 568 634 649 675 711 752 772 861 902 905 934 972 974 997 1023 1055 1070 1109 1110 1150 1151 1193 1200 1230 1241 1301 1308 1336 1339 1390 1396 1455 1461 1507 1525 1552 1554 1605 1666 1671 1790 1791 1851 1857 1906 1923 1993 1994 2053 2090 2144 2148 2170 2212 2313 2365 2405 2474 2483 2523 2542 2556 2588 2655 2657 2768 2778 2849 
S 13: 0 | 11 95 107 131 270 306 443 567 568 634 649 675 711 752 772 861 902 905 934 972 974 997 1023 1055 1070 1109 1110 1150 1151 1193 1200 1230 1241 1301 1308 1336 1339 1390 1396 1455 1461 1507 1525 1552 1554 1605 1666 1671 1790 1791 1851 1857 1906 1923 1993 1994 2053 2090 2144 2148 2170 2212 2313 2365 2405 2474 2483 2523 2542 2556 2588 2655 2657 2768 2778 2849 
S 14: 0 | 11 95 107 131 270 306 443 567 568 634 649 675 711 752 772 861 902 905 934 972 974 997 1023 1055 1070 1109 1110 1150 1151 1193 1200 1230 1241 1301 1308 1336 1339 1390 1396 1455 1461 1507 1525 1552 1554 1605 1666 1671 1790 1791 1851 1857 1906 1923 1993 1994 2053 2090 2144 2148 2170 2212 2313 2365 2405 2474 2483 2523 2542 2556 2588 2655 2657 2768 2778 2849 
S 15: 0 | 11 95 107 131 270 306 443 567 568 634 649 675 711 752 772 861 902 905 934 972 974 997 1023 1055 1070 1109 1110 1150 1151 1193 1200 1230 1241 1301 1308 1336 1339 1390 1396 1455 1461 1507 1525 1552 1554 1605 1666 1671 1790 1791 1851 1857 1906 1923 1993 1994 2053 2090 2144 2148 2170 2212 2313 2365 2405 2474 2483 2523 2542 2556 2588 2655 2657 2768 2778 2849 
S 16: 0 | 11 95 107 131 270 306 443 567 568 634 649 675 711 752 772 861 902 905 934 972 974 997 1023 1055 1070 1109 1110 1150 1151 1193 1200 1230 1241 1301 1308 1336 1339 1390 1396 1455 1461 1507 1525 1552 1554 1605 1666 1671 1790 1791 1851 1857 1906 1923 1993 1994 2053 2090 2144 2148 2170 2212 2313 2365 2405 2474 2483 2523 2542 2556 2588 2655 2657 2768 2778 2849 
S 17: 0 | 11 95 107 131 270 306 443 567 568 634 649 675 711 752 772 861 902 905 934 972 974 997 1023 1055 1070 1109 1110 1150 1151 1193 1200 1230 1241 1301 1308 1336 1339 1390 1396 1455 1461 1507 1525 1552 1554 1605 1666 1671 1790 1791 1851 1857 1906 1923 1993 1994 2053 2090 2144 2148 2170 2212 2313 2365 2405 2474 2483 2523 2542 2556 2588 2655 2657 2768 2778 2849 
S 18: 0 | 11 95 107 131 270 306 443 567 568 634 649 675 711 752 772 861 902 905 934 972 974 997 1023 1055 1070 1109 1110 1150 1151 1193 1200 1230 1241 1301 1308 1336 1339 1390 1396 1455 1461 1507 1525 1552 1554 1605 1666 1671 1790 1791 1851 1857 1906 1923 1993 1994 2053 2090 2144 2148 2170 2212 2313 2365 2405 2474 2483 2523 2542 2556 2588 2655 2657 2768 2778 2849 
S 19: 0 | 11 95 107 131 270 306 443 567 568 634 649 675 711 752 772 861 902 905 934 972 974 997 1023 1055 1070 1109 1110 1150 1151 1193 1200 1230 1241 1301 1308 1336 1339 1390 1396 1455 1461 1507 1525 1552 1554 1605 1666 1671 1790 1791 1851 1857 1906 1923 1993 1994 2053 2090 2144 2148 2170 2212 2313 2365 2405 2474 2483 2523 2542 2556 2588 2655 2657 2768 2778 2849 
ALL EQUAL

Final time = 1347.4
Final solution cost = 534
