Reading instance small_stp_instances/eil76_10_05.stp of type D
Finished instance reading
Number of vertices = 76
Number of edges (resources) = 2850
Number of scenarios = 10
Average number of terminals per scenario = 76
Probabilities of Scenarios: (0) 0.01 | (1) 0.2 | (2) 0.15 | (3) 0.03 | (4) 0.05 | (5) 0.04 | (6) 0.15 | (7) 0.1 | (8) 0.15 | (9) 0.12 | 
Average weighted inflation = 0.229657
Largest inflation = 0.493333
MAX_ITERATIONS_SINCE_LAST_IMPROVEMENT 2
MAX_ITERATIONS_SINCE_BEST_SOLUTION 3
Creating solution instance.
Starting Evolutive Framework.
Local search solution cost = 529.41
Local search time = 505.538
505.538 local search - EF main loop cycle 0 solution cost 529.41
505.555s Cost of SP solution after second stage solver 529.41
Local search solution cost = 528
Local search time = 46.1069
551.662 local search - EF main loop cycle 1 solution cost 528
551.669s Cost of SP solution after second stage solver 528
Local search solution cost = 528
Local search time = 45.8955
597.564 local search - EF main loop cycle 2 solution cost 528
597.571s Cost of SP solution after second stage solver 528
Local search solution cost = 528
Local search time = 45.8853
643.457 local search - EF main loop cycle 3 solution cost 528
643.464s Cost of SP solution after second stage solver 528
Number of cycles 4
Time for each cycle 160.866
643.471s Cost of SP solution after tail step 528
SELECTED RESOURCES:
27 95 107 160 210 270 407 444 473 567 634 649 675 711 752 757 901 902 905 934 972 974 1023 1055 1070 1109 1110 1150 1151 1193 1200 1230 1241 1301 1308 1339 1360 1390 1396 1455 1461 1507 1525 1552 1554 1607 1663 1666 1790 1797 1830 1906 1923 1974 1994 2053 2090 2144 2170 2190 2214 2216 2313 2365 2405 2474 2483 2523 2542 2588 2617 2629 2655 2704 2800 2849 
SCENARIO'S RESOURCES:
S 0: 0 | 27 95 107 160 210 270 407 444 473 567 634 649 675 711 752 757 901 902 905 934 972 974 1023 1055 1070 1109 1110 1150 1151 1193 1200 1230 1241 1301 1308 1339 1360 1390 1396 1455 1461 1507 1525 1552 1554 1607 1663 1666 1790 1797 1830 1906 1923 1974 1994 2053 2090 2144 2170 2190 2214 2216 2313 2365 2405 2474 2483 2523 2542 2588 2617 2629 2655 2704 2800 2849 
S 1: 0 | 27 95 107 160 210 270 407 444 473 567 634 649 675 711 752 757 901 902 905 934 972 974 1023 1055 1070 1109 1110 1150 1151 1193 1200 1230 1241 1301 1308 1339 1360 1390 1396 1455 1461 1507 1525 1552 1554 1607 1663 1666 1790 1797 1830 1906 1923 1974 1994 2053 2090 2144 2170 2190 2214 2216 2313 2365 2405 2474 2483 2523 2542 2588 2617 2629 2655 2704 2800 2849 
S 2: 0 | 27 95 107 160 210 270 407 444 473 567 634 649 675 711 752 757 901 902 905 934 972 974 1023 1055 1070 1109 1110 1150 1151 1193 1200 1230 1241 1301 1308 1339 1360 1390 1396 1455 1461 1507 1525 1552 1554 1607 1663 1666 1790 1797 1830 1906 1923 1974 1994 2053 2090 2144 2170 2190 2214 2216 2313 2365 2405 2474 2483 2523 2542 2588 2617 2629 2655 2704 2800 2849 
S 3: 0 | 27 95 107 160 210 270 407 444 473 567 634 649 675 711 752 757 901 902 905 934 972 974 1023 1055 1070 1109 1110 1150 1151 1193 1200 1230 1241 1301 1308 1339 1360 1390 1396 1455 1461 1507 1525 1552 1554 1607 1663 1666 1790 1797 1830 1906 1923 1974 1994 2053 2090 2144 2170 2190 2214 2216 2313 2365 2405 2474 2483 2523 2542 2588 2617 2629 2655 2704 2800 2849 
S 4: 0 | 27 95 107 160 210 270 407 444 473 567 634 649 675 711 752 757 901 902 905 934 972 974 1023 1055 1070 1109 1110 1150 1151 1193 1200 1230 1241 1301 1308 1339 1360 1390 1396 1455 1461 1507 1525 1552 1554 1607 1663 1666 1790 1797 1830 1906 1923 1974 1994 2053 2090 2144 2170 2190 2214 2216 2313 2365 2405 2474 2483 2523 2542 2588 2617 2629 2655 2704 2800 2849 
S 5: 0 | 27 95 107 160 210 270 407 444 473 567 634 649 675 711 752 757 901 902 905 934 972 974 1023 1055 1070 1109 1110 1150 1151 1193 1200 1230 1241 1301 1308 1339 1360 1390 1396 1455 1461 1507 1525 1552 1554 1607 1663 1666 1790 1797 1830 1906 1923 1974 1994 2053 2090 2144 2170 2190 2214 2216 2313 2365 2405 2474 2483 2523 2542 2588 2617 2629 2655 2704 2800 2849 
S 6: 0 | 27 95 107 160 210 270 407 444 473 567 634 649 675 711 752 757 901 902 905 934 972 974 1023 1055 1070 1109 1110 1150 1151 1193 1200 1230 1241 1301 1308 1339 1360 1390 1396 1455 1461 1507 1525 1552 1554 1607 1663 1666 1790 1797 1830 1906 1923 1974 1994 2053 2090 2144 2170 2190 2214 2216 2313 2365 2405 2474 2483 2523 2542 2588 2617 2629 2655 2704 2800 2849 
S 7: 0 | 27 95 107 160 210 270 407 444 473 567 634 649 675 711 752 757 901 902 905 934 972 974 1023 1055 1070 1109 1110 1150 1151 1193 1200 1230 1241 1301 1308 1339 1360 1390 1396 1455 1461 1507 1525 1552 1554 1607 1663 1666 1790 1797 1830 1906 1923 1974 1994 2053 2090 2144 2170 2190 2214 2216 2313 2365 2405 2474 2483 2523 2542 2588 2617 2629 2655 2704 2800 2849 
S 8: 0 | 27 95 107 160 210 270 407 444 473 567 634 649 675 711 752 757 901 902 905 934 972 974 1023 1055 1070 1109 1110 1150 1151 1193 1200 1230 1241 1301 1308 1339 1360 1390 1396 1455 1461 1507 1525 1552 1554 1607 1663 1666 1790 1797 1830 1906 1923 1974 1994 2053 2090 2144 2170 2190 2214 2216 2313 2365 2405 2474 2483 2523 2542 2588 2617 2629 2655 2704 2800 2849 
S 9: 0 | 27 95 107 160 210 270 407 444 473 567 634 649 675 711 752 757 901 902 905 934 972 974 1023 1055 1070 1109 1110 1150 1151 1193 1200 1230 1241 1301 1308 1339 1360 1390 1396 1455 1461 1507 1525 1552 1554 1607 1663 1666 1790 1797 1830 1906 1923 1974 1994 2053 2090 2144 2170 2190 2214 2216 2313 2365 2405 2474 2483 2523 2542 2588 2617 2629 2655 2704 2800 2849 
ALL EQUAL

Final time = 643.483
Final solution cost = 528
