Reading instance small_stp_instances/eil76_5_03.stp of type D
Finished instance reading
Number of vertices = 76
Number of edges (resources) = 2850
Number of scenarios = 5
Average number of terminals per scenario = 76
Probabilities of Scenarios: (0) 0.28 | (1) 0.14 | (2) 0.21 | (3) 0.02 | (4) 0.35 | 
Average weighted inflation = 0.130352
Largest inflation = 0.298246
MAX_ITERATIONS_SINCE_LAST_IMPROVEMENT 2
MAX_ITERATIONS_SINCE_BEST_SOLUTION 3
Creating solution instance.
Starting Evolutive Framework.
Local search solution cost = 527
Local search time = 231.684
231.684 local search - EF main loop cycle 0 solution cost 527
231.693s Cost of SP solution after second stage solver 527
Local search solution cost = 527
Local search time = 22.9681
254.661 local search - EF main loop cycle 1 solution cost 527
254.664s Cost of SP solution after second stage solver 527
Local search solution cost = 527
Local search time = 22.9018
277.566 local search - EF main loop cycle 2 solution cost 527
277.569s Cost of SP solution after second stage solver 527
Number of cycles 3
Time for each cycle 92.5232
277.578s Cost of SP solution after tail step 527
SELECTED RESOURCES:
27 95 107 160 210 270 444 473 567 634 649 675 711 752 757 901 905 934 972 974 1023 1055 1070 1109 1110 1150 1151 1193 1200 1230 1241 1301 1308 1339 1360 1390 1396 1455 1461 1507 1525 1552 1554 1607 1663 1666 1790 1797 1831 1857 1906 1974 1994 2053 2090 2144 2170 2190 2214 2216 2313 2365 2405 2474 2483 2523 2542 2556 2588 2629 2657 2704 2800 2849 
SCENARIO'S RESOURCES:
S 0: 11 | 27 95 107 160 210 270 444 473 567 634 649 675 711 752 757 901 902 905 934 972 974 1023 1055 1070 1109 1110 1150 1151 1193 1200 1230 1241 1301 1308 1339 1360 1390 1396 1455 1461 1507 1525 1552 1554 1607 1663 1666 1790 1797 1831 1857 1906 1923 1974 1994 2053 2090 2144 2170 2190 2214 2216 2313 2365 2405 2474 2483 2523 2542 2556 2588 2629 2657 2704 2800 2849 
S 1: 11 | 27 95 107 160 210 270 444 473 567 634 649 675 711 752 757 901 902 905 934 972 974 1023 1055 1070 1109 1110 1150 1151 1193 1200 1230 1241 1301 1308 1339 1360 1390 1396 1455 1461 1507 1525 1552 1554 1607 1663 1666 1790 1797 1831 1857 1906 1923 1974 1994 2053 2090 2144 2170 2190 2214 2216 2313 2365 2405 2474 2483 2523 2542 2556 2588 2629 2657 2704 2800 2849 
S 2: 11 | 27 95 107 160 210 270 444 473 567 634 649 675 711 752 757 901 902 905 934 972 974 1023 1055 1070 1109 1110 1150 1151 1193 1200 1230 1241 1301 1308 1339 1360 1390 1396 1455 1461 1507 1525 1552 1554 1607 1663 1666 1790 1797 1831 1857 1906 1923 1974 1994 2053 2090 2144 2170 2190 2214 2216 2313 2365 2405 2474 2483 2523 2542 2556 2588 2629 2657 2704 2800 2849 
S 3: 11 | 27 95 107 160 210 270 444 473 567 634 649 675 711 752 757 901 902 905 934 972 974 1023 1055 1070 1109 1110 1150 1151 1193 1200 1230 1241 1301 1308 1339 1360 1390 1396 1455 1461 1507 1525 1552 1554 1607 1663 1666 1790 1797 1831 1857 1906 1923 1974 1994 2053 2090 2144 2170 2190 2214 2216 2313 2365 2405 2474 2483 2523 2542 2556 2588 2629 2657 2704 2800 2849 
S 4: 11 | 27 95 107 160 210 270 444 473 567 634 649 675 711 752 757 901 902 905 934 972 974 1023 1055 1070 1109 1110 1150 1151 1193 1200 1230 1241 1301 1308 1339 1360 1390 1396 1455 1461 1507 1525 1552 1554 1607 1663 1666 1790 1797 1831 1857 1906 1923 1974 1994 2053 2090 2144 2170 2190 2214 2216 2313 2365 2405 2474 2483 2523 2542 2556 2588 2629 2657 2704 2800 2849 

Final time = 277.589
Final solution cost = 527
