Reading instance small_stp_instances/eil76_10_03.stp of type D
Finished instance reading
Number of vertices = 76
Number of edges (resources) = 2850
Number of scenarios = 10
Average number of terminals per scenario = 76
Probabilities of Scenarios: (0) 0.04 | (1) 0.2 | (2) 0.09 | (3) 0.21 | (4) 0.1 | (5) 0.02 | (6) 0.06 | (7) 0.07 | (8) 0.01 | (9) 0.2 | 
Average weighted inflation = 0.128565
Largest inflation = 0.298507
MAX_ITERATIONS_SINCE_LAST_IMPROVEMENT 2
MAX_ITERATIONS_SINCE_BEST_SOLUTION 3
Creating solution instance.
Starting Evolutive Framework.
Local search solution cost = 526.07
Local search time = 446.873
446.873 local search - EF main loop cycle 0 solution cost 526.07
446.882s Cost of SP solution after second stage solver 526.07
Local search solution cost = 526
Local search time = 45.9306
492.813 local search - EF main loop cycle 1 solution cost 526
492.82s Cost of SP solution after second stage solver 526
Local search solution cost = 526
Local search time = 45.8971
538.717 local search - EF main loop cycle 2 solution cost 526
538.724s Cost of SP solution after second stage solver 526
Number of cycles 3
Time for each cycle 179.575
538.731s Cost of SP solution after tail step 526
SELECTED RESOURCES:
95 107 160 270 407 444 473 496 567 568 634 649 675 711 752 757 901 902 934 972 1023 1055 1070 1109 1110 1150 1151 1193 1200 1230 1241 1301 1320 1332 1339 1390 1396 1455 1461 1507 1525 1552 1554 1607 1663 1666 1790 1797 1851 1906 1923 1974 1994 2053 2090 2144 2170 2178 2214 2216 2313 2365 2405 2474 2483 2523 2542 2556 2617 2629 2655 2704 2800 
SCENARIO'S RESOURCES:
S 0: 10 | 95 107 160 270 407 444 473 496 567 568 634 649 675 711 752 757 901 902 905 934 972 974 1023 1055 1070 1109 1110 1150 1151 1193 1200 1230 1241 1301 1320 1332 1339 1390 1396 1455 1461 1507 1525 1552 1554 1607 1663 1666 1790 1797 1851 1906 1923 1974 1994 2053 2090 2144 2170 2178 2214 2216 2313 2365 2405 2474 2483 2523 2542 2556 2617 2629 2655 2704 2800 2849 
S 1: 10 | 95 107 160 270 407 444 473 496 567 568 634 649 675 711 752 757 901 902 905 934 972 974 1023 1055 1070 1109 1110 1150 1151 1193 1200 1230 1241 1301 1320 1332 1339 1390 1396 1455 1461 1507 1525 1552 1554 1607 1663 1666 1790 1797 1851 1906 1923 1974 1994 2053 2090 2144 2170 2178 2214 2216 2313 2365 2405 2474 2483 2523 2542 2556 2617 2629 2655 2704 2800 2849 
S 2: 10 | 95 107 160 270 407 444 473 496 567 568 634 649 675 711 752 757 901 902 905 934 972 974 1023 1055 1070 1109 1110 1150 1151 1193 1200 1230 1241 1301 1320 1332 1339 1390 1396 1455 1461 1507 1525 1552 1554 1607 1663 1666 1790 1797 1851 1906 1923 1974 1994 2053 2090 2144 2170 2178 2214 2216 2313 2365 2405 2474 2483 2523 2542 2556 2617 2629 2655 2704 2800 2849 
S 3: 10 | 95 107 160 270 407 444 473 496 567 568 634 649 675 711 752 757 901 902 905 934 972 974 1023 1055 1070 1109 1110 1150 1151 1193 1200 1230 1241 1301 1320 1332 1339 1390 1396 1455 1461 1507 1525 1552 1554 1607 1663 1666 1790 1797 1851 1906 1923 1974 1994 2053 2090 2144 2170 2178 2214 2216 2313 2365 2405 2474 2483 2523 2542 2556 2617 2629 2655 2704 2800 2849 
S 4: 10 | 95 107 160 270 407 444 473 496 567 568 634 649 675 711 752 757 901 902 905 934 972 974 1023 1055 1070 1109 1110 1150 1151 1193 1200 1230 1241 1301 1320 1332 1339 1390 1396 1455 1461 1507 1525 1552 1554 1607 1663 1666 1790 1797 1851 1906 1923 1974 1994 2053 2090 2144 2170 2178 2214 2216 2313 2365 2405 2474 2483 2523 2542 2556 2617 2629 2655 2704 2800 2849 
S 5: 10 | 95 107 160 270 407 444 473 496 567 568 634 649 675 711 752 757 901 902 905 934 972 974 1023 1055 1070 1109 1110 1150 1151 1193 1200 1230 1241 1301 1320 1332 1339 1390 1396 1455 1461 1507 1525 1552 1554 1607 1663 1666 1790 1797 1851 1906 1923 1974 1994 2053 2090 2144 2170 2178 2214 2216 2313 2365 2405 2474 2483 2523 2542 2556 2617 2629 2655 2704 2800 2849 
S 6: 10 | 95 107 160 270 407 444 473 496 567 568 634 649 675 711 752 757 901 902 905 934 972 974 1023 1055 1070 1109 1110 1150 1151 1193 1200 1230 1241 1301 1320 1332 1339 1390 1396 1455 1461 1507 1525 1552 1554 1607 1663 1666 1790 1797 1851 1906 1923 1974 1994 2053 2090 2144 2170 2178 2214 2216 2313 2365 2405 2474 2483 2523 2542 2556 2617 2629 2655 2704 2800 2849 
S 7: 10 | 95 107 160 270 407 444 473 496 567 568 634 649 675 711 752 757 901 902 905 934 972 974 1023 1055 1070 1109 1110 1150 1151 1193 1200 1230 1241 1301 1320 1332 1339 1390 1396 1455 1461 1507 1525 1552 1554 1607 1663 1666 1790 1797 1851 1906 1923 1974 1994 2053 2090 2144 2170 2178 2214 2216 2313 2365 2405 2474 2483 2523 2542 2556 2617 2629 2655 2704 2800 2849 
S 8: 10 | 95 107 160 270 407 444 473 496 567 568 634 649 675 711 752 757 901 902 905 934 972 974 1023 1055 1070 1109 1110 1150 1151 1193 1200 1230 1241 1301 1320 1332 1339 1390 1396 1455 1461 1507 1525 1552 1554 1607 1663 1666 1790 1797 1851 1906 1923 1974 1994 2053 2090 2144 2170 2178 2214 2216 2313 2365 2405 2474 2483 2523 2542 2556 2617 2629 2655 2704 2800 2849 
S 9: 10 | 95 107 160 270 407 444 473 496 567 568 634 649 675 711 752 757 901 902 905 934 972 974 1023 1055 1070 1109 1110 1150 1151 1193 1200 1230 1241 1301 1320 1332 1339 1390 1396 1455 1461 1507 1525 1552 1554 1607 1663 1666 1790 1797 1851 1906 1923 1974 1994 2053 2090 2144 2170 2178 2214 2216 2313 2365 2405 2474 2483 2523 2542 2556 2617 2629 2655 2704 2800 2849 

Final time = 538.743
Final solution cost = 526
