Reading instance small_stp_instances/eil76_20_05.stp of type D
Finished instance reading
Number of vertices = 76
Number of edges (resources) = 2850
Number of scenarios = 20
Average number of terminals per scenario = 76
Probabilities of Scenarios: (0) 0.04 | (1) 0.08 | (2) 0.09 | (3) 0.13 | (4) 0.05 | (5) 0.08 | (6) 0.08 | (7) 0.07 | (8) 0 | (9) 0.01 | (10) 0.1 | (11) 0.07 | (12) 0.05 | (13) 0.03 | (14) 0.03 | (15) 0.06 | (16) 0 | (17) 0 | (18) 0.01 | (19) 0.02 | 
Average weighted inflation = 0.228409
Largest inflation = 0.493506
MAX_ITERATIONS_SINCE_LAST_IMPROVEMENT 2
MAX_ITERATIONS_SINCE_BEST_SOLUTION 3
Creating solution instance.
Starting Evolutive Framework.
Local search solution cost = 536.35
Local search time = 958.988
958.989 local search - EF main loop cycle 0 solution cost 536.35
959.08s Cost of SP solution after second stage solver 536.35
Local search solution cost = 531
Local search time = 94.7341
1053.81 local search - EF main loop cycle 1 solution cost 531
1053.83s Cost of SP solution after second stage solver 531
Local search solution cost = 531
Local search time = 92.2209
1146.05 local search - EF main loop cycle 2 solution cost 531
1146.06s Cost of SP solution after second stage solver 531
Local search solution cost = 531
Local search time = 92.1184
1238.18 local search - EF main loop cycle 3 solution cost 531
1238.2s Cost of SP solution after second stage solver 531
Number of cycles 4
Time for each cycle 309.549
1238.21s Cost of SP solution after tail step 531
SELECTED RESOURCES:
27 95 107 131 160 210 270 407 443 531 567 634 649 675 711 752 772 901 902 905 934 972 974 1055 1070 1109 1110 1150 1151 1193 1200 1230 1241 1301 1320 1339 1360 1390 1396 1455 1461 1507 1525 1552 1554 1605 1663 1666 1790 1797 1830 1906 1923 1974 1994 2053 2090 2144 2148 2170 2216 2313 2365 2405 2474 2483 2523 2542 2588 2617 2629 2655 2768 2800 2849 
SCENARIO'S RESOURCES:
S 0: 2 | 27 95 107 131 160 210 270 407 443 531 567 634 649 675 711 752 772 901 902 905 934 972 974 1023 1055 1070 1109 1110 1150 1151 1193 1200 1230 1241 1301 1320 1339 1360 1390 1396 1455 1461 1507 1525 1552 1554 1605 1663 1666 1790 1797 1830 1906 1923 1974 1994 2053 2090 2144 2148 2170 2216 2313 2365 2405 2474 2483 2523 2542 2588 2617 2629 2655 2768 2800 2849 
S 1: 2 | 27 95 107 131 160 210 270 407 443 531 567 634 649 675 711 752 772 901 902 905 934 972 974 1023 1055 1070 1109 1110 1150 1151 1193 1200 1230 1241 1301 1320 1339 1360 1390 1396 1455 1461 1507 1525 1552 1554 1605 1663 1666 1790 1797 1830 1906 1923 1974 1994 2053 2090 2144 2148 2170 2216 2313 2365 2405 2474 2483 2523 2542 2588 2617 2629 2655 2768 2800 2849 
S 2: 2 | 27 95 107 131 160 210 270 407 443 531 567 634 649 675 711 752 772 901 902 905 934 972 974 1023 1055 1070 1109 1110 1150 1151 1193 1200 1230 1241 1301 1320 1339 1360 1390 1396 1455 1461 1507 1525 1552 1554 1605 1663 1666 1790 1797 1830 1906 1923 1974 1994 2053 2090 2144 2148 2170 2216 2313 2365 2405 2474 2483 2523 2542 2588 2617 2629 2655 2768 2800 2849 
S 3: 2 | 27 95 107 131 160 210 270 407 443 531 567 634 649 675 711 752 772 901 902 905 934 972 974 1023 1055 1070 1109 1110 1150 1151 1193 1200 1230 1241 1301 1320 1339 1360 1390 1396 1455 1461 1507 1525 1552 1554 1605 1663 1666 1790 1797 1830 1906 1923 1974 1994 2053 2090 2144 2148 2170 2216 2313 2365 2405 2474 2483 2523 2542 2588 2617 2629 2655 2768 2800 2849 
S 4: 2 | 27 95 107 131 160 210 270 407 443 531 567 634 649 675 711 752 772 901 902 905 934 972 974 1023 1055 1070 1109 1110 1150 1151 1193 1200 1230 1241 1301 1320 1339 1360 1390 1396 1455 1461 1507 1525 1552 1554 1605 1663 1666 1790 1797 1830 1906 1923 1974 1994 2053 2090 2144 2148 2170 2216 2313 2365 2405 2474 2483 2523 2542 2588 2617 2629 2655 2768 2800 2849 
S 5: 2 | 27 95 107 131 160 210 270 407 443 531 567 634 649 675 711 752 772 901 902 905 934 972 974 1023 1055 1070 1109 1110 1150 1151 1193 1200 1230 1241 1301 1320 1339 1360 1390 1396 1455 1461 1507 1525 1552 1554 1605 1663 1666 1790 1797 1830 1906 1923 1974 1994 2053 2090 2144 2148 2170 2216 2313 2365 2405 2474 2483 2523 2542 2588 2617 2629 2655 2768 2800 2849 
S 6: 2 | 27 95 107 131 160 210 270 407 443 531 567 634 649 675 711 752 772 901 902 905 934 972 974 1023 1055 1070 1109 1110 1150 1151 1193 1200 1230 1241 1301 1320 1339 1360 1390 1396 1455 1461 1507 1525 1552 1554 1605 1663 1666 1790 1797 1830 1906 1923 1974 1994 2053 2090 2144 2148 2170 2216 2313 2365 2405 2474 2483 2523 2542 2588 2617 2629 2655 2768 2800 2849 
S 7: 2 | 27 95 107 131 160 210 270 407 443 531 567 634 649 675 711 752 772 901 902 905 934 972 974 1023 1055 1070 1109 1110 1150 1151 1193 1200 1230 1241 1301 1320 1339 1360 1390 1396 1455 1461 1507 1525 1552 1554 1605 1663 1666 1790 1797 1830 1906 1923 1974 1994 2053 2090 2144 2148 2170 2216 2313 2365 2405 2474 2483 2523 2542 2588 2617 2629 2655 2768 2800 2849 
S 8: 2 | 27 95 107 131 160 210 270 407 443 531 567 634 649 675 711 752 772 901 902 905 934 972 974 1023 1055 1070 1109 1110 1150 1151 1193 1200 1230 1241 1301 1320 1339 1360 1390 1396 1455 1461 1507 1525 1552 1554 1605 1663 1666 1790 1797 1830 1906 1923 1974 1994 2053 2090 2144 2148 2170 2216 2313 2365 2405 2474 2483 2523 2542 2588 2617 2629 2655 2768 2800 2849 
S 9: 2 | 27 95 107 131 160 210 270 407 443 531 567 634 649 675 711 752 772 901 902 905 934 972 974 1023 1055 1070 1109 1110 1150 1151 1193 1200 1230 1241 1301 1320 1339 1360 1390 1396 1455 1461 1507 1525 1552 1554 1605 1663 1666 1790 1797 1830 1906 1923 1974 1994 2053 2090 2144 2148 2170 2216 2313 2365 2405 2474 2483 2523 2542 2588 2617 2629 2655 2768 2800 2849 
S 10: 2 | 27 95 107 131 160 210 270 407 443 531 567 634 649 675 711 752 772 901 902 905 934 972 974 1023 1055 1070 1109 1110 1150 1151 1193 1200 1230 1241 1301 1320 1339 1360 1390 1396 1455 1461 1507 1525 1552 1554 1605 1663 1666 1790 1797 1830 1906 1923 1974 1994 2053 2090 2144 2148 2170 2216 2313 2365 2405 2474 2483 2523 2542 2588 2617 2629 2655 2768 2800 2849 
S 11: 2 | 27 95 107 131 160 210 270 407 443 531 567 634 649 675 711 752 772 901 902 905 934 972 974 1023 1055 1070 1109 1110 1150 1151 1193 1200 1230 1241 1301 1320 1339 1360 1390 1396 1455 1461 1507 1525 1552 1554 1605 1663 1666 1790 1797 1830 1906 1923 1974 1994 2053 2090 2144 2148 2170 2216 2313 2365 2405 2474 2483 2523 2542 2588 2617 2629 2655 2768 2800 2849 
S 12: 2 | 27 95 107 131 160 210 270 407 443 531 567 634 649 675 711 752 772 901 902 905 934 972 974 1023 1055 1070 1109 1110 1150 1151 1193 1200 1230 1241 1301 1320 1339 1360 1390 1396 1455 1461 1507 1525 1552 1554 1605 1663 1666 1790 1797 1830 1906 1923 1974 1994 2053 2090 2144 2148 2170 2216 2313 2365 2405 2474 2483 2523 2542 2588 2617 2629 2655 2768 2800 2849 
S 13: 2 | 27 95 107 131 160 210 270 407 443 531 567 634 649 675 711 752 772 901 902 905 934 972 974 1023 1055 1070 1109 1110 1150 1151 1193 1200 1230 1241 1301 1320 1339 1360 1390 1396 1455 1461 1507 1525 1552 1554 1605 1663 1666 1790 1797 1830 1906 1923 1974 1994 2053 2090 2144 2148 2170 2216 2313 2365 2405 2474 2483 2523 2542 2588 2617 2629 2655 2768 2800 2849 
S 14: 2 | 27 95 107 131 160 210 270 407 443 531 567 634 649 675 711 752 772 901 902 905 934 972 974 1023 1055 1070 1109 1110 1150 1151 1193 1200 1230 1241 1301 1320 1339 1360 1390 1396 1455 1461 1507 1525 1552 1554 1605 1663 1666 1790 1797 1830 1906 1923 1974 1994 2053 2090 2144 2148 2170 2216 2313 2365 2405 2474 2483 2523 2542 2588 2617 2629 2655 2768 2800 2849 
S 15: 2 | 27 95 107 131 160 210 270 407 443 531 567 634 649 675 711 752 772 901 902 905 934 972 974 1023 1055 1070 1109 1110 1150 1151 1193 1200 1230 1241 1301 1320 1339 1360 1390 1396 1455 1461 1507 1525 1552 1554 1605 1663 1666 1790 1797 1830 1906 1923 1974 1994 2053 2090 2144 2148 2170 2216 2313 2365 2405 2474 2483 2523 2542 2588 2617 2629 2655 2768 2800 2849 
S 16: 2 | 27 95 107 131 160 210 270 407 443 531 567 634 649 675 711 752 772 901 902 905 934 972 974 1023 1055 1070 1109 1110 1150 1151 1193 1200 1230 1241 1301 1320 1339 1360 1390 1396 1455 1461 1507 1525 1552 1554 1605 1663 1666 1790 1797 1830 1906 1923 1974 1994 2053 2090 2144 2148 2170 2216 2313 2365 2405 2474 2483 2523 2542 2588 2617 2629 2655 2768 2800 2849 
S 17: 2 | 27 95 107 131 160 210 270 407 443 531 567 634 649 675 711 752 772 901 902 905 934 972 974 1023 1055 1070 1109 1110 1150 1151 1193 1200 1230 1241 1301 1320 1339 1360 1390 1396 1455 1461 1507 1525 1552 1554 1605 1663 1666 1790 1797 1830 1906 1923 1974 1994 2053 2090 2144 2148 2170 2216 2313 2365 2405 2474 2483 2523 2542 2588 2617 2629 2655 2768 2800 2849 
S 18: 2 | 27 95 107 131 160 210 270 407 443 531 567 634 649 675 711 752 772 901 902 905 934 972 974 1023 1055 1070 1109 1110 1150 1151 1193 1200 1230 1241 1301 1320 1339 1360 1390 1396 1455 1461 1507 1525 1552 1554 1605 1663 1666 1790 1797 1830 1906 1923 1974 1994 2053 2090 2144 2148 2170 2216 2313 2365 2405 2474 2483 2523 2542 2588 2617 2629 2655 2768 2800 2849 
S 19: 2 | 27 95 107 131 160 210 270 407 443 531 567 634 649 675 711 752 772 901 902 905 934 972 974 1023 1055 1070 1109 1110 1150 1151 1193 1200 1230 1241 1301 1320 1339 1360 1390 1396 1455 1461 1507 1525 1552 1554 1605 1663 1666 1790 1797 1830 1906 1923 1974 1994 2053 2090 2144 2148 2170 2216 2313 2365 2405 2474 2483 2523 2542 2588 2617 2629 2655 2768 2800 2849 

Final time = 1238.23
Final solution cost = 531
