Reading instance small_stp_instances/eil76_5_05.stp of type D
Finished instance reading
Number of vertices = 76
Number of edges (resources) = 2850
Number of scenarios = 5
Average number of terminals per scenario = 76
Probabilities of Scenarios: (0) 0.26 | (1) 0.03 | (2) 0 | (3) 0.36 | (4) 0.35 | 
Average weighted inflation = 0.229226
Largest inflation = 0.492308
MAX_ITERATIONS_SINCE_LAST_IMPROVEMENT 2
MAX_ITERATIONS_SINCE_BEST_SOLUTION 3
Creating solution instance.
Starting Evolutive Framework.
Local search solution cost = 529.46
Local search time = 260.613
260.613 local search - EF main loop cycle 0 solution cost 529.46
260.621s Cost of SP solution after second stage solver 529.46
Local search solution cost = 527
Local search time = 22.9823
283.604 local search - EF main loop cycle 1 solution cost 527
283.607s Cost of SP solution after second stage solver 527
Local search solution cost = 527
Local search time = 22.9048
306.512 local search - EF main loop cycle 2 solution cost 527
306.516s Cost of SP solution after second stage solver 527
Local search solution cost = 527
Local search time = 22.9066
329.422 local search - EF main loop cycle 3 solution cost 527
329.426s Cost of SP solution after second stage solver 527
Number of cycles 4
Time for each cycle 82.3565
329.429s Cost of SP solution after tail step 527
SELECTED RESOURCES:
95 107 160 210 270 407 444 473 567 568 634 649 675 711 752 757 860 901 905 934 972 974 1055 1070 1109 1110 1150 1151 1193 1200 1230 1241 1301 1308 1332 1339 1390 1396 1455 1461 1507 1527 1552 1554 1607 1663 1666 1790 1797 1830 1906 1923 1974 1994 2053 2090 2144 2170 2190 2214 2216 2313 2365 2405 2474 2483 2523 2542 2588 2617 2629 2655 2704 2800 2849 
SCENARIO'S RESOURCES:
S 0: 2 | 95 107 160 210 270 407 444 473 567 568 634 649 675 711 752 757 860 901 905 934 972 974 1023 1055 1070 1109 1110 1150 1151 1193 1200 1230 1241 1301 1308 1332 1339 1390 1396 1455 1461 1507 1527 1552 1554 1607 1663 1666 1790 1797 1830 1906 1923 1974 1994 2053 2090 2144 2170 2190 2214 2216 2313 2365 2405 2474 2483 2523 2542 2588 2617 2629 2655 2704 2800 2849 
S 1: 2 | 95 107 160 210 270 407 444 473 567 568 634 649 675 711 752 757 860 901 905 934 972 974 1023 1055 1070 1109 1110 1150 1151 1193 1200 1230 1241 1301 1308 1332 1339 1390 1396 1455 1461 1507 1527 1552 1554 1607 1663 1666 1790 1797 1830 1906 1923 1974 1994 2053 2090 2144 2170 2190 2214 2216 2313 2365 2405 2474 2483 2523 2542 2588 2617 2629 2655 2704 2800 2849 
S 2: 2 | 95 107 160 210 270 407 444 473 567 568 634 649 675 711 752 757 860 901 905 934 972 974 1023 1055 1070 1109 1110 1150 1151 1193 1200 1230 1241 1301 1308 1332 1339 1390 1396 1455 1461 1507 1527 1552 1554 1607 1663 1666 1790 1797 1830 1906 1923 1974 1994 2053 2090 2144 2170 2190 2214 2216 2313 2365 2405 2474 2483 2523 2542 2588 2617 2629 2655 2704 2800 2849 
S 3: 2 | 95 107 160 210 270 407 444 473 567 568 634 649 675 711 752 757 860 901 905 934 972 974 1023 1055 1070 1109 1110 1150 1151 1193 1200 1230 1241 1301 1308 1332 1339 1390 1396 1455 1461 1507 1527 1552 1554 1607 1663 1666 1790 1797 1830 1906 1923 1974 1994 2053 2090 2144 2170 2190 2214 2216 2313 2365 2405 2474 2483 2523 2542 2588 2617 2629 2655 2704 2800 2849 
S 4: 2 | 95 107 160 210 270 407 444 473 567 568 634 649 675 711 752 757 860 901 905 934 972 974 1023 1055 1070 1109 1110 1150 1151 1193 1200 1230 1241 1301 1308 1332 1339 1390 1396 1455 1461 1507 1527 1552 1554 1607 1663 1666 1790 1797 1830 1906 1923 1974 1994 2053 2090 2144 2170 2190 2214 2216 2313 2365 2405 2474 2483 2523 2542 2588 2617 2629 2655 2704 2800 2849 

Final time = 329.436
Final solution cost = 527
