Reading instance small_stp_instances/eil76_5_10.stp of type D
Finished instance reading
Number of vertices = 76
Number of edges (resources) = 2850
Number of scenarios = 5
Average number of terminals per scenario = 76
Probabilities of Scenarios: (0) 0.05 | (1) 0.31 | (2) 0.2 | (3) 0.24 | (4) 0.2 | 
Average weighted inflation = 0.479858
Largest inflation = 0.987654
MAX_ITERATIONS_SINCE_LAST_IMPROVEMENT 2
MAX_ITERATIONS_SINCE_BEST_SOLUTION 3
Creating solution instance.
Starting Evolutive Framework.
Local search solution cost = 560.21
Local search time = 230.755
230.755 local search - EF main loop cycle 0 solution cost 560.21
230.764s Cost of SP solution after second stage solver 560.21
Local search solution cost = 546
Local search time = 24.0099
254.774 local search - EF main loop cycle 1 solution cost 546
254.778s Cost of SP solution after second stage solver 546
Local search solution cost = 546
Local search time = 23.9498
278.728 local search - EF main loop cycle 2 solution cost 546
278.731s Cost of SP solution after second stage solver 546
Local search solution cost = 546
Local search time = 23.9144
302.646 local search - EF main loop cycle 3 solution cost 546
302.649s Cost of SP solution after second stage solver 546
Number of cycles 4
Time for each cycle 75.6623
302.653s Cost of SP solution after tail step 546
SELECTED RESOURCES:
27 95 107 160 210 270 404 407 443 444 567 634 649 675 711 752 757 901 902 905 934 949 974 1023 1055 1070 1084 1110 1150 1151 1200 1207 1230 1241 1301 1308 1339 1360 1390 1396 1448 1455 1507 1525 1552 1554 1607 1663 1666 1790 1791 1857 1906 1923 1953 1994 2053 2090 2144 2170 2190 2216 2313 2365 2405 2474 2483 2523 2542 2588 2617 2629 2655 2768 2800 2849 
SCENARIO'S RESOURCES:
S 0: 0 | 27 95 107 160 210 270 404 407 443 444 567 634 649 675 711 752 757 901 902 905 934 949 974 1023 1055 1070 1084 1110 1150 1151 1200 1207 1230 1241 1301 1308 1339 1360 1390 1396 1448 1455 1507 1525 1552 1554 1607 1663 1666 1790 1791 1857 1906 1923 1953 1994 2053 2090 2144 2170 2190 2216 2313 2365 2405 2474 2483 2523 2542 2588 2617 2629 2655 2768 2800 2849 
S 1: 0 | 27 95 107 160 210 270 404 407 443 444 567 634 649 675 711 752 757 901 902 905 934 949 974 1023 1055 1070 1084 1110 1150 1151 1200 1207 1230 1241 1301 1308 1339 1360 1390 1396 1448 1455 1507 1525 1552 1554 1607 1663 1666 1790 1791 1857 1906 1923 1953 1994 2053 2090 2144 2170 2190 2216 2313 2365 2405 2474 2483 2523 2542 2588 2617 2629 2655 2768 2800 2849 
S 2: 0 | 27 95 107 160 210 270 404 407 443 444 567 634 649 675 711 752 757 901 902 905 934 949 974 1023 1055 1070 1084 1110 1150 1151 1200 1207 1230 1241 1301 1308 1339 1360 1390 1396 1448 1455 1507 1525 1552 1554 1607 1663 1666 1790 1791 1857 1906 1923 1953 1994 2053 2090 2144 2170 2190 2216 2313 2365 2405 2474 2483 2523 2542 2588 2617 2629 2655 2768 2800 2849 
S 3: 0 | 27 95 107 160 210 270 404 407 443 444 567 634 649 675 711 752 757 901 902 905 934 949 974 1023 1055 1070 1084 1110 1150 1151 1200 1207 1230 1241 1301 1308 1339 1360 1390 1396 1448 1455 1507 1525 1552 1554 1607 1663 1666 1790 1791 1857 1906 1923 1953 1994 2053 2090 2144 2170 2190 2216 2313 2365 2405 2474 2483 2523 2542 2588 2617 2629 2655 2768 2800 2849 
S 4: 0 | 27 95 107 160 210 270 404 407 443 444 567 634 649 675 711 752 757 901 902 905 934 949 974 1023 1055 1070 1084 1110 1150 1151 1200 1207 1230 1241 1301 1308 1339 1360 1390 1396 1448 1455 1507 1525 1552 1554 1607 1663 1666 1790 1791 1857 1906 1923 1953 1994 2053 2090 2144 2170 2190 2216 2313 2365 2405 2474 2483 2523 2542 2588 2617 2629 2655 2768 2800 2849 
ALL EQUAL

Final time = 302.66
Final solution cost = 546
