Reading instance small_stp_instances/eil76_20_03.stp of type D
Finished instance reading
Number of vertices = 76
Number of edges (resources) = 2850
Number of scenarios = 20
Average number of terminals per scenario = 76
Probabilities of Scenarios: (0) 0.03 | (1) 0.12 | (2) 0.06 | (3) 0.02 | (4) 0.06 | (5) 0.02 | (6) 0.05 | (7) 0.06 | (8) 0.07 | (9) 0.02 | (10) 0.05 | (11) 0.05 | (12) 0.06 | (13) 0.06 | (14) 0.06 | (15) 0.02 | (16) 0.02 | (17) 0.05 | (18) 0.06 | (19) 0.06 | 
Average weighted inflation = 0.129528
Largest inflation = 0.298507
MAX_ITERATIONS_SINCE_LAST_IMPROVEMENT 2
MAX_ITERATIONS_SINCE_BEST_SOLUTION 3
Creating solution instance.
Starting Evolutive Framework.
Local search solution cost = 527.24
Local search time = 1116.84
1116.84 local search - EF main loop cycle 0 solution cost 527.24
1116.93s Cost of SP solution after second stage solver 527.24
Local search solution cost = 526
Local search time = 101.573
1218.5 local search - EF main loop cycle 1 solution cost 526
1218.51s Cost of SP solution after second stage solver 526
Local search solution cost = 526
Local search time = 97.2366
1315.75 local search - EF main loop cycle 2 solution cost 526
1315.76s Cost of SP solution after second stage solver 526
Local search solution cost = 526
Local search time = 97.5513
1413.32 local search - EF main loop cycle 3 solution cost 526
1413.33s Cost of SP solution after second stage solver 526
Number of cycles 4
Time for each cycle 353.332
1413.34s Cost of SP solution after tail step 526
SELECTED RESOURCES:
95 107 160 270 407 444 473 496 567 568 634 649 675 711 752 757 901 902 934 972 974 1023 1055 1070 1109 1110 1150 1151 1193 1200 1230 1241 1301 1320 1332 1339 1390 1396 1455 1461 1507 1525 1552 1554 1607 1663 1666 1790 1797 1851 1906 1923 1974 1994 2053 2090 2144 2170 2178 2214 2216 2313 2365 2405 2474 2483 2523 2542 2556 2617 2629 2655 2704 2800 
SCENARIO'S RESOURCES:
S 0: 6 | 95 107 160 270 407 444 473 496 567 568 634 649 675 711 752 757 901 902 905 934 972 974 1023 1055 1070 1109 1110 1150 1151 1193 1200 1230 1241 1301 1320 1332 1339 1390 1396 1455 1461 1507 1525 1552 1554 1607 1663 1666 1790 1797 1851 1906 1923 1974 1994 2053 2090 2144 2170 2178 2214 2216 2313 2365 2405 2474 2483 2523 2542 2556 2617 2629 2655 2704 2800 2849 
S 1: 6 | 95 107 160 270 407 444 473 496 567 568 634 649 675 711 752 757 901 902 905 934 972 974 1023 1055 1070 1109 1110 1150 1151 1193 1200 1230 1241 1301 1320 1332 1339 1390 1396 1455 1461 1507 1525 1552 1554 1607 1663 1666 1790 1797 1851 1906 1923 1974 1994 2053 2090 2144 2170 2178 2214 2216 2313 2365 2405 2474 2483 2523 2542 2556 2617 2629 2655 2704 2800 2849 
S 2: 6 | 95 107 160 270 407 444 473 496 567 568 634 649 675 711 752 757 901 902 905 934 972 974 1023 1055 1070 1109 1110 1150 1151 1193 1200 1230 1241 1301 1320 1332 1339 1390 1396 1455 1461 1507 1525 1552 1554 1607 1663 1666 1790 1797 1851 1906 1923 1974 1994 2053 2090 2144 2170 2178 2214 2216 2313 2365 2405 2474 2483 2523 2542 2556 2617 2629 2655 2704 2800 2849 
S 3: 6 | 95 107 160 270 407 444 473 496 567 568 634 649 675 711 752 757 901 902 905 934 972 974 1023 1055 1070 1109 1110 1150 1151 1193 1200 1230 1241 1301 1320 1332 1339 1390 1396 1455 1461 1507 1525 1552 1554 1607 1663 1666 1790 1797 1851 1906 1923 1974 1994 2053 2090 2144 2170 2178 2214 2216 2313 2365 2405 2474 2483 2523 2542 2556 2617 2629 2655 2704 2800 2849 
S 4: 6 | 95 107 160 270 407 444 473 496 567 568 634 649 675 711 752 757 901 902 905 934 972 974 1023 1055 1070 1109 1110 1150 1151 1193 1200 1230 1241 1301 1320 1332 1339 1390 1396 1455 1461 1507 1525 1552 1554 1607 1663 1666 1790 1797 1851 1906 1923 1974 1994 2053 2090 2144 2170 2178 2214 2216 2313 2365 2405 2474 2483 2523 2542 2556 2617 2629 2655 2704 2800 2849 
S 5: 6 | 95 107 160 270 407 444 473 496 567 568 634 649 675 711 752 757 901 902 905 934 972 974 1023 1055 1070 1109 1110 1150 1151 1193 1200 1230 1241 1301 1320 1332 1339 1390 1396 1455 1461 1507 1525 1552 1554 1607 1663 1666 1790 1797 1851 1906 1923 1974 1994 2053 2090 2144 2170 2178 2214 2216 2313 2365 2405 2474 2483 2523 2542 2556 2617 2629 2655 2704 2800 2849 
S 6: 6 | 95 107 160 270 407 444 473 496 567 568 634 649 675 711 752 757 901 902 905 934 972 974 1023 1055 1070 1109 1110 1150 1151 1193 1200 1230 1241 1301 1320 1332 1339 1390 1396 1455 1461 1507 1525 1552 1554 1607 1663 1666 1790 1797 1851 1906 1923 1974 1994 2053 2090 2144 2170 2178 2214 2216 2313 2365 2405 2474 2483 2523 2542 2556 2617 2629 2655 2704 2800 2849 
S 7: 6 | 95 107 160 270 407 444 473 496 567 568 634 649 675 711 752 757 901 902 905 934 972 974 1023 1055 1070 1109 1110 1150 1151 1193 1200 1230 1241 1301 1320 1332 1339 1390 1396 1455 1461 1507 1525 1552 1554 1607 1663 1666 1790 1797 1851 1906 1923 1974 1994 2053 2090 2144 2170 2178 2214 2216 2313 2365 2405 2474 2483 2523 2542 2556 2617 2629 2655 2704 2800 2849 
S 8: 6 | 95 107 160 270 407 444 473 496 567 568 634 649 675 711 752 757 901 902 905 934 972 974 1023 1055 1070 1109 1110 1150 1151 1193 1200 1230 1241 1301 1320 1332 1339 1390 1396 1455 1461 1507 1525 1552 1554 1607 1663 1666 1790 1797 1851 1906 1923 1974 1994 2053 2090 2144 2170 2178 2214 2216 2313 2365 2405 2474 2483 2523 2542 2556 2617 2629 2655 2704 2800 2849 
S 9: 6 | 95 107 160 270 407 444 473 496 567 568 634 649 675 711 752 757 901 902 905 934 972 974 1023 1055 1070 1109 1110 1150 1151 1193 1200 1230 1241 1301 1320 1332 1339 1390 1396 1455 1461 1507 1525 1552 1554 1607 1663 1666 1790 1797 1851 1906 1923 1974 1994 2053 2090 2144 2170 2178 2214 2216 2313 2365 2405 2474 2483 2523 2542 2556 2617 2629 2655 2704 2800 2849 
S 10: 6 | 95 107 160 270 407 444 473 496 567 568 634 649 675 711 752 757 901 902 905 934 972 974 1023 1055 1070 1109 1110 1150 1151 1193 1200 1230 1241 1301 1320 1332 1339 1390 1396 1455 1461 1507 1525 1552 1554 1607 1663 1666 1790 1797 1851 1906 1923 1974 1994 2053 2090 2144 2170 2178 2214 2216 2313 2365 2405 2474 2483 2523 2542 2556 2617 2629 2655 2704 2800 2849 
S 11: 6 | 95 107 160 270 407 444 473 496 567 568 634 649 675 711 752 757 901 902 905 934 972 974 1023 1055 1070 1109 1110 1150 1151 1193 1200 1230 1241 1301 1320 1332 1339 1390 1396 1455 1461 1507 1525 1552 1554 1607 1663 1666 1790 1797 1851 1906 1923 1974 1994 2053 2090 2144 2170 2178 2214 2216 2313 2365 2405 2474 2483 2523 2542 2556 2617 2629 2655 2704 2800 2849 
S 12: 6 | 95 107 160 270 407 444 473 496 567 568 634 649 675 711 752 757 901 902 905 934 972 974 1023 1055 1070 1109 1110 1150 1151 1193 1200 1230 1241 1301 1320 1332 1339 1390 1396 1455 1461 1507 1525 1552 1554 1607 1663 1666 1790 1797 1851 1906 1923 1974 1994 2053 2090 2144 2170 2178 2214 2216 2313 2365 2405 2474 2483 2523 2542 2556 2617 2629 2655 2704 2800 2849 
S 13: 6 | 95 107 160 270 407 444 473 496 567 568 634 649 675 711 752 757 901 902 905 934 972 974 1023 1055 1070 1109 1110 1150 1151 1193 1200 1230 1241 1301 1320 1332 1339 1390 1396 1455 1461 1507 1525 1552 1554 1607 1663 1666 1790 1797 1851 1906 1923 1974 1994 2053 2090 2144 2170 2178 2214 2216 2313 2365 2405 2474 2483 2523 2542 2556 2617 2629 2655 2704 2800 2849 
S 14: 6 | 95 107 160 270 407 444 473 496 567 568 634 649 675 711 752 757 901 902 905 934 972 974 1023 1055 1070 1109 1110 1150 1151 1193 1200 1230 1241 1301 1320 1332 1339 1390 1396 1455 1461 1507 1525 1552 1554 1607 1663 1666 1790 1797 1851 1906 1923 1974 1994 2053 2090 2144 2170 2178 2214 2216 2313 2365 2405 2474 2483 2523 2542 2556 2617 2629 2655 2704 2800 2849 
S 15: 6 | 95 107 160 270 407 444 473 496 567 568 634 649 675 711 752 757 901 902 905 934 972 974 1023 1055 1070 1109 1110 1150 1151 1193 1200 1230 1241 1301 1320 1332 1339 1390 1396 1455 1461 1507 1525 1552 1554 1607 1663 1666 1790 1797 1851 1906 1923 1974 1994 2053 2090 2144 2170 2178 2214 2216 2313 2365 2405 2474 2483 2523 2542 2556 2617 2629 2655 2704 2800 2849 
S 16: 6 | 95 107 160 270 407 444 473 496 567 568 634 649 675 711 752 757 901 902 905 934 972 974 1023 1055 1070 1109 1110 1150 1151 1193 1200 1230 1241 1301 1320 1332 1339 1390 1396 1455 1461 1507 1525 1552 1554 1607 1663 1666 1790 1797 1851 1906 1923 1974 1994 2053 2090 2144 2170 2178 2214 2216 2313 2365 2405 2474 2483 2523 2542 2556 2617 2629 2655 2704 2800 2849 
S 17: 6 | 95 107 160 270 407 444 473 496 567 568 634 649 675 711 752 757 901 902 905 934 972 974 1023 1055 1070 1109 1110 1150 1151 1193 1200 1230 1241 1301 1320 1332 1339 1390 1396 1455 1461 1507 1525 1552 1554 1607 1663 1666 1790 1797 1851 1906 1923 1974 1994 2053 2090 2144 2170 2178 2214 2216 2313 2365 2405 2474 2483 2523 2542 2556 2617 2629 2655 2704 2800 2849 
S 18: 6 | 95 107 160 270 407 444 473 496 567 568 634 649 675 711 752 757 901 902 905 934 972 974 1023 1055 1070 1109 1110 1150 1151 1193 1200 1230 1241 1301 1320 1332 1339 1390 1396 1455 1461 1507 1525 1552 1554 1607 1663 1666 1790 1797 1851 1906 1923 1974 1994 2053 2090 2144 2170 2178 2214 2216 2313 2365 2405 2474 2483 2523 2542 2556 2617 2629 2655 2704 2800 2849 
S 19: 6 | 95 107 160 270 407 444 473 496 567 568 634 649 675 711 752 757 901 902 905 934 972 974 1023 1055 1070 1109 1110 1150 1151 1193 1200 1230 1241 1301 1320 1332 1339 1390 1396 1455 1461 1507 1525 1552 1554 1607 1663 1666 1790 1797 1851 1906 1923 1974 1994 2053 2090 2144 2170 2178 2214 2216 2313 2365 2405 2474 2483 2523 2542 2556 2617 2629 2655 2704 2800 2849 

Final time = 1413.37
Final solution cost = 526
