Reading instance small_stp_instances/eil76_10_10.stp of type D
Finished instance reading
Number of vertices = 76
Number of edges (resources) = 2850
Number of scenarios = 10
Average number of terminals per scenario = 76
Probabilities of Scenarios: (0) 0.18 | (1) 0.08 | (2) 0.08 | (3) 0.04 | (4) 0.13 | (5) 0 | (6) 0.13 | (7) 0.19 | (8) 0.12 | (9) 0.05 | 
Average weighted inflation = 0.479623
Largest inflation = 0.987342
MAX_ITERATIONS_SINCE_LAST_IMPROVEMENT 2
MAX_ITERATIONS_SINCE_BEST_SOLUTION 3
Creating solution instance.
Starting Evolutive Framework.
Local search solution cost = 541.21
Local search time = 614.649
614.649 local search - EF main loop cycle 0 solution cost 541.21
614.66s Cost of SP solution after second stage solver 541.21
Local search solution cost = 539
Local search time = 45.7356
660.396 local search - EF main loop cycle 1 solution cost 539
660.403s Cost of SP solution after second stage solver 539
Local search solution cost = 539
Local search time = 45.6566
706.059 local search - EF main loop cycle 2 solution cost 539
706.067s Cost of SP solution after second stage solver 539
Local search solution cost = 539
Local search time = 45.6865
751.753 local search - EF main loop cycle 3 solution cost 539
751.76s Cost of SP solution after second stage solver 539
Number of cycles 4
Time for each cycle 187.94
751.767s Cost of SP solution after tail step 539
SELECTED RESOURCES:
11 95 107 160 270 311 404 407 443 496 567 568 634 649 675 711 752 772 901 902 905 934 949 974 1023 1055 1110 1150 1151 1193 1200 1230 1241 1301 1308 1332 1339 1390 1396 1455 1461 1507 1525 1552 1554 1605 1663 1666 1790 1797 1851 1906 1923 1974 1994 2053 2090 2144 2170 2190 2214 2313 2324 2365 2405 2450 2474 2523 2542 2556 2617 2655 2675 2768 2791 2849 
SCENARIO'S RESOURCES:
S 0: 0 | 11 95 107 160 270 311 404 407 443 496 567 568 634 649 675 711 752 772 901 902 905 934 949 974 1023 1055 1110 1150 1151 1193 1200 1230 1241 1301 1308 1332 1339 1390 1396 1455 1461 1507 1525 1552 1554 1605 1663 1666 1790 1797 1851 1906 1923 1974 1994 2053 2090 2144 2170 2190 2214 2313 2324 2365 2405 2450 2474 2523 2542 2556 2617 2655 2675 2768 2791 2849 
S 1: 0 | 11 95 107 160 270 311 404 407 443 496 567 568 634 649 675 711 752 772 901 902 905 934 949 974 1023 1055 1110 1150 1151 1193 1200 1230 1241 1301 1308 1332 1339 1390 1396 1455 1461 1507 1525 1552 1554 1605 1663 1666 1790 1797 1851 1906 1923 1974 1994 2053 2090 2144 2170 2190 2214 2313 2324 2365 2405 2450 2474 2523 2542 2556 2617 2655 2675 2768 2791 2849 
S 2: 0 | 11 95 107 160 270 311 404 407 443 496 567 568 634 649 675 711 752 772 901 902 905 934 949 974 1023 1055 1110 1150 1151 1193 1200 1230 1241 1301 1308 1332 1339 1390 1396 1455 1461 1507 1525 1552 1554 1605 1663 1666 1790 1797 1851 1906 1923 1974 1994 2053 2090 2144 2170 2190 2214 2313 2324 2365 2405 2450 2474 2523 2542 2556 2617 2655 2675 2768 2791 2849 
S 3: 0 | 11 95 107 160 270 311 404 407 443 496 567 568 634 649 675 711 752 772 901 902 905 934 949 974 1023 1055 1110 1150 1151 1193 1200 1230 1241 1301 1308 1332 1339 1390 1396 1455 1461 1507 1525 1552 1554 1605 1663 1666 1790 1797 1851 1906 1923 1974 1994 2053 2090 2144 2170 2190 2214 2313 2324 2365 2405 2450 2474 2523 2542 2556 2617 2655 2675 2768 2791 2849 
S 4: 0 | 11 95 107 160 270 311 404 407 443 496 567 568 634 649 675 711 752 772 901 902 905 934 949 974 1023 1055 1110 1150 1151 1193 1200 1230 1241 1301 1308 1332 1339 1390 1396 1455 1461 1507 1525 1552 1554 1605 1663 1666 1790 1797 1851 1906 1923 1974 1994 2053 2090 2144 2170 2190 2214 2313 2324 2365 2405 2450 2474 2523 2542 2556 2617 2655 2675 2768 2791 2849 
S 5: 0 | 11 95 107 160 270 311 404 407 443 496 567 568 634 649 675 711 752 772 901 902 905 934 949 974 1023 1055 1110 1150 1151 1193 1200 1230 1241 1301 1308 1332 1339 1390 1396 1455 1461 1507 1525 1552 1554 1605 1663 1666 1790 1797 1851 1906 1923 1974 1994 2053 2090 2144 2170 2190 2214 2313 2324 2365 2405 2450 2474 2523 2542 2556 2617 2655 2675 2768 2791 2849 
S 6: 0 | 11 95 107 160 270 311 404 407 443 496 567 568 634 649 675 711 752 772 901 902 905 934 949 974 1023 1055 1110 1150 1151 1193 1200 1230 1241 1301 1308 1332 1339 1390 1396 1455 1461 1507 1525 1552 1554 1605 1663 1666 1790 1797 1851 1906 1923 1974 1994 2053 2090 2144 2170 2190 2214 2313 2324 2365 2405 2450 2474 2523 2542 2556 2617 2655 2675 2768 2791 2849 
S 7: 0 | 11 95 107 160 270 311 404 407 443 496 567 568 634 649 675 711 752 772 901 902 905 934 949 974 1023 1055 1110 1150 1151 1193 1200 1230 1241 1301 1308 1332 1339 1390 1396 1455 1461 1507 1525 1552 1554 1605 1663 1666 1790 1797 1851 1906 1923 1974 1994 2053 2090 2144 2170 2190 2214 2313 2324 2365 2405 2450 2474 2523 2542 2556 2617 2655 2675 2768 2791 2849 
S 8: 0 | 11 95 107 160 270 311 404 407 443 496 567 568 634 649 675 711 752 772 901 902 905 934 949 974 1023 1055 1110 1150 1151 1193 1200 1230 1241 1301 1308 1332 1339 1390 1396 1455 1461 1507 1525 1552 1554 1605 1663 1666 1790 1797 1851 1906 1923 1974 1994 2053 2090 2144 2170 2190 2214 2313 2324 2365 2405 2450 2474 2523 2542 2556 2617 2655 2675 2768 2791 2849 
S 9: 0 | 11 95 107 160 270 311 404 407 443 496 567 568 634 649 675 711 752 772 901 902 905 934 949 974 1023 1055 1110 1150 1151 1193 1200 1230 1241 1301 1308 1332 1339 1390 1396 1455 1461 1507 1525 1552 1554 1605 1663 1666 1790 1797 1851 1906 1923 1974 1994 2053 2090 2144 2170 2190 2214 2313 2324 2365 2405 2450 2474 2523 2542 2556 2617 2655 2675 2768 2791 2849 
ALL EQUAL

Final time = 751.779
Final solution cost = 539
