Reading instance small_stp_instances/fri26_20_10.stp of type D
Finished instance reading
Number of vertices = 26
Number of edges (resources) = 325
Number of scenarios = 20
Average number of terminals per scenario = 26
Probabilities of Scenarios: (0) 0.1 | (1) 0.06 | (2) 0.06 | (3) 0.03 | (4) 0.05 | (5) 0.05 | (6) 0.02 | (7) 0.02 | (8) 0.01 | (9) 0.06 | (10) 0.1 | (11) 0.05 | (12) 0.01 | (13) 0.08 | (14) 0.04 | (15) 0 | (16) 0.05 | (17) 0.01 | (18) 0.18 | (19) 0.02 | 
Average weighted inflation = 0.486399
Largest inflation = 0.995455
MAX_ITERATIONS_SINCE_LAST_IMPROVEMENT 2
MAX_ITERATIONS_SINCE_BEST_SOLUTION 3
Creating solution instance.
Starting Evolutive Framework.
Local search solution cost = 957
Local search time = 11.5461
11.5462 local search - EF main loop cycle 0 solution cost 957
11.5505s Cost of SP solution after second stage solver 957
Local search solution cost = 957
Local search time = 1.87638
13.4269 local search - EF main loop cycle 1 solution cost 957
13.4311s Cost of SP solution after second stage solver 957
Local search solution cost = 957
Local search time = 1.88687
15.318 local search - EF main loop cycle 2 solution cost 957
15.3223s Cost of SP solution after second stage solver 957
Number of cycles 3
Time for each cycle 5.10744
15.3266s Cost of SP solution after tail step 957
SELECTED RESOURCES:
0 2 5 13 14 19 27 35 44 76 77 87 102 104 115 152 168 188 189 206 230 275 276 298 321 323 
SCENARIO'S RESOURCES:
S 0: 0 | 0 2 5 13 14 19 27 35 44 76 77 87 102 104 115 152 168 188 189 206 230 275 276 298 321 323 
S 1: 0 | 0 2 5 13 14 19 27 35 44 76 77 87 102 104 115 152 168 188 189 206 230 275 276 298 321 323 
S 2: 0 | 0 2 5 13 14 19 27 35 44 76 77 87 102 104 115 152 168 188 189 206 230 275 276 298 321 323 
S 3: 0 | 0 2 5 13 14 19 27 35 44 76 77 87 102 104 115 152 168 188 189 206 230 275 276 298 321 323 
S 4: 0 | 0 2 5 13 14 19 27 35 44 76 77 87 102 104 115 152 168 188 189 206 230 275 276 298 321 323 
S 5: 0 | 0 2 5 13 14 19 27 35 44 76 77 87 102 104 115 152 168 188 189 206 230 275 276 298 321 323 
S 6: 0 | 0 2 5 13 14 19 27 35 44 76 77 87 102 104 115 152 168 188 189 206 230 275 276 298 321 323 
S 7: 0 | 0 2 5 13 14 19 27 35 44 76 77 87 102 104 115 152 168 188 189 206 230 275 276 298 321 323 
S 8: 0 | 0 2 5 13 14 19 27 35 44 76 77 87 102 104 115 152 168 188 189 206 230 275 276 298 321 323 
S 9: 0 | 0 2 5 13 14 19 27 35 44 76 77 87 102 104 115 152 168 188 189 206 230 275 276 298 321 323 
S 10: 0 | 0 2 5 13 14 19 27 35 44 76 77 87 102 104 115 152 168 188 189 206 230 275 276 298 321 323 
S 11: 0 | 0 2 5 13 14 19 27 35 44 76 77 87 102 104 115 152 168 188 189 206 230 275 276 298 321 323 
S 12: 0 | 0 2 5 13 14 19 27 35 44 76 77 87 102 104 115 152 168 188 189 206 230 275 276 298 321 323 
S 13: 0 | 0 2 5 13 14 19 27 35 44 76 77 87 102 104 115 152 168 188 189 206 230 275 276 298 321 323 
S 14: 0 | 0 2 5 13 14 19 27 35 44 76 77 87 102 104 115 152 168 188 189 206 230 275 276 298 321 323 
S 15: 0 | 0 2 5 13 14 19 27 35 44 76 77 87 102 104 115 152 168 188 189 206 230 275 276 298 321 323 
S 16: 0 | 0 2 5 13 14 19 27 35 44 76 77 87 102 104 115 152 168 188 189 206 230 275 276 298 321 323 
S 17: 0 | 0 2 5 13 14 19 27 35 44 76 77 87 102 104 115 152 168 188 189 206 230 275 276 298 321 323 
S 18: 0 | 0 2 5 13 14 19 27 35 44 76 77 87 102 104 115 152 168 188 189 206 230 275 276 298 321 323 
S 19: 0 | 0 2 5 13 14 19 27 35 44 76 77 87 102 104 115 152 168 188 189 206 230 275 276 298 321 323 
ALL EQUAL

Final time = 15.3322
Final solution cost = 957
