Reading instance small_stp_instances/gr120_10_05.stp of type D
Finished instance reading
Number of vertices = 120
Number of edges (resources) = 7140
Number of scenarios = 10
Average number of terminals per scenario = 120
Probabilities of Scenarios: (0) 0.1 | (1) 0.14 | (2) 0.17 | (3) 0.03 | (4) 0.13 | (5) 0.11 | (6) 0.05 | (7) 0.09 | (8) 0.08 | (9) 0.1 | 
Average weighted inflation = 0.248852
Largest inflation = 0.49945
MAX_ITERATIONS_SINCE_LAST_IMPROVEMENT 2
MAX_ITERATIONS_SINCE_BEST_SOLUTION 3
Creating solution instance.
Starting Evolutive Framework.
Local search solution cost = 7023
Local search time = 2639.66
2639.66 local search - EF main loop cycle 0 solution cost 7023
2639.68s Cost of SP solution after second stage solver 7023
Local search solution cost = 7023
Local search time = 243.488
2883.16 local search - EF main loop cycle 1 solution cost 7023
2883.18s Cost of SP solution after second stage solver 7023
Local search solution cost = 7023
Local search time = 241.695
3124.88 local search - EF main loop cycle 2 solution cost 7023
3124.89s Cost of SP solution after second stage solver 7023
Number of cycles 3
Time for each cycle 1041.63
3124.9s Cost of SP solution after tail step 7023
SELECTED RESOURCES:
132 170 191 239 294 303 329 420 434 531 570 600 672 786 836 973 1033 1140 1221 1235 1247 1307 1385 1477 1525 1628 1667 1726 1734 1770 1785 1866 1895 1929 2005 2101 2110 2181 2275 2342 2353 2440 2461 2524 2540 2612 2714 2744 2775 2833 2888 2970 3045 3107 3181 3242 3248 3377 3387 3408 3412 3503 3647 3668 3728 3752 3804 3863 3882 3969 4062 4072 4122 4126 4238 4358 4363 4447 4554 4571 4654 4697 4705 4814 4902 4929 5029 5097 5150 5188 5287 5351 5395 5429 5584 5695 5713 5798 5870 5933 6018 6090 6210 6214 6284 6322 6400 6433 6442 6451 6588 6624 6700 6754 6805 6834 6905 7005 7049 7052 
SCENARIO'S RESOURCES:
S 0: 0 | 132 170 191 239 294 303 329 420 434 531 570 600 672 786 836 973 1033 1140 1221 1235 1247 1307 1385 1477 1525 1628 1667 1726 1734 1770 1785 1866 1895 1929 2005 2101 2110 2181 2275 2342 2353 2440 2461 2524 2540 2612 2714 2744 2775 2833 2888 2970 3045 3107 3181 3242 3248 3377 3387 3408 3412 3503 3647 3668 3728 3752 3804 3863 3882 3969 4062 4072 4122 4126 4238 4358 4363 4447 4554 4571 4654 4697 4705 4814 4902 4929 5029 5097 5150 5188 5287 5351 5395 5429 5584 5695 5713 5798 5870 5933 6018 6090 6210 6214 6284 6322 6400 6433 6442 6451 6588 6624 6700 6754 6805 6834 6905 7005 7049 7052 
S 1: 0 | 132 170 191 239 294 303 329 420 434 531 570 600 672 786 836 973 1033 1140 1221 1235 1247 1307 1385 1477 1525 1628 1667 1726 1734 1770 1785 1866 1895 1929 2005 2101 2110 2181 2275 2342 2353 2440 2461 2524 2540 2612 2714 2744 2775 2833 2888 2970 3045 3107 3181 3242 3248 3377 3387 3408 3412 3503 3647 3668 3728 3752 3804 3863 3882 3969 4062 4072 4122 4126 4238 4358 4363 4447 4554 4571 4654 4697 4705 4814 4902 4929 5029 5097 5150 5188 5287 5351 5395 5429 5584 5695 5713 5798 5870 5933 6018 6090 6210 6214 6284 6322 6400 6433 6442 6451 6588 6624 6700 6754 6805 6834 6905 7005 7049 7052 
S 2: 0 | 132 170 191 239 294 303 329 420 434 531 570 600 672 786 836 973 1033 1140 1221 1235 1247 1307 1385 1477 1525 1628 1667 1726 1734 1770 1785 1866 1895 1929 2005 2101 2110 2181 2275 2342 2353 2440 2461 2524 2540 2612 2714 2744 2775 2833 2888 2970 3045 3107 3181 3242 3248 3377 3387 3408 3412 3503 3647 3668 3728 3752 3804 3863 3882 3969 4062 4072 4122 4126 4238 4358 4363 4447 4554 4571 4654 4697 4705 4814 4902 4929 5029 5097 5150 5188 5287 5351 5395 5429 5584 5695 5713 5798 5870 5933 6018 6090 6210 6214 6284 6322 6400 6433 6442 6451 6588 6624 6700 6754 6805 6834 6905 7005 7049 7052 
S 3: 0 | 132 170 191 239 294 303 329 420 434 531 570 600 672 786 836 973 1033 1140 1221 1235 1247 1307 1385 1477 1525 1628 1667 1726 1734 1770 1785 1866 1895 1929 2005 2101 2110 2181 2275 2342 2353 2440 2461 2524 2540 2612 2714 2744 2775 2833 2888 2970 3045 3107 3181 3242 3248 3377 3387 3408 3412 3503 3647 3668 3728 3752 3804 3863 3882 3969 4062 4072 4122 4126 4238 4358 4363 4447 4554 4571 4654 4697 4705 4814 4902 4929 5029 5097 5150 5188 5287 5351 5395 5429 5584 5695 5713 5798 5870 5933 6018 6090 6210 6214 6284 6322 6400 6433 6442 6451 6588 6624 6700 6754 6805 6834 6905 7005 7049 7052 
S 4: 0 | 132 170 191 239 294 303 329 420 434 531 570 600 672 786 836 973 1033 1140 1221 1235 1247 1307 1385 1477 1525 1628 1667 1726 1734 1770 1785 1866 1895 1929 2005 2101 2110 2181 2275 2342 2353 2440 2461 2524 2540 2612 2714 2744 2775 2833 2888 2970 3045 3107 3181 3242 3248 3377 3387 3408 3412 3503 3647 3668 3728 3752 3804 3863 3882 3969 4062 4072 4122 4126 4238 4358 4363 4447 4554 4571 4654 4697 4705 4814 4902 4929 5029 5097 5150 5188 5287 5351 5395 5429 5584 5695 5713 5798 5870 5933 6018 6090 6210 6214 6284 6322 6400 6433 6442 6451 6588 6624 6700 6754 6805 6834 6905 7005 7049 7052 
S 5: 0 | 132 170 191 239 294 303 329 420 434 531 570 600 672 786 836 973 1033 1140 1221 1235 1247 1307 1385 1477 1525 1628 1667 1726 1734 1770 1785 1866 1895 1929 2005 2101 2110 2181 2275 2342 2353 2440 2461 2524 2540 2612 2714 2744 2775 2833 2888 2970 3045 3107 3181 3242 3248 3377 3387 3408 3412 3503 3647 3668 3728 3752 3804 3863 3882 3969 4062 4072 4122 4126 4238 4358 4363 4447 4554 4571 4654 4697 4705 4814 4902 4929 5029 5097 5150 5188 5287 5351 5395 5429 5584 5695 5713 5798 5870 5933 6018 6090 6210 6214 6284 6322 6400 6433 6442 6451 6588 6624 6700 6754 6805 6834 6905 7005 7049 7052 
S 6: 0 | 132 170 191 239 294 303 329 420 434 531 570 600 672 786 836 973 1033 1140 1221 1235 1247 1307 1385 1477 1525 1628 1667 1726 1734 1770 1785 1866 1895 1929 2005 2101 2110 2181 2275 2342 2353 2440 2461 2524 2540 2612 2714 2744 2775 2833 2888 2970 3045 3107 3181 3242 3248 3377 3387 3408 3412 3503 3647 3668 3728 3752 3804 3863 3882 3969 4062 4072 4122 4126 4238 4358 4363 4447 4554 4571 4654 4697 4705 4814 4902 4929 5029 5097 5150 5188 5287 5351 5395 5429 5584 5695 5713 5798 5870 5933 6018 6090 6210 6214 6284 6322 6400 6433 6442 6451 6588 6624 6700 6754 6805 6834 6905 7005 7049 7052 
S 7: 0 | 132 170 191 239 294 303 329 420 434 531 570 600 672 786 836 973 1033 1140 1221 1235 1247 1307 1385 1477 1525 1628 1667 1726 1734 1770 1785 1866 1895 1929 2005 2101 2110 2181 2275 2342 2353 2440 2461 2524 2540 2612 2714 2744 2775 2833 2888 2970 3045 3107 3181 3242 3248 3377 3387 3408 3412 3503 3647 3668 3728 3752 3804 3863 3882 3969 4062 4072 4122 4126 4238 4358 4363 4447 4554 4571 4654 4697 4705 4814 4902 4929 5029 5097 5150 5188 5287 5351 5395 5429 5584 5695 5713 5798 5870 5933 6018 6090 6210 6214 6284 6322 6400 6433 6442 6451 6588 6624 6700 6754 6805 6834 6905 7005 7049 7052 
S 8: 0 | 132 170 191 239 294 303 329 420 434 531 570 600 672 786 836 973 1033 1140 1221 1235 1247 1307 1385 1477 1525 1628 1667 1726 1734 1770 1785 1866 1895 1929 2005 2101 2110 2181 2275 2342 2353 2440 2461 2524 2540 2612 2714 2744 2775 2833 2888 2970 3045 3107 3181 3242 3248 3377 3387 3408 3412 3503 3647 3668 3728 3752 3804 3863 3882 3969 4062 4072 4122 4126 4238 4358 4363 4447 4554 4571 4654 4697 4705 4814 4902 4929 5029 5097 5150 5188 5287 5351 5395 5429 5584 5695 5713 5798 5870 5933 6018 6090 6210 6214 6284 6322 6400 6433 6442 6451 6588 6624 6700 6754 6805 6834 6905 7005 7049 7052 
S 9: 0 | 132 170 191 239 294 303 329 420 434 531 570 600 672 786 836 973 1033 1140 1221 1235 1247 1307 1385 1477 1525 1628 1667 1726 1734 1770 1785 1866 1895 1929 2005 2101 2110 2181 2275 2342 2353 2440 2461 2524 2540 2612 2714 2744 2775 2833 2888 2970 3045 3107 3181 3242 3248 3377 3387 3408 3412 3503 3647 3668 3728 3752 3804 3863 3882 3969 4062 4072 4122 4126 4238 4358 4363 4447 4554 4571 4654 4697 4705 4814 4902 4929 5029 5097 5150 5188 5287 5351 5395 5429 5584 5695 5713 5798 5870 5933 6018 6090 6210 6214 6284 6322 6400 6433 6442 6451 6588 6624 6700 6754 6805 6834 6905 7005 7049 7052 
ALL EQUAL

Final time = 3124.94
Final solution cost = 7023
