Reading instance small_stp_instances/gr120_10_10.stp of type D
Finished instance reading
Number of vertices = 120
Number of edges (resources) = 7140
Number of scenarios = 10
Average number of terminals per scenario = 120
Probabilities of Scenarios: (0) 0.05 | (1) 0.03 | (2) 0.1 | (3) 0.17 | (4) 0.11 | (5) 0.15 | (6) 0.12 | (7) 0.07 | (8) 0.09 | (9) 0.11 | 
Average weighted inflation = 0.497287
Largest inflation = 0.998938
MAX_ITERATIONS_SINCE_LAST_IMPROVEMENT 2
MAX_ITERATIONS_SINCE_BEST_SOLUTION 3
Creating solution instance.
Starting Evolutive Framework.
Local search solution cost = 7234.59
Local search time = 3843.97
3843.97 local search - EF main loop cycle 0 solution cost 7234.59
3844.04s Cost of SP solution after second stage solver 7234.59
Local search solution cost = 7161
Local search time = 250.93
4094.97 local search - EF main loop cycle 1 solution cost 7161
4094.98s Cost of SP solution after second stage solver 7161
Local search solution cost = 7161
Local search time = 247.011
4341.99 local search - EF main loop cycle 2 solution cost 7161
4342.01s Cost of SP solution after second stage solver 7161
Local search solution cost = 7161
Local search time = 247.076
4589.08 local search - EF main loop cycle 3 solution cost 7161
4589.1s Cost of SP solution after second stage solver 7161
Number of cycles 4
Time for each cycle 1147.27
4589.11s Cost of SP solution after tail step 7161
SELECTED RESOURCES:
132 170 191 239 294 303 329 434 456 494 531 570 600 672 860 1009 1033 1127 1140 1192 1219 1235 1247 1307 1330 1385 1436 1491 1525 1578 1628 1667 1726 1734 1770 1785 1866 1929 2005 2110 2181 2275 2342 2353 2440 2461 2524 2618 2699 2714 2775 2833 2913 2970 3045 3107 3174 3242 3248 3377 3387 3412 3438 3503 3591 3644 3668 3728 3752 3875 3882 3969 4062 4072 4126 4139 4206 4355 4358 4447 4554 4571 4654 4697 4814 4902 4929 5029 5150 5188 5287 5351 5383 5395 5584 5695 5713 5865 5870 5987 6018 6090 6210 6214 6284 6322 6400 6433 6442 6451 6588 6624 6735 6754 6834 6883 6905 7005 7048 7049 
SCENARIO'S RESOURCES:
S 0: 0 | 132 170 191 239 294 303 329 434 456 494 531 570 600 672 860 1009 1033 1127 1140 1192 1219 1235 1247 1307 1330 1385 1436 1491 1525 1578 1628 1667 1726 1734 1770 1785 1866 1929 2005 2110 2181 2275 2342 2353 2440 2461 2524 2618 2699 2714 2775 2833 2913 2970 3045 3107 3174 3242 3248 3377 3387 3412 3438 3503 3591 3644 3668 3728 3752 3875 3882 3969 4062 4072 4126 4139 4206 4355 4358 4447 4554 4571 4654 4697 4814 4902 4929 5029 5150 5188 5287 5351 5383 5395 5584 5695 5713 5865 5870 5987 6018 6090 6210 6214 6284 6322 6400 6433 6442 6451 6588 6624 6735 6754 6834 6883 6905 7005 7048 7049 
S 1: 0 | 132 170 191 239 294 303 329 434 456 494 531 570 600 672 860 1009 1033 1127 1140 1192 1219 1235 1247 1307 1330 1385 1436 1491 1525 1578 1628 1667 1726 1734 1770 1785 1866 1929 2005 2110 2181 2275 2342 2353 2440 2461 2524 2618 2699 2714 2775 2833 2913 2970 3045 3107 3174 3242 3248 3377 3387 3412 3438 3503 3591 3644 3668 3728 3752 3875 3882 3969 4062 4072 4126 4139 4206 4355 4358 4447 4554 4571 4654 4697 4814 4902 4929 5029 5150 5188 5287 5351 5383 5395 5584 5695 5713 5865 5870 5987 6018 6090 6210 6214 6284 6322 6400 6433 6442 6451 6588 6624 6735 6754 6834 6883 6905 7005 7048 7049 
S 2: 0 | 132 170 191 239 294 303 329 434 456 494 531 570 600 672 860 1009 1033 1127 1140 1192 1219 1235 1247 1307 1330 1385 1436 1491 1525 1578 1628 1667 1726 1734 1770 1785 1866 1929 2005 2110 2181 2275 2342 2353 2440 2461 2524 2618 2699 2714 2775 2833 2913 2970 3045 3107 3174 3242 3248 3377 3387 3412 3438 3503 3591 3644 3668 3728 3752 3875 3882 3969 4062 4072 4126 4139 4206 4355 4358 4447 4554 4571 4654 4697 4814 4902 4929 5029 5150 5188 5287 5351 5383 5395 5584 5695 5713 5865 5870 5987 6018 6090 6210 6214 6284 6322 6400 6433 6442 6451 6588 6624 6735 6754 6834 6883 6905 7005 7048 7049 
S 3: 0 | 132 170 191 239 294 303 329 434 456 494 531 570 600 672 860 1009 1033 1127 1140 1192 1219 1235 1247 1307 1330 1385 1436 1491 1525 1578 1628 1667 1726 1734 1770 1785 1866 1929 2005 2110 2181 2275 2342 2353 2440 2461 2524 2618 2699 2714 2775 2833 2913 2970 3045 3107 3174 3242 3248 3377 3387 3412 3438 3503 3591 3644 3668 3728 3752 3875 3882 3969 4062 4072 4126 4139 4206 4355 4358 4447 4554 4571 4654 4697 4814 4902 4929 5029 5150 5188 5287 5351 5383 5395 5584 5695 5713 5865 5870 5987 6018 6090 6210 6214 6284 6322 6400 6433 6442 6451 6588 6624 6735 6754 6834 6883 6905 7005 7048 7049 
S 4: 0 | 132 170 191 239 294 303 329 434 456 494 531 570 600 672 860 1009 1033 1127 1140 1192 1219 1235 1247 1307 1330 1385 1436 1491 1525 1578 1628 1667 1726 1734 1770 1785 1866 1929 2005 2110 2181 2275 2342 2353 2440 2461 2524 2618 2699 2714 2775 2833 2913 2970 3045 3107 3174 3242 3248 3377 3387 3412 3438 3503 3591 3644 3668 3728 3752 3875 3882 3969 4062 4072 4126 4139 4206 4355 4358 4447 4554 4571 4654 4697 4814 4902 4929 5029 5150 5188 5287 5351 5383 5395 5584 5695 5713 5865 5870 5987 6018 6090 6210 6214 6284 6322 6400 6433 6442 6451 6588 6624 6735 6754 6834 6883 6905 7005 7048 7049 
S 5: 0 | 132 170 191 239 294 303 329 434 456 494 531 570 600 672 860 1009 1033 1127 1140 1192 1219 1235 1247 1307 1330 1385 1436 1491 1525 1578 1628 1667 1726 1734 1770 1785 1866 1929 2005 2110 2181 2275 2342 2353 2440 2461 2524 2618 2699 2714 2775 2833 2913 2970 3045 3107 3174 3242 3248 3377 3387 3412 3438 3503 3591 3644 3668 3728 3752 3875 3882 3969 4062 4072 4126 4139 4206 4355 4358 4447 4554 4571 4654 4697 4814 4902 4929 5029 5150 5188 5287 5351 5383 5395 5584 5695 5713 5865 5870 5987 6018 6090 6210 6214 6284 6322 6400 6433 6442 6451 6588 6624 6735 6754 6834 6883 6905 7005 7048 7049 
S 6: 0 | 132 170 191 239 294 303 329 434 456 494 531 570 600 672 860 1009 1033 1127 1140 1192 1219 1235 1247 1307 1330 1385 1436 1491 1525 1578 1628 1667 1726 1734 1770 1785 1866 1929 2005 2110 2181 2275 2342 2353 2440 2461 2524 2618 2699 2714 2775 2833 2913 2970 3045 3107 3174 3242 3248 3377 3387 3412 3438 3503 3591 3644 3668 3728 3752 3875 3882 3969 4062 4072 4126 4139 4206 4355 4358 4447 4554 4571 4654 4697 4814 4902 4929 5029 5150 5188 5287 5351 5383 5395 5584 5695 5713 5865 5870 5987 6018 6090 6210 6214 6284 6322 6400 6433 6442 6451 6588 6624 6735 6754 6834 6883 6905 7005 7048 7049 
S 7: 0 | 132 170 191 239 294 303 329 434 456 494 531 570 600 672 860 1009 1033 1127 1140 1192 1219 1235 1247 1307 1330 1385 1436 1491 1525 1578 1628 1667 1726 1734 1770 1785 1866 1929 2005 2110 2181 2275 2342 2353 2440 2461 2524 2618 2699 2714 2775 2833 2913 2970 3045 3107 3174 3242 3248 3377 3387 3412 3438 3503 3591 3644 3668 3728 3752 3875 3882 3969 4062 4072 4126 4139 4206 4355 4358 4447 4554 4571 4654 4697 4814 4902 4929 5029 5150 5188 5287 5351 5383 5395 5584 5695 5713 5865 5870 5987 6018 6090 6210 6214 6284 6322 6400 6433 6442 6451 6588 6624 6735 6754 6834 6883 6905 7005 7048 7049 
S 8: 0 | 132 170 191 239 294 303 329 434 456 494 531 570 600 672 860 1009 1033 1127 1140 1192 1219 1235 1247 1307 1330 1385 1436 1491 1525 1578 1628 1667 1726 1734 1770 1785 1866 1929 2005 2110 2181 2275 2342 2353 2440 2461 2524 2618 2699 2714 2775 2833 2913 2970 3045 3107 3174 3242 3248 3377 3387 3412 3438 3503 3591 3644 3668 3728 3752 3875 3882 3969 4062 4072 4126 4139 4206 4355 4358 4447 4554 4571 4654 4697 4814 4902 4929 5029 5150 5188 5287 5351 5383 5395 5584 5695 5713 5865 5870 5987 6018 6090 6210 6214 6284 6322 6400 6433 6442 6451 6588 6624 6735 6754 6834 6883 6905 7005 7048 7049 
S 9: 0 | 132 170 191 239 294 303 329 434 456 494 531 570 600 672 860 1009 1033 1127 1140 1192 1219 1235 1247 1307 1330 1385 1436 1491 1525 1578 1628 1667 1726 1734 1770 1785 1866 1929 2005 2110 2181 2275 2342 2353 2440 2461 2524 2618 2699 2714 2775 2833 2913 2970 3045 3107 3174 3242 3248 3377 3387 3412 3438 3503 3591 3644 3668 3728 3752 3875 3882 3969 4062 4072 4126 4139 4206 4355 4358 4447 4554 4571 4654 4697 4814 4902 4929 5029 5150 5188 5287 5351 5383 5395 5584 5695 5713 5865 5870 5987 6018 6090 6210 6214 6284 6322 6400 6433 6442 6451 6588 6624 6735 6754 6834 6883 6905 7005 7048 7049 
ALL EQUAL

Final time = 4589.15
Final solution cost = 7161
