Reading instance small_stp_instances/gr120_10_03.stp of type D
Finished instance reading
Number of vertices = 120
Number of edges (resources) = 7140
Number of scenarios = 10
Average number of terminals per scenario = 120
Probabilities of Scenarios: (0) 0.03 | (1) 0.09 | (2) 0.09 | (3) 0.15 | (4) 0.11 | (5) 0.1 | (6) 0.12 | (7) 0.15 | (8) 0.15 | (9) 0.01 | 
Average weighted inflation = 0.14771
Largest inflation = 0.299817
MAX_ITERATIONS_SINCE_LAST_IMPROVEMENT 2
MAX_ITERATIONS_SINCE_BEST_SOLUTION 3
Creating solution instance.
Starting Evolutive Framework.
Local search solution cost = 7029.49
Local search time = 2881.32
2881.32 local search - EF main loop cycle 0 solution cost 7029.49
2881.36s Cost of SP solution after second stage solver 7029.49
Local search solution cost = 7015
Local search time = 241.895
3123.26 local search - EF main loop cycle 1 solution cost 7015
3123.27s Cost of SP solution after second stage solver 7015
Local search solution cost = 7015
Local search time = 241.482
3364.75 local search - EF main loop cycle 2 solution cost 7015
3364.77s Cost of SP solution after second stage solver 7015
Local search solution cost = 7015
Local search time = 241.504
3606.27 local search - EF main loop cycle 3 solution cost 7015
3606.29s Cost of SP solution after second stage solver 7015
Number of cycles 4
Time for each cycle 901.572
3606.3s Cost of SP solution after tail step 7015
SELECTED RESOURCES:
132 170 239 294 303 329 420 434 531 570 600 672 786 836 973 1033 1140 1221 1235 1247 1307 1328 1385 1436 1477 1525 1628 1667 1726 1734 1770 1785 1866 1895 1929 2005 2101 2110 2181 2275 2342 2353 2440 2461 2524 2540 2612 2714 2744 2775 2833 2888 2970 3045 3107 3181 3241 3242 3377 3387 3412 3438 3503 3647 3668 3728 3752 3875 3969 4062 4072 4122 4126 4206 4249 4358 4363 4447 4554 4571 4654 4697 4705 4814 4902 4929 5029 5097 5150 5159 5287 5351 5395 5429 5584 5695 5713 5798 5865 5974 6018 6090 6210 6214 6284 6322 6400 6433 6442 6451 6588 6624 6700 6754 6805 6834 6940 7005 7049 7052 
SCENARIO'S RESOURCES:
S 0: 0 | 132 170 239 294 303 329 420 434 531 570 600 672 786 836 973 1033 1140 1221 1235 1247 1307 1328 1385 1436 1477 1525 1628 1667 1726 1734 1770 1785 1866 1895 1929 2005 2101 2110 2181 2275 2342 2353 2440 2461 2524 2540 2612 2714 2744 2775 2833 2888 2970 3045 3107 3181 3241 3242 3377 3387 3412 3438 3503 3647 3668 3728 3752 3875 3969 4062 4072 4122 4126 4206 4249 4358 4363 4447 4554 4571 4654 4697 4705 4814 4902 4929 5029 5097 5150 5159 5287 5351 5395 5429 5584 5695 5713 5798 5865 5974 6018 6090 6210 6214 6284 6322 6400 6433 6442 6451 6588 6624 6700 6754 6805 6834 6940 7005 7049 7052 
S 1: 0 | 132 170 239 294 303 329 420 434 531 570 600 672 786 836 973 1033 1140 1221 1235 1247 1307 1328 1385 1436 1477 1525 1628 1667 1726 1734 1770 1785 1866 1895 1929 2005 2101 2110 2181 2275 2342 2353 2440 2461 2524 2540 2612 2714 2744 2775 2833 2888 2970 3045 3107 3181 3241 3242 3377 3387 3412 3438 3503 3647 3668 3728 3752 3875 3969 4062 4072 4122 4126 4206 4249 4358 4363 4447 4554 4571 4654 4697 4705 4814 4902 4929 5029 5097 5150 5159 5287 5351 5395 5429 5584 5695 5713 5798 5865 5974 6018 6090 6210 6214 6284 6322 6400 6433 6442 6451 6588 6624 6700 6754 6805 6834 6940 7005 7049 7052 
S 2: 0 | 132 170 239 294 303 329 420 434 531 570 600 672 786 836 973 1033 1140 1221 1235 1247 1307 1328 1385 1436 1477 1525 1628 1667 1726 1734 1770 1785 1866 1895 1929 2005 2101 2110 2181 2275 2342 2353 2440 2461 2524 2540 2612 2714 2744 2775 2833 2888 2970 3045 3107 3181 3241 3242 3377 3387 3412 3438 3503 3647 3668 3728 3752 3875 3969 4062 4072 4122 4126 4206 4249 4358 4363 4447 4554 4571 4654 4697 4705 4814 4902 4929 5029 5097 5150 5159 5287 5351 5395 5429 5584 5695 5713 5798 5865 5974 6018 6090 6210 6214 6284 6322 6400 6433 6442 6451 6588 6624 6700 6754 6805 6834 6940 7005 7049 7052 
S 3: 0 | 132 170 239 294 303 329 420 434 531 570 600 672 786 836 973 1033 1140 1221 1235 1247 1307 1328 1385 1436 1477 1525 1628 1667 1726 1734 1770 1785 1866 1895 1929 2005 2101 2110 2181 2275 2342 2353 2440 2461 2524 2540 2612 2714 2744 2775 2833 2888 2970 3045 3107 3181 3241 3242 3377 3387 3412 3438 3503 3647 3668 3728 3752 3875 3969 4062 4072 4122 4126 4206 4249 4358 4363 4447 4554 4571 4654 4697 4705 4814 4902 4929 5029 5097 5150 5159 5287 5351 5395 5429 5584 5695 5713 5798 5865 5974 6018 6090 6210 6214 6284 6322 6400 6433 6442 6451 6588 6624 6700 6754 6805 6834 6940 7005 7049 7052 
S 4: 0 | 132 170 239 294 303 329 420 434 531 570 600 672 786 836 973 1033 1140 1221 1235 1247 1307 1328 1385 1436 1477 1525 1628 1667 1726 1734 1770 1785 1866 1895 1929 2005 2101 2110 2181 2275 2342 2353 2440 2461 2524 2540 2612 2714 2744 2775 2833 2888 2970 3045 3107 3181 3241 3242 3377 3387 3412 3438 3503 3647 3668 3728 3752 3875 3969 4062 4072 4122 4126 4206 4249 4358 4363 4447 4554 4571 4654 4697 4705 4814 4902 4929 5029 5097 5150 5159 5287 5351 5395 5429 5584 5695 5713 5798 5865 5974 6018 6090 6210 6214 6284 6322 6400 6433 6442 6451 6588 6624 6700 6754 6805 6834 6940 7005 7049 7052 
S 5: 0 | 132 170 239 294 303 329 420 434 531 570 600 672 786 836 973 1033 1140 1221 1235 1247 1307 1328 1385 1436 1477 1525 1628 1667 1726 1734 1770 1785 1866 1895 1929 2005 2101 2110 2181 2275 2342 2353 2440 2461 2524 2540 2612 2714 2744 2775 2833 2888 2970 3045 3107 3181 3241 3242 3377 3387 3412 3438 3503 3647 3668 3728 3752 3875 3969 4062 4072 4122 4126 4206 4249 4358 4363 4447 4554 4571 4654 4697 4705 4814 4902 4929 5029 5097 5150 5159 5287 5351 5395 5429 5584 5695 5713 5798 5865 5974 6018 6090 6210 6214 6284 6322 6400 6433 6442 6451 6588 6624 6700 6754 6805 6834 6940 7005 7049 7052 
S 6: 0 | 132 170 239 294 303 329 420 434 531 570 600 672 786 836 973 1033 1140 1221 1235 1247 1307 1328 1385 1436 1477 1525 1628 1667 1726 1734 1770 1785 1866 1895 1929 2005 2101 2110 2181 2275 2342 2353 2440 2461 2524 2540 2612 2714 2744 2775 2833 2888 2970 3045 3107 3181 3241 3242 3377 3387 3412 3438 3503 3647 3668 3728 3752 3875 3969 4062 4072 4122 4126 4206 4249 4358 4363 4447 4554 4571 4654 4697 4705 4814 4902 4929 5029 5097 5150 5159 5287 5351 5395 5429 5584 5695 5713 5798 5865 5974 6018 6090 6210 6214 6284 6322 6400 6433 6442 6451 6588 6624 6700 6754 6805 6834 6940 7005 7049 7052 
S 7: 0 | 132 170 239 294 303 329 420 434 531 570 600 672 786 836 973 1033 1140 1221 1235 1247 1307 1328 1385 1436 1477 1525 1628 1667 1726 1734 1770 1785 1866 1895 1929 2005 2101 2110 2181 2275 2342 2353 2440 2461 2524 2540 2612 2714 2744 2775 2833 2888 2970 3045 3107 3181 3241 3242 3377 3387 3412 3438 3503 3647 3668 3728 3752 3875 3969 4062 4072 4122 4126 4206 4249 4358 4363 4447 4554 4571 4654 4697 4705 4814 4902 4929 5029 5097 5150 5159 5287 5351 5395 5429 5584 5695 5713 5798 5865 5974 6018 6090 6210 6214 6284 6322 6400 6433 6442 6451 6588 6624 6700 6754 6805 6834 6940 7005 7049 7052 
S 8: 0 | 132 170 239 294 303 329 420 434 531 570 600 672 786 836 973 1033 1140 1221 1235 1247 1307 1328 1385 1436 1477 1525 1628 1667 1726 1734 1770 1785 1866 1895 1929 2005 2101 2110 2181 2275 2342 2353 2440 2461 2524 2540 2612 2714 2744 2775 2833 2888 2970 3045 3107 3181 3241 3242 3377 3387 3412 3438 3503 3647 3668 3728 3752 3875 3969 4062 4072 4122 4126 4206 4249 4358 4363 4447 4554 4571 4654 4697 4705 4814 4902 4929 5029 5097 5150 5159 5287 5351 5395 5429 5584 5695 5713 5798 5865 5974 6018 6090 6210 6214 6284 6322 6400 6433 6442 6451 6588 6624 6700 6754 6805 6834 6940 7005 7049 7052 
S 9: 0 | 132 170 239 294 303 329 420 434 531 570 600 672 786 836 973 1033 1140 1221 1235 1247 1307 1328 1385 1436 1477 1525 1628 1667 1726 1734 1770 1785 1866 1895 1929 2005 2101 2110 2181 2275 2342 2353 2440 2461 2524 2540 2612 2714 2744 2775 2833 2888 2970 3045 3107 3181 3241 3242 3377 3387 3412 3438 3503 3647 3668 3728 3752 3875 3969 4062 4072 4122 4126 4206 4249 4358 4363 4447 4554 4571 4654 4697 4705 4814 4902 4929 5029 5097 5150 5159 5287 5351 5395 5429 5584 5695 5713 5798 5865 5974 6018 6090 6210 6214 6284 6322 6400 6433 6442 6451 6588 6624 6700 6754 6805 6834 6940 7005 7049 7052 
ALL EQUAL

Final time = 3606.33
Final solution cost = 7015
