Reading instance small_stp_instances/gr120_20_05.stp of type D
Finished instance reading
Number of vertices = 120
Number of edges (resources) = 7140
Number of scenarios = 20
Average number of terminals per scenario = 120
Probabilities of Scenarios: (0) 0.01 | (1) 0.1 | (2) 0.02 | (3) 0.06 | (4) 0.01 | (5) 0.1 | (6) 0.1 | (7) 0.02 | (8) 0.03 | (9) 0.1 | (10) 0.05 | (11) 0.01 | (12) 0 | (13) 0.05 | (14) 0.03 | (15) 0.14 | (16) 0 | (17) 0.05 | (18) 0.08 | (19) 0.04 | 
Average weighted inflation = 0.248123
Largest inflation = 0.499474
MAX_ITERATIONS_SINCE_LAST_IMPROVEMENT 2
MAX_ITERATIONS_SINCE_BEST_SOLUTION 3
Creating solution instance.
Starting Evolutive Framework.
Local search solution cost = 7027
Local search time = 5553.18
5553.18 local search - EF main loop cycle 0 solution cost 7027
5553.21s Cost of SP solution after second stage solver 7027
Local search solution cost = 7027
Local search time = 480.142
6033.35 local search - EF main loop cycle 1 solution cost 7027
6033.38s Cost of SP solution after second stage solver 7027
Local search solution cost = 7027
Local search time = 480.241
6513.62 local search - EF main loop cycle 2 solution cost 7027
6513.65s Cost of SP solution after second stage solver 7027
Number of cycles 3
Time for each cycle 2171.22
6513.68s Cost of SP solution after tail step 7027
SELECTED RESOURCES:
132 170 239 294 303 329 420 434 531 570 600 672 786 836 973 1033 1127 1140 1221 1235 1247 1307 1385 1436 1525 1667 1726 1734 1770 1785 1866 1895 1929 2005 2101 2110 2181 2275 2342 2353 2440 2461 2524 2540 2612 2714 2744 2775 2833 2913 2970 3035 3045 3107 3133 3181 3242 3248 3359 3377 3412 3438 3503 3647 3668 3728 3752 3761 3882 3969 4062 4072 4122 4126 4187 4358 4363 4447 4554 4571 4654 4697 4705 4814 4902 4908 5097 5150 5188 5287 5351 5395 5429 5526 5584 5695 5713 5798 5870 5986 6018 6090 6193 6214 6284 6322 6400 6433 6442 6451 6588 6624 6700 6754 6805 6834 6905 7005 7049 7052 
SCENARIO'S RESOURCES:
S 0: 0 | 132 170 239 294 303 329 420 434 531 570 600 672 786 836 973 1033 1127 1140 1221 1235 1247 1307 1385 1436 1525 1667 1726 1734 1770 1785 1866 1895 1929 2005 2101 2110 2181 2275 2342 2353 2440 2461 2524 2540 2612 2714 2744 2775 2833 2913 2970 3035 3045 3107 3133 3181 3242 3248 3359 3377 3412 3438 3503 3647 3668 3728 3752 3761 3882 3969 4062 4072 4122 4126 4187 4358 4363 4447 4554 4571 4654 4697 4705 4814 4902 4908 5097 5150 5188 5287 5351 5395 5429 5526 5584 5695 5713 5798 5870 5986 6018 6090 6193 6214 6284 6322 6400 6433 6442 6451 6588 6624 6700 6754 6805 6834 6905 7005 7049 7052 
S 1: 0 | 132 170 239 294 303 329 420 434 531 570 600 672 786 836 973 1033 1127 1140 1221 1235 1247 1307 1385 1436 1525 1667 1726 1734 1770 1785 1866 1895 1929 2005 2101 2110 2181 2275 2342 2353 2440 2461 2524 2540 2612 2714 2744 2775 2833 2913 2970 3035 3045 3107 3133 3181 3242 3248 3359 3377 3412 3438 3503 3647 3668 3728 3752 3761 3882 3969 4062 4072 4122 4126 4187 4358 4363 4447 4554 4571 4654 4697 4705 4814 4902 4908 5097 5150 5188 5287 5351 5395 5429 5526 5584 5695 5713 5798 5870 5986 6018 6090 6193 6214 6284 6322 6400 6433 6442 6451 6588 6624 6700 6754 6805 6834 6905 7005 7049 7052 
S 2: 0 | 132 170 239 294 303 329 420 434 531 570 600 672 786 836 973 1033 1127 1140 1221 1235 1247 1307 1385 1436 1525 1667 1726 1734 1770 1785 1866 1895 1929 2005 2101 2110 2181 2275 2342 2353 2440 2461 2524 2540 2612 2714 2744 2775 2833 2913 2970 3035 3045 3107 3133 3181 3242 3248 3359 3377 3412 3438 3503 3647 3668 3728 3752 3761 3882 3969 4062 4072 4122 4126 4187 4358 4363 4447 4554 4571 4654 4697 4705 4814 4902 4908 5097 5150 5188 5287 5351 5395 5429 5526 5584 5695 5713 5798 5870 5986 6018 6090 6193 6214 6284 6322 6400 6433 6442 6451 6588 6624 6700 6754 6805 6834 6905 7005 7049 7052 
S 3: 0 | 132 170 239 294 303 329 420 434 531 570 600 672 786 836 973 1033 1127 1140 1221 1235 1247 1307 1385 1436 1525 1667 1726 1734 1770 1785 1866 1895 1929 2005 2101 2110 2181 2275 2342 2353 2440 2461 2524 2540 2612 2714 2744 2775 2833 2913 2970 3035 3045 3107 3133 3181 3242 3248 3359 3377 3412 3438 3503 3647 3668 3728 3752 3761 3882 3969 4062 4072 4122 4126 4187 4358 4363 4447 4554 4571 4654 4697 4705 4814 4902 4908 5097 5150 5188 5287 5351 5395 5429 5526 5584 5695 5713 5798 5870 5986 6018 6090 6193 6214 6284 6322 6400 6433 6442 6451 6588 6624 6700 6754 6805 6834 6905 7005 7049 7052 
S 4: 0 | 132 170 239 294 303 329 420 434 531 570 600 672 786 836 973 1033 1127 1140 1221 1235 1247 1307 1385 1436 1525 1667 1726 1734 1770 1785 1866 1895 1929 2005 2101 2110 2181 2275 2342 2353 2440 2461 2524 2540 2612 2714 2744 2775 2833 2913 2970 3035 3045 3107 3133 3181 3242 3248 3359 3377 3412 3438 3503 3647 3668 3728 3752 3761 3882 3969 4062 4072 4122 4126 4187 4358 4363 4447 4554 4571 4654 4697 4705 4814 4902 4908 5097 5150 5188 5287 5351 5395 5429 5526 5584 5695 5713 5798 5870 5986 6018 6090 6193 6214 6284 6322 6400 6433 6442 6451 6588 6624 6700 6754 6805 6834 6905 7005 7049 7052 
S 5: 0 | 132 170 239 294 303 329 420 434 531 570 600 672 786 836 973 1033 1127 1140 1221 1235 1247 1307 1385 1436 1525 1667 1726 1734 1770 1785 1866 1895 1929 2005 2101 2110 2181 2275 2342 2353 2440 2461 2524 2540 2612 2714 2744 2775 2833 2913 2970 3035 3045 3107 3133 3181 3242 3248 3359 3377 3412 3438 3503 3647 3668 3728 3752 3761 3882 3969 4062 4072 4122 4126 4187 4358 4363 4447 4554 4571 4654 4697 4705 4814 4902 4908 5097 5150 5188 5287 5351 5395 5429 5526 5584 5695 5713 5798 5870 5986 6018 6090 6193 6214 6284 6322 6400 6433 6442 6451 6588 6624 6700 6754 6805 6834 6905 7005 7049 7052 
S 6: 0 | 132 170 239 294 303 329 420 434 531 570 600 672 786 836 973 1033 1127 1140 1221 1235 1247 1307 1385 1436 1525 1667 1726 1734 1770 1785 1866 1895 1929 2005 2101 2110 2181 2275 2342 2353 2440 2461 2524 2540 2612 2714 2744 2775 2833 2913 2970 3035 3045 3107 3133 3181 3242 3248 3359 3377 3412 3438 3503 3647 3668 3728 3752 3761 3882 3969 4062 4072 4122 4126 4187 4358 4363 4447 4554 4571 4654 4697 4705 4814 4902 4908 5097 5150 5188 5287 5351 5395 5429 5526 5584 5695 5713 5798 5870 5986 6018 6090 6193 6214 6284 6322 6400 6433 6442 6451 6588 6624 6700 6754 6805 6834 6905 7005 7049 7052 
S 7: 0 | 132 170 239 294 303 329 420 434 531 570 600 672 786 836 973 1033 1127 1140 1221 1235 1247 1307 1385 1436 1525 1667 1726 1734 1770 1785 1866 1895 1929 2005 2101 2110 2181 2275 2342 2353 2440 2461 2524 2540 2612 2714 2744 2775 2833 2913 2970 3035 3045 3107 3133 3181 3242 3248 3359 3377 3412 3438 3503 3647 3668 3728 3752 3761 3882 3969 4062 4072 4122 4126 4187 4358 4363 4447 4554 4571 4654 4697 4705 4814 4902 4908 5097 5150 5188 5287 5351 5395 5429 5526 5584 5695 5713 5798 5870 5986 6018 6090 6193 6214 6284 6322 6400 6433 6442 6451 6588 6624 6700 6754 6805 6834 6905 7005 7049 7052 
S 8: 0 | 132 170 239 294 303 329 420 434 531 570 600 672 786 836 973 1033 1127 1140 1221 1235 1247 1307 1385 1436 1525 1667 1726 1734 1770 1785 1866 1895 1929 2005 2101 2110 2181 2275 2342 2353 2440 2461 2524 2540 2612 2714 2744 2775 2833 2913 2970 3035 3045 3107 3133 3181 3242 3248 3359 3377 3412 3438 3503 3647 3668 3728 3752 3761 3882 3969 4062 4072 4122 4126 4187 4358 4363 4447 4554 4571 4654 4697 4705 4814 4902 4908 5097 5150 5188 5287 5351 5395 5429 5526 5584 5695 5713 5798 5870 5986 6018 6090 6193 6214 6284 6322 6400 6433 6442 6451 6588 6624 6700 6754 6805 6834 6905 7005 7049 7052 
S 9: 0 | 132 170 239 294 303 329 420 434 531 570 600 672 786 836 973 1033 1127 1140 1221 1235 1247 1307 1385 1436 1525 1667 1726 1734 1770 1785 1866 1895 1929 2005 2101 2110 2181 2275 2342 2353 2440 2461 2524 2540 2612 2714 2744 2775 2833 2913 2970 3035 3045 3107 3133 3181 3242 3248 3359 3377 3412 3438 3503 3647 3668 3728 3752 3761 3882 3969 4062 4072 4122 4126 4187 4358 4363 4447 4554 4571 4654 4697 4705 4814 4902 4908 5097 5150 5188 5287 5351 5395 5429 5526 5584 5695 5713 5798 5870 5986 6018 6090 6193 6214 6284 6322 6400 6433 6442 6451 6588 6624 6700 6754 6805 6834 6905 7005 7049 7052 
S 10: 0 | 132 170 239 294 303 329 420 434 531 570 600 672 786 836 973 1033 1127 1140 1221 1235 1247 1307 1385 1436 1525 1667 1726 1734 1770 1785 1866 1895 1929 2005 2101 2110 2181 2275 2342 2353 2440 2461 2524 2540 2612 2714 2744 2775 2833 2913 2970 3035 3045 3107 3133 3181 3242 3248 3359 3377 3412 3438 3503 3647 3668 3728 3752 3761 3882 3969 4062 4072 4122 4126 4187 4358 4363 4447 4554 4571 4654 4697 4705 4814 4902 4908 5097 5150 5188 5287 5351 5395 5429 5526 5584 5695 5713 5798 5870 5986 6018 6090 6193 6214 6284 6322 6400 6433 6442 6451 6588 6624 6700 6754 6805 6834 6905 7005 7049 7052 
S 11: 0 | 132 170 239 294 303 329 420 434 531 570 600 672 786 836 973 1033 1127 1140 1221 1235 1247 1307 1385 1436 1525 1667 1726 1734 1770 1785 1866 1895 1929 2005 2101 2110 2181 2275 2342 2353 2440 2461 2524 2540 2612 2714 2744 2775 2833 2913 2970 3035 3045 3107 3133 3181 3242 3248 3359 3377 3412 3438 3503 3647 3668 3728 3752 3761 3882 3969 4062 4072 4122 4126 4187 4358 4363 4447 4554 4571 4654 4697 4705 4814 4902 4908 5097 5150 5188 5287 5351 5395 5429 5526 5584 5695 5713 5798 5870 5986 6018 6090 6193 6214 6284 6322 6400 6433 6442 6451 6588 6624 6700 6754 6805 6834 6905 7005 7049 7052 
S 12: 0 | 132 170 239 294 303 329 420 434 531 570 600 672 786 836 973 1033 1127 1140 1221 1235 1247 1307 1385 1436 1525 1667 1726 1734 1770 1785 1866 1895 1929 2005 2101 2110 2181 2275 2342 2353 2440 2461 2524 2540 2612 2714 2744 2775 2833 2913 2970 3035 3045 3107 3133 3181 3242 3248 3359 3377 3412 3438 3503 3647 3668 3728 3752 3761 3882 3969 4062 4072 4122 4126 4187 4358 4363 4447 4554 4571 4654 4697 4705 4814 4902 4908 5097 5150 5188 5287 5351 5395 5429 5526 5584 5695 5713 5798 5870 5986 6018 6090 6193 6214 6284 6322 6400 6433 6442 6451 6588 6624 6700 6754 6805 6834 6905 7005 7049 7052 
S 13: 0 | 132 170 239 294 303 329 420 434 531 570 600 672 786 836 973 1033 1127 1140 1221 1235 1247 1307 1385 1436 1525 1667 1726 1734 1770 1785 1866 1895 1929 2005 2101 2110 2181 2275 2342 2353 2440 2461 2524 2540 2612 2714 2744 2775 2833 2913 2970 3035 3045 3107 3133 3181 3242 3248 3359 3377 3412 3438 3503 3647 3668 3728 3752 3761 3882 3969 4062 4072 4122 4126 4187 4358 4363 4447 4554 4571 4654 4697 4705 4814 4902 4908 5097 5150 5188 5287 5351 5395 5429 5526 5584 5695 5713 5798 5870 5986 6018 6090 6193 6214 6284 6322 6400 6433 6442 6451 6588 6624 6700 6754 6805 6834 6905 7005 7049 7052 
S 14: 0 | 132 170 239 294 303 329 420 434 531 570 600 672 786 836 973 1033 1127 1140 1221 1235 1247 1307 1385 1436 1525 1667 1726 1734 1770 1785 1866 1895 1929 2005 2101 2110 2181 2275 2342 2353 2440 2461 2524 2540 2612 2714 2744 2775 2833 2913 2970 3035 3045 3107 3133 3181 3242 3248 3359 3377 3412 3438 3503 3647 3668 3728 3752 3761 3882 3969 4062 4072 4122 4126 4187 4358 4363 4447 4554 4571 4654 4697 4705 4814 4902 4908 5097 5150 5188 5287 5351 5395 5429 5526 5584 5695 5713 5798 5870 5986 6018 6090 6193 6214 6284 6322 6400 6433 6442 6451 6588 6624 6700 6754 6805 6834 6905 7005 7049 7052 
S 15: 0 | 132 170 239 294 303 329 420 434 531 570 600 672 786 836 973 1033 1127 1140 1221 1235 1247 1307 1385 1436 1525 1667 1726 1734 1770 1785 1866 1895 1929 2005 2101 2110 2181 2275 2342 2353 2440 2461 2524 2540 2612 2714 2744 2775 2833 2913 2970 3035 3045 3107 3133 3181 3242 3248 3359 3377 3412 3438 3503 3647 3668 3728 3752 3761 3882 3969 4062 4072 4122 4126 4187 4358 4363 4447 4554 4571 4654 4697 4705 4814 4902 4908 5097 5150 5188 5287 5351 5395 5429 5526 5584 5695 5713 5798 5870 5986 6018 6090 6193 6214 6284 6322 6400 6433 6442 6451 6588 6624 6700 6754 6805 6834 6905 7005 7049 7052 
S 16: 0 | 132 170 239 294 303 329 420 434 531 570 600 672 786 836 973 1033 1127 1140 1221 1235 1247 1307 1385 1436 1525 1667 1726 1734 1770 1785 1866 1895 1929 2005 2101 2110 2181 2275 2342 2353 2440 2461 2524 2540 2612 2714 2744 2775 2833 2913 2970 3035 3045 3107 3133 3181 3242 3248 3359 3377 3412 3438 3503 3647 3668 3728 3752 3761 3882 3969 4062 4072 4122 4126 4187 4358 4363 4447 4554 4571 4654 4697 4705 4814 4902 4908 5097 5150 5188 5287 5351 5395 5429 5526 5584 5695 5713 5798 5870 5986 6018 6090 6193 6214 6284 6322 6400 6433 6442 6451 6588 6624 6700 6754 6805 6834 6905 7005 7049 7052 
S 17: 0 | 132 170 239 294 303 329 420 434 531 570 600 672 786 836 973 1033 1127 1140 1221 1235 1247 1307 1385 1436 1525 1667 1726 1734 1770 1785 1866 1895 1929 2005 2101 2110 2181 2275 2342 2353 2440 2461 2524 2540 2612 2714 2744 2775 2833 2913 2970 3035 3045 3107 3133 3181 3242 3248 3359 3377 3412 3438 3503 3647 3668 3728 3752 3761 3882 3969 4062 4072 4122 4126 4187 4358 4363 4447 4554 4571 4654 4697 4705 4814 4902 4908 5097 5150 5188 5287 5351 5395 5429 5526 5584 5695 5713 5798 5870 5986 6018 6090 6193 6214 6284 6322 6400 6433 6442 6451 6588 6624 6700 6754 6805 6834 6905 7005 7049 7052 
S 18: 0 | 132 170 239 294 303 329 420 434 531 570 600 672 786 836 973 1033 1127 1140 1221 1235 1247 1307 1385 1436 1525 1667 1726 1734 1770 1785 1866 1895 1929 2005 2101 2110 2181 2275 2342 2353 2440 2461 2524 2540 2612 2714 2744 2775 2833 2913 2970 3035 3045 3107 3133 3181 3242 3248 3359 3377 3412 3438 3503 3647 3668 3728 3752 3761 3882 3969 4062 4072 4122 4126 4187 4358 4363 4447 4554 4571 4654 4697 4705 4814 4902 4908 5097 5150 5188 5287 5351 5395 5429 5526 5584 5695 5713 5798 5870 5986 6018 6090 6193 6214 6284 6322 6400 6433 6442 6451 6588 6624 6700 6754 6805 6834 6905 7005 7049 7052 
S 19: 0 | 132 170 239 294 303 329 420 434 531 570 600 672 786 836 973 1033 1127 1140 1221 1235 1247 1307 1385 1436 1525 1667 1726 1734 1770 1785 1866 1895 1929 2005 2101 2110 2181 2275 2342 2353 2440 2461 2524 2540 2612 2714 2744 2775 2833 2913 2970 3035 3045 3107 3133 3181 3242 3248 3359 3377 3412 3438 3503 3647 3668 3728 3752 3761 3882 3969 4062 4072 4122 4126 4187 4358 4363 4447 4554 4571 4654 4697 4705 4814 4902 4908 5097 5150 5188 5287 5351 5395 5429 5526 5584 5695 5713 5798 5870 5986 6018 6090 6193 6214 6284 6322 6400 6433 6442 6451 6588 6624 6700 6754 6805 6834 6905 7005 7049 7052 
ALL EQUAL

Final time = 6513.74
Final solution cost = 7027
