Reading instance small_stp_instances/gr120_5_03.stp of type D
Finished instance reading
Number of vertices = 120
Number of edges (resources) = 7140
Number of scenarios = 5
Average number of terminals per scenario = 120
Probabilities of Scenarios: (0) 0.37 | (1) 0.22 | (2) 0.13 | (3) 0.06 | (4) 0.22 | 
Average weighted inflation = 0.148708
Largest inflation = 0.299871
MAX_ITERATIONS_SINCE_LAST_IMPROVEMENT 2
MAX_ITERATIONS_SINCE_BEST_SOLUTION 3
Creating solution instance.
Starting Evolutive Framework.
Local search solution cost = 7017.15
Local search time = 1449.83
1449.83 local search - EF main loop cycle 0 solution cost 7017.15
1449.85s Cost of SP solution after second stage solver 7017.15
Local search solution cost = 7005
Local search time = 121.236
1571.09 local search - EF main loop cycle 1 solution cost 7005
1571.09s Cost of SP solution after second stage solver 7005
Local search solution cost = 7005
Local search time = 121.059
1692.15 local search - EF main loop cycle 2 solution cost 7005
1692.16s Cost of SP solution after second stage solver 7005
Local search solution cost = 7005
Local search time = 121.025
1813.19 local search - EF main loop cycle 3 solution cost 7005
1813.19s Cost of SP solution after second stage solver 7005
Number of cycles 4
Time for each cycle 453.298
1813.2s Cost of SP solution after tail step 7005
SELECTED RESOURCES:
132 170 191 239 294 303 420 434 531 570 600 672 786 836 973 1033 1127 1140 1221 1235 1247 1307 1352 1385 1436 1525 1628 1667 1726 1734 1770 1785 1866 1895 1929 2005 2101 2110 2181 2275 2342 2353 2440 2461 2524 2540 2612 2622 2714 2744 2775 2833 2913 2970 3045 3085 3107 3181 3242 3248 3359 3377 3437 3438 3503 3647 3668 3728 3882 3969 4062 4072 4122 4126 4206 4358 4363 4382 4447 4554 4571 4647 4697 4705 4762 4814 4902 4929 5097 5150 5188 5395 5429 5563 5584 5695 5713 5865 5870 5974 6018 6090 6208 6214 6284 6322 6428 6433 6442 6451 6588 6624 6700 6754 6805 6834 6905 7005 7049 7052 
SCENARIO'S RESOURCES:
S 0: 0 | 132 170 191 239 294 303 420 434 531 570 600 672 786 836 973 1033 1127 1140 1221 1235 1247 1307 1352 1385 1436 1525 1628 1667 1726 1734 1770 1785 1866 1895 1929 2005 2101 2110 2181 2275 2342 2353 2440 2461 2524 2540 2612 2622 2714 2744 2775 2833 2913 2970 3045 3085 3107 3181 3242 3248 3359 3377 3437 3438 3503 3647 3668 3728 3882 3969 4062 4072 4122 4126 4206 4358 4363 4382 4447 4554 4571 4647 4697 4705 4762 4814 4902 4929 5097 5150 5188 5395 5429 5563 5584 5695 5713 5865 5870 5974 6018 6090 6208 6214 6284 6322 6428 6433 6442 6451 6588 6624 6700 6754 6805 6834 6905 7005 7049 7052 
S 1: 0 | 132 170 191 239 294 303 420 434 531 570 600 672 786 836 973 1033 1127 1140 1221 1235 1247 1307 1352 1385 1436 1525 1628 1667 1726 1734 1770 1785 1866 1895 1929 2005 2101 2110 2181 2275 2342 2353 2440 2461 2524 2540 2612 2622 2714 2744 2775 2833 2913 2970 3045 3085 3107 3181 3242 3248 3359 3377 3437 3438 3503 3647 3668 3728 3882 3969 4062 4072 4122 4126 4206 4358 4363 4382 4447 4554 4571 4647 4697 4705 4762 4814 4902 4929 5097 5150 5188 5395 5429 5563 5584 5695 5713 5865 5870 5974 6018 6090 6208 6214 6284 6322 6428 6433 6442 6451 6588 6624 6700 6754 6805 6834 6905 7005 7049 7052 
S 2: 0 | 132 170 191 239 294 303 420 434 531 570 600 672 786 836 973 1033 1127 1140 1221 1235 1247 1307 1352 1385 1436 1525 1628 1667 1726 1734 1770 1785 1866 1895 1929 2005 2101 2110 2181 2275 2342 2353 2440 2461 2524 2540 2612 2622 2714 2744 2775 2833 2913 2970 3045 3085 3107 3181 3242 3248 3359 3377 3437 3438 3503 3647 3668 3728 3882 3969 4062 4072 4122 4126 4206 4358 4363 4382 4447 4554 4571 4647 4697 4705 4762 4814 4902 4929 5097 5150 5188 5395 5429 5563 5584 5695 5713 5865 5870 5974 6018 6090 6208 6214 6284 6322 6428 6433 6442 6451 6588 6624 6700 6754 6805 6834 6905 7005 7049 7052 
S 3: 0 | 132 170 191 239 294 303 420 434 531 570 600 672 786 836 973 1033 1127 1140 1221 1235 1247 1307 1352 1385 1436 1525 1628 1667 1726 1734 1770 1785 1866 1895 1929 2005 2101 2110 2181 2275 2342 2353 2440 2461 2524 2540 2612 2622 2714 2744 2775 2833 2913 2970 3045 3085 3107 3181 3242 3248 3359 3377 3437 3438 3503 3647 3668 3728 3882 3969 4062 4072 4122 4126 4206 4358 4363 4382 4447 4554 4571 4647 4697 4705 4762 4814 4902 4929 5097 5150 5188 5395 5429 5563 5584 5695 5713 5865 5870 5974 6018 6090 6208 6214 6284 6322 6428 6433 6442 6451 6588 6624 6700 6754 6805 6834 6905 7005 7049 7052 
S 4: 0 | 132 170 191 239 294 303 420 434 531 570 600 672 786 836 973 1033 1127 1140 1221 1235 1247 1307 1352 1385 1436 1525 1628 1667 1726 1734 1770 1785 1866 1895 1929 2005 2101 2110 2181 2275 2342 2353 2440 2461 2524 2540 2612 2622 2714 2744 2775 2833 2913 2970 3045 3085 3107 3181 3242 3248 3359 3377 3437 3438 3503 3647 3668 3728 3882 3969 4062 4072 4122 4126 4206 4358 4363 4382 4447 4554 4571 4647 4697 4705 4762 4814 4902 4929 5097 5150 5188 5395 5429 5563 5584 5695 5713 5865 5870 5974 6018 6090 6208 6214 6284 6322 6428 6433 6442 6451 6588 6624 6700 6754 6805 6834 6905 7005 7049 7052 
ALL EQUAL

Final time = 1813.22
Final solution cost = 7005
