Reading instance small_stp_instances/gr120_5_05.stp of type D
Finished instance reading
Number of vertices = 120
Number of edges (resources) = 7140
Number of scenarios = 5
Average number of terminals per scenario = 120
Probabilities of Scenarios: (0) 0 | (1) 0.42 | (2) 0.31 | (3) 0.19 | (4) 0.08 | 
Average weighted inflation = 0.249208
Largest inflation = 0.49951
MAX_ITERATIONS_SINCE_LAST_IMPROVEMENT 2
MAX_ITERATIONS_SINCE_BEST_SOLUTION 3
Creating solution instance.
Starting Evolutive Framework.
Local search solution cost = 7135.45
Local search time = 1266.09
1266.09 local search - EF main loop cycle 0 solution cost 7135.45
1266.16s Cost of SP solution after second stage solver 7135.45
Local search solution cost = 7127.94
Local search time = 482.584
1748.74 local search - EF main loop cycle 1 solution cost 7127.94
1748.8s Cost of SP solution after second stage solver 7127.94
Local search solution cost = 7127.94
Local search time = 482.461
2231.27 local search - EF main loop cycle 2 solution cost 7127.94
2231.33s Cost of SP solution after second stage solver 7127.94
Local search solution cost = 7127.94
Local search time = 482.841
2714.17 local search - EF main loop cycle 3 solution cost 7127.94
2714.23s Cost of SP solution after second stage solver 7127.94
Number of cycles 4
Time for each cycle 678.558
2714.3s Cost of SP solution after tail step 7127.94
SELECTED RESOURCES:
76 170 239 294 303 329 420 434 492 531 570 600 672 860 973 1009 1127 1140 1219 1221 1235 1247 1307 1385 1436 1491 1525 1628 1667 1726 1734 1770 1785 1866 1895 1929 2005 2101 2110 2181 2275 2342 2353 2440 2461 2522 2524 2612 2714 2744 2775 2833 2888 2970 3045 3107 3181 3241 3242 3377 3387 3437 3438 3503 3647 3668 3728 3752 3804 3882 3969 4062 4072 4126 4238 4358 4363 4447 4554 4571 4654 4672 4697 4814 4902 4929 5150 5159 5262 5395 5429 5584 5695 5713 5798 5870 5986 6018 6090 6210 6284 6322 6400 6442 6461 6588 6624 6700 6754 6802 6834 6905 7005 7049 7112 
SCENARIO'S RESOURCES:
S 0: 353 | 76 170 239 294 303 329 420 434 492 531 570 600 672 860 973 1009 1127 1140 1219 1221 1235 1247 1307 1385 1436 1491 1525 1628 1667 1726 1734 1770 1785 1866 1895 1929 2005 2101 2110 2181 2275 2342 2353 2440 2461 2522 2524 2612 2714 2744 2775 2833 2888 2970 3045 3107 3181 3241 3242 3377 3387 3437 3438 3503 3647 3668 3728 3752 3804 3875 3882 3969 4062 4072 4126 4238 4358 4363 4447 4554 4571 4654 4672 4697 4814 4902 4929 5129 5150 5159 5262 5351 5395 5429 5584 5695 5713 5798 5870 5986 6018 6090 6210 6214 6284 6322 6400 6433 6442 6461 6588 6624 6700 6754 6802 6834 6905 7005 7049 7112 
S 1: 383 | 76 170 239 294 303 329 420 434 492 531 570 600 672 860 973 1009 1127 1140 1219 1221 1235 1247 1307 1385 1436 1491 1525 1628 1667 1726 1734 1770 1785 1866 1895 1929 2005 2101 2110 2181 2275 2342 2353 2440 2461 2522 2524 2612 2714 2744 2775 2833 2888 2970 3045 3107 3181 3241 3242 3377 3387 3437 3438 3503 3647 3668 3728 3752 3804 3882 3969 4062 4072 4126 4238 4358 4363 4447 4554 4571 4654 4672 4697 4814 4902 4929 5097 5150 5159 5262 5395 5429 5558 5584 5695 5713 5798 5870 5974 5986 6018 6090 6208 6210 6284 6322 6400 6407 6442 6461 6588 6624 6700 6754 6802 6834 6905 7005 7049 7112 
S 2: 374 | 76 170 239 294 303 329 420 434 492 531 570 600 672 860 973 1009 1127 1140 1219 1221 1235 1247 1307 1385 1436 1491 1525 1628 1667 1726 1734 1770 1785 1866 1895 1929 2005 2101 2110 2181 2275 2342 2353 2440 2461 2522 2524 2612 2714 2744 2775 2833 2888 2970 3045 3107 3181 3241 3242 3377 3387 3437 3438 3503 3647 3668 3728 3752 3804 3882 3969 4062 4072 4126 4238 4358 4363 4447 4554 4571 4654 4672 4697 4814 4902 4929 5097 5150 5159 5262 5395 5429 5558 5584 5695 5713 5798 5870 5974 5986 6018 6090 6208 6210 6284 6322 6400 6407 6442 6461 6588 6624 6700 6754 6802 6834 6905 7005 7049 7112 
S 3: 346 | 76 170 239 294 303 329 420 434 492 531 570 600 672 860 973 1009 1127 1140 1219 1221 1235 1247 1307 1385 1436 1491 1525 1628 1667 1726 1734 1770 1785 1866 1895 1929 2005 2101 2110 2181 2275 2342 2353 2440 2461 2522 2524 2612 2714 2744 2775 2833 2888 2970 3045 3107 3181 3241 3242 3377 3387 3437 3438 3503 3647 3668 3728 3752 3804 3875 3882 3969 4062 4072 4126 4238 4358 4363 4447 4554 4571 4654 4672 4697 4814 4902 4929 5129 5150 5159 5262 5351 5395 5429 5584 5695 5713 5798 5870 5986 6018 6090 6210 6214 6284 6322 6400 6433 6442 6461 6588 6624 6700 6754 6802 6834 6905 7005 7049 7112 
S 4: 355 | 76 170 239 294 303 329 420 434 492 531 570 600 672 860 973 1009 1127 1140 1219 1221 1235 1247 1307 1385 1436 1491 1525 1628 1667 1726 1734 1770 1785 1866 1895 1929 2005 2101 2110 2181 2275 2342 2353 2440 2461 2522 2524 2612 2714 2744 2775 2833 2888 2970 3045 3107 3181 3241 3242 3377 3387 3437 3438 3503 3647 3668 3728 3752 3804 3875 3882 3969 4062 4072 4126 4238 4358 4363 4447 4554 4571 4654 4672 4697 4814 4902 4929 5129 5150 5159 5262 5351 5395 5429 5584 5695 5713 5798 5870 5986 6018 6090 6210 6214 6284 6322 6400 6433 6442 6461 6588 6624 6700 6754 6802 6834 6905 7005 7049 7112 

Final time = 2714.37
Final solution cost = 7127.94
