Reading instance small_stp_instances/gr120_5_10.stp of type D
Finished instance reading
Number of vertices = 120
Number of edges (resources) = 7140
Number of scenarios = 5
Average number of terminals per scenario = 120
Probabilities of Scenarios: (0) 0.33 | (1) 0.32 | (2) 0.08 | (3) 0.25 | (4) 0.02 | 
Average weighted inflation = 0.498055
Largest inflation = 0.998852
MAX_ITERATIONS_SINCE_LAST_IMPROVEMENT 2
MAX_ITERATIONS_SINCE_BEST_SOLUTION 3
Creating solution instance.
Starting Evolutive Framework.
Local search solution cost = 7225.08
Local search time = 1405
1405 local search - EF main loop cycle 0 solution cost 7225.08
1405.03s Cost of SP solution after second stage solver 7225.08
Local search solution cost = 7172
Local search time = 124.902
1529.94 local search - EF main loop cycle 1 solution cost 7172
1529.94s Cost of SP solution after second stage solver 7172
Local search solution cost = 7172
Local search time = 124.535
1654.48 local search - EF main loop cycle 2 solution cost 7172
1654.49s Cost of SP solution after second stage solver 7172
Local search solution cost = 7172
Local search time = 124.547
1779.03 local search - EF main loop cycle 3 solution cost 7172
1779.04s Cost of SP solution after second stage solver 7172
Number of cycles 4
Time for each cycle 444.76
1779.05s Cost of SP solution after tail step 7172
SELECTED RESOURCES:
132 170 227 239 294 303 329 420 531 570 600 672 786 832 973 1033 1144 1221 1235 1247 1307 1328 1385 1477 1525 1628 1667 1684 1726 1734 1770 1785 1866 1895 1929 2005 2058 2110 2181 2253 2342 2353 2440 2461 2524 2540 2612 2714 2744 2775 2803 2888 2970 3060 3107 3190 3241 3242 3377 3387 3408 3437 3507 3647 3668 3728 3752 3761 3875 3882 3969 4072 4122 4126 4206 4358 4363 4447 4554 4571 4654 4697 4705 4762 4814 4902 4941 5097 5150 5159 5288 5395 5429 5563 5584 5695 5749 5841 5870 5986 6018 6090 6210 6214 6284 6322 6400 6407 6442 6451 6588 6624 6735 6754 6805 6834 6940 7005 7049 7050 
SCENARIO'S RESOURCES:
S 0: 0 | 132 170 227 239 294 303 329 420 531 570 600 672 786 832 973 1033 1144 1221 1235 1247 1307 1328 1385 1477 1525 1628 1667 1684 1726 1734 1770 1785 1866 1895 1929 2005 2058 2110 2181 2253 2342 2353 2440 2461 2524 2540 2612 2714 2744 2775 2803 2888 2970 3060 3107 3190 3241 3242 3377 3387 3408 3437 3507 3647 3668 3728 3752 3761 3875 3882 3969 4072 4122 4126 4206 4358 4363 4447 4554 4571 4654 4697 4705 4762 4814 4902 4941 5097 5150 5159 5288 5395 5429 5563 5584 5695 5749 5841 5870 5986 6018 6090 6210 6214 6284 6322 6400 6407 6442 6451 6588 6624 6735 6754 6805 6834 6940 7005 7049 7050 
S 1: 0 | 132 170 227 239 294 303 329 420 531 570 600 672 786 832 973 1033 1144 1221 1235 1247 1307 1328 1385 1477 1525 1628 1667 1684 1726 1734 1770 1785 1866 1895 1929 2005 2058 2110 2181 2253 2342 2353 2440 2461 2524 2540 2612 2714 2744 2775 2803 2888 2970 3060 3107 3190 3241 3242 3377 3387 3408 3437 3507 3647 3668 3728 3752 3761 3875 3882 3969 4072 4122 4126 4206 4358 4363 4447 4554 4571 4654 4697 4705 4762 4814 4902 4941 5097 5150 5159 5288 5395 5429 5563 5584 5695 5749 5841 5870 5986 6018 6090 6210 6214 6284 6322 6400 6407 6442 6451 6588 6624 6735 6754 6805 6834 6940 7005 7049 7050 
S 2: 0 | 132 170 227 239 294 303 329 420 531 570 600 672 786 832 973 1033 1144 1221 1235 1247 1307 1328 1385 1477 1525 1628 1667 1684 1726 1734 1770 1785 1866 1895 1929 2005 2058 2110 2181 2253 2342 2353 2440 2461 2524 2540 2612 2714 2744 2775 2803 2888 2970 3060 3107 3190 3241 3242 3377 3387 3408 3437 3507 3647 3668 3728 3752 3761 3875 3882 3969 4072 4122 4126 4206 4358 4363 4447 4554 4571 4654 4697 4705 4762 4814 4902 4941 5097 5150 5159 5288 5395 5429 5563 5584 5695 5749 5841 5870 5986 6018 6090 6210 6214 6284 6322 6400 6407 6442 6451 6588 6624 6735 6754 6805 6834 6940 7005 7049 7050 
S 3: 0 | 132 170 227 239 294 303 329 420 531 570 600 672 786 832 973 1033 1144 1221 1235 1247 1307 1328 1385 1477 1525 1628 1667 1684 1726 1734 1770 1785 1866 1895 1929 2005 2058 2110 2181 2253 2342 2353 2440 2461 2524 2540 2612 2714 2744 2775 2803 2888 2970 3060 3107 3190 3241 3242 3377 3387 3408 3437 3507 3647 3668 3728 3752 3761 3875 3882 3969 4072 4122 4126 4206 4358 4363 4447 4554 4571 4654 4697 4705 4762 4814 4902 4941 5097 5150 5159 5288 5395 5429 5563 5584 5695 5749 5841 5870 5986 6018 6090 6210 6214 6284 6322 6400 6407 6442 6451 6588 6624 6735 6754 6805 6834 6940 7005 7049 7050 
S 4: 0 | 132 170 227 239 294 303 329 420 531 570 600 672 786 832 973 1033 1144 1221 1235 1247 1307 1328 1385 1477 1525 1628 1667 1684 1726 1734 1770 1785 1866 1895 1929 2005 2058 2110 2181 2253 2342 2353 2440 2461 2524 2540 2612 2714 2744 2775 2803 2888 2970 3060 3107 3190 3241 3242 3377 3387 3408 3437 3507 3647 3668 3728 3752 3761 3875 3882 3969 4072 4122 4126 4206 4358 4363 4447 4554 4571 4654 4697 4705 4762 4814 4902 4941 5097 5150 5159 5288 5395 5429 5563 5584 5695 5749 5841 5870 5986 6018 6090 6210 6214 6284 6322 6400 6407 6442 6451 6588 6624 6735 6754 6805 6834 6940 7005 7049 7050 
ALL EQUAL

Final time = 1779.06
Final solution cost = 7172
