Reading instance small_stp_instances/gr120_20_03.stp of type D
Finished instance reading
Number of vertices = 120
Number of edges (resources) = 7140
Number of scenarios = 20
Average number of terminals per scenario = 120
Probabilities of Scenarios: (0) 0.07 | (1) 0.03 | (2) 0.07 | (3) 0.06 | (4) 0.15 | (5) 0.05 | (6) 0.04 | (7) 0.03 | (8) 0.01 | (9) 0 | (10) 0.05 | (11) 0.04 | (12) 0.07 | (13) 0.03 | (14) 0.09 | (15) 0.02 | (16) 0.09 | (17) 0.01 | (18) 0.01 | (19) 0.08 | 
Average weighted inflation = 0.148056
Largest inflation = 0.299861
MAX_ITERATIONS_SINCE_LAST_IMPROVEMENT 2
MAX_ITERATIONS_SINCE_BEST_SOLUTION 3
Creating solution instance.
Starting Evolutive Framework.
Local search solution cost = 7006.62
Local search time = 6369.01
6369.02 local search - EF main loop cycle 0 solution cost 7006.62
6369.12s Cost of SP solution after second stage solver 7006.62
Local search solution cost = 6976
Local search time = 488.802
6857.92 local search - EF main loop cycle 1 solution cost 6976
6857.95s Cost of SP solution after second stage solver 6976
Local search solution cost = 6976
Local search time = 487.959
7345.91 local search - EF main loop cycle 2 solution cost 6976
7345.94s Cost of SP solution after second stage solver 6976
Local search solution cost = 6976
Local search time = 487.771
7833.71 local search - EF main loop cycle 3 solution cost 6976
7833.74s Cost of SP solution after second stage solver 6976
Number of cycles 4
Time for each cycle 1958.44
7833.77s Cost of SP solution after tail step 6976
SELECTED RESOURCES:
170 239 241 294 303 420 434 531 570 600 672 860 973 1009 1140 1219 1221 1235 1237 1307 1352 1385 1477 1491 1525 1628 1667 1726 1734 1770 1785 1866 1895 1929 2005 2101 2110 2181 2275 2342 2353 2440 2461 2522 2524 2612 2714 2744 2775 2833 2913 2970 3045 3085 3107 3181 3241 3242 3359 3377 3408 3437 3503 3647 3668 3728 3752 3875 3882 3969 4062 4072 4122 4126 4206 4358 4363 4447 4554 4571 4654 4672 4697 4762 4814 4902 4929 5097 5150 5159 5288 5395 5429 5526 5584 5695 5713 5865 5870 5986 6018 6090 6208 6214 6284 6322 6400 6433 6442 6461 6588 6624 6700 6754 6802 6834 6905 7005 7049 7052 
SCENARIO'S RESOURCES:
S 0: 0 | 170 239 241 294 303 420 434 531 570 600 672 860 973 1009 1140 1219 1221 1235 1237 1307 1352 1385 1477 1491 1525 1628 1667 1726 1734 1770 1785 1866 1895 1929 2005 2101 2110 2181 2275 2342 2353 2440 2461 2522 2524 2612 2714 2744 2775 2833 2913 2970 3045 3085 3107 3181 3241 3242 3359 3377 3408 3437 3503 3647 3668 3728 3752 3875 3882 3969 4062 4072 4122 4126 4206 4358 4363 4447 4554 4571 4654 4672 4697 4762 4814 4902 4929 5097 5150 5159 5288 5395 5429 5526 5584 5695 5713 5865 5870 5986 6018 6090 6208 6214 6284 6322 6400 6433 6442 6461 6588 6624 6700 6754 6802 6834 6905 7005 7049 7052 
S 1: 0 | 170 239 241 294 303 420 434 531 570 600 672 860 973 1009 1140 1219 1221 1235 1237 1307 1352 1385 1477 1491 1525 1628 1667 1726 1734 1770 1785 1866 1895 1929 2005 2101 2110 2181 2275 2342 2353 2440 2461 2522 2524 2612 2714 2744 2775 2833 2913 2970 3045 3085 3107 3181 3241 3242 3359 3377 3408 3437 3503 3647 3668 3728 3752 3875 3882 3969 4062 4072 4122 4126 4206 4358 4363 4447 4554 4571 4654 4672 4697 4762 4814 4902 4929 5097 5150 5159 5288 5395 5429 5526 5584 5695 5713 5865 5870 5986 6018 6090 6208 6214 6284 6322 6400 6433 6442 6461 6588 6624 6700 6754 6802 6834 6905 7005 7049 7052 
S 2: 0 | 170 239 241 294 303 420 434 531 570 600 672 860 973 1009 1140 1219 1221 1235 1237 1307 1352 1385 1477 1491 1525 1628 1667 1726 1734 1770 1785 1866 1895 1929 2005 2101 2110 2181 2275 2342 2353 2440 2461 2522 2524 2612 2714 2744 2775 2833 2913 2970 3045 3085 3107 3181 3241 3242 3359 3377 3408 3437 3503 3647 3668 3728 3752 3875 3882 3969 4062 4072 4122 4126 4206 4358 4363 4447 4554 4571 4654 4672 4697 4762 4814 4902 4929 5097 5150 5159 5288 5395 5429 5526 5584 5695 5713 5865 5870 5986 6018 6090 6208 6214 6284 6322 6400 6433 6442 6461 6588 6624 6700 6754 6802 6834 6905 7005 7049 7052 
S 3: 0 | 170 239 241 294 303 420 434 531 570 600 672 860 973 1009 1140 1219 1221 1235 1237 1307 1352 1385 1477 1491 1525 1628 1667 1726 1734 1770 1785 1866 1895 1929 2005 2101 2110 2181 2275 2342 2353 2440 2461 2522 2524 2612 2714 2744 2775 2833 2913 2970 3045 3085 3107 3181 3241 3242 3359 3377 3408 3437 3503 3647 3668 3728 3752 3875 3882 3969 4062 4072 4122 4126 4206 4358 4363 4447 4554 4571 4654 4672 4697 4762 4814 4902 4929 5097 5150 5159 5288 5395 5429 5526 5584 5695 5713 5865 5870 5986 6018 6090 6208 6214 6284 6322 6400 6433 6442 6461 6588 6624 6700 6754 6802 6834 6905 7005 7049 7052 
S 4: 0 | 170 239 241 294 303 420 434 531 570 600 672 860 973 1009 1140 1219 1221 1235 1237 1307 1352 1385 1477 1491 1525 1628 1667 1726 1734 1770 1785 1866 1895 1929 2005 2101 2110 2181 2275 2342 2353 2440 2461 2522 2524 2612 2714 2744 2775 2833 2913 2970 3045 3085 3107 3181 3241 3242 3359 3377 3408 3437 3503 3647 3668 3728 3752 3875 3882 3969 4062 4072 4122 4126 4206 4358 4363 4447 4554 4571 4654 4672 4697 4762 4814 4902 4929 5097 5150 5159 5288 5395 5429 5526 5584 5695 5713 5865 5870 5986 6018 6090 6208 6214 6284 6322 6400 6433 6442 6461 6588 6624 6700 6754 6802 6834 6905 7005 7049 7052 
S 5: 0 | 170 239 241 294 303 420 434 531 570 600 672 860 973 1009 1140 1219 1221 1235 1237 1307 1352 1385 1477 1491 1525 1628 1667 1726 1734 1770 1785 1866 1895 1929 2005 2101 2110 2181 2275 2342 2353 2440 2461 2522 2524 2612 2714 2744 2775 2833 2913 2970 3045 3085 3107 3181 3241 3242 3359 3377 3408 3437 3503 3647 3668 3728 3752 3875 3882 3969 4062 4072 4122 4126 4206 4358 4363 4447 4554 4571 4654 4672 4697 4762 4814 4902 4929 5097 5150 5159 5288 5395 5429 5526 5584 5695 5713 5865 5870 5986 6018 6090 6208 6214 6284 6322 6400 6433 6442 6461 6588 6624 6700 6754 6802 6834 6905 7005 7049 7052 
S 6: 0 | 170 239 241 294 303 420 434 531 570 600 672 860 973 1009 1140 1219 1221 1235 1237 1307 1352 1385 1477 1491 1525 1628 1667 1726 1734 1770 1785 1866 1895 1929 2005 2101 2110 2181 2275 2342 2353 2440 2461 2522 2524 2612 2714 2744 2775 2833 2913 2970 3045 3085 3107 3181 3241 3242 3359 3377 3408 3437 3503 3647 3668 3728 3752 3875 3882 3969 4062 4072 4122 4126 4206 4358 4363 4447 4554 4571 4654 4672 4697 4762 4814 4902 4929 5097 5150 5159 5288 5395 5429 5526 5584 5695 5713 5865 5870 5986 6018 6090 6208 6214 6284 6322 6400 6433 6442 6461 6588 6624 6700 6754 6802 6834 6905 7005 7049 7052 
S 7: 0 | 170 239 241 294 303 420 434 531 570 600 672 860 973 1009 1140 1219 1221 1235 1237 1307 1352 1385 1477 1491 1525 1628 1667 1726 1734 1770 1785 1866 1895 1929 2005 2101 2110 2181 2275 2342 2353 2440 2461 2522 2524 2612 2714 2744 2775 2833 2913 2970 3045 3085 3107 3181 3241 3242 3359 3377 3408 3437 3503 3647 3668 3728 3752 3875 3882 3969 4062 4072 4122 4126 4206 4358 4363 4447 4554 4571 4654 4672 4697 4762 4814 4902 4929 5097 5150 5159 5288 5395 5429 5526 5584 5695 5713 5865 5870 5986 6018 6090 6208 6214 6284 6322 6400 6433 6442 6461 6588 6624 6700 6754 6802 6834 6905 7005 7049 7052 
S 8: 0 | 170 239 241 294 303 420 434 531 570 600 672 860 973 1009 1140 1219 1221 1235 1237 1307 1352 1385 1477 1491 1525 1628 1667 1726 1734 1770 1785 1866 1895 1929 2005 2101 2110 2181 2275 2342 2353 2440 2461 2522 2524 2612 2714 2744 2775 2833 2913 2970 3045 3085 3107 3181 3241 3242 3359 3377 3408 3437 3503 3647 3668 3728 3752 3875 3882 3969 4062 4072 4122 4126 4206 4358 4363 4447 4554 4571 4654 4672 4697 4762 4814 4902 4929 5097 5150 5159 5288 5395 5429 5526 5584 5695 5713 5865 5870 5986 6018 6090 6208 6214 6284 6322 6400 6433 6442 6461 6588 6624 6700 6754 6802 6834 6905 7005 7049 7052 
S 9: 0 | 170 239 241 294 303 420 434 531 570 600 672 860 973 1009 1140 1219 1221 1235 1237 1307 1352 1385 1477 1491 1525 1628 1667 1726 1734 1770 1785 1866 1895 1929 2005 2101 2110 2181 2275 2342 2353 2440 2461 2522 2524 2612 2714 2744 2775 2833 2913 2970 3045 3085 3107 3181 3241 3242 3359 3377 3408 3437 3503 3647 3668 3728 3752 3875 3882 3969 4062 4072 4122 4126 4206 4358 4363 4447 4554 4571 4654 4672 4697 4762 4814 4902 4929 5097 5150 5159 5288 5395 5429 5526 5584 5695 5713 5865 5870 5986 6018 6090 6208 6214 6284 6322 6400 6433 6442 6461 6588 6624 6700 6754 6802 6834 6905 7005 7049 7052 
S 10: 0 | 170 239 241 294 303 420 434 531 570 600 672 860 973 1009 1140 1219 1221 1235 1237 1307 1352 1385 1477 1491 1525 1628 1667 1726 1734 1770 1785 1866 1895 1929 2005 2101 2110 2181 2275 2342 2353 2440 2461 2522 2524 2612 2714 2744 2775 2833 2913 2970 3045 3085 3107 3181 3241 3242 3359 3377 3408 3437 3503 3647 3668 3728 3752 3875 3882 3969 4062 4072 4122 4126 4206 4358 4363 4447 4554 4571 4654 4672 4697 4762 4814 4902 4929 5097 5150 5159 5288 5395 5429 5526 5584 5695 5713 5865 5870 5986 6018 6090 6208 6214 6284 6322 6400 6433 6442 6461 6588 6624 6700 6754 6802 6834 6905 7005 7049 7052 
S 11: 0 | 170 239 241 294 303 420 434 531 570 600 672 860 973 1009 1140 1219 1221 1235 1237 1307 1352 1385 1477 1491 1525 1628 1667 1726 1734 1770 1785 1866 1895 1929 2005 2101 2110 2181 2275 2342 2353 2440 2461 2522 2524 2612 2714 2744 2775 2833 2913 2970 3045 3085 3107 3181 3241 3242 3359 3377 3408 3437 3503 3647 3668 3728 3752 3875 3882 3969 4062 4072 4122 4126 4206 4358 4363 4447 4554 4571 4654 4672 4697 4762 4814 4902 4929 5097 5150 5159 5288 5395 5429 5526 5584 5695 5713 5865 5870 5986 6018 6090 6208 6214 6284 6322 6400 6433 6442 6461 6588 6624 6700 6754 6802 6834 6905 7005 7049 7052 
S 12: 0 | 170 239 241 294 303 420 434 531 570 600 672 860 973 1009 1140 1219 1221 1235 1237 1307 1352 1385 1477 1491 1525 1628 1667 1726 1734 1770 1785 1866 1895 1929 2005 2101 2110 2181 2275 2342 2353 2440 2461 2522 2524 2612 2714 2744 2775 2833 2913 2970 3045 3085 3107 3181 3241 3242 3359 3377 3408 3437 3503 3647 3668 3728 3752 3875 3882 3969 4062 4072 4122 4126 4206 4358 4363 4447 4554 4571 4654 4672 4697 4762 4814 4902 4929 5097 5150 5159 5288 5395 5429 5526 5584 5695 5713 5865 5870 5986 6018 6090 6208 6214 6284 6322 6400 6433 6442 6461 6588 6624 6700 6754 6802 6834 6905 7005 7049 7052 
S 13: 0 | 170 239 241 294 303 420 434 531 570 600 672 860 973 1009 1140 1219 1221 1235 1237 1307 1352 1385 1477 1491 1525 1628 1667 1726 1734 1770 1785 1866 1895 1929 2005 2101 2110 2181 2275 2342 2353 2440 2461 2522 2524 2612 2714 2744 2775 2833 2913 2970 3045 3085 3107 3181 3241 3242 3359 3377 3408 3437 3503 3647 3668 3728 3752 3875 3882 3969 4062 4072 4122 4126 4206 4358 4363 4447 4554 4571 4654 4672 4697 4762 4814 4902 4929 5097 5150 5159 5288 5395 5429 5526 5584 5695 5713 5865 5870 5986 6018 6090 6208 6214 6284 6322 6400 6433 6442 6461 6588 6624 6700 6754 6802 6834 6905 7005 7049 7052 
S 14: 0 | 170 239 241 294 303 420 434 531 570 600 672 860 973 1009 1140 1219 1221 1235 1237 1307 1352 1385 1477 1491 1525 1628 1667 1726 1734 1770 1785 1866 1895 1929 2005 2101 2110 2181 2275 2342 2353 2440 2461 2522 2524 2612 2714 2744 2775 2833 2913 2970 3045 3085 3107 3181 3241 3242 3359 3377 3408 3437 3503 3647 3668 3728 3752 3875 3882 3969 4062 4072 4122 4126 4206 4358 4363 4447 4554 4571 4654 4672 4697 4762 4814 4902 4929 5097 5150 5159 5288 5395 5429 5526 5584 5695 5713 5865 5870 5986 6018 6090 6208 6214 6284 6322 6400 6433 6442 6461 6588 6624 6700 6754 6802 6834 6905 7005 7049 7052 
S 15: 0 | 170 239 241 294 303 420 434 531 570 600 672 860 973 1009 1140 1219 1221 1235 1237 1307 1352 1385 1477 1491 1525 1628 1667 1726 1734 1770 1785 1866 1895 1929 2005 2101 2110 2181 2275 2342 2353 2440 2461 2522 2524 2612 2714 2744 2775 2833 2913 2970 3045 3085 3107 3181 3241 3242 3359 3377 3408 3437 3503 3647 3668 3728 3752 3875 3882 3969 4062 4072 4122 4126 4206 4358 4363 4447 4554 4571 4654 4672 4697 4762 4814 4902 4929 5097 5150 5159 5288 5395 5429 5526 5584 5695 5713 5865 5870 5986 6018 6090 6208 6214 6284 6322 6400 6433 6442 6461 6588 6624 6700 6754 6802 6834 6905 7005 7049 7052 
S 16: 0 | 170 239 241 294 303 420 434 531 570 600 672 860 973 1009 1140 1219 1221 1235 1237 1307 1352 1385 1477 1491 1525 1628 1667 1726 1734 1770 1785 1866 1895 1929 2005 2101 2110 2181 2275 2342 2353 2440 2461 2522 2524 2612 2714 2744 2775 2833 2913 2970 3045 3085 3107 3181 3241 3242 3359 3377 3408 3437 3503 3647 3668 3728 3752 3875 3882 3969 4062 4072 4122 4126 4206 4358 4363 4447 4554 4571 4654 4672 4697 4762 4814 4902 4929 5097 5150 5159 5288 5395 5429 5526 5584 5695 5713 5865 5870 5986 6018 6090 6208 6214 6284 6322 6400 6433 6442 6461 6588 6624 6700 6754 6802 6834 6905 7005 7049 7052 
S 17: 0 | 170 239 241 294 303 420 434 531 570 600 672 860 973 1009 1140 1219 1221 1235 1237 1307 1352 1385 1477 1491 1525 1628 1667 1726 1734 1770 1785 1866 1895 1929 2005 2101 2110 2181 2275 2342 2353 2440 2461 2522 2524 2612 2714 2744 2775 2833 2913 2970 3045 3085 3107 3181 3241 3242 3359 3377 3408 3437 3503 3647 3668 3728 3752 3875 3882 3969 4062 4072 4122 4126 4206 4358 4363 4447 4554 4571 4654 4672 4697 4762 4814 4902 4929 5097 5150 5159 5288 5395 5429 5526 5584 5695 5713 5865 5870 5986 6018 6090 6208 6214 6284 6322 6400 6433 6442 6461 6588 6624 6700 6754 6802 6834 6905 7005 7049 7052 
S 18: 0 | 170 239 241 294 303 420 434 531 570 600 672 860 973 1009 1140 1219 1221 1235 1237 1307 1352 1385 1477 1491 1525 1628 1667 1726 1734 1770 1785 1866 1895 1929 2005 2101 2110 2181 2275 2342 2353 2440 2461 2522 2524 2612 2714 2744 2775 2833 2913 2970 3045 3085 3107 3181 3241 3242 3359 3377 3408 3437 3503 3647 3668 3728 3752 3875 3882 3969 4062 4072 4122 4126 4206 4358 4363 4447 4554 4571 4654 4672 4697 4762 4814 4902 4929 5097 5150 5159 5288 5395 5429 5526 5584 5695 5713 5865 5870 5986 6018 6090 6208 6214 6284 6322 6400 6433 6442 6461 6588 6624 6700 6754 6802 6834 6905 7005 7049 7052 
S 19: 0 | 170 239 241 294 303 420 434 531 570 600 672 860 973 1009 1140 1219 1221 1235 1237 1307 1352 1385 1477 1491 1525 1628 1667 1726 1734 1770 1785 1866 1895 1929 2005 2101 2110 2181 2275 2342 2353 2440 2461 2522 2524 2612 2714 2744 2775 2833 2913 2970 3045 3085 3107 3181 3241 3242 3359 3377 3408 3437 3503 3647 3668 3728 3752 3875 3882 3969 4062 4072 4122 4126 4206 4358 4363 4447 4554 4571 4654 4672 4697 4762 4814 4902 4929 5097 5150 5159 5288 5395 5429 5526 5584 5695 5713 5865 5870 5986 6018 6090 6208 6214 6284 6322 6400 6433 6442 6461 6588 6624 6700 6754 6802 6834 6905 7005 7049 7052 
ALL EQUAL

Final time = 7833.83
Final solution cost = 6976
