Reading instance small_stp_instances/gr120_20_10.stp of type D
Finished instance reading
Number of vertices = 120
Number of edges (resources) = 7140
Number of scenarios = 20
Average number of terminals per scenario = 120
Probabilities of Scenarios: (0) 0.02 | (1) 0.01 | (2) 0.05 | (3) 0.13 | (4) 0.02 | (5) 0.07 | (6) 0.08 | (7) 0.06 | (8) 0.02 | (9) 0.08 | (10) 0 | (11) 0.06 | (12) 0.04 | (13) 0.01 | (14) 0.05 | (15) 0.06 | (16) 0.07 | (17) 0.07 | (18) 0.04 | (19) 0.06 | 
Average weighted inflation = 0.498021
Largest inflation = 0.999141
MAX_ITERATIONS_SINCE_LAST_IMPROVEMENT 2
MAX_ITERATIONS_SINCE_BEST_SOLUTION 3
Creating solution instance.
Starting Evolutive Framework.
Local search solution cost = 7217
Local search time = 6792.8
6792.8 local search - EF main loop cycle 0 solution cost 7217
6792.83s Cost of SP solution after second stage solver 7217
Local search solution cost = 7217
Local search time = 497.185
7290.02 local search - EF main loop cycle 1 solution cost 7217
7290.05s Cost of SP solution after second stage solver 7217
Local search solution cost = 7217
Local search time = 497.159
7787.21 local search - EF main loop cycle 2 solution cost 7217
7787.24s Cost of SP solution after second stage solver 7217
Number of cycles 3
Time for each cycle 2595.75
7787.27s Cost of SP solution after tail step 7217
SELECTED RESOURCES:
105 132 170 191 239 294 303 329 420 434 456 531 570 600 672 786 832 973 1009 1144 1219 1235 1247 1307 1385 1477 1525 1628 1667 1684 1726 1734 1770 1866 1895 1929 2005 2110 2181 2275 2342 2353 2440 2461 2524 2540 2612 2714 2744 2803 2835 2888 2970 3045 3107 3181 3242 3248 3377 3387 3408 3437 3503 3647 3668 3728 3752 3804 3863 3882 3969 4062 4072 4122 4238 4358 4363 4447 4554 4571 4654 4697 4705 4762 4814 4902 4929 5029 5097 5150 5188 5395 5429 5563 5584 5695 5713 5798 5870 5933 6018 6090 6208 6214 6284 6322 6400 6433 6442 6451 6588 6624 6735 6754 6831 6834 6905 7005 7052 7112 
SCENARIO'S RESOURCES:
S 0: 0 | 105 132 170 191 239 294 303 329 420 434 456 531 570 600 672 786 832 973 1009 1144 1219 1235 1247 1307 1385 1477 1525 1628 1667 1684 1726 1734 1770 1866 1895 1929 2005 2110 2181 2275 2342 2353 2440 2461 2524 2540 2612 2714 2744 2803 2835 2888 2970 3045 3107 3181 3242 3248 3377 3387 3408 3437 3503 3647 3668 3728 3752 3804 3863 3882 3969 4062 4072 4122 4238 4358 4363 4447 4554 4571 4654 4697 4705 4762 4814 4902 4929 5029 5097 5150 5188 5395 5429 5563 5584 5695 5713 5798 5870 5933 6018 6090 6208 6214 6284 6322 6400 6433 6442 6451 6588 6624 6735 6754 6831 6834 6905 7005 7052 7112 
S 1: 0 | 105 132 170 191 239 294 303 329 420 434 456 531 570 600 672 786 832 973 1009 1144 1219 1235 1247 1307 1385 1477 1525 1628 1667 1684 1726 1734 1770 1866 1895 1929 2005 2110 2181 2275 2342 2353 2440 2461 2524 2540 2612 2714 2744 2803 2835 2888 2970 3045 3107 3181 3242 3248 3377 3387 3408 3437 3503 3647 3668 3728 3752 3804 3863 3882 3969 4062 4072 4122 4238 4358 4363 4447 4554 4571 4654 4697 4705 4762 4814 4902 4929 5029 5097 5150 5188 5395 5429 5563 5584 5695 5713 5798 5870 5933 6018 6090 6208 6214 6284 6322 6400 6433 6442 6451 6588 6624 6735 6754 6831 6834 6905 7005 7052 7112 
S 2: 0 | 105 132 170 191 239 294 303 329 420 434 456 531 570 600 672 786 832 973 1009 1144 1219 1235 1247 1307 1385 1477 1525 1628 1667 1684 1726 1734 1770 1866 1895 1929 2005 2110 2181 2275 2342 2353 2440 2461 2524 2540 2612 2714 2744 2803 2835 2888 2970 3045 3107 3181 3242 3248 3377 3387 3408 3437 3503 3647 3668 3728 3752 3804 3863 3882 3969 4062 4072 4122 4238 4358 4363 4447 4554 4571 4654 4697 4705 4762 4814 4902 4929 5029 5097 5150 5188 5395 5429 5563 5584 5695 5713 5798 5870 5933 6018 6090 6208 6214 6284 6322 6400 6433 6442 6451 6588 6624 6735 6754 6831 6834 6905 7005 7052 7112 
S 3: 0 | 105 132 170 191 239 294 303 329 420 434 456 531 570 600 672 786 832 973 1009 1144 1219 1235 1247 1307 1385 1477 1525 1628 1667 1684 1726 1734 1770 1866 1895 1929 2005 2110 2181 2275 2342 2353 2440 2461 2524 2540 2612 2714 2744 2803 2835 2888 2970 3045 3107 3181 3242 3248 3377 3387 3408 3437 3503 3647 3668 3728 3752 3804 3863 3882 3969 4062 4072 4122 4238 4358 4363 4447 4554 4571 4654 4697 4705 4762 4814 4902 4929 5029 5097 5150 5188 5395 5429 5563 5584 5695 5713 5798 5870 5933 6018 6090 6208 6214 6284 6322 6400 6433 6442 6451 6588 6624 6735 6754 6831 6834 6905 7005 7052 7112 
S 4: 0 | 105 132 170 191 239 294 303 329 420 434 456 531 570 600 672 786 832 973 1009 1144 1219 1235 1247 1307 1385 1477 1525 1628 1667 1684 1726 1734 1770 1866 1895 1929 2005 2110 2181 2275 2342 2353 2440 2461 2524 2540 2612 2714 2744 2803 2835 2888 2970 3045 3107 3181 3242 3248 3377 3387 3408 3437 3503 3647 3668 3728 3752 3804 3863 3882 3969 4062 4072 4122 4238 4358 4363 4447 4554 4571 4654 4697 4705 4762 4814 4902 4929 5029 5097 5150 5188 5395 5429 5563 5584 5695 5713 5798 5870 5933 6018 6090 6208 6214 6284 6322 6400 6433 6442 6451 6588 6624 6735 6754 6831 6834 6905 7005 7052 7112 
S 5: 0 | 105 132 170 191 239 294 303 329 420 434 456 531 570 600 672 786 832 973 1009 1144 1219 1235 1247 1307 1385 1477 1525 1628 1667 1684 1726 1734 1770 1866 1895 1929 2005 2110 2181 2275 2342 2353 2440 2461 2524 2540 2612 2714 2744 2803 2835 2888 2970 3045 3107 3181 3242 3248 3377 3387 3408 3437 3503 3647 3668 3728 3752 3804 3863 3882 3969 4062 4072 4122 4238 4358 4363 4447 4554 4571 4654 4697 4705 4762 4814 4902 4929 5029 5097 5150 5188 5395 5429 5563 5584 5695 5713 5798 5870 5933 6018 6090 6208 6214 6284 6322 6400 6433 6442 6451 6588 6624 6735 6754 6831 6834 6905 7005 7052 7112 
S 6: 0 | 105 132 170 191 239 294 303 329 420 434 456 531 570 600 672 786 832 973 1009 1144 1219 1235 1247 1307 1385 1477 1525 1628 1667 1684 1726 1734 1770 1866 1895 1929 2005 2110 2181 2275 2342 2353 2440 2461 2524 2540 2612 2714 2744 2803 2835 2888 2970 3045 3107 3181 3242 3248 3377 3387 3408 3437 3503 3647 3668 3728 3752 3804 3863 3882 3969 4062 4072 4122 4238 4358 4363 4447 4554 4571 4654 4697 4705 4762 4814 4902 4929 5029 5097 5150 5188 5395 5429 5563 5584 5695 5713 5798 5870 5933 6018 6090 6208 6214 6284 6322 6400 6433 6442 6451 6588 6624 6735 6754 6831 6834 6905 7005 7052 7112 
S 7: 0 | 105 132 170 191 239 294 303 329 420 434 456 531 570 600 672 786 832 973 1009 1144 1219 1235 1247 1307 1385 1477 1525 1628 1667 1684 1726 1734 1770 1866 1895 1929 2005 2110 2181 2275 2342 2353 2440 2461 2524 2540 2612 2714 2744 2803 2835 2888 2970 3045 3107 3181 3242 3248 3377 3387 3408 3437 3503 3647 3668 3728 3752 3804 3863 3882 3969 4062 4072 4122 4238 4358 4363 4447 4554 4571 4654 4697 4705 4762 4814 4902 4929 5029 5097 5150 5188 5395 5429 5563 5584 5695 5713 5798 5870 5933 6018 6090 6208 6214 6284 6322 6400 6433 6442 6451 6588 6624 6735 6754 6831 6834 6905 7005 7052 7112 
S 8: 0 | 105 132 170 191 239 294 303 329 420 434 456 531 570 600 672 786 832 973 1009 1144 1219 1235 1247 1307 1385 1477 1525 1628 1667 1684 1726 1734 1770 1866 1895 1929 2005 2110 2181 2275 2342 2353 2440 2461 2524 2540 2612 2714 2744 2803 2835 2888 2970 3045 3107 3181 3242 3248 3377 3387 3408 3437 3503 3647 3668 3728 3752 3804 3863 3882 3969 4062 4072 4122 4238 4358 4363 4447 4554 4571 4654 4697 4705 4762 4814 4902 4929 5029 5097 5150 5188 5395 5429 5563 5584 5695 5713 5798 5870 5933 6018 6090 6208 6214 6284 6322 6400 6433 6442 6451 6588 6624 6735 6754 6831 6834 6905 7005 7052 7112 
S 9: 0 | 105 132 170 191 239 294 303 329 420 434 456 531 570 600 672 786 832 973 1009 1144 1219 1235 1247 1307 1385 1477 1525 1628 1667 1684 1726 1734 1770 1866 1895 1929 2005 2110 2181 2275 2342 2353 2440 2461 2524 2540 2612 2714 2744 2803 2835 2888 2970 3045 3107 3181 3242 3248 3377 3387 3408 3437 3503 3647 3668 3728 3752 3804 3863 3882 3969 4062 4072 4122 4238 4358 4363 4447 4554 4571 4654 4697 4705 4762 4814 4902 4929 5029 5097 5150 5188 5395 5429 5563 5584 5695 5713 5798 5870 5933 6018 6090 6208 6214 6284 6322 6400 6433 6442 6451 6588 6624 6735 6754 6831 6834 6905 7005 7052 7112 
S 10: 0 | 105 132 170 191 239 294 303 329 420 434 456 531 570 600 672 786 832 973 1009 1144 1219 1235 1247 1307 1385 1477 1525 1628 1667 1684 1726 1734 1770 1866 1895 1929 2005 2110 2181 2275 2342 2353 2440 2461 2524 2540 2612 2714 2744 2803 2835 2888 2970 3045 3107 3181 3242 3248 3377 3387 3408 3437 3503 3647 3668 3728 3752 3804 3863 3882 3969 4062 4072 4122 4238 4358 4363 4447 4554 4571 4654 4697 4705 4762 4814 4902 4929 5029 5097 5150 5188 5395 5429 5563 5584 5695 5713 5798 5870 5933 6018 6090 6208 6214 6284 6322 6400 6433 6442 6451 6588 6624 6735 6754 6831 6834 6905 7005 7052 7112 
S 11: 0 | 105 132 170 191 239 294 303 329 420 434 456 531 570 600 672 786 832 973 1009 1144 1219 1235 1247 1307 1385 1477 1525 1628 1667 1684 1726 1734 1770 1866 1895 1929 2005 2110 2181 2275 2342 2353 2440 2461 2524 2540 2612 2714 2744 2803 2835 2888 2970 3045 3107 3181 3242 3248 3377 3387 3408 3437 3503 3647 3668 3728 3752 3804 3863 3882 3969 4062 4072 4122 4238 4358 4363 4447 4554 4571 4654 4697 4705 4762 4814 4902 4929 5029 5097 5150 5188 5395 5429 5563 5584 5695 5713 5798 5870 5933 6018 6090 6208 6214 6284 6322 6400 6433 6442 6451 6588 6624 6735 6754 6831 6834 6905 7005 7052 7112 
S 12: 0 | 105 132 170 191 239 294 303 329 420 434 456 531 570 600 672 786 832 973 1009 1144 1219 1235 1247 1307 1385 1477 1525 1628 1667 1684 1726 1734 1770 1866 1895 1929 2005 2110 2181 2275 2342 2353 2440 2461 2524 2540 2612 2714 2744 2803 2835 2888 2970 3045 3107 3181 3242 3248 3377 3387 3408 3437 3503 3647 3668 3728 3752 3804 3863 3882 3969 4062 4072 4122 4238 4358 4363 4447 4554 4571 4654 4697 4705 4762 4814 4902 4929 5029 5097 5150 5188 5395 5429 5563 5584 5695 5713 5798 5870 5933 6018 6090 6208 6214 6284 6322 6400 6433 6442 6451 6588 6624 6735 6754 6831 6834 6905 7005 7052 7112 
S 13: 0 | 105 132 170 191 239 294 303 329 420 434 456 531 570 600 672 786 832 973 1009 1144 1219 1235 1247 1307 1385 1477 1525 1628 1667 1684 1726 1734 1770 1866 1895 1929 2005 2110 2181 2275 2342 2353 2440 2461 2524 2540 2612 2714 2744 2803 2835 2888 2970 3045 3107 3181 3242 3248 3377 3387 3408 3437 3503 3647 3668 3728 3752 3804 3863 3882 3969 4062 4072 4122 4238 4358 4363 4447 4554 4571 4654 4697 4705 4762 4814 4902 4929 5029 5097 5150 5188 5395 5429 5563 5584 5695 5713 5798 5870 5933 6018 6090 6208 6214 6284 6322 6400 6433 6442 6451 6588 6624 6735 6754 6831 6834 6905 7005 7052 7112 
S 14: 0 | 105 132 170 191 239 294 303 329 420 434 456 531 570 600 672 786 832 973 1009 1144 1219 1235 1247 1307 1385 1477 1525 1628 1667 1684 1726 1734 1770 1866 1895 1929 2005 2110 2181 2275 2342 2353 2440 2461 2524 2540 2612 2714 2744 2803 2835 2888 2970 3045 3107 3181 3242 3248 3377 3387 3408 3437 3503 3647 3668 3728 3752 3804 3863 3882 3969 4062 4072 4122 4238 4358 4363 4447 4554 4571 4654 4697 4705 4762 4814 4902 4929 5029 5097 5150 5188 5395 5429 5563 5584 5695 5713 5798 5870 5933 6018 6090 6208 6214 6284 6322 6400 6433 6442 6451 6588 6624 6735 6754 6831 6834 6905 7005 7052 7112 
S 15: 0 | 105 132 170 191 239 294 303 329 420 434 456 531 570 600 672 786 832 973 1009 1144 1219 1235 1247 1307 1385 1477 1525 1628 1667 1684 1726 1734 1770 1866 1895 1929 2005 2110 2181 2275 2342 2353 2440 2461 2524 2540 2612 2714 2744 2803 2835 2888 2970 3045 3107 3181 3242 3248 3377 3387 3408 3437 3503 3647 3668 3728 3752 3804 3863 3882 3969 4062 4072 4122 4238 4358 4363 4447 4554 4571 4654 4697 4705 4762 4814 4902 4929 5029 5097 5150 5188 5395 5429 5563 5584 5695 5713 5798 5870 5933 6018 6090 6208 6214 6284 6322 6400 6433 6442 6451 6588 6624 6735 6754 6831 6834 6905 7005 7052 7112 
S 16: 0 | 105 132 170 191 239 294 303 329 420 434 456 531 570 600 672 786 832 973 1009 1144 1219 1235 1247 1307 1385 1477 1525 1628 1667 1684 1726 1734 1770 1866 1895 1929 2005 2110 2181 2275 2342 2353 2440 2461 2524 2540 2612 2714 2744 2803 2835 2888 2970 3045 3107 3181 3242 3248 3377 3387 3408 3437 3503 3647 3668 3728 3752 3804 3863 3882 3969 4062 4072 4122 4238 4358 4363 4447 4554 4571 4654 4697 4705 4762 4814 4902 4929 5029 5097 5150 5188 5395 5429 5563 5584 5695 5713 5798 5870 5933 6018 6090 6208 6214 6284 6322 6400 6433 6442 6451 6588 6624 6735 6754 6831 6834 6905 7005 7052 7112 
S 17: 0 | 105 132 170 191 239 294 303 329 420 434 456 531 570 600 672 786 832 973 1009 1144 1219 1235 1247 1307 1385 1477 1525 1628 1667 1684 1726 1734 1770 1866 1895 1929 2005 2110 2181 2275 2342 2353 2440 2461 2524 2540 2612 2714 2744 2803 2835 2888 2970 3045 3107 3181 3242 3248 3377 3387 3408 3437 3503 3647 3668 3728 3752 3804 3863 3882 3969 4062 4072 4122 4238 4358 4363 4447 4554 4571 4654 4697 4705 4762 4814 4902 4929 5029 5097 5150 5188 5395 5429 5563 5584 5695 5713 5798 5870 5933 6018 6090 6208 6214 6284 6322 6400 6433 6442 6451 6588 6624 6735 6754 6831 6834 6905 7005 7052 7112 
S 18: 0 | 105 132 170 191 239 294 303 329 420 434 456 531 570 600 672 786 832 973 1009 1144 1219 1235 1247 1307 1385 1477 1525 1628 1667 1684 1726 1734 1770 1866 1895 1929 2005 2110 2181 2275 2342 2353 2440 2461 2524 2540 2612 2714 2744 2803 2835 2888 2970 3045 3107 3181 3242 3248 3377 3387 3408 3437 3503 3647 3668 3728 3752 3804 3863 3882 3969 4062 4072 4122 4238 4358 4363 4447 4554 4571 4654 4697 4705 4762 4814 4902 4929 5029 5097 5150 5188 5395 5429 5563 5584 5695 5713 5798 5870 5933 6018 6090 6208 6214 6284 6322 6400 6433 6442 6451 6588 6624 6735 6754 6831 6834 6905 7005 7052 7112 
S 19: 0 | 105 132 170 191 239 294 303 329 420 434 456 531 570 600 672 786 832 973 1009 1144 1219 1235 1247 1307 1385 1477 1525 1628 1667 1684 1726 1734 1770 1866 1895 1929 2005 2110 2181 2275 2342 2353 2440 2461 2524 2540 2612 2714 2744 2803 2835 2888 2970 3045 3107 3181 3242 3248 3377 3387 3408 3437 3503 3647 3668 3728 3752 3804 3863 3882 3969 4062 4072 4122 4238 4358 4363 4447 4554 4571 4654 4697 4705 4762 4814 4902 4929 5029 5097 5150 5188 5395 5429 5563 5584 5695 5713 5798 5870 5933 6018 6090 6208 6214 6284 6322 6400 6433 6442 6451 6588 6624 6735 6754 6831 6834 6905 7005 7052 7112 
ALL EQUAL

Final time = 7787.33
Final solution cost = 7217
