Reading instance small_stp_instances/gr17_5_03.stp of type D
Finished instance reading
Number of vertices = 17
Number of edges (resources) = 136
Number of scenarios = 5
Average number of terminals per scenario = 17
Probabilities of Scenarios: (0) 0.32 | (1) 0.24 | (2) 0.09 | (3) 0.29 | (4) 0.06 | 
Average weighted inflation = 0.147723
Largest inflation = 0.299003
MAX_ITERATIONS_SINCE_LAST_IMPROVEMENT 2
MAX_ITERATIONS_SINCE_BEST_SOLUTION 3
Creating solution instance.
Starting Evolutive Framework.
Local search solution cost = 2101.59
Local search time = 0.937241
0.937263 local search - EF main loop cycle 0 solution cost 2101.59
0.938581s Cost of SP solution after second stage solver 2101.59
Local search solution cost = 2090
Local search time = 0.143984
1.08258 local search - EF main loop cycle 1 solution cost 2090
1.0835s Cost of SP solution after second stage solver 2090
Local search solution cost = 2090
Local search time = 0.141031
1.22455 local search - EF main loop cycle 2 solution cost 2090
1.22545s Cost of SP solution after second stage solver 2090
Local search solution cost = 2090
Local search time = 0.140979
1.36644 local search - EF main loop cycle 3 solution cost 2090
1.36735s Cost of SP solution after second stage solver 2090
Number of cycles 4
Time for each cycle 0.341841
1.36826s Cost of SP solution after tail step 2090
SELECTED RESOURCES:
7 12 15 26 27 31 37 47 49 63 69 100 104 105 116 132 133 
SCENARIO'S RESOURCES:
S 0: 0 | 7 12 15 26 27 31 37 47 49 63 69 100 104 105 116 132 133 
S 1: 0 | 7 12 15 26 27 31 37 47 49 63 69 100 104 105 116 132 133 
S 2: 0 | 7 12 15 26 27 31 37 47 49 63 69 100 104 105 116 132 133 
S 3: 0 | 7 12 15 26 27 31 37 47 49 63 69 100 104 105 116 132 133 
S 4: 0 | 7 12 15 26 27 31 37 47 49 63 69 100 104 105 116 132 133 
ALL EQUAL

Final time = 1.36948
Final solution cost = 2090
