Reading instance small_stp_instances/gr17_10_05.stp of type D
Finished instance reading
Number of vertices = 17
Number of edges (resources) = 136
Number of scenarios = 10
Average number of terminals per scenario = 17
Probabilities of Scenarios: (0) 0.01 | (1) 0.09 | (2) 0.09 | (3) 0.13 | (4) 0.09 | (5) 0.17 | (6) 0 | (7) 0.2 | (8) 0.05 | (9) 0.17 | 
Average weighted inflation = 0.249827
Largest inflation = 0.498113
MAX_ITERATIONS_SINCE_LAST_IMPROVEMENT 2
MAX_ITERATIONS_SINCE_BEST_SOLUTION 3
Creating solution instance.
Starting Evolutive Framework.
Local search solution cost = 2113.43
Local search time = 1.84277
1.8428 local search - EF main loop cycle 0 solution cost 2113.43
1.84659s Cost of SP solution after second stage solver 2113.43
Local search solution cost = 2090
Local search time = 0.287697
2.13431 local search - EF main loop cycle 1 solution cost 2090
2.1362s Cost of SP solution after second stage solver 2090
Local search solution cost = 2090
Local search time = 0.285502
2.42172 local search - EF main loop cycle 2 solution cost 2090
2.42352s Cost of SP solution after second stage solver 2090
Local search solution cost = 2090
Local search time = 0.285798
2.70933 local search - EF main loop cycle 3 solution cost 2090
2.71113s Cost of SP solution after second stage solver 2090
Number of cycles 4
Time for each cycle 0.677784
2.71292s Cost of SP solution after tail step 2090
SELECTED RESOURCES:
7 12 15 26 27 31 37 47 49 63 69 100 104 105 116 132 133 
SCENARIO'S RESOURCES:
S 0: 0 | 7 12 15 26 27 31 37 47 49 63 69 100 104 105 116 132 133 
S 1: 0 | 7 12 15 26 27 31 37 47 49 63 69 100 104 105 116 132 133 
S 2: 0 | 7 12 15 26 27 31 37 47 49 63 69 100 104 105 116 132 133 
S 3: 0 | 7 12 15 26 27 31 37 47 49 63 69 100 104 105 116 132 133 
S 4: 0 | 7 12 15 26 27 31 37 47 49 63 69 100 104 105 116 132 133 
S 5: 0 | 7 12 15 26 27 31 37 47 49 63 69 100 104 105 116 132 133 
S 6: 0 | 7 12 15 26 27 31 37 47 49 63 69 100 104 105 116 132 133 
S 7: 0 | 7 12 15 26 27 31 37 47 49 63 69 100 104 105 116 132 133 
S 8: 0 | 7 12 15 26 27 31 37 47 49 63 69 100 104 105 116 132 133 
S 9: 0 | 7 12 15 26 27 31 37 47 49 63 69 100 104 105 116 132 133 
ALL EQUAL

Final time = 2.71519
Final solution cost = 2090
