Reading instance small_stp_instances/gr17_10_10.stp of type D
Finished instance reading
Number of vertices = 17
Number of edges (resources) = 136
Number of scenarios = 10
Average number of terminals per scenario = 17
Probabilities of Scenarios: (0) 0.05 | (1) 0.05 | (2) 0.09 | (3) 0.21 | (4) 0.11 | (5) 0.05 | (6) 0.15 | (7) 0.12 | (8) 0.1 | (9) 0.07 | 
Average weighted inflation = 0.497217
Largest inflation = 0.997167
MAX_ITERATIONS_SINCE_LAST_IMPROVEMENT 2
MAX_ITERATIONS_SINCE_BEST_SOLUTION 3
Creating solution instance.
Starting Evolutive Framework.
Local search solution cost = 2319.09
Local search time = 1.46923
1.46925 local search - EF main loop cycle 0 solution cost 2319.09
1.47271s Cost of SP solution after second stage solver 2319.09
Local search solution cost = 2292
Local search time = 0.307475
1.78021 local search - EF main loop cycle 1 solution cost 2292
1.782s Cost of SP solution after second stage solver 2292
Local search solution cost = 2292
Local search time = 0.283218
2.06524 local search - EF main loop cycle 2 solution cost 2292
2.06704s Cost of SP solution after second stage solver 2292
Local search solution cost = 2292
Local search time = 0.281012
2.34807 local search - EF main loop cycle 3 solution cost 2292
2.34987s Cost of SP solution after second stage solver 2292
Number of cycles 4
Time for each cycle 0.58747
2.35167s Cost of SP solution after tail step 2292
SELECTED RESOURCES:
2 7 15 26 31 40 50 54 63 69 73 93 104 105 116 126 133 
SCENARIO'S RESOURCES:
S 0: 0 | 2 7 15 26 31 40 50 54 63 69 73 93 104 105 116 126 133 
S 1: 0 | 2 7 15 26 31 40 50 54 63 69 73 93 104 105 116 126 133 
S 2: 0 | 2 7 15 26 31 40 50 54 63 69 73 93 104 105 116 126 133 
S 3: 0 | 2 7 15 26 31 40 50 54 63 69 73 93 104 105 116 126 133 
S 4: 0 | 2 7 15 26 31 40 50 54 63 69 73 93 104 105 116 126 133 
S 5: 0 | 2 7 15 26 31 40 50 54 63 69 73 93 104 105 116 126 133 
S 6: 0 | 2 7 15 26 31 40 50 54 63 69 73 93 104 105 116 126 133 
S 7: 0 | 2 7 15 26 31 40 50 54 63 69 73 93 104 105 116 126 133 
S 8: 0 | 2 7 15 26 31 40 50 54 63 69 73 93 104 105 116 126 133 
S 9: 0 | 2 7 15 26 31 40 50 54 63 69 73 93 104 105 116 126 133 
ALL EQUAL

Final time = 2.35386
Final solution cost = 2292
