Reading instance small_stp_instances/gr17_5_10.stp of type D
Finished instance reading
Number of vertices = 17
Number of edges (resources) = 136
Number of scenarios = 5
Average number of terminals per scenario = 17
Probabilities of Scenarios: (0) 0.29 | (1) 0.18 | (2) 0.23 | (3) 0.07 | (4) 0.23 | 
Average weighted inflation = 0.505204
Largest inflation = 0.997625
MAX_ITERATIONS_SINCE_LAST_IMPROVEMENT 2
MAX_ITERATIONS_SINCE_BEST_SOLUTION 3
Creating solution instance.
Starting Evolutive Framework.
Local search solution cost = 2226
Local search time = 0.742438
0.74246 local search - EF main loop cycle 0 solution cost 2226
0.743372s Cost of SP solution after second stage solver 2226
Local search solution cost = 2226
Local search time = 0.141133
0.884521 local search - EF main loop cycle 1 solution cost 2226
0.885433s Cost of SP solution after second stage solver 2226
Local search solution cost = 2226
Local search time = 0.141058
1.0265 local search - EF main loop cycle 2 solution cost 2226
1.02742s Cost of SP solution after second stage solver 2226
Number of cycles 3
Time for each cycle 0.342475
1.02832s Cost of SP solution after tail step 2226
SELECTED RESOURCES:
3 7 26 27 29 38 49 54 63 69 72 93 104 105 116 125 133 
SCENARIO'S RESOURCES:
S 0: 0 | 3 7 26 27 29 38 49 54 63 69 72 93 104 105 116 125 133 
S 1: 0 | 3 7 26 27 29 38 49 54 63 69 72 93 104 105 116 125 133 
S 2: 0 | 3 7 26 27 29 38 49 54 63 69 72 93 104 105 116 125 133 
S 3: 0 | 3 7 26 27 29 38 49 54 63 69 72 93 104 105 116 125 133 
S 4: 0 | 3 7 26 27 29 38 49 54 63 69 72 93 104 105 116 125 133 
ALL EQUAL

Final time = 1.02954
Final solution cost = 2226
