Reading instance small_stp_instances/gr21_20_03.stp of type D
Finished instance reading
Number of vertices = 21
Number of edges (resources) = 210
Number of scenarios = 20
Average number of terminals per scenario = 21
Probabilities of Scenarios: (0) 0.08 | (1) 0.03 | (2) 0.06 | (3) 0 | (4) 0.06 | (5) 0.03 | (6) 0.08 | (7) 0.14 | (8) 0.07 | (9) 0.03 | (10) 0.05 | (11) 0 | (12) 0.08 | (13) 0.05 | (14) 0 | (15) 0.07 | (16) 0.03 | (17) 0.06 | (18) 0.06 | (19) 0.02 | 
Average weighted inflation = 0.14806
Largest inflation = 0.298701
MAX_ITERATIONS_SINCE_LAST_IMPROVEMENT 2
MAX_ITERATIONS_SINCE_BEST_SOLUTION 3
Creating solution instance.
Starting Evolutive Framework.
Local search solution cost = 2709
Local search time = 4.6786
4.67863 local search - EF main loop cycle 0 solution cost 2709
4.68252s Cost of SP solution after second stage solver 2709
Local search solution cost = 2709
Local search time = 1.00905
5.69158 local search - EF main loop cycle 1 solution cost 2709
5.69545s Cost of SP solution after second stage solver 2709
Local search solution cost = 2709
Local search time = 1.00783
6.7033 local search - EF main loop cycle 2 solution cost 2709
6.70717s Cost of SP solution after second stage solver 2709
Number of cycles 3
Time for each cycle 2.23573
6.71107s Cost of SP solution after tail step 2709
SELECTED RESOURCES:
2 3 26 27 30 32 48 55 61 90 104 109 110 129 145 148 169 181 189 191 204 
SCENARIO'S RESOURCES:
S 0: 0 | 2 3 26 27 30 32 48 55 61 90 104 109 110 129 145 148 169 181 189 191 204 
S 1: 0 | 2 3 26 27 30 32 48 55 61 90 104 109 110 129 145 148 169 181 189 191 204 
S 2: 0 | 2 3 26 27 30 32 48 55 61 90 104 109 110 129 145 148 169 181 189 191 204 
S 3: 0 | 2 3 26 27 30 32 48 55 61 90 104 109 110 129 145 148 169 181 189 191 204 
S 4: 0 | 2 3 26 27 30 32 48 55 61 90 104 109 110 129 145 148 169 181 189 191 204 
S 5: 0 | 2 3 26 27 30 32 48 55 61 90 104 109 110 129 145 148 169 181 189 191 204 
S 6: 0 | 2 3 26 27 30 32 48 55 61 90 104 109 110 129 145 148 169 181 189 191 204 
S 7: 0 | 2 3 26 27 30 32 48 55 61 90 104 109 110 129 145 148 169 181 189 191 204 
S 8: 0 | 2 3 26 27 30 32 48 55 61 90 104 109 110 129 145 148 169 181 189 191 204 
S 9: 0 | 2 3 26 27 30 32 48 55 61 90 104 109 110 129 145 148 169 181 189 191 204 
S 10: 0 | 2 3 26 27 30 32 48 55 61 90 104 109 110 129 145 148 169 181 189 191 204 
S 11: 0 | 2 3 26 27 30 32 48 55 61 90 104 109 110 129 145 148 169 181 189 191 204 
S 12: 0 | 2 3 26 27 30 32 48 55 61 90 104 109 110 129 145 148 169 181 189 191 204 
S 13: 0 | 2 3 26 27 30 32 48 55 61 90 104 109 110 129 145 148 169 181 189 191 204 
S 14: 0 | 2 3 26 27 30 32 48 55 61 90 104 109 110 129 145 148 169 181 189 191 204 
S 15: 0 | 2 3 26 27 30 32 48 55 61 90 104 109 110 129 145 148 169 181 189 191 204 
S 16: 0 | 2 3 26 27 30 32 48 55 61 90 104 109 110 129 145 148 169 181 189 191 204 
S 17: 0 | 2 3 26 27 30 32 48 55 61 90 104 109 110 129 145 148 169 181 189 191 204 
S 18: 0 | 2 3 26 27 30 32 48 55 61 90 104 109 110 129 145 148 169 181 189 191 204 
S 19: 0 | 2 3 26 27 30 32 48 55 61 90 104 109 110 129 145 148 169 181 189 191 204 
ALL EQUAL

Final time = 6.71584
Final solution cost = 2709
