Reading instance small_stp_instances/gr21_10_05.stp of type D
Finished instance reading
Number of vertices = 21
Number of edges (resources) = 210
Number of scenarios = 10
Average number of terminals per scenario = 21
Probabilities of Scenarios: (0) 0.1 | (1) 0.16 | (2) 0.17 | (3) 0.1 | (4) 0.01 | (5) 0.02 | (6) 0.04 | (7) 0.07 | (8) 0.16 | (9) 0.17 | 
Average weighted inflation = 0.246445
Largest inflation = 0.499145
MAX_ITERATIONS_SINCE_LAST_IMPROVEMENT 2
MAX_ITERATIONS_SINCE_BEST_SOLUTION 3
Creating solution instance.
Starting Evolutive Framework.
Local search solution cost = 2709
Local search time = 2.56728
2.5673 local search - EF main loop cycle 0 solution cost 2709
2.56924s Cost of SP solution after second stage solver 2709
Local search solution cost = 2709
Local search time = 0.505036
3.0743 local search - EF main loop cycle 1 solution cost 2709
3.07624s Cost of SP solution after second stage solver 2709
Local search solution cost = 2709
Local search time = 0.505546
3.5818 local search - EF main loop cycle 2 solution cost 2709
3.58374s Cost of SP solution after second stage solver 2709
Number of cycles 3
Time for each cycle 1.19458
3.58567s Cost of SP solution after tail step 2709
SELECTED RESOURCES:
2 3 26 27 30 32 48 55 61 90 104 109 110 129 145 148 169 181 189 191 204 
SCENARIO'S RESOURCES:
S 0: 0 | 2 3 26 27 30 32 48 55 61 90 104 109 110 129 145 148 169 181 189 191 204 
S 1: 0 | 2 3 26 27 30 32 48 55 61 90 104 109 110 129 145 148 169 181 189 191 204 
S 2: 0 | 2 3 26 27 30 32 48 55 61 90 104 109 110 129 145 148 169 181 189 191 204 
S 3: 0 | 2 3 26 27 30 32 48 55 61 90 104 109 110 129 145 148 169 181 189 191 204 
S 4: 0 | 2 3 26 27 30 32 48 55 61 90 104 109 110 129 145 148 169 181 189 191 204 
S 5: 0 | 2 3 26 27 30 32 48 55 61 90 104 109 110 129 145 148 169 181 189 191 204 
S 6: 0 | 2 3 26 27 30 32 48 55 61 90 104 109 110 129 145 148 169 181 189 191 204 
S 7: 0 | 2 3 26 27 30 32 48 55 61 90 104 109 110 129 145 148 169 181 189 191 204 
S 8: 0 | 2 3 26 27 30 32 48 55 61 90 104 109 110 129 145 148 169 181 189 191 204 
S 9: 0 | 2 3 26 27 30 32 48 55 61 90 104 109 110 129 145 148 169 181 189 191 204 
ALL EQUAL

Final time = 3.58815
Final solution cost = 2709
