Reading instance small_stp_instances/gr24_20_05.stp of type D
Finished instance reading
Number of vertices = 24
Number of edges (resources) = 276
Number of scenarios = 20
Average number of terminals per scenario = 24
Probabilities of Scenarios: (0) 0.07 | (1) 0 | (2) 0.04 | (3) 0.06 | (4) 0.05 | (5) 0.14 | (6) 0.01 | (7) 0.02 | (8) 0.06 | (9) 0.03 | (10) 0.04 | (11) 0.05 | (12) 0 | (13) 0.1 | (14) 0.06 | (15) 0.04 | (16) 0.01 | (17) 0.04 | (18) 0.09 | (19) 0.09 | 
Average weighted inflation = 0.243659
Largest inflation = 0.498638
MAX_ITERATIONS_SINCE_LAST_IMPROVEMENT 2
MAX_ITERATIONS_SINCE_BEST_SOLUTION 3
Creating solution instance.
Starting Evolutive Framework.
Local search solution cost = 1297
Local search time = 9.15581
9.15585 local search - EF main loop cycle 0 solution cost 1297
9.15999s Cost of SP solution after second stage solver 1297
Local search solution cost = 1297
Local search time = 1.49678
10.6568 local search - EF main loop cycle 1 solution cost 1297
10.661s Cost of SP solution after second stage solver 1297
Local search solution cost = 1297
Local search time = 1.51111
12.1721 local search - EF main loop cycle 2 solution cost 1297
12.1762s Cost of SP solution after second stage solver 1297
Number of cycles 3
Time for each cycle 4.05874
12.1804s Cost of SP solution after tail step 1297
SELECTED RESOURCES:
17 20 40 47 52 55 58 74 90 92 105 110 129 152 167 172 184 194 227 228 234 239 260 273 
SCENARIO'S RESOURCES:
S 0: 0 | 17 20 40 47 52 55 58 74 90 92 105 110 129 152 167 172 184 194 227 228 234 239 260 273 
S 1: 0 | 17 20 40 47 52 55 58 74 90 92 105 110 129 152 167 172 184 194 227 228 234 239 260 273 
S 2: 0 | 17 20 40 47 52 55 58 74 90 92 105 110 129 152 167 172 184 194 227 228 234 239 260 273 
S 3: 0 | 17 20 40 47 52 55 58 74 90 92 105 110 129 152 167 172 184 194 227 228 234 239 260 273 
S 4: 0 | 17 20 40 47 52 55 58 74 90 92 105 110 129 152 167 172 184 194 227 228 234 239 260 273 
S 5: 0 | 17 20 40 47 52 55 58 74 90 92 105 110 129 152 167 172 184 194 227 228 234 239 260 273 
S 6: 0 | 17 20 40 47 52 55 58 74 90 92 105 110 129 152 167 172 184 194 227 228 234 239 260 273 
S 7: 0 | 17 20 40 47 52 55 58 74 90 92 105 110 129 152 167 172 184 194 227 228 234 239 260 273 
S 8: 0 | 17 20 40 47 52 55 58 74 90 92 105 110 129 152 167 172 184 194 227 228 234 239 260 273 
S 9: 0 | 17 20 40 47 52 55 58 74 90 92 105 110 129 152 167 172 184 194 227 228 234 239 260 273 
S 10: 0 | 17 20 40 47 52 55 58 74 90 92 105 110 129 152 167 172 184 194 227 228 234 239 260 273 
S 11: 0 | 17 20 40 47 52 55 58 74 90 92 105 110 129 152 167 172 184 194 227 228 234 239 260 273 
S 12: 0 | 17 20 40 47 52 55 58 74 90 92 105 110 129 152 167 172 184 194 227 228 234 239 260 273 
S 13: 0 | 17 20 40 47 52 55 58 74 90 92 105 110 129 152 167 172 184 194 227 228 234 239 260 273 
S 14: 0 | 17 20 40 47 52 55 58 74 90 92 105 110 129 152 167 172 184 194 227 228 234 239 260 273 
S 15: 0 | 17 20 40 47 52 55 58 74 90 92 105 110 129 152 167 172 184 194 227 228 234 239 260 273 
S 16: 0 | 17 20 40 47 52 55 58 74 90 92 105 110 129 152 167 172 184 194 227 228 234 239 260 273 
S 17: 0 | 17 20 40 47 52 55 58 74 90 92 105 110 129 152 167 172 184 194 227 228 234 239 260 273 
S 18: 0 | 17 20 40 47 52 55 58 74 90 92 105 110 129 152 167 172 184 194 227 228 234 239 260 273 
S 19: 0 | 17 20 40 47 52 55 58 74 90 92 105 110 129 152 167 172 184 194 227 228 234 239 260 273 
ALL EQUAL

Final time = 12.1857
Final solution cost = 1297
