Reading instance small_stp_instances/gr24_5_03.stp of type D
Finished instance reading
Number of vertices = 24
Number of edges (resources) = 276
Number of scenarios = 5
Average number of terminals per scenario = 24
Probabilities of Scenarios: (0) 0.08 | (1) 0.2 | (2) 0.43 | (3) 0.03 | (4) 0.26 | 
Average weighted inflation = 0.147315
Largest inflation = 0.297872
MAX_ITERATIONS_SINCE_LAST_IMPROVEMENT 2
MAX_ITERATIONS_SINCE_BEST_SOLUTION 3
Creating solution instance.
Starting Evolutive Framework.
Local search solution cost = 1272
Local search time = 2.17323
2.17325 local search - EF main loop cycle 0 solution cost 1272
2.1743s Cost of SP solution after second stage solver 1272
Local search solution cost = 1272
Local search time = 0.375709
2.55002 local search - EF main loop cycle 1 solution cost 1272
2.55106s Cost of SP solution after second stage solver 1272
Local search solution cost = 1272
Local search time = 0.377396
2.92848 local search - EF main loop cycle 2 solution cost 1272
2.92962s Cost of SP solution after second stage solver 1272
Number of cycles 3
Time for each cycle 0.976546
2.9307s Cost of SP solution after tail step 1272
SELECTED RESOURCES:
17 20 40 47 55 58 74 90 92 105 115 129 152 167 172 184 194 197 227 228 234 239 258 260 
SCENARIO'S RESOURCES:
S 0: 0 | 17 20 40 47 55 58 74 90 92 105 115 129 152 167 172 184 194 197 227 228 234 239 258 260 
S 1: 0 | 17 20 40 47 55 58 74 90 92 105 115 129 152 167 172 184 194 197 227 228 234 239 258 260 
S 2: 0 | 17 20 40 47 55 58 74 90 92 105 115 129 152 167 172 184 194 197 227 228 234 239 258 260 
S 3: 0 | 17 20 40 47 55 58 74 90 92 105 115 129 152 167 172 184 194 197 227 228 234 239 258 260 
S 4: 0 | 17 20 40 47 55 58 74 90 92 105 115 129 152 167 172 184 194 197 227 228 234 239 258 260 
ALL EQUAL

Final time = 2.93219
Final solution cost = 1272
