Reading instance small_stp_instances/gr24_20_03.stp of type D
Finished instance reading
Number of vertices = 24
Number of edges (resources) = 276
Number of scenarios = 20
Average number of terminals per scenario = 24
Probabilities of Scenarios: (0) 0.05 | (1) 0.02 | (2) 0.02 | (3) 0.01 | (4) 0.06 | (5) 0.01 | (6) 0 | (7) 0.09 | (8) 0.09 | (9) 0.07 | (10) 0 | (11) 0.05 | (12) 0.05 | (13) 0.05 | (14) 0 | (15) 0.05 | (16) 0.09 | (17) 0.03 | (18) 0.07 | (19) 0.19 | 
Average weighted inflation = 0.145432
Largest inflation = 0.29932
MAX_ITERATIONS_SINCE_LAST_IMPROVEMENT 2
MAX_ITERATIONS_SINCE_BEST_SOLUTION 3
Creating solution instance.
Starting Evolutive Framework.
Local search solution cost = 1272
Local search time = 8.8906
8.89065 local search - EF main loop cycle 0 solution cost 1272
8.89478s Cost of SP solution after second stage solver 1272
Local search solution cost = 1272
Local search time = 1.49419
10.389 local search - EF main loop cycle 1 solution cost 1272
10.3931s Cost of SP solution after second stage solver 1272
Local search solution cost = 1272
Local search time = 1.49601
11.8892 local search - EF main loop cycle 2 solution cost 1272
11.8933s Cost of SP solution after second stage solver 1272
Number of cycles 3
Time for each cycle 3.96445
11.8974s Cost of SP solution after tail step 1272
SELECTED RESOURCES:
17 20 40 47 55 58 74 90 92 105 115 129 152 167 172 184 194 197 227 228 234 239 258 260 
SCENARIO'S RESOURCES:
S 0: 0 | 17 20 40 47 55 58 74 90 92 105 115 129 152 167 172 184 194 197 227 228 234 239 258 260 
S 1: 0 | 17 20 40 47 55 58 74 90 92 105 115 129 152 167 172 184 194 197 227 228 234 239 258 260 
S 2: 0 | 17 20 40 47 55 58 74 90 92 105 115 129 152 167 172 184 194 197 227 228 234 239 258 260 
S 3: 0 | 17 20 40 47 55 58 74 90 92 105 115 129 152 167 172 184 194 197 227 228 234 239 258 260 
S 4: 0 | 17 20 40 47 55 58 74 90 92 105 115 129 152 167 172 184 194 197 227 228 234 239 258 260 
S 5: 0 | 17 20 40 47 55 58 74 90 92 105 115 129 152 167 172 184 194 197 227 228 234 239 258 260 
S 6: 0 | 17 20 40 47 55 58 74 90 92 105 115 129 152 167 172 184 194 197 227 228 234 239 258 260 
S 7: 0 | 17 20 40 47 55 58 74 90 92 105 115 129 152 167 172 184 194 197 227 228 234 239 258 260 
S 8: 0 | 17 20 40 47 55 58 74 90 92 105 115 129 152 167 172 184 194 197 227 228 234 239 258 260 
S 9: 0 | 17 20 40 47 55 58 74 90 92 105 115 129 152 167 172 184 194 197 227 228 234 239 258 260 
S 10: 0 | 17 20 40 47 55 58 74 90 92 105 115 129 152 167 172 184 194 197 227 228 234 239 258 260 
S 11: 0 | 17 20 40 47 55 58 74 90 92 105 115 129 152 167 172 184 194 197 227 228 234 239 258 260 
S 12: 0 | 17 20 40 47 55 58 74 90 92 105 115 129 152 167 172 184 194 197 227 228 234 239 258 260 
S 13: 0 | 17 20 40 47 55 58 74 90 92 105 115 129 152 167 172 184 194 197 227 228 234 239 258 260 
S 14: 0 | 17 20 40 47 55 58 74 90 92 105 115 129 152 167 172 184 194 197 227 228 234 239 258 260 
S 15: 0 | 17 20 40 47 55 58 74 90 92 105 115 129 152 167 172 184 194 197 227 228 234 239 258 260 
S 16: 0 | 17 20 40 47 55 58 74 90 92 105 115 129 152 167 172 184 194 197 227 228 234 239 258 260 
S 17: 0 | 17 20 40 47 55 58 74 90 92 105 115 129 152 167 172 184 194 197 227 228 234 239 258 260 
S 18: 0 | 17 20 40 47 55 58 74 90 92 105 115 129 152 167 172 184 194 197 227 228 234 239 258 260 
S 19: 0 | 17 20 40 47 55 58 74 90 92 105 115 129 152 167 172 184 194 197 227 228 234 239 258 260 
ALL EQUAL

Final time = 11.9027
Final solution cost = 1272
