Reading instance small_stp_instances/gr24_20_10.stp of type D
Finished instance reading
Number of vertices = 24
Number of edges (resources) = 276
Number of scenarios = 20
Average number of terminals per scenario = 24
Probabilities of Scenarios: (0) 0.03 | (1) 0.05 | (2) 0.01 | (3) 0.07 | (4) 0.1 | (5) 0.09 | (6) 0.02 | (7) 0.17 | (8) 0.07 | (9) 0.09 | (10) 0.05 | (11) 0.04 | (12) 0.06 | (13) 0.01 | (14) 0.03 | (15) 0 | (16) 0.03 | (17) 0.02 | (18) 0.03 | (19) 0.03 | 
Average weighted inflation = 0.497948
Largest inflation = 0.996212
MAX_ITERATIONS_SINCE_LAST_IMPROVEMENT 2
MAX_ITERATIONS_SINCE_BEST_SOLUTION 3
Creating solution instance.
Starting Evolutive Framework.
Local search solution cost = 1349
Local search time = 10.0993
10.0994 local search - EF main loop cycle 0 solution cost 1349
10.1035s Cost of SP solution after second stage solver 1349
Local search solution cost = 1349
Local search time = 1.49655
11.6001 local search - EF main loop cycle 1 solution cost 1349
11.6042s Cost of SP solution after second stage solver 1349
Local search solution cost = 1349
Local search time = 1.49362
13.0979 local search - EF main loop cycle 2 solution cost 1349
13.102s Cost of SP solution after second stage solver 1349
Number of cycles 3
Time for each cycle 4.36734
13.1061s Cost of SP solution after tail step 1349
SELECTED RESOURCES:
3 17 20 40 47 52 58 74 90 92 105 129 152 154 184 185 194 197 227 228 239 242 258 268 
SCENARIO'S RESOURCES:
S 0: 0 | 3 17 20 40 47 52 58 74 90 92 105 129 152 154 184 185 194 197 227 228 239 242 258 268 
S 1: 0 | 3 17 20 40 47 52 58 74 90 92 105 129 152 154 184 185 194 197 227 228 239 242 258 268 
S 2: 0 | 3 17 20 40 47 52 58 74 90 92 105 129 152 154 184 185 194 197 227 228 239 242 258 268 
S 3: 0 | 3 17 20 40 47 52 58 74 90 92 105 129 152 154 184 185 194 197 227 228 239 242 258 268 
S 4: 0 | 3 17 20 40 47 52 58 74 90 92 105 129 152 154 184 185 194 197 227 228 239 242 258 268 
S 5: 0 | 3 17 20 40 47 52 58 74 90 92 105 129 152 154 184 185 194 197 227 228 239 242 258 268 
S 6: 0 | 3 17 20 40 47 52 58 74 90 92 105 129 152 154 184 185 194 197 227 228 239 242 258 268 
S 7: 0 | 3 17 20 40 47 52 58 74 90 92 105 129 152 154 184 185 194 197 227 228 239 242 258 268 
S 8: 0 | 3 17 20 40 47 52 58 74 90 92 105 129 152 154 184 185 194 197 227 228 239 242 258 268 
S 9: 0 | 3 17 20 40 47 52 58 74 90 92 105 129 152 154 184 185 194 197 227 228 239 242 258 268 
S 10: 0 | 3 17 20 40 47 52 58 74 90 92 105 129 152 154 184 185 194 197 227 228 239 242 258 268 
S 11: 0 | 3 17 20 40 47 52 58 74 90 92 105 129 152 154 184 185 194 197 227 228 239 242 258 268 
S 12: 0 | 3 17 20 40 47 52 58 74 90 92 105 129 152 154 184 185 194 197 227 228 239 242 258 268 
S 13: 0 | 3 17 20 40 47 52 58 74 90 92 105 129 152 154 184 185 194 197 227 228 239 242 258 268 
S 14: 0 | 3 17 20 40 47 52 58 74 90 92 105 129 152 154 184 185 194 197 227 228 239 242 258 268 
S 15: 0 | 3 17 20 40 47 52 58 74 90 92 105 129 152 154 184 185 194 197 227 228 239 242 258 268 
S 16: 0 | 3 17 20 40 47 52 58 74 90 92 105 129 152 154 184 185 194 197 227 228 239 242 258 268 
S 17: 0 | 3 17 20 40 47 52 58 74 90 92 105 129 152 154 184 185 194 197 227 228 239 242 258 268 
S 18: 0 | 3 17 20 40 47 52 58 74 90 92 105 129 152 154 184 185 194 197 227 228 239 242 258 268 
S 19: 0 | 3 17 20 40 47 52 58 74 90 92 105 129 152 154 184 185 194 197 227 228 239 242 258 268 
ALL EQUAL

Final time = 13.1115
Final solution cost = 1349
