Reading instance small_stp_instances/gr48_10_10.stp of type D
Finished instance reading
Number of vertices = 48
Number of edges (resources) = 1128
Number of scenarios = 10
Average number of terminals per scenario = 48
Probabilities of Scenarios: (0) 0.13 | (1) 0.03 | (2) 0.13 | (3) 0.09 | (4) 0.02 | (5) 0.17 | (6) 0.04 | (7) 0.12 | (8) 0.14 | (9) 0.13 | 
Average weighted inflation = 0.49652
Largest inflation = 0.998536
MAX_ITERATIONS_SINCE_LAST_IMPROVEMENT 2
MAX_ITERATIONS_SINCE_BEST_SOLUTION 3
Creating solution instance.
Starting Evolutive Framework.
Local search solution cost = 5283.47
Local search time = 86.8481
86.8482 local search - EF main loop cycle 0 solution cost 5283.47
86.8562s Cost of SP solution after second stage solver 5283.47
Local search solution cost = 5148
Local search time = 8.37741
95.2337 local search - EF main loop cycle 1 solution cost 5148
95.2373s Cost of SP solution after second stage solver 5148
Local search solution cost = 5148
Local search time = 8.23555
103.473 local search - EF main loop cycle 2 solution cost 5148
103.476s Cost of SP solution after second stage solver 5148
Local search solution cost = 5148
Local search time = 8.27005
111.746 local search - EF main loop cycle 3 solution cost 5148
111.75s Cost of SP solution after second stage solver 5148
Number of cycles 4
Time for each cycle 27.9375
111.754s Cost of SP solution after tail step 5148
SELECTED RESOURCES:
15 59 64 83 86 117 128 155 156 172 217 230 248 267 278 305 341 357 378 390 409 444 449 485 491 500 503 550 562 605 620 653 685 695 777 779 813 854 858 885 930 943 988 1007 1079 1080 1091 1096 
SCENARIO'S RESOURCES:
S 0: 0 | 15 59 64 83 86 117 128 155 156 172 217 230 248 267 278 305 341 357 378 390 409 444 449 485 491 500 503 550 562 605 620 653 685 695 777 779 813 854 858 885 930 943 988 1007 1079 1080 1091 1096 
S 1: 0 | 15 59 64 83 86 117 128 155 156 172 217 230 248 267 278 305 341 357 378 390 409 444 449 485 491 500 503 550 562 605 620 653 685 695 777 779 813 854 858 885 930 943 988 1007 1079 1080 1091 1096 
S 2: 0 | 15 59 64 83 86 117 128 155 156 172 217 230 248 267 278 305 341 357 378 390 409 444 449 485 491 500 503 550 562 605 620 653 685 695 777 779 813 854 858 885 930 943 988 1007 1079 1080 1091 1096 
S 3: 0 | 15 59 64 83 86 117 128 155 156 172 217 230 248 267 278 305 341 357 378 390 409 444 449 485 491 500 503 550 562 605 620 653 685 695 777 779 813 854 858 885 930 943 988 1007 1079 1080 1091 1096 
S 4: 0 | 15 59 64 83 86 117 128 155 156 172 217 230 248 267 278 305 341 357 378 390 409 444 449 485 491 500 503 550 562 605 620 653 685 695 777 779 813 854 858 885 930 943 988 1007 1079 1080 1091 1096 
S 5: 0 | 15 59 64 83 86 117 128 155 156 172 217 230 248 267 278 305 341 357 378 390 409 444 449 485 491 500 503 550 562 605 620 653 685 695 777 779 813 854 858 885 930 943 988 1007 1079 1080 1091 1096 
S 6: 0 | 15 59 64 83 86 117 128 155 156 172 217 230 248 267 278 305 341 357 378 390 409 444 449 485 491 500 503 550 562 605 620 653 685 695 777 779 813 854 858 885 930 943 988 1007 1079 1080 1091 1096 
S 7: 0 | 15 59 64 83 86 117 128 155 156 172 217 230 248 267 278 305 341 357 378 390 409 444 449 485 491 500 503 550 562 605 620 653 685 695 777 779 813 854 858 885 930 943 988 1007 1079 1080 1091 1096 
S 8: 0 | 15 59 64 83 86 117 128 155 156 172 217 230 248 267 278 305 341 357 378 390 409 444 449 485 491 500 503 550 562 605 620 653 685 695 777 779 813 854 858 885 930 943 988 1007 1079 1080 1091 1096 
S 9: 0 | 15 59 64 83 86 117 128 155 156 172 217 230 248 267 278 305 341 357 378 390 409 444 449 485 491 500 503 550 562 605 620 653 685 695 777 779 813 854 858 885 930 943 988 1007 1079 1080 1091 1096 
ALL EQUAL

Final time = 111.76
Final solution cost = 5148
