Reading instance small_stp_instances/gr48_20_03.stp of type D
Finished instance reading
Number of vertices = 48
Number of edges (resources) = 1128
Number of scenarios = 20
Average number of terminals per scenario = 48
Probabilities of Scenarios: (0) 0.07 | (1) 0.03 | (2) 0.05 | (3) 0 | (4) 0.01 | (5) 0.09 | (6) 0.03 | (7) 0.02 | (8) 0.04 | (9) 0.02 | (10) 0.02 | (11) 0.05 | (12) 0.07 | (13) 0.09 | (14) 0.01 | (15) 0 | (16) 0.14 | (17) 0.09 | (18) 0.08 | (19) 0.09 | 
Average weighted inflation = 0.147577
Largest inflation = 0.299832
MAX_ITERATIONS_SINCE_LAST_IMPROVEMENT 2
MAX_ITERATIONS_SINCE_BEST_SOLUTION 3
Creating solution instance.
Starting Evolutive Framework.
Local search solution cost = 5067
Local search time = 192.077
192.077 local search - EF main loop cycle 0 solution cost 5067
192.084s Cost of SP solution after second stage solver 5067
Local search solution cost = 5067
Local search time = 15.7458
207.83 local search - EF main loop cycle 1 solution cost 5067
207.837s Cost of SP solution after second stage solver 5067
Local search solution cost = 5067
Local search time = 15.7377
223.574 local search - EF main loop cycle 2 solution cost 5067
223.581s Cost of SP solution after second stage solver 5067
Number of cycles 3
Time for each cycle 74.5272
223.588s Cost of SP solution after tail step 5067
SELECTED RESOURCES:
59 64 66 83 86 115 128 155 156 217 230 267 278 305 341 357 378 384 409 444 449 485 491 500 503 550 580 605 620 653 685 695 742 779 804 854 858 883 930 943 947 988 1007 1023 1052 1071 1093 1096 
SCENARIO'S RESOURCES:
S 0: 0 | 59 64 66 83 86 115 128 155 156 217 230 267 278 305 341 357 378 384 409 444 449 485 491 500 503 550 580 605 620 653 685 695 742 779 804 854 858 883 930 943 947 988 1007 1023 1052 1071 1093 1096 
S 1: 0 | 59 64 66 83 86 115 128 155 156 217 230 267 278 305 341 357 378 384 409 444 449 485 491 500 503 550 580 605 620 653 685 695 742 779 804 854 858 883 930 943 947 988 1007 1023 1052 1071 1093 1096 
S 2: 0 | 59 64 66 83 86 115 128 155 156 217 230 267 278 305 341 357 378 384 409 444 449 485 491 500 503 550 580 605 620 653 685 695 742 779 804 854 858 883 930 943 947 988 1007 1023 1052 1071 1093 1096 
S 3: 0 | 59 64 66 83 86 115 128 155 156 217 230 267 278 305 341 357 378 384 409 444 449 485 491 500 503 550 580 605 620 653 685 695 742 779 804 854 858 883 930 943 947 988 1007 1023 1052 1071 1093 1096 
S 4: 0 | 59 64 66 83 86 115 128 155 156 217 230 267 278 305 341 357 378 384 409 444 449 485 491 500 503 550 580 605 620 653 685 695 742 779 804 854 858 883 930 943 947 988 1007 1023 1052 1071 1093 1096 
S 5: 0 | 59 64 66 83 86 115 128 155 156 217 230 267 278 305 341 357 378 384 409 444 449 485 491 500 503 550 580 605 620 653 685 695 742 779 804 854 858 883 930 943 947 988 1007 1023 1052 1071 1093 1096 
S 6: 0 | 59 64 66 83 86 115 128 155 156 217 230 267 278 305 341 357 378 384 409 444 449 485 491 500 503 550 580 605 620 653 685 695 742 779 804 854 858 883 930 943 947 988 1007 1023 1052 1071 1093 1096 
S 7: 0 | 59 64 66 83 86 115 128 155 156 217 230 267 278 305 341 357 378 384 409 444 449 485 491 500 503 550 580 605 620 653 685 695 742 779 804 854 858 883 930 943 947 988 1007 1023 1052 1071 1093 1096 
S 8: 0 | 59 64 66 83 86 115 128 155 156 217 230 267 278 305 341 357 378 384 409 444 449 485 491 500 503 550 580 605 620 653 685 695 742 779 804 854 858 883 930 943 947 988 1007 1023 1052 1071 1093 1096 
S 9: 0 | 59 64 66 83 86 115 128 155 156 217 230 267 278 305 341 357 378 384 409 444 449 485 491 500 503 550 580 605 620 653 685 695 742 779 804 854 858 883 930 943 947 988 1007 1023 1052 1071 1093 1096 
S 10: 0 | 59 64 66 83 86 115 128 155 156 217 230 267 278 305 341 357 378 384 409 444 449 485 491 500 503 550 580 605 620 653 685 695 742 779 804 854 858 883 930 943 947 988 1007 1023 1052 1071 1093 1096 
S 11: 0 | 59 64 66 83 86 115 128 155 156 217 230 267 278 305 341 357 378 384 409 444 449 485 491 500 503 550 580 605 620 653 685 695 742 779 804 854 858 883 930 943 947 988 1007 1023 1052 1071 1093 1096 
S 12: 0 | 59 64 66 83 86 115 128 155 156 217 230 267 278 305 341 357 378 384 409 444 449 485 491 500 503 550 580 605 620 653 685 695 742 779 804 854 858 883 930 943 947 988 1007 1023 1052 1071 1093 1096 
S 13: 0 | 59 64 66 83 86 115 128 155 156 217 230 267 278 305 341 357 378 384 409 444 449 485 491 500 503 550 580 605 620 653 685 695 742 779 804 854 858 883 930 943 947 988 1007 1023 1052 1071 1093 1096 
S 14: 0 | 59 64 66 83 86 115 128 155 156 217 230 267 278 305 341 357 378 384 409 444 449 485 491 500 503 550 580 605 620 653 685 695 742 779 804 854 858 883 930 943 947 988 1007 1023 1052 1071 1093 1096 
S 15: 0 | 59 64 66 83 86 115 128 155 156 217 230 267 278 305 341 357 378 384 409 444 449 485 491 500 503 550 580 605 620 653 685 695 742 779 804 854 858 883 930 943 947 988 1007 1023 1052 1071 1093 1096 
S 16: 0 | 59 64 66 83 86 115 128 155 156 217 230 267 278 305 341 357 378 384 409 444 449 485 491 500 503 550 580 605 620 653 685 695 742 779 804 854 858 883 930 943 947 988 1007 1023 1052 1071 1093 1096 
S 17: 0 | 59 64 66 83 86 115 128 155 156 217 230 267 278 305 341 357 378 384 409 444 449 485 491 500 503 550 580 605 620 653 685 695 742 779 804 854 858 883 930 943 947 988 1007 1023 1052 1071 1093 1096 
S 18: 0 | 59 64 66 83 86 115 128 155 156 217 230 267 278 305 341 357 378 384 409 444 449 485 491 500 503 550 580 605 620 653 685 695 742 779 804 854 858 883 930 943 947 988 1007 1023 1052 1071 1093 1096 
S 19: 0 | 59 64 66 83 86 115 128 155 156 217 230 267 278 305 341 357 378 384 409 444 449 485 491 500 503 550 580 605 620 653 685 695 742 779 804 854 858 883 930 943 947 988 1007 1023 1052 1071 1093 1096 
ALL EQUAL

Final time = 223.6
Final solution cost = 5067
