Reading instance small_stp_instances/gr48_10_05.stp of type D
Finished instance reading
Number of vertices = 48
Number of edges (resources) = 1128
Number of scenarios = 10
Average number of terminals per scenario = 48
Probabilities of Scenarios: (0) 0.07 | (1) 0.04 | (2) 0.01 | (3) 0.2 | (4) 0.11 | (5) 0.16 | (6) 0.09 | (7) 0.04 | (8) 0.07 | (9) 0.21 | 
Average weighted inflation = 0.24837
Largest inflation = 0.499334
MAX_ITERATIONS_SINCE_LAST_IMPROVEMENT 2
MAX_ITERATIONS_SINCE_BEST_SOLUTION 3
Creating solution instance.
Starting Evolutive Framework.
Local search solution cost = 5127.45
Local search time = 94.1614
94.1615 local search - EF main loop cycle 0 solution cost 5127.45
94.1684s Cost of SP solution after second stage solver 5127.45
Local search solution cost = 5104
Local search time = 7.98799
102.156 local search - EF main loop cycle 1 solution cost 5104
102.16s Cost of SP solution after second stage solver 5104
Local search solution cost = 5104
Local search time = 7.86779
110.028 local search - EF main loop cycle 2 solution cost 5104
110.031s Cost of SP solution after second stage solver 5104
Local search solution cost = 5104
Local search time = 7.86321
117.894 local search - EF main loop cycle 3 solution cost 5104
117.898s Cost of SP solution after second stage solver 5104
Number of cycles 4
Time for each cycle 29.4745
117.901s Cost of SP solution after tail step 5104
SELECTED RESOURCES:
59 64 66 83 86 115 128 155 156 217 230 267 278 298 314 317 341 357 378 384 409 444 458 485 491 500 503 550 580 600 605 631 685 695 777 779 813 854 858 930 943 947 988 1007 1077 1080 1093 1096 
SCENARIO'S RESOURCES:
S 0: 0 | 59 64 66 83 86 115 128 155 156 217 230 267 278 298 314 317 341 357 378 384 409 444 458 485 491 500 503 550 580 600 605 631 685 695 777 779 813 854 858 930 943 947 988 1007 1077 1080 1093 1096 
S 1: 0 | 59 64 66 83 86 115 128 155 156 217 230 267 278 298 314 317 341 357 378 384 409 444 458 485 491 500 503 550 580 600 605 631 685 695 777 779 813 854 858 930 943 947 988 1007 1077 1080 1093 1096 
S 2: 0 | 59 64 66 83 86 115 128 155 156 217 230 267 278 298 314 317 341 357 378 384 409 444 458 485 491 500 503 550 580 600 605 631 685 695 777 779 813 854 858 930 943 947 988 1007 1077 1080 1093 1096 
S 3: 0 | 59 64 66 83 86 115 128 155 156 217 230 267 278 298 314 317 341 357 378 384 409 444 458 485 491 500 503 550 580 600 605 631 685 695 777 779 813 854 858 930 943 947 988 1007 1077 1080 1093 1096 
S 4: 0 | 59 64 66 83 86 115 128 155 156 217 230 267 278 298 314 317 341 357 378 384 409 444 458 485 491 500 503 550 580 600 605 631 685 695 777 779 813 854 858 930 943 947 988 1007 1077 1080 1093 1096 
S 5: 0 | 59 64 66 83 86 115 128 155 156 217 230 267 278 298 314 317 341 357 378 384 409 444 458 485 491 500 503 550 580 600 605 631 685 695 777 779 813 854 858 930 943 947 988 1007 1077 1080 1093 1096 
S 6: 0 | 59 64 66 83 86 115 128 155 156 217 230 267 278 298 314 317 341 357 378 384 409 444 458 485 491 500 503 550 580 600 605 631 685 695 777 779 813 854 858 930 943 947 988 1007 1077 1080 1093 1096 
S 7: 0 | 59 64 66 83 86 115 128 155 156 217 230 267 278 298 314 317 341 357 378 384 409 444 458 485 491 500 503 550 580 600 605 631 685 695 777 779 813 854 858 930 943 947 988 1007 1077 1080 1093 1096 
S 8: 0 | 59 64 66 83 86 115 128 155 156 217 230 267 278 298 314 317 341 357 378 384 409 444 458 485 491 500 503 550 580 600 605 631 685 695 777 779 813 854 858 930 943 947 988 1007 1077 1080 1093 1096 
S 9: 0 | 59 64 66 83 86 115 128 155 156 217 230 267 278 298 314 317 341 357 378 384 409 444 458 485 491 500 503 550 580 600 605 631 685 695 777 779 813 854 858 930 943 947 988 1007 1077 1080 1093 1096 
ALL EQUAL

Final time = 117.907
Final solution cost = 5104
