Reading instance small_stp_instances/gr48_20_05.stp of type D
Finished instance reading
Number of vertices = 48
Number of edges (resources) = 1128
Number of scenarios = 20
Average number of terminals per scenario = 48
Probabilities of Scenarios: (0) 0.01 | (1) 0.07 | (2) 0.03 | (3) 0.02 | (4) 0 | (5) 0.07 | (6) 0.05 | (7) 0.06 | (8) 0.07 | (9) 0.01 | (10) 0.08 | (11) 0 | (12) 0.08 | (13) 0.06 | (14) 0.05 | (15) 0.08 | (16) 0.09 | (17) 0.03 | (18) 0.07 | (19) 0.07 | 
Average weighted inflation = 0.247458
Largest inflation = 0.499532
MAX_ITERATIONS_SINCE_LAST_IMPROVEMENT 2
MAX_ITERATIONS_SINCE_BEST_SOLUTION 3
Creating solution instance.
Starting Evolutive Framework.
Local search solution cost = 5187.54
Local search time = 180.87
180.871 local search - EF main loop cycle 0 solution cost 5187.54
180.89s Cost of SP solution after second stage solver 5187.54
Local search solution cost = 5118
Local search time = 15.9964
196.886 local search - EF main loop cycle 1 solution cost 5118
196.893s Cost of SP solution after second stage solver 5118
Local search solution cost = 5118
Local search time = 15.8167
212.71 local search - EF main loop cycle 2 solution cost 5118
212.717s Cost of SP solution after second stage solver 5118
Local search solution cost = 5118
Local search time = 15.814
228.531 local search - EF main loop cycle 3 solution cost 5118
228.538s Cost of SP solution after second stage solver 5118
Number of cycles 4
Time for each cycle 57.1344
228.545s Cost of SP solution after tail step 5118
SELECTED RESOURCES:
59 64 66 83 86 115 128 155 156 172 217 230 267 278 298 314 341 357 378 384 409 444 458 485 491 500 503 545 550 562 600 605 685 777 779 807 854 858 890 943 983 988 1007 1033 1060 1071 1093 1096 
SCENARIO'S RESOURCES:
S 0: 0 | 59 64 66 83 86 115 128 155 156 172 217 230 267 278 298 314 341 357 378 384 409 444 458 485 491 500 503 545 550 562 600 605 685 777 779 807 854 858 890 943 983 988 1007 1033 1060 1071 1093 1096 
S 1: 0 | 59 64 66 83 86 115 128 155 156 172 217 230 267 278 298 314 341 357 378 384 409 444 458 485 491 500 503 545 550 562 600 605 685 777 779 807 854 858 890 943 983 988 1007 1033 1060 1071 1093 1096 
S 2: 0 | 59 64 66 83 86 115 128 155 156 172 217 230 267 278 298 314 341 357 378 384 409 444 458 485 491 500 503 545 550 562 600 605 685 777 779 807 854 858 890 943 983 988 1007 1033 1060 1071 1093 1096 
S 3: 0 | 59 64 66 83 86 115 128 155 156 172 217 230 267 278 298 314 341 357 378 384 409 444 458 485 491 500 503 545 550 562 600 605 685 777 779 807 854 858 890 943 983 988 1007 1033 1060 1071 1093 1096 
S 4: 0 | 59 64 66 83 86 115 128 155 156 172 217 230 267 278 298 314 341 357 378 384 409 444 458 485 491 500 503 545 550 562 600 605 685 777 779 807 854 858 890 943 983 988 1007 1033 1060 1071 1093 1096 
S 5: 0 | 59 64 66 83 86 115 128 155 156 172 217 230 267 278 298 314 341 357 378 384 409 444 458 485 491 500 503 545 550 562 600 605 685 777 779 807 854 858 890 943 983 988 1007 1033 1060 1071 1093 1096 
S 6: 0 | 59 64 66 83 86 115 128 155 156 172 217 230 267 278 298 314 341 357 378 384 409 444 458 485 491 500 503 545 550 562 600 605 685 777 779 807 854 858 890 943 983 988 1007 1033 1060 1071 1093 1096 
S 7: 0 | 59 64 66 83 86 115 128 155 156 172 217 230 267 278 298 314 341 357 378 384 409 444 458 485 491 500 503 545 550 562 600 605 685 777 779 807 854 858 890 943 983 988 1007 1033 1060 1071 1093 1096 
S 8: 0 | 59 64 66 83 86 115 128 155 156 172 217 230 267 278 298 314 341 357 378 384 409 444 458 485 491 500 503 545 550 562 600 605 685 777 779 807 854 858 890 943 983 988 1007 1033 1060 1071 1093 1096 
S 9: 0 | 59 64 66 83 86 115 128 155 156 172 217 230 267 278 298 314 341 357 378 384 409 444 458 485 491 500 503 545 550 562 600 605 685 777 779 807 854 858 890 943 983 988 1007 1033 1060 1071 1093 1096 
S 10: 0 | 59 64 66 83 86 115 128 155 156 172 217 230 267 278 298 314 341 357 378 384 409 444 458 485 491 500 503 545 550 562 600 605 685 777 779 807 854 858 890 943 983 988 1007 1033 1060 1071 1093 1096 
S 11: 0 | 59 64 66 83 86 115 128 155 156 172 217 230 267 278 298 314 341 357 378 384 409 444 458 485 491 500 503 545 550 562 600 605 685 777 779 807 854 858 890 943 983 988 1007 1033 1060 1071 1093 1096 
S 12: 0 | 59 64 66 83 86 115 128 155 156 172 217 230 267 278 298 314 341 357 378 384 409 444 458 485 491 500 503 545 550 562 600 605 685 777 779 807 854 858 890 943 983 988 1007 1033 1060 1071 1093 1096 
S 13: 0 | 59 64 66 83 86 115 128 155 156 172 217 230 267 278 298 314 341 357 378 384 409 444 458 485 491 500 503 545 550 562 600 605 685 777 779 807 854 858 890 943 983 988 1007 1033 1060 1071 1093 1096 
S 14: 0 | 59 64 66 83 86 115 128 155 156 172 217 230 267 278 298 314 341 357 378 384 409 444 458 485 491 500 503 545 550 562 600 605 685 777 779 807 854 858 890 943 983 988 1007 1033 1060 1071 1093 1096 
S 15: 0 | 59 64 66 83 86 115 128 155 156 172 217 230 267 278 298 314 341 357 378 384 409 444 458 485 491 500 503 545 550 562 600 605 685 777 779 807 854 858 890 943 983 988 1007 1033 1060 1071 1093 1096 
S 16: 0 | 59 64 66 83 86 115 128 155 156 172 217 230 267 278 298 314 341 357 378 384 409 444 458 485 491 500 503 545 550 562 600 605 685 777 779 807 854 858 890 943 983 988 1007 1033 1060 1071 1093 1096 
S 17: 0 | 59 64 66 83 86 115 128 155 156 172 217 230 267 278 298 314 341 357 378 384 409 444 458 485 491 500 503 545 550 562 600 605 685 777 779 807 854 858 890 943 983 988 1007 1033 1060 1071 1093 1096 
S 18: 0 | 59 64 66 83 86 115 128 155 156 172 217 230 267 278 298 314 341 357 378 384 409 444 458 485 491 500 503 545 550 562 600 605 685 777 779 807 854 858 890 943 983 988 1007 1033 1060 1071 1093 1096 
S 19: 0 | 59 64 66 83 86 115 128 155 156 172 217 230 267 278 298 314 341 357 378 384 409 444 458 485 491 500 503 545 550 562 600 605 685 777 779 807 854 858 890 943 983 988 1007 1033 1060 1071 1093 1096 
ALL EQUAL

Final time = 228.556
Final solution cost = 5118
