Reading instance small_stp_instances/gr48_5_03.stp of type D
Finished instance reading
Number of vertices = 48
Number of edges (resources) = 1128
Number of scenarios = 5
Average number of terminals per scenario = 48
Probabilities of Scenarios: (0) 0.12 | (1) 0.09 | (2) 0.15 | (3) 0.41 | (4) 0.23 | 
Average weighted inflation = 0.146055
Largest inflation = 0.299329
MAX_ITERATIONS_SINCE_LAST_IMPROVEMENT 2
MAX_ITERATIONS_SINCE_BEST_SOLUTION 3
Creating solution instance.
Starting Evolutive Framework.
Local search solution cost = 5089.44
Local search time = 47.0317
47.0317 local search - EF main loop cycle 0 solution cost 5089.44
47.0335s Cost of SP solution after second stage solver 5089.44
Local search solution cost = 5083
Local search time = 3.96352
50.997 local search - EF main loop cycle 1 solution cost 5083
50.9988s Cost of SP solution after second stage solver 5083
Local search solution cost = 5083
Local search time = 3.95474
54.9536 local search - EF main loop cycle 2 solution cost 5083
54.9553s Cost of SP solution after second stage solver 5083
Local search solution cost = 5083
Local search time = 3.93827
58.8936 local search - EF main loop cycle 3 solution cost 5083
58.8954s Cost of SP solution after second stage solver 5083
Number of cycles 4
Time for each cycle 14.7238
58.8971s Cost of SP solution after tail step 5083
SELECTED RESOURCES:
59 64 66 83 86 115 155 156 198 217 226 267 278 298 305 341 357 378 384 409 444 449 485 491 500 503 550 562 605 620 653 685 695 775 779 839 858 901 930 943 947 988 1007 1023 1052 1071 1093 1096 
SCENARIO'S RESOURCES:
S 0: 0 | 59 64 66 83 86 115 155 156 198 217 226 267 278 298 305 341 357 378 384 409 444 449 485 491 500 503 550 562 605 620 653 685 695 775 779 839 858 901 930 943 947 988 1007 1023 1052 1071 1093 1096 
S 1: 0 | 59 64 66 83 86 115 155 156 198 217 226 267 278 298 305 341 357 378 384 409 444 449 485 491 500 503 550 562 605 620 653 685 695 775 779 839 858 901 930 943 947 988 1007 1023 1052 1071 1093 1096 
S 2: 0 | 59 64 66 83 86 115 155 156 198 217 226 267 278 298 305 341 357 378 384 409 444 449 485 491 500 503 550 562 605 620 653 685 695 775 779 839 858 901 930 943 947 988 1007 1023 1052 1071 1093 1096 
S 3: 0 | 59 64 66 83 86 115 155 156 198 217 226 267 278 298 305 341 357 378 384 409 444 449 485 491 500 503 550 562 605 620 653 685 695 775 779 839 858 901 930 943 947 988 1007 1023 1052 1071 1093 1096 
S 4: 0 | 59 64 66 83 86 115 155 156 198 217 226 267 278 298 305 341 357 378 384 409 444 449 485 491 500 503 550 562 605 620 653 685 695 775 779 839 858 901 930 943 947 988 1007 1023 1052 1071 1093 1096 
ALL EQUAL

Final time = 58.9005
Final solution cost = 5083
