Reading instance small_stp_instances/gr48_10_03.stp of type D
Finished instance reading
Number of vertices = 48
Number of edges (resources) = 1128
Number of scenarios = 10
Average number of terminals per scenario = 48
Probabilities of Scenarios: (0) 0.01 | (1) 0.16 | (2) 0.17 | (3) 0.26 | (4) 0.04 | (5) 0.16 | (6) 0.03 | (7) 0.05 | (8) 0.05 | (9) 0.07 | 
Average weighted inflation = 0.148479
Largest inflation = 0.299766
MAX_ITERATIONS_SINCE_LAST_IMPROVEMENT 2
MAX_ITERATIONS_SINCE_BEST_SOLUTION 3
Creating solution instance.
Starting Evolutive Framework.
Local search solution cost = 5092
Local search time = 85.1413
85.1414 local search - EF main loop cycle 0 solution cost 5092
85.145s Cost of SP solution after second stage solver 5092
Local search solution cost = 5092
Local search time = 7.88266
93.0276 local search - EF main loop cycle 1 solution cost 5092
93.0311s Cost of SP solution after second stage solver 5092
Local search solution cost = 5092
Local search time = 7.87511
100.906 local search - EF main loop cycle 2 solution cost 5092
100.91s Cost of SP solution after second stage solver 5092
Number of cycles 3
Time for each cycle 33.6366
100.913s Cost of SP solution after tail step 5092
SELECTED RESOURCES:
59 64 66 83 86 115 128 155 156 217 230 267 278 298 305 341 357 378 384 409 444 449 485 491 500 503 545 550 562 605 620 653 685 695 775 779 807 839 858 943 947 988 1007 1033 1071 1077 1093 1096 
SCENARIO'S RESOURCES:
S 0: 0 | 59 64 66 83 86 115 128 155 156 217 230 267 278 298 305 341 357 378 384 409 444 449 485 491 500 503 545 550 562 605 620 653 685 695 775 779 807 839 858 943 947 988 1007 1033 1071 1077 1093 1096 
S 1: 0 | 59 64 66 83 86 115 128 155 156 217 230 267 278 298 305 341 357 378 384 409 444 449 485 491 500 503 545 550 562 605 620 653 685 695 775 779 807 839 858 943 947 988 1007 1033 1071 1077 1093 1096 
S 2: 0 | 59 64 66 83 86 115 128 155 156 217 230 267 278 298 305 341 357 378 384 409 444 449 485 491 500 503 545 550 562 605 620 653 685 695 775 779 807 839 858 943 947 988 1007 1033 1071 1077 1093 1096 
S 3: 0 | 59 64 66 83 86 115 128 155 156 217 230 267 278 298 305 341 357 378 384 409 444 449 485 491 500 503 545 550 562 605 620 653 685 695 775 779 807 839 858 943 947 988 1007 1033 1071 1077 1093 1096 
S 4: 0 | 59 64 66 83 86 115 128 155 156 217 230 267 278 298 305 341 357 378 384 409 444 449 485 491 500 503 545 550 562 605 620 653 685 695 775 779 807 839 858 943 947 988 1007 1033 1071 1077 1093 1096 
S 5: 0 | 59 64 66 83 86 115 128 155 156 217 230 267 278 298 305 341 357 378 384 409 444 449 485 491 500 503 545 550 562 605 620 653 685 695 775 779 807 839 858 943 947 988 1007 1033 1071 1077 1093 1096 
S 6: 0 | 59 64 66 83 86 115 128 155 156 217 230 267 278 298 305 341 357 378 384 409 444 449 485 491 500 503 545 550 562 605 620 653 685 695 775 779 807 839 858 943 947 988 1007 1033 1071 1077 1093 1096 
S 7: 0 | 59 64 66 83 86 115 128 155 156 217 230 267 278 298 305 341 357 378 384 409 444 449 485 491 500 503 545 550 562 605 620 653 685 695 775 779 807 839 858 943 947 988 1007 1033 1071 1077 1093 1096 
S 8: 0 | 59 64 66 83 86 115 128 155 156 217 230 267 278 298 305 341 357 378 384 409 444 449 485 491 500 503 545 550 562 605 620 653 685 695 775 779 807 839 858 943 947 988 1007 1033 1071 1077 1093 1096 
S 9: 0 | 59 64 66 83 86 115 128 155 156 217 230 267 278 298 305 341 357 378 384 409 444 449 485 491 500 503 545 550 562 605 620 653 685 695 775 779 807 839 858 943 947 988 1007 1033 1071 1077 1093 1096 
ALL EQUAL

Final time = 100.92
Final solution cost = 5092
