Reading instance small_stp_instances/gr48_20_10.stp of type D
Finished instance reading
Number of vertices = 48
Number of edges (resources) = 1128
Number of scenarios = 20
Average number of terminals per scenario = 48
Probabilities of Scenarios: (0) 0.09 | (1) 0.08 | (2) 0.08 | (3) 0.09 | (4) 0.03 | (5) 0.02 | (6) 0.04 | (7) 0.05 | (8) 0.04 | (9) 0.02 | (10) 0.03 | (11) 0.02 | (12) 0.04 | (13) 0.01 | (14) 0.03 | (15) 0.05 | (16) 0.1 | (17) 0.03 | (18) 0.08 | (19) 0.07 | 
Average weighted inflation = 0.49318
Largest inflation = 0.998447
MAX_ITERATIONS_SINCE_LAST_IMPROVEMENT 2
MAX_ITERATIONS_SINCE_BEST_SOLUTION 3
Creating solution instance.
Starting Evolutive Framework.
Local search solution cost = 5190
Local search time = 181.714
181.714 local search - EF main loop cycle 0 solution cost 5190
181.721s Cost of SP solution after second stage solver 5190
Local search solution cost = 5190
Local search time = 15.8644
197.586 local search - EF main loop cycle 1 solution cost 5190
197.593s Cost of SP solution after second stage solver 5190
Local search solution cost = 5190
Local search time = 15.8597
213.452 local search - EF main loop cycle 2 solution cost 5190
213.459s Cost of SP solution after second stage solver 5190
Number of cycles 3
Time for each cycle 71.1532
213.467s Cost of SP solution after tail step 5190
SELECTED RESOURCES:
5 15 59 64 83 86 115 117 128 156 172 217 230 267 278 305 341 357 378 424 444 449 485 491 500 503 550 562 605 620 653 685 695 777 779 802 854 858 885 930 943 988 1007 1023 1052 1079 1093 1109 
SCENARIO'S RESOURCES:
S 0: 0 | 5 15 59 64 83 86 115 117 128 156 172 217 230 267 278 305 341 357 378 424 444 449 485 491 500 503 550 562 605 620 653 685 695 777 779 802 854 858 885 930 943 988 1007 1023 1052 1079 1093 1109 
S 1: 0 | 5 15 59 64 83 86 115 117 128 156 172 217 230 267 278 305 341 357 378 424 444 449 485 491 500 503 550 562 605 620 653 685 695 777 779 802 854 858 885 930 943 988 1007 1023 1052 1079 1093 1109 
S 2: 0 | 5 15 59 64 83 86 115 117 128 156 172 217 230 267 278 305 341 357 378 424 444 449 485 491 500 503 550 562 605 620 653 685 695 777 779 802 854 858 885 930 943 988 1007 1023 1052 1079 1093 1109 
S 3: 0 | 5 15 59 64 83 86 115 117 128 156 172 217 230 267 278 305 341 357 378 424 444 449 485 491 500 503 550 562 605 620 653 685 695 777 779 802 854 858 885 930 943 988 1007 1023 1052 1079 1093 1109 
S 4: 0 | 5 15 59 64 83 86 115 117 128 156 172 217 230 267 278 305 341 357 378 424 444 449 485 491 500 503 550 562 605 620 653 685 695 777 779 802 854 858 885 930 943 988 1007 1023 1052 1079 1093 1109 
S 5: 0 | 5 15 59 64 83 86 115 117 128 156 172 217 230 267 278 305 341 357 378 424 444 449 485 491 500 503 550 562 605 620 653 685 695 777 779 802 854 858 885 930 943 988 1007 1023 1052 1079 1093 1109 
S 6: 0 | 5 15 59 64 83 86 115 117 128 156 172 217 230 267 278 305 341 357 378 424 444 449 485 491 500 503 550 562 605 620 653 685 695 777 779 802 854 858 885 930 943 988 1007 1023 1052 1079 1093 1109 
S 7: 0 | 5 15 59 64 83 86 115 117 128 156 172 217 230 267 278 305 341 357 378 424 444 449 485 491 500 503 550 562 605 620 653 685 695 777 779 802 854 858 885 930 943 988 1007 1023 1052 1079 1093 1109 
S 8: 0 | 5 15 59 64 83 86 115 117 128 156 172 217 230 267 278 305 341 357 378 424 444 449 485 491 500 503 550 562 605 620 653 685 695 777 779 802 854 858 885 930 943 988 1007 1023 1052 1079 1093 1109 
S 9: 0 | 5 15 59 64 83 86 115 117 128 156 172 217 230 267 278 305 341 357 378 424 444 449 485 491 500 503 550 562 605 620 653 685 695 777 779 802 854 858 885 930 943 988 1007 1023 1052 1079 1093 1109 
S 10: 0 | 5 15 59 64 83 86 115 117 128 156 172 217 230 267 278 305 341 357 378 424 444 449 485 491 500 503 550 562 605 620 653 685 695 777 779 802 854 858 885 930 943 988 1007 1023 1052 1079 1093 1109 
S 11: 0 | 5 15 59 64 83 86 115 117 128 156 172 217 230 267 278 305 341 357 378 424 444 449 485 491 500 503 550 562 605 620 653 685 695 777 779 802 854 858 885 930 943 988 1007 1023 1052 1079 1093 1109 
S 12: 0 | 5 15 59 64 83 86 115 117 128 156 172 217 230 267 278 305 341 357 378 424 444 449 485 491 500 503 550 562 605 620 653 685 695 777 779 802 854 858 885 930 943 988 1007 1023 1052 1079 1093 1109 
S 13: 0 | 5 15 59 64 83 86 115 117 128 156 172 217 230 267 278 305 341 357 378 424 444 449 485 491 500 503 550 562 605 620 653 685 695 777 779 802 854 858 885 930 943 988 1007 1023 1052 1079 1093 1109 
S 14: 0 | 5 15 59 64 83 86 115 117 128 156 172 217 230 267 278 305 341 357 378 424 444 449 485 491 500 503 550 562 605 620 653 685 695 777 779 802 854 858 885 930 943 988 1007 1023 1052 1079 1093 1109 
S 15: 0 | 5 15 59 64 83 86 115 117 128 156 172 217 230 267 278 305 341 357 378 424 444 449 485 491 500 503 550 562 605 620 653 685 695 777 779 802 854 858 885 930 943 988 1007 1023 1052 1079 1093 1109 
S 16: 0 | 5 15 59 64 83 86 115 117 128 156 172 217 230 267 278 305 341 357 378 424 444 449 485 491 500 503 550 562 605 620 653 685 695 777 779 802 854 858 885 930 943 988 1007 1023 1052 1079 1093 1109 
S 17: 0 | 5 15 59 64 83 86 115 117 128 156 172 217 230 267 278 305 341 357 378 424 444 449 485 491 500 503 550 562 605 620 653 685 695 777 779 802 854 858 885 930 943 988 1007 1023 1052 1079 1093 1109 
S 18: 0 | 5 15 59 64 83 86 115 117 128 156 172 217 230 267 278 305 341 357 378 424 444 449 485 491 500 503 550 562 605 620 653 685 695 777 779 802 854 858 885 930 943 988 1007 1023 1052 1079 1093 1109 
S 19: 0 | 5 15 59 64 83 86 115 117 128 156 172 217 230 267 278 305 341 357 378 424 444 449 485 491 500 503 550 562 605 620 653 685 695 777 779 802 854 858 885 930 943 988 1007 1023 1052 1079 1093 1109 
ALL EQUAL

Final time = 213.478
Final solution cost = 5190
