Reading instance small_stp_instances/hk48_20_10.stp of type D
Finished instance reading
Number of vertices = 48
Number of edges (resources) = 1128
Number of scenarios = 20
Average number of terminals per scenario = 48
Probabilities of Scenarios: (0) 0.03 | (1) 0.03 | (2) 0.03 | (3) 0.06 | (4) 0.01 | (5) 0.07 | (6) 0.09 | (7) 0.01 | (8) 0.04 | (9) 0.02 | (10) 0.07 | (11) 0.06 | (12) 0 | (13) 0.03 | (14) 0.03 | (15) 0.13 | (16) 0.01 | (17) 0.08 | (18) 0.1 | (19) 0.1 | 
Average weighted inflation = 0.499667
Largest inflation = 0.999514
MAX_ITERATIONS_SINCE_LAST_IMPROVEMENT 2
MAX_ITERATIONS_SINCE_BEST_SOLUTION 3
Creating solution instance.
Starting Evolutive Framework.
Local search solution cost = 11741
Local search time = 141.012
141.012 local search - EF main loop cycle 0 solution cost 11741
141.019s Cost of SP solution after second stage solver 11741
Local search solution cost = 11741
Local search time = 15.7294
156.749 local search - EF main loop cycle 1 solution cost 11741
156.756s Cost of SP solution after second stage solver 11741
Local search solution cost = 11741
Local search time = 15.7314
172.488 local search - EF main loop cycle 2 solution cost 11741
172.495s Cost of SP solution after second stage solver 11741
Number of cycles 3
Time for each cycle 57.4982
172.502s Cost of SP solution after tail step 11741
SELECTED RESOURCES:
0 8 26 44 48 84 92 115 147 149 153 174 221 222 239 278 363 382 403 428 451 454 489 492 516 525 533 577 584 628 648 656 701 750 778 803 835 875 881 929 941 984 1031 1034 1041 1042 1106 1121 
SCENARIO'S RESOURCES:
S 0: 0 | 0 8 26 44 48 84 92 115 147 149 153 174 221 222 239 278 363 382 403 428 451 454 489 492 516 525 533 577 584 628 648 656 701 750 778 803 835 875 881 929 941 984 1031 1034 1041 1042 1106 1121 
S 1: 0 | 0 8 26 44 48 84 92 115 147 149 153 174 221 222 239 278 363 382 403 428 451 454 489 492 516 525 533 577 584 628 648 656 701 750 778 803 835 875 881 929 941 984 1031 1034 1041 1042 1106 1121 
S 2: 0 | 0 8 26 44 48 84 92 115 147 149 153 174 221 222 239 278 363 382 403 428 451 454 489 492 516 525 533 577 584 628 648 656 701 750 778 803 835 875 881 929 941 984 1031 1034 1041 1042 1106 1121 
S 3: 0 | 0 8 26 44 48 84 92 115 147 149 153 174 221 222 239 278 363 382 403 428 451 454 489 492 516 525 533 577 584 628 648 656 701 750 778 803 835 875 881 929 941 984 1031 1034 1041 1042 1106 1121 
S 4: 0 | 0 8 26 44 48 84 92 115 147 149 153 174 221 222 239 278 363 382 403 428 451 454 489 492 516 525 533 577 584 628 648 656 701 750 778 803 835 875 881 929 941 984 1031 1034 1041 1042 1106 1121 
S 5: 0 | 0 8 26 44 48 84 92 115 147 149 153 174 221 222 239 278 363 382 403 428 451 454 489 492 516 525 533 577 584 628 648 656 701 750 778 803 835 875 881 929 941 984 1031 1034 1041 1042 1106 1121 
S 6: 0 | 0 8 26 44 48 84 92 115 147 149 153 174 221 222 239 278 363 382 403 428 451 454 489 492 516 525 533 577 584 628 648 656 701 750 778 803 835 875 881 929 941 984 1031 1034 1041 1042 1106 1121 
S 7: 0 | 0 8 26 44 48 84 92 115 147 149 153 174 221 222 239 278 363 382 403 428 451 454 489 492 516 525 533 577 584 628 648 656 701 750 778 803 835 875 881 929 941 984 1031 1034 1041 1042 1106 1121 
S 8: 0 | 0 8 26 44 48 84 92 115 147 149 153 174 221 222 239 278 363 382 403 428 451 454 489 492 516 525 533 577 584 628 648 656 701 750 778 803 835 875 881 929 941 984 1031 1034 1041 1042 1106 1121 
S 9: 0 | 0 8 26 44 48 84 92 115 147 149 153 174 221 222 239 278 363 382 403 428 451 454 489 492 516 525 533 577 584 628 648 656 701 750 778 803 835 875 881 929 941 984 1031 1034 1041 1042 1106 1121 
S 10: 0 | 0 8 26 44 48 84 92 115 147 149 153 174 221 222 239 278 363 382 403 428 451 454 489 492 516 525 533 577 584 628 648 656 701 750 778 803 835 875 881 929 941 984 1031 1034 1041 1042 1106 1121 
S 11: 0 | 0 8 26 44 48 84 92 115 147 149 153 174 221 222 239 278 363 382 403 428 451 454 489 492 516 525 533 577 584 628 648 656 701 750 778 803 835 875 881 929 941 984 1031 1034 1041 1042 1106 1121 
S 12: 0 | 0 8 26 44 48 84 92 115 147 149 153 174 221 222 239 278 363 382 403 428 451 454 489 492 516 525 533 577 584 628 648 656 701 750 778 803 835 875 881 929 941 984 1031 1034 1041 1042 1106 1121 
S 13: 0 | 0 8 26 44 48 84 92 115 147 149 153 174 221 222 239 278 363 382 403 428 451 454 489 492 516 525 533 577 584 628 648 656 701 750 778 803 835 875 881 929 941 984 1031 1034 1041 1042 1106 1121 
S 14: 0 | 0 8 26 44 48 84 92 115 147 149 153 174 221 222 239 278 363 382 403 428 451 454 489 492 516 525 533 577 584 628 648 656 701 750 778 803 835 875 881 929 941 984 1031 1034 1041 1042 1106 1121 
S 15: 0 | 0 8 26 44 48 84 92 115 147 149 153 174 221 222 239 278 363 382 403 428 451 454 489 492 516 525 533 577 584 628 648 656 701 750 778 803 835 875 881 929 941 984 1031 1034 1041 1042 1106 1121 
S 16: 0 | 0 8 26 44 48 84 92 115 147 149 153 174 221 222 239 278 363 382 403 428 451 454 489 492 516 525 533 577 584 628 648 656 701 750 778 803 835 875 881 929 941 984 1031 1034 1041 1042 1106 1121 
S 17: 0 | 0 8 26 44 48 84 92 115 147 149 153 174 221 222 239 278 363 382 403 428 451 454 489 492 516 525 533 577 584 628 648 656 701 750 778 803 835 875 881 929 941 984 1031 1034 1041 1042 1106 1121 
S 18: 0 | 0 8 26 44 48 84 92 115 147 149 153 174 221 222 239 278 363 382 403 428 451 454 489 492 516 525 533 577 584 628 648 656 701 750 778 803 835 875 881 929 941 984 1031 1034 1041 1042 1106 1121 
S 19: 0 | 0 8 26 44 48 84 92 115 147 149 153 174 221 222 239 278 363 382 403 428 451 454 489 492 516 525 533 577 584 628 648 656 701 750 778 803 835 875 881 929 941 984 1031 1034 1041 1042 1106 1121 
ALL EQUAL

Final time = 172.513
Final solution cost = 11741
