Reading instance small_stp_instances/hk48_10_05.stp of type D
Finished instance reading
Number of vertices = 48
Number of edges (resources) = 1128
Number of scenarios = 10
Average number of terminals per scenario = 48
Probabilities of Scenarios: (0) 0.08 | (1) 0.08 | (2) 0.15 | (3) 0.07 | (4) 0.06 | (5) 0.12 | (6) 0.18 | (7) 0.14 | (8) 0.1 | (9) 0.02 | 
Average weighted inflation = 0.24937
Largest inflation = 0.499665
MAX_ITERATIONS_SINCE_LAST_IMPROVEMENT 2
MAX_ITERATIONS_SINCE_BEST_SOLUTION 3
Creating solution instance.
Starting Evolutive Framework.
Local search solution cost = 11474
Local search time = 60.719
60.7191 local search - EF main loop cycle 0 solution cost 11474
60.7226s Cost of SP solution after second stage solver 11474
Local search solution cost = 11474
Local search time = 7.86903
68.5917 local search - EF main loop cycle 1 solution cost 11474
68.5952s Cost of SP solution after second stage solver 11474
Local search solution cost = 11474
Local search time = 7.86816
76.4634 local search - EF main loop cycle 2 solution cost 11474
76.4669s Cost of SP solution after second stage solver 11474
Number of cycles 3
Time for each cycle 25.489
76.4704s Cost of SP solution after tail step 11474
SELECTED RESOURCES:
0 8 26 44 92 115 147 149 153 181 221 222 239 278 363 375 403 428 451 454 469 516 525 533 577 584 628 648 656 672 679 750 776 808 811 823 835 875 881 929 941 984 993 1034 1041 1042 1104 1106 
SCENARIO'S RESOURCES:
S 0: 0 | 0 8 26 44 92 115 147 149 153 181 221 222 239 278 363 375 403 428 451 454 469 516 525 533 577 584 628 648 656 672 679 750 776 808 811 823 835 875 881 929 941 984 993 1034 1041 1042 1104 1106 
S 1: 0 | 0 8 26 44 92 115 147 149 153 181 221 222 239 278 363 375 403 428 451 454 469 516 525 533 577 584 628 648 656 672 679 750 776 808 811 823 835 875 881 929 941 984 993 1034 1041 1042 1104 1106 
S 2: 0 | 0 8 26 44 92 115 147 149 153 181 221 222 239 278 363 375 403 428 451 454 469 516 525 533 577 584 628 648 656 672 679 750 776 808 811 823 835 875 881 929 941 984 993 1034 1041 1042 1104 1106 
S 3: 0 | 0 8 26 44 92 115 147 149 153 181 221 222 239 278 363 375 403 428 451 454 469 516 525 533 577 584 628 648 656 672 679 750 776 808 811 823 835 875 881 929 941 984 993 1034 1041 1042 1104 1106 
S 4: 0 | 0 8 26 44 92 115 147 149 153 181 221 222 239 278 363 375 403 428 451 454 469 516 525 533 577 584 628 648 656 672 679 750 776 808 811 823 835 875 881 929 941 984 993 1034 1041 1042 1104 1106 
S 5: 0 | 0 8 26 44 92 115 147 149 153 181 221 222 239 278 363 375 403 428 451 454 469 516 525 533 577 584 628 648 656 672 679 750 776 808 811 823 835 875 881 929 941 984 993 1034 1041 1042 1104 1106 
S 6: 0 | 0 8 26 44 92 115 147 149 153 181 221 222 239 278 363 375 403 428 451 454 469 516 525 533 577 584 628 648 656 672 679 750 776 808 811 823 835 875 881 929 941 984 993 1034 1041 1042 1104 1106 
S 7: 0 | 0 8 26 44 92 115 147 149 153 181 221 222 239 278 363 375 403 428 451 454 469 516 525 533 577 584 628 648 656 672 679 750 776 808 811 823 835 875 881 929 941 984 993 1034 1041 1042 1104 1106 
S 8: 0 | 0 8 26 44 92 115 147 149 153 181 221 222 239 278 363 375 403 428 451 454 469 516 525 533 577 584 628 648 656 672 679 750 776 808 811 823 835 875 881 929 941 984 993 1034 1041 1042 1104 1106 
S 9: 0 | 0 8 26 44 92 115 147 149 153 181 221 222 239 278 363 375 403 428 451 454 469 516 525 533 577 584 628 648 656 672 679 750 776 808 811 823 835 875 881 929 941 984 993 1034 1041 1042 1104 1106 
ALL EQUAL

Final time = 76.4764
Final solution cost = 11474
