Reading instance small_stp_instances/hk48_10_10.stp of type D
Finished instance reading
Number of vertices = 48
Number of edges (resources) = 1128
Number of scenarios = 10
Average number of terminals per scenario = 48
Probabilities of Scenarios: (0) 0.1 | (1) 0.18 | (2) 0.08 | (3) 0.06 | (4) 0.11 | (5) 0.11 | (6) 0.1 | (7) 0.1 | (8) 0.08 | (9) 0.08 | 
Average weighted inflation = 0.503559
Largest inflation = 0.999321
MAX_ITERATIONS_SINCE_LAST_IMPROVEMENT 2
MAX_ITERATIONS_SINCE_BEST_SOLUTION 3
Creating solution instance.
Starting Evolutive Framework.
Local search solution cost = 12509.3
Local search time = 82.2888
82.2889 local search - EF main loop cycle 0 solution cost 12509.3
82.31s Cost of SP solution after second stage solver 12509.3
Local search solution cost = 11910
Local search time = 8.9659
91.2759 local search - EF main loop cycle 1 solution cost 11910
91.2794s Cost of SP solution after second stage solver 11910
Local search solution cost = 11910
Local search time = 8.36639
99.6458 local search - EF main loop cycle 2 solution cost 11910
99.6493s Cost of SP solution after second stage solver 11910
Local search solution cost = 11910
Local search time = 8.36827
108.018 local search - EF main loop cycle 3 solution cost 11910
108.021s Cost of SP solution after second stage solver 11910
Number of cycles 4
Time for each cycle 27.0053
108.025s Cost of SP solution after tail step 11910
SELECTED RESOURCES:
0 8 26 44 92 115 147 149 153 174 221 222 239 278 363 382 403 428 451 454 489 492 516 525 533 577 584 628 648 656 672 679 750 776 803 823 830 875 881 929 941 984 1005 1034 1041 1042 1106 1121 
SCENARIO'S RESOURCES:
S 0: 0 | 0 8 26 44 92 115 147 149 153 174 221 222 239 278 363 382 403 428 451 454 489 492 516 525 533 577 584 628 648 656 672 679 750 776 803 823 830 875 881 929 941 984 1005 1034 1041 1042 1106 1121 
S 1: 0 | 0 8 26 44 92 115 147 149 153 174 221 222 239 278 363 382 403 428 451 454 489 492 516 525 533 577 584 628 648 656 672 679 750 776 803 823 830 875 881 929 941 984 1005 1034 1041 1042 1106 1121 
S 2: 0 | 0 8 26 44 92 115 147 149 153 174 221 222 239 278 363 382 403 428 451 454 489 492 516 525 533 577 584 628 648 656 672 679 750 776 803 823 830 875 881 929 941 984 1005 1034 1041 1042 1106 1121 
S 3: 0 | 0 8 26 44 92 115 147 149 153 174 221 222 239 278 363 382 403 428 451 454 489 492 516 525 533 577 584 628 648 656 672 679 750 776 803 823 830 875 881 929 941 984 1005 1034 1041 1042 1106 1121 
S 4: 0 | 0 8 26 44 92 115 147 149 153 174 221 222 239 278 363 382 403 428 451 454 489 492 516 525 533 577 584 628 648 656 672 679 750 776 803 823 830 875 881 929 941 984 1005 1034 1041 1042 1106 1121 
S 5: 0 | 0 8 26 44 92 115 147 149 153 174 221 222 239 278 363 382 403 428 451 454 489 492 516 525 533 577 584 628 648 656 672 679 750 776 803 823 830 875 881 929 941 984 1005 1034 1041 1042 1106 1121 
S 6: 0 | 0 8 26 44 92 115 147 149 153 174 221 222 239 278 363 382 403 428 451 454 489 492 516 525 533 577 584 628 648 656 672 679 750 776 803 823 830 875 881 929 941 984 1005 1034 1041 1042 1106 1121 
S 7: 0 | 0 8 26 44 92 115 147 149 153 174 221 222 239 278 363 382 403 428 451 454 489 492 516 525 533 577 584 628 648 656 672 679 750 776 803 823 830 875 881 929 941 984 1005 1034 1041 1042 1106 1121 
S 8: 0 | 0 8 26 44 92 115 147 149 153 174 221 222 239 278 363 382 403 428 451 454 489 492 516 525 533 577 584 628 648 656 672 679 750 776 803 823 830 875 881 929 941 984 1005 1034 1041 1042 1106 1121 
S 9: 0 | 0 8 26 44 92 115 147 149 153 174 221 222 239 278 363 382 403 428 451 454 489 492 516 525 533 577 584 628 648 656 672 679 750 776 803 823 830 875 881 929 941 984 1005 1034 1041 1042 1106 1121 
ALL EQUAL

Final time = 108.031
Final solution cost = 11910
