Reading instance small_stp_instances/hk48_20_05.stp of type D
Finished instance reading
Number of vertices = 48
Number of edges (resources) = 1128
Number of scenarios = 20
Average number of terminals per scenario = 48
Probabilities of Scenarios: (0) 0.09 | (1) 0.08 | (2) 0.02 | (3) 0 | (4) 0.09 | (5) 0.06 | (6) 0.02 | (7) 0.03 | (8) 0.11 | (9) 0 | (10) 0.14 | (11) 0.06 | (12) 0.06 | (13) 0 | (14) 0.02 | (15) 0.08 | (16) 0.12 | (17) 0.01 | (18) 0 | (19) 0.01 | 
Average weighted inflation = 0.25075
Largest inflation = 0.499756
MAX_ITERATIONS_SINCE_LAST_IMPROVEMENT 2
MAX_ITERATIONS_SINCE_BEST_SOLUTION 3
Creating solution instance.
Starting Evolutive Framework.
Local search solution cost = 11484
Local search time = 120.267
120.267 local search - EF main loop cycle 0 solution cost 11484
120.275s Cost of SP solution after second stage solver 11484
Local search solution cost = 11484
Local search time = 15.7625
136.037 local search - EF main loop cycle 1 solution cost 11484
136.044s Cost of SP solution after second stage solver 11484
Local search solution cost = 11484
Local search time = 15.7805
151.825 local search - EF main loop cycle 2 solution cost 11484
151.832s Cost of SP solution after second stage solver 11484
Number of cycles 3
Time for each cycle 50.6105
151.839s Cost of SP solution after tail step 11484
SELECTED RESOURCES:
0 8 26 44 92 115 147 149 153 181 221 222 239 278 363 382 403 428 451 454 489 516 525 533 577 584 628 648 656 672 679 750 776 807 811 823 835 875 881 929 941 984 993 1034 1041 1042 1104 1106 
SCENARIO'S RESOURCES:
S 0: 0 | 0 8 26 44 92 115 147 149 153 181 221 222 239 278 363 382 403 428 451 454 489 516 525 533 577 584 628 648 656 672 679 750 776 807 811 823 835 875 881 929 941 984 993 1034 1041 1042 1104 1106 
S 1: 0 | 0 8 26 44 92 115 147 149 153 181 221 222 239 278 363 382 403 428 451 454 489 516 525 533 577 584 628 648 656 672 679 750 776 807 811 823 835 875 881 929 941 984 993 1034 1041 1042 1104 1106 
S 2: 0 | 0 8 26 44 92 115 147 149 153 181 221 222 239 278 363 382 403 428 451 454 489 516 525 533 577 584 628 648 656 672 679 750 776 807 811 823 835 875 881 929 941 984 993 1034 1041 1042 1104 1106 
S 3: 0 | 0 8 26 44 92 115 147 149 153 181 221 222 239 278 363 382 403 428 451 454 489 516 525 533 577 584 628 648 656 672 679 750 776 807 811 823 835 875 881 929 941 984 993 1034 1041 1042 1104 1106 
S 4: 0 | 0 8 26 44 92 115 147 149 153 181 221 222 239 278 363 382 403 428 451 454 489 516 525 533 577 584 628 648 656 672 679 750 776 807 811 823 835 875 881 929 941 984 993 1034 1041 1042 1104 1106 
S 5: 0 | 0 8 26 44 92 115 147 149 153 181 221 222 239 278 363 382 403 428 451 454 489 516 525 533 577 584 628 648 656 672 679 750 776 807 811 823 835 875 881 929 941 984 993 1034 1041 1042 1104 1106 
S 6: 0 | 0 8 26 44 92 115 147 149 153 181 221 222 239 278 363 382 403 428 451 454 489 516 525 533 577 584 628 648 656 672 679 750 776 807 811 823 835 875 881 929 941 984 993 1034 1041 1042 1104 1106 
S 7: 0 | 0 8 26 44 92 115 147 149 153 181 221 222 239 278 363 382 403 428 451 454 489 516 525 533 577 584 628 648 656 672 679 750 776 807 811 823 835 875 881 929 941 984 993 1034 1041 1042 1104 1106 
S 8: 0 | 0 8 26 44 92 115 147 149 153 181 221 222 239 278 363 382 403 428 451 454 489 516 525 533 577 584 628 648 656 672 679 750 776 807 811 823 835 875 881 929 941 984 993 1034 1041 1042 1104 1106 
S 9: 0 | 0 8 26 44 92 115 147 149 153 181 221 222 239 278 363 382 403 428 451 454 489 516 525 533 577 584 628 648 656 672 679 750 776 807 811 823 835 875 881 929 941 984 993 1034 1041 1042 1104 1106 
S 10: 0 | 0 8 26 44 92 115 147 149 153 181 221 222 239 278 363 382 403 428 451 454 489 516 525 533 577 584 628 648 656 672 679 750 776 807 811 823 835 875 881 929 941 984 993 1034 1041 1042 1104 1106 
S 11: 0 | 0 8 26 44 92 115 147 149 153 181 221 222 239 278 363 382 403 428 451 454 489 516 525 533 577 584 628 648 656 672 679 750 776 807 811 823 835 875 881 929 941 984 993 1034 1041 1042 1104 1106 
S 12: 0 | 0 8 26 44 92 115 147 149 153 181 221 222 239 278 363 382 403 428 451 454 489 516 525 533 577 584 628 648 656 672 679 750 776 807 811 823 835 875 881 929 941 984 993 1034 1041 1042 1104 1106 
S 13: 0 | 0 8 26 44 92 115 147 149 153 181 221 222 239 278 363 382 403 428 451 454 489 516 525 533 577 584 628 648 656 672 679 750 776 807 811 823 835 875 881 929 941 984 993 1034 1041 1042 1104 1106 
S 14: 0 | 0 8 26 44 92 115 147 149 153 181 221 222 239 278 363 382 403 428 451 454 489 516 525 533 577 584 628 648 656 672 679 750 776 807 811 823 835 875 881 929 941 984 993 1034 1041 1042 1104 1106 
S 15: 0 | 0 8 26 44 92 115 147 149 153 181 221 222 239 278 363 382 403 428 451 454 489 516 525 533 577 584 628 648 656 672 679 750 776 807 811 823 835 875 881 929 941 984 993 1034 1041 1042 1104 1106 
S 16: 0 | 0 8 26 44 92 115 147 149 153 181 221 222 239 278 363 382 403 428 451 454 489 516 525 533 577 584 628 648 656 672 679 750 776 807 811 823 835 875 881 929 941 984 993 1034 1041 1042 1104 1106 
S 17: 0 | 0 8 26 44 92 115 147 149 153 181 221 222 239 278 363 382 403 428 451 454 489 516 525 533 577 584 628 648 656 672 679 750 776 807 811 823 835 875 881 929 941 984 993 1034 1041 1042 1104 1106 
S 18: 0 | 0 8 26 44 92 115 147 149 153 181 221 222 239 278 363 382 403 428 451 454 489 516 525 533 577 584 628 648 656 672 679 750 776 807 811 823 835 875 881 929 941 984 993 1034 1041 1042 1104 1106 
S 19: 0 | 0 8 26 44 92 115 147 149 153 181 221 222 239 278 363 382 403 428 451 454 489 516 525 533 577 584 628 648 656 672 679 750 776 807 811 823 835 875 881 929 941 984 993 1034 1041 1042 1104 1106 
ALL EQUAL

Final time = 151.85
Final solution cost = 11484
