Reading instance small_stp_instances/hk48_10_03.stp of type D
Finished instance reading
Number of vertices = 48
Number of edges (resources) = 1128
Number of scenarios = 10
Average number of terminals per scenario = 48
Probabilities of Scenarios: (0) 0.08 | (1) 0.09 | (2) 0.17 | (3) 0.09 | (4) 0.11 | (5) 0 | (6) 0.03 | (7) 0.12 | (8) 0.27 | (9) 0.04 | 
Average weighted inflation = 0.148138
Largest inflation = 0.299831
MAX_ITERATIONS_SINCE_LAST_IMPROVEMENT 2
MAX_ITERATIONS_SINCE_BEST_SOLUTION 3
Creating solution instance.
Starting Evolutive Framework.
Local search solution cost = 11569.9
Local search time = 58.021
58.0211 local search - EF main loop cycle 0 solution cost 11569.9
58.0246s Cost of SP solution after second stage solver 11569.9
Local search solution cost = 11545
Local search time = 7.82552
65.8501 local search - EF main loop cycle 1 solution cost 11545
65.8536s Cost of SP solution after second stage solver 11545
Local search solution cost = 11545
Local search time = 7.8245
73.6782 local search - EF main loop cycle 2 solution cost 11545
73.6817s Cost of SP solution after second stage solver 11545
Local search solution cost = 11545
Local search time = 7.82217
81.5038 local search - EF main loop cycle 3 solution cost 11545
81.5073s Cost of SP solution after second stage solver 11545
Number of cycles 4
Time for each cycle 20.3768
81.5108s Cost of SP solution after tail step 11545
SELECTED RESOURCES:
0 8 26 44 92 115 147 149 153 181 221 222 239 363 375 403 408 428 451 454 489 500 516 533 577 584 628 648 656 672 679 750 776 808 811 823 835 875 881 929 941 984 993 1034 1041 1042 1104 1106 
SCENARIO'S RESOURCES:
S 0: 0 | 0 8 26 44 92 115 147 149 153 181 221 222 239 363 375 403 408 428 451 454 489 500 516 533 577 584 628 648 656 672 679 750 776 808 811 823 835 875 881 929 941 984 993 1034 1041 1042 1104 1106 
S 1: 0 | 0 8 26 44 92 115 147 149 153 181 221 222 239 363 375 403 408 428 451 454 489 500 516 533 577 584 628 648 656 672 679 750 776 808 811 823 835 875 881 929 941 984 993 1034 1041 1042 1104 1106 
S 2: 0 | 0 8 26 44 92 115 147 149 153 181 221 222 239 363 375 403 408 428 451 454 489 500 516 533 577 584 628 648 656 672 679 750 776 808 811 823 835 875 881 929 941 984 993 1034 1041 1042 1104 1106 
S 3: 0 | 0 8 26 44 92 115 147 149 153 181 221 222 239 363 375 403 408 428 451 454 489 500 516 533 577 584 628 648 656 672 679 750 776 808 811 823 835 875 881 929 941 984 993 1034 1041 1042 1104 1106 
S 4: 0 | 0 8 26 44 92 115 147 149 153 181 221 222 239 363 375 403 408 428 451 454 489 500 516 533 577 584 628 648 656 672 679 750 776 808 811 823 835 875 881 929 941 984 993 1034 1041 1042 1104 1106 
S 5: 0 | 0 8 26 44 92 115 147 149 153 181 221 222 239 363 375 403 408 428 451 454 489 500 516 533 577 584 628 648 656 672 679 750 776 808 811 823 835 875 881 929 941 984 993 1034 1041 1042 1104 1106 
S 6: 0 | 0 8 26 44 92 115 147 149 153 181 221 222 239 363 375 403 408 428 451 454 489 500 516 533 577 584 628 648 656 672 679 750 776 808 811 823 835 875 881 929 941 984 993 1034 1041 1042 1104 1106 
S 7: 0 | 0 8 26 44 92 115 147 149 153 181 221 222 239 363 375 403 408 428 451 454 489 500 516 533 577 584 628 648 656 672 679 750 776 808 811 823 835 875 881 929 941 984 993 1034 1041 1042 1104 1106 
S 8: 0 | 0 8 26 44 92 115 147 149 153 181 221 222 239 363 375 403 408 428 451 454 489 500 516 533 577 584 628 648 656 672 679 750 776 808 811 823 835 875 881 929 941 984 993 1034 1041 1042 1104 1106 
S 9: 0 | 0 8 26 44 92 115 147 149 153 181 221 222 239 363 375 403 408 428 451 454 489 500 516 533 577 584 628 648 656 672 679 750 776 808 811 823 835 875 881 929 941 984 993 1034 1041 1042 1104 1106 
ALL EQUAL

Final time = 81.5168
Final solution cost = 11545
