Reading instance small_stp_instances/kroA150_10_03.stp of type D
Finished instance reading
Number of vertices = 150
Number of edges (resources) = 11175
Number of scenarios = 10
Average number of terminals per scenario = 150
Probabilities of Scenarios: (0) 0.17 | (1) 0.04 | (2) 0.03 | (3) 0.15 | (4) 0.25 | (5) 0.17 | (6) 0.04 | (7) 0.07 | (8) 0.01 | (9) 0.07 | 
Average weighted inflation = 0.149167
Largest inflation = 0.299927
MAX_ITERATIONS_SINCE_LAST_IMPROVEMENT 2
MAX_ITERATIONS_SINCE_BEST_SOLUTION 3
Creating solution instance.
Starting Evolutive Framework.
Local search solution cost = 26695.8
Local search time = 7720.9
7720.9 local search - EF main loop cycle 0 solution cost 26695.8
7720.93s Cost of SP solution after second stage solver 26695.8
Local search solution cost = 26676
Local search time = 579.251
8300.18 local search - EF main loop cycle 1 solution cost 26676
8300.2s Cost of SP solution after second stage solver 26676
Local search solution cost = 26676
Local search time = 578.269
8878.47 local search - EF main loop cycle 2 solution cost 26676
8878.5s Cost of SP solution after second stage solver 26676
Number of cycles 3
Time for each cycle 2959.5
8878.52s Cost of SP solution after tail step 26676
SELECTED RESOURCES:
34 80 130 134 156 182 270 336 475 634 689 827 960 992 1018 1094 1133 1219 1279 1379 1417 1546 1559 1794 1820 1889 1891 1896 1992 2019 2341 2367 2411 2455 2505 2623 2624 2648 2719 2787 2807 2872 2977 3111 3184 3217 3354 3375 3412 3553 3596 3604 3756 3793 3858 3964 3999 4049 4102 4213 4293 4299 4383 4503 4542 4634 4678 4746 4788 4898 4921 4979 4988 5148 5290 5422 5538 5728 5737 5809 5824 5945 5962 6096 6098 6211 6225 6287 6371 6604 6636 6678 6703 6850 6999 7135 7169 7246 7301 7339 7423 7495 7528 7620 7676 7712 7831 7844 7910 7933 8043 8153 8193 8256 8283 8431 8477 8543 8626 8734 8830 8883 8995 9085 9172 9197 9258 9448 9508 9544 9725 9788 9803 9974 10066 10129 10154 10266 10382 10435 10472 10542 10621 10687 10868 10872 10932 10997 11060 11087 
SCENARIO'S RESOURCES:
S 0: 0 | 34 80 130 134 156 182 270 336 475 634 689 827 960 992 1018 1094 1133 1219 1279 1379 1417 1546 1559 1794 1820 1889 1891 1896 1992 2019 2341 2367 2411 2455 2505 2623 2624 2648 2719 2787 2807 2872 2977 3111 3184 3217 3354 3375 3412 3553 3596 3604 3756 3793 3858 3964 3999 4049 4102 4213 4293 4299 4383 4503 4542 4634 4678 4746 4788 4898 4921 4979 4988 5148 5290 5422 5538 5728 5737 5809 5824 5945 5962 6096 6098 6211 6225 6287 6371 6604 6636 6678 6703 6850 6999 7135 7169 7246 7301 7339 7423 7495 7528 7620 7676 7712 7831 7844 7910 7933 8043 8153 8193 8256 8283 8431 8477 8543 8626 8734 8830 8883 8995 9085 9172 9197 9258 9448 9508 9544 9725 9788 9803 9974 10066 10129 10154 10266 10382 10435 10472 10542 10621 10687 10868 10872 10932 10997 11060 11087 
S 1: 0 | 34 80 130 134 156 182 270 336 475 634 689 827 960 992 1018 1094 1133 1219 1279 1379 1417 1546 1559 1794 1820 1889 1891 1896 1992 2019 2341 2367 2411 2455 2505 2623 2624 2648 2719 2787 2807 2872 2977 3111 3184 3217 3354 3375 3412 3553 3596 3604 3756 3793 3858 3964 3999 4049 4102 4213 4293 4299 4383 4503 4542 4634 4678 4746 4788 4898 4921 4979 4988 5148 5290 5422 5538 5728 5737 5809 5824 5945 5962 6096 6098 6211 6225 6287 6371 6604 6636 6678 6703 6850 6999 7135 7169 7246 7301 7339 7423 7495 7528 7620 7676 7712 7831 7844 7910 7933 8043 8153 8193 8256 8283 8431 8477 8543 8626 8734 8830 8883 8995 9085 9172 9197 9258 9448 9508 9544 9725 9788 9803 9974 10066 10129 10154 10266 10382 10435 10472 10542 10621 10687 10868 10872 10932 10997 11060 11087 
S 2: 0 | 34 80 130 134 156 182 270 336 475 634 689 827 960 992 1018 1094 1133 1219 1279 1379 1417 1546 1559 1794 1820 1889 1891 1896 1992 2019 2341 2367 2411 2455 2505 2623 2624 2648 2719 2787 2807 2872 2977 3111 3184 3217 3354 3375 3412 3553 3596 3604 3756 3793 3858 3964 3999 4049 4102 4213 4293 4299 4383 4503 4542 4634 4678 4746 4788 4898 4921 4979 4988 5148 5290 5422 5538 5728 5737 5809 5824 5945 5962 6096 6098 6211 6225 6287 6371 6604 6636 6678 6703 6850 6999 7135 7169 7246 7301 7339 7423 7495 7528 7620 7676 7712 7831 7844 7910 7933 8043 8153 8193 8256 8283 8431 8477 8543 8626 8734 8830 8883 8995 9085 9172 9197 9258 9448 9508 9544 9725 9788 9803 9974 10066 10129 10154 10266 10382 10435 10472 10542 10621 10687 10868 10872 10932 10997 11060 11087 
S 3: 0 | 34 80 130 134 156 182 270 336 475 634 689 827 960 992 1018 1094 1133 1219 1279 1379 1417 1546 1559 1794 1820 1889 1891 1896 1992 2019 2341 2367 2411 2455 2505 2623 2624 2648 2719 2787 2807 2872 2977 3111 3184 3217 3354 3375 3412 3553 3596 3604 3756 3793 3858 3964 3999 4049 4102 4213 4293 4299 4383 4503 4542 4634 4678 4746 4788 4898 4921 4979 4988 5148 5290 5422 5538 5728 5737 5809 5824 5945 5962 6096 6098 6211 6225 6287 6371 6604 6636 6678 6703 6850 6999 7135 7169 7246 7301 7339 7423 7495 7528 7620 7676 7712 7831 7844 7910 7933 8043 8153 8193 8256 8283 8431 8477 8543 8626 8734 8830 8883 8995 9085 9172 9197 9258 9448 9508 9544 9725 9788 9803 9974 10066 10129 10154 10266 10382 10435 10472 10542 10621 10687 10868 10872 10932 10997 11060 11087 
S 4: 0 | 34 80 130 134 156 182 270 336 475 634 689 827 960 992 1018 1094 1133 1219 1279 1379 1417 1546 1559 1794 1820 1889 1891 1896 1992 2019 2341 2367 2411 2455 2505 2623 2624 2648 2719 2787 2807 2872 2977 3111 3184 3217 3354 3375 3412 3553 3596 3604 3756 3793 3858 3964 3999 4049 4102 4213 4293 4299 4383 4503 4542 4634 4678 4746 4788 4898 4921 4979 4988 5148 5290 5422 5538 5728 5737 5809 5824 5945 5962 6096 6098 6211 6225 6287 6371 6604 6636 6678 6703 6850 6999 7135 7169 7246 7301 7339 7423 7495 7528 7620 7676 7712 7831 7844 7910 7933 8043 8153 8193 8256 8283 8431 8477 8543 8626 8734 8830 8883 8995 9085 9172 9197 9258 9448 9508 9544 9725 9788 9803 9974 10066 10129 10154 10266 10382 10435 10472 10542 10621 10687 10868 10872 10932 10997 11060 11087 
S 5: 0 | 34 80 130 134 156 182 270 336 475 634 689 827 960 992 1018 1094 1133 1219 1279 1379 1417 1546 1559 1794 1820 1889 1891 1896 1992 2019 2341 2367 2411 2455 2505 2623 2624 2648 2719 2787 2807 2872 2977 3111 3184 3217 3354 3375 3412 3553 3596 3604 3756 3793 3858 3964 3999 4049 4102 4213 4293 4299 4383 4503 4542 4634 4678 4746 4788 4898 4921 4979 4988 5148 5290 5422 5538 5728 5737 5809 5824 5945 5962 6096 6098 6211 6225 6287 6371 6604 6636 6678 6703 6850 6999 7135 7169 7246 7301 7339 7423 7495 7528 7620 7676 7712 7831 7844 7910 7933 8043 8153 8193 8256 8283 8431 8477 8543 8626 8734 8830 8883 8995 9085 9172 9197 9258 9448 9508 9544 9725 9788 9803 9974 10066 10129 10154 10266 10382 10435 10472 10542 10621 10687 10868 10872 10932 10997 11060 11087 
S 6: 0 | 34 80 130 134 156 182 270 336 475 634 689 827 960 992 1018 1094 1133 1219 1279 1379 1417 1546 1559 1794 1820 1889 1891 1896 1992 2019 2341 2367 2411 2455 2505 2623 2624 2648 2719 2787 2807 2872 2977 3111 3184 3217 3354 3375 3412 3553 3596 3604 3756 3793 3858 3964 3999 4049 4102 4213 4293 4299 4383 4503 4542 4634 4678 4746 4788 4898 4921 4979 4988 5148 5290 5422 5538 5728 5737 5809 5824 5945 5962 6096 6098 6211 6225 6287 6371 6604 6636 6678 6703 6850 6999 7135 7169 7246 7301 7339 7423 7495 7528 7620 7676 7712 7831 7844 7910 7933 8043 8153 8193 8256 8283 8431 8477 8543 8626 8734 8830 8883 8995 9085 9172 9197 9258 9448 9508 9544 9725 9788 9803 9974 10066 10129 10154 10266 10382 10435 10472 10542 10621 10687 10868 10872 10932 10997 11060 11087 
S 7: 0 | 34 80 130 134 156 182 270 336 475 634 689 827 960 992 1018 1094 1133 1219 1279 1379 1417 1546 1559 1794 1820 1889 1891 1896 1992 2019 2341 2367 2411 2455 2505 2623 2624 2648 2719 2787 2807 2872 2977 3111 3184 3217 3354 3375 3412 3553 3596 3604 3756 3793 3858 3964 3999 4049 4102 4213 4293 4299 4383 4503 4542 4634 4678 4746 4788 4898 4921 4979 4988 5148 5290 5422 5538 5728 5737 5809 5824 5945 5962 6096 6098 6211 6225 6287 6371 6604 6636 6678 6703 6850 6999 7135 7169 7246 7301 7339 7423 7495 7528 7620 7676 7712 7831 7844 7910 7933 8043 8153 8193 8256 8283 8431 8477 8543 8626 8734 8830 8883 8995 9085 9172 9197 9258 9448 9508 9544 9725 9788 9803 9974 10066 10129 10154 10266 10382 10435 10472 10542 10621 10687 10868 10872 10932 10997 11060 11087 
S 8: 0 | 34 80 130 134 156 182 270 336 475 634 689 827 960 992 1018 1094 1133 1219 1279 1379 1417 1546 1559 1794 1820 1889 1891 1896 1992 2019 2341 2367 2411 2455 2505 2623 2624 2648 2719 2787 2807 2872 2977 3111 3184 3217 3354 3375 3412 3553 3596 3604 3756 3793 3858 3964 3999 4049 4102 4213 4293 4299 4383 4503 4542 4634 4678 4746 4788 4898 4921 4979 4988 5148 5290 5422 5538 5728 5737 5809 5824 5945 5962 6096 6098 6211 6225 6287 6371 6604 6636 6678 6703 6850 6999 7135 7169 7246 7301 7339 7423 7495 7528 7620 7676 7712 7831 7844 7910 7933 8043 8153 8193 8256 8283 8431 8477 8543 8626 8734 8830 8883 8995 9085 9172 9197 9258 9448 9508 9544 9725 9788 9803 9974 10066 10129 10154 10266 10382 10435 10472 10542 10621 10687 10868 10872 10932 10997 11060 11087 
S 9: 0 | 34 80 130 134 156 182 270 336 475 634 689 827 960 992 1018 1094 1133 1219 1279 1379 1417 1546 1559 1794 1820 1889 1891 1896 1992 2019 2341 2367 2411 2455 2505 2623 2624 2648 2719 2787 2807 2872 2977 3111 3184 3217 3354 3375 3412 3553 3596 3604 3756 3793 3858 3964 3999 4049 4102 4213 4293 4299 4383 4503 4542 4634 4678 4746 4788 4898 4921 4979 4988 5148 5290 5422 5538 5728 5737 5809 5824 5945 5962 6096 6098 6211 6225 6287 6371 6604 6636 6678 6703 6850 6999 7135 7169 7246 7301 7339 7423 7495 7528 7620 7676 7712 7831 7844 7910 7933 8043 8153 8193 8256 8283 8431 8477 8543 8626 8734 8830 8883 8995 9085 9172 9197 9258 9448 9508 9544 9725 9788 9803 9974 10066 10129 10154 10266 10382 10435 10472 10542 10621 10687 10868 10872 10932 10997 11060 11087 
ALL EQUAL

Final time = 8878.57
Final solution cost = 26676
