Reading instance small_stp_instances/kroA100_20_10.stp of type D
Finished instance reading
Number of vertices = 100
Number of edges (resources) = 4950
Number of scenarios = 20
Average number of terminals per scenario = 100
Probabilities of Scenarios: (0) 0.03 | (1) 0.01 | (2) 0.06 | (3) 0.19 | (4) 0.04 | (5) 0.09 | (6) 0.09 | (7) 0 | (8) 0.02 | (9) 0.08 | (10) 0.02 | (11) 0.01 | (12) 0.03 | (13) 0.03 | (14) 0.05 | (15) 0.04 | (16) 0.01 | (17) 0.07 | (18) 0.09 | (19) 0.04 | 
Average weighted inflation = 0.499213
Largest inflation = 0.999703
MAX_ITERATIONS_SINCE_LAST_IMPROVEMENT 2
MAX_ITERATIONS_SINCE_BEST_SOLUTION 3
Creating solution instance.
Starting Evolutive Framework.
Local search solution cost = 22288.8
Local search time = 3411.85
3411.85 local search - EF main loop cycle 0 solution cost 22288.8
3411.92s Cost of SP solution after second stage solver 22288.8
Local search solution cost = 21918
Local search time = 258.65
3670.57 local search - EF main loop cycle 1 solution cost 21918
3670.6s Cost of SP solution after second stage solver 21918
Local search solution cost = 21918
Local search time = 257.197
3927.79 local search - EF main loop cycle 2 solution cost 21918
3927.81s Cost of SP solution after second stage solver 21918
Local search solution cost = 21918
Local search time = 257.193
4185.01 local search - EF main loop cycle 3 solution cost 21918
4185.03s Cost of SP solution after second stage solver 21918
Number of cycles 4
Time for each cycle 1046.26
4185.05s Cost of SP solution after tail step 21918
SELECTED RESOURCES:
34 80 130 134 156 182 225 270 303 336 351 475 508 556 634 642 689 732 742 793 827 863 904 977 1018 1032 1035 1110 1219 1279 1417 1437 1548 1559 1667 1794 1820 1864 1889 1896 1937 2006 2041 2144 2202 2341 2367 2411 2455 2494 2505 2623 2648 2686 2719 2807 2872 2909 2977 3020 3055 3111 3136 3184 3228 3312 3354 3375 3412 3438 3535 3553 3596 3604 3705 3712 3793 3858 3869 3921 3964 4049 4102 4143 4213 4252 4293 4365 4446 4452 4503 4542 4615 4634 4678 4746 4788 4790 4898 4921 
SCENARIO'S RESOURCES:
S 0: 0 | 34 80 130 134 156 182 225 270 303 336 351 475 508 556 634 642 689 732 742 793 827 863 904 977 1018 1032 1035 1110 1219 1279 1417 1437 1548 1559 1667 1794 1820 1864 1889 1896 1937 2006 2041 2144 2202 2341 2367 2411 2455 2494 2505 2623 2648 2686 2719 2807 2872 2909 2977 3020 3055 3111 3136 3184 3228 3312 3354 3375 3412 3438 3535 3553 3596 3604 3705 3712 3793 3858 3869 3921 3964 4049 4102 4143 4213 4252 4293 4365 4446 4452 4503 4542 4615 4634 4678 4746 4788 4790 4898 4921 
S 1: 0 | 34 80 130 134 156 182 225 270 303 336 351 475 508 556 634 642 689 732 742 793 827 863 904 977 1018 1032 1035 1110 1219 1279 1417 1437 1548 1559 1667 1794 1820 1864 1889 1896 1937 2006 2041 2144 2202 2341 2367 2411 2455 2494 2505 2623 2648 2686 2719 2807 2872 2909 2977 3020 3055 3111 3136 3184 3228 3312 3354 3375 3412 3438 3535 3553 3596 3604 3705 3712 3793 3858 3869 3921 3964 4049 4102 4143 4213 4252 4293 4365 4446 4452 4503 4542 4615 4634 4678 4746 4788 4790 4898 4921 
S 2: 0 | 34 80 130 134 156 182 225 270 303 336 351 475 508 556 634 642 689 732 742 793 827 863 904 977 1018 1032 1035 1110 1219 1279 1417 1437 1548 1559 1667 1794 1820 1864 1889 1896 1937 2006 2041 2144 2202 2341 2367 2411 2455 2494 2505 2623 2648 2686 2719 2807 2872 2909 2977 3020 3055 3111 3136 3184 3228 3312 3354 3375 3412 3438 3535 3553 3596 3604 3705 3712 3793 3858 3869 3921 3964 4049 4102 4143 4213 4252 4293 4365 4446 4452 4503 4542 4615 4634 4678 4746 4788 4790 4898 4921 
S 3: 0 | 34 80 130 134 156 182 225 270 303 336 351 475 508 556 634 642 689 732 742 793 827 863 904 977 1018 1032 1035 1110 1219 1279 1417 1437 1548 1559 1667 1794 1820 1864 1889 1896 1937 2006 2041 2144 2202 2341 2367 2411 2455 2494 2505 2623 2648 2686 2719 2807 2872 2909 2977 3020 3055 3111 3136 3184 3228 3312 3354 3375 3412 3438 3535 3553 3596 3604 3705 3712 3793 3858 3869 3921 3964 4049 4102 4143 4213 4252 4293 4365 4446 4452 4503 4542 4615 4634 4678 4746 4788 4790 4898 4921 
S 4: 0 | 34 80 130 134 156 182 225 270 303 336 351 475 508 556 634 642 689 732 742 793 827 863 904 977 1018 1032 1035 1110 1219 1279 1417 1437 1548 1559 1667 1794 1820 1864 1889 1896 1937 2006 2041 2144 2202 2341 2367 2411 2455 2494 2505 2623 2648 2686 2719 2807 2872 2909 2977 3020 3055 3111 3136 3184 3228 3312 3354 3375 3412 3438 3535 3553 3596 3604 3705 3712 3793 3858 3869 3921 3964 4049 4102 4143 4213 4252 4293 4365 4446 4452 4503 4542 4615 4634 4678 4746 4788 4790 4898 4921 
S 5: 0 | 34 80 130 134 156 182 225 270 303 336 351 475 508 556 634 642 689 732 742 793 827 863 904 977 1018 1032 1035 1110 1219 1279 1417 1437 1548 1559 1667 1794 1820 1864 1889 1896 1937 2006 2041 2144 2202 2341 2367 2411 2455 2494 2505 2623 2648 2686 2719 2807 2872 2909 2977 3020 3055 3111 3136 3184 3228 3312 3354 3375 3412 3438 3535 3553 3596 3604 3705 3712 3793 3858 3869 3921 3964 4049 4102 4143 4213 4252 4293 4365 4446 4452 4503 4542 4615 4634 4678 4746 4788 4790 4898 4921 
S 6: 0 | 34 80 130 134 156 182 225 270 303 336 351 475 508 556 634 642 689 732 742 793 827 863 904 977 1018 1032 1035 1110 1219 1279 1417 1437 1548 1559 1667 1794 1820 1864 1889 1896 1937 2006 2041 2144 2202 2341 2367 2411 2455 2494 2505 2623 2648 2686 2719 2807 2872 2909 2977 3020 3055 3111 3136 3184 3228 3312 3354 3375 3412 3438 3535 3553 3596 3604 3705 3712 3793 3858 3869 3921 3964 4049 4102 4143 4213 4252 4293 4365 4446 4452 4503 4542 4615 4634 4678 4746 4788 4790 4898 4921 
S 7: 0 | 34 80 130 134 156 182 225 270 303 336 351 475 508 556 634 642 689 732 742 793 827 863 904 977 1018 1032 1035 1110 1219 1279 1417 1437 1548 1559 1667 1794 1820 1864 1889 1896 1937 2006 2041 2144 2202 2341 2367 2411 2455 2494 2505 2623 2648 2686 2719 2807 2872 2909 2977 3020 3055 3111 3136 3184 3228 3312 3354 3375 3412 3438 3535 3553 3596 3604 3705 3712 3793 3858 3869 3921 3964 4049 4102 4143 4213 4252 4293 4365 4446 4452 4503 4542 4615 4634 4678 4746 4788 4790 4898 4921 
S 8: 0 | 34 80 130 134 156 182 225 270 303 336 351 475 508 556 634 642 689 732 742 793 827 863 904 977 1018 1032 1035 1110 1219 1279 1417 1437 1548 1559 1667 1794 1820 1864 1889 1896 1937 2006 2041 2144 2202 2341 2367 2411 2455 2494 2505 2623 2648 2686 2719 2807 2872 2909 2977 3020 3055 3111 3136 3184 3228 3312 3354 3375 3412 3438 3535 3553 3596 3604 3705 3712 3793 3858 3869 3921 3964 4049 4102 4143 4213 4252 4293 4365 4446 4452 4503 4542 4615 4634 4678 4746 4788 4790 4898 4921 
S 9: 0 | 34 80 130 134 156 182 225 270 303 336 351 475 508 556 634 642 689 732 742 793 827 863 904 977 1018 1032 1035 1110 1219 1279 1417 1437 1548 1559 1667 1794 1820 1864 1889 1896 1937 2006 2041 2144 2202 2341 2367 2411 2455 2494 2505 2623 2648 2686 2719 2807 2872 2909 2977 3020 3055 3111 3136 3184 3228 3312 3354 3375 3412 3438 3535 3553 3596 3604 3705 3712 3793 3858 3869 3921 3964 4049 4102 4143 4213 4252 4293 4365 4446 4452 4503 4542 4615 4634 4678 4746 4788 4790 4898 4921 
S 10: 0 | 34 80 130 134 156 182 225 270 303 336 351 475 508 556 634 642 689 732 742 793 827 863 904 977 1018 1032 1035 1110 1219 1279 1417 1437 1548 1559 1667 1794 1820 1864 1889 1896 1937 2006 2041 2144 2202 2341 2367 2411 2455 2494 2505 2623 2648 2686 2719 2807 2872 2909 2977 3020 3055 3111 3136 3184 3228 3312 3354 3375 3412 3438 3535 3553 3596 3604 3705 3712 3793 3858 3869 3921 3964 4049 4102 4143 4213 4252 4293 4365 4446 4452 4503 4542 4615 4634 4678 4746 4788 4790 4898 4921 
S 11: 0 | 34 80 130 134 156 182 225 270 303 336 351 475 508 556 634 642 689 732 742 793 827 863 904 977 1018 1032 1035 1110 1219 1279 1417 1437 1548 1559 1667 1794 1820 1864 1889 1896 1937 2006 2041 2144 2202 2341 2367 2411 2455 2494 2505 2623 2648 2686 2719 2807 2872 2909 2977 3020 3055 3111 3136 3184 3228 3312 3354 3375 3412 3438 3535 3553 3596 3604 3705 3712 3793 3858 3869 3921 3964 4049 4102 4143 4213 4252 4293 4365 4446 4452 4503 4542 4615 4634 4678 4746 4788 4790 4898 4921 
S 12: 0 | 34 80 130 134 156 182 225 270 303 336 351 475 508 556 634 642 689 732 742 793 827 863 904 977 1018 1032 1035 1110 1219 1279 1417 1437 1548 1559 1667 1794 1820 1864 1889 1896 1937 2006 2041 2144 2202 2341 2367 2411 2455 2494 2505 2623 2648 2686 2719 2807 2872 2909 2977 3020 3055 3111 3136 3184 3228 3312 3354 3375 3412 3438 3535 3553 3596 3604 3705 3712 3793 3858 3869 3921 3964 4049 4102 4143 4213 4252 4293 4365 4446 4452 4503 4542 4615 4634 4678 4746 4788 4790 4898 4921 
S 13: 0 | 34 80 130 134 156 182 225 270 303 336 351 475 508 556 634 642 689 732 742 793 827 863 904 977 1018 1032 1035 1110 1219 1279 1417 1437 1548 1559 1667 1794 1820 1864 1889 1896 1937 2006 2041 2144 2202 2341 2367 2411 2455 2494 2505 2623 2648 2686 2719 2807 2872 2909 2977 3020 3055 3111 3136 3184 3228 3312 3354 3375 3412 3438 3535 3553 3596 3604 3705 3712 3793 3858 3869 3921 3964 4049 4102 4143 4213 4252 4293 4365 4446 4452 4503 4542 4615 4634 4678 4746 4788 4790 4898 4921 
S 14: 0 | 34 80 130 134 156 182 225 270 303 336 351 475 508 556 634 642 689 732 742 793 827 863 904 977 1018 1032 1035 1110 1219 1279 1417 1437 1548 1559 1667 1794 1820 1864 1889 1896 1937 2006 2041 2144 2202 2341 2367 2411 2455 2494 2505 2623 2648 2686 2719 2807 2872 2909 2977 3020 3055 3111 3136 3184 3228 3312 3354 3375 3412 3438 3535 3553 3596 3604 3705 3712 3793 3858 3869 3921 3964 4049 4102 4143 4213 4252 4293 4365 4446 4452 4503 4542 4615 4634 4678 4746 4788 4790 4898 4921 
S 15: 0 | 34 80 130 134 156 182 225 270 303 336 351 475 508 556 634 642 689 732 742 793 827 863 904 977 1018 1032 1035 1110 1219 1279 1417 1437 1548 1559 1667 1794 1820 1864 1889 1896 1937 2006 2041 2144 2202 2341 2367 2411 2455 2494 2505 2623 2648 2686 2719 2807 2872 2909 2977 3020 3055 3111 3136 3184 3228 3312 3354 3375 3412 3438 3535 3553 3596 3604 3705 3712 3793 3858 3869 3921 3964 4049 4102 4143 4213 4252 4293 4365 4446 4452 4503 4542 4615 4634 4678 4746 4788 4790 4898 4921 
S 16: 0 | 34 80 130 134 156 182 225 270 303 336 351 475 508 556 634 642 689 732 742 793 827 863 904 977 1018 1032 1035 1110 1219 1279 1417 1437 1548 1559 1667 1794 1820 1864 1889 1896 1937 2006 2041 2144 2202 2341 2367 2411 2455 2494 2505 2623 2648 2686 2719 2807 2872 2909 2977 3020 3055 3111 3136 3184 3228 3312 3354 3375 3412 3438 3535 3553 3596 3604 3705 3712 3793 3858 3869 3921 3964 4049 4102 4143 4213 4252 4293 4365 4446 4452 4503 4542 4615 4634 4678 4746 4788 4790 4898 4921 
S 17: 0 | 34 80 130 134 156 182 225 270 303 336 351 475 508 556 634 642 689 732 742 793 827 863 904 977 1018 1032 1035 1110 1219 1279 1417 1437 1548 1559 1667 1794 1820 1864 1889 1896 1937 2006 2041 2144 2202 2341 2367 2411 2455 2494 2505 2623 2648 2686 2719 2807 2872 2909 2977 3020 3055 3111 3136 3184 3228 3312 3354 3375 3412 3438 3535 3553 3596 3604 3705 3712 3793 3858 3869 3921 3964 4049 4102 4143 4213 4252 4293 4365 4446 4452 4503 4542 4615 4634 4678 4746 4788 4790 4898 4921 
S 18: 0 | 34 80 130 134 156 182 225 270 303 336 351 475 508 556 634 642 689 732 742 793 827 863 904 977 1018 1032 1035 1110 1219 1279 1417 1437 1548 1559 1667 1794 1820 1864 1889 1896 1937 2006 2041 2144 2202 2341 2367 2411 2455 2494 2505 2623 2648 2686 2719 2807 2872 2909 2977 3020 3055 3111 3136 3184 3228 3312 3354 3375 3412 3438 3535 3553 3596 3604 3705 3712 3793 3858 3869 3921 3964 4049 4102 4143 4213 4252 4293 4365 4446 4452 4503 4542 4615 4634 4678 4746 4788 4790 4898 4921 
S 19: 0 | 34 80 130 134 156 182 225 270 303 336 351 475 508 556 634 642 689 732 742 793 827 863 904 977 1018 1032 1035 1110 1219 1279 1417 1437 1548 1559 1667 1794 1820 1864 1889 1896 1937 2006 2041 2144 2202 2341 2367 2411 2455 2494 2505 2623 2648 2686 2719 2807 2872 2909 2977 3020 3055 3111 3136 3184 3228 3312 3354 3375 3412 3438 3535 3553 3596 3604 3705 3712 3793 3858 3869 3921 3964 4049 4102 4143 4213 4252 4293 4365 4446 4452 4503 4542 4615 4634 4678 4746 4788 4790 4898 4921 
ALL EQUAL

Final time = 4185.1
Final solution cost = 21918
