Reading instance small_stp_instances/kroA200_5_05.stp of type D
Finished instance reading
Number of vertices = 200
Number of edges (resources) = 19900
Number of scenarios = 5
Average number of terminals per scenario = 200
Probabilities of Scenarios: (0) 0.09 | (1) 0.05 | (2) 0.3 | (3) 0.29 | (4) 0.27 | 
Average weighted inflation = 0.249277
Largest inflation = 0.499865
MAX_ITERATIONS_SINCE_LAST_IMPROVEMENT 2
MAX_ITERATIONS_SINCE_BEST_SOLUTION 3
Creating solution instance.
Starting Evolutive Framework.
Local search solution cost = 29896
Local search time = 12007.1
12007.1 local search - EF main loop cycle 0 solution cost 29896
12007.1s Cost of SP solution after second stage solver 29896
Local search solution cost = 29796
Local search time = 814.264
12821.4 local search - EF main loop cycle 1 solution cost 29796
12821.4s Cost of SP solution after second stage solver 29796
Local search solution cost = 29796
Local search time = 812.763
13634.2 local search - EF main loop cycle 2 solution cost 29796
13634.2s Cost of SP solution after second stage solver 29796
Local search solution cost = 29796
Local search time = 813.21
14447.4 local search - EF main loop cycle 3 solution cost 29796
14447.4s Cost of SP solution after second stage solver 29796
Number of cycles 4
Time for each cycle 3611.86
14447.4s Cost of SP solution after tail step 29796
SELECTED RESOURCES:
103 127 217 292 488 552 562 730 740 978 1001 1065 1145 1240 1285 1326 1383 1450 1472 1489 1575 1655 1693 1795 1934 1972 2046 2240 2452 2558 2684 2754 2844 2934 3015 3145 3157 3246 3317 3382 3392 3413 3450 3706 3768 3868 3949 4113 4461 4464 4640 4713 4762 4766 4886 4953 5009 5070 5119 5349 5360 5398 5552 5730 5783 5884 5903 5914 6034 6425 6430 6493 6780 6784 6801 6921 6968 7067 7132 7375 7395 7539 7836 7845 7986 8230 8326 8327 8515 8599 8758 8799 8952 9076 9105 9222 9292 9324 9439 9502 9538 9787 9938 10000 10100 10175 10228 10380 10568 10582 10596 10624 10818 10983 11116 11380 11519 11541 11648 11767 11855 11967 12034 12196 12322 12373 12426 12639 12844 12870 12943 12946 13044 13133 13291 13342 13469 13625 13694 13724 13910 14062 14095 14243 14317 14505 14580 14655 14728 14855 14998 15036 15060 15142 15357 15466 15559 15727 15815 15870 16004 16061 16111 16234 16383 16604 16625 16681 16689 16897 17003 17146 17154 17355 17361 17506 17646 17650 17814 17914 17981 18099 18158 18252 18463 18502 18578 18715 18896 18902 19000 19092 19154 19190 19332 19428 19509 19528 19848 19871 
SCENARIO'S RESOURCES:
S 0: 0 | 103 127 217 292 488 552 562 730 740 978 1001 1065 1145 1240 1285 1326 1383 1450 1472 1489 1575 1655 1693 1795 1934 1972 2046 2240 2452 2558 2684 2754 2844 2934 3015 3145 3157 3246 3317 3382 3392 3413 3450 3706 3768 3868 3949 4113 4461 4464 4640 4713 4762 4766 4886 4953 5009 5070 5119 5349 5360 5398 5552 5730 5783 5884 5903 5914 6034 6425 6430 6493 6780 6784 6801 6921 6968 7067 7132 7375 7395 7539 7836 7845 7986 8230 8326 8327 8515 8599 8758 8799 8952 9076 9105 9222 9292 9324 9439 9502 9538 9787 9938 10000 10100 10175 10228 10380 10568 10582 10596 10624 10818 10983 11116 11380 11519 11541 11648 11767 11855 11967 12034 12196 12322 12373 12426 12639 12844 12870 12943 12946 13044 13133 13291 13342 13469 13625 13694 13724 13910 14062 14095 14243 14317 14505 14580 14655 14728 14855 14998 15036 15060 15142 15357 15466 15559 15727 15815 15870 16004 16061 16111 16234 16383 16604 16625 16681 16689 16897 17003 17146 17154 17355 17361 17506 17646 17650 17814 17914 17981 18099 18158 18252 18463 18502 18578 18715 18896 18902 19000 19092 19154 19190 19332 19428 19509 19528 19848 19871 
S 1: 0 | 103 127 217 292 488 552 562 730 740 978 1001 1065 1145 1240 1285 1326 1383 1450 1472 1489 1575 1655 1693 1795 1934 1972 2046 2240 2452 2558 2684 2754 2844 2934 3015 3145 3157 3246 3317 3382 3392 3413 3450 3706 3768 3868 3949 4113 4461 4464 4640 4713 4762 4766 4886 4953 5009 5070 5119 5349 5360 5398 5552 5730 5783 5884 5903 5914 6034 6425 6430 6493 6780 6784 6801 6921 6968 7067 7132 7375 7395 7539 7836 7845 7986 8230 8326 8327 8515 8599 8758 8799 8952 9076 9105 9222 9292 9324 9439 9502 9538 9787 9938 10000 10100 10175 10228 10380 10568 10582 10596 10624 10818 10983 11116 11380 11519 11541 11648 11767 11855 11967 12034 12196 12322 12373 12426 12639 12844 12870 12943 12946 13044 13133 13291 13342 13469 13625 13694 13724 13910 14062 14095 14243 14317 14505 14580 14655 14728 14855 14998 15036 15060 15142 15357 15466 15559 15727 15815 15870 16004 16061 16111 16234 16383 16604 16625 16681 16689 16897 17003 17146 17154 17355 17361 17506 17646 17650 17814 17914 17981 18099 18158 18252 18463 18502 18578 18715 18896 18902 19000 19092 19154 19190 19332 19428 19509 19528 19848 19871 
S 2: 0 | 103 127 217 292 488 552 562 730 740 978 1001 1065 1145 1240 1285 1326 1383 1450 1472 1489 1575 1655 1693 1795 1934 1972 2046 2240 2452 2558 2684 2754 2844 2934 3015 3145 3157 3246 3317 3382 3392 3413 3450 3706 3768 3868 3949 4113 4461 4464 4640 4713 4762 4766 4886 4953 5009 5070 5119 5349 5360 5398 5552 5730 5783 5884 5903 5914 6034 6425 6430 6493 6780 6784 6801 6921 6968 7067 7132 7375 7395 7539 7836 7845 7986 8230 8326 8327 8515 8599 8758 8799 8952 9076 9105 9222 9292 9324 9439 9502 9538 9787 9938 10000 10100 10175 10228 10380 10568 10582 10596 10624 10818 10983 11116 11380 11519 11541 11648 11767 11855 11967 12034 12196 12322 12373 12426 12639 12844 12870 12943 12946 13044 13133 13291 13342 13469 13625 13694 13724 13910 14062 14095 14243 14317 14505 14580 14655 14728 14855 14998 15036 15060 15142 15357 15466 15559 15727 15815 15870 16004 16061 16111 16234 16383 16604 16625 16681 16689 16897 17003 17146 17154 17355 17361 17506 17646 17650 17814 17914 17981 18099 18158 18252 18463 18502 18578 18715 18896 18902 19000 19092 19154 19190 19332 19428 19509 19528 19848 19871 
S 3: 0 | 103 127 217 292 488 552 562 730 740 978 1001 1065 1145 1240 1285 1326 1383 1450 1472 1489 1575 1655 1693 1795 1934 1972 2046 2240 2452 2558 2684 2754 2844 2934 3015 3145 3157 3246 3317 3382 3392 3413 3450 3706 3768 3868 3949 4113 4461 4464 4640 4713 4762 4766 4886 4953 5009 5070 5119 5349 5360 5398 5552 5730 5783 5884 5903 5914 6034 6425 6430 6493 6780 6784 6801 6921 6968 7067 7132 7375 7395 7539 7836 7845 7986 8230 8326 8327 8515 8599 8758 8799 8952 9076 9105 9222 9292 9324 9439 9502 9538 9787 9938 10000 10100 10175 10228 10380 10568 10582 10596 10624 10818 10983 11116 11380 11519 11541 11648 11767 11855 11967 12034 12196 12322 12373 12426 12639 12844 12870 12943 12946 13044 13133 13291 13342 13469 13625 13694 13724 13910 14062 14095 14243 14317 14505 14580 14655 14728 14855 14998 15036 15060 15142 15357 15466 15559 15727 15815 15870 16004 16061 16111 16234 16383 16604 16625 16681 16689 16897 17003 17146 17154 17355 17361 17506 17646 17650 17814 17914 17981 18099 18158 18252 18463 18502 18578 18715 18896 18902 19000 19092 19154 19190 19332 19428 19509 19528 19848 19871 
S 4: 0 | 103 127 217 292 488 552 562 730 740 978 1001 1065 1145 1240 1285 1326 1383 1450 1472 1489 1575 1655 1693 1795 1934 1972 2046 2240 2452 2558 2684 2754 2844 2934 3015 3145 3157 3246 3317 3382 3392 3413 3450 3706 3768 3868 3949 4113 4461 4464 4640 4713 4762 4766 4886 4953 5009 5070 5119 5349 5360 5398 5552 5730 5783 5884 5903 5914 6034 6425 6430 6493 6780 6784 6801 6921 6968 7067 7132 7375 7395 7539 7836 7845 7986 8230 8326 8327 8515 8599 8758 8799 8952 9076 9105 9222 9292 9324 9439 9502 9538 9787 9938 10000 10100 10175 10228 10380 10568 10582 10596 10624 10818 10983 11116 11380 11519 11541 11648 11767 11855 11967 12034 12196 12322 12373 12426 12639 12844 12870 12943 12946 13044 13133 13291 13342 13469 13625 13694 13724 13910 14062 14095 14243 14317 14505 14580 14655 14728 14855 14998 15036 15060 15142 15357 15466 15559 15727 15815 15870 16004 16061 16111 16234 16383 16604 16625 16681 16689 16897 17003 17146 17154 17355 17361 17506 17646 17650 17814 17914 17981 18099 18158 18252 18463 18502 18578 18715 18896 18902 19000 19092 19154 19190 19332 19428 19509 19528 19848 19871 
ALL EQUAL

Final time = 14447.5
Final solution cost = 29796
