Reading instance small_stp_instances/kroA150_10_10.stp of type D
Finished instance reading
Number of vertices = 150
Number of edges (resources) = 11175
Number of scenarios = 10
Average number of terminals per scenario = 150
Probabilities of Scenarios: (0) 0.21 | (1) 0.02 | (2) 0.11 | (3) 0 | (4) 0.11 | (5) 0.03 | (6) 0.08 | (7) 0.25 | (8) 0.17 | (9) 0.02 | 
Average weighted inflation = 0.499988
Largest inflation = 0.99974
MAX_ITERATIONS_SINCE_LAST_IMPROVEMENT 2
MAX_ITERATIONS_SINCE_BEST_SOLUTION 3
Creating solution instance.
Starting Evolutive Framework.
Local search solution cost = 27397.2
Local search time = 6481.88
6481.88 local search - EF main loop cycle 0 solution cost 27397.2
6481.97s Cost of SP solution after second stage solver 27397.2
Local search solution cost = 27266
Local search time = 564.343
7046.31 local search - EF main loop cycle 1 solution cost 27266
7046.34s Cost of SP solution after second stage solver 27266
Local search solution cost = 27266
Local search time = 561.258
7607.59 local search - EF main loop cycle 2 solution cost 27266
7607.62s Cost of SP solution after second stage solver 27266
Local search solution cost = 27266
Local search time = 561.279
8168.9 local search - EF main loop cycle 3 solution cost 27266
8168.92s Cost of SP solution after second stage solver 27266
Number of cycles 4
Time for each cycle 2042.23
8168.94s Cost of SP solution after tail step 27266
SELECTED RESOURCES:
34 80 101 134 182 225 270 336 351 475 587 689 827 904 968 992 1018 1094 1133 1219 1279 1344 1379 1417 1464 1546 1559 1733 1794 1820 1896 1992 2019 2202 2345 2361 2411 2455 2494 2505 2624 2648 2719 2787 2807 2909 2977 3020 3111 3184 3354 3412 3438 3553 3604 3858 3964 4102 4213 4299 4365 4383 4503 4542 4634 4700 4746 4788 4898 4921 4979 4988 5148 5187 5290 5422 5549 5728 5751 5809 5868 5947 5962 6096 6098 6211 6262 6278 6400 6604 6636 6678 6724 6811 6850 6906 7135 7169 7246 7301 7339 7423 7495 7528 7676 7712 7831 7844 7891 7933 8043 8193 8251 8256 8347 8431 8477 8543 8626 8734 8830 8883 8995 9085 9172 9258 9267 9448 9508 9549 9725 9788 9803 9974 10066 10129 10216 10266 10382 10435 10472 10542 10589 10621 10868 10872 10960 10997 11087 11111 
SCENARIO'S RESOURCES:
S 0: 0 | 34 80 101 134 182 225 270 336 351 475 587 689 827 904 968 992 1018 1094 1133 1219 1279 1344 1379 1417 1464 1546 1559 1733 1794 1820 1896 1992 2019 2202 2345 2361 2411 2455 2494 2505 2624 2648 2719 2787 2807 2909 2977 3020 3111 3184 3354 3412 3438 3553 3604 3858 3964 4102 4213 4299 4365 4383 4503 4542 4634 4700 4746 4788 4898 4921 4979 4988 5148 5187 5290 5422 5549 5728 5751 5809 5868 5947 5962 6096 6098 6211 6262 6278 6400 6604 6636 6678 6724 6811 6850 6906 7135 7169 7246 7301 7339 7423 7495 7528 7676 7712 7831 7844 7891 7933 8043 8193 8251 8256 8347 8431 8477 8543 8626 8734 8830 8883 8995 9085 9172 9258 9267 9448 9508 9549 9725 9788 9803 9974 10066 10129 10216 10266 10382 10435 10472 10542 10589 10621 10868 10872 10960 10997 11087 11111 
S 1: 0 | 34 80 101 134 182 225 270 336 351 475 587 689 827 904 968 992 1018 1094 1133 1219 1279 1344 1379 1417 1464 1546 1559 1733 1794 1820 1896 1992 2019 2202 2345 2361 2411 2455 2494 2505 2624 2648 2719 2787 2807 2909 2977 3020 3111 3184 3354 3412 3438 3553 3604 3858 3964 4102 4213 4299 4365 4383 4503 4542 4634 4700 4746 4788 4898 4921 4979 4988 5148 5187 5290 5422 5549 5728 5751 5809 5868 5947 5962 6096 6098 6211 6262 6278 6400 6604 6636 6678 6724 6811 6850 6906 7135 7169 7246 7301 7339 7423 7495 7528 7676 7712 7831 7844 7891 7933 8043 8193 8251 8256 8347 8431 8477 8543 8626 8734 8830 8883 8995 9085 9172 9258 9267 9448 9508 9549 9725 9788 9803 9974 10066 10129 10216 10266 10382 10435 10472 10542 10589 10621 10868 10872 10960 10997 11087 11111 
S 2: 0 | 34 80 101 134 182 225 270 336 351 475 587 689 827 904 968 992 1018 1094 1133 1219 1279 1344 1379 1417 1464 1546 1559 1733 1794 1820 1896 1992 2019 2202 2345 2361 2411 2455 2494 2505 2624 2648 2719 2787 2807 2909 2977 3020 3111 3184 3354 3412 3438 3553 3604 3858 3964 4102 4213 4299 4365 4383 4503 4542 4634 4700 4746 4788 4898 4921 4979 4988 5148 5187 5290 5422 5549 5728 5751 5809 5868 5947 5962 6096 6098 6211 6262 6278 6400 6604 6636 6678 6724 6811 6850 6906 7135 7169 7246 7301 7339 7423 7495 7528 7676 7712 7831 7844 7891 7933 8043 8193 8251 8256 8347 8431 8477 8543 8626 8734 8830 8883 8995 9085 9172 9258 9267 9448 9508 9549 9725 9788 9803 9974 10066 10129 10216 10266 10382 10435 10472 10542 10589 10621 10868 10872 10960 10997 11087 11111 
S 3: 0 | 34 80 101 134 182 225 270 336 351 475 587 689 827 904 968 992 1018 1094 1133 1219 1279 1344 1379 1417 1464 1546 1559 1733 1794 1820 1896 1992 2019 2202 2345 2361 2411 2455 2494 2505 2624 2648 2719 2787 2807 2909 2977 3020 3111 3184 3354 3412 3438 3553 3604 3858 3964 4102 4213 4299 4365 4383 4503 4542 4634 4700 4746 4788 4898 4921 4979 4988 5148 5187 5290 5422 5549 5728 5751 5809 5868 5947 5962 6096 6098 6211 6262 6278 6400 6604 6636 6678 6724 6811 6850 6906 7135 7169 7246 7301 7339 7423 7495 7528 7676 7712 7831 7844 7891 7933 8043 8193 8251 8256 8347 8431 8477 8543 8626 8734 8830 8883 8995 9085 9172 9258 9267 9448 9508 9549 9725 9788 9803 9974 10066 10129 10216 10266 10382 10435 10472 10542 10589 10621 10868 10872 10960 10997 11087 11111 
S 4: 0 | 34 80 101 134 182 225 270 336 351 475 587 689 827 904 968 992 1018 1094 1133 1219 1279 1344 1379 1417 1464 1546 1559 1733 1794 1820 1896 1992 2019 2202 2345 2361 2411 2455 2494 2505 2624 2648 2719 2787 2807 2909 2977 3020 3111 3184 3354 3412 3438 3553 3604 3858 3964 4102 4213 4299 4365 4383 4503 4542 4634 4700 4746 4788 4898 4921 4979 4988 5148 5187 5290 5422 5549 5728 5751 5809 5868 5947 5962 6096 6098 6211 6262 6278 6400 6604 6636 6678 6724 6811 6850 6906 7135 7169 7246 7301 7339 7423 7495 7528 7676 7712 7831 7844 7891 7933 8043 8193 8251 8256 8347 8431 8477 8543 8626 8734 8830 8883 8995 9085 9172 9258 9267 9448 9508 9549 9725 9788 9803 9974 10066 10129 10216 10266 10382 10435 10472 10542 10589 10621 10868 10872 10960 10997 11087 11111 
S 5: 0 | 34 80 101 134 182 225 270 336 351 475 587 689 827 904 968 992 1018 1094 1133 1219 1279 1344 1379 1417 1464 1546 1559 1733 1794 1820 1896 1992 2019 2202 2345 2361 2411 2455 2494 2505 2624 2648 2719 2787 2807 2909 2977 3020 3111 3184 3354 3412 3438 3553 3604 3858 3964 4102 4213 4299 4365 4383 4503 4542 4634 4700 4746 4788 4898 4921 4979 4988 5148 5187 5290 5422 5549 5728 5751 5809 5868 5947 5962 6096 6098 6211 6262 6278 6400 6604 6636 6678 6724 6811 6850 6906 7135 7169 7246 7301 7339 7423 7495 7528 7676 7712 7831 7844 7891 7933 8043 8193 8251 8256 8347 8431 8477 8543 8626 8734 8830 8883 8995 9085 9172 9258 9267 9448 9508 9549 9725 9788 9803 9974 10066 10129 10216 10266 10382 10435 10472 10542 10589 10621 10868 10872 10960 10997 11087 11111 
S 6: 0 | 34 80 101 134 182 225 270 336 351 475 587 689 827 904 968 992 1018 1094 1133 1219 1279 1344 1379 1417 1464 1546 1559 1733 1794 1820 1896 1992 2019 2202 2345 2361 2411 2455 2494 2505 2624 2648 2719 2787 2807 2909 2977 3020 3111 3184 3354 3412 3438 3553 3604 3858 3964 4102 4213 4299 4365 4383 4503 4542 4634 4700 4746 4788 4898 4921 4979 4988 5148 5187 5290 5422 5549 5728 5751 5809 5868 5947 5962 6096 6098 6211 6262 6278 6400 6604 6636 6678 6724 6811 6850 6906 7135 7169 7246 7301 7339 7423 7495 7528 7676 7712 7831 7844 7891 7933 8043 8193 8251 8256 8347 8431 8477 8543 8626 8734 8830 8883 8995 9085 9172 9258 9267 9448 9508 9549 9725 9788 9803 9974 10066 10129 10216 10266 10382 10435 10472 10542 10589 10621 10868 10872 10960 10997 11087 11111 
S 7: 0 | 34 80 101 134 182 225 270 336 351 475 587 689 827 904 968 992 1018 1094 1133 1219 1279 1344 1379 1417 1464 1546 1559 1733 1794 1820 1896 1992 2019 2202 2345 2361 2411 2455 2494 2505 2624 2648 2719 2787 2807 2909 2977 3020 3111 3184 3354 3412 3438 3553 3604 3858 3964 4102 4213 4299 4365 4383 4503 4542 4634 4700 4746 4788 4898 4921 4979 4988 5148 5187 5290 5422 5549 5728 5751 5809 5868 5947 5962 6096 6098 6211 6262 6278 6400 6604 6636 6678 6724 6811 6850 6906 7135 7169 7246 7301 7339 7423 7495 7528 7676 7712 7831 7844 7891 7933 8043 8193 8251 8256 8347 8431 8477 8543 8626 8734 8830 8883 8995 9085 9172 9258 9267 9448 9508 9549 9725 9788 9803 9974 10066 10129 10216 10266 10382 10435 10472 10542 10589 10621 10868 10872 10960 10997 11087 11111 
S 8: 0 | 34 80 101 134 182 225 270 336 351 475 587 689 827 904 968 992 1018 1094 1133 1219 1279 1344 1379 1417 1464 1546 1559 1733 1794 1820 1896 1992 2019 2202 2345 2361 2411 2455 2494 2505 2624 2648 2719 2787 2807 2909 2977 3020 3111 3184 3354 3412 3438 3553 3604 3858 3964 4102 4213 4299 4365 4383 4503 4542 4634 4700 4746 4788 4898 4921 4979 4988 5148 5187 5290 5422 5549 5728 5751 5809 5868 5947 5962 6096 6098 6211 6262 6278 6400 6604 6636 6678 6724 6811 6850 6906 7135 7169 7246 7301 7339 7423 7495 7528 7676 7712 7831 7844 7891 7933 8043 8193 8251 8256 8347 8431 8477 8543 8626 8734 8830 8883 8995 9085 9172 9258 9267 9448 9508 9549 9725 9788 9803 9974 10066 10129 10216 10266 10382 10435 10472 10542 10589 10621 10868 10872 10960 10997 11087 11111 
S 9: 0 | 34 80 101 134 182 225 270 336 351 475 587 689 827 904 968 992 1018 1094 1133 1219 1279 1344 1379 1417 1464 1546 1559 1733 1794 1820 1896 1992 2019 2202 2345 2361 2411 2455 2494 2505 2624 2648 2719 2787 2807 2909 2977 3020 3111 3184 3354 3412 3438 3553 3604 3858 3964 4102 4213 4299 4365 4383 4503 4542 4634 4700 4746 4788 4898 4921 4979 4988 5148 5187 5290 5422 5549 5728 5751 5809 5868 5947 5962 6096 6098 6211 6262 6278 6400 6604 6636 6678 6724 6811 6850 6906 7135 7169 7246 7301 7339 7423 7495 7528 7676 7712 7831 7844 7891 7933 8043 8193 8251 8256 8347 8431 8477 8543 8626 8734 8830 8883 8995 9085 9172 9258 9267 9448 9508 9549 9725 9788 9803 9974 10066 10129 10216 10266 10382 10435 10472 10542 10589 10621 10868 10872 10960 10997 11087 11111 
ALL EQUAL

Final time = 8168.99
Final solution cost = 27266
