Reading instance small_stp_instances/kroA200_5_10.stp of type D
Finished instance reading
Number of vertices = 200
Number of edges (resources) = 19900
Number of scenarios = 5
Average number of terminals per scenario = 200
Probabilities of Scenarios: (0) 0.18 | (1) 0.17 | (2) 0.23 | (3) 0.14 | (4) 0.28 | 
Average weighted inflation = 0.497583
Largest inflation = 0.999739
MAX_ITERATIONS_SINCE_LAST_IMPROVEMENT 2
MAX_ITERATIONS_SINCE_BEST_SOLUTION 3
Creating solution instance.
Starting Evolutive Framework.
Local search solution cost = 30585.2
Local search time = 12107.8
12107.8 local search - EF main loop cycle 0 solution cost 30585.2
12107.9s Cost of SP solution after second stage solver 30585.2
Local search solution cost = 30405
Local search time = 870.878
12978.8 local search - EF main loop cycle 1 solution cost 30405
12978.8s Cost of SP solution after second stage solver 30405
Local search solution cost = 30405
Local search time = 868.952
13847.7 local search - EF main loop cycle 2 solution cost 30405
13847.8s Cost of SP solution after second stage solver 30405
Local search solution cost = 30405
Local search time = 869.732
14717.5 local search - EF main loop cycle 3 solution cost 30405
14717.5s Cost of SP solution after second stage solver 30405
Number of cycles 4
Time for each cycle 3679.38
14717.5s Cost of SP solution after tail step 30405
SELECTED RESOURCES:
103 127 217 292 306 488 552 562 730 740 752 978 1001 1065 1145 1240 1285 1322 1326 1383 1450 1472 1575 1655 1693 1795 1879 1934 1972 2175 2209 2240 2452 2558 2684 2754 2844 2934 3145 3317 3382 3392 3413 3486 3857 3949 4113 4368 4456 4464 4551 4640 4713 4762 4766 4924 4953 5009 5119 5349 5360 5552 5730 5884 5903 5914 6425 6430 6493 6780 6784 6801 6921 6968 7067 7132 7375 7395 7539 7836 7986 8230 8327 8625 8688 8799 8952 9076 9105 9222 9284 9324 9439 9538 9582 9611 9787 9938 9942 10100 10254 10322 10380 10568 10582 10624 10716 10758 10818 10983 11116 11169 11254 11329 11380 11541 11648 11716 11855 11967 12034 12095 12196 12322 12426 12639 12796 12844 12943 13039 13044 13133 13225 13342 13461 13469 13577 13655 13735 13822 14062 14095 14279 14317 14505 14580 14655 14728 14873 14998 15036 15060 15142 15337 15357 15412 15478 15631 15870 15905 15966 16061 16111 16234 16365 16604 16625 16681 16689 16885 17003 17146 17154 17313 17355 17434 17506 17646 17708 17814 17914 17981 18158 18252 18463 18493 18578 18590 18833 18902 18985 19092 19154 19190 19428 19496 19509 19584 19788 19871 
SCENARIO'S RESOURCES:
S 0: 0 | 103 127 217 292 306 488 552 562 730 740 752 978 1001 1065 1145 1240 1285 1322 1326 1383 1450 1472 1575 1655 1693 1795 1879 1934 1972 2175 2209 2240 2452 2558 2684 2754 2844 2934 3145 3317 3382 3392 3413 3486 3857 3949 4113 4368 4456 4464 4551 4640 4713 4762 4766 4924 4953 5009 5119 5349 5360 5552 5730 5884 5903 5914 6425 6430 6493 6780 6784 6801 6921 6968 7067 7132 7375 7395 7539 7836 7986 8230 8327 8625 8688 8799 8952 9076 9105 9222 9284 9324 9439 9538 9582 9611 9787 9938 9942 10100 10254 10322 10380 10568 10582 10624 10716 10758 10818 10983 11116 11169 11254 11329 11380 11541 11648 11716 11855 11967 12034 12095 12196 12322 12426 12639 12796 12844 12943 13039 13044 13133 13225 13342 13461 13469 13577 13655 13735 13822 14062 14095 14279 14317 14505 14580 14655 14728 14873 14998 15036 15060 15142 15337 15357 15412 15478 15631 15870 15905 15966 16061 16111 16234 16365 16604 16625 16681 16689 16885 17003 17146 17154 17313 17355 17434 17506 17646 17708 17814 17914 17981 18158 18252 18463 18493 18578 18590 18833 18902 18985 19092 19154 19190 19428 19496 19509 19584 19788 19871 
S 1: 0 | 103 127 217 292 306 488 552 562 730 740 752 978 1001 1065 1145 1240 1285 1322 1326 1383 1450 1472 1575 1655 1693 1795 1879 1934 1972 2175 2209 2240 2452 2558 2684 2754 2844 2934 3145 3317 3382 3392 3413 3486 3857 3949 4113 4368 4456 4464 4551 4640 4713 4762 4766 4924 4953 5009 5119 5349 5360 5552 5730 5884 5903 5914 6425 6430 6493 6780 6784 6801 6921 6968 7067 7132 7375 7395 7539 7836 7986 8230 8327 8625 8688 8799 8952 9076 9105 9222 9284 9324 9439 9538 9582 9611 9787 9938 9942 10100 10254 10322 10380 10568 10582 10624 10716 10758 10818 10983 11116 11169 11254 11329 11380 11541 11648 11716 11855 11967 12034 12095 12196 12322 12426 12639 12796 12844 12943 13039 13044 13133 13225 13342 13461 13469 13577 13655 13735 13822 14062 14095 14279 14317 14505 14580 14655 14728 14873 14998 15036 15060 15142 15337 15357 15412 15478 15631 15870 15905 15966 16061 16111 16234 16365 16604 16625 16681 16689 16885 17003 17146 17154 17313 17355 17434 17506 17646 17708 17814 17914 17981 18158 18252 18463 18493 18578 18590 18833 18902 18985 19092 19154 19190 19428 19496 19509 19584 19788 19871 
S 2: 0 | 103 127 217 292 306 488 552 562 730 740 752 978 1001 1065 1145 1240 1285 1322 1326 1383 1450 1472 1575 1655 1693 1795 1879 1934 1972 2175 2209 2240 2452 2558 2684 2754 2844 2934 3145 3317 3382 3392 3413 3486 3857 3949 4113 4368 4456 4464 4551 4640 4713 4762 4766 4924 4953 5009 5119 5349 5360 5552 5730 5884 5903 5914 6425 6430 6493 6780 6784 6801 6921 6968 7067 7132 7375 7395 7539 7836 7986 8230 8327 8625 8688 8799 8952 9076 9105 9222 9284 9324 9439 9538 9582 9611 9787 9938 9942 10100 10254 10322 10380 10568 10582 10624 10716 10758 10818 10983 11116 11169 11254 11329 11380 11541 11648 11716 11855 11967 12034 12095 12196 12322 12426 12639 12796 12844 12943 13039 13044 13133 13225 13342 13461 13469 13577 13655 13735 13822 14062 14095 14279 14317 14505 14580 14655 14728 14873 14998 15036 15060 15142 15337 15357 15412 15478 15631 15870 15905 15966 16061 16111 16234 16365 16604 16625 16681 16689 16885 17003 17146 17154 17313 17355 17434 17506 17646 17708 17814 17914 17981 18158 18252 18463 18493 18578 18590 18833 18902 18985 19092 19154 19190 19428 19496 19509 19584 19788 19871 
S 3: 0 | 103 127 217 292 306 488 552 562 730 740 752 978 1001 1065 1145 1240 1285 1322 1326 1383 1450 1472 1575 1655 1693 1795 1879 1934 1972 2175 2209 2240 2452 2558 2684 2754 2844 2934 3145 3317 3382 3392 3413 3486 3857 3949 4113 4368 4456 4464 4551 4640 4713 4762 4766 4924 4953 5009 5119 5349 5360 5552 5730 5884 5903 5914 6425 6430 6493 6780 6784 6801 6921 6968 7067 7132 7375 7395 7539 7836 7986 8230 8327 8625 8688 8799 8952 9076 9105 9222 9284 9324 9439 9538 9582 9611 9787 9938 9942 10100 10254 10322 10380 10568 10582 10624 10716 10758 10818 10983 11116 11169 11254 11329 11380 11541 11648 11716 11855 11967 12034 12095 12196 12322 12426 12639 12796 12844 12943 13039 13044 13133 13225 13342 13461 13469 13577 13655 13735 13822 14062 14095 14279 14317 14505 14580 14655 14728 14873 14998 15036 15060 15142 15337 15357 15412 15478 15631 15870 15905 15966 16061 16111 16234 16365 16604 16625 16681 16689 16885 17003 17146 17154 17313 17355 17434 17506 17646 17708 17814 17914 17981 18158 18252 18463 18493 18578 18590 18833 18902 18985 19092 19154 19190 19428 19496 19509 19584 19788 19871 
S 4: 0 | 103 127 217 292 306 488 552 562 730 740 752 978 1001 1065 1145 1240 1285 1322 1326 1383 1450 1472 1575 1655 1693 1795 1879 1934 1972 2175 2209 2240 2452 2558 2684 2754 2844 2934 3145 3317 3382 3392 3413 3486 3857 3949 4113 4368 4456 4464 4551 4640 4713 4762 4766 4924 4953 5009 5119 5349 5360 5552 5730 5884 5903 5914 6425 6430 6493 6780 6784 6801 6921 6968 7067 7132 7375 7395 7539 7836 7986 8230 8327 8625 8688 8799 8952 9076 9105 9222 9284 9324 9439 9538 9582 9611 9787 9938 9942 10100 10254 10322 10380 10568 10582 10624 10716 10758 10818 10983 11116 11169 11254 11329 11380 11541 11648 11716 11855 11967 12034 12095 12196 12322 12426 12639 12796 12844 12943 13039 13044 13133 13225 13342 13461 13469 13577 13655 13735 13822 14062 14095 14279 14317 14505 14580 14655 14728 14873 14998 15036 15060 15142 15337 15357 15412 15478 15631 15870 15905 15966 16061 16111 16234 16365 16604 16625 16681 16689 16885 17003 17146 17154 17313 17355 17434 17506 17646 17708 17814 17914 17981 18158 18252 18463 18493 18578 18590 18833 18902 18985 19092 19154 19190 19428 19496 19509 19584 19788 19871 
ALL EQUAL

Final time = 14717.6
Final solution cost = 30405
