Reading instance small_stp_instances/kroA150_5_03.stp of type D
Finished instance reading
Number of vertices = 150
Number of edges (resources) = 11175
Number of scenarios = 5
Average number of terminals per scenario = 150
Probabilities of Scenarios: (0) 0.18 | (1) 0 | (2) 0.31 | (3) 0.37 | (4) 0.14 | 
Average weighted inflation = 0.150092
Largest inflation = 0.299938
MAX_ITERATIONS_SINCE_LAST_IMPROVEMENT 2
MAX_ITERATIONS_SINCE_BEST_SOLUTION 3
Creating solution instance.
Starting Evolutive Framework.
Local search solution cost = 26563.1
Local search time = 4276.99
4276.99 local search - EF main loop cycle 0 solution cost 26563.1
4277.02s Cost of SP solution after second stage solver 26563.1
Local search solution cost = 26512
Local search time = 277.071
4554.09 local search - EF main loop cycle 1 solution cost 26512
4554.1s Cost of SP solution after second stage solver 26512
Local search solution cost = 26512
Local search time = 275.997
4830.1 local search - EF main loop cycle 2 solution cost 26512
4830.11s Cost of SP solution after second stage solver 26512
Local search solution cost = 26512
Local search time = 275.983
5106.09 local search - EF main loop cycle 3 solution cost 26512
5106.1s Cost of SP solution after second stage solver 26512
Number of cycles 4
Time for each cycle 1276.53
5106.12s Cost of SP solution after tail step 26512
SELECTED RESOURCES:
34 80 101 134 182 270 336 475 634 689 827 992 1018 1094 1133 1219 1279 1344 1379 1417 1546 1559 1669 1827 1889 1891 1896 1992 2019 2144 2341 2361 2367 2455 2505 2623 2624 2648 2719 2787 2807 2909 2977 3111 3184 3220 3354 3375 3412 3438 3553 3596 3604 3705 3756 3858 3925 3964 4049 4102 4213 4295 4299 4383 4503 4542 4563 4634 4678 4700 4788 4898 4921 4979 4988 5148 5290 5422 5538 5728 5737 5809 5868 5908 5962 6096 6098 6211 6262 6287 6371 6604 6636 6678 6703 7020 7135 7169 7246 7301 7339 7423 7495 7528 7620 7650 7676 7831 7844 7933 8043 8153 8193 8256 8283 8431 8477 8543 8626 8830 8883 8995 9085 9172 9258 9267 9404 9448 9508 9544 9725 9803 9856 9974 10066 10129 10154 10266 10382 10435 10472 10542 10621 10687 10863 10872 10932 10997 11060 11087 
SCENARIO'S RESOURCES:
S 0: 0 | 34 80 101 134 182 270 336 475 634 689 827 992 1018 1094 1133 1219 1279 1344 1379 1417 1546 1559 1669 1827 1889 1891 1896 1992 2019 2144 2341 2361 2367 2455 2505 2623 2624 2648 2719 2787 2807 2909 2977 3111 3184 3220 3354 3375 3412 3438 3553 3596 3604 3705 3756 3858 3925 3964 4049 4102 4213 4295 4299 4383 4503 4542 4563 4634 4678 4700 4788 4898 4921 4979 4988 5148 5290 5422 5538 5728 5737 5809 5868 5908 5962 6096 6098 6211 6262 6287 6371 6604 6636 6678 6703 7020 7135 7169 7246 7301 7339 7423 7495 7528 7620 7650 7676 7831 7844 7933 8043 8153 8193 8256 8283 8431 8477 8543 8626 8830 8883 8995 9085 9172 9258 9267 9404 9448 9508 9544 9725 9803 9856 9974 10066 10129 10154 10266 10382 10435 10472 10542 10621 10687 10863 10872 10932 10997 11060 11087 
S 1: 0 | 34 80 101 134 182 270 336 475 634 689 827 992 1018 1094 1133 1219 1279 1344 1379 1417 1546 1559 1669 1827 1889 1891 1896 1992 2019 2144 2341 2361 2367 2455 2505 2623 2624 2648 2719 2787 2807 2909 2977 3111 3184 3220 3354 3375 3412 3438 3553 3596 3604 3705 3756 3858 3925 3964 4049 4102 4213 4295 4299 4383 4503 4542 4563 4634 4678 4700 4788 4898 4921 4979 4988 5148 5290 5422 5538 5728 5737 5809 5868 5908 5962 6096 6098 6211 6262 6287 6371 6604 6636 6678 6703 7020 7135 7169 7246 7301 7339 7423 7495 7528 7620 7650 7676 7831 7844 7933 8043 8153 8193 8256 8283 8431 8477 8543 8626 8830 8883 8995 9085 9172 9258 9267 9404 9448 9508 9544 9725 9803 9856 9974 10066 10129 10154 10266 10382 10435 10472 10542 10621 10687 10863 10872 10932 10997 11060 11087 
S 2: 0 | 34 80 101 134 182 270 336 475 634 689 827 992 1018 1094 1133 1219 1279 1344 1379 1417 1546 1559 1669 1827 1889 1891 1896 1992 2019 2144 2341 2361 2367 2455 2505 2623 2624 2648 2719 2787 2807 2909 2977 3111 3184 3220 3354 3375 3412 3438 3553 3596 3604 3705 3756 3858 3925 3964 4049 4102 4213 4295 4299 4383 4503 4542 4563 4634 4678 4700 4788 4898 4921 4979 4988 5148 5290 5422 5538 5728 5737 5809 5868 5908 5962 6096 6098 6211 6262 6287 6371 6604 6636 6678 6703 7020 7135 7169 7246 7301 7339 7423 7495 7528 7620 7650 7676 7831 7844 7933 8043 8153 8193 8256 8283 8431 8477 8543 8626 8830 8883 8995 9085 9172 9258 9267 9404 9448 9508 9544 9725 9803 9856 9974 10066 10129 10154 10266 10382 10435 10472 10542 10621 10687 10863 10872 10932 10997 11060 11087 
S 3: 0 | 34 80 101 134 182 270 336 475 634 689 827 992 1018 1094 1133 1219 1279 1344 1379 1417 1546 1559 1669 1827 1889 1891 1896 1992 2019 2144 2341 2361 2367 2455 2505 2623 2624 2648 2719 2787 2807 2909 2977 3111 3184 3220 3354 3375 3412 3438 3553 3596 3604 3705 3756 3858 3925 3964 4049 4102 4213 4295 4299 4383 4503 4542 4563 4634 4678 4700 4788 4898 4921 4979 4988 5148 5290 5422 5538 5728 5737 5809 5868 5908 5962 6096 6098 6211 6262 6287 6371 6604 6636 6678 6703 7020 7135 7169 7246 7301 7339 7423 7495 7528 7620 7650 7676 7831 7844 7933 8043 8153 8193 8256 8283 8431 8477 8543 8626 8830 8883 8995 9085 9172 9258 9267 9404 9448 9508 9544 9725 9803 9856 9974 10066 10129 10154 10266 10382 10435 10472 10542 10621 10687 10863 10872 10932 10997 11060 11087 
S 4: 0 | 34 80 101 134 182 270 336 475 634 689 827 992 1018 1094 1133 1219 1279 1344 1379 1417 1546 1559 1669 1827 1889 1891 1896 1992 2019 2144 2341 2361 2367 2455 2505 2623 2624 2648 2719 2787 2807 2909 2977 3111 3184 3220 3354 3375 3412 3438 3553 3596 3604 3705 3756 3858 3925 3964 4049 4102 4213 4295 4299 4383 4503 4542 4563 4634 4678 4700 4788 4898 4921 4979 4988 5148 5290 5422 5538 5728 5737 5809 5868 5908 5962 6096 6098 6211 6262 6287 6371 6604 6636 6678 6703 7020 7135 7169 7246 7301 7339 7423 7495 7528 7620 7650 7676 7831 7844 7933 8043 8153 8193 8256 8283 8431 8477 8543 8626 8830 8883 8995 9085 9172 9258 9267 9404 9448 9508 9544 9725 9803 9856 9974 10066 10129 10154 10266 10382 10435 10472 10542 10621 10687 10863 10872 10932 10997 11060 11087 
ALL EQUAL

Final time = 5106.14
Final solution cost = 26512
