Reading instance small_stp_instances/kroA100_10_05.stp of type D
Finished instance reading
Number of vertices = 100
Number of edges (resources) = 4950
Number of scenarios = 10
Average number of terminals per scenario = 100
Probabilities of Scenarios: (0) 0 | (1) 0.19 | (2) 0.02 | (3) 0.01 | (4) 0.12 | (5) 0.13 | (6) 0.18 | (7) 0.12 | (8) 0.06 | (9) 0.17 | 
Average weighted inflation = 0.24947
Largest inflation = 0.499871
MAX_ITERATIONS_SINCE_LAST_IMPROVEMENT 2
MAX_ITERATIONS_SINCE_BEST_SOLUTION 3
Creating solution instance.
Starting Evolutive Framework.
Local search solution cost = 21449
Local search time = 1476.83
1476.83 local search - EF main loop cycle 0 solution cost 21449
1476.84s Cost of SP solution after second stage solver 21449
Local search solution cost = 21449
Local search time = 125.355
1602.2 local search - EF main loop cycle 1 solution cost 21449
1602.21s Cost of SP solution after second stage solver 21449
Local search solution cost = 21449
Local search time = 124.944
1727.15 local search - EF main loop cycle 2 solution cost 21449
1727.16s Cost of SP solution after second stage solver 21449
Number of cycles 3
Time for each cycle 575.722
1727.18s Cost of SP solution after tail step 21449
SELECTED RESOURCES:
34 80 130 134 156 182 270 336 475 556 634 662 689 732 793 827 863 904 960 1018 1032 1066 1110 1133 1219 1279 1341 1379 1417 1437 1548 1559 1688 1733 1820 1827 1864 1896 1937 1992 2019 2041 2105 2172 2202 2341 2367 2411 2455 2494 2505 2605 2623 2648 2686 2719 2787 2807 2909 2911 2977 3020 3055 3111 3136 3184 3228 3354 3375 3412 3553 3567 3596 3604 3679 3705 3756 3858 3869 3964 3999 4049 4095 4102 4186 4213 4299 4365 4383 4452 4503 4542 4615 4634 4678 4746 4788 4790 4898 4921 
SCENARIO'S RESOURCES:
S 0: 0 | 34 80 130 134 156 182 270 336 475 556 634 662 689 732 793 827 863 904 960 1018 1032 1066 1110 1133 1219 1279 1341 1379 1417 1437 1548 1559 1688 1733 1820 1827 1864 1896 1937 1992 2019 2041 2105 2172 2202 2341 2367 2411 2455 2494 2505 2605 2623 2648 2686 2719 2787 2807 2909 2911 2977 3020 3055 3111 3136 3184 3228 3354 3375 3412 3553 3567 3596 3604 3679 3705 3756 3858 3869 3964 3999 4049 4095 4102 4186 4213 4299 4365 4383 4452 4503 4542 4615 4634 4678 4746 4788 4790 4898 4921 
S 1: 0 | 34 80 130 134 156 182 270 336 475 556 634 662 689 732 793 827 863 904 960 1018 1032 1066 1110 1133 1219 1279 1341 1379 1417 1437 1548 1559 1688 1733 1820 1827 1864 1896 1937 1992 2019 2041 2105 2172 2202 2341 2367 2411 2455 2494 2505 2605 2623 2648 2686 2719 2787 2807 2909 2911 2977 3020 3055 3111 3136 3184 3228 3354 3375 3412 3553 3567 3596 3604 3679 3705 3756 3858 3869 3964 3999 4049 4095 4102 4186 4213 4299 4365 4383 4452 4503 4542 4615 4634 4678 4746 4788 4790 4898 4921 
S 2: 0 | 34 80 130 134 156 182 270 336 475 556 634 662 689 732 793 827 863 904 960 1018 1032 1066 1110 1133 1219 1279 1341 1379 1417 1437 1548 1559 1688 1733 1820 1827 1864 1896 1937 1992 2019 2041 2105 2172 2202 2341 2367 2411 2455 2494 2505 2605 2623 2648 2686 2719 2787 2807 2909 2911 2977 3020 3055 3111 3136 3184 3228 3354 3375 3412 3553 3567 3596 3604 3679 3705 3756 3858 3869 3964 3999 4049 4095 4102 4186 4213 4299 4365 4383 4452 4503 4542 4615 4634 4678 4746 4788 4790 4898 4921 
S 3: 0 | 34 80 130 134 156 182 270 336 475 556 634 662 689 732 793 827 863 904 960 1018 1032 1066 1110 1133 1219 1279 1341 1379 1417 1437 1548 1559 1688 1733 1820 1827 1864 1896 1937 1992 2019 2041 2105 2172 2202 2341 2367 2411 2455 2494 2505 2605 2623 2648 2686 2719 2787 2807 2909 2911 2977 3020 3055 3111 3136 3184 3228 3354 3375 3412 3553 3567 3596 3604 3679 3705 3756 3858 3869 3964 3999 4049 4095 4102 4186 4213 4299 4365 4383 4452 4503 4542 4615 4634 4678 4746 4788 4790 4898 4921 
S 4: 0 | 34 80 130 134 156 182 270 336 475 556 634 662 689 732 793 827 863 904 960 1018 1032 1066 1110 1133 1219 1279 1341 1379 1417 1437 1548 1559 1688 1733 1820 1827 1864 1896 1937 1992 2019 2041 2105 2172 2202 2341 2367 2411 2455 2494 2505 2605 2623 2648 2686 2719 2787 2807 2909 2911 2977 3020 3055 3111 3136 3184 3228 3354 3375 3412 3553 3567 3596 3604 3679 3705 3756 3858 3869 3964 3999 4049 4095 4102 4186 4213 4299 4365 4383 4452 4503 4542 4615 4634 4678 4746 4788 4790 4898 4921 
S 5: 0 | 34 80 130 134 156 182 270 336 475 556 634 662 689 732 793 827 863 904 960 1018 1032 1066 1110 1133 1219 1279 1341 1379 1417 1437 1548 1559 1688 1733 1820 1827 1864 1896 1937 1992 2019 2041 2105 2172 2202 2341 2367 2411 2455 2494 2505 2605 2623 2648 2686 2719 2787 2807 2909 2911 2977 3020 3055 3111 3136 3184 3228 3354 3375 3412 3553 3567 3596 3604 3679 3705 3756 3858 3869 3964 3999 4049 4095 4102 4186 4213 4299 4365 4383 4452 4503 4542 4615 4634 4678 4746 4788 4790 4898 4921 
S 6: 0 | 34 80 130 134 156 182 270 336 475 556 634 662 689 732 793 827 863 904 960 1018 1032 1066 1110 1133 1219 1279 1341 1379 1417 1437 1548 1559 1688 1733 1820 1827 1864 1896 1937 1992 2019 2041 2105 2172 2202 2341 2367 2411 2455 2494 2505 2605 2623 2648 2686 2719 2787 2807 2909 2911 2977 3020 3055 3111 3136 3184 3228 3354 3375 3412 3553 3567 3596 3604 3679 3705 3756 3858 3869 3964 3999 4049 4095 4102 4186 4213 4299 4365 4383 4452 4503 4542 4615 4634 4678 4746 4788 4790 4898 4921 
S 7: 0 | 34 80 130 134 156 182 270 336 475 556 634 662 689 732 793 827 863 904 960 1018 1032 1066 1110 1133 1219 1279 1341 1379 1417 1437 1548 1559 1688 1733 1820 1827 1864 1896 1937 1992 2019 2041 2105 2172 2202 2341 2367 2411 2455 2494 2505 2605 2623 2648 2686 2719 2787 2807 2909 2911 2977 3020 3055 3111 3136 3184 3228 3354 3375 3412 3553 3567 3596 3604 3679 3705 3756 3858 3869 3964 3999 4049 4095 4102 4186 4213 4299 4365 4383 4452 4503 4542 4615 4634 4678 4746 4788 4790 4898 4921 
S 8: 0 | 34 80 130 134 156 182 270 336 475 556 634 662 689 732 793 827 863 904 960 1018 1032 1066 1110 1133 1219 1279 1341 1379 1417 1437 1548 1559 1688 1733 1820 1827 1864 1896 1937 1992 2019 2041 2105 2172 2202 2341 2367 2411 2455 2494 2505 2605 2623 2648 2686 2719 2787 2807 2909 2911 2977 3020 3055 3111 3136 3184 3228 3354 3375 3412 3553 3567 3596 3604 3679 3705 3756 3858 3869 3964 3999 4049 4095 4102 4186 4213 4299 4365 4383 4452 4503 4542 4615 4634 4678 4746 4788 4790 4898 4921 
S 9: 0 | 34 80 130 134 156 182 270 336 475 556 634 662 689 732 793 827 863 904 960 1018 1032 1066 1110 1133 1219 1279 1341 1379 1417 1437 1548 1559 1688 1733 1820 1827 1864 1896 1937 1992 2019 2041 2105 2172 2202 2341 2367 2411 2455 2494 2505 2605 2623 2648 2686 2719 2787 2807 2909 2911 2977 3020 3055 3111 3136 3184 3228 3354 3375 3412 3553 3567 3596 3604 3679 3705 3756 3858 3869 3964 3999 4049 4095 4102 4186 4213 4299 4365 4383 4452 4503 4542 4615 4634 4678 4746 4788 4790 4898 4921 
ALL EQUAL

Final time = 1727.2
Final solution cost = 21449
