Reading instance small_stp_instances/kroA200_5_03.stp of type D
Finished instance reading
Number of vertices = 200
Number of edges (resources) = 19900
Number of scenarios = 5
Average number of terminals per scenario = 200
Probabilities of Scenarios: (0) 0.23 | (1) 0.15 | (2) 0.23 | (3) 0.07 | (4) 0.32 | 
Average weighted inflation = 0.149468
Largest inflation = 0.299935
MAX_ITERATIONS_SINCE_LAST_IMPROVEMENT 2
MAX_ITERATIONS_SINCE_BEST_SOLUTION 3
Creating solution instance.
Starting Evolutive Framework.
Local search solution cost = 29615.4
Local search time = 12897.8
12897.8 local search - EF main loop cycle 0 solution cost 29615.4
12897.9s Cost of SP solution after second stage solver 29615.4
Local search solution cost = 29575
Local search time = 810.496
13708.4 local search - EF main loop cycle 1 solution cost 29575
13708.4s Cost of SP solution after second stage solver 29575
Local search solution cost = 29575
Local search time = 810.965
14519.4 local search - EF main loop cycle 2 solution cost 29575
14519.4s Cost of SP solution after second stage solver 29575
Local search solution cost = 29575
Local search time = 814.168
15333.5 local search - EF main loop cycle 3 solution cost 29575
15333.6s Cost of SP solution after second stage solver 29575
Number of cycles 4
Time for each cycle 3833.39
15333.6s Cost of SP solution after tail step 29575
SELECTED RESOURCES:
103 127 217 292 488 552 562 730 740 1001 1065 1145 1240 1285 1326 1383 1450 1472 1522 1575 1655 1693 1795 1934 1972 2175 2209 2240 2558 2684 2754 2844 2934 3145 3157 3204 3246 3317 3382 3392 3413 3450 3486 3574 3706 3868 3949 4104 4368 4420 4464 4640 4713 4766 4771 4924 4953 5009 5070 5119 5349 5360 5398 5552 5706 5739 5783 5884 5903 5914 6425 6493 6780 6784 6822 6968 6994 7067 7132 7375 7395 7620 7836 7845 7986 8241 8326 8327 8554 8625 8799 8952 9076 9105 9222 9312 9324 9439 9502 9538 9787 9938 10100 10113 10175 10380 10542 10568 10596 10624 10758 10818 10983 11116 11169 11380 11541 11716 11767 11855 11967 12034 12196 12322 12373 12426 12639 12844 12870 12943 13039 13044 13133 13223 13342 13469 13625 13694 13724 14062 14095 14243 14317 14505 14580 14655 14728 14873 14998 15036 15060 15069 15337 15357 15412 15478 15727 15768 15905 16061 16072 16111 16234 16365 16604 16625 16681 16689 16897 17003 17146 17154 17355 17361 17434 17506 17650 17708 17814 17914 17981 18099 18158 18204 18463 18502 18578 18590 18833 18902 18985 19092 19142 19154 19332 19428 19509 19528 19788 19871 
SCENARIO'S RESOURCES:
S 0: 0 | 103 127 217 292 488 552 562 730 740 1001 1065 1145 1240 1285 1326 1383 1450 1472 1522 1575 1655 1693 1795 1934 1972 2175 2209 2240 2558 2684 2754 2844 2934 3145 3157 3204 3246 3317 3382 3392 3413 3450 3486 3574 3706 3868 3949 4104 4368 4420 4464 4640 4713 4766 4771 4924 4953 5009 5070 5119 5349 5360 5398 5552 5706 5739 5783 5884 5903 5914 6425 6493 6780 6784 6822 6968 6994 7067 7132 7375 7395 7620 7836 7845 7986 8241 8326 8327 8554 8625 8799 8952 9076 9105 9222 9312 9324 9439 9502 9538 9787 9938 10100 10113 10175 10380 10542 10568 10596 10624 10758 10818 10983 11116 11169 11380 11541 11716 11767 11855 11967 12034 12196 12322 12373 12426 12639 12844 12870 12943 13039 13044 13133 13223 13342 13469 13625 13694 13724 14062 14095 14243 14317 14505 14580 14655 14728 14873 14998 15036 15060 15069 15337 15357 15412 15478 15727 15768 15905 16061 16072 16111 16234 16365 16604 16625 16681 16689 16897 17003 17146 17154 17355 17361 17434 17506 17650 17708 17814 17914 17981 18099 18158 18204 18463 18502 18578 18590 18833 18902 18985 19092 19142 19154 19332 19428 19509 19528 19788 19871 
S 1: 0 | 103 127 217 292 488 552 562 730 740 1001 1065 1145 1240 1285 1326 1383 1450 1472 1522 1575 1655 1693 1795 1934 1972 2175 2209 2240 2558 2684 2754 2844 2934 3145 3157 3204 3246 3317 3382 3392 3413 3450 3486 3574 3706 3868 3949 4104 4368 4420 4464 4640 4713 4766 4771 4924 4953 5009 5070 5119 5349 5360 5398 5552 5706 5739 5783 5884 5903 5914 6425 6493 6780 6784 6822 6968 6994 7067 7132 7375 7395 7620 7836 7845 7986 8241 8326 8327 8554 8625 8799 8952 9076 9105 9222 9312 9324 9439 9502 9538 9787 9938 10100 10113 10175 10380 10542 10568 10596 10624 10758 10818 10983 11116 11169 11380 11541 11716 11767 11855 11967 12034 12196 12322 12373 12426 12639 12844 12870 12943 13039 13044 13133 13223 13342 13469 13625 13694 13724 14062 14095 14243 14317 14505 14580 14655 14728 14873 14998 15036 15060 15069 15337 15357 15412 15478 15727 15768 15905 16061 16072 16111 16234 16365 16604 16625 16681 16689 16897 17003 17146 17154 17355 17361 17434 17506 17650 17708 17814 17914 17981 18099 18158 18204 18463 18502 18578 18590 18833 18902 18985 19092 19142 19154 19332 19428 19509 19528 19788 19871 
S 2: 0 | 103 127 217 292 488 552 562 730 740 1001 1065 1145 1240 1285 1326 1383 1450 1472 1522 1575 1655 1693 1795 1934 1972 2175 2209 2240 2558 2684 2754 2844 2934 3145 3157 3204 3246 3317 3382 3392 3413 3450 3486 3574 3706 3868 3949 4104 4368 4420 4464 4640 4713 4766 4771 4924 4953 5009 5070 5119 5349 5360 5398 5552 5706 5739 5783 5884 5903 5914 6425 6493 6780 6784 6822 6968 6994 7067 7132 7375 7395 7620 7836 7845 7986 8241 8326 8327 8554 8625 8799 8952 9076 9105 9222 9312 9324 9439 9502 9538 9787 9938 10100 10113 10175 10380 10542 10568 10596 10624 10758 10818 10983 11116 11169 11380 11541 11716 11767 11855 11967 12034 12196 12322 12373 12426 12639 12844 12870 12943 13039 13044 13133 13223 13342 13469 13625 13694 13724 14062 14095 14243 14317 14505 14580 14655 14728 14873 14998 15036 15060 15069 15337 15357 15412 15478 15727 15768 15905 16061 16072 16111 16234 16365 16604 16625 16681 16689 16897 17003 17146 17154 17355 17361 17434 17506 17650 17708 17814 17914 17981 18099 18158 18204 18463 18502 18578 18590 18833 18902 18985 19092 19142 19154 19332 19428 19509 19528 19788 19871 
S 3: 0 | 103 127 217 292 488 552 562 730 740 1001 1065 1145 1240 1285 1326 1383 1450 1472 1522 1575 1655 1693 1795 1934 1972 2175 2209 2240 2558 2684 2754 2844 2934 3145 3157 3204 3246 3317 3382 3392 3413 3450 3486 3574 3706 3868 3949 4104 4368 4420 4464 4640 4713 4766 4771 4924 4953 5009 5070 5119 5349 5360 5398 5552 5706 5739 5783 5884 5903 5914 6425 6493 6780 6784 6822 6968 6994 7067 7132 7375 7395 7620 7836 7845 7986 8241 8326 8327 8554 8625 8799 8952 9076 9105 9222 9312 9324 9439 9502 9538 9787 9938 10100 10113 10175 10380 10542 10568 10596 10624 10758 10818 10983 11116 11169 11380 11541 11716 11767 11855 11967 12034 12196 12322 12373 12426 12639 12844 12870 12943 13039 13044 13133 13223 13342 13469 13625 13694 13724 14062 14095 14243 14317 14505 14580 14655 14728 14873 14998 15036 15060 15069 15337 15357 15412 15478 15727 15768 15905 16061 16072 16111 16234 16365 16604 16625 16681 16689 16897 17003 17146 17154 17355 17361 17434 17506 17650 17708 17814 17914 17981 18099 18158 18204 18463 18502 18578 18590 18833 18902 18985 19092 19142 19154 19332 19428 19509 19528 19788 19871 
S 4: 0 | 103 127 217 292 488 552 562 730 740 1001 1065 1145 1240 1285 1326 1383 1450 1472 1522 1575 1655 1693 1795 1934 1972 2175 2209 2240 2558 2684 2754 2844 2934 3145 3157 3204 3246 3317 3382 3392 3413 3450 3486 3574 3706 3868 3949 4104 4368 4420 4464 4640 4713 4766 4771 4924 4953 5009 5070 5119 5349 5360 5398 5552 5706 5739 5783 5884 5903 5914 6425 6493 6780 6784 6822 6968 6994 7067 7132 7375 7395 7620 7836 7845 7986 8241 8326 8327 8554 8625 8799 8952 9076 9105 9222 9312 9324 9439 9502 9538 9787 9938 10100 10113 10175 10380 10542 10568 10596 10624 10758 10818 10983 11116 11169 11380 11541 11716 11767 11855 11967 12034 12196 12322 12373 12426 12639 12844 12870 12943 13039 13044 13133 13223 13342 13469 13625 13694 13724 14062 14095 14243 14317 14505 14580 14655 14728 14873 14998 15036 15060 15069 15337 15357 15412 15478 15727 15768 15905 16061 16072 16111 16234 16365 16604 16625 16681 16689 16897 17003 17146 17154 17355 17361 17434 17506 17650 17708 17814 17914 17981 18099 18158 18204 18463 18502 18578 18590 18833 18902 18985 19092 19142 19154 19332 19428 19509 19528 19788 19871 
ALL EQUAL

Final time = 15333.6
Final solution cost = 29575
