Reading instance small_stp_instances/kroA100_10_10.stp of type D
Finished instance reading
Number of vertices = 100
Number of edges (resources) = 4950
Number of scenarios = 10
Average number of terminals per scenario = 100
Probabilities of Scenarios: (0) 0.05 | (1) 0.04 | (2) 0.11 | (3) 0.13 | (4) 0.08 | (5) 0.13 | (6) 0.11 | (7) 0.07 | (8) 0.13 | (9) 0.15 | 
Average weighted inflation = 0.500057
Largest inflation = 0.999707
MAX_ITERATIONS_SINCE_LAST_IMPROVEMENT 2
MAX_ITERATIONS_SINCE_BEST_SOLUTION 3
Creating solution instance.
Starting Evolutive Framework.
Local search solution cost = 22129.4
Local search time = 1376.84
1376.84 local search - EF main loop cycle 0 solution cost 22129.4
1376.88s Cost of SP solution after second stage solver 22129.4
Local search solution cost = 21947
Local search time = 129.492
1506.37 local search - EF main loop cycle 1 solution cost 21947
1506.38s Cost of SP solution after second stage solver 21947
Local search solution cost = 21947
Local search time = 128.999
1635.38 local search - EF main loop cycle 2 solution cost 21947
1635.39s Cost of SP solution after second stage solver 21947
Local search solution cost = 21947
Local search time = 128.993
1764.38 local search - EF main loop cycle 3 solution cost 21947
1764.39s Cost of SP solution after second stage solver 21947
Number of cycles 4
Time for each cycle 441.098
1764.4s Cost of SP solution after tail step 21947
SELECTED RESOURCES:
34 80 101 134 156 182 270 303 336 351 475 508 556 634 642 689 732 793 827 863 904 977 1018 1032 1035 1110 1133 1219 1279 1379 1417 1437 1548 1559 1646 1669 1733 1794 1864 1896 1937 1992 2041 2132 2144 2202 2341 2367 2398 2455 2494 2505 2605 2623 2648 2686 2719 2807 2909 2911 2977 3020 3111 3136 3184 3228 3354 3375 3412 3438 3553 3567 3596 3604 3705 3715 3756 3819 3858 3869 3964 4049 4102 4184 4213 4252 4293 4299 4446 4452 4503 4542 4615 4634 4678 4746 4788 4790 4898 4921 
SCENARIO'S RESOURCES:
S 0: 0 | 34 80 101 134 156 182 270 303 336 351 475 508 556 634 642 689 732 793 827 863 904 977 1018 1032 1035 1110 1133 1219 1279 1379 1417 1437 1548 1559 1646 1669 1733 1794 1864 1896 1937 1992 2041 2132 2144 2202 2341 2367 2398 2455 2494 2505 2605 2623 2648 2686 2719 2807 2909 2911 2977 3020 3111 3136 3184 3228 3354 3375 3412 3438 3553 3567 3596 3604 3705 3715 3756 3819 3858 3869 3964 4049 4102 4184 4213 4252 4293 4299 4446 4452 4503 4542 4615 4634 4678 4746 4788 4790 4898 4921 
S 1: 0 | 34 80 101 134 156 182 270 303 336 351 475 508 556 634 642 689 732 793 827 863 904 977 1018 1032 1035 1110 1133 1219 1279 1379 1417 1437 1548 1559 1646 1669 1733 1794 1864 1896 1937 1992 2041 2132 2144 2202 2341 2367 2398 2455 2494 2505 2605 2623 2648 2686 2719 2807 2909 2911 2977 3020 3111 3136 3184 3228 3354 3375 3412 3438 3553 3567 3596 3604 3705 3715 3756 3819 3858 3869 3964 4049 4102 4184 4213 4252 4293 4299 4446 4452 4503 4542 4615 4634 4678 4746 4788 4790 4898 4921 
S 2: 0 | 34 80 101 134 156 182 270 303 336 351 475 508 556 634 642 689 732 793 827 863 904 977 1018 1032 1035 1110 1133 1219 1279 1379 1417 1437 1548 1559 1646 1669 1733 1794 1864 1896 1937 1992 2041 2132 2144 2202 2341 2367 2398 2455 2494 2505 2605 2623 2648 2686 2719 2807 2909 2911 2977 3020 3111 3136 3184 3228 3354 3375 3412 3438 3553 3567 3596 3604 3705 3715 3756 3819 3858 3869 3964 4049 4102 4184 4213 4252 4293 4299 4446 4452 4503 4542 4615 4634 4678 4746 4788 4790 4898 4921 
S 3: 0 | 34 80 101 134 156 182 270 303 336 351 475 508 556 634 642 689 732 793 827 863 904 977 1018 1032 1035 1110 1133 1219 1279 1379 1417 1437 1548 1559 1646 1669 1733 1794 1864 1896 1937 1992 2041 2132 2144 2202 2341 2367 2398 2455 2494 2505 2605 2623 2648 2686 2719 2807 2909 2911 2977 3020 3111 3136 3184 3228 3354 3375 3412 3438 3553 3567 3596 3604 3705 3715 3756 3819 3858 3869 3964 4049 4102 4184 4213 4252 4293 4299 4446 4452 4503 4542 4615 4634 4678 4746 4788 4790 4898 4921 
S 4: 0 | 34 80 101 134 156 182 270 303 336 351 475 508 556 634 642 689 732 793 827 863 904 977 1018 1032 1035 1110 1133 1219 1279 1379 1417 1437 1548 1559 1646 1669 1733 1794 1864 1896 1937 1992 2041 2132 2144 2202 2341 2367 2398 2455 2494 2505 2605 2623 2648 2686 2719 2807 2909 2911 2977 3020 3111 3136 3184 3228 3354 3375 3412 3438 3553 3567 3596 3604 3705 3715 3756 3819 3858 3869 3964 4049 4102 4184 4213 4252 4293 4299 4446 4452 4503 4542 4615 4634 4678 4746 4788 4790 4898 4921 
S 5: 0 | 34 80 101 134 156 182 270 303 336 351 475 508 556 634 642 689 732 793 827 863 904 977 1018 1032 1035 1110 1133 1219 1279 1379 1417 1437 1548 1559 1646 1669 1733 1794 1864 1896 1937 1992 2041 2132 2144 2202 2341 2367 2398 2455 2494 2505 2605 2623 2648 2686 2719 2807 2909 2911 2977 3020 3111 3136 3184 3228 3354 3375 3412 3438 3553 3567 3596 3604 3705 3715 3756 3819 3858 3869 3964 4049 4102 4184 4213 4252 4293 4299 4446 4452 4503 4542 4615 4634 4678 4746 4788 4790 4898 4921 
S 6: 0 | 34 80 101 134 156 182 270 303 336 351 475 508 556 634 642 689 732 793 827 863 904 977 1018 1032 1035 1110 1133 1219 1279 1379 1417 1437 1548 1559 1646 1669 1733 1794 1864 1896 1937 1992 2041 2132 2144 2202 2341 2367 2398 2455 2494 2505 2605 2623 2648 2686 2719 2807 2909 2911 2977 3020 3111 3136 3184 3228 3354 3375 3412 3438 3553 3567 3596 3604 3705 3715 3756 3819 3858 3869 3964 4049 4102 4184 4213 4252 4293 4299 4446 4452 4503 4542 4615 4634 4678 4746 4788 4790 4898 4921 
S 7: 0 | 34 80 101 134 156 182 270 303 336 351 475 508 556 634 642 689 732 793 827 863 904 977 1018 1032 1035 1110 1133 1219 1279 1379 1417 1437 1548 1559 1646 1669 1733 1794 1864 1896 1937 1992 2041 2132 2144 2202 2341 2367 2398 2455 2494 2505 2605 2623 2648 2686 2719 2807 2909 2911 2977 3020 3111 3136 3184 3228 3354 3375 3412 3438 3553 3567 3596 3604 3705 3715 3756 3819 3858 3869 3964 4049 4102 4184 4213 4252 4293 4299 4446 4452 4503 4542 4615 4634 4678 4746 4788 4790 4898 4921 
S 8: 0 | 34 80 101 134 156 182 270 303 336 351 475 508 556 634 642 689 732 793 827 863 904 977 1018 1032 1035 1110 1133 1219 1279 1379 1417 1437 1548 1559 1646 1669 1733 1794 1864 1896 1937 1992 2041 2132 2144 2202 2341 2367 2398 2455 2494 2505 2605 2623 2648 2686 2719 2807 2909 2911 2977 3020 3111 3136 3184 3228 3354 3375 3412 3438 3553 3567 3596 3604 3705 3715 3756 3819 3858 3869 3964 4049 4102 4184 4213 4252 4293 4299 4446 4452 4503 4542 4615 4634 4678 4746 4788 4790 4898 4921 
S 9: 0 | 34 80 101 134 156 182 270 303 336 351 475 508 556 634 642 689 732 793 827 863 904 977 1018 1032 1035 1110 1133 1219 1279 1379 1417 1437 1548 1559 1646 1669 1733 1794 1864 1896 1937 1992 2041 2132 2144 2202 2341 2367 2398 2455 2494 2505 2605 2623 2648 2686 2719 2807 2909 2911 2977 3020 3111 3136 3184 3228 3354 3375 3412 3438 3553 3567 3596 3604 3705 3715 3756 3819 3858 3869 3964 4049 4102 4184 4213 4252 4293 4299 4446 4452 4503 4542 4615 4634 4678 4746 4788 4790 4898 4921 
ALL EQUAL

Final time = 1764.43
Final solution cost = 21947
