Reading instance small_stp_instances/kroA150_5_05.stp of type D
Finished instance reading
Number of vertices = 150
Number of edges (resources) = 11175
Number of scenarios = 5
Average number of terminals per scenario = 150
Probabilities of Scenarios: (0) 0.29 | (1) 0.08 | (2) 0.23 | (3) 0.1 | (4) 0.3 | 
Average weighted inflation = 0.250557
Largest inflation = 0.499835
MAX_ITERATIONS_SINCE_LAST_IMPROVEMENT 2
MAX_ITERATIONS_SINCE_BEST_SOLUTION 3
Creating solution instance.
Starting Evolutive Framework.
Local search solution cost = 26806.6
Local search time = 4643.74
4643.75 local search - EF main loop cycle 0 solution cost 26806.6
4643.77s Cost of SP solution after second stage solver 26806.6
Local search solution cost = 26722
Local search time = 284.863
4928.63 local search - EF main loop cycle 1 solution cost 26722
4928.65s Cost of SP solution after second stage solver 26722
Local search solution cost = 26722
Local search time = 285.169
5213.82 local search - EF main loop cycle 2 solution cost 26722
5213.83s Cost of SP solution after second stage solver 26722
Local search solution cost = 26722
Local search time = 285.263
5499.09 local search - EF main loop cycle 3 solution cost 26722
5499.1s Cost of SP solution after second stage solver 26722
Number of cycles 4
Time for each cycle 1374.78
5499.11s Cost of SP solution after tail step 26722
SELECTED RESOURCES:
34 80 130 134 156 182 225 270 336 475 634 689 827 992 1018 1094 1133 1219 1279 1379 1417 1546 1559 1794 1827 1889 1891 1896 1992 2019 2341 2361 2411 2455 2505 2623 2624 2648 2719 2787 2807 2872 2977 3111 3184 3210 3354 3375 3412 3438 3553 3596 3604 3793 3858 3925 3964 4049 4102 4213 4299 4365 4383 4503 4542 4634 4678 4700 4788 4898 4921 4979 4988 5148 5290 5422 5538 5728 5737 5809 5868 5945 5962 6096 6098 6211 6262 6287 6371 6604 6636 6678 6703 6811 6850 6999 7135 7169 7246 7301 7339 7423 7495 7528 7676 7712 7831 7844 7889 7933 8043 8193 8251 8256 8283 8431 8477 8543 8626 8830 8883 8995 9085 9172 9197 9258 9404 9448 9508 9544 9725 9788 9803 9974 10066 10129 10154 10266 10382 10435 10472 10542 10621 10687 10863 10872 10932 10997 11060 11087 
SCENARIO'S RESOURCES:
S 0: 0 | 34 80 130 134 156 182 225 270 336 475 634 689 827 992 1018 1094 1133 1219 1279 1379 1417 1546 1559 1794 1827 1889 1891 1896 1992 2019 2341 2361 2411 2455 2505 2623 2624 2648 2719 2787 2807 2872 2977 3111 3184 3210 3354 3375 3412 3438 3553 3596 3604 3793 3858 3925 3964 4049 4102 4213 4299 4365 4383 4503 4542 4634 4678 4700 4788 4898 4921 4979 4988 5148 5290 5422 5538 5728 5737 5809 5868 5945 5962 6096 6098 6211 6262 6287 6371 6604 6636 6678 6703 6811 6850 6999 7135 7169 7246 7301 7339 7423 7495 7528 7676 7712 7831 7844 7889 7933 8043 8193 8251 8256 8283 8431 8477 8543 8626 8830 8883 8995 9085 9172 9197 9258 9404 9448 9508 9544 9725 9788 9803 9974 10066 10129 10154 10266 10382 10435 10472 10542 10621 10687 10863 10872 10932 10997 11060 11087 
S 1: 0 | 34 80 130 134 156 182 225 270 336 475 634 689 827 992 1018 1094 1133 1219 1279 1379 1417 1546 1559 1794 1827 1889 1891 1896 1992 2019 2341 2361 2411 2455 2505 2623 2624 2648 2719 2787 2807 2872 2977 3111 3184 3210 3354 3375 3412 3438 3553 3596 3604 3793 3858 3925 3964 4049 4102 4213 4299 4365 4383 4503 4542 4634 4678 4700 4788 4898 4921 4979 4988 5148 5290 5422 5538 5728 5737 5809 5868 5945 5962 6096 6098 6211 6262 6287 6371 6604 6636 6678 6703 6811 6850 6999 7135 7169 7246 7301 7339 7423 7495 7528 7676 7712 7831 7844 7889 7933 8043 8193 8251 8256 8283 8431 8477 8543 8626 8830 8883 8995 9085 9172 9197 9258 9404 9448 9508 9544 9725 9788 9803 9974 10066 10129 10154 10266 10382 10435 10472 10542 10621 10687 10863 10872 10932 10997 11060 11087 
S 2: 0 | 34 80 130 134 156 182 225 270 336 475 634 689 827 992 1018 1094 1133 1219 1279 1379 1417 1546 1559 1794 1827 1889 1891 1896 1992 2019 2341 2361 2411 2455 2505 2623 2624 2648 2719 2787 2807 2872 2977 3111 3184 3210 3354 3375 3412 3438 3553 3596 3604 3793 3858 3925 3964 4049 4102 4213 4299 4365 4383 4503 4542 4634 4678 4700 4788 4898 4921 4979 4988 5148 5290 5422 5538 5728 5737 5809 5868 5945 5962 6096 6098 6211 6262 6287 6371 6604 6636 6678 6703 6811 6850 6999 7135 7169 7246 7301 7339 7423 7495 7528 7676 7712 7831 7844 7889 7933 8043 8193 8251 8256 8283 8431 8477 8543 8626 8830 8883 8995 9085 9172 9197 9258 9404 9448 9508 9544 9725 9788 9803 9974 10066 10129 10154 10266 10382 10435 10472 10542 10621 10687 10863 10872 10932 10997 11060 11087 
S 3: 0 | 34 80 130 134 156 182 225 270 336 475 634 689 827 992 1018 1094 1133 1219 1279 1379 1417 1546 1559 1794 1827 1889 1891 1896 1992 2019 2341 2361 2411 2455 2505 2623 2624 2648 2719 2787 2807 2872 2977 3111 3184 3210 3354 3375 3412 3438 3553 3596 3604 3793 3858 3925 3964 4049 4102 4213 4299 4365 4383 4503 4542 4634 4678 4700 4788 4898 4921 4979 4988 5148 5290 5422 5538 5728 5737 5809 5868 5945 5962 6096 6098 6211 6262 6287 6371 6604 6636 6678 6703 6811 6850 6999 7135 7169 7246 7301 7339 7423 7495 7528 7676 7712 7831 7844 7889 7933 8043 8193 8251 8256 8283 8431 8477 8543 8626 8830 8883 8995 9085 9172 9197 9258 9404 9448 9508 9544 9725 9788 9803 9974 10066 10129 10154 10266 10382 10435 10472 10542 10621 10687 10863 10872 10932 10997 11060 11087 
S 4: 0 | 34 80 130 134 156 182 225 270 336 475 634 689 827 992 1018 1094 1133 1219 1279 1379 1417 1546 1559 1794 1827 1889 1891 1896 1992 2019 2341 2361 2411 2455 2505 2623 2624 2648 2719 2787 2807 2872 2977 3111 3184 3210 3354 3375 3412 3438 3553 3596 3604 3793 3858 3925 3964 4049 4102 4213 4299 4365 4383 4503 4542 4634 4678 4700 4788 4898 4921 4979 4988 5148 5290 5422 5538 5728 5737 5809 5868 5945 5962 6096 6098 6211 6262 6287 6371 6604 6636 6678 6703 6811 6850 6999 7135 7169 7246 7301 7339 7423 7495 7528 7676 7712 7831 7844 7889 7933 8043 8193 8251 8256 8283 8431 8477 8543 8626 8830 8883 8995 9085 9172 9197 9258 9404 9448 9508 9544 9725 9788 9803 9974 10066 10129 10154 10266 10382 10435 10472 10542 10621 10687 10863 10872 10932 10997 11060 11087 
ALL EQUAL

Final time = 5499.14
Final solution cost = 26722
