Reading instance small_stp_instances/kroA150_10_05.stp of type D
Finished instance reading
Number of vertices = 150
Number of edges (resources) = 11175
Number of scenarios = 10
Average number of terminals per scenario = 150
Probabilities of Scenarios: (0) 0 | (1) 0.04 | (2) 0.11 | (3) 0.1 | (4) 0.15 | (5) 0.17 | (6) 0.17 | (7) 0.04 | (8) 0.16 | (9) 0.06 | 
Average weighted inflation = 0.248619
Largest inflation = 0.499836
MAX_ITERATIONS_SINCE_LAST_IMPROVEMENT 2
MAX_ITERATIONS_SINCE_BEST_SOLUTION 3
Creating solution instance.
Starting Evolutive Framework.
Local search solution cost = 26910.4
Local search time = 7913.09
7913.09 local search - EF main loop cycle 0 solution cost 26910.4
7913.14s Cost of SP solution after second stage solver 26910.4
Local search solution cost = 26793
Local search time = 543.582
8456.72 local search - EF main loop cycle 1 solution cost 26793
8456.75s Cost of SP solution after second stage solver 26793
Local search solution cost = 26793
Local search time = 543.625
9000.37 local search - EF main loop cycle 2 solution cost 26793
9000.39s Cost of SP solution after second stage solver 26793
Local search solution cost = 26793
Local search time = 543.049
9543.44 local search - EF main loop cycle 3 solution cost 26793
9543.46s Cost of SP solution after second stage solver 26793
Number of cycles 4
Time for each cycle 2385.87
9543.49s Cost of SP solution after tail step 26793
SELECTED RESOURCES:
34 80 101 134 156 182 225 270 336 475 634 689 827 992 1018 1035 1094 1133 1219 1279 1379 1417 1546 1559 1794 1827 1889 1896 1992 2019 2341 2361 2411 2455 2505 2623 2624 2648 2719 2787 2807 2872 2977 3111 3184 3354 3375 3412 3438 3553 3596 3604 3793 3858 3925 3964 4049 4102 4213 4299 4365 4383 4503 4542 4634 4678 4700 4788 4891 4898 4988 5148 5290 5383 5538 5594 5728 5737 5809 5868 5945 5962 6096 6098 6211 6278 6287 6371 6604 6636 6678 6703 6850 6999 7135 7169 7240 7301 7423 7495 7528 7620 7676 7706 7831 7844 7891 7933 8043 8153 8193 8256 8347 8431 8477 8543 8626 8767 8830 8883 8995 9115 9172 9197 9258 9404 9448 9508 9532 9677 9725 9788 9803 9974 10066 10129 10154 10266 10346 10382 10472 10542 10621 10687 10797 10872 10932 10997 11060 11087 
SCENARIO'S RESOURCES:
S 0: 0 | 34 80 101 134 156 182 225 270 336 475 634 689 827 992 1018 1035 1094 1133 1219 1279 1379 1417 1546 1559 1794 1827 1889 1896 1992 2019 2341 2361 2411 2455 2505 2623 2624 2648 2719 2787 2807 2872 2977 3111 3184 3354 3375 3412 3438 3553 3596 3604 3793 3858 3925 3964 4049 4102 4213 4299 4365 4383 4503 4542 4634 4678 4700 4788 4891 4898 4988 5148 5290 5383 5538 5594 5728 5737 5809 5868 5945 5962 6096 6098 6211 6278 6287 6371 6604 6636 6678 6703 6850 6999 7135 7169 7240 7301 7423 7495 7528 7620 7676 7706 7831 7844 7891 7933 8043 8153 8193 8256 8347 8431 8477 8543 8626 8767 8830 8883 8995 9115 9172 9197 9258 9404 9448 9508 9532 9677 9725 9788 9803 9974 10066 10129 10154 10266 10346 10382 10472 10542 10621 10687 10797 10872 10932 10997 11060 11087 
S 1: 0 | 34 80 101 134 156 182 225 270 336 475 634 689 827 992 1018 1035 1094 1133 1219 1279 1379 1417 1546 1559 1794 1827 1889 1896 1992 2019 2341 2361 2411 2455 2505 2623 2624 2648 2719 2787 2807 2872 2977 3111 3184 3354 3375 3412 3438 3553 3596 3604 3793 3858 3925 3964 4049 4102 4213 4299 4365 4383 4503 4542 4634 4678 4700 4788 4891 4898 4988 5148 5290 5383 5538 5594 5728 5737 5809 5868 5945 5962 6096 6098 6211 6278 6287 6371 6604 6636 6678 6703 6850 6999 7135 7169 7240 7301 7423 7495 7528 7620 7676 7706 7831 7844 7891 7933 8043 8153 8193 8256 8347 8431 8477 8543 8626 8767 8830 8883 8995 9115 9172 9197 9258 9404 9448 9508 9532 9677 9725 9788 9803 9974 10066 10129 10154 10266 10346 10382 10472 10542 10621 10687 10797 10872 10932 10997 11060 11087 
S 2: 0 | 34 80 101 134 156 182 225 270 336 475 634 689 827 992 1018 1035 1094 1133 1219 1279 1379 1417 1546 1559 1794 1827 1889 1896 1992 2019 2341 2361 2411 2455 2505 2623 2624 2648 2719 2787 2807 2872 2977 3111 3184 3354 3375 3412 3438 3553 3596 3604 3793 3858 3925 3964 4049 4102 4213 4299 4365 4383 4503 4542 4634 4678 4700 4788 4891 4898 4988 5148 5290 5383 5538 5594 5728 5737 5809 5868 5945 5962 6096 6098 6211 6278 6287 6371 6604 6636 6678 6703 6850 6999 7135 7169 7240 7301 7423 7495 7528 7620 7676 7706 7831 7844 7891 7933 8043 8153 8193 8256 8347 8431 8477 8543 8626 8767 8830 8883 8995 9115 9172 9197 9258 9404 9448 9508 9532 9677 9725 9788 9803 9974 10066 10129 10154 10266 10346 10382 10472 10542 10621 10687 10797 10872 10932 10997 11060 11087 
S 3: 0 | 34 80 101 134 156 182 225 270 336 475 634 689 827 992 1018 1035 1094 1133 1219 1279 1379 1417 1546 1559 1794 1827 1889 1896 1992 2019 2341 2361 2411 2455 2505 2623 2624 2648 2719 2787 2807 2872 2977 3111 3184 3354 3375 3412 3438 3553 3596 3604 3793 3858 3925 3964 4049 4102 4213 4299 4365 4383 4503 4542 4634 4678 4700 4788 4891 4898 4988 5148 5290 5383 5538 5594 5728 5737 5809 5868 5945 5962 6096 6098 6211 6278 6287 6371 6604 6636 6678 6703 6850 6999 7135 7169 7240 7301 7423 7495 7528 7620 7676 7706 7831 7844 7891 7933 8043 8153 8193 8256 8347 8431 8477 8543 8626 8767 8830 8883 8995 9115 9172 9197 9258 9404 9448 9508 9532 9677 9725 9788 9803 9974 10066 10129 10154 10266 10346 10382 10472 10542 10621 10687 10797 10872 10932 10997 11060 11087 
S 4: 0 | 34 80 101 134 156 182 225 270 336 475 634 689 827 992 1018 1035 1094 1133 1219 1279 1379 1417 1546 1559 1794 1827 1889 1896 1992 2019 2341 2361 2411 2455 2505 2623 2624 2648 2719 2787 2807 2872 2977 3111 3184 3354 3375 3412 3438 3553 3596 3604 3793 3858 3925 3964 4049 4102 4213 4299 4365 4383 4503 4542 4634 4678 4700 4788 4891 4898 4988 5148 5290 5383 5538 5594 5728 5737 5809 5868 5945 5962 6096 6098 6211 6278 6287 6371 6604 6636 6678 6703 6850 6999 7135 7169 7240 7301 7423 7495 7528 7620 7676 7706 7831 7844 7891 7933 8043 8153 8193 8256 8347 8431 8477 8543 8626 8767 8830 8883 8995 9115 9172 9197 9258 9404 9448 9508 9532 9677 9725 9788 9803 9974 10066 10129 10154 10266 10346 10382 10472 10542 10621 10687 10797 10872 10932 10997 11060 11087 
S 5: 0 | 34 80 101 134 156 182 225 270 336 475 634 689 827 992 1018 1035 1094 1133 1219 1279 1379 1417 1546 1559 1794 1827 1889 1896 1992 2019 2341 2361 2411 2455 2505 2623 2624 2648 2719 2787 2807 2872 2977 3111 3184 3354 3375 3412 3438 3553 3596 3604 3793 3858 3925 3964 4049 4102 4213 4299 4365 4383 4503 4542 4634 4678 4700 4788 4891 4898 4988 5148 5290 5383 5538 5594 5728 5737 5809 5868 5945 5962 6096 6098 6211 6278 6287 6371 6604 6636 6678 6703 6850 6999 7135 7169 7240 7301 7423 7495 7528 7620 7676 7706 7831 7844 7891 7933 8043 8153 8193 8256 8347 8431 8477 8543 8626 8767 8830 8883 8995 9115 9172 9197 9258 9404 9448 9508 9532 9677 9725 9788 9803 9974 10066 10129 10154 10266 10346 10382 10472 10542 10621 10687 10797 10872 10932 10997 11060 11087 
S 6: 0 | 34 80 101 134 156 182 225 270 336 475 634 689 827 992 1018 1035 1094 1133 1219 1279 1379 1417 1546 1559 1794 1827 1889 1896 1992 2019 2341 2361 2411 2455 2505 2623 2624 2648 2719 2787 2807 2872 2977 3111 3184 3354 3375 3412 3438 3553 3596 3604 3793 3858 3925 3964 4049 4102 4213 4299 4365 4383 4503 4542 4634 4678 4700 4788 4891 4898 4988 5148 5290 5383 5538 5594 5728 5737 5809 5868 5945 5962 6096 6098 6211 6278 6287 6371 6604 6636 6678 6703 6850 6999 7135 7169 7240 7301 7423 7495 7528 7620 7676 7706 7831 7844 7891 7933 8043 8153 8193 8256 8347 8431 8477 8543 8626 8767 8830 8883 8995 9115 9172 9197 9258 9404 9448 9508 9532 9677 9725 9788 9803 9974 10066 10129 10154 10266 10346 10382 10472 10542 10621 10687 10797 10872 10932 10997 11060 11087 
S 7: 0 | 34 80 101 134 156 182 225 270 336 475 634 689 827 992 1018 1035 1094 1133 1219 1279 1379 1417 1546 1559 1794 1827 1889 1896 1992 2019 2341 2361 2411 2455 2505 2623 2624 2648 2719 2787 2807 2872 2977 3111 3184 3354 3375 3412 3438 3553 3596 3604 3793 3858 3925 3964 4049 4102 4213 4299 4365 4383 4503 4542 4634 4678 4700 4788 4891 4898 4988 5148 5290 5383 5538 5594 5728 5737 5809 5868 5945 5962 6096 6098 6211 6278 6287 6371 6604 6636 6678 6703 6850 6999 7135 7169 7240 7301 7423 7495 7528 7620 7676 7706 7831 7844 7891 7933 8043 8153 8193 8256 8347 8431 8477 8543 8626 8767 8830 8883 8995 9115 9172 9197 9258 9404 9448 9508 9532 9677 9725 9788 9803 9974 10066 10129 10154 10266 10346 10382 10472 10542 10621 10687 10797 10872 10932 10997 11060 11087 
S 8: 0 | 34 80 101 134 156 182 225 270 336 475 634 689 827 992 1018 1035 1094 1133 1219 1279 1379 1417 1546 1559 1794 1827 1889 1896 1992 2019 2341 2361 2411 2455 2505 2623 2624 2648 2719 2787 2807 2872 2977 3111 3184 3354 3375 3412 3438 3553 3596 3604 3793 3858 3925 3964 4049 4102 4213 4299 4365 4383 4503 4542 4634 4678 4700 4788 4891 4898 4988 5148 5290 5383 5538 5594 5728 5737 5809 5868 5945 5962 6096 6098 6211 6278 6287 6371 6604 6636 6678 6703 6850 6999 7135 7169 7240 7301 7423 7495 7528 7620 7676 7706 7831 7844 7891 7933 8043 8153 8193 8256 8347 8431 8477 8543 8626 8767 8830 8883 8995 9115 9172 9197 9258 9404 9448 9508 9532 9677 9725 9788 9803 9974 10066 10129 10154 10266 10346 10382 10472 10542 10621 10687 10797 10872 10932 10997 11060 11087 
S 9: 0 | 34 80 101 134 156 182 225 270 336 475 634 689 827 992 1018 1035 1094 1133 1219 1279 1379 1417 1546 1559 1794 1827 1889 1896 1992 2019 2341 2361 2411 2455 2505 2623 2624 2648 2719 2787 2807 2872 2977 3111 3184 3354 3375 3412 3438 3553 3596 3604 3793 3858 3925 3964 4049 4102 4213 4299 4365 4383 4503 4542 4634 4678 4700 4788 4891 4898 4988 5148 5290 5383 5538 5594 5728 5737 5809 5868 5945 5962 6096 6098 6211 6278 6287 6371 6604 6636 6678 6703 6850 6999 7135 7169 7240 7301 7423 7495 7528 7620 7676 7706 7831 7844 7891 7933 8043 8153 8193 8256 8347 8431 8477 8543 8626 8767 8830 8883 8995 9115 9172 9197 9258 9404 9448 9508 9532 9677 9725 9788 9803 9974 10066 10129 10154 10266 10346 10382 10472 10542 10621 10687 10797 10872 10932 10997 11060 11087 
ALL EQUAL

Final time = 9543.53
Final solution cost = 26793
