Reading instance small_stp_instances/kroA100_5_05.stp of type D
Finished instance reading
Number of vertices = 100
Number of edges (resources) = 4950
Number of scenarios = 5
Average number of terminals per scenario = 100
Probabilities of Scenarios: (0) 0.1 | (1) 0.22 | (2) 0.28 | (3) 0.3 | (4) 0.1 | 
Average weighted inflation = 0.251246
Largest inflation = 0.499815
MAX_ITERATIONS_SINCE_LAST_IMPROVEMENT 2
MAX_ITERATIONS_SINCE_BEST_SOLUTION 3
Creating solution instance.
Starting Evolutive Framework.
Local search solution cost = 21452.8
Local search time = 830.076
830.076 local search - EF main loop cycle 0 solution cost 21452.8
830.082s Cost of SP solution after second stage solver 21452.8
Local search solution cost = 21419
Local search time = 62.0969
892.179 local search - EF main loop cycle 1 solution cost 21419
892.184s Cost of SP solution after second stage solver 21419
Local search solution cost = 21419
Local search time = 62.0803
954.264 local search - EF main loop cycle 2 solution cost 21419
954.27s Cost of SP solution after second stage solver 21419
Local search solution cost = 21419
Local search time = 62.0953
1016.37 local search - EF main loop cycle 3 solution cost 21419
1016.37s Cost of SP solution after second stage solver 21419
Number of cycles 4
Time for each cycle 254.093
1016.38s Cost of SP solution after tail step 21419
SELECTED RESOURCES:
34 80 130 134 182 270 336 475 508 556 634 642 689 732 793 827 863 904 977 1018 1032 1035 1110 1133 1219 1249 1279 1341 1379 1417 1437 1548 1559 1667 1827 1864 1889 1891 1896 1992 2019 2041 2105 2172 2202 2341 2367 2411 2455 2494 2505 2605 2623 2648 2686 2719 2807 2872 2909 2977 3020 3055 3111 3136 3184 3228 3354 3375 3412 3438 3553 3567 3596 3604 3705 3715 3756 3858 3869 3934 3964 4049 4102 4169 4213 4232 4299 4365 4446 4452 4503 4542 4563 4615 4678 4746 4788 4790 4898 4921 
SCENARIO'S RESOURCES:
S 0: 0 | 34 80 130 134 182 270 336 475 508 556 634 642 689 732 793 827 863 904 977 1018 1032 1035 1110 1133 1219 1249 1279 1341 1379 1417 1437 1548 1559 1667 1827 1864 1889 1891 1896 1992 2019 2041 2105 2172 2202 2341 2367 2411 2455 2494 2505 2605 2623 2648 2686 2719 2807 2872 2909 2977 3020 3055 3111 3136 3184 3228 3354 3375 3412 3438 3553 3567 3596 3604 3705 3715 3756 3858 3869 3934 3964 4049 4102 4169 4213 4232 4299 4365 4446 4452 4503 4542 4563 4615 4678 4746 4788 4790 4898 4921 
S 1: 0 | 34 80 130 134 182 270 336 475 508 556 634 642 689 732 793 827 863 904 977 1018 1032 1035 1110 1133 1219 1249 1279 1341 1379 1417 1437 1548 1559 1667 1827 1864 1889 1891 1896 1992 2019 2041 2105 2172 2202 2341 2367 2411 2455 2494 2505 2605 2623 2648 2686 2719 2807 2872 2909 2977 3020 3055 3111 3136 3184 3228 3354 3375 3412 3438 3553 3567 3596 3604 3705 3715 3756 3858 3869 3934 3964 4049 4102 4169 4213 4232 4299 4365 4446 4452 4503 4542 4563 4615 4678 4746 4788 4790 4898 4921 
S 2: 0 | 34 80 130 134 182 270 336 475 508 556 634 642 689 732 793 827 863 904 977 1018 1032 1035 1110 1133 1219 1249 1279 1341 1379 1417 1437 1548 1559 1667 1827 1864 1889 1891 1896 1992 2019 2041 2105 2172 2202 2341 2367 2411 2455 2494 2505 2605 2623 2648 2686 2719 2807 2872 2909 2977 3020 3055 3111 3136 3184 3228 3354 3375 3412 3438 3553 3567 3596 3604 3705 3715 3756 3858 3869 3934 3964 4049 4102 4169 4213 4232 4299 4365 4446 4452 4503 4542 4563 4615 4678 4746 4788 4790 4898 4921 
S 3: 0 | 34 80 130 134 182 270 336 475 508 556 634 642 689 732 793 827 863 904 977 1018 1032 1035 1110 1133 1219 1249 1279 1341 1379 1417 1437 1548 1559 1667 1827 1864 1889 1891 1896 1992 2019 2041 2105 2172 2202 2341 2367 2411 2455 2494 2505 2605 2623 2648 2686 2719 2807 2872 2909 2977 3020 3055 3111 3136 3184 3228 3354 3375 3412 3438 3553 3567 3596 3604 3705 3715 3756 3858 3869 3934 3964 4049 4102 4169 4213 4232 4299 4365 4446 4452 4503 4542 4563 4615 4678 4746 4788 4790 4898 4921 
S 4: 0 | 34 80 130 134 182 270 336 475 508 556 634 642 689 732 793 827 863 904 977 1018 1032 1035 1110 1133 1219 1249 1279 1341 1379 1417 1437 1548 1559 1667 1827 1864 1889 1891 1896 1992 2019 2041 2105 2172 2202 2341 2367 2411 2455 2494 2505 2605 2623 2648 2686 2719 2807 2872 2909 2977 3020 3055 3111 3136 3184 3228 3354 3375 3412 3438 3553 3567 3596 3604 3705 3715 3756 3858 3869 3934 3964 4049 4102 4169 4213 4232 4299 4365 4446 4452 4503 4542 4563 4615 4678 4746 4788 4790 4898 4921 
ALL EQUAL

Final time = 1016.39
Final solution cost = 21419
