Reading instance small_stp_instances/kroA100_20_03.stp of type D
Finished instance reading
Number of vertices = 100
Number of edges (resources) = 4950
Number of scenarios = 20
Average number of terminals per scenario = 100
Probabilities of Scenarios: (0) 0.01 | (1) 0.01 | (2) 0.07 | (3) 0.09 | (4) 0.04 | (5) 0.02 | (6) 0.04 | (7) 0.04 | (8) 0.03 | (9) 0.02 | (10) 0.1 | (11) 0.08 | (12) 0.09 | (13) 0.14 | (14) 0.04 | (15) 0 | (16) 0.08 | (17) 0.09 | (18) 0.01 | (19) 0 | 
Average weighted inflation = 0.149473
Largest inflation = 0.299927
MAX_ITERATIONS_SINCE_LAST_IMPROVEMENT 2
MAX_ITERATIONS_SINCE_BEST_SOLUTION 3
Creating solution instance.
Starting Evolutive Framework.
Local search solution cost = 21318
Local search time = 3185.92
3185.92 local search - EF main loop cycle 0 solution cost 21318
3185.94s Cost of SP solution after second stage solver 21318
Local search solution cost = 21318
Local search time = 249.127
3435.07 local search - EF main loop cycle 1 solution cost 21318
3435.09s Cost of SP solution after second stage solver 21318
Local search solution cost = 21318
Local search time = 249.162
3684.25 local search - EF main loop cycle 2 solution cost 21318
3684.28s Cost of SP solution after second stage solver 21318
Number of cycles 3
Time for each cycle 1228.09
3684.3s Cost of SP solution after tail step 21318
SELECTED RESOURCES:
34 80 101 134 182 270 336 475 556 634 662 689 732 793 827 863 904 977 1018 1032 1035 1110 1133 1219 1279 1341 1379 1417 1437 1548 1559 1669 1733 1820 1827 1864 1891 1896 1992 2019 2041 2105 2172 2202 2341 2367 2411 2455 2494 2505 2605 2623 2648 2686 2719 2787 2807 2909 2911 2977 3020 3055 3111 3136 3184 3228 3354 3375 3412 3438 3553 3567 3596 3604 3679 3705 3756 3858 3869 3934 3964 4049 4102 4169 4213 4232 4299 4365 4383 4452 4503 4542 4563 4615 4678 4746 4788 4790 4898 4921 
SCENARIO'S RESOURCES:
S 0: 0 | 34 80 101 134 182 270 336 475 556 634 662 689 732 793 827 863 904 977 1018 1032 1035 1110 1133 1219 1279 1341 1379 1417 1437 1548 1559 1669 1733 1820 1827 1864 1891 1896 1992 2019 2041 2105 2172 2202 2341 2367 2411 2455 2494 2505 2605 2623 2648 2686 2719 2787 2807 2909 2911 2977 3020 3055 3111 3136 3184 3228 3354 3375 3412 3438 3553 3567 3596 3604 3679 3705 3756 3858 3869 3934 3964 4049 4102 4169 4213 4232 4299 4365 4383 4452 4503 4542 4563 4615 4678 4746 4788 4790 4898 4921 
S 1: 0 | 34 80 101 134 182 270 336 475 556 634 662 689 732 793 827 863 904 977 1018 1032 1035 1110 1133 1219 1279 1341 1379 1417 1437 1548 1559 1669 1733 1820 1827 1864 1891 1896 1992 2019 2041 2105 2172 2202 2341 2367 2411 2455 2494 2505 2605 2623 2648 2686 2719 2787 2807 2909 2911 2977 3020 3055 3111 3136 3184 3228 3354 3375 3412 3438 3553 3567 3596 3604 3679 3705 3756 3858 3869 3934 3964 4049 4102 4169 4213 4232 4299 4365 4383 4452 4503 4542 4563 4615 4678 4746 4788 4790 4898 4921 
S 2: 0 | 34 80 101 134 182 270 336 475 556 634 662 689 732 793 827 863 904 977 1018 1032 1035 1110 1133 1219 1279 1341 1379 1417 1437 1548 1559 1669 1733 1820 1827 1864 1891 1896 1992 2019 2041 2105 2172 2202 2341 2367 2411 2455 2494 2505 2605 2623 2648 2686 2719 2787 2807 2909 2911 2977 3020 3055 3111 3136 3184 3228 3354 3375 3412 3438 3553 3567 3596 3604 3679 3705 3756 3858 3869 3934 3964 4049 4102 4169 4213 4232 4299 4365 4383 4452 4503 4542 4563 4615 4678 4746 4788 4790 4898 4921 
S 3: 0 | 34 80 101 134 182 270 336 475 556 634 662 689 732 793 827 863 904 977 1018 1032 1035 1110 1133 1219 1279 1341 1379 1417 1437 1548 1559 1669 1733 1820 1827 1864 1891 1896 1992 2019 2041 2105 2172 2202 2341 2367 2411 2455 2494 2505 2605 2623 2648 2686 2719 2787 2807 2909 2911 2977 3020 3055 3111 3136 3184 3228 3354 3375 3412 3438 3553 3567 3596 3604 3679 3705 3756 3858 3869 3934 3964 4049 4102 4169 4213 4232 4299 4365 4383 4452 4503 4542 4563 4615 4678 4746 4788 4790 4898 4921 
S 4: 0 | 34 80 101 134 182 270 336 475 556 634 662 689 732 793 827 863 904 977 1018 1032 1035 1110 1133 1219 1279 1341 1379 1417 1437 1548 1559 1669 1733 1820 1827 1864 1891 1896 1992 2019 2041 2105 2172 2202 2341 2367 2411 2455 2494 2505 2605 2623 2648 2686 2719 2787 2807 2909 2911 2977 3020 3055 3111 3136 3184 3228 3354 3375 3412 3438 3553 3567 3596 3604 3679 3705 3756 3858 3869 3934 3964 4049 4102 4169 4213 4232 4299 4365 4383 4452 4503 4542 4563 4615 4678 4746 4788 4790 4898 4921 
S 5: 0 | 34 80 101 134 182 270 336 475 556 634 662 689 732 793 827 863 904 977 1018 1032 1035 1110 1133 1219 1279 1341 1379 1417 1437 1548 1559 1669 1733 1820 1827 1864 1891 1896 1992 2019 2041 2105 2172 2202 2341 2367 2411 2455 2494 2505 2605 2623 2648 2686 2719 2787 2807 2909 2911 2977 3020 3055 3111 3136 3184 3228 3354 3375 3412 3438 3553 3567 3596 3604 3679 3705 3756 3858 3869 3934 3964 4049 4102 4169 4213 4232 4299 4365 4383 4452 4503 4542 4563 4615 4678 4746 4788 4790 4898 4921 
S 6: 0 | 34 80 101 134 182 270 336 475 556 634 662 689 732 793 827 863 904 977 1018 1032 1035 1110 1133 1219 1279 1341 1379 1417 1437 1548 1559 1669 1733 1820 1827 1864 1891 1896 1992 2019 2041 2105 2172 2202 2341 2367 2411 2455 2494 2505 2605 2623 2648 2686 2719 2787 2807 2909 2911 2977 3020 3055 3111 3136 3184 3228 3354 3375 3412 3438 3553 3567 3596 3604 3679 3705 3756 3858 3869 3934 3964 4049 4102 4169 4213 4232 4299 4365 4383 4452 4503 4542 4563 4615 4678 4746 4788 4790 4898 4921 
S 7: 0 | 34 80 101 134 182 270 336 475 556 634 662 689 732 793 827 863 904 977 1018 1032 1035 1110 1133 1219 1279 1341 1379 1417 1437 1548 1559 1669 1733 1820 1827 1864 1891 1896 1992 2019 2041 2105 2172 2202 2341 2367 2411 2455 2494 2505 2605 2623 2648 2686 2719 2787 2807 2909 2911 2977 3020 3055 3111 3136 3184 3228 3354 3375 3412 3438 3553 3567 3596 3604 3679 3705 3756 3858 3869 3934 3964 4049 4102 4169 4213 4232 4299 4365 4383 4452 4503 4542 4563 4615 4678 4746 4788 4790 4898 4921 
S 8: 0 | 34 80 101 134 182 270 336 475 556 634 662 689 732 793 827 863 904 977 1018 1032 1035 1110 1133 1219 1279 1341 1379 1417 1437 1548 1559 1669 1733 1820 1827 1864 1891 1896 1992 2019 2041 2105 2172 2202 2341 2367 2411 2455 2494 2505 2605 2623 2648 2686 2719 2787 2807 2909 2911 2977 3020 3055 3111 3136 3184 3228 3354 3375 3412 3438 3553 3567 3596 3604 3679 3705 3756 3858 3869 3934 3964 4049 4102 4169 4213 4232 4299 4365 4383 4452 4503 4542 4563 4615 4678 4746 4788 4790 4898 4921 
S 9: 0 | 34 80 101 134 182 270 336 475 556 634 662 689 732 793 827 863 904 977 1018 1032 1035 1110 1133 1219 1279 1341 1379 1417 1437 1548 1559 1669 1733 1820 1827 1864 1891 1896 1992 2019 2041 2105 2172 2202 2341 2367 2411 2455 2494 2505 2605 2623 2648 2686 2719 2787 2807 2909 2911 2977 3020 3055 3111 3136 3184 3228 3354 3375 3412 3438 3553 3567 3596 3604 3679 3705 3756 3858 3869 3934 3964 4049 4102 4169 4213 4232 4299 4365 4383 4452 4503 4542 4563 4615 4678 4746 4788 4790 4898 4921 
S 10: 0 | 34 80 101 134 182 270 336 475 556 634 662 689 732 793 827 863 904 977 1018 1032 1035 1110 1133 1219 1279 1341 1379 1417 1437 1548 1559 1669 1733 1820 1827 1864 1891 1896 1992 2019 2041 2105 2172 2202 2341 2367 2411 2455 2494 2505 2605 2623 2648 2686 2719 2787 2807 2909 2911 2977 3020 3055 3111 3136 3184 3228 3354 3375 3412 3438 3553 3567 3596 3604 3679 3705 3756 3858 3869 3934 3964 4049 4102 4169 4213 4232 4299 4365 4383 4452 4503 4542 4563 4615 4678 4746 4788 4790 4898 4921 
S 11: 0 | 34 80 101 134 182 270 336 475 556 634 662 689 732 793 827 863 904 977 1018 1032 1035 1110 1133 1219 1279 1341 1379 1417 1437 1548 1559 1669 1733 1820 1827 1864 1891 1896 1992 2019 2041 2105 2172 2202 2341 2367 2411 2455 2494 2505 2605 2623 2648 2686 2719 2787 2807 2909 2911 2977 3020 3055 3111 3136 3184 3228 3354 3375 3412 3438 3553 3567 3596 3604 3679 3705 3756 3858 3869 3934 3964 4049 4102 4169 4213 4232 4299 4365 4383 4452 4503 4542 4563 4615 4678 4746 4788 4790 4898 4921 
S 12: 0 | 34 80 101 134 182 270 336 475 556 634 662 689 732 793 827 863 904 977 1018 1032 1035 1110 1133 1219 1279 1341 1379 1417 1437 1548 1559 1669 1733 1820 1827 1864 1891 1896 1992 2019 2041 2105 2172 2202 2341 2367 2411 2455 2494 2505 2605 2623 2648 2686 2719 2787 2807 2909 2911 2977 3020 3055 3111 3136 3184 3228 3354 3375 3412 3438 3553 3567 3596 3604 3679 3705 3756 3858 3869 3934 3964 4049 4102 4169 4213 4232 4299 4365 4383 4452 4503 4542 4563 4615 4678 4746 4788 4790 4898 4921 
S 13: 0 | 34 80 101 134 182 270 336 475 556 634 662 689 732 793 827 863 904 977 1018 1032 1035 1110 1133 1219 1279 1341 1379 1417 1437 1548 1559 1669 1733 1820 1827 1864 1891 1896 1992 2019 2041 2105 2172 2202 2341 2367 2411 2455 2494 2505 2605 2623 2648 2686 2719 2787 2807 2909 2911 2977 3020 3055 3111 3136 3184 3228 3354 3375 3412 3438 3553 3567 3596 3604 3679 3705 3756 3858 3869 3934 3964 4049 4102 4169 4213 4232 4299 4365 4383 4452 4503 4542 4563 4615 4678 4746 4788 4790 4898 4921 
S 14: 0 | 34 80 101 134 182 270 336 475 556 634 662 689 732 793 827 863 904 977 1018 1032 1035 1110 1133 1219 1279 1341 1379 1417 1437 1548 1559 1669 1733 1820 1827 1864 1891 1896 1992 2019 2041 2105 2172 2202 2341 2367 2411 2455 2494 2505 2605 2623 2648 2686 2719 2787 2807 2909 2911 2977 3020 3055 3111 3136 3184 3228 3354 3375 3412 3438 3553 3567 3596 3604 3679 3705 3756 3858 3869 3934 3964 4049 4102 4169 4213 4232 4299 4365 4383 4452 4503 4542 4563 4615 4678 4746 4788 4790 4898 4921 
S 15: 0 | 34 80 101 134 182 270 336 475 556 634 662 689 732 793 827 863 904 977 1018 1032 1035 1110 1133 1219 1279 1341 1379 1417 1437 1548 1559 1669 1733 1820 1827 1864 1891 1896 1992 2019 2041 2105 2172 2202 2341 2367 2411 2455 2494 2505 2605 2623 2648 2686 2719 2787 2807 2909 2911 2977 3020 3055 3111 3136 3184 3228 3354 3375 3412 3438 3553 3567 3596 3604 3679 3705 3756 3858 3869 3934 3964 4049 4102 4169 4213 4232 4299 4365 4383 4452 4503 4542 4563 4615 4678 4746 4788 4790 4898 4921 
S 16: 0 | 34 80 101 134 182 270 336 475 556 634 662 689 732 793 827 863 904 977 1018 1032 1035 1110 1133 1219 1279 1341 1379 1417 1437 1548 1559 1669 1733 1820 1827 1864 1891 1896 1992 2019 2041 2105 2172 2202 2341 2367 2411 2455 2494 2505 2605 2623 2648 2686 2719 2787 2807 2909 2911 2977 3020 3055 3111 3136 3184 3228 3354 3375 3412 3438 3553 3567 3596 3604 3679 3705 3756 3858 3869 3934 3964 4049 4102 4169 4213 4232 4299 4365 4383 4452 4503 4542 4563 4615 4678 4746 4788 4790 4898 4921 
S 17: 0 | 34 80 101 134 182 270 336 475 556 634 662 689 732 793 827 863 904 977 1018 1032 1035 1110 1133 1219 1279 1341 1379 1417 1437 1548 1559 1669 1733 1820 1827 1864 1891 1896 1992 2019 2041 2105 2172 2202 2341 2367 2411 2455 2494 2505 2605 2623 2648 2686 2719 2787 2807 2909 2911 2977 3020 3055 3111 3136 3184 3228 3354 3375 3412 3438 3553 3567 3596 3604 3679 3705 3756 3858 3869 3934 3964 4049 4102 4169 4213 4232 4299 4365 4383 4452 4503 4542 4563 4615 4678 4746 4788 4790 4898 4921 
S 18: 0 | 34 80 101 134 182 270 336 475 556 634 662 689 732 793 827 863 904 977 1018 1032 1035 1110 1133 1219 1279 1341 1379 1417 1437 1548 1559 1669 1733 1820 1827 1864 1891 1896 1992 2019 2041 2105 2172 2202 2341 2367 2411 2455 2494 2505 2605 2623 2648 2686 2719 2787 2807 2909 2911 2977 3020 3055 3111 3136 3184 3228 3354 3375 3412 3438 3553 3567 3596 3604 3679 3705 3756 3858 3869 3934 3964 4049 4102 4169 4213 4232 4299 4365 4383 4452 4503 4542 4563 4615 4678 4746 4788 4790 4898 4921 
S 19: 0 | 34 80 101 134 182 270 336 475 556 634 662 689 732 793 827 863 904 977 1018 1032 1035 1110 1133 1219 1279 1341 1379 1417 1437 1548 1559 1669 1733 1820 1827 1864 1891 1896 1992 2019 2041 2105 2172 2202 2341 2367 2411 2455 2494 2505 2605 2623 2648 2686 2719 2787 2807 2909 2911 2977 3020 3055 3111 3136 3184 3228 3354 3375 3412 3438 3553 3567 3596 3604 3679 3705 3756 3858 3869 3934 3964 4049 4102 4169 4213 4232 4299 4365 4383 4452 4503 4542 4563 4615 4678 4746 4788 4790 4898 4921 
ALL EQUAL

Final time = 3684.34
Final solution cost = 21318
