Reading instance small_stp_instances/kroA100_5_03.stp of type D
Finished instance reading
Number of vertices = 100
Number of edges (resources) = 4950
Number of scenarios = 5
Average number of terminals per scenario = 100
Probabilities of Scenarios: (0) 0.16 | (1) 0.25 | (2) 0.2 | (3) 0.04 | (4) 0.35 | 
Average weighted inflation = 0.149053
Largest inflation = 0.299919
MAX_ITERATIONS_SINCE_LAST_IMPROVEMENT 2
MAX_ITERATIONS_SINCE_BEST_SOLUTION 3
Creating solution instance.
Starting Evolutive Framework.
Local search solution cost = 21482.8
Local search time = 610.242
610.242 local search - EF main loop cycle 0 solution cost 21482.8
610.248s Cost of SP solution after second stage solver 21482.8
Local search solution cost = 21470
Local search time = 62.7041
672.952 local search - EF main loop cycle 1 solution cost 21470
672.957s Cost of SP solution after second stage solver 21470
Local search solution cost = 21470
Local search time = 62.7685
735.726 local search - EF main loop cycle 2 solution cost 21470
735.731s Cost of SP solution after second stage solver 21470
Number of cycles 3
Time for each cycle 245.244
735.737s Cost of SP solution after tail step 21470
SELECTED RESOURCES:
34 80 130 134 156 182 270 336 351 475 508 556 634 642 689 732 793 827 863 904 977 1018 1032 1110 1133 1219 1279 1341 1379 1417 1437 1548 1559 1667 1733 1820 1827 1864 1896 1937 1992 2019 2041 2105 2202 2341 2367 2411 2455 2505 2531 2605 2623 2648 2686 2719 2807 2909 2911 2977 3020 3055 3111 3136 3184 3228 3354 3375 3412 3438 3553 3567 3596 3604 3679 3705 3756 3858 3869 3925 3964 4049 4095 4102 4213 4252 4299 4365 4446 4452 4503 4542 4615 4634 4678 4746 4788 4790 4898 4921 
SCENARIO'S RESOURCES:
S 0: 0 | 34 80 130 134 156 182 270 336 351 475 508 556 634 642 689 732 793 827 863 904 977 1018 1032 1110 1133 1219 1279 1341 1379 1417 1437 1548 1559 1667 1733 1820 1827 1864 1896 1937 1992 2019 2041 2105 2202 2341 2367 2411 2455 2505 2531 2605 2623 2648 2686 2719 2807 2909 2911 2977 3020 3055 3111 3136 3184 3228 3354 3375 3412 3438 3553 3567 3596 3604 3679 3705 3756 3858 3869 3925 3964 4049 4095 4102 4213 4252 4299 4365 4446 4452 4503 4542 4615 4634 4678 4746 4788 4790 4898 4921 
S 1: 0 | 34 80 130 134 156 182 270 336 351 475 508 556 634 642 689 732 793 827 863 904 977 1018 1032 1110 1133 1219 1279 1341 1379 1417 1437 1548 1559 1667 1733 1820 1827 1864 1896 1937 1992 2019 2041 2105 2202 2341 2367 2411 2455 2505 2531 2605 2623 2648 2686 2719 2807 2909 2911 2977 3020 3055 3111 3136 3184 3228 3354 3375 3412 3438 3553 3567 3596 3604 3679 3705 3756 3858 3869 3925 3964 4049 4095 4102 4213 4252 4299 4365 4446 4452 4503 4542 4615 4634 4678 4746 4788 4790 4898 4921 
S 2: 0 | 34 80 130 134 156 182 270 336 351 475 508 556 634 642 689 732 793 827 863 904 977 1018 1032 1110 1133 1219 1279 1341 1379 1417 1437 1548 1559 1667 1733 1820 1827 1864 1896 1937 1992 2019 2041 2105 2202 2341 2367 2411 2455 2505 2531 2605 2623 2648 2686 2719 2807 2909 2911 2977 3020 3055 3111 3136 3184 3228 3354 3375 3412 3438 3553 3567 3596 3604 3679 3705 3756 3858 3869 3925 3964 4049 4095 4102 4213 4252 4299 4365 4446 4452 4503 4542 4615 4634 4678 4746 4788 4790 4898 4921 
S 3: 0 | 34 80 130 134 156 182 270 336 351 475 508 556 634 642 689 732 793 827 863 904 977 1018 1032 1110 1133 1219 1279 1341 1379 1417 1437 1548 1559 1667 1733 1820 1827 1864 1896 1937 1992 2019 2041 2105 2202 2341 2367 2411 2455 2505 2531 2605 2623 2648 2686 2719 2807 2909 2911 2977 3020 3055 3111 3136 3184 3228 3354 3375 3412 3438 3553 3567 3596 3604 3679 3705 3756 3858 3869 3925 3964 4049 4095 4102 4213 4252 4299 4365 4446 4452 4503 4542 4615 4634 4678 4746 4788 4790 4898 4921 
S 4: 0 | 34 80 130 134 156 182 270 336 351 475 508 556 634 642 689 732 793 827 863 904 977 1018 1032 1110 1133 1219 1279 1341 1379 1417 1437 1548 1559 1667 1733 1820 1827 1864 1896 1937 1992 2019 2041 2105 2202 2341 2367 2411 2455 2505 2531 2605 2623 2648 2686 2719 2807 2909 2911 2977 3020 3055 3111 3136 3184 3228 3354 3375 3412 3438 3553 3567 3596 3604 3679 3705 3756 3858 3869 3925 3964 4049 4095 4102 4213 4252 4299 4365 4446 4452 4503 4542 4615 4634 4678 4746 4788 4790 4898 4921 
ALL EQUAL

Final time = 735.749
Final solution cost = 21470
