Reading instance small_stp_instances/kroA100_10_03.stp of type D
Finished instance reading
Number of vertices = 100
Number of edges (resources) = 4950
Number of scenarios = 10
Average number of terminals per scenario = 100
Probabilities of Scenarios: (0) 0.05 | (1) 0.02 | (2) 0.17 | (3) 0.18 | (4) 0.02 | (5) 0.14 | (6) 0.07 | (7) 0.12 | (8) 0.18 | (9) 0.05 | 
Average weighted inflation = 0.149383
Largest inflation = 0.299875
MAX_ITERATIONS_SINCE_LAST_IMPROVEMENT 2
MAX_ITERATIONS_SINCE_BEST_SOLUTION 3
Creating solution instance.
Starting Evolutive Framework.
Local search solution cost = 21423.8
Local search time = 1536.74
1536.74 local search - EF main loop cycle 0 solution cost 21423.8
1536.75s Cost of SP solution after second stage solver 21423.8
Local search solution cost = 21410
Local search time = 124.829
1661.58 local search - EF main loop cycle 1 solution cost 21410
1661.59s Cost of SP solution after second stage solver 21410
Local search solution cost = 21410
Local search time = 125.048
1786.64 local search - EF main loop cycle 2 solution cost 21410
1786.65s Cost of SP solution after second stage solver 21410
Number of cycles 3
Time for each cycle 595.55
1786.66s Cost of SP solution after tail step 21410
SELECTED RESOURCES:
34 80 101 134 156 182 270 336 475 508 556 634 642 689 732 793 827 863 904 977 1018 1032 1110 1133 1219 1279 1341 1379 1417 1437 1548 1559 1669 1820 1827 1864 1889 1896 1937 1992 2019 2041 2105 2172 2202 2341 2367 2411 2455 2505 2531 2623 2624 2648 2686 2719 2807 2872 2909 2977 3020 3055 3111 3136 3184 3289 3354 3375 3412 3438 3553 3566 3596 3604 3679 3705 3756 3858 3869 3925 3964 4049 4095 4102 4186 4213 4299 4365 4446 4452 4503 4542 4615 4634 4678 4746 4788 4790 4898 4921 
SCENARIO'S RESOURCES:
S 0: 0 | 34 80 101 134 156 182 270 336 475 508 556 634 642 689 732 793 827 863 904 977 1018 1032 1110 1133 1219 1279 1341 1379 1417 1437 1548 1559 1669 1820 1827 1864 1889 1896 1937 1992 2019 2041 2105 2172 2202 2341 2367 2411 2455 2505 2531 2623 2624 2648 2686 2719 2807 2872 2909 2977 3020 3055 3111 3136 3184 3289 3354 3375 3412 3438 3553 3566 3596 3604 3679 3705 3756 3858 3869 3925 3964 4049 4095 4102 4186 4213 4299 4365 4446 4452 4503 4542 4615 4634 4678 4746 4788 4790 4898 4921 
S 1: 0 | 34 80 101 134 156 182 270 336 475 508 556 634 642 689 732 793 827 863 904 977 1018 1032 1110 1133 1219 1279 1341 1379 1417 1437 1548 1559 1669 1820 1827 1864 1889 1896 1937 1992 2019 2041 2105 2172 2202 2341 2367 2411 2455 2505 2531 2623 2624 2648 2686 2719 2807 2872 2909 2977 3020 3055 3111 3136 3184 3289 3354 3375 3412 3438 3553 3566 3596 3604 3679 3705 3756 3858 3869 3925 3964 4049 4095 4102 4186 4213 4299 4365 4446 4452 4503 4542 4615 4634 4678 4746 4788 4790 4898 4921 
S 2: 0 | 34 80 101 134 156 182 270 336 475 508 556 634 642 689 732 793 827 863 904 977 1018 1032 1110 1133 1219 1279 1341 1379 1417 1437 1548 1559 1669 1820 1827 1864 1889 1896 1937 1992 2019 2041 2105 2172 2202 2341 2367 2411 2455 2505 2531 2623 2624 2648 2686 2719 2807 2872 2909 2977 3020 3055 3111 3136 3184 3289 3354 3375 3412 3438 3553 3566 3596 3604 3679 3705 3756 3858 3869 3925 3964 4049 4095 4102 4186 4213 4299 4365 4446 4452 4503 4542 4615 4634 4678 4746 4788 4790 4898 4921 
S 3: 0 | 34 80 101 134 156 182 270 336 475 508 556 634 642 689 732 793 827 863 904 977 1018 1032 1110 1133 1219 1279 1341 1379 1417 1437 1548 1559 1669 1820 1827 1864 1889 1896 1937 1992 2019 2041 2105 2172 2202 2341 2367 2411 2455 2505 2531 2623 2624 2648 2686 2719 2807 2872 2909 2977 3020 3055 3111 3136 3184 3289 3354 3375 3412 3438 3553 3566 3596 3604 3679 3705 3756 3858 3869 3925 3964 4049 4095 4102 4186 4213 4299 4365 4446 4452 4503 4542 4615 4634 4678 4746 4788 4790 4898 4921 
S 4: 0 | 34 80 101 134 156 182 270 336 475 508 556 634 642 689 732 793 827 863 904 977 1018 1032 1110 1133 1219 1279 1341 1379 1417 1437 1548 1559 1669 1820 1827 1864 1889 1896 1937 1992 2019 2041 2105 2172 2202 2341 2367 2411 2455 2505 2531 2623 2624 2648 2686 2719 2807 2872 2909 2977 3020 3055 3111 3136 3184 3289 3354 3375 3412 3438 3553 3566 3596 3604 3679 3705 3756 3858 3869 3925 3964 4049 4095 4102 4186 4213 4299 4365 4446 4452 4503 4542 4615 4634 4678 4746 4788 4790 4898 4921 
S 5: 0 | 34 80 101 134 156 182 270 336 475 508 556 634 642 689 732 793 827 863 904 977 1018 1032 1110 1133 1219 1279 1341 1379 1417 1437 1548 1559 1669 1820 1827 1864 1889 1896 1937 1992 2019 2041 2105 2172 2202 2341 2367 2411 2455 2505 2531 2623 2624 2648 2686 2719 2807 2872 2909 2977 3020 3055 3111 3136 3184 3289 3354 3375 3412 3438 3553 3566 3596 3604 3679 3705 3756 3858 3869 3925 3964 4049 4095 4102 4186 4213 4299 4365 4446 4452 4503 4542 4615 4634 4678 4746 4788 4790 4898 4921 
S 6: 0 | 34 80 101 134 156 182 270 336 475 508 556 634 642 689 732 793 827 863 904 977 1018 1032 1110 1133 1219 1279 1341 1379 1417 1437 1548 1559 1669 1820 1827 1864 1889 1896 1937 1992 2019 2041 2105 2172 2202 2341 2367 2411 2455 2505 2531 2623 2624 2648 2686 2719 2807 2872 2909 2977 3020 3055 3111 3136 3184 3289 3354 3375 3412 3438 3553 3566 3596 3604 3679 3705 3756 3858 3869 3925 3964 4049 4095 4102 4186 4213 4299 4365 4446 4452 4503 4542 4615 4634 4678 4746 4788 4790 4898 4921 
S 7: 0 | 34 80 101 134 156 182 270 336 475 508 556 634 642 689 732 793 827 863 904 977 1018 1032 1110 1133 1219 1279 1341 1379 1417 1437 1548 1559 1669 1820 1827 1864 1889 1896 1937 1992 2019 2041 2105 2172 2202 2341 2367 2411 2455 2505 2531 2623 2624 2648 2686 2719 2807 2872 2909 2977 3020 3055 3111 3136 3184 3289 3354 3375 3412 3438 3553 3566 3596 3604 3679 3705 3756 3858 3869 3925 3964 4049 4095 4102 4186 4213 4299 4365 4446 4452 4503 4542 4615 4634 4678 4746 4788 4790 4898 4921 
S 8: 0 | 34 80 101 134 156 182 270 336 475 508 556 634 642 689 732 793 827 863 904 977 1018 1032 1110 1133 1219 1279 1341 1379 1417 1437 1548 1559 1669 1820 1827 1864 1889 1896 1937 1992 2019 2041 2105 2172 2202 2341 2367 2411 2455 2505 2531 2623 2624 2648 2686 2719 2807 2872 2909 2977 3020 3055 3111 3136 3184 3289 3354 3375 3412 3438 3553 3566 3596 3604 3679 3705 3756 3858 3869 3925 3964 4049 4095 4102 4186 4213 4299 4365 4446 4452 4503 4542 4615 4634 4678 4746 4788 4790 4898 4921 
S 9: 0 | 34 80 101 134 156 182 270 336 475 508 556 634 642 689 732 793 827 863 904 977 1018 1032 1110 1133 1219 1279 1341 1379 1417 1437 1548 1559 1669 1820 1827 1864 1889 1896 1937 1992 2019 2041 2105 2172 2202 2341 2367 2411 2455 2505 2531 2623 2624 2648 2686 2719 2807 2872 2909 2977 3020 3055 3111 3136 3184 3289 3354 3375 3412 3438 3553 3566 3596 3604 3679 3705 3756 3858 3869 3925 3964 4049 4095 4102 4186 4213 4299 4365 4446 4452 4503 4542 4615 4634 4678 4746 4788 4790 4898 4921 
ALL EQUAL

Final time = 1786.68
Final solution cost = 21410
