Reading instance small_stp_instances/kroA100_5_10.stp of type D
Finished instance reading
Number of vertices = 100
Number of edges (resources) = 4950
Number of scenarios = 5
Average number of terminals per scenario = 100
Probabilities of Scenarios: (0) 0.26 | (1) 0.23 | (2) 0.16 | (3) 0.17 | (4) 0.18 | 
Average weighted inflation = 0.495918
Largest inflation = 0.999591
MAX_ITERATIONS_SINCE_LAST_IMPROVEMENT 2
MAX_ITERATIONS_SINCE_BEST_SOLUTION 3
Creating solution instance.
Starting Evolutive Framework.
Local search solution cost = 22003.9
Local search time = 844.876
844.876 local search - EF main loop cycle 0 solution cost 22003.9
844.889s Cost of SP solution after second stage solver 22003.9
Local search solution cost = 21895
Local search time = 64.6361
909.525 local search - EF main loop cycle 1 solution cost 21895
909.531s Cost of SP solution after second stage solver 21895
Local search solution cost = 21895
Local search time = 64.8045
974.336 local search - EF main loop cycle 2 solution cost 21895
974.341s Cost of SP solution after second stage solver 21895
Local search solution cost = 21895
Local search time = 64.6578
1039 local search - EF main loop cycle 3 solution cost 21895
1039s Cost of SP solution after second stage solver 21895
Number of cycles 4
Time for each cycle 259.751
1039.01s Cost of SP solution after tail step 21895
SELECTED RESOURCES:
34 80 101 134 156 182 270 303 336 351 475 556 634 642 689 732 793 827 863 904 977 1018 1032 1035 1110 1133 1249 1279 1379 1417 1437 1548 1559 1669 1733 1827 1864 1896 1937 1992 2041 2144 2202 2341 2367 2411 2455 2494 2505 2605 2623 2648 2686 2787 2807 2909 2911 2977 3020 3055 3111 3136 3184 3228 3289 3354 3375 3412 3438 3529 3553 3596 3604 3705 3715 3756 3793 3858 3869 3964 3990 4049 4102 4169 4213 4252 4293 4299 4403 4452 4503 4542 4578 4615 4678 4746 4788 4790 4898 4921 
SCENARIO'S RESOURCES:
S 0: 0 | 34 80 101 134 156 182 270 303 336 351 475 556 634 642 689 732 793 827 863 904 977 1018 1032 1035 1110 1133 1249 1279 1379 1417 1437 1548 1559 1669 1733 1827 1864 1896 1937 1992 2041 2144 2202 2341 2367 2411 2455 2494 2505 2605 2623 2648 2686 2787 2807 2909 2911 2977 3020 3055 3111 3136 3184 3228 3289 3354 3375 3412 3438 3529 3553 3596 3604 3705 3715 3756 3793 3858 3869 3964 3990 4049 4102 4169 4213 4252 4293 4299 4403 4452 4503 4542 4578 4615 4678 4746 4788 4790 4898 4921 
S 1: 0 | 34 80 101 134 156 182 270 303 336 351 475 556 634 642 689 732 793 827 863 904 977 1018 1032 1035 1110 1133 1249 1279 1379 1417 1437 1548 1559 1669 1733 1827 1864 1896 1937 1992 2041 2144 2202 2341 2367 2411 2455 2494 2505 2605 2623 2648 2686 2787 2807 2909 2911 2977 3020 3055 3111 3136 3184 3228 3289 3354 3375 3412 3438 3529 3553 3596 3604 3705 3715 3756 3793 3858 3869 3964 3990 4049 4102 4169 4213 4252 4293 4299 4403 4452 4503 4542 4578 4615 4678 4746 4788 4790 4898 4921 
S 2: 0 | 34 80 101 134 156 182 270 303 336 351 475 556 634 642 689 732 793 827 863 904 977 1018 1032 1035 1110 1133 1249 1279 1379 1417 1437 1548 1559 1669 1733 1827 1864 1896 1937 1992 2041 2144 2202 2341 2367 2411 2455 2494 2505 2605 2623 2648 2686 2787 2807 2909 2911 2977 3020 3055 3111 3136 3184 3228 3289 3354 3375 3412 3438 3529 3553 3596 3604 3705 3715 3756 3793 3858 3869 3964 3990 4049 4102 4169 4213 4252 4293 4299 4403 4452 4503 4542 4578 4615 4678 4746 4788 4790 4898 4921 
S 3: 0 | 34 80 101 134 156 182 270 303 336 351 475 556 634 642 689 732 793 827 863 904 977 1018 1032 1035 1110 1133 1249 1279 1379 1417 1437 1548 1559 1669 1733 1827 1864 1896 1937 1992 2041 2144 2202 2341 2367 2411 2455 2494 2505 2605 2623 2648 2686 2787 2807 2909 2911 2977 3020 3055 3111 3136 3184 3228 3289 3354 3375 3412 3438 3529 3553 3596 3604 3705 3715 3756 3793 3858 3869 3964 3990 4049 4102 4169 4213 4252 4293 4299 4403 4452 4503 4542 4578 4615 4678 4746 4788 4790 4898 4921 
S 4: 0 | 34 80 101 134 156 182 270 303 336 351 475 556 634 642 689 732 793 827 863 904 977 1018 1032 1035 1110 1133 1249 1279 1379 1417 1437 1548 1559 1669 1733 1827 1864 1896 1937 1992 2041 2144 2202 2341 2367 2411 2455 2494 2505 2605 2623 2648 2686 2787 2807 2909 2911 2977 3020 3055 3111 3136 3184 3228 3289 3354 3375 3412 3438 3529 3553 3596 3604 3705 3715 3756 3793 3858 3869 3964 3990 4049 4102 4169 4213 4252 4293 4299 4403 4452 4503 4542 4578 4615 4678 4746 4788 4790 4898 4921 
ALL EQUAL

Final time = 1039.02
Final solution cost = 21895
