Reading instance small_stp_instances/kroA150_5_10.stp of type D
Finished instance reading
Number of vertices = 150
Number of edges (resources) = 11175
Number of scenarios = 5
Average number of terminals per scenario = 150
Probabilities of Scenarios: (0) 0.07 | (1) 0.1 | (2) 0.09 | (3) 0.2 | (4) 0.54 | 
Average weighted inflation = 0.499703
Largest inflation = 0.999732
MAX_ITERATIONS_SINCE_LAST_IMPROVEMENT 2
MAX_ITERATIONS_SINCE_BEST_SOLUTION 3
Creating solution instance.
Starting Evolutive Framework.
Local search solution cost = 28344.4
Local search time = 4889.21
4889.21 local search - EF main loop cycle 0 solution cost 28344.4
4889.28s Cost of SP solution after second stage solver 28344.4
Local search solution cost = 28028
Local search time = 281.093
5170.37 local search - EF main loop cycle 1 solution cost 28028
5170.38s Cost of SP solution after second stage solver 28028
Local search solution cost = 28028
Local search time = 274.847
5445.23 local search - EF main loop cycle 2 solution cost 28028
5445.24s Cost of SP solution after second stage solver 28028
Local search solution cost = 28028
Local search time = 274.788
5720.03 local search - EF main loop cycle 3 solution cost 28028
5720.04s Cost of SP solution after second stage solver 28028
Number of cycles 4
Time for each cycle 1430.01
5720.05s Cost of SP solution after tail step 28028
SELECTED RESOURCES:
34 80 101 134 156 182 225 270 336 475 634 689 793 827 904 968 1018 1032 1062 1133 1322 1379 1417 1464 1546 1669 1755 1794 1820 1891 1896 1992 2019 2144 2202 2341 2361 2455 2505 2605 2648 2719 2787 2807 2909 2977 3020 3111 3184 3227 3375 3412 3438 3524 3553 3596 3604 3793 3858 3925 3964 4102 4213 4299 4365 4383 4542 4634 4678 4746 4788 4898 4921 4979 4988 5148 5187 5290 5422 5538 5728 5739 5809 5868 5947 5962 6096 6098 6211 6262 6287 6400 6604 6636 6678 6851 6999 7135 7169 7246 7301 7339 7423 7500 7528 7620 7676 7712 7831 7844 7933 8115 8153 8197 8256 8477 8514 8543 8626 8734 8830 8944 9047 9172 9285 9313 9448 9508 9544 9707 9725 9803 9856 9974 10066 10129 10196 10266 10352 10382 10472 10542 10589 10680 10868 10872 10897 10960 11060 11087 
SCENARIO'S RESOURCES:
S 0: 0 | 34 80 101 134 156 182 225 270 336 475 634 689 793 827 904 968 1018 1032 1062 1133 1322 1379 1417 1464 1546 1669 1755 1794 1820 1891 1896 1992 2019 2144 2202 2341 2361 2455 2505 2605 2648 2719 2787 2807 2909 2977 3020 3111 3184 3227 3375 3412 3438 3524 3553 3596 3604 3793 3858 3925 3964 4102 4213 4299 4365 4383 4542 4634 4678 4746 4788 4898 4921 4979 4988 5148 5187 5290 5422 5538 5728 5739 5809 5868 5947 5962 6096 6098 6211 6262 6287 6400 6604 6636 6678 6851 6999 7135 7169 7246 7301 7339 7423 7500 7528 7620 7676 7712 7831 7844 7933 8115 8153 8197 8256 8477 8514 8543 8626 8734 8830 8944 9047 9172 9285 9313 9448 9508 9544 9707 9725 9803 9856 9974 10066 10129 10196 10266 10352 10382 10472 10542 10589 10680 10868 10872 10897 10960 11060 11087 
S 1: 0 | 34 80 101 134 156 182 225 270 336 475 634 689 793 827 904 968 1018 1032 1062 1133 1322 1379 1417 1464 1546 1669 1755 1794 1820 1891 1896 1992 2019 2144 2202 2341 2361 2455 2505 2605 2648 2719 2787 2807 2909 2977 3020 3111 3184 3227 3375 3412 3438 3524 3553 3596 3604 3793 3858 3925 3964 4102 4213 4299 4365 4383 4542 4634 4678 4746 4788 4898 4921 4979 4988 5148 5187 5290 5422 5538 5728 5739 5809 5868 5947 5962 6096 6098 6211 6262 6287 6400 6604 6636 6678 6851 6999 7135 7169 7246 7301 7339 7423 7500 7528 7620 7676 7712 7831 7844 7933 8115 8153 8197 8256 8477 8514 8543 8626 8734 8830 8944 9047 9172 9285 9313 9448 9508 9544 9707 9725 9803 9856 9974 10066 10129 10196 10266 10352 10382 10472 10542 10589 10680 10868 10872 10897 10960 11060 11087 
S 2: 0 | 34 80 101 134 156 182 225 270 336 475 634 689 793 827 904 968 1018 1032 1062 1133 1322 1379 1417 1464 1546 1669 1755 1794 1820 1891 1896 1992 2019 2144 2202 2341 2361 2455 2505 2605 2648 2719 2787 2807 2909 2977 3020 3111 3184 3227 3375 3412 3438 3524 3553 3596 3604 3793 3858 3925 3964 4102 4213 4299 4365 4383 4542 4634 4678 4746 4788 4898 4921 4979 4988 5148 5187 5290 5422 5538 5728 5739 5809 5868 5947 5962 6096 6098 6211 6262 6287 6400 6604 6636 6678 6851 6999 7135 7169 7246 7301 7339 7423 7500 7528 7620 7676 7712 7831 7844 7933 8115 8153 8197 8256 8477 8514 8543 8626 8734 8830 8944 9047 9172 9285 9313 9448 9508 9544 9707 9725 9803 9856 9974 10066 10129 10196 10266 10352 10382 10472 10542 10589 10680 10868 10872 10897 10960 11060 11087 
S 3: 0 | 34 80 101 134 156 182 225 270 336 475 634 689 793 827 904 968 1018 1032 1062 1133 1322 1379 1417 1464 1546 1669 1755 1794 1820 1891 1896 1992 2019 2144 2202 2341 2361 2455 2505 2605 2648 2719 2787 2807 2909 2977 3020 3111 3184 3227 3375 3412 3438 3524 3553 3596 3604 3793 3858 3925 3964 4102 4213 4299 4365 4383 4542 4634 4678 4746 4788 4898 4921 4979 4988 5148 5187 5290 5422 5538 5728 5739 5809 5868 5947 5962 6096 6098 6211 6262 6287 6400 6604 6636 6678 6851 6999 7135 7169 7246 7301 7339 7423 7500 7528 7620 7676 7712 7831 7844 7933 8115 8153 8197 8256 8477 8514 8543 8626 8734 8830 8944 9047 9172 9285 9313 9448 9508 9544 9707 9725 9803 9856 9974 10066 10129 10196 10266 10352 10382 10472 10542 10589 10680 10868 10872 10897 10960 11060 11087 
S 4: 0 | 34 80 101 134 156 182 225 270 336 475 634 689 793 827 904 968 1018 1032 1062 1133 1322 1379 1417 1464 1546 1669 1755 1794 1820 1891 1896 1992 2019 2144 2202 2341 2361 2455 2505 2605 2648 2719 2787 2807 2909 2977 3020 3111 3184 3227 3375 3412 3438 3524 3553 3596 3604 3793 3858 3925 3964 4102 4213 4299 4365 4383 4542 4634 4678 4746 4788 4898 4921 4979 4988 5148 5187 5290 5422 5538 5728 5739 5809 5868 5947 5962 6096 6098 6211 6262 6287 6400 6604 6636 6678 6851 6999 7135 7169 7246 7301 7339 7423 7500 7528 7620 7676 7712 7831 7844 7933 8115 8153 8197 8256 8477 8514 8543 8626 8734 8830 8944 9047 9172 9285 9313 9448 9508 9544 9707 9725 9803 9856 9974 10066 10129 10196 10266 10352 10382 10472 10542 10589 10680 10868 10872 10897 10960 11060 11087 
ALL EQUAL

Final time = 5720.08
Final solution cost = 28028
