Reading instance small_stp_instances/kroB150_5_10.stp of type D
Finished instance reading
Number of vertices = 150
Number of edges (resources) = 11175
Number of scenarios = 5
Average number of terminals per scenario = 150
Probabilities of Scenarios: (0) 0.04 | (1) 0.38 | (2) 0.35 | (3) 0.09 | (4) 0.14 | 
Average weighted inflation = 0.498375
Largest inflation = 0.999706
MAX_ITERATIONS_SINCE_LAST_IMPROVEMENT 2
MAX_ITERATIONS_SINCE_BEST_SOLUTION 3
Creating solution instance.
Starting Evolutive Framework.
Local search solution cost = 26839
Local search time = 2861.09
2861.09 local search - EF main loop cycle 0 solution cost 26839
2861.12s Cost of SP solution after second stage solver 26839
Local search solution cost = 26720
Local search time = 287.271
3148.39 local search - EF main loop cycle 1 solution cost 26720
3148.4s Cost of SP solution after second stage solver 26720
Local search solution cost = 26720
Local search time = 287.512
3435.91 local search - EF main loop cycle 2 solution cost 26720
3435.93s Cost of SP solution after second stage solver 26720
Local search solution cost = 26720
Local search time = 287.421
3723.35 local search - EF main loop cycle 3 solution cost 26720
3723.36s Cost of SP solution after second stage solver 26720
Number of cycles 4
Time for each cycle 930.84
3723.37s Cost of SP solution after tail step 26720
SELECTED RESOURCES:
87 103 232 292 306 339 395 426 562 608 638 730 740 752 839 865 978 1065 1139 1145 1240 1285 1326 1365 1383 1472 1477 1575 1629 1693 1714 1795 1934 1972 2123 2127 2175 2209 2240 2245 2280 2452 2558 2684 2722 2934 3015 3157 3204 3246 3317 3382 3454 3486 3512 3574 3798 3868 3940 3949 4104 4420 4464 4551 4655 4844 4883 4924 4977 5005 5072 5119 5198 5332 5374 5467 5476 5875 5949 5964 6064 6112 6126 6323 6435 6517 6547 6558 6647 6693 6701 6844 6858 6945 6958 7057 7250 7280 7348 7471 7474 7573 7574 7671 7811 7821 7925 7937 8084 8103 8203 8218 8362 8460 8546 8575 8695 8731 8783 8852 8926 9125 9203 9304 9398 9428 9573 9583 9650 9659 9748 9828 9898 9915 10103 10115 10249 10288 10404 10409 10559 10574 10649 10714 10818 10828 10931 10981 11036 11112 
SCENARIO'S RESOURCES:
S 0: 0 | 87 103 232 292 306 339 395 426 562 608 638 730 740 752 839 865 978 1065 1139 1145 1240 1285 1326 1365 1383 1472 1477 1575 1629 1693 1714 1795 1934 1972 2123 2127 2175 2209 2240 2245 2280 2452 2558 2684 2722 2934 3015 3157 3204 3246 3317 3382 3454 3486 3512 3574 3798 3868 3940 3949 4104 4420 4464 4551 4655 4844 4883 4924 4977 5005 5072 5119 5198 5332 5374 5467 5476 5875 5949 5964 6064 6112 6126 6323 6435 6517 6547 6558 6647 6693 6701 6844 6858 6945 6958 7057 7250 7280 7348 7471 7474 7573 7574 7671 7811 7821 7925 7937 8084 8103 8203 8218 8362 8460 8546 8575 8695 8731 8783 8852 8926 9125 9203 9304 9398 9428 9573 9583 9650 9659 9748 9828 9898 9915 10103 10115 10249 10288 10404 10409 10559 10574 10649 10714 10818 10828 10931 10981 11036 11112 
S 1: 0 | 87 103 232 292 306 339 395 426 562 608 638 730 740 752 839 865 978 1065 1139 1145 1240 1285 1326 1365 1383 1472 1477 1575 1629 1693 1714 1795 1934 1972 2123 2127 2175 2209 2240 2245 2280 2452 2558 2684 2722 2934 3015 3157 3204 3246 3317 3382 3454 3486 3512 3574 3798 3868 3940 3949 4104 4420 4464 4551 4655 4844 4883 4924 4977 5005 5072 5119 5198 5332 5374 5467 5476 5875 5949 5964 6064 6112 6126 6323 6435 6517 6547 6558 6647 6693 6701 6844 6858 6945 6958 7057 7250 7280 7348 7471 7474 7573 7574 7671 7811 7821 7925 7937 8084 8103 8203 8218 8362 8460 8546 8575 8695 8731 8783 8852 8926 9125 9203 9304 9398 9428 9573 9583 9650 9659 9748 9828 9898 9915 10103 10115 10249 10288 10404 10409 10559 10574 10649 10714 10818 10828 10931 10981 11036 11112 
S 2: 0 | 87 103 232 292 306 339 395 426 562 608 638 730 740 752 839 865 978 1065 1139 1145 1240 1285 1326 1365 1383 1472 1477 1575 1629 1693 1714 1795 1934 1972 2123 2127 2175 2209 2240 2245 2280 2452 2558 2684 2722 2934 3015 3157 3204 3246 3317 3382 3454 3486 3512 3574 3798 3868 3940 3949 4104 4420 4464 4551 4655 4844 4883 4924 4977 5005 5072 5119 5198 5332 5374 5467 5476 5875 5949 5964 6064 6112 6126 6323 6435 6517 6547 6558 6647 6693 6701 6844 6858 6945 6958 7057 7250 7280 7348 7471 7474 7573 7574 7671 7811 7821 7925 7937 8084 8103 8203 8218 8362 8460 8546 8575 8695 8731 8783 8852 8926 9125 9203 9304 9398 9428 9573 9583 9650 9659 9748 9828 9898 9915 10103 10115 10249 10288 10404 10409 10559 10574 10649 10714 10818 10828 10931 10981 11036 11112 
S 3: 0 | 87 103 232 292 306 339 395 426 562 608 638 730 740 752 839 865 978 1065 1139 1145 1240 1285 1326 1365 1383 1472 1477 1575 1629 1693 1714 1795 1934 1972 2123 2127 2175 2209 2240 2245 2280 2452 2558 2684 2722 2934 3015 3157 3204 3246 3317 3382 3454 3486 3512 3574 3798 3868 3940 3949 4104 4420 4464 4551 4655 4844 4883 4924 4977 5005 5072 5119 5198 5332 5374 5467 5476 5875 5949 5964 6064 6112 6126 6323 6435 6517 6547 6558 6647 6693 6701 6844 6858 6945 6958 7057 7250 7280 7348 7471 7474 7573 7574 7671 7811 7821 7925 7937 8084 8103 8203 8218 8362 8460 8546 8575 8695 8731 8783 8852 8926 9125 9203 9304 9398 9428 9573 9583 9650 9659 9748 9828 9898 9915 10103 10115 10249 10288 10404 10409 10559 10574 10649 10714 10818 10828 10931 10981 11036 11112 
S 4: 0 | 87 103 232 292 306 339 395 426 562 608 638 730 740 752 839 865 978 1065 1139 1145 1240 1285 1326 1365 1383 1472 1477 1575 1629 1693 1714 1795 1934 1972 2123 2127 2175 2209 2240 2245 2280 2452 2558 2684 2722 2934 3015 3157 3204 3246 3317 3382 3454 3486 3512 3574 3798 3868 3940 3949 4104 4420 4464 4551 4655 4844 4883 4924 4977 5005 5072 5119 5198 5332 5374 5467 5476 5875 5949 5964 6064 6112 6126 6323 6435 6517 6547 6558 6647 6693 6701 6844 6858 6945 6958 7057 7250 7280 7348 7471 7474 7573 7574 7671 7811 7821 7925 7937 8084 8103 8203 8218 8362 8460 8546 8575 8695 8731 8783 8852 8926 9125 9203 9304 9398 9428 9573 9583 9650 9659 9748 9828 9898 9915 10103 10115 10249 10288 10404 10409 10559 10574 10649 10714 10818 10828 10931 10981 11036 11112 
ALL EQUAL

Final time = 3723.4
Final solution cost = 26720
