Reading instance small_stp_instances/kroB100_10_05.stp of type D
Finished instance reading
Number of vertices = 100
Number of edges (resources) = 4950
Number of scenarios = 10
Average number of terminals per scenario = 100
Probabilities of Scenarios: (0) 0.02 | (1) 0.12 | (2) 0.13 | (3) 0.11 | (4) 0.1 | (5) 0.13 | (6) 0.13 | (7) 0.12 | (8) 0.03 | (9) 0.11 | 
Average weighted inflation = 0.249297
Largest inflation = 0.499819
MAX_ITERATIONS_SINCE_LAST_IMPROVEMENT 2
MAX_ITERATIONS_SINCE_BEST_SOLUTION 3
Creating solution instance.
Starting Evolutive Framework.
Local search solution cost = 22260
Local search time = 1660.56
1660.56 local search - EF main loop cycle 0 solution cost 22260
1660.57s Cost of SP solution after second stage solver 22260
Local search solution cost = 22260
Local search time = 124.981
1785.55 local search - EF main loop cycle 1 solution cost 22260
1785.56s Cost of SP solution after second stage solver 22260
Local search solution cost = 22260
Local search time = 124.999
1910.56 local search - EF main loop cycle 2 solution cost 22260
1910.57s Cost of SP solution after second stage solver 22260
Number of cycles 3
Time for each cycle 636.858
1910.58s Cost of SP solution after tail step 22260
SELECTED RESOURCES:
13 47 55 96 106 199 252 270 284 353 385 510 534 536 587 685 779 796 821 833 921 943 963 981 1014 1111 1191 1218 1255 1429 1452 1647 1681 1684 1767 1804 1834 1903 1938 1966 2052 2062 2149 2184 2220 2259 2303 2339 2384 2398 2426 2441 2504 2521 2608 2687 2693 2730 2873 2904 2938 2942 3049 3110 3118 3215 3238 3272 3290 3324 3384 3409 3460 3558 3618 3644 3720 3763 3794 3870 3914 3936 3961 4032 4113 4196 4270 4334 4338 4371 4500 4556 4635 4650 4687 4750 4760 4828 4876 4906 
SCENARIO'S RESOURCES:
S 0: 0 | 13 47 55 96 106 199 252 270 284 353 385 510 534 536 587 685 779 796 821 833 921 943 963 981 1014 1111 1191 1218 1255 1429 1452 1647 1681 1684 1767 1804 1834 1903 1938 1966 2052 2062 2149 2184 2220 2259 2303 2339 2384 2398 2426 2441 2504 2521 2608 2687 2693 2730 2873 2904 2938 2942 3049 3110 3118 3215 3238 3272 3290 3324 3384 3409 3460 3558 3618 3644 3720 3763 3794 3870 3914 3936 3961 4032 4113 4196 4270 4334 4338 4371 4500 4556 4635 4650 4687 4750 4760 4828 4876 4906 
S 1: 0 | 13 47 55 96 106 199 252 270 284 353 385 510 534 536 587 685 779 796 821 833 921 943 963 981 1014 1111 1191 1218 1255 1429 1452 1647 1681 1684 1767 1804 1834 1903 1938 1966 2052 2062 2149 2184 2220 2259 2303 2339 2384 2398 2426 2441 2504 2521 2608 2687 2693 2730 2873 2904 2938 2942 3049 3110 3118 3215 3238 3272 3290 3324 3384 3409 3460 3558 3618 3644 3720 3763 3794 3870 3914 3936 3961 4032 4113 4196 4270 4334 4338 4371 4500 4556 4635 4650 4687 4750 4760 4828 4876 4906 
S 2: 0 | 13 47 55 96 106 199 252 270 284 353 385 510 534 536 587 685 779 796 821 833 921 943 963 981 1014 1111 1191 1218 1255 1429 1452 1647 1681 1684 1767 1804 1834 1903 1938 1966 2052 2062 2149 2184 2220 2259 2303 2339 2384 2398 2426 2441 2504 2521 2608 2687 2693 2730 2873 2904 2938 2942 3049 3110 3118 3215 3238 3272 3290 3324 3384 3409 3460 3558 3618 3644 3720 3763 3794 3870 3914 3936 3961 4032 4113 4196 4270 4334 4338 4371 4500 4556 4635 4650 4687 4750 4760 4828 4876 4906 
S 3: 0 | 13 47 55 96 106 199 252 270 284 353 385 510 534 536 587 685 779 796 821 833 921 943 963 981 1014 1111 1191 1218 1255 1429 1452 1647 1681 1684 1767 1804 1834 1903 1938 1966 2052 2062 2149 2184 2220 2259 2303 2339 2384 2398 2426 2441 2504 2521 2608 2687 2693 2730 2873 2904 2938 2942 3049 3110 3118 3215 3238 3272 3290 3324 3384 3409 3460 3558 3618 3644 3720 3763 3794 3870 3914 3936 3961 4032 4113 4196 4270 4334 4338 4371 4500 4556 4635 4650 4687 4750 4760 4828 4876 4906 
S 4: 0 | 13 47 55 96 106 199 252 270 284 353 385 510 534 536 587 685 779 796 821 833 921 943 963 981 1014 1111 1191 1218 1255 1429 1452 1647 1681 1684 1767 1804 1834 1903 1938 1966 2052 2062 2149 2184 2220 2259 2303 2339 2384 2398 2426 2441 2504 2521 2608 2687 2693 2730 2873 2904 2938 2942 3049 3110 3118 3215 3238 3272 3290 3324 3384 3409 3460 3558 3618 3644 3720 3763 3794 3870 3914 3936 3961 4032 4113 4196 4270 4334 4338 4371 4500 4556 4635 4650 4687 4750 4760 4828 4876 4906 
S 5: 0 | 13 47 55 96 106 199 252 270 284 353 385 510 534 536 587 685 779 796 821 833 921 943 963 981 1014 1111 1191 1218 1255 1429 1452 1647 1681 1684 1767 1804 1834 1903 1938 1966 2052 2062 2149 2184 2220 2259 2303 2339 2384 2398 2426 2441 2504 2521 2608 2687 2693 2730 2873 2904 2938 2942 3049 3110 3118 3215 3238 3272 3290 3324 3384 3409 3460 3558 3618 3644 3720 3763 3794 3870 3914 3936 3961 4032 4113 4196 4270 4334 4338 4371 4500 4556 4635 4650 4687 4750 4760 4828 4876 4906 
S 6: 0 | 13 47 55 96 106 199 252 270 284 353 385 510 534 536 587 685 779 796 821 833 921 943 963 981 1014 1111 1191 1218 1255 1429 1452 1647 1681 1684 1767 1804 1834 1903 1938 1966 2052 2062 2149 2184 2220 2259 2303 2339 2384 2398 2426 2441 2504 2521 2608 2687 2693 2730 2873 2904 2938 2942 3049 3110 3118 3215 3238 3272 3290 3324 3384 3409 3460 3558 3618 3644 3720 3763 3794 3870 3914 3936 3961 4032 4113 4196 4270 4334 4338 4371 4500 4556 4635 4650 4687 4750 4760 4828 4876 4906 
S 7: 0 | 13 47 55 96 106 199 252 270 284 353 385 510 534 536 587 685 779 796 821 833 921 943 963 981 1014 1111 1191 1218 1255 1429 1452 1647 1681 1684 1767 1804 1834 1903 1938 1966 2052 2062 2149 2184 2220 2259 2303 2339 2384 2398 2426 2441 2504 2521 2608 2687 2693 2730 2873 2904 2938 2942 3049 3110 3118 3215 3238 3272 3290 3324 3384 3409 3460 3558 3618 3644 3720 3763 3794 3870 3914 3936 3961 4032 4113 4196 4270 4334 4338 4371 4500 4556 4635 4650 4687 4750 4760 4828 4876 4906 
S 8: 0 | 13 47 55 96 106 199 252 270 284 353 385 510 534 536 587 685 779 796 821 833 921 943 963 981 1014 1111 1191 1218 1255 1429 1452 1647 1681 1684 1767 1804 1834 1903 1938 1966 2052 2062 2149 2184 2220 2259 2303 2339 2384 2398 2426 2441 2504 2521 2608 2687 2693 2730 2873 2904 2938 2942 3049 3110 3118 3215 3238 3272 3290 3324 3384 3409 3460 3558 3618 3644 3720 3763 3794 3870 3914 3936 3961 4032 4113 4196 4270 4334 4338 4371 4500 4556 4635 4650 4687 4750 4760 4828 4876 4906 
S 9: 0 | 13 47 55 96 106 199 252 270 284 353 385 510 534 536 587 685 779 796 821 833 921 943 963 981 1014 1111 1191 1218 1255 1429 1452 1647 1681 1684 1767 1804 1834 1903 1938 1966 2052 2062 2149 2184 2220 2259 2303 2339 2384 2398 2426 2441 2504 2521 2608 2687 2693 2730 2873 2904 2938 2942 3049 3110 3118 3215 3238 3272 3290 3324 3384 3409 3460 3558 3618 3644 3720 3763 3794 3870 3914 3936 3961 4032 4113 4196 4270 4334 4338 4371 4500 4556 4635 4650 4687 4750 4760 4828 4876 4906 
ALL EQUAL

Final time = 1910.61
Final solution cost = 22260
