Reading instance small_stp_instances/kroB100_5_05.stp of type D
Finished instance reading
Number of vertices = 100
Number of edges (resources) = 4950
Number of scenarios = 5
Average number of terminals per scenario = 100
Probabilities of Scenarios: (0) 0.21 | (1) 0.25 | (2) 0.08 | (3) 0.26 | (4) 0.2 | 
Average weighted inflation = 0.248806
Largest inflation = 0.499764
MAX_ITERATIONS_SINCE_LAST_IMPROVEMENT 2
MAX_ITERATIONS_SINCE_BEST_SOLUTION 3
Creating solution instance.
Starting Evolutive Framework.
Local search solution cost = 22335.2
Local search time = 851.398
851.398 local search - EF main loop cycle 0 solution cost 22335.2
851.404s Cost of SP solution after second stage solver 22335.2
Local search solution cost = 22328
Local search time = 61.8123
913.216 local search - EF main loop cycle 1 solution cost 22328
913.222s Cost of SP solution after second stage solver 22328
Local search solution cost = 22328
Local search time = 61.8796
975.101 local search - EF main loop cycle 2 solution cost 22328
975.107s Cost of SP solution after second stage solver 22328
Number of cycles 3
Time for each cycle 325.036
975.112s Cost of SP solution after tail step 22328
SELECTED RESOURCES:
13 47 55 96 106 199 252 270 284 353 385 510 534 536 587 685 779 796 821 833 921 943 963 981 1014 1111 1157 1191 1218 1255 1399 1429 1647 1684 1767 1804 1834 1903 1938 1966 2052 2062 2149 2184 2220 2303 2339 2384 2398 2426 2441 2504 2521 2608 2687 2693 2730 2803 2833 2873 2904 2938 2942 3049 3118 3155 3215 3238 3272 3290 3324 3384 3409 3460 3558 3618 3637 3720 3763 3795 3870 3914 3936 3961 4032 4113 4196 4270 4334 4338 4371 4500 4556 4650 4687 4750 4760 4849 4876 4906 
SCENARIO'S RESOURCES:
S 0: 0 | 13 47 55 96 106 199 252 270 284 353 385 510 534 536 587 685 779 796 821 833 921 943 963 981 1014 1111 1157 1191 1218 1255 1399 1429 1647 1684 1767 1804 1834 1903 1938 1966 2052 2062 2149 2184 2220 2303 2339 2384 2398 2426 2441 2504 2521 2608 2687 2693 2730 2803 2833 2873 2904 2938 2942 3049 3118 3155 3215 3238 3272 3290 3324 3384 3409 3460 3558 3618 3637 3720 3763 3795 3870 3914 3936 3961 4032 4113 4196 4270 4334 4338 4371 4500 4556 4650 4687 4750 4760 4849 4876 4906 
S 1: 0 | 13 47 55 96 106 199 252 270 284 353 385 510 534 536 587 685 779 796 821 833 921 943 963 981 1014 1111 1157 1191 1218 1255 1399 1429 1647 1684 1767 1804 1834 1903 1938 1966 2052 2062 2149 2184 2220 2303 2339 2384 2398 2426 2441 2504 2521 2608 2687 2693 2730 2803 2833 2873 2904 2938 2942 3049 3118 3155 3215 3238 3272 3290 3324 3384 3409 3460 3558 3618 3637 3720 3763 3795 3870 3914 3936 3961 4032 4113 4196 4270 4334 4338 4371 4500 4556 4650 4687 4750 4760 4849 4876 4906 
S 2: 0 | 13 47 55 96 106 199 252 270 284 353 385 510 534 536 587 685 779 796 821 833 921 943 963 981 1014 1111 1157 1191 1218 1255 1399 1429 1647 1684 1767 1804 1834 1903 1938 1966 2052 2062 2149 2184 2220 2303 2339 2384 2398 2426 2441 2504 2521 2608 2687 2693 2730 2803 2833 2873 2904 2938 2942 3049 3118 3155 3215 3238 3272 3290 3324 3384 3409 3460 3558 3618 3637 3720 3763 3795 3870 3914 3936 3961 4032 4113 4196 4270 4334 4338 4371 4500 4556 4650 4687 4750 4760 4849 4876 4906 
S 3: 0 | 13 47 55 96 106 199 252 270 284 353 385 510 534 536 587 685 779 796 821 833 921 943 963 981 1014 1111 1157 1191 1218 1255 1399 1429 1647 1684 1767 1804 1834 1903 1938 1966 2052 2062 2149 2184 2220 2303 2339 2384 2398 2426 2441 2504 2521 2608 2687 2693 2730 2803 2833 2873 2904 2938 2942 3049 3118 3155 3215 3238 3272 3290 3324 3384 3409 3460 3558 3618 3637 3720 3763 3795 3870 3914 3936 3961 4032 4113 4196 4270 4334 4338 4371 4500 4556 4650 4687 4750 4760 4849 4876 4906 
S 4: 0 | 13 47 55 96 106 199 252 270 284 353 385 510 534 536 587 685 779 796 821 833 921 943 963 981 1014 1111 1157 1191 1218 1255 1399 1429 1647 1684 1767 1804 1834 1903 1938 1966 2052 2062 2149 2184 2220 2303 2339 2384 2398 2426 2441 2504 2521 2608 2687 2693 2730 2803 2833 2873 2904 2938 2942 3049 3118 3155 3215 3238 3272 3290 3324 3384 3409 3460 3558 3618 3637 3720 3763 3795 3870 3914 3936 3961 4032 4113 4196 4270 4334 4338 4371 4500 4556 4650 4687 4750 4760 4849 4876 4906 
ALL EQUAL

Final time = 975.124
Final solution cost = 22328
