Reading instance small_stp_instances/kroB200_5_03.stp of type D
Finished instance reading
Number of vertices = 200
Number of edges (resources) = 19900
Number of scenarios = 5
Average number of terminals per scenario = 200
Probabilities of Scenarios: (0) 0.17 | (1) 0.25 | (2) 0.25 | (3) 0.25 | (4) 0.08 | 
Average weighted inflation = 0.149013
Largest inflation = 0.299947
MAX_ITERATIONS_SINCE_LAST_IMPROVEMENT 2
MAX_ITERATIONS_SINCE_BEST_SOLUTION 3
Creating solution instance.
Starting Evolutive Framework.
Local search solution cost = 29600.5
Local search time = 11222.7
11222.7 local search - EF main loop cycle 0 solution cost 29600.5
11222.9s Cost of SP solution after second stage solver 29600.5
Local search solution cost = 29543
Local search time = 831.866
12054.7 local search - EF main loop cycle 1 solution cost 29543
12054.7s Cost of SP solution after second stage solver 29543
Local search solution cost = 29543
Local search time = 815.489
12870.2 local search - EF main loop cycle 2 solution cost 29543
12870.2s Cost of SP solution after second stage solver 29543
Local search solution cost = 29543
Local search time = 815.487
13685.7 local search - EF main loop cycle 3 solution cost 29543
13685.8s Cost of SP solution after second stage solver 29543
Number of cycles 4
Time for each cycle 3421.44
13685.8s Cost of SP solution after tail step 29543
SELECTED RESOURCES:
13 47 96 106 252 270 284 385 536 611 685 779 981 1014 1111 1573 1647 1796 1804 1855 1921 1966 2062 2220 2259 2521 2608 2687 2730 2769 2970 3100 3206 3272 3324 3409 3460 3558 3618 3762 3870 3916 3936 4196 4334 4371 4635 4650 4687 4760 4828 4876 4906 5005 5093 5227 5307 5371 5432 5635 5662 5779 5927 5994 6119 6294 6414 6494 6606 6709 6891 6994 6998 7062 7190 7221 7344 7352 7401 7639 7745 7762 7954 7998 8112 8155 8218 8299 8519 8711 8807 8929 9073 9103 9275 9401 9696 9794 9879 9992 10065 10361 10485 10617 10712 10771 10832 10916 10947 11094 11126 11193 11311 11432 11470 11499 11766 11793 11858 11985 12220 12248 12273 12452 12704 12713 12731 12790 12897 13014 13094 13156 13245 13252 13439 13452 13637 13667 13726 13974 13993 14034 14099 14248 14452 14468 14569 14691 14820 14844 14889 14972 15109 15217 15251 15542 15706 15833 15865 16024 16106 16147 16243 16353 16372 16573 16610 16689 16793 16953 16994 17079 17267 17330 17469 17514 17688 17747 17876 17882 18108 18131 18161 18185 18358 18479 18589 18659 18768 18876 19003 19100 19114 19176 19372 19375 19647 19680 19792 19830 
SCENARIO'S RESOURCES:
S 0: 0 | 13 47 96 106 252 270 284 385 536 611 685 779 981 1014 1111 1573 1647 1796 1804 1855 1921 1966 2062 2220 2259 2521 2608 2687 2730 2769 2970 3100 3206 3272 3324 3409 3460 3558 3618 3762 3870 3916 3936 4196 4334 4371 4635 4650 4687 4760 4828 4876 4906 5005 5093 5227 5307 5371 5432 5635 5662 5779 5927 5994 6119 6294 6414 6494 6606 6709 6891 6994 6998 7062 7190 7221 7344 7352 7401 7639 7745 7762 7954 7998 8112 8155 8218 8299 8519 8711 8807 8929 9073 9103 9275 9401 9696 9794 9879 9992 10065 10361 10485 10617 10712 10771 10832 10916 10947 11094 11126 11193 11311 11432 11470 11499 11766 11793 11858 11985 12220 12248 12273 12452 12704 12713 12731 12790 12897 13014 13094 13156 13245 13252 13439 13452 13637 13667 13726 13974 13993 14034 14099 14248 14452 14468 14569 14691 14820 14844 14889 14972 15109 15217 15251 15542 15706 15833 15865 16024 16106 16147 16243 16353 16372 16573 16610 16689 16793 16953 16994 17079 17267 17330 17469 17514 17688 17747 17876 17882 18108 18131 18161 18185 18358 18479 18589 18659 18768 18876 19003 19100 19114 19176 19372 19375 19647 19680 19792 19830 
S 1: 0 | 13 47 96 106 252 270 284 385 536 611 685 779 981 1014 1111 1573 1647 1796 1804 1855 1921 1966 2062 2220 2259 2521 2608 2687 2730 2769 2970 3100 3206 3272 3324 3409 3460 3558 3618 3762 3870 3916 3936 4196 4334 4371 4635 4650 4687 4760 4828 4876 4906 5005 5093 5227 5307 5371 5432 5635 5662 5779 5927 5994 6119 6294 6414 6494 6606 6709 6891 6994 6998 7062 7190 7221 7344 7352 7401 7639 7745 7762 7954 7998 8112 8155 8218 8299 8519 8711 8807 8929 9073 9103 9275 9401 9696 9794 9879 9992 10065 10361 10485 10617 10712 10771 10832 10916 10947 11094 11126 11193 11311 11432 11470 11499 11766 11793 11858 11985 12220 12248 12273 12452 12704 12713 12731 12790 12897 13014 13094 13156 13245 13252 13439 13452 13637 13667 13726 13974 13993 14034 14099 14248 14452 14468 14569 14691 14820 14844 14889 14972 15109 15217 15251 15542 15706 15833 15865 16024 16106 16147 16243 16353 16372 16573 16610 16689 16793 16953 16994 17079 17267 17330 17469 17514 17688 17747 17876 17882 18108 18131 18161 18185 18358 18479 18589 18659 18768 18876 19003 19100 19114 19176 19372 19375 19647 19680 19792 19830 
S 2: 0 | 13 47 96 106 252 270 284 385 536 611 685 779 981 1014 1111 1573 1647 1796 1804 1855 1921 1966 2062 2220 2259 2521 2608 2687 2730 2769 2970 3100 3206 3272 3324 3409 3460 3558 3618 3762 3870 3916 3936 4196 4334 4371 4635 4650 4687 4760 4828 4876 4906 5005 5093 5227 5307 5371 5432 5635 5662 5779 5927 5994 6119 6294 6414 6494 6606 6709 6891 6994 6998 7062 7190 7221 7344 7352 7401 7639 7745 7762 7954 7998 8112 8155 8218 8299 8519 8711 8807 8929 9073 9103 9275 9401 9696 9794 9879 9992 10065 10361 10485 10617 10712 10771 10832 10916 10947 11094 11126 11193 11311 11432 11470 11499 11766 11793 11858 11985 12220 12248 12273 12452 12704 12713 12731 12790 12897 13014 13094 13156 13245 13252 13439 13452 13637 13667 13726 13974 13993 14034 14099 14248 14452 14468 14569 14691 14820 14844 14889 14972 15109 15217 15251 15542 15706 15833 15865 16024 16106 16147 16243 16353 16372 16573 16610 16689 16793 16953 16994 17079 17267 17330 17469 17514 17688 17747 17876 17882 18108 18131 18161 18185 18358 18479 18589 18659 18768 18876 19003 19100 19114 19176 19372 19375 19647 19680 19792 19830 
S 3: 0 | 13 47 96 106 252 270 284 385 536 611 685 779 981 1014 1111 1573 1647 1796 1804 1855 1921 1966 2062 2220 2259 2521 2608 2687 2730 2769 2970 3100 3206 3272 3324 3409 3460 3558 3618 3762 3870 3916 3936 4196 4334 4371 4635 4650 4687 4760 4828 4876 4906 5005 5093 5227 5307 5371 5432 5635 5662 5779 5927 5994 6119 6294 6414 6494 6606 6709 6891 6994 6998 7062 7190 7221 7344 7352 7401 7639 7745 7762 7954 7998 8112 8155 8218 8299 8519 8711 8807 8929 9073 9103 9275 9401 9696 9794 9879 9992 10065 10361 10485 10617 10712 10771 10832 10916 10947 11094 11126 11193 11311 11432 11470 11499 11766 11793 11858 11985 12220 12248 12273 12452 12704 12713 12731 12790 12897 13014 13094 13156 13245 13252 13439 13452 13637 13667 13726 13974 13993 14034 14099 14248 14452 14468 14569 14691 14820 14844 14889 14972 15109 15217 15251 15542 15706 15833 15865 16024 16106 16147 16243 16353 16372 16573 16610 16689 16793 16953 16994 17079 17267 17330 17469 17514 17688 17747 17876 17882 18108 18131 18161 18185 18358 18479 18589 18659 18768 18876 19003 19100 19114 19176 19372 19375 19647 19680 19792 19830 
S 4: 0 | 13 47 96 106 252 270 284 385 536 611 685 779 981 1014 1111 1573 1647 1796 1804 1855 1921 1966 2062 2220 2259 2521 2608 2687 2730 2769 2970 3100 3206 3272 3324 3409 3460 3558 3618 3762 3870 3916 3936 4196 4334 4371 4635 4650 4687 4760 4828 4876 4906 5005 5093 5227 5307 5371 5432 5635 5662 5779 5927 5994 6119 6294 6414 6494 6606 6709 6891 6994 6998 7062 7190 7221 7344 7352 7401 7639 7745 7762 7954 7998 8112 8155 8218 8299 8519 8711 8807 8929 9073 9103 9275 9401 9696 9794 9879 9992 10065 10361 10485 10617 10712 10771 10832 10916 10947 11094 11126 11193 11311 11432 11470 11499 11766 11793 11858 11985 12220 12248 12273 12452 12704 12713 12731 12790 12897 13014 13094 13156 13245 13252 13439 13452 13637 13667 13726 13974 13993 14034 14099 14248 14452 14468 14569 14691 14820 14844 14889 14972 15109 15217 15251 15542 15706 15833 15865 16024 16106 16147 16243 16353 16372 16573 16610 16689 16793 16953 16994 17079 17267 17330 17469 17514 17688 17747 17876 17882 18108 18131 18161 18185 18358 18479 18589 18659 18768 18876 19003 19100 19114 19176 19372 19375 19647 19680 19792 19830 
ALL EQUAL

Final time = 13685.8
Final solution cost = 29543
