Reading instance small_stp_instances/kroB200_5_10.stp of type D
Finished instance reading
Number of vertices = 200
Number of edges (resources) = 19900
Number of scenarios = 5
Average number of terminals per scenario = 200
Probabilities of Scenarios: (0) 0.12 | (1) 0.45 | (2) 0.02 | (3) 0.14 | (4) 0.27 | 
Average weighted inflation = 0.500501
Largest inflation = 0.999677
MAX_ITERATIONS_SINCE_LAST_IMPROVEMENT 2
MAX_ITERATIONS_SINCE_BEST_SOLUTION 3
Creating solution instance.
Starting Evolutive Framework.
Local search solution cost = 31059.3
Local search time = 11923.1
11923.1 local search - EF main loop cycle 0 solution cost 31059.3
11923.2s Cost of SP solution after second stage solver 31059.3
Local search solution cost = 30550.5
Local search time = 2264.27
14187.4 local search - EF main loop cycle 1 solution cost 30550.5
14187.6s Cost of SP solution after second stage solver 30550.5
Local search solution cost = 30550.5
Local search time = 2246.11
16433.7 local search - EF main loop cycle 2 solution cost 30550.5
16433.8s Cost of SP solution after second stage solver 30550.5
Local search solution cost = 30550.5
Local search time = 2226.21
18660 local search - EF main loop cycle 3 solution cost 30550.5
18660.1s Cost of SP solution after second stage solver 30550.5
Number of cycles 4
Time for each cycle 4665.03
18660.2s Cost of SP solution after tail step 30550.5
SELECTED RESOURCES:
13 47 96 106 252 270 284 333 554 685 779 815 962 981 1014 1111 1546 1804 1855 1921 1966 2062 2149 2220 2521 2730 2769 2782 3100 3206 3272 3324 3409 3460 3558 3618 3728 3870 3916 3936 4196 4334 4371 4635 4650 4687 4760 4781 4876 4906 5005 5093 5227 5274 5371 5432 5635 5662 5691 5779 5927 5994 6062 6119 6294 6414 6512 6606 6608 6835 6994 6998 7062 7190 7221 7344 7352 7390 7582 7639 7745 7762 7998 8112 8155 8218 8299 8519 8576 8711 8826 8929 9002 9073 9103 9275 9401 9540 9693 9794 9942 9992 10065 10361 10426 10485 10617 10712 10771 10832 10930 10947 11094 11126 11193 11432 11470 11499 11793 11858 11985 12248 12273 12452 12508 12704 12713 12731 12790 12897 13016 13094 13194 13257 13425 13439 13567 13667 13726 13974 13993 14061 14085 14248 14387 14452 14569 14691 14820 14844 14889 14972 15109 15217 15285 15542 15732 15833 15865 16024 16106 16139 16243 16353 16372 16576 16610 16689 16793 16953 16999 17267 17330 17469 17517 17688 17747 17805 17882 18108 18131 18161 18222 18439 18479 18644 18768 18876 18957 19100 19176 19303 19344 19375 19633 19680 19830 19851 
SCENARIO'S RESOURCES:
S 0: 922 | 13 47 96 106 252 270 284 333 554 685 779 815 962 981 1014 1111 1546 1804 1855 1921 1966 2062 2149 2220 2521 2730 2769 2782 3100 3206 3272 3324 3409 3460 3558 3618 3728 3870 3887 3916 3936 4196 4334 4371 4635 4650 4687 4760 4781 4876 4906 5005 5093 5227 5274 5371 5432 5635 5662 5691 5779 5927 5994 6062 6119 6294 6414 6512 6606 6608 6835 6994 6998 7062 7190 7221 7344 7352 7390 7582 7639 7745 7762 7998 8112 8155 8218 8299 8519 8576 8711 8826 8929 9002 9073 9103 9275 9401 9540 9693 9794 9942 9992 10065 10361 10426 10485 10617 10712 10771 10832 10930 10947 11094 11126 11193 11432 11470 11499 11793 11858 11985 12248 12273 12452 12508 12704 12713 12731 12790 12897 13016 13094 13194 13257 13425 13439 13567 13667 13726 13974 13993 14061 14085 14248 14387 14452 14569 14691 14820 14844 14889 14972 15109 15217 15285 15542 15732 15833 15865 16024 16106 16139 16243 16353 16372 16576 16610 16689 16793 16953 16999 17071 17267 17330 17469 17517 17688 17747 17805 17882 18108 18131 18161 18222 18439 18479 18644 18768 18876 18957 19100 19176 19303 19344 19375 19633 19680 19830 19851 
S 1: 685 | 13 47 96 106 252 270 284 333 554 685 779 815 962 981 1014 1111 1546 1804 1855 1921 1966 2062 2149 2220 2521 2730 2769 2782 3100 3206 3272 3324 3409 3460 3558 3618 3728 3870 3887 3916 3936 4196 4334 4371 4635 4650 4687 4760 4781 4876 4906 5005 5093 5227 5274 5371 5432 5635 5662 5691 5779 5927 5994 6062 6119 6294 6414 6512 6606 6608 6835 6994 6998 7062 7190 7221 7344 7352 7390 7582 7639 7745 7762 7998 8112 8155 8218 8299 8519 8576 8711 8826 8929 9002 9073 9103 9275 9401 9540 9693 9794 9942 9992 10065 10361 10426 10485 10617 10712 10771 10832 10930 10947 11094 11126 11193 11432 11470 11499 11793 11858 11985 12248 12273 12452 12508 12704 12713 12731 12790 12897 13016 13094 13194 13257 13425 13439 13567 13667 13726 13974 13993 14061 14085 14248 14387 14452 14569 14691 14820 14844 14889 14972 15109 15217 15285 15542 15732 15833 15865 16024 16106 16139 16243 16353 16372 16576 16610 16689 16793 16953 16999 17071 17267 17330 17469 17517 17688 17747 17805 17882 18108 18131 18161 18222 18439 18479 18644 18768 18876 18957 19100 19176 19303 19344 19375 19633 19680 19830 19851 
S 2: 836 | 13 47 96 106 252 270 284 333 554 685 779 815 962 981 1014 1111 1546 1804 1855 1921 1966 2062 2149 2220 2521 2730 2769 2782 3100 3206 3272 3324 3409 3460 3558 3618 3728 3870 3916 3936 4196 4334 4371 4635 4650 4687 4760 4781 4876 4906 5005 5093 5227 5274 5371 5432 5635 5662 5691 5779 5927 5994 6062 6119 6294 6414 6512 6606 6608 6835 6994 6998 7062 7190 7221 7344 7352 7390 7582 7639 7745 7762 7998 8112 8155 8218 8299 8519 8576 8711 8826 8929 9002 9073 9103 9275 9401 9540 9693 9794 9942 9992 10065 10361 10426 10485 10617 10712 10771 10832 10930 10947 11094 11126 11193 11432 11470 11499 11793 11858 11985 12248 12273 12452 12508 12704 12713 12731 12790 12897 13016 13094 13194 13257 13425 13439 13567 13667 13726 13974 13993 14061 14085 14248 14387 14452 14569 14691 14820 14844 14889 14972 15109 15217 15285 15542 15732 15833 15865 16024 16106 16139 16243 16353 16372 16576 16610 16689 16793 16953 16999 17079 17108 17267 17330 17469 17517 17688 17747 17805 17882 18108 18131 18161 18222 18439 18479 18644 18768 18876 18957 18966 19176 19303 19344 19375 19633 19680 19830 19851 
S 3: 866 | 13 47 96 106 252 270 284 333 554 685 779 815 962 981 1014 1111 1546 1804 1855 1921 1966 2062 2149 2220 2521 2730 2769 2782 3100 3206 3272 3324 3409 3460 3558 3618 3728 3870 3887 3916 3936 4196 4334 4371 4635 4650 4687 4760 4781 4876 4906 5005 5093 5227 5274 5371 5432 5635 5662 5691 5779 5927 5994 6062 6119 6294 6414 6512 6606 6608 6835 6994 6998 7062 7190 7221 7344 7352 7390 7582 7639 7745 7762 7998 8112 8155 8218 8299 8519 8576 8711 8826 8929 9002 9073 9103 9275 9401 9540 9693 9794 9942 9992 10065 10361 10426 10485 10617 10712 10771 10832 10930 10947 11094 11126 11193 11432 11470 11499 11793 11858 11985 12248 12273 12452 12508 12704 12713 12731 12790 12897 13016 13094 13194 13257 13425 13439 13567 13667 13726 13974 13993 14061 14085 14248 14387 14452 14569 14691 14820 14844 14889 14972 15109 15217 15285 15542 15732 15833 15865 16024 16106 16139 16243 16353 16372 16576 16610 16689 16793 16953 16999 17071 17267 17330 17469 17517 17688 17747 17805 17882 18108 18131 18161 18222 18439 18479 18644 18768 18876 18957 19100 19176 19303 19344 19375 19633 19680 19830 19851 
S 4: 706 | 13 47 96 106 252 270 284 333 554 685 779 815 962 981 1014 1111 1546 1804 1855 1921 1966 2062 2149 2220 2521 2730 2769 2782 3100 3206 3272 3324 3409 3460 3558 3618 3728 3870 3879 3916 3936 4196 4334 4371 4635 4650 4687 4760 4781 4876 4906 5005 5093 5227 5274 5371 5432 5635 5662 5691 5779 5927 5994 6062 6119 6294 6414 6512 6606 6608 6835 6994 6998 7062 7190 7221 7344 7352 7390 7582 7639 7745 7762 7998 8112 8155 8218 8299 8519 8576 8711 8826 8929 9002 9073 9103 9275 9401 9540 9693 9794 9942 9992 10065 10361 10426 10485 10617 10712 10771 10832 10930 10947 11094 11126 11193 11432 11470 11499 11793 11858 11985 12248 12273 12452 12508 12704 12713 12731 12790 12897 13016 13094 13194 13257 13425 13439 13567 13667 13726 13974 13993 14061 14085 14248 14387 14452 14569 14691 14820 14844 14889 14972 15109 15217 15285 15542 15732 15833 15865 16024 16106 16139 16243 16353 16372 16576 16610 16689 16793 16953 16999 17079 17267 17330 17469 17517 17688 17747 17805 17882 18108 18131 18161 18222 18439 18479 18644 18768 18876 18957 19100 19176 19303 19344 19375 19633 19680 19830 19851 

Final time = 18660.4
Final solution cost = 30550.5
