Reading instance small_stp_instances/kroB150_5_03.stp of type D
Finished instance reading
Number of vertices = 150
Number of edges (resources) = 11175
Number of scenarios = 5
Average number of terminals per scenario = 150
Probabilities of Scenarios: (0) 0.24 | (1) 0.28 | (2) 0.31 | (3) 0.07 | (4) 0.1 | 
Average weighted inflation = 0.149284
Largest inflation = 0.299923
MAX_ITERATIONS_SINCE_LAST_IMPROVEMENT 2
MAX_ITERATIONS_SINCE_BEST_SOLUTION 3
Creating solution instance.
Starting Evolutive Framework.
Local search solution cost = 26242.6
Local search time = 2607.82
2607.82 local search - EF main loop cycle 0 solution cost 26242.6
2607.83s Cost of SP solution after second stage solver 26242.6
Local search solution cost = 26224
Local search time = 275.399
2883.23 local search - EF main loop cycle 1 solution cost 26224
2883.24s Cost of SP solution after second stage solver 26224
Local search solution cost = 26224
Local search time = 275.389
3158.63 local search - EF main loop cycle 2 solution cost 26224
3158.64s Cost of SP solution after second stage solver 26224
Number of cycles 3
Time for each cycle 1052.88
3158.65s Cost of SP solution after tail step 26224
SELECTED RESOURCES:
103 232 292 306 339 395 426 562 608 638 730 740 752 839 865 978 1065 1139 1145 1285 1326 1365 1383 1472 1575 1629 1693 1795 1934 1941 1972 2123 2127 2191 2199 2240 2245 2280 2452 2558 2684 2722 2934 3015 3157 3204 3246 3317 3382 3392 3413 3486 3512 3574 3798 3868 3940 3949 4104 4113 4420 4461 4551 4766 4883 4924 4977 5005 5072 5119 5198 5332 5374 5448 5467 5476 5875 5949 5964 6064 6112 6126 6435 6517 6547 6558 6614 6693 6701 6844 6858 6945 6958 7036 7057 7215 7250 7280 7348 7471 7474 7573 7574 7671 7857 7862 7925 8084 8103 8221 8320 8362 8513 8546 8575 8695 8731 8831 8852 8926 9125 9141 9203 9304 9377 9428 9528 9583 9650 9659 9739 9828 9898 9915 10014 10103 10239 10249 10404 10409 10566 10574 10615 10649 10818 10828 10883 10981 11077 11121 
SCENARIO'S RESOURCES:
S 0: 0 | 103 232 292 306 339 395 426 562 608 638 730 740 752 839 865 978 1065 1139 1145 1285 1326 1365 1383 1472 1575 1629 1693 1795 1934 1941 1972 2123 2127 2191 2199 2240 2245 2280 2452 2558 2684 2722 2934 3015 3157 3204 3246 3317 3382 3392 3413 3486 3512 3574 3798 3868 3940 3949 4104 4113 4420 4461 4551 4766 4883 4924 4977 5005 5072 5119 5198 5332 5374 5448 5467 5476 5875 5949 5964 6064 6112 6126 6435 6517 6547 6558 6614 6693 6701 6844 6858 6945 6958 7036 7057 7215 7250 7280 7348 7471 7474 7573 7574 7671 7857 7862 7925 8084 8103 8221 8320 8362 8513 8546 8575 8695 8731 8831 8852 8926 9125 9141 9203 9304 9377 9428 9528 9583 9650 9659 9739 9828 9898 9915 10014 10103 10239 10249 10404 10409 10566 10574 10615 10649 10818 10828 10883 10981 11077 11121 
S 1: 0 | 103 232 292 306 339 395 426 562 608 638 730 740 752 839 865 978 1065 1139 1145 1285 1326 1365 1383 1472 1575 1629 1693 1795 1934 1941 1972 2123 2127 2191 2199 2240 2245 2280 2452 2558 2684 2722 2934 3015 3157 3204 3246 3317 3382 3392 3413 3486 3512 3574 3798 3868 3940 3949 4104 4113 4420 4461 4551 4766 4883 4924 4977 5005 5072 5119 5198 5332 5374 5448 5467 5476 5875 5949 5964 6064 6112 6126 6435 6517 6547 6558 6614 6693 6701 6844 6858 6945 6958 7036 7057 7215 7250 7280 7348 7471 7474 7573 7574 7671 7857 7862 7925 8084 8103 8221 8320 8362 8513 8546 8575 8695 8731 8831 8852 8926 9125 9141 9203 9304 9377 9428 9528 9583 9650 9659 9739 9828 9898 9915 10014 10103 10239 10249 10404 10409 10566 10574 10615 10649 10818 10828 10883 10981 11077 11121 
S 2: 0 | 103 232 292 306 339 395 426 562 608 638 730 740 752 839 865 978 1065 1139 1145 1285 1326 1365 1383 1472 1575 1629 1693 1795 1934 1941 1972 2123 2127 2191 2199 2240 2245 2280 2452 2558 2684 2722 2934 3015 3157 3204 3246 3317 3382 3392 3413 3486 3512 3574 3798 3868 3940 3949 4104 4113 4420 4461 4551 4766 4883 4924 4977 5005 5072 5119 5198 5332 5374 5448 5467 5476 5875 5949 5964 6064 6112 6126 6435 6517 6547 6558 6614 6693 6701 6844 6858 6945 6958 7036 7057 7215 7250 7280 7348 7471 7474 7573 7574 7671 7857 7862 7925 8084 8103 8221 8320 8362 8513 8546 8575 8695 8731 8831 8852 8926 9125 9141 9203 9304 9377 9428 9528 9583 9650 9659 9739 9828 9898 9915 10014 10103 10239 10249 10404 10409 10566 10574 10615 10649 10818 10828 10883 10981 11077 11121 
S 3: 0 | 103 232 292 306 339 395 426 562 608 638 730 740 752 839 865 978 1065 1139 1145 1285 1326 1365 1383 1472 1575 1629 1693 1795 1934 1941 1972 2123 2127 2191 2199 2240 2245 2280 2452 2558 2684 2722 2934 3015 3157 3204 3246 3317 3382 3392 3413 3486 3512 3574 3798 3868 3940 3949 4104 4113 4420 4461 4551 4766 4883 4924 4977 5005 5072 5119 5198 5332 5374 5448 5467 5476 5875 5949 5964 6064 6112 6126 6435 6517 6547 6558 6614 6693 6701 6844 6858 6945 6958 7036 7057 7215 7250 7280 7348 7471 7474 7573 7574 7671 7857 7862 7925 8084 8103 8221 8320 8362 8513 8546 8575 8695 8731 8831 8852 8926 9125 9141 9203 9304 9377 9428 9528 9583 9650 9659 9739 9828 9898 9915 10014 10103 10239 10249 10404 10409 10566 10574 10615 10649 10818 10828 10883 10981 11077 11121 
S 4: 0 | 103 232 292 306 339 395 426 562 608 638 730 740 752 839 865 978 1065 1139 1145 1285 1326 1365 1383 1472 1575 1629 1693 1795 1934 1941 1972 2123 2127 2191 2199 2240 2245 2280 2452 2558 2684 2722 2934 3015 3157 3204 3246 3317 3382 3392 3413 3486 3512 3574 3798 3868 3940 3949 4104 4113 4420 4461 4551 4766 4883 4924 4977 5005 5072 5119 5198 5332 5374 5448 5467 5476 5875 5949 5964 6064 6112 6126 6435 6517 6547 6558 6614 6693 6701 6844 6858 6945 6958 7036 7057 7215 7250 7280 7348 7471 7474 7573 7574 7671 7857 7862 7925 8084 8103 8221 8320 8362 8513 8546 8575 8695 8731 8831 8852 8926 9125 9141 9203 9304 9377 9428 9528 9583 9650 9659 9739 9828 9898 9915 10014 10103 10239 10249 10404 10409 10566 10574 10615 10649 10818 10828 10883 10981 11077 11121 
ALL EQUAL

Final time = 3158.68
Final solution cost = 26224
