Reading instance small_stp_instances/kroB100_10_10.stp of type D
Finished instance reading
Number of vertices = 100
Number of edges (resources) = 4950
Number of scenarios = 10
Average number of terminals per scenario = 100
Probabilities of Scenarios: (0) 0.05 | (1) 0.11 | (2) 0.1 | (3) 0.17 | (4) 0.05 | (5) 0.06 | (6) 0.13 | (7) 0.02 | (8) 0.17 | (9) 0.14 | 
Average weighted inflation = 0.501656
Largest inflation = 0.999653
MAX_ITERATIONS_SINCE_LAST_IMPROVEMENT 2
MAX_ITERATIONS_SINCE_BEST_SOLUTION 3
Creating solution instance.
Starting Evolutive Framework.
Local search solution cost = 22999
Local search time = 2046.88
2046.88 local search - EF main loop cycle 0 solution cost 22999
2046.9s Cost of SP solution after second stage solver 22999
Local search solution cost = 22757
Local search time = 132.156
2179.06 local search - EF main loop cycle 1 solution cost 22757
2179.07s Cost of SP solution after second stage solver 22757
Local search solution cost = 22757
Local search time = 132.213
2311.28 local search - EF main loop cycle 2 solution cost 22757
2311.29s Cost of SP solution after second stage solver 22757
Local search solution cost = 22757
Local search time = 132.103
2443.4 local search - EF main loop cycle 3 solution cost 22757
2443.41s Cost of SP solution after second stage solver 22757
Number of cycles 4
Time for each cycle 610.852
2443.42s Cost of SP solution after tail step 22757
SELECTED RESOURCES:
13 47 55 96 106 199 252 270 353 385 510 534 536 587 685 779 796 833 921 943 963 981 998 1014 1111 1165 1191 1218 1255 1257 1429 1452 1647 1681 1684 1767 1804 1834 1855 1903 1938 1966 2052 2149 2184 2220 2307 2333 2384 2398 2426 2441 2521 2538 2608 2687 2693 2730 2873 2904 2938 2942 3067 3100 3155 3206 3238 3241 3281 3324 3384 3409 3460 3558 3618 3637 3720 3763 3787 3870 3914 3936 3940 4032 4113 4196 4270 4334 4338 4371 4500 4556 4635 4650 4687 4750 4760 4828 4876 4906 
SCENARIO'S RESOURCES:
S 0: 0 | 13 47 55 96 106 199 252 270 353 385 510 534 536 587 685 779 796 833 921 943 963 981 998 1014 1111 1165 1191 1218 1255 1257 1429 1452 1647 1681 1684 1767 1804 1834 1855 1903 1938 1966 2052 2149 2184 2220 2307 2333 2384 2398 2426 2441 2521 2538 2608 2687 2693 2730 2873 2904 2938 2942 3067 3100 3155 3206 3238 3241 3281 3324 3384 3409 3460 3558 3618 3637 3720 3763 3787 3870 3914 3936 3940 4032 4113 4196 4270 4334 4338 4371 4500 4556 4635 4650 4687 4750 4760 4828 4876 4906 
S 1: 0 | 13 47 55 96 106 199 252 270 353 385 510 534 536 587 685 779 796 833 921 943 963 981 998 1014 1111 1165 1191 1218 1255 1257 1429 1452 1647 1681 1684 1767 1804 1834 1855 1903 1938 1966 2052 2149 2184 2220 2307 2333 2384 2398 2426 2441 2521 2538 2608 2687 2693 2730 2873 2904 2938 2942 3067 3100 3155 3206 3238 3241 3281 3324 3384 3409 3460 3558 3618 3637 3720 3763 3787 3870 3914 3936 3940 4032 4113 4196 4270 4334 4338 4371 4500 4556 4635 4650 4687 4750 4760 4828 4876 4906 
S 2: 0 | 13 47 55 96 106 199 252 270 353 385 510 534 536 587 685 779 796 833 921 943 963 981 998 1014 1111 1165 1191 1218 1255 1257 1429 1452 1647 1681 1684 1767 1804 1834 1855 1903 1938 1966 2052 2149 2184 2220 2307 2333 2384 2398 2426 2441 2521 2538 2608 2687 2693 2730 2873 2904 2938 2942 3067 3100 3155 3206 3238 3241 3281 3324 3384 3409 3460 3558 3618 3637 3720 3763 3787 3870 3914 3936 3940 4032 4113 4196 4270 4334 4338 4371 4500 4556 4635 4650 4687 4750 4760 4828 4876 4906 
S 3: 0 | 13 47 55 96 106 199 252 270 353 385 510 534 536 587 685 779 796 833 921 943 963 981 998 1014 1111 1165 1191 1218 1255 1257 1429 1452 1647 1681 1684 1767 1804 1834 1855 1903 1938 1966 2052 2149 2184 2220 2307 2333 2384 2398 2426 2441 2521 2538 2608 2687 2693 2730 2873 2904 2938 2942 3067 3100 3155 3206 3238 3241 3281 3324 3384 3409 3460 3558 3618 3637 3720 3763 3787 3870 3914 3936 3940 4032 4113 4196 4270 4334 4338 4371 4500 4556 4635 4650 4687 4750 4760 4828 4876 4906 
S 4: 0 | 13 47 55 96 106 199 252 270 353 385 510 534 536 587 685 779 796 833 921 943 963 981 998 1014 1111 1165 1191 1218 1255 1257 1429 1452 1647 1681 1684 1767 1804 1834 1855 1903 1938 1966 2052 2149 2184 2220 2307 2333 2384 2398 2426 2441 2521 2538 2608 2687 2693 2730 2873 2904 2938 2942 3067 3100 3155 3206 3238 3241 3281 3324 3384 3409 3460 3558 3618 3637 3720 3763 3787 3870 3914 3936 3940 4032 4113 4196 4270 4334 4338 4371 4500 4556 4635 4650 4687 4750 4760 4828 4876 4906 
S 5: 0 | 13 47 55 96 106 199 252 270 353 385 510 534 536 587 685 779 796 833 921 943 963 981 998 1014 1111 1165 1191 1218 1255 1257 1429 1452 1647 1681 1684 1767 1804 1834 1855 1903 1938 1966 2052 2149 2184 2220 2307 2333 2384 2398 2426 2441 2521 2538 2608 2687 2693 2730 2873 2904 2938 2942 3067 3100 3155 3206 3238 3241 3281 3324 3384 3409 3460 3558 3618 3637 3720 3763 3787 3870 3914 3936 3940 4032 4113 4196 4270 4334 4338 4371 4500 4556 4635 4650 4687 4750 4760 4828 4876 4906 
S 6: 0 | 13 47 55 96 106 199 252 270 353 385 510 534 536 587 685 779 796 833 921 943 963 981 998 1014 1111 1165 1191 1218 1255 1257 1429 1452 1647 1681 1684 1767 1804 1834 1855 1903 1938 1966 2052 2149 2184 2220 2307 2333 2384 2398 2426 2441 2521 2538 2608 2687 2693 2730 2873 2904 2938 2942 3067 3100 3155 3206 3238 3241 3281 3324 3384 3409 3460 3558 3618 3637 3720 3763 3787 3870 3914 3936 3940 4032 4113 4196 4270 4334 4338 4371 4500 4556 4635 4650 4687 4750 4760 4828 4876 4906 
S 7: 0 | 13 47 55 96 106 199 252 270 353 385 510 534 536 587 685 779 796 833 921 943 963 981 998 1014 1111 1165 1191 1218 1255 1257 1429 1452 1647 1681 1684 1767 1804 1834 1855 1903 1938 1966 2052 2149 2184 2220 2307 2333 2384 2398 2426 2441 2521 2538 2608 2687 2693 2730 2873 2904 2938 2942 3067 3100 3155 3206 3238 3241 3281 3324 3384 3409 3460 3558 3618 3637 3720 3763 3787 3870 3914 3936 3940 4032 4113 4196 4270 4334 4338 4371 4500 4556 4635 4650 4687 4750 4760 4828 4876 4906 
S 8: 0 | 13 47 55 96 106 199 252 270 353 385 510 534 536 587 685 779 796 833 921 943 963 981 998 1014 1111 1165 1191 1218 1255 1257 1429 1452 1647 1681 1684 1767 1804 1834 1855 1903 1938 1966 2052 2149 2184 2220 2307 2333 2384 2398 2426 2441 2521 2538 2608 2687 2693 2730 2873 2904 2938 2942 3067 3100 3155 3206 3238 3241 3281 3324 3384 3409 3460 3558 3618 3637 3720 3763 3787 3870 3914 3936 3940 4032 4113 4196 4270 4334 4338 4371 4500 4556 4635 4650 4687 4750 4760 4828 4876 4906 
S 9: 0 | 13 47 55 96 106 199 252 270 353 385 510 534 536 587 685 779 796 833 921 943 963 981 998 1014 1111 1165 1191 1218 1255 1257 1429 1452 1647 1681 1684 1767 1804 1834 1855 1903 1938 1966 2052 2149 2184 2220 2307 2333 2384 2398 2426 2441 2521 2538 2608 2687 2693 2730 2873 2904 2938 2942 3067 3100 3155 3206 3238 3241 3281 3324 3384 3409 3460 3558 3618 3637 3720 3763 3787 3870 3914 3936 3940 4032 4113 4196 4270 4334 4338 4371 4500 4556 4635 4650 4687 4750 4760 4828 4876 4906 
ALL EQUAL

Final time = 2443.44
Final solution cost = 22757
