Reading instance small_stp_instances/kroB150_10_03.stp of type D
Finished instance reading
Number of vertices = 150
Number of edges (resources) = 11175
Number of scenarios = 10
Average number of terminals per scenario = 150
Probabilities of Scenarios: (0) 0.15 | (1) 0.15 | (2) 0.13 | (3) 0.08 | (4) 0.13 | (5) 0.07 | (6) 0.08 | (7) 0.06 | (8) 0.05 | (9) 0.1 | 
Average weighted inflation = 0.149617
Largest inflation = 0.29995
MAX_ITERATIONS_SINCE_LAST_IMPROVEMENT 2
MAX_ITERATIONS_SINCE_BEST_SOLUTION 3
Creating solution instance.
Starting Evolutive Framework.
Local search solution cost = 26118.1
Local search time = 4783.16
4783.16 local search - EF main loop cycle 0 solution cost 26118.1
4783.18s Cost of SP solution after second stage solver 26118.1
Local search solution cost = 26104
Local search time = 551.745
5334.92 local search - EF main loop cycle 1 solution cost 26104
5334.95s Cost of SP solution after second stage solver 26104
Local search solution cost = 26104
Local search time = 548.549
5883.5 local search - EF main loop cycle 2 solution cost 26104
5883.52s Cost of SP solution after second stage solver 26104
Number of cycles 3
Time for each cycle 1961.17
5883.54s Cost of SP solution after tail step 26104
SELECTED RESOURCES:
103 232 292 306 339 395 426 562 604 638 730 740 752 839 865 978 1065 1139 1145 1285 1326 1365 1383 1472 1575 1629 1693 1795 1934 1941 1972 2046 2123 2127 2191 2199 2240 2245 2280 2452 2558 2684 2722 2934 3015 3157 3204 3246 3317 3382 3413 3486 3512 3574 3798 3868 3940 3949 4104 4113 4189 4420 4461 4551 4883 4924 4977 5005 5072 5119 5198 5332 5374 5454 5467 5476 5875 5949 5964 6064 6070 6112 6126 6323 6435 6517 6547 6558 6614 6693 6701 6844 6858 6945 6958 7036 7057 7215 7280 7348 7471 7474 7573 7574 7671 7821 7832 7925 8084 8103 8221 8362 8513 8546 8575 8695 8731 8831 8852 8926 9125 9141 9203 9304 9377 9428 9573 9583 9650 9659 9743 9828 9898 9915 10024 10103 10248 10249 10404 10409 10566 10574 10649 10714 10818 10828 10883 10981 11077 11112 
SCENARIO'S RESOURCES:
S 0: 0 | 103 232 292 306 339 395 426 562 604 638 730 740 752 839 865 978 1065 1139 1145 1285 1326 1365 1383 1472 1575 1629 1693 1795 1934 1941 1972 2046 2123 2127 2191 2199 2240 2245 2280 2452 2558 2684 2722 2934 3015 3157 3204 3246 3317 3382 3413 3486 3512 3574 3798 3868 3940 3949 4104 4113 4189 4420 4461 4551 4883 4924 4977 5005 5072 5119 5198 5332 5374 5454 5467 5476 5875 5949 5964 6064 6070 6112 6126 6323 6435 6517 6547 6558 6614 6693 6701 6844 6858 6945 6958 7036 7057 7215 7280 7348 7471 7474 7573 7574 7671 7821 7832 7925 8084 8103 8221 8362 8513 8546 8575 8695 8731 8831 8852 8926 9125 9141 9203 9304 9377 9428 9573 9583 9650 9659 9743 9828 9898 9915 10024 10103 10248 10249 10404 10409 10566 10574 10649 10714 10818 10828 10883 10981 11077 11112 
S 1: 0 | 103 232 292 306 339 395 426 562 604 638 730 740 752 839 865 978 1065 1139 1145 1285 1326 1365 1383 1472 1575 1629 1693 1795 1934 1941 1972 2046 2123 2127 2191 2199 2240 2245 2280 2452 2558 2684 2722 2934 3015 3157 3204 3246 3317 3382 3413 3486 3512 3574 3798 3868 3940 3949 4104 4113 4189 4420 4461 4551 4883 4924 4977 5005 5072 5119 5198 5332 5374 5454 5467 5476 5875 5949 5964 6064 6070 6112 6126 6323 6435 6517 6547 6558 6614 6693 6701 6844 6858 6945 6958 7036 7057 7215 7280 7348 7471 7474 7573 7574 7671 7821 7832 7925 8084 8103 8221 8362 8513 8546 8575 8695 8731 8831 8852 8926 9125 9141 9203 9304 9377 9428 9573 9583 9650 9659 9743 9828 9898 9915 10024 10103 10248 10249 10404 10409 10566 10574 10649 10714 10818 10828 10883 10981 11077 11112 
S 2: 0 | 103 232 292 306 339 395 426 562 604 638 730 740 752 839 865 978 1065 1139 1145 1285 1326 1365 1383 1472 1575 1629 1693 1795 1934 1941 1972 2046 2123 2127 2191 2199 2240 2245 2280 2452 2558 2684 2722 2934 3015 3157 3204 3246 3317 3382 3413 3486 3512 3574 3798 3868 3940 3949 4104 4113 4189 4420 4461 4551 4883 4924 4977 5005 5072 5119 5198 5332 5374 5454 5467 5476 5875 5949 5964 6064 6070 6112 6126 6323 6435 6517 6547 6558 6614 6693 6701 6844 6858 6945 6958 7036 7057 7215 7280 7348 7471 7474 7573 7574 7671 7821 7832 7925 8084 8103 8221 8362 8513 8546 8575 8695 8731 8831 8852 8926 9125 9141 9203 9304 9377 9428 9573 9583 9650 9659 9743 9828 9898 9915 10024 10103 10248 10249 10404 10409 10566 10574 10649 10714 10818 10828 10883 10981 11077 11112 
S 3: 0 | 103 232 292 306 339 395 426 562 604 638 730 740 752 839 865 978 1065 1139 1145 1285 1326 1365 1383 1472 1575 1629 1693 1795 1934 1941 1972 2046 2123 2127 2191 2199 2240 2245 2280 2452 2558 2684 2722 2934 3015 3157 3204 3246 3317 3382 3413 3486 3512 3574 3798 3868 3940 3949 4104 4113 4189 4420 4461 4551 4883 4924 4977 5005 5072 5119 5198 5332 5374 5454 5467 5476 5875 5949 5964 6064 6070 6112 6126 6323 6435 6517 6547 6558 6614 6693 6701 6844 6858 6945 6958 7036 7057 7215 7280 7348 7471 7474 7573 7574 7671 7821 7832 7925 8084 8103 8221 8362 8513 8546 8575 8695 8731 8831 8852 8926 9125 9141 9203 9304 9377 9428 9573 9583 9650 9659 9743 9828 9898 9915 10024 10103 10248 10249 10404 10409 10566 10574 10649 10714 10818 10828 10883 10981 11077 11112 
S 4: 0 | 103 232 292 306 339 395 426 562 604 638 730 740 752 839 865 978 1065 1139 1145 1285 1326 1365 1383 1472 1575 1629 1693 1795 1934 1941 1972 2046 2123 2127 2191 2199 2240 2245 2280 2452 2558 2684 2722 2934 3015 3157 3204 3246 3317 3382 3413 3486 3512 3574 3798 3868 3940 3949 4104 4113 4189 4420 4461 4551 4883 4924 4977 5005 5072 5119 5198 5332 5374 5454 5467 5476 5875 5949 5964 6064 6070 6112 6126 6323 6435 6517 6547 6558 6614 6693 6701 6844 6858 6945 6958 7036 7057 7215 7280 7348 7471 7474 7573 7574 7671 7821 7832 7925 8084 8103 8221 8362 8513 8546 8575 8695 8731 8831 8852 8926 9125 9141 9203 9304 9377 9428 9573 9583 9650 9659 9743 9828 9898 9915 10024 10103 10248 10249 10404 10409 10566 10574 10649 10714 10818 10828 10883 10981 11077 11112 
S 5: 0 | 103 232 292 306 339 395 426 562 604 638 730 740 752 839 865 978 1065 1139 1145 1285 1326 1365 1383 1472 1575 1629 1693 1795 1934 1941 1972 2046 2123 2127 2191 2199 2240 2245 2280 2452 2558 2684 2722 2934 3015 3157 3204 3246 3317 3382 3413 3486 3512 3574 3798 3868 3940 3949 4104 4113 4189 4420 4461 4551 4883 4924 4977 5005 5072 5119 5198 5332 5374 5454 5467 5476 5875 5949 5964 6064 6070 6112 6126 6323 6435 6517 6547 6558 6614 6693 6701 6844 6858 6945 6958 7036 7057 7215 7280 7348 7471 7474 7573 7574 7671 7821 7832 7925 8084 8103 8221 8362 8513 8546 8575 8695 8731 8831 8852 8926 9125 9141 9203 9304 9377 9428 9573 9583 9650 9659 9743 9828 9898 9915 10024 10103 10248 10249 10404 10409 10566 10574 10649 10714 10818 10828 10883 10981 11077 11112 
S 6: 0 | 103 232 292 306 339 395 426 562 604 638 730 740 752 839 865 978 1065 1139 1145 1285 1326 1365 1383 1472 1575 1629 1693 1795 1934 1941 1972 2046 2123 2127 2191 2199 2240 2245 2280 2452 2558 2684 2722 2934 3015 3157 3204 3246 3317 3382 3413 3486 3512 3574 3798 3868 3940 3949 4104 4113 4189 4420 4461 4551 4883 4924 4977 5005 5072 5119 5198 5332 5374 5454 5467 5476 5875 5949 5964 6064 6070 6112 6126 6323 6435 6517 6547 6558 6614 6693 6701 6844 6858 6945 6958 7036 7057 7215 7280 7348 7471 7474 7573 7574 7671 7821 7832 7925 8084 8103 8221 8362 8513 8546 8575 8695 8731 8831 8852 8926 9125 9141 9203 9304 9377 9428 9573 9583 9650 9659 9743 9828 9898 9915 10024 10103 10248 10249 10404 10409 10566 10574 10649 10714 10818 10828 10883 10981 11077 11112 
S 7: 0 | 103 232 292 306 339 395 426 562 604 638 730 740 752 839 865 978 1065 1139 1145 1285 1326 1365 1383 1472 1575 1629 1693 1795 1934 1941 1972 2046 2123 2127 2191 2199 2240 2245 2280 2452 2558 2684 2722 2934 3015 3157 3204 3246 3317 3382 3413 3486 3512 3574 3798 3868 3940 3949 4104 4113 4189 4420 4461 4551 4883 4924 4977 5005 5072 5119 5198 5332 5374 5454 5467 5476 5875 5949 5964 6064 6070 6112 6126 6323 6435 6517 6547 6558 6614 6693 6701 6844 6858 6945 6958 7036 7057 7215 7280 7348 7471 7474 7573 7574 7671 7821 7832 7925 8084 8103 8221 8362 8513 8546 8575 8695 8731 8831 8852 8926 9125 9141 9203 9304 9377 9428 9573 9583 9650 9659 9743 9828 9898 9915 10024 10103 10248 10249 10404 10409 10566 10574 10649 10714 10818 10828 10883 10981 11077 11112 
S 8: 0 | 103 232 292 306 339 395 426 562 604 638 730 740 752 839 865 978 1065 1139 1145 1285 1326 1365 1383 1472 1575 1629 1693 1795 1934 1941 1972 2046 2123 2127 2191 2199 2240 2245 2280 2452 2558 2684 2722 2934 3015 3157 3204 3246 3317 3382 3413 3486 3512 3574 3798 3868 3940 3949 4104 4113 4189 4420 4461 4551 4883 4924 4977 5005 5072 5119 5198 5332 5374 5454 5467 5476 5875 5949 5964 6064 6070 6112 6126 6323 6435 6517 6547 6558 6614 6693 6701 6844 6858 6945 6958 7036 7057 7215 7280 7348 7471 7474 7573 7574 7671 7821 7832 7925 8084 8103 8221 8362 8513 8546 8575 8695 8731 8831 8852 8926 9125 9141 9203 9304 9377 9428 9573 9583 9650 9659 9743 9828 9898 9915 10024 10103 10248 10249 10404 10409 10566 10574 10649 10714 10818 10828 10883 10981 11077 11112 
S 9: 0 | 103 232 292 306 339 395 426 562 604 638 730 740 752 839 865 978 1065 1139 1145 1285 1326 1365 1383 1472 1575 1629 1693 1795 1934 1941 1972 2046 2123 2127 2191 2199 2240 2245 2280 2452 2558 2684 2722 2934 3015 3157 3204 3246 3317 3382 3413 3486 3512 3574 3798 3868 3940 3949 4104 4113 4189 4420 4461 4551 4883 4924 4977 5005 5072 5119 5198 5332 5374 5454 5467 5476 5875 5949 5964 6064 6070 6112 6126 6323 6435 6517 6547 6558 6614 6693 6701 6844 6858 6945 6958 7036 7057 7215 7280 7348 7471 7474 7573 7574 7671 7821 7832 7925 8084 8103 8221 8362 8513 8546 8575 8695 8731 8831 8852 8926 9125 9141 9203 9304 9377 9428 9573 9583 9650 9659 9743 9828 9898 9915 10024 10103 10248 10249 10404 10409 10566 10574 10649 10714 10818 10828 10883 10981 11077 11112 
ALL EQUAL

Final time = 5883.59
Final solution cost = 26104
