Reading instance small_stp_instances/kroB100_20_05.stp of type D
Finished instance reading
Number of vertices = 100
Number of edges (resources) = 4950
Number of scenarios = 20
Average number of terminals per scenario = 100
Probabilities of Scenarios: (0) 0.06 | (1) 0.01 | (2) 0 | (3) 0.02 | (4) 0.08 | (5) 0.01 | (6) 0.04 | (7) 0.09 | (8) 0.04 | (9) 0.07 | (10) 0.09 | (11) 0.04 | (12) 0.09 | (13) 0.05 | (14) 0.01 | (15) 0.03 | (16) 0.03 | (17) 0.15 | (18) 0.09 | (19) 0 | 
Average weighted inflation = 0.249316
Largest inflation = 0.499804
MAX_ITERATIONS_SINCE_LAST_IMPROVEMENT 2
MAX_ITERATIONS_SINCE_BEST_SOLUTION 3
Creating solution instance.
Starting Evolutive Framework.
Local search solution cost = 22373.3
Local search time = 3741.04
3741.05 local search - EF main loop cycle 0 solution cost 22373.3
3741.13s Cost of SP solution after second stage solver 22373.3
Local search solution cost = 22307
Local search time = 253.419
3994.55 local search - EF main loop cycle 1 solution cost 22307
3994.57s Cost of SP solution after second stage solver 22307
Local search solution cost = 22307
Local search time = 246.962
4241.53 local search - EF main loop cycle 2 solution cost 22307
4241.56s Cost of SP solution after second stage solver 22307
Local search solution cost = 22307
Local search time = 246.985
4488.54 local search - EF main loop cycle 3 solution cost 22307
4488.56s Cost of SP solution after second stage solver 22307
Number of cycles 4
Time for each cycle 1122.14
4488.58s Cost of SP solution after tail step 22307
SELECTED RESOURCES:
13 47 55 96 106 199 252 270 284 353 385 510 534 536 587 685 779 796 821 921 943 963 981 1014 1111 1157 1191 1218 1255 1257 1429 1452 1647 1681 1684 1767 1804 1834 1903 1938 1966 2052 2062 2149 2184 2220 2303 2339 2384 2398 2426 2441 2504 2521 2608 2687 2693 2730 2873 2904 2938 2942 3049 3118 3155 3215 3238 3281 3303 3324 3334 3409 3460 3558 3618 3637 3720 3763 3794 3870 3914 3936 3961 4032 4113 4196 4270 4334 4338 4371 4500 4556 4635 4650 4687 4750 4760 4828 4876 4906 
SCENARIO'S RESOURCES:
S 0: 0 | 13 47 55 96 106 199 252 270 284 353 385 510 534 536 587 685 779 796 821 921 943 963 981 1014 1111 1157 1191 1218 1255 1257 1429 1452 1647 1681 1684 1767 1804 1834 1903 1938 1966 2052 2062 2149 2184 2220 2303 2339 2384 2398 2426 2441 2504 2521 2608 2687 2693 2730 2873 2904 2938 2942 3049 3118 3155 3215 3238 3281 3303 3324 3334 3409 3460 3558 3618 3637 3720 3763 3794 3870 3914 3936 3961 4032 4113 4196 4270 4334 4338 4371 4500 4556 4635 4650 4687 4750 4760 4828 4876 4906 
S 1: 0 | 13 47 55 96 106 199 252 270 284 353 385 510 534 536 587 685 779 796 821 921 943 963 981 1014 1111 1157 1191 1218 1255 1257 1429 1452 1647 1681 1684 1767 1804 1834 1903 1938 1966 2052 2062 2149 2184 2220 2303 2339 2384 2398 2426 2441 2504 2521 2608 2687 2693 2730 2873 2904 2938 2942 3049 3118 3155 3215 3238 3281 3303 3324 3334 3409 3460 3558 3618 3637 3720 3763 3794 3870 3914 3936 3961 4032 4113 4196 4270 4334 4338 4371 4500 4556 4635 4650 4687 4750 4760 4828 4876 4906 
S 2: 0 | 13 47 55 96 106 199 252 270 284 353 385 510 534 536 587 685 779 796 821 921 943 963 981 1014 1111 1157 1191 1218 1255 1257 1429 1452 1647 1681 1684 1767 1804 1834 1903 1938 1966 2052 2062 2149 2184 2220 2303 2339 2384 2398 2426 2441 2504 2521 2608 2687 2693 2730 2873 2904 2938 2942 3049 3118 3155 3215 3238 3281 3303 3324 3334 3409 3460 3558 3618 3637 3720 3763 3794 3870 3914 3936 3961 4032 4113 4196 4270 4334 4338 4371 4500 4556 4635 4650 4687 4750 4760 4828 4876 4906 
S 3: 0 | 13 47 55 96 106 199 252 270 284 353 385 510 534 536 587 685 779 796 821 921 943 963 981 1014 1111 1157 1191 1218 1255 1257 1429 1452 1647 1681 1684 1767 1804 1834 1903 1938 1966 2052 2062 2149 2184 2220 2303 2339 2384 2398 2426 2441 2504 2521 2608 2687 2693 2730 2873 2904 2938 2942 3049 3118 3155 3215 3238 3281 3303 3324 3334 3409 3460 3558 3618 3637 3720 3763 3794 3870 3914 3936 3961 4032 4113 4196 4270 4334 4338 4371 4500 4556 4635 4650 4687 4750 4760 4828 4876 4906 
S 4: 0 | 13 47 55 96 106 199 252 270 284 353 385 510 534 536 587 685 779 796 821 921 943 963 981 1014 1111 1157 1191 1218 1255 1257 1429 1452 1647 1681 1684 1767 1804 1834 1903 1938 1966 2052 2062 2149 2184 2220 2303 2339 2384 2398 2426 2441 2504 2521 2608 2687 2693 2730 2873 2904 2938 2942 3049 3118 3155 3215 3238 3281 3303 3324 3334 3409 3460 3558 3618 3637 3720 3763 3794 3870 3914 3936 3961 4032 4113 4196 4270 4334 4338 4371 4500 4556 4635 4650 4687 4750 4760 4828 4876 4906 
S 5: 0 | 13 47 55 96 106 199 252 270 284 353 385 510 534 536 587 685 779 796 821 921 943 963 981 1014 1111 1157 1191 1218 1255 1257 1429 1452 1647 1681 1684 1767 1804 1834 1903 1938 1966 2052 2062 2149 2184 2220 2303 2339 2384 2398 2426 2441 2504 2521 2608 2687 2693 2730 2873 2904 2938 2942 3049 3118 3155 3215 3238 3281 3303 3324 3334 3409 3460 3558 3618 3637 3720 3763 3794 3870 3914 3936 3961 4032 4113 4196 4270 4334 4338 4371 4500 4556 4635 4650 4687 4750 4760 4828 4876 4906 
S 6: 0 | 13 47 55 96 106 199 252 270 284 353 385 510 534 536 587 685 779 796 821 921 943 963 981 1014 1111 1157 1191 1218 1255 1257 1429 1452 1647 1681 1684 1767 1804 1834 1903 1938 1966 2052 2062 2149 2184 2220 2303 2339 2384 2398 2426 2441 2504 2521 2608 2687 2693 2730 2873 2904 2938 2942 3049 3118 3155 3215 3238 3281 3303 3324 3334 3409 3460 3558 3618 3637 3720 3763 3794 3870 3914 3936 3961 4032 4113 4196 4270 4334 4338 4371 4500 4556 4635 4650 4687 4750 4760 4828 4876 4906 
S 7: 0 | 13 47 55 96 106 199 252 270 284 353 385 510 534 536 587 685 779 796 821 921 943 963 981 1014 1111 1157 1191 1218 1255 1257 1429 1452 1647 1681 1684 1767 1804 1834 1903 1938 1966 2052 2062 2149 2184 2220 2303 2339 2384 2398 2426 2441 2504 2521 2608 2687 2693 2730 2873 2904 2938 2942 3049 3118 3155 3215 3238 3281 3303 3324 3334 3409 3460 3558 3618 3637 3720 3763 3794 3870 3914 3936 3961 4032 4113 4196 4270 4334 4338 4371 4500 4556 4635 4650 4687 4750 4760 4828 4876 4906 
S 8: 0 | 13 47 55 96 106 199 252 270 284 353 385 510 534 536 587 685 779 796 821 921 943 963 981 1014 1111 1157 1191 1218 1255 1257 1429 1452 1647 1681 1684 1767 1804 1834 1903 1938 1966 2052 2062 2149 2184 2220 2303 2339 2384 2398 2426 2441 2504 2521 2608 2687 2693 2730 2873 2904 2938 2942 3049 3118 3155 3215 3238 3281 3303 3324 3334 3409 3460 3558 3618 3637 3720 3763 3794 3870 3914 3936 3961 4032 4113 4196 4270 4334 4338 4371 4500 4556 4635 4650 4687 4750 4760 4828 4876 4906 
S 9: 0 | 13 47 55 96 106 199 252 270 284 353 385 510 534 536 587 685 779 796 821 921 943 963 981 1014 1111 1157 1191 1218 1255 1257 1429 1452 1647 1681 1684 1767 1804 1834 1903 1938 1966 2052 2062 2149 2184 2220 2303 2339 2384 2398 2426 2441 2504 2521 2608 2687 2693 2730 2873 2904 2938 2942 3049 3118 3155 3215 3238 3281 3303 3324 3334 3409 3460 3558 3618 3637 3720 3763 3794 3870 3914 3936 3961 4032 4113 4196 4270 4334 4338 4371 4500 4556 4635 4650 4687 4750 4760 4828 4876 4906 
S 10: 0 | 13 47 55 96 106 199 252 270 284 353 385 510 534 536 587 685 779 796 821 921 943 963 981 1014 1111 1157 1191 1218 1255 1257 1429 1452 1647 1681 1684 1767 1804 1834 1903 1938 1966 2052 2062 2149 2184 2220 2303 2339 2384 2398 2426 2441 2504 2521 2608 2687 2693 2730 2873 2904 2938 2942 3049 3118 3155 3215 3238 3281 3303 3324 3334 3409 3460 3558 3618 3637 3720 3763 3794 3870 3914 3936 3961 4032 4113 4196 4270 4334 4338 4371 4500 4556 4635 4650 4687 4750 4760 4828 4876 4906 
S 11: 0 | 13 47 55 96 106 199 252 270 284 353 385 510 534 536 587 685 779 796 821 921 943 963 981 1014 1111 1157 1191 1218 1255 1257 1429 1452 1647 1681 1684 1767 1804 1834 1903 1938 1966 2052 2062 2149 2184 2220 2303 2339 2384 2398 2426 2441 2504 2521 2608 2687 2693 2730 2873 2904 2938 2942 3049 3118 3155 3215 3238 3281 3303 3324 3334 3409 3460 3558 3618 3637 3720 3763 3794 3870 3914 3936 3961 4032 4113 4196 4270 4334 4338 4371 4500 4556 4635 4650 4687 4750 4760 4828 4876 4906 
S 12: 0 | 13 47 55 96 106 199 252 270 284 353 385 510 534 536 587 685 779 796 821 921 943 963 981 1014 1111 1157 1191 1218 1255 1257 1429 1452 1647 1681 1684 1767 1804 1834 1903 1938 1966 2052 2062 2149 2184 2220 2303 2339 2384 2398 2426 2441 2504 2521 2608 2687 2693 2730 2873 2904 2938 2942 3049 3118 3155 3215 3238 3281 3303 3324 3334 3409 3460 3558 3618 3637 3720 3763 3794 3870 3914 3936 3961 4032 4113 4196 4270 4334 4338 4371 4500 4556 4635 4650 4687 4750 4760 4828 4876 4906 
S 13: 0 | 13 47 55 96 106 199 252 270 284 353 385 510 534 536 587 685 779 796 821 921 943 963 981 1014 1111 1157 1191 1218 1255 1257 1429 1452 1647 1681 1684 1767 1804 1834 1903 1938 1966 2052 2062 2149 2184 2220 2303 2339 2384 2398 2426 2441 2504 2521 2608 2687 2693 2730 2873 2904 2938 2942 3049 3118 3155 3215 3238 3281 3303 3324 3334 3409 3460 3558 3618 3637 3720 3763 3794 3870 3914 3936 3961 4032 4113 4196 4270 4334 4338 4371 4500 4556 4635 4650 4687 4750 4760 4828 4876 4906 
S 14: 0 | 13 47 55 96 106 199 252 270 284 353 385 510 534 536 587 685 779 796 821 921 943 963 981 1014 1111 1157 1191 1218 1255 1257 1429 1452 1647 1681 1684 1767 1804 1834 1903 1938 1966 2052 2062 2149 2184 2220 2303 2339 2384 2398 2426 2441 2504 2521 2608 2687 2693 2730 2873 2904 2938 2942 3049 3118 3155 3215 3238 3281 3303 3324 3334 3409 3460 3558 3618 3637 3720 3763 3794 3870 3914 3936 3961 4032 4113 4196 4270 4334 4338 4371 4500 4556 4635 4650 4687 4750 4760 4828 4876 4906 
S 15: 0 | 13 47 55 96 106 199 252 270 284 353 385 510 534 536 587 685 779 796 821 921 943 963 981 1014 1111 1157 1191 1218 1255 1257 1429 1452 1647 1681 1684 1767 1804 1834 1903 1938 1966 2052 2062 2149 2184 2220 2303 2339 2384 2398 2426 2441 2504 2521 2608 2687 2693 2730 2873 2904 2938 2942 3049 3118 3155 3215 3238 3281 3303 3324 3334 3409 3460 3558 3618 3637 3720 3763 3794 3870 3914 3936 3961 4032 4113 4196 4270 4334 4338 4371 4500 4556 4635 4650 4687 4750 4760 4828 4876 4906 
S 16: 0 | 13 47 55 96 106 199 252 270 284 353 385 510 534 536 587 685 779 796 821 921 943 963 981 1014 1111 1157 1191 1218 1255 1257 1429 1452 1647 1681 1684 1767 1804 1834 1903 1938 1966 2052 2062 2149 2184 2220 2303 2339 2384 2398 2426 2441 2504 2521 2608 2687 2693 2730 2873 2904 2938 2942 3049 3118 3155 3215 3238 3281 3303 3324 3334 3409 3460 3558 3618 3637 3720 3763 3794 3870 3914 3936 3961 4032 4113 4196 4270 4334 4338 4371 4500 4556 4635 4650 4687 4750 4760 4828 4876 4906 
S 17: 0 | 13 47 55 96 106 199 252 270 284 353 385 510 534 536 587 685 779 796 821 921 943 963 981 1014 1111 1157 1191 1218 1255 1257 1429 1452 1647 1681 1684 1767 1804 1834 1903 1938 1966 2052 2062 2149 2184 2220 2303 2339 2384 2398 2426 2441 2504 2521 2608 2687 2693 2730 2873 2904 2938 2942 3049 3118 3155 3215 3238 3281 3303 3324 3334 3409 3460 3558 3618 3637 3720 3763 3794 3870 3914 3936 3961 4032 4113 4196 4270 4334 4338 4371 4500 4556 4635 4650 4687 4750 4760 4828 4876 4906 
S 18: 0 | 13 47 55 96 106 199 252 270 284 353 385 510 534 536 587 685 779 796 821 921 943 963 981 1014 1111 1157 1191 1218 1255 1257 1429 1452 1647 1681 1684 1767 1804 1834 1903 1938 1966 2052 2062 2149 2184 2220 2303 2339 2384 2398 2426 2441 2504 2521 2608 2687 2693 2730 2873 2904 2938 2942 3049 3118 3155 3215 3238 3281 3303 3324 3334 3409 3460 3558 3618 3637 3720 3763 3794 3870 3914 3936 3961 4032 4113 4196 4270 4334 4338 4371 4500 4556 4635 4650 4687 4750 4760 4828 4876 4906 
S 19: 0 | 13 47 55 96 106 199 252 270 284 353 385 510 534 536 587 685 779 796 821 921 943 963 981 1014 1111 1157 1191 1218 1255 1257 1429 1452 1647 1681 1684 1767 1804 1834 1903 1938 1966 2052 2062 2149 2184 2220 2303 2339 2384 2398 2426 2441 2504 2521 2608 2687 2693 2730 2873 2904 2938 2942 3049 3118 3155 3215 3238 3281 3303 3324 3334 3409 3460 3558 3618 3637 3720 3763 3794 3870 3914 3936 3961 4032 4113 4196 4270 4334 4338 4371 4500 4556 4635 4650 4687 4750 4760 4828 4876 4906 
ALL EQUAL

Final time = 4488.63
Final solution cost = 22307
