Reading instance small_stp_instances/kroB150_10_10.stp of type D
Finished instance reading
Number of vertices = 150
Number of edges (resources) = 11175
Number of scenarios = 10
Average number of terminals per scenario = 150
Probabilities of Scenarios: (0) 0.1 | (1) 0.04 | (2) 0.02 | (3) 0.13 | (4) 0.05 | (5) 0.23 | (6) 0.15 | (7) 0.1 | (8) 0.17 | (9) 0.01 | 
Average weighted inflation = 0.499771
Largest inflation = 0.99974
MAX_ITERATIONS_SINCE_LAST_IMPROVEMENT 2
MAX_ITERATIONS_SINCE_BEST_SOLUTION 3
Creating solution instance.
Starting Evolutive Framework.
Local search solution cost = 27224.2
Local search time = 7301.05
7301.05 local search - EF main loop cycle 0 solution cost 27224.2
7301.21s Cost of SP solution after second stage solver 27224.2
Local search solution cost = 27049
Local search time = 574.967
7876.17 local search - EF main loop cycle 1 solution cost 27049
7876.2s Cost of SP solution after second stage solver 27049
Local search solution cost = 27049
Local search time = 556.619
8432.82 local search - EF main loop cycle 2 solution cost 27049
8432.84s Cost of SP solution after second stage solver 27049
Local search solution cost = 27049
Local search time = 556.907
8989.75 local search - EF main loop cycle 3 solution cost 27049
8989.77s Cost of SP solution after second stage solver 27049
Number of cycles 4
Time for each cycle 2247.44
8989.79s Cost of SP solution after tail step 27049
SELECTED RESOURCES:
87 103 232 292 306 339 395 426 488 552 562 608 638 730 740 752 839 865 978 1001 1065 1145 1285 1326 1383 1472 1477 1527 1575 1693 1714 1795 1934 1941 1972 2123 2127 2175 2209 2240 2245 2280 2452 2558 2684 2722 2934 3015 3157 3204 3246 3317 3382 3413 3486 3512 3574 3868 3949 4080 4104 4113 4234 4368 4420 4551 4713 4883 4924 4977 5037 5072 5119 5198 5332 5374 5454 5467 5476 5835 5949 5964 6064 6112 6126 6323 6417 6517 6547 6558 6594 6693 6844 6858 6958 6973 7036 7057 7250 7280 7348 7474 7475 7574 7588 7654 7671 7821 7857 7925 8084 8103 8203 8362 8513 8546 8695 8728 8831 8852 8926 9125 9141 9232 9296 9377 9428 9573 9583 9650 9659 9828 9930 10001 10103 10151 10239 10249 10404 10409 10566 10574 10649 10714 10818 10828 10883 10981 11077 11121 
SCENARIO'S RESOURCES:
S 0: 0 | 87 103 232 292 306 339 395 426 488 552 562 608 638 730 740 752 839 865 978 1001 1065 1145 1285 1326 1383 1472 1477 1527 1575 1693 1714 1795 1934 1941 1972 2123 2127 2175 2209 2240 2245 2280 2452 2558 2684 2722 2934 3015 3157 3204 3246 3317 3382 3413 3486 3512 3574 3868 3949 4080 4104 4113 4234 4368 4420 4551 4713 4883 4924 4977 5037 5072 5119 5198 5332 5374 5454 5467 5476 5835 5949 5964 6064 6112 6126 6323 6417 6517 6547 6558 6594 6693 6844 6858 6958 6973 7036 7057 7250 7280 7348 7474 7475 7574 7588 7654 7671 7821 7857 7925 8084 8103 8203 8362 8513 8546 8695 8728 8831 8852 8926 9125 9141 9232 9296 9377 9428 9573 9583 9650 9659 9828 9930 10001 10103 10151 10239 10249 10404 10409 10566 10574 10649 10714 10818 10828 10883 10981 11077 11121 
S 1: 0 | 87 103 232 292 306 339 395 426 488 552 562 608 638 730 740 752 839 865 978 1001 1065 1145 1285 1326 1383 1472 1477 1527 1575 1693 1714 1795 1934 1941 1972 2123 2127 2175 2209 2240 2245 2280 2452 2558 2684 2722 2934 3015 3157 3204 3246 3317 3382 3413 3486 3512 3574 3868 3949 4080 4104 4113 4234 4368 4420 4551 4713 4883 4924 4977 5037 5072 5119 5198 5332 5374 5454 5467 5476 5835 5949 5964 6064 6112 6126 6323 6417 6517 6547 6558 6594 6693 6844 6858 6958 6973 7036 7057 7250 7280 7348 7474 7475 7574 7588 7654 7671 7821 7857 7925 8084 8103 8203 8362 8513 8546 8695 8728 8831 8852 8926 9125 9141 9232 9296 9377 9428 9573 9583 9650 9659 9828 9930 10001 10103 10151 10239 10249 10404 10409 10566 10574 10649 10714 10818 10828 10883 10981 11077 11121 
S 2: 0 | 87 103 232 292 306 339 395 426 488 552 562 608 638 730 740 752 839 865 978 1001 1065 1145 1285 1326 1383 1472 1477 1527 1575 1693 1714 1795 1934 1941 1972 2123 2127 2175 2209 2240 2245 2280 2452 2558 2684 2722 2934 3015 3157 3204 3246 3317 3382 3413 3486 3512 3574 3868 3949 4080 4104 4113 4234 4368 4420 4551 4713 4883 4924 4977 5037 5072 5119 5198 5332 5374 5454 5467 5476 5835 5949 5964 6064 6112 6126 6323 6417 6517 6547 6558 6594 6693 6844 6858 6958 6973 7036 7057 7250 7280 7348 7474 7475 7574 7588 7654 7671 7821 7857 7925 8084 8103 8203 8362 8513 8546 8695 8728 8831 8852 8926 9125 9141 9232 9296 9377 9428 9573 9583 9650 9659 9828 9930 10001 10103 10151 10239 10249 10404 10409 10566 10574 10649 10714 10818 10828 10883 10981 11077 11121 
S 3: 0 | 87 103 232 292 306 339 395 426 488 552 562 608 638 730 740 752 839 865 978 1001 1065 1145 1285 1326 1383 1472 1477 1527 1575 1693 1714 1795 1934 1941 1972 2123 2127 2175 2209 2240 2245 2280 2452 2558 2684 2722 2934 3015 3157 3204 3246 3317 3382 3413 3486 3512 3574 3868 3949 4080 4104 4113 4234 4368 4420 4551 4713 4883 4924 4977 5037 5072 5119 5198 5332 5374 5454 5467 5476 5835 5949 5964 6064 6112 6126 6323 6417 6517 6547 6558 6594 6693 6844 6858 6958 6973 7036 7057 7250 7280 7348 7474 7475 7574 7588 7654 7671 7821 7857 7925 8084 8103 8203 8362 8513 8546 8695 8728 8831 8852 8926 9125 9141 9232 9296 9377 9428 9573 9583 9650 9659 9828 9930 10001 10103 10151 10239 10249 10404 10409 10566 10574 10649 10714 10818 10828 10883 10981 11077 11121 
S 4: 0 | 87 103 232 292 306 339 395 426 488 552 562 608 638 730 740 752 839 865 978 1001 1065 1145 1285 1326 1383 1472 1477 1527 1575 1693 1714 1795 1934 1941 1972 2123 2127 2175 2209 2240 2245 2280 2452 2558 2684 2722 2934 3015 3157 3204 3246 3317 3382 3413 3486 3512 3574 3868 3949 4080 4104 4113 4234 4368 4420 4551 4713 4883 4924 4977 5037 5072 5119 5198 5332 5374 5454 5467 5476 5835 5949 5964 6064 6112 6126 6323 6417 6517 6547 6558 6594 6693 6844 6858 6958 6973 7036 7057 7250 7280 7348 7474 7475 7574 7588 7654 7671 7821 7857 7925 8084 8103 8203 8362 8513 8546 8695 8728 8831 8852 8926 9125 9141 9232 9296 9377 9428 9573 9583 9650 9659 9828 9930 10001 10103 10151 10239 10249 10404 10409 10566 10574 10649 10714 10818 10828 10883 10981 11077 11121 
S 5: 0 | 87 103 232 292 306 339 395 426 488 552 562 608 638 730 740 752 839 865 978 1001 1065 1145 1285 1326 1383 1472 1477 1527 1575 1693 1714 1795 1934 1941 1972 2123 2127 2175 2209 2240 2245 2280 2452 2558 2684 2722 2934 3015 3157 3204 3246 3317 3382 3413 3486 3512 3574 3868 3949 4080 4104 4113 4234 4368 4420 4551 4713 4883 4924 4977 5037 5072 5119 5198 5332 5374 5454 5467 5476 5835 5949 5964 6064 6112 6126 6323 6417 6517 6547 6558 6594 6693 6844 6858 6958 6973 7036 7057 7250 7280 7348 7474 7475 7574 7588 7654 7671 7821 7857 7925 8084 8103 8203 8362 8513 8546 8695 8728 8831 8852 8926 9125 9141 9232 9296 9377 9428 9573 9583 9650 9659 9828 9930 10001 10103 10151 10239 10249 10404 10409 10566 10574 10649 10714 10818 10828 10883 10981 11077 11121 
S 6: 0 | 87 103 232 292 306 339 395 426 488 552 562 608 638 730 740 752 839 865 978 1001 1065 1145 1285 1326 1383 1472 1477 1527 1575 1693 1714 1795 1934 1941 1972 2123 2127 2175 2209 2240 2245 2280 2452 2558 2684 2722 2934 3015 3157 3204 3246 3317 3382 3413 3486 3512 3574 3868 3949 4080 4104 4113 4234 4368 4420 4551 4713 4883 4924 4977 5037 5072 5119 5198 5332 5374 5454 5467 5476 5835 5949 5964 6064 6112 6126 6323 6417 6517 6547 6558 6594 6693 6844 6858 6958 6973 7036 7057 7250 7280 7348 7474 7475 7574 7588 7654 7671 7821 7857 7925 8084 8103 8203 8362 8513 8546 8695 8728 8831 8852 8926 9125 9141 9232 9296 9377 9428 9573 9583 9650 9659 9828 9930 10001 10103 10151 10239 10249 10404 10409 10566 10574 10649 10714 10818 10828 10883 10981 11077 11121 
S 7: 0 | 87 103 232 292 306 339 395 426 488 552 562 608 638 730 740 752 839 865 978 1001 1065 1145 1285 1326 1383 1472 1477 1527 1575 1693 1714 1795 1934 1941 1972 2123 2127 2175 2209 2240 2245 2280 2452 2558 2684 2722 2934 3015 3157 3204 3246 3317 3382 3413 3486 3512 3574 3868 3949 4080 4104 4113 4234 4368 4420 4551 4713 4883 4924 4977 5037 5072 5119 5198 5332 5374 5454 5467 5476 5835 5949 5964 6064 6112 6126 6323 6417 6517 6547 6558 6594 6693 6844 6858 6958 6973 7036 7057 7250 7280 7348 7474 7475 7574 7588 7654 7671 7821 7857 7925 8084 8103 8203 8362 8513 8546 8695 8728 8831 8852 8926 9125 9141 9232 9296 9377 9428 9573 9583 9650 9659 9828 9930 10001 10103 10151 10239 10249 10404 10409 10566 10574 10649 10714 10818 10828 10883 10981 11077 11121 
S 8: 0 | 87 103 232 292 306 339 395 426 488 552 562 608 638 730 740 752 839 865 978 1001 1065 1145 1285 1326 1383 1472 1477 1527 1575 1693 1714 1795 1934 1941 1972 2123 2127 2175 2209 2240 2245 2280 2452 2558 2684 2722 2934 3015 3157 3204 3246 3317 3382 3413 3486 3512 3574 3868 3949 4080 4104 4113 4234 4368 4420 4551 4713 4883 4924 4977 5037 5072 5119 5198 5332 5374 5454 5467 5476 5835 5949 5964 6064 6112 6126 6323 6417 6517 6547 6558 6594 6693 6844 6858 6958 6973 7036 7057 7250 7280 7348 7474 7475 7574 7588 7654 7671 7821 7857 7925 8084 8103 8203 8362 8513 8546 8695 8728 8831 8852 8926 9125 9141 9232 9296 9377 9428 9573 9583 9650 9659 9828 9930 10001 10103 10151 10239 10249 10404 10409 10566 10574 10649 10714 10818 10828 10883 10981 11077 11121 
S 9: 0 | 87 103 232 292 306 339 395 426 488 552 562 608 638 730 740 752 839 865 978 1001 1065 1145 1285 1326 1383 1472 1477 1527 1575 1693 1714 1795 1934 1941 1972 2123 2127 2175 2209 2240 2245 2280 2452 2558 2684 2722 2934 3015 3157 3204 3246 3317 3382 3413 3486 3512 3574 3868 3949 4080 4104 4113 4234 4368 4420 4551 4713 4883 4924 4977 5037 5072 5119 5198 5332 5374 5454 5467 5476 5835 5949 5964 6064 6112 6126 6323 6417 6517 6547 6558 6594 6693 6844 6858 6958 6973 7036 7057 7250 7280 7348 7474 7475 7574 7588 7654 7671 7821 7857 7925 8084 8103 8203 8362 8513 8546 8695 8728 8831 8852 8926 9125 9141 9232 9296 9377 9428 9573 9583 9650 9659 9828 9930 10001 10103 10151 10239 10249 10404 10409 10566 10574 10649 10714 10818 10828 10883 10981 11077 11121 
ALL EQUAL

Final time = 8989.84
Final solution cost = 27049
