Reading instance small_stp_instances/kroB100_20_10.stp of type D
Finished instance reading
Number of vertices = 100
Number of edges (resources) = 4950
Number of scenarios = 20
Average number of terminals per scenario = 100
Probabilities of Scenarios: (0) 0 | (1) 0.09 | (2) 0.06 | (3) 0 | (4) 0.07 | (5) 0.08 | (6) 0.04 | (7) 0.06 | (8) 0.07 | (9) 0.01 | (10) 0.01 | (11) 0.09 | (12) 0.09 | (13) 0.03 | (14) 0.03 | (15) 0.03 | (16) 0.04 | (17) 0.06 | (18) 0.05 | (19) 0.09 | 
Average weighted inflation = 0.500524
Largest inflation = 0.999745
MAX_ITERATIONS_SINCE_LAST_IMPROVEMENT 2
MAX_ITERATIONS_SINCE_BEST_SOLUTION 3
Creating solution instance.
Starting Evolutive Framework.
Local search solution cost = 23031.3
Local search time = 4165.02
4165.02 local search - EF main loop cycle 0 solution cost 23031.3
4165.08s Cost of SP solution after second stage solver 23031.3
Local search solution cost = 22763
Local search time = 259.864
4424.95 local search - EF main loop cycle 1 solution cost 22763
4424.97s Cost of SP solution after second stage solver 22763
Local search solution cost = 22763
Local search time = 259.726
4684.69 local search - EF main loop cycle 2 solution cost 22763
4684.72s Cost of SP solution after second stage solver 22763
Local search solution cost = 22763
Local search time = 259.785
4944.5 local search - EF main loop cycle 3 solution cost 22763
4944.52s Cost of SP solution after second stage solver 22763
Number of cycles 4
Time for each cycle 1236.13
4944.54s Cost of SP solution after tail step 22763
SELECTED RESOURCES:
13 47 67 96 106 199 252 270 284 333 353 385 510 534 685 779 796 833 835 921 943 963 981 1014 1027 1157 1255 1257 1317 1414 1452 1480 1573 1647 1681 1684 1796 1804 1834 1921 1938 1966 2062 2139 2149 2184 2220 2303 2339 2384 2398 2426 2446 2521 2549 2608 2687 2730 2873 2899 2938 2942 3049 3100 3155 3215 3238 3287 3303 3324 3386 3409 3460 3558 3618 3637 3728 3763 3794 3870 3914 3916 3936 4032 4113 4196 4270 4312 4334 4371 4500 4556 4635 4650 4667 4750 4760 4828 4876 4906 
SCENARIO'S RESOURCES:
S 0: 0 | 13 47 67 96 106 199 252 270 284 333 353 385 510 534 685 779 796 833 835 921 943 963 981 1014 1027 1157 1255 1257 1317 1414 1452 1480 1573 1647 1681 1684 1796 1804 1834 1921 1938 1966 2062 2139 2149 2184 2220 2303 2339 2384 2398 2426 2446 2521 2549 2608 2687 2730 2873 2899 2938 2942 3049 3100 3155 3215 3238 3287 3303 3324 3386 3409 3460 3558 3618 3637 3728 3763 3794 3870 3914 3916 3936 4032 4113 4196 4270 4312 4334 4371 4500 4556 4635 4650 4667 4750 4760 4828 4876 4906 
S 1: 0 | 13 47 67 96 106 199 252 270 284 333 353 385 510 534 685 779 796 833 835 921 943 963 981 1014 1027 1157 1255 1257 1317 1414 1452 1480 1573 1647 1681 1684 1796 1804 1834 1921 1938 1966 2062 2139 2149 2184 2220 2303 2339 2384 2398 2426 2446 2521 2549 2608 2687 2730 2873 2899 2938 2942 3049 3100 3155 3215 3238 3287 3303 3324 3386 3409 3460 3558 3618 3637 3728 3763 3794 3870 3914 3916 3936 4032 4113 4196 4270 4312 4334 4371 4500 4556 4635 4650 4667 4750 4760 4828 4876 4906 
S 2: 0 | 13 47 67 96 106 199 252 270 284 333 353 385 510 534 685 779 796 833 835 921 943 963 981 1014 1027 1157 1255 1257 1317 1414 1452 1480 1573 1647 1681 1684 1796 1804 1834 1921 1938 1966 2062 2139 2149 2184 2220 2303 2339 2384 2398 2426 2446 2521 2549 2608 2687 2730 2873 2899 2938 2942 3049 3100 3155 3215 3238 3287 3303 3324 3386 3409 3460 3558 3618 3637 3728 3763 3794 3870 3914 3916 3936 4032 4113 4196 4270 4312 4334 4371 4500 4556 4635 4650 4667 4750 4760 4828 4876 4906 
S 3: 0 | 13 47 67 96 106 199 252 270 284 333 353 385 510 534 685 779 796 833 835 921 943 963 981 1014 1027 1157 1255 1257 1317 1414 1452 1480 1573 1647 1681 1684 1796 1804 1834 1921 1938 1966 2062 2139 2149 2184 2220 2303 2339 2384 2398 2426 2446 2521 2549 2608 2687 2730 2873 2899 2938 2942 3049 3100 3155 3215 3238 3287 3303 3324 3386 3409 3460 3558 3618 3637 3728 3763 3794 3870 3914 3916 3936 4032 4113 4196 4270 4312 4334 4371 4500 4556 4635 4650 4667 4750 4760 4828 4876 4906 
S 4: 0 | 13 47 67 96 106 199 252 270 284 333 353 385 510 534 685 779 796 833 835 921 943 963 981 1014 1027 1157 1255 1257 1317 1414 1452 1480 1573 1647 1681 1684 1796 1804 1834 1921 1938 1966 2062 2139 2149 2184 2220 2303 2339 2384 2398 2426 2446 2521 2549 2608 2687 2730 2873 2899 2938 2942 3049 3100 3155 3215 3238 3287 3303 3324 3386 3409 3460 3558 3618 3637 3728 3763 3794 3870 3914 3916 3936 4032 4113 4196 4270 4312 4334 4371 4500 4556 4635 4650 4667 4750 4760 4828 4876 4906 
S 5: 0 | 13 47 67 96 106 199 252 270 284 333 353 385 510 534 685 779 796 833 835 921 943 963 981 1014 1027 1157 1255 1257 1317 1414 1452 1480 1573 1647 1681 1684 1796 1804 1834 1921 1938 1966 2062 2139 2149 2184 2220 2303 2339 2384 2398 2426 2446 2521 2549 2608 2687 2730 2873 2899 2938 2942 3049 3100 3155 3215 3238 3287 3303 3324 3386 3409 3460 3558 3618 3637 3728 3763 3794 3870 3914 3916 3936 4032 4113 4196 4270 4312 4334 4371 4500 4556 4635 4650 4667 4750 4760 4828 4876 4906 
S 6: 0 | 13 47 67 96 106 199 252 270 284 333 353 385 510 534 685 779 796 833 835 921 943 963 981 1014 1027 1157 1255 1257 1317 1414 1452 1480 1573 1647 1681 1684 1796 1804 1834 1921 1938 1966 2062 2139 2149 2184 2220 2303 2339 2384 2398 2426 2446 2521 2549 2608 2687 2730 2873 2899 2938 2942 3049 3100 3155 3215 3238 3287 3303 3324 3386 3409 3460 3558 3618 3637 3728 3763 3794 3870 3914 3916 3936 4032 4113 4196 4270 4312 4334 4371 4500 4556 4635 4650 4667 4750 4760 4828 4876 4906 
S 7: 0 | 13 47 67 96 106 199 252 270 284 333 353 385 510 534 685 779 796 833 835 921 943 963 981 1014 1027 1157 1255 1257 1317 1414 1452 1480 1573 1647 1681 1684 1796 1804 1834 1921 1938 1966 2062 2139 2149 2184 2220 2303 2339 2384 2398 2426 2446 2521 2549 2608 2687 2730 2873 2899 2938 2942 3049 3100 3155 3215 3238 3287 3303 3324 3386 3409 3460 3558 3618 3637 3728 3763 3794 3870 3914 3916 3936 4032 4113 4196 4270 4312 4334 4371 4500 4556 4635 4650 4667 4750 4760 4828 4876 4906 
S 8: 0 | 13 47 67 96 106 199 252 270 284 333 353 385 510 534 685 779 796 833 835 921 943 963 981 1014 1027 1157 1255 1257 1317 1414 1452 1480 1573 1647 1681 1684 1796 1804 1834 1921 1938 1966 2062 2139 2149 2184 2220 2303 2339 2384 2398 2426 2446 2521 2549 2608 2687 2730 2873 2899 2938 2942 3049 3100 3155 3215 3238 3287 3303 3324 3386 3409 3460 3558 3618 3637 3728 3763 3794 3870 3914 3916 3936 4032 4113 4196 4270 4312 4334 4371 4500 4556 4635 4650 4667 4750 4760 4828 4876 4906 
S 9: 0 | 13 47 67 96 106 199 252 270 284 333 353 385 510 534 685 779 796 833 835 921 943 963 981 1014 1027 1157 1255 1257 1317 1414 1452 1480 1573 1647 1681 1684 1796 1804 1834 1921 1938 1966 2062 2139 2149 2184 2220 2303 2339 2384 2398 2426 2446 2521 2549 2608 2687 2730 2873 2899 2938 2942 3049 3100 3155 3215 3238 3287 3303 3324 3386 3409 3460 3558 3618 3637 3728 3763 3794 3870 3914 3916 3936 4032 4113 4196 4270 4312 4334 4371 4500 4556 4635 4650 4667 4750 4760 4828 4876 4906 
S 10: 0 | 13 47 67 96 106 199 252 270 284 333 353 385 510 534 685 779 796 833 835 921 943 963 981 1014 1027 1157 1255 1257 1317 1414 1452 1480 1573 1647 1681 1684 1796 1804 1834 1921 1938 1966 2062 2139 2149 2184 2220 2303 2339 2384 2398 2426 2446 2521 2549 2608 2687 2730 2873 2899 2938 2942 3049 3100 3155 3215 3238 3287 3303 3324 3386 3409 3460 3558 3618 3637 3728 3763 3794 3870 3914 3916 3936 4032 4113 4196 4270 4312 4334 4371 4500 4556 4635 4650 4667 4750 4760 4828 4876 4906 
S 11: 0 | 13 47 67 96 106 199 252 270 284 333 353 385 510 534 685 779 796 833 835 921 943 963 981 1014 1027 1157 1255 1257 1317 1414 1452 1480 1573 1647 1681 1684 1796 1804 1834 1921 1938 1966 2062 2139 2149 2184 2220 2303 2339 2384 2398 2426 2446 2521 2549 2608 2687 2730 2873 2899 2938 2942 3049 3100 3155 3215 3238 3287 3303 3324 3386 3409 3460 3558 3618 3637 3728 3763 3794 3870 3914 3916 3936 4032 4113 4196 4270 4312 4334 4371 4500 4556 4635 4650 4667 4750 4760 4828 4876 4906 
S 12: 0 | 13 47 67 96 106 199 252 270 284 333 353 385 510 534 685 779 796 833 835 921 943 963 981 1014 1027 1157 1255 1257 1317 1414 1452 1480 1573 1647 1681 1684 1796 1804 1834 1921 1938 1966 2062 2139 2149 2184 2220 2303 2339 2384 2398 2426 2446 2521 2549 2608 2687 2730 2873 2899 2938 2942 3049 3100 3155 3215 3238 3287 3303 3324 3386 3409 3460 3558 3618 3637 3728 3763 3794 3870 3914 3916 3936 4032 4113 4196 4270 4312 4334 4371 4500 4556 4635 4650 4667 4750 4760 4828 4876 4906 
S 13: 0 | 13 47 67 96 106 199 252 270 284 333 353 385 510 534 685 779 796 833 835 921 943 963 981 1014 1027 1157 1255 1257 1317 1414 1452 1480 1573 1647 1681 1684 1796 1804 1834 1921 1938 1966 2062 2139 2149 2184 2220 2303 2339 2384 2398 2426 2446 2521 2549 2608 2687 2730 2873 2899 2938 2942 3049 3100 3155 3215 3238 3287 3303 3324 3386 3409 3460 3558 3618 3637 3728 3763 3794 3870 3914 3916 3936 4032 4113 4196 4270 4312 4334 4371 4500 4556 4635 4650 4667 4750 4760 4828 4876 4906 
S 14: 0 | 13 47 67 96 106 199 252 270 284 333 353 385 510 534 685 779 796 833 835 921 943 963 981 1014 1027 1157 1255 1257 1317 1414 1452 1480 1573 1647 1681 1684 1796 1804 1834 1921 1938 1966 2062 2139 2149 2184 2220 2303 2339 2384 2398 2426 2446 2521 2549 2608 2687 2730 2873 2899 2938 2942 3049 3100 3155 3215 3238 3287 3303 3324 3386 3409 3460 3558 3618 3637 3728 3763 3794 3870 3914 3916 3936 4032 4113 4196 4270 4312 4334 4371 4500 4556 4635 4650 4667 4750 4760 4828 4876 4906 
S 15: 0 | 13 47 67 96 106 199 252 270 284 333 353 385 510 534 685 779 796 833 835 921 943 963 981 1014 1027 1157 1255 1257 1317 1414 1452 1480 1573 1647 1681 1684 1796 1804 1834 1921 1938 1966 2062 2139 2149 2184 2220 2303 2339 2384 2398 2426 2446 2521 2549 2608 2687 2730 2873 2899 2938 2942 3049 3100 3155 3215 3238 3287 3303 3324 3386 3409 3460 3558 3618 3637 3728 3763 3794 3870 3914 3916 3936 4032 4113 4196 4270 4312 4334 4371 4500 4556 4635 4650 4667 4750 4760 4828 4876 4906 
S 16: 0 | 13 47 67 96 106 199 252 270 284 333 353 385 510 534 685 779 796 833 835 921 943 963 981 1014 1027 1157 1255 1257 1317 1414 1452 1480 1573 1647 1681 1684 1796 1804 1834 1921 1938 1966 2062 2139 2149 2184 2220 2303 2339 2384 2398 2426 2446 2521 2549 2608 2687 2730 2873 2899 2938 2942 3049 3100 3155 3215 3238 3287 3303 3324 3386 3409 3460 3558 3618 3637 3728 3763 3794 3870 3914 3916 3936 4032 4113 4196 4270 4312 4334 4371 4500 4556 4635 4650 4667 4750 4760 4828 4876 4906 
S 17: 0 | 13 47 67 96 106 199 252 270 284 333 353 385 510 534 685 779 796 833 835 921 943 963 981 1014 1027 1157 1255 1257 1317 1414 1452 1480 1573 1647 1681 1684 1796 1804 1834 1921 1938 1966 2062 2139 2149 2184 2220 2303 2339 2384 2398 2426 2446 2521 2549 2608 2687 2730 2873 2899 2938 2942 3049 3100 3155 3215 3238 3287 3303 3324 3386 3409 3460 3558 3618 3637 3728 3763 3794 3870 3914 3916 3936 4032 4113 4196 4270 4312 4334 4371 4500 4556 4635 4650 4667 4750 4760 4828 4876 4906 
S 18: 0 | 13 47 67 96 106 199 252 270 284 333 353 385 510 534 685 779 796 833 835 921 943 963 981 1014 1027 1157 1255 1257 1317 1414 1452 1480 1573 1647 1681 1684 1796 1804 1834 1921 1938 1966 2062 2139 2149 2184 2220 2303 2339 2384 2398 2426 2446 2521 2549 2608 2687 2730 2873 2899 2938 2942 3049 3100 3155 3215 3238 3287 3303 3324 3386 3409 3460 3558 3618 3637 3728 3763 3794 3870 3914 3916 3936 4032 4113 4196 4270 4312 4334 4371 4500 4556 4635 4650 4667 4750 4760 4828 4876 4906 
S 19: 0 | 13 47 67 96 106 199 252 270 284 333 353 385 510 534 685 779 796 833 835 921 943 963 981 1014 1027 1157 1255 1257 1317 1414 1452 1480 1573 1647 1681 1684 1796 1804 1834 1921 1938 1966 2062 2139 2149 2184 2220 2303 2339 2384 2398 2426 2446 2521 2549 2608 2687 2730 2873 2899 2938 2942 3049 3100 3155 3215 3238 3287 3303 3324 3386 3409 3460 3558 3618 3637 3728 3763 3794 3870 3914 3916 3936 4032 4113 4196 4270 4312 4334 4371 4500 4556 4635 4650 4667 4750 4760 4828 4876 4906 
ALL EQUAL

Final time = 4944.59
Final solution cost = 22763
