Reading instance small_stp_instances/kroB100_5_10.stp of type D
Finished instance reading
Number of vertices = 100
Number of edges (resources) = 4950
Number of scenarios = 5
Average number of terminals per scenario = 100
Probabilities of Scenarios: (0) 0.03 | (1) 0.15 | (2) 0.29 | (3) 0.35 | (4) 0.18 | 
Average weighted inflation = 0.496721
Largest inflation = 0.99961
MAX_ITERATIONS_SINCE_LAST_IMPROVEMENT 2
MAX_ITERATIONS_SINCE_BEST_SOLUTION 3
Creating solution instance.
Starting Evolutive Framework.
Local search solution cost = 24026.6
Local search time = 1066.26
1066.26 local search - EF main loop cycle 0 solution cost 24026.6
1066.32s Cost of SP solution after second stage solver 24026.6
Local search solution cost = 23185.2
Local search time = 70.8343
1137.16 local search - EF main loop cycle 1 solution cost 23185.2
1137.16s Cost of SP solution after second stage solver 23185.2
Local search solution cost = 23141
Local search time = 64.971
1202.13 local search - EF main loop cycle 2 solution cost 23141
1202.14s Cost of SP solution after second stage solver 23141
Local search solution cost = 23141
Local search time = 64.9976
1267.14 local search - EF main loop cycle 3 solution cost 23141
1267.14s Cost of SP solution after second stage solver 23141
Local search solution cost = 23141
Local search time = 64.9667
1332.11 local search - EF main loop cycle 4 solution cost 23141
1332.12s Cost of SP solution after second stage solver 23141
Number of cycles 5
Time for each cycle 266.423
1332.12s Cost of SP solution after tail step 23141
SELECTED RESOURCES:
13 47 96 106 190 252 270 333 353 385 510 534 587 685 779 796 821 833 921 938 963 981 998 1014 1071 1111 1165 1218 1255 1429 1452 1454 1510 1573 1602 1681 1684 1804 1834 1903 1938 1966 2045 2149 2184 2220 2287 2303 2384 2398 2426 2439 2521 2536 2608 2687 2693 2730 2865 2899 2938 2942 3067 3100 3155 3206 3238 3272 3290 3324 3384 3460 3462 3558 3618 3637 3720 3763 3794 3870 3914 3927 3936 4032 4135 4196 4270 4334 4338 4371 4483 4556 4635 4650 4687 4750 4760 4828 4906 4912 
SCENARIO'S RESOURCES:
S 0: 0 | 13 47 96 106 190 252 270 333 353 385 510 534 587 685 779 796 821 833 921 938 963 981 998 1014 1071 1111 1165 1218 1255 1429 1452 1454 1510 1573 1602 1681 1684 1804 1834 1903 1938 1966 2045 2149 2184 2220 2287 2303 2384 2398 2426 2439 2521 2536 2608 2687 2693 2730 2865 2899 2938 2942 3067 3100 3155 3206 3238 3272 3290 3324 3384 3460 3462 3558 3618 3637 3720 3763 3794 3870 3914 3927 3936 4032 4135 4196 4270 4334 4338 4371 4483 4556 4635 4650 4687 4750 4760 4828 4906 4912 
S 1: 0 | 13 47 96 106 190 252 270 333 353 385 510 534 587 685 779 796 821 833 921 938 963 981 998 1014 1071 1111 1165 1218 1255 1429 1452 1454 1510 1573 1602 1681 1684 1804 1834 1903 1938 1966 2045 2149 2184 2220 2287 2303 2384 2398 2426 2439 2521 2536 2608 2687 2693 2730 2865 2899 2938 2942 3067 3100 3155 3206 3238 3272 3290 3324 3384 3460 3462 3558 3618 3637 3720 3763 3794 3870 3914 3927 3936 4032 4135 4196 4270 4334 4338 4371 4483 4556 4635 4650 4687 4750 4760 4828 4906 4912 
S 2: 0 | 13 47 96 106 190 252 270 333 353 385 510 534 587 685 779 796 821 833 921 938 963 981 998 1014 1071 1111 1165 1218 1255 1429 1452 1454 1510 1573 1602 1681 1684 1804 1834 1903 1938 1966 2045 2149 2184 2220 2287 2303 2384 2398 2426 2439 2521 2536 2608 2687 2693 2730 2865 2899 2938 2942 3067 3100 3155 3206 3238 3272 3290 3324 3384 3460 3462 3558 3618 3637 3720 3763 3794 3870 3914 3927 3936 4032 4135 4196 4270 4334 4338 4371 4483 4556 4635 4650 4687 4750 4760 4828 4906 4912 
S 3: 0 | 13 47 96 106 190 252 270 333 353 385 510 534 587 685 779 796 821 833 921 938 963 981 998 1014 1071 1111 1165 1218 1255 1429 1452 1454 1510 1573 1602 1681 1684 1804 1834 1903 1938 1966 2045 2149 2184 2220 2287 2303 2384 2398 2426 2439 2521 2536 2608 2687 2693 2730 2865 2899 2938 2942 3067 3100 3155 3206 3238 3272 3290 3324 3384 3460 3462 3558 3618 3637 3720 3763 3794 3870 3914 3927 3936 4032 4135 4196 4270 4334 4338 4371 4483 4556 4635 4650 4687 4750 4760 4828 4906 4912 
S 4: 0 | 13 47 96 106 190 252 270 333 353 385 510 534 587 685 779 796 821 833 921 938 963 981 998 1014 1071 1111 1165 1218 1255 1429 1452 1454 1510 1573 1602 1681 1684 1804 1834 1903 1938 1966 2045 2149 2184 2220 2287 2303 2384 2398 2426 2439 2521 2536 2608 2687 2693 2730 2865 2899 2938 2942 3067 3100 3155 3206 3238 3272 3290 3324 3384 3460 3462 3558 3618 3637 3720 3763 3794 3870 3914 3927 3936 4032 4135 4196 4270 4334 4338 4371 4483 4556 4635 4650 4687 4750 4760 4828 4906 4912 
ALL EQUAL

Final time = 1332.13
Final solution cost = 23141
