Reading instance small_stp_instances/kroB200_5_05.stp of type D
Finished instance reading
Number of vertices = 200
Number of edges (resources) = 19900
Number of scenarios = 5
Average number of terminals per scenario = 200
Probabilities of Scenarios: (0) 0.23 | (1) 0.38 | (2) 0.19 | (3) 0.11 | (4) 0.09 | 
Average weighted inflation = 0.249034
Largest inflation = 0.499805
MAX_ITERATIONS_SINCE_LAST_IMPROVEMENT 2
MAX_ITERATIONS_SINCE_BEST_SOLUTION 3
Creating solution instance.
Starting Evolutive Framework.
Local search solution cost = 29788.7
Local search time = 14165.8
14165.8 local search - EF main loop cycle 0 solution cost 29788.7
14165.9s Cost of SP solution after second stage solver 29788.7
Local search solution cost = 29638
Local search time = 817.87
14983.8 local search - EF main loop cycle 1 solution cost 29638
14983.8s Cost of SP solution after second stage solver 29638
Local search solution cost = 29638
Local search time = 814.58
15798.4 local search - EF main loop cycle 2 solution cost 29638
15798.4s Cost of SP solution after second stage solver 29638
Local search solution cost = 29638
Local search time = 815.357
16613.7 local search - EF main loop cycle 3 solution cost 29638
16613.8s Cost of SP solution after second stage solver 29638
Number of cycles 4
Time for each cycle 4153.44
16613.8s Cost of SP solution after tail step 29638
SELECTED RESOURCES:
13 47 96 106 252 284 385 536 611 685 779 981 1014 1111 1317 1546 1796 1804 1855 1921 1966 2062 2220 2521 2730 2769 2833 2873 2970 3100 3206 3272 3324 3409 3460 3558 3618 3728 3870 3916 3936 4196 4334 4371 4650 4687 4760 4849 4876 4906 5005 5093 5166 5307 5373 5432 5635 5662 5779 5927 5994 6062 6119 6294 6414 6512 6606 6709 6891 6994 6998 7062 7190 7221 7344 7352 7390 7582 7639 7745 7812 7998 8112 8155 8218 8299 8519 8711 8826 8929 9073 9120 9275 9401 9540 9696 9794 9942 9992 10207 10361 10460 10485 10617 10712 10771 10832 10930 10947 11094 11126 11193 11311 11362 11432 11499 11793 11858 11985 12220 12248 12273 12452 12704 12713 12731 12790 12897 13014 13094 13156 13252 13345 13425 13439 13637 13667 13726 13974 13993 14061 14085 14234 14248 14386 14452 14569 14691 14820 14844 14889 14972 15109 15217 15251 15542 15553 15706 15833 15865 16024 16106 16139 16243 16353 16372 16573 16610 16689 16793 16953 16994 17079 17217 17330 17469 17517 17688 17882 17954 18008 18108 18161 18185 18358 18439 18589 18659 18768 18876 19003 19100 19114 19176 19372 19375 19647 19680 19792 19830 
SCENARIO'S RESOURCES:
S 0: 0 | 13 47 96 106 252 284 385 536 611 685 779 981 1014 1111 1317 1546 1796 1804 1855 1921 1966 2062 2220 2521 2730 2769 2833 2873 2970 3100 3206 3272 3324 3409 3460 3558 3618 3728 3870 3916 3936 4196 4334 4371 4650 4687 4760 4849 4876 4906 5005 5093 5166 5307 5373 5432 5635 5662 5779 5927 5994 6062 6119 6294 6414 6512 6606 6709 6891 6994 6998 7062 7190 7221 7344 7352 7390 7582 7639 7745 7812 7998 8112 8155 8218 8299 8519 8711 8826 8929 9073 9120 9275 9401 9540 9696 9794 9942 9992 10207 10361 10460 10485 10617 10712 10771 10832 10930 10947 11094 11126 11193 11311 11362 11432 11499 11793 11858 11985 12220 12248 12273 12452 12704 12713 12731 12790 12897 13014 13094 13156 13252 13345 13425 13439 13637 13667 13726 13974 13993 14061 14085 14234 14248 14386 14452 14569 14691 14820 14844 14889 14972 15109 15217 15251 15542 15553 15706 15833 15865 16024 16106 16139 16243 16353 16372 16573 16610 16689 16793 16953 16994 17079 17217 17330 17469 17517 17688 17882 17954 18008 18108 18161 18185 18358 18439 18589 18659 18768 18876 19003 19100 19114 19176 19372 19375 19647 19680 19792 19830 
S 1: 0 | 13 47 96 106 252 284 385 536 611 685 779 981 1014 1111 1317 1546 1796 1804 1855 1921 1966 2062 2220 2521 2730 2769 2833 2873 2970 3100 3206 3272 3324 3409 3460 3558 3618 3728 3870 3916 3936 4196 4334 4371 4650 4687 4760 4849 4876 4906 5005 5093 5166 5307 5373 5432 5635 5662 5779 5927 5994 6062 6119 6294 6414 6512 6606 6709 6891 6994 6998 7062 7190 7221 7344 7352 7390 7582 7639 7745 7812 7998 8112 8155 8218 8299 8519 8711 8826 8929 9073 9120 9275 9401 9540 9696 9794 9942 9992 10207 10361 10460 10485 10617 10712 10771 10832 10930 10947 11094 11126 11193 11311 11362 11432 11499 11793 11858 11985 12220 12248 12273 12452 12704 12713 12731 12790 12897 13014 13094 13156 13252 13345 13425 13439 13637 13667 13726 13974 13993 14061 14085 14234 14248 14386 14452 14569 14691 14820 14844 14889 14972 15109 15217 15251 15542 15553 15706 15833 15865 16024 16106 16139 16243 16353 16372 16573 16610 16689 16793 16953 16994 17079 17217 17330 17469 17517 17688 17882 17954 18008 18108 18161 18185 18358 18439 18589 18659 18768 18876 19003 19100 19114 19176 19372 19375 19647 19680 19792 19830 
S 2: 0 | 13 47 96 106 252 284 385 536 611 685 779 981 1014 1111 1317 1546 1796 1804 1855 1921 1966 2062 2220 2521 2730 2769 2833 2873 2970 3100 3206 3272 3324 3409 3460 3558 3618 3728 3870 3916 3936 4196 4334 4371 4650 4687 4760 4849 4876 4906 5005 5093 5166 5307 5373 5432 5635 5662 5779 5927 5994 6062 6119 6294 6414 6512 6606 6709 6891 6994 6998 7062 7190 7221 7344 7352 7390 7582 7639 7745 7812 7998 8112 8155 8218 8299 8519 8711 8826 8929 9073 9120 9275 9401 9540 9696 9794 9942 9992 10207 10361 10460 10485 10617 10712 10771 10832 10930 10947 11094 11126 11193 11311 11362 11432 11499 11793 11858 11985 12220 12248 12273 12452 12704 12713 12731 12790 12897 13014 13094 13156 13252 13345 13425 13439 13637 13667 13726 13974 13993 14061 14085 14234 14248 14386 14452 14569 14691 14820 14844 14889 14972 15109 15217 15251 15542 15553 15706 15833 15865 16024 16106 16139 16243 16353 16372 16573 16610 16689 16793 16953 16994 17079 17217 17330 17469 17517 17688 17882 17954 18008 18108 18161 18185 18358 18439 18589 18659 18768 18876 19003 19100 19114 19176 19372 19375 19647 19680 19792 19830 
S 3: 0 | 13 47 96 106 252 284 385 536 611 685 779 981 1014 1111 1317 1546 1796 1804 1855 1921 1966 2062 2220 2521 2730 2769 2833 2873 2970 3100 3206 3272 3324 3409 3460 3558 3618 3728 3870 3916 3936 4196 4334 4371 4650 4687 4760 4849 4876 4906 5005 5093 5166 5307 5373 5432 5635 5662 5779 5927 5994 6062 6119 6294 6414 6512 6606 6709 6891 6994 6998 7062 7190 7221 7344 7352 7390 7582 7639 7745 7812 7998 8112 8155 8218 8299 8519 8711 8826 8929 9073 9120 9275 9401 9540 9696 9794 9942 9992 10207 10361 10460 10485 10617 10712 10771 10832 10930 10947 11094 11126 11193 11311 11362 11432 11499 11793 11858 11985 12220 12248 12273 12452 12704 12713 12731 12790 12897 13014 13094 13156 13252 13345 13425 13439 13637 13667 13726 13974 13993 14061 14085 14234 14248 14386 14452 14569 14691 14820 14844 14889 14972 15109 15217 15251 15542 15553 15706 15833 15865 16024 16106 16139 16243 16353 16372 16573 16610 16689 16793 16953 16994 17079 17217 17330 17469 17517 17688 17882 17954 18008 18108 18161 18185 18358 18439 18589 18659 18768 18876 19003 19100 19114 19176 19372 19375 19647 19680 19792 19830 
S 4: 0 | 13 47 96 106 252 284 385 536 611 685 779 981 1014 1111 1317 1546 1796 1804 1855 1921 1966 2062 2220 2521 2730 2769 2833 2873 2970 3100 3206 3272 3324 3409 3460 3558 3618 3728 3870 3916 3936 4196 4334 4371 4650 4687 4760 4849 4876 4906 5005 5093 5166 5307 5373 5432 5635 5662 5779 5927 5994 6062 6119 6294 6414 6512 6606 6709 6891 6994 6998 7062 7190 7221 7344 7352 7390 7582 7639 7745 7812 7998 8112 8155 8218 8299 8519 8711 8826 8929 9073 9120 9275 9401 9540 9696 9794 9942 9992 10207 10361 10460 10485 10617 10712 10771 10832 10930 10947 11094 11126 11193 11311 11362 11432 11499 11793 11858 11985 12220 12248 12273 12452 12704 12713 12731 12790 12897 13014 13094 13156 13252 13345 13425 13439 13637 13667 13726 13974 13993 14061 14085 14234 14248 14386 14452 14569 14691 14820 14844 14889 14972 15109 15217 15251 15542 15553 15706 15833 15865 16024 16106 16139 16243 16353 16372 16573 16610 16689 16793 16953 16994 17079 17217 17330 17469 17517 17688 17882 17954 18008 18108 18161 18185 18358 18439 18589 18659 18768 18876 19003 19100 19114 19176 19372 19375 19647 19680 19792 19830 
ALL EQUAL

Final time = 16613.8
Final solution cost = 29638
