Reading instance small_stp_instances/kroB150_10_05.stp of type D
Finished instance reading
Number of vertices = 150
Number of edges (resources) = 11175
Number of scenarios = 10
Average number of terminals per scenario = 150
Probabilities of Scenarios: (0) 0.17 | (1) 0.05 | (2) 0.18 | (3) 0.18 | (4) 0.05 | (5) 0.06 | (6) 0.05 | (7) 0.12 | (8) 0.11 | (9) 0.03 | 
Average weighted inflation = 0.250094
Largest inflation = 0.499851
MAX_ITERATIONS_SINCE_LAST_IMPROVEMENT 2
MAX_ITERATIONS_SINCE_BEST_SOLUTION 3
Creating solution instance.
Starting Evolutive Framework.
Local search solution cost = 26446.6
Local search time = 5130.53
5130.53 local search - EF main loop cycle 0 solution cost 26446.6
5130.56s Cost of SP solution after second stage solver 26446.6
Local search solution cost = 26392
Local search time = 563.531
5694.09 local search - EF main loop cycle 1 solution cost 26392
5694.11s Cost of SP solution after second stage solver 26392
Local search solution cost = 26392
Local search time = 563.904
6258.01 local search - EF main loop cycle 2 solution cost 26392
6258.04s Cost of SP solution after second stage solver 26392
Local search solution cost = 26392
Local search time = 563.772
6821.81 local search - EF main loop cycle 3 solution cost 26392
6821.83s Cost of SP solution after second stage solver 26392
Number of cycles 4
Time for each cycle 1705.46
6821.85s Cost of SP solution after tail step 26392
SELECTED RESOURCES:
232 292 306 339 395 426 562 604 638 730 740 752 839 865 978 1018 1065 1139 1145 1285 1326 1365 1383 1472 1477 1575 1629 1693 1795 1934 1941 1972 2123 2127 2175 2209 2240 2245 2280 2452 2558 2684 2722 2934 3015 3157 3204 3246 3317 3382 3392 3413 3486 3512 3574 3798 3868 3940 3949 4104 4113 4189 4368 4420 4461 4551 4883 4924 4977 5005 5072 5119 5198 5332 5374 5454 5467 5476 5579 5875 5949 5964 6064 6070 6112 6126 6323 6435 6517 6558 6614 6693 6701 6844 6858 6945 6958 7036 7057 7215 7280 7348 7474 7573 7574 7671 7862 7925 8084 8103 8250 8268 8362 8513 8546 8695 8731 8831 8852 8926 9125 9141 9203 9304 9377 9441 9573 9583 9650 9659 9743 9828 9930 10001 10024 10103 10239 10249 10404 10409 10566 10574 10649 10699 10818 10828 10883 10981 11077 11121 
SCENARIO'S RESOURCES:
S 0: 0 | 232 292 306 339 395 426 562 604 638 730 740 752 839 865 978 1018 1065 1139 1145 1285 1326 1365 1383 1472 1477 1575 1629 1693 1795 1934 1941 1972 2123 2127 2175 2209 2240 2245 2280 2452 2558 2684 2722 2934 3015 3157 3204 3246 3317 3382 3392 3413 3486 3512 3574 3798 3868 3940 3949 4104 4113 4189 4368 4420 4461 4551 4883 4924 4977 5005 5072 5119 5198 5332 5374 5454 5467 5476 5579 5875 5949 5964 6064 6070 6112 6126 6323 6435 6517 6558 6614 6693 6701 6844 6858 6945 6958 7036 7057 7215 7280 7348 7474 7573 7574 7671 7862 7925 8084 8103 8250 8268 8362 8513 8546 8695 8731 8831 8852 8926 9125 9141 9203 9304 9377 9441 9573 9583 9650 9659 9743 9828 9930 10001 10024 10103 10239 10249 10404 10409 10566 10574 10649 10699 10818 10828 10883 10981 11077 11121 
S 1: 0 | 232 292 306 339 395 426 562 604 638 730 740 752 839 865 978 1018 1065 1139 1145 1285 1326 1365 1383 1472 1477 1575 1629 1693 1795 1934 1941 1972 2123 2127 2175 2209 2240 2245 2280 2452 2558 2684 2722 2934 3015 3157 3204 3246 3317 3382 3392 3413 3486 3512 3574 3798 3868 3940 3949 4104 4113 4189 4368 4420 4461 4551 4883 4924 4977 5005 5072 5119 5198 5332 5374 5454 5467 5476 5579 5875 5949 5964 6064 6070 6112 6126 6323 6435 6517 6558 6614 6693 6701 6844 6858 6945 6958 7036 7057 7215 7280 7348 7474 7573 7574 7671 7862 7925 8084 8103 8250 8268 8362 8513 8546 8695 8731 8831 8852 8926 9125 9141 9203 9304 9377 9441 9573 9583 9650 9659 9743 9828 9930 10001 10024 10103 10239 10249 10404 10409 10566 10574 10649 10699 10818 10828 10883 10981 11077 11121 
S 2: 0 | 232 292 306 339 395 426 562 604 638 730 740 752 839 865 978 1018 1065 1139 1145 1285 1326 1365 1383 1472 1477 1575 1629 1693 1795 1934 1941 1972 2123 2127 2175 2209 2240 2245 2280 2452 2558 2684 2722 2934 3015 3157 3204 3246 3317 3382 3392 3413 3486 3512 3574 3798 3868 3940 3949 4104 4113 4189 4368 4420 4461 4551 4883 4924 4977 5005 5072 5119 5198 5332 5374 5454 5467 5476 5579 5875 5949 5964 6064 6070 6112 6126 6323 6435 6517 6558 6614 6693 6701 6844 6858 6945 6958 7036 7057 7215 7280 7348 7474 7573 7574 7671 7862 7925 8084 8103 8250 8268 8362 8513 8546 8695 8731 8831 8852 8926 9125 9141 9203 9304 9377 9441 9573 9583 9650 9659 9743 9828 9930 10001 10024 10103 10239 10249 10404 10409 10566 10574 10649 10699 10818 10828 10883 10981 11077 11121 
S 3: 0 | 232 292 306 339 395 426 562 604 638 730 740 752 839 865 978 1018 1065 1139 1145 1285 1326 1365 1383 1472 1477 1575 1629 1693 1795 1934 1941 1972 2123 2127 2175 2209 2240 2245 2280 2452 2558 2684 2722 2934 3015 3157 3204 3246 3317 3382 3392 3413 3486 3512 3574 3798 3868 3940 3949 4104 4113 4189 4368 4420 4461 4551 4883 4924 4977 5005 5072 5119 5198 5332 5374 5454 5467 5476 5579 5875 5949 5964 6064 6070 6112 6126 6323 6435 6517 6558 6614 6693 6701 6844 6858 6945 6958 7036 7057 7215 7280 7348 7474 7573 7574 7671 7862 7925 8084 8103 8250 8268 8362 8513 8546 8695 8731 8831 8852 8926 9125 9141 9203 9304 9377 9441 9573 9583 9650 9659 9743 9828 9930 10001 10024 10103 10239 10249 10404 10409 10566 10574 10649 10699 10818 10828 10883 10981 11077 11121 
S 4: 0 | 232 292 306 339 395 426 562 604 638 730 740 752 839 865 978 1018 1065 1139 1145 1285 1326 1365 1383 1472 1477 1575 1629 1693 1795 1934 1941 1972 2123 2127 2175 2209 2240 2245 2280 2452 2558 2684 2722 2934 3015 3157 3204 3246 3317 3382 3392 3413 3486 3512 3574 3798 3868 3940 3949 4104 4113 4189 4368 4420 4461 4551 4883 4924 4977 5005 5072 5119 5198 5332 5374 5454 5467 5476 5579 5875 5949 5964 6064 6070 6112 6126 6323 6435 6517 6558 6614 6693 6701 6844 6858 6945 6958 7036 7057 7215 7280 7348 7474 7573 7574 7671 7862 7925 8084 8103 8250 8268 8362 8513 8546 8695 8731 8831 8852 8926 9125 9141 9203 9304 9377 9441 9573 9583 9650 9659 9743 9828 9930 10001 10024 10103 10239 10249 10404 10409 10566 10574 10649 10699 10818 10828 10883 10981 11077 11121 
S 5: 0 | 232 292 306 339 395 426 562 604 638 730 740 752 839 865 978 1018 1065 1139 1145 1285 1326 1365 1383 1472 1477 1575 1629 1693 1795 1934 1941 1972 2123 2127 2175 2209 2240 2245 2280 2452 2558 2684 2722 2934 3015 3157 3204 3246 3317 3382 3392 3413 3486 3512 3574 3798 3868 3940 3949 4104 4113 4189 4368 4420 4461 4551 4883 4924 4977 5005 5072 5119 5198 5332 5374 5454 5467 5476 5579 5875 5949 5964 6064 6070 6112 6126 6323 6435 6517 6558 6614 6693 6701 6844 6858 6945 6958 7036 7057 7215 7280 7348 7474 7573 7574 7671 7862 7925 8084 8103 8250 8268 8362 8513 8546 8695 8731 8831 8852 8926 9125 9141 9203 9304 9377 9441 9573 9583 9650 9659 9743 9828 9930 10001 10024 10103 10239 10249 10404 10409 10566 10574 10649 10699 10818 10828 10883 10981 11077 11121 
S 6: 0 | 232 292 306 339 395 426 562 604 638 730 740 752 839 865 978 1018 1065 1139 1145 1285 1326 1365 1383 1472 1477 1575 1629 1693 1795 1934 1941 1972 2123 2127 2175 2209 2240 2245 2280 2452 2558 2684 2722 2934 3015 3157 3204 3246 3317 3382 3392 3413 3486 3512 3574 3798 3868 3940 3949 4104 4113 4189 4368 4420 4461 4551 4883 4924 4977 5005 5072 5119 5198 5332 5374 5454 5467 5476 5579 5875 5949 5964 6064 6070 6112 6126 6323 6435 6517 6558 6614 6693 6701 6844 6858 6945 6958 7036 7057 7215 7280 7348 7474 7573 7574 7671 7862 7925 8084 8103 8250 8268 8362 8513 8546 8695 8731 8831 8852 8926 9125 9141 9203 9304 9377 9441 9573 9583 9650 9659 9743 9828 9930 10001 10024 10103 10239 10249 10404 10409 10566 10574 10649 10699 10818 10828 10883 10981 11077 11121 
S 7: 0 | 232 292 306 339 395 426 562 604 638 730 740 752 839 865 978 1018 1065 1139 1145 1285 1326 1365 1383 1472 1477 1575 1629 1693 1795 1934 1941 1972 2123 2127 2175 2209 2240 2245 2280 2452 2558 2684 2722 2934 3015 3157 3204 3246 3317 3382 3392 3413 3486 3512 3574 3798 3868 3940 3949 4104 4113 4189 4368 4420 4461 4551 4883 4924 4977 5005 5072 5119 5198 5332 5374 5454 5467 5476 5579 5875 5949 5964 6064 6070 6112 6126 6323 6435 6517 6558 6614 6693 6701 6844 6858 6945 6958 7036 7057 7215 7280 7348 7474 7573 7574 7671 7862 7925 8084 8103 8250 8268 8362 8513 8546 8695 8731 8831 8852 8926 9125 9141 9203 9304 9377 9441 9573 9583 9650 9659 9743 9828 9930 10001 10024 10103 10239 10249 10404 10409 10566 10574 10649 10699 10818 10828 10883 10981 11077 11121 
S 8: 0 | 232 292 306 339 395 426 562 604 638 730 740 752 839 865 978 1018 1065 1139 1145 1285 1326 1365 1383 1472 1477 1575 1629 1693 1795 1934 1941 1972 2123 2127 2175 2209 2240 2245 2280 2452 2558 2684 2722 2934 3015 3157 3204 3246 3317 3382 3392 3413 3486 3512 3574 3798 3868 3940 3949 4104 4113 4189 4368 4420 4461 4551 4883 4924 4977 5005 5072 5119 5198 5332 5374 5454 5467 5476 5579 5875 5949 5964 6064 6070 6112 6126 6323 6435 6517 6558 6614 6693 6701 6844 6858 6945 6958 7036 7057 7215 7280 7348 7474 7573 7574 7671 7862 7925 8084 8103 8250 8268 8362 8513 8546 8695 8731 8831 8852 8926 9125 9141 9203 9304 9377 9441 9573 9583 9650 9659 9743 9828 9930 10001 10024 10103 10239 10249 10404 10409 10566 10574 10649 10699 10818 10828 10883 10981 11077 11121 
S 9: 0 | 232 292 306 339 395 426 562 604 638 730 740 752 839 865 978 1018 1065 1139 1145 1285 1326 1365 1383 1472 1477 1575 1629 1693 1795 1934 1941 1972 2123 2127 2175 2209 2240 2245 2280 2452 2558 2684 2722 2934 3015 3157 3204 3246 3317 3382 3392 3413 3486 3512 3574 3798 3868 3940 3949 4104 4113 4189 4368 4420 4461 4551 4883 4924 4977 5005 5072 5119 5198 5332 5374 5454 5467 5476 5579 5875 5949 5964 6064 6070 6112 6126 6323 6435 6517 6558 6614 6693 6701 6844 6858 6945 6958 7036 7057 7215 7280 7348 7474 7573 7574 7671 7862 7925 8084 8103 8250 8268 8362 8513 8546 8695 8731 8831 8852 8926 9125 9141 9203 9304 9377 9441 9573 9583 9650 9659 9743 9828 9930 10001 10024 10103 10239 10249 10404 10409 10566 10574 10649 10699 10818 10828 10883 10981 11077 11121 
ALL EQUAL

Final time = 6821.9
Final solution cost = 26392
