Reading instance small_stp_instances/kroB100_5_03.stp of type D
Finished instance reading
Number of vertices = 100
Number of edges (resources) = 4950
Number of scenarios = 5
Average number of terminals per scenario = 100
Probabilities of Scenarios: (0) 0.18 | (1) 0.23 | (2) 0.23 | (3) 0.15 | (4) 0.21 | 
Average weighted inflation = 0.14954
Largest inflation = 0.29986
MAX_ITERATIONS_SINCE_LAST_IMPROVEMENT 2
MAX_ITERATIONS_SINCE_BEST_SOLUTION 3
Creating solution instance.
Starting Evolutive Framework.
Local search solution cost = 22334.1
Local search time = 798.471
798.472 local search - EF main loop cycle 0 solution cost 22334.1
798.477s Cost of SP solution after second stage solver 22334.1
Local search solution cost = 22310
Local search time = 62.1307
860.608 local search - EF main loop cycle 1 solution cost 22310
860.614s Cost of SP solution after second stage solver 22310
Local search solution cost = 22310
Local search time = 62.0926
922.706 local search - EF main loop cycle 2 solution cost 22310
922.712s Cost of SP solution after second stage solver 22310
Local search solution cost = 22310
Local search time = 62.1246
984.836 local search - EF main loop cycle 3 solution cost 22310
984.842s Cost of SP solution after second stage solver 22310
Number of cycles 4
Time for each cycle 246.21
984.848s Cost of SP solution after tail step 22310
SELECTED RESOURCES:
13 47 55 96 106 199 252 270 284 353 385 510 534 536 587 685 779 796 821 833 921 943 963 981 1014 1057 1111 1165 1191 1218 1255 1429 1647 1681 1684 1767 1804 1834 1885 1903 1938 1966 2052 2149 2184 2220 2303 2384 2398 2426 2441 2521 2538 2608 2687 2693 2730 2769 2873 2904 2938 2942 3067 3100 3110 3206 3238 3272 3290 3324 3384 3409 3460 3558 3618 3637 3720 3762 3795 3870 3914 3936 3961 4032 4113 4196 4270 4334 4338 4371 4500 4556 4635 4650 4687 4750 4760 4828 4876 4906 
SCENARIO'S RESOURCES:
S 0: 0 | 13 47 55 96 106 199 252 270 284 353 385 510 534 536 587 685 779 796 821 833 921 943 963 981 1014 1057 1111 1165 1191 1218 1255 1429 1647 1681 1684 1767 1804 1834 1885 1903 1938 1966 2052 2149 2184 2220 2303 2384 2398 2426 2441 2521 2538 2608 2687 2693 2730 2769 2873 2904 2938 2942 3067 3100 3110 3206 3238 3272 3290 3324 3384 3409 3460 3558 3618 3637 3720 3762 3795 3870 3914 3936 3961 4032 4113 4196 4270 4334 4338 4371 4500 4556 4635 4650 4687 4750 4760 4828 4876 4906 
S 1: 0 | 13 47 55 96 106 199 252 270 284 353 385 510 534 536 587 685 779 796 821 833 921 943 963 981 1014 1057 1111 1165 1191 1218 1255 1429 1647 1681 1684 1767 1804 1834 1885 1903 1938 1966 2052 2149 2184 2220 2303 2384 2398 2426 2441 2521 2538 2608 2687 2693 2730 2769 2873 2904 2938 2942 3067 3100 3110 3206 3238 3272 3290 3324 3384 3409 3460 3558 3618 3637 3720 3762 3795 3870 3914 3936 3961 4032 4113 4196 4270 4334 4338 4371 4500 4556 4635 4650 4687 4750 4760 4828 4876 4906 
S 2: 0 | 13 47 55 96 106 199 252 270 284 353 385 510 534 536 587 685 779 796 821 833 921 943 963 981 1014 1057 1111 1165 1191 1218 1255 1429 1647 1681 1684 1767 1804 1834 1885 1903 1938 1966 2052 2149 2184 2220 2303 2384 2398 2426 2441 2521 2538 2608 2687 2693 2730 2769 2873 2904 2938 2942 3067 3100 3110 3206 3238 3272 3290 3324 3384 3409 3460 3558 3618 3637 3720 3762 3795 3870 3914 3936 3961 4032 4113 4196 4270 4334 4338 4371 4500 4556 4635 4650 4687 4750 4760 4828 4876 4906 
S 3: 0 | 13 47 55 96 106 199 252 270 284 353 385 510 534 536 587 685 779 796 821 833 921 943 963 981 1014 1057 1111 1165 1191 1218 1255 1429 1647 1681 1684 1767 1804 1834 1885 1903 1938 1966 2052 2149 2184 2220 2303 2384 2398 2426 2441 2521 2538 2608 2687 2693 2730 2769 2873 2904 2938 2942 3067 3100 3110 3206 3238 3272 3290 3324 3384 3409 3460 3558 3618 3637 3720 3762 3795 3870 3914 3936 3961 4032 4113 4196 4270 4334 4338 4371 4500 4556 4635 4650 4687 4750 4760 4828 4876 4906 
S 4: 0 | 13 47 55 96 106 199 252 270 284 353 385 510 534 536 587 685 779 796 821 833 921 943 963 981 1014 1057 1111 1165 1191 1218 1255 1429 1647 1681 1684 1767 1804 1834 1885 1903 1938 1966 2052 2149 2184 2220 2303 2384 2398 2426 2441 2521 2538 2608 2687 2693 2730 2769 2873 2904 2938 2942 3067 3100 3110 3206 3238 3272 3290 3324 3384 3409 3460 3558 3618 3637 3720 3762 3795 3870 3914 3936 3961 4032 4113 4196 4270 4334 4338 4371 4500 4556 4635 4650 4687 4750 4760 4828 4876 4906 
ALL EQUAL

Final time = 984.86
Final solution cost = 22310
