Reading instance small_stp_instances/kroB150_5_05.stp of type D
Finished instance reading
Number of vertices = 150
Number of edges (resources) = 11175
Number of scenarios = 5
Average number of terminals per scenario = 150
Probabilities of Scenarios: (0) 0.08 | (1) 0.27 | (2) 0.2 | (3) 0.2 | (4) 0.25 | 
Average weighted inflation = 0.250137
Largest inflation = 0.49981
MAX_ITERATIONS_SINCE_LAST_IMPROVEMENT 2
MAX_ITERATIONS_SINCE_BEST_SOLUTION 3
Creating solution instance.
Starting Evolutive Framework.
Local search solution cost = 26619.7
Local search time = 2638.73
2638.73 local search - EF main loop cycle 0 solution cost 26619.7
2638.75s Cost of SP solution after second stage solver 26619.7
Local search solution cost = 26544
Local search time = 280.057
2918.81 local search - EF main loop cycle 1 solution cost 26544
2918.82s Cost of SP solution after second stage solver 26544
Local search solution cost = 26544
Local search time = 279.959
3198.78 local search - EF main loop cycle 2 solution cost 26544
3198.79s Cost of SP solution after second stage solver 26544
Local search solution cost = 26544
Local search time = 279.92
3478.71 local search - EF main loop cycle 3 solution cost 26544
3478.72s Cost of SP solution after second stage solver 26544
Number of cycles 4
Time for each cycle 869.68
3478.73s Cost of SP solution after tail step 26544
SELECTED RESOURCES:
103 232 292 306 339 395 426 562 608 638 730 740 752 839 865 978 1065 1139 1145 1285 1326 1365 1383 1472 1575 1629 1693 1714 1795 1934 1941 1972 2046 2123 2127 2191 2199 2240 2245 2280 2452 2546 2558 2684 2722 2934 3015 3157 3204 3246 3317 3382 3413 3486 3512 3574 3798 3868 3940 3949 4054 4104 4113 4464 4551 4766 4883 4924 4977 5005 5072 5119 5198 5332 5374 5467 5476 5875 5949 5964 6064 6070 6112 6126 6323 6435 6517 6547 6558 6647 6693 6701 6844 6858 6945 6958 7036 7057 7215 7280 7348 7471 7474 7573 7574 7671 7862 7925 8084 8103 8222 8362 8513 8546 8575 8695 8731 8831 8852 9037 9125 9141 9203 9304 9398 9441 9573 9583 9650 9659 9739 9828 9898 9915 10103 10115 10239 10249 10404 10409 10455 10574 10649 10714 10818 10828 10883 10981 11077 11121 
SCENARIO'S RESOURCES:
S 0: 0 | 103 232 292 306 339 395 426 562 608 638 730 740 752 839 865 978 1065 1139 1145 1285 1326 1365 1383 1472 1575 1629 1693 1714 1795 1934 1941 1972 2046 2123 2127 2191 2199 2240 2245 2280 2452 2546 2558 2684 2722 2934 3015 3157 3204 3246 3317 3382 3413 3486 3512 3574 3798 3868 3940 3949 4054 4104 4113 4464 4551 4766 4883 4924 4977 5005 5072 5119 5198 5332 5374 5467 5476 5875 5949 5964 6064 6070 6112 6126 6323 6435 6517 6547 6558 6647 6693 6701 6844 6858 6945 6958 7036 7057 7215 7280 7348 7471 7474 7573 7574 7671 7862 7925 8084 8103 8222 8362 8513 8546 8575 8695 8731 8831 8852 9037 9125 9141 9203 9304 9398 9441 9573 9583 9650 9659 9739 9828 9898 9915 10103 10115 10239 10249 10404 10409 10455 10574 10649 10714 10818 10828 10883 10981 11077 11121 
S 1: 0 | 103 232 292 306 339 395 426 562 608 638 730 740 752 839 865 978 1065 1139 1145 1285 1326 1365 1383 1472 1575 1629 1693 1714 1795 1934 1941 1972 2046 2123 2127 2191 2199 2240 2245 2280 2452 2546 2558 2684 2722 2934 3015 3157 3204 3246 3317 3382 3413 3486 3512 3574 3798 3868 3940 3949 4054 4104 4113 4464 4551 4766 4883 4924 4977 5005 5072 5119 5198 5332 5374 5467 5476 5875 5949 5964 6064 6070 6112 6126 6323 6435 6517 6547 6558 6647 6693 6701 6844 6858 6945 6958 7036 7057 7215 7280 7348 7471 7474 7573 7574 7671 7862 7925 8084 8103 8222 8362 8513 8546 8575 8695 8731 8831 8852 9037 9125 9141 9203 9304 9398 9441 9573 9583 9650 9659 9739 9828 9898 9915 10103 10115 10239 10249 10404 10409 10455 10574 10649 10714 10818 10828 10883 10981 11077 11121 
S 2: 0 | 103 232 292 306 339 395 426 562 608 638 730 740 752 839 865 978 1065 1139 1145 1285 1326 1365 1383 1472 1575 1629 1693 1714 1795 1934 1941 1972 2046 2123 2127 2191 2199 2240 2245 2280 2452 2546 2558 2684 2722 2934 3015 3157 3204 3246 3317 3382 3413 3486 3512 3574 3798 3868 3940 3949 4054 4104 4113 4464 4551 4766 4883 4924 4977 5005 5072 5119 5198 5332 5374 5467 5476 5875 5949 5964 6064 6070 6112 6126 6323 6435 6517 6547 6558 6647 6693 6701 6844 6858 6945 6958 7036 7057 7215 7280 7348 7471 7474 7573 7574 7671 7862 7925 8084 8103 8222 8362 8513 8546 8575 8695 8731 8831 8852 9037 9125 9141 9203 9304 9398 9441 9573 9583 9650 9659 9739 9828 9898 9915 10103 10115 10239 10249 10404 10409 10455 10574 10649 10714 10818 10828 10883 10981 11077 11121 
S 3: 0 | 103 232 292 306 339 395 426 562 608 638 730 740 752 839 865 978 1065 1139 1145 1285 1326 1365 1383 1472 1575 1629 1693 1714 1795 1934 1941 1972 2046 2123 2127 2191 2199 2240 2245 2280 2452 2546 2558 2684 2722 2934 3015 3157 3204 3246 3317 3382 3413 3486 3512 3574 3798 3868 3940 3949 4054 4104 4113 4464 4551 4766 4883 4924 4977 5005 5072 5119 5198 5332 5374 5467 5476 5875 5949 5964 6064 6070 6112 6126 6323 6435 6517 6547 6558 6647 6693 6701 6844 6858 6945 6958 7036 7057 7215 7280 7348 7471 7474 7573 7574 7671 7862 7925 8084 8103 8222 8362 8513 8546 8575 8695 8731 8831 8852 9037 9125 9141 9203 9304 9398 9441 9573 9583 9650 9659 9739 9828 9898 9915 10103 10115 10239 10249 10404 10409 10455 10574 10649 10714 10818 10828 10883 10981 11077 11121 
S 4: 0 | 103 232 292 306 339 395 426 562 608 638 730 740 752 839 865 978 1065 1139 1145 1285 1326 1365 1383 1472 1575 1629 1693 1714 1795 1934 1941 1972 2046 2123 2127 2191 2199 2240 2245 2280 2452 2546 2558 2684 2722 2934 3015 3157 3204 3246 3317 3382 3413 3486 3512 3574 3798 3868 3940 3949 4054 4104 4113 4464 4551 4766 4883 4924 4977 5005 5072 5119 5198 5332 5374 5467 5476 5875 5949 5964 6064 6070 6112 6126 6323 6435 6517 6547 6558 6647 6693 6701 6844 6858 6945 6958 7036 7057 7215 7280 7348 7471 7474 7573 7574 7671 7862 7925 8084 8103 8222 8362 8513 8546 8575 8695 8731 8831 8852 9037 9125 9141 9203 9304 9398 9441 9573 9583 9650 9659 9739 9828 9898 9915 10103 10115 10239 10249 10404 10409 10455 10574 10649 10714 10818 10828 10883 10981 11077 11121 
ALL EQUAL

Final time = 3478.76
Final solution cost = 26544
