Reading instance small_stp_instances/kroC100_5_10.stp of type D
Finished instance reading
Number of vertices = 100
Number of edges (resources) = 4950
Number of scenarios = 5
Average number of terminals per scenario = 100
Probabilities of Scenarios: (0) 0.1 | (1) 0.05 | (2) 0.24 | (3) 0.24 | (4) 0.37 | 
Average weighted inflation = 0.498563
Largest inflation = 0.999727
MAX_ITERATIONS_SINCE_LAST_IMPROVEMENT 2
MAX_ITERATIONS_SINCE_BEST_SOLUTION 3
Creating solution instance.
Starting Evolutive Framework.
Local search solution cost = 21415.5
Local search time = 528.744
528.744 local search - EF main loop cycle 0 solution cost 21415.5
528.757s Cost of SP solution after second stage solver 21415.5
Local search solution cost = 21255
Local search time = 63.5641
592.321 local search - EF main loop cycle 1 solution cost 21255
592.327s Cost of SP solution after second stage solver 21255
Local search solution cost = 21255
Local search time = 63.5907
655.918 local search - EF main loop cycle 2 solution cost 21255
655.923s Cost of SP solution after second stage solver 21255
Local search solution cost = 21255
Local search time = 63.5769
719.5 local search - EF main loop cycle 3 solution cost 21255
719.505s Cost of SP solution after second stage solver 21255
Number of cycles 4
Time for each cycle 179.876
719.511s Cost of SP solution after tail step 21255
SELECTED RESOURCES:
11 58 87 103 127 217 251 292 306 339 395 488 490 562 645 730 740 741 752 839 865 978 1013 1018 1065 1145 1240 1285 1326 1383 1472 1489 1522 1575 1629 1655 1693 1714 1724 1778 1806 1879 1934 1941 1972 2046 2123 2127 2191 2199 2240 2245 2313 2368 2555 2558 2624 2684 2722 2754 2844 2879 2932 3015 3066 3145 3157 3204 3248 3317 3382 3392 3450 3454 3512 3538 3612 3640 3665 3768 3848 3868 3940 3949 4080 4104 4204 4234 4368 4420 4464 4551 4640 4655 4713 4743 4771 4844 4883 4924 
SCENARIO'S RESOURCES:
S 0: 0 | 11 58 87 103 127 217 251 292 306 339 395 488 490 562 645 730 740 741 752 839 865 978 1013 1018 1065 1145 1240 1285 1326 1383 1472 1489 1522 1575 1629 1655 1693 1714 1724 1778 1806 1879 1934 1941 1972 2046 2123 2127 2191 2199 2240 2245 2313 2368 2555 2558 2624 2684 2722 2754 2844 2879 2932 3015 3066 3145 3157 3204 3248 3317 3382 3392 3450 3454 3512 3538 3612 3640 3665 3768 3848 3868 3940 3949 4080 4104 4204 4234 4368 4420 4464 4551 4640 4655 4713 4743 4771 4844 4883 4924 
S 1: 0 | 11 58 87 103 127 217 251 292 306 339 395 488 490 562 645 730 740 741 752 839 865 978 1013 1018 1065 1145 1240 1285 1326 1383 1472 1489 1522 1575 1629 1655 1693 1714 1724 1778 1806 1879 1934 1941 1972 2046 2123 2127 2191 2199 2240 2245 2313 2368 2555 2558 2624 2684 2722 2754 2844 2879 2932 3015 3066 3145 3157 3204 3248 3317 3382 3392 3450 3454 3512 3538 3612 3640 3665 3768 3848 3868 3940 3949 4080 4104 4204 4234 4368 4420 4464 4551 4640 4655 4713 4743 4771 4844 4883 4924 
S 2: 0 | 11 58 87 103 127 217 251 292 306 339 395 488 490 562 645 730 740 741 752 839 865 978 1013 1018 1065 1145 1240 1285 1326 1383 1472 1489 1522 1575 1629 1655 1693 1714 1724 1778 1806 1879 1934 1941 1972 2046 2123 2127 2191 2199 2240 2245 2313 2368 2555 2558 2624 2684 2722 2754 2844 2879 2932 3015 3066 3145 3157 3204 3248 3317 3382 3392 3450 3454 3512 3538 3612 3640 3665 3768 3848 3868 3940 3949 4080 4104 4204 4234 4368 4420 4464 4551 4640 4655 4713 4743 4771 4844 4883 4924 
S 3: 0 | 11 58 87 103 127 217 251 292 306 339 395 488 490 562 645 730 740 741 752 839 865 978 1013 1018 1065 1145 1240 1285 1326 1383 1472 1489 1522 1575 1629 1655 1693 1714 1724 1778 1806 1879 1934 1941 1972 2046 2123 2127 2191 2199 2240 2245 2313 2368 2555 2558 2624 2684 2722 2754 2844 2879 2932 3015 3066 3145 3157 3204 3248 3317 3382 3392 3450 3454 3512 3538 3612 3640 3665 3768 3848 3868 3940 3949 4080 4104 4204 4234 4368 4420 4464 4551 4640 4655 4713 4743 4771 4844 4883 4924 
S 4: 0 | 11 58 87 103 127 217 251 292 306 339 395 488 490 562 645 730 740 741 752 839 865 978 1013 1018 1065 1145 1240 1285 1326 1383 1472 1489 1522 1575 1629 1655 1693 1714 1724 1778 1806 1879 1934 1941 1972 2046 2123 2127 2191 2199 2240 2245 2313 2368 2555 2558 2624 2684 2722 2754 2844 2879 2932 3015 3066 3145 3157 3204 3248 3317 3382 3392 3450 3454 3512 3538 3612 3640 3665 3768 3848 3868 3940 3949 4080 4104 4204 4234 4368 4420 4464 4551 4640 4655 4713 4743 4771 4844 4883 4924 
ALL EQUAL

Final time = 719.523
Final solution cost = 21255
