Reading instance small_stp_instances/kroC100_10_10.stp of type D
Finished instance reading
Number of vertices = 100
Number of edges (resources) = 4950
Number of scenarios = 10
Average number of terminals per scenario = 100
Probabilities of Scenarios: (0) 0.07 | (1) 0.11 | (2) 0.16 | (3) 0.16 | (4) 0 | (5) 0.1 | (6) 0.15 | (7) 0.08 | (8) 0.14 | (9) 0.03 | 
Average weighted inflation = 0.500033
Largest inflation = 0.999743
MAX_ITERATIONS_SINCE_LAST_IMPROVEMENT 2
MAX_ITERATIONS_SINCE_BEST_SOLUTION 3
Creating solution instance.
Starting Evolutive Framework.
Local search solution cost = 21217
Local search time = 987.091
987.092 local search - EF main loop cycle 0 solution cost 21217
987.103s Cost of SP solution after second stage solver 21217
Local search solution cost = 21217
Local search time = 123.043
1110.15 local search - EF main loop cycle 1 solution cost 21217
1110.16s Cost of SP solution after second stage solver 21217
Local search solution cost = 21217
Local search time = 123.129
1233.29 local search - EF main loop cycle 2 solution cost 21217
1233.3s Cost of SP solution after second stage solver 21217
Number of cycles 3
Time for each cycle 411.099
1233.31s Cost of SP solution after tail step 21217
SELECTED RESOURCES:
11 87 103 127 217 251 292 306 325 339 395 488 490 562 608 645 730 740 752 839 865 978 1001 1013 1065 1145 1164 1240 1285 1326 1383 1472 1477 1527 1575 1629 1655 1693 1714 1778 1798 1879 1934 1941 1972 2123 2127 2175 2209 2240 2245 2337 2368 2452 2470 2558 2624 2684 2722 2754 2844 2879 2932 3015 3066 3145 3157 3204 3248 3317 3382 3392 3450 3454 3525 3538 3574 3641 3665 3768 3848 3868 3940 3949 4080 4104 4113 4189 4368 4420 4464 4551 4640 4655 4713 4743 4771 4845 4883 4924 
SCENARIO'S RESOURCES:
S 0: 0 | 11 87 103 127 217 251 292 306 325 339 395 488 490 562 608 645 730 740 752 839 865 978 1001 1013 1065 1145 1164 1240 1285 1326 1383 1472 1477 1527 1575 1629 1655 1693 1714 1778 1798 1879 1934 1941 1972 2123 2127 2175 2209 2240 2245 2337 2368 2452 2470 2558 2624 2684 2722 2754 2844 2879 2932 3015 3066 3145 3157 3204 3248 3317 3382 3392 3450 3454 3525 3538 3574 3641 3665 3768 3848 3868 3940 3949 4080 4104 4113 4189 4368 4420 4464 4551 4640 4655 4713 4743 4771 4845 4883 4924 
S 1: 0 | 11 87 103 127 217 251 292 306 325 339 395 488 490 562 608 645 730 740 752 839 865 978 1001 1013 1065 1145 1164 1240 1285 1326 1383 1472 1477 1527 1575 1629 1655 1693 1714 1778 1798 1879 1934 1941 1972 2123 2127 2175 2209 2240 2245 2337 2368 2452 2470 2558 2624 2684 2722 2754 2844 2879 2932 3015 3066 3145 3157 3204 3248 3317 3382 3392 3450 3454 3525 3538 3574 3641 3665 3768 3848 3868 3940 3949 4080 4104 4113 4189 4368 4420 4464 4551 4640 4655 4713 4743 4771 4845 4883 4924 
S 2: 0 | 11 87 103 127 217 251 292 306 325 339 395 488 490 562 608 645 730 740 752 839 865 978 1001 1013 1065 1145 1164 1240 1285 1326 1383 1472 1477 1527 1575 1629 1655 1693 1714 1778 1798 1879 1934 1941 1972 2123 2127 2175 2209 2240 2245 2337 2368 2452 2470 2558 2624 2684 2722 2754 2844 2879 2932 3015 3066 3145 3157 3204 3248 3317 3382 3392 3450 3454 3525 3538 3574 3641 3665 3768 3848 3868 3940 3949 4080 4104 4113 4189 4368 4420 4464 4551 4640 4655 4713 4743 4771 4845 4883 4924 
S 3: 0 | 11 87 103 127 217 251 292 306 325 339 395 488 490 562 608 645 730 740 752 839 865 978 1001 1013 1065 1145 1164 1240 1285 1326 1383 1472 1477 1527 1575 1629 1655 1693 1714 1778 1798 1879 1934 1941 1972 2123 2127 2175 2209 2240 2245 2337 2368 2452 2470 2558 2624 2684 2722 2754 2844 2879 2932 3015 3066 3145 3157 3204 3248 3317 3382 3392 3450 3454 3525 3538 3574 3641 3665 3768 3848 3868 3940 3949 4080 4104 4113 4189 4368 4420 4464 4551 4640 4655 4713 4743 4771 4845 4883 4924 
S 4: 0 | 11 87 103 127 217 251 292 306 325 339 395 488 490 562 608 645 730 740 752 839 865 978 1001 1013 1065 1145 1164 1240 1285 1326 1383 1472 1477 1527 1575 1629 1655 1693 1714 1778 1798 1879 1934 1941 1972 2123 2127 2175 2209 2240 2245 2337 2368 2452 2470 2558 2624 2684 2722 2754 2844 2879 2932 3015 3066 3145 3157 3204 3248 3317 3382 3392 3450 3454 3525 3538 3574 3641 3665 3768 3848 3868 3940 3949 4080 4104 4113 4189 4368 4420 4464 4551 4640 4655 4713 4743 4771 4845 4883 4924 
S 5: 0 | 11 87 103 127 217 251 292 306 325 339 395 488 490 562 608 645 730 740 752 839 865 978 1001 1013 1065 1145 1164 1240 1285 1326 1383 1472 1477 1527 1575 1629 1655 1693 1714 1778 1798 1879 1934 1941 1972 2123 2127 2175 2209 2240 2245 2337 2368 2452 2470 2558 2624 2684 2722 2754 2844 2879 2932 3015 3066 3145 3157 3204 3248 3317 3382 3392 3450 3454 3525 3538 3574 3641 3665 3768 3848 3868 3940 3949 4080 4104 4113 4189 4368 4420 4464 4551 4640 4655 4713 4743 4771 4845 4883 4924 
S 6: 0 | 11 87 103 127 217 251 292 306 325 339 395 488 490 562 608 645 730 740 752 839 865 978 1001 1013 1065 1145 1164 1240 1285 1326 1383 1472 1477 1527 1575 1629 1655 1693 1714 1778 1798 1879 1934 1941 1972 2123 2127 2175 2209 2240 2245 2337 2368 2452 2470 2558 2624 2684 2722 2754 2844 2879 2932 3015 3066 3145 3157 3204 3248 3317 3382 3392 3450 3454 3525 3538 3574 3641 3665 3768 3848 3868 3940 3949 4080 4104 4113 4189 4368 4420 4464 4551 4640 4655 4713 4743 4771 4845 4883 4924 
S 7: 0 | 11 87 103 127 217 251 292 306 325 339 395 488 490 562 608 645 730 740 752 839 865 978 1001 1013 1065 1145 1164 1240 1285 1326 1383 1472 1477 1527 1575 1629 1655 1693 1714 1778 1798 1879 1934 1941 1972 2123 2127 2175 2209 2240 2245 2337 2368 2452 2470 2558 2624 2684 2722 2754 2844 2879 2932 3015 3066 3145 3157 3204 3248 3317 3382 3392 3450 3454 3525 3538 3574 3641 3665 3768 3848 3868 3940 3949 4080 4104 4113 4189 4368 4420 4464 4551 4640 4655 4713 4743 4771 4845 4883 4924 
S 8: 0 | 11 87 103 127 217 251 292 306 325 339 395 488 490 562 608 645 730 740 752 839 865 978 1001 1013 1065 1145 1164 1240 1285 1326 1383 1472 1477 1527 1575 1629 1655 1693 1714 1778 1798 1879 1934 1941 1972 2123 2127 2175 2209 2240 2245 2337 2368 2452 2470 2558 2624 2684 2722 2754 2844 2879 2932 3015 3066 3145 3157 3204 3248 3317 3382 3392 3450 3454 3525 3538 3574 3641 3665 3768 3848 3868 3940 3949 4080 4104 4113 4189 4368 4420 4464 4551 4640 4655 4713 4743 4771 4845 4883 4924 
S 9: 0 | 11 87 103 127 217 251 292 306 325 339 395 488 490 562 608 645 730 740 752 839 865 978 1001 1013 1065 1145 1164 1240 1285 1326 1383 1472 1477 1527 1575 1629 1655 1693 1714 1778 1798 1879 1934 1941 1972 2123 2127 2175 2209 2240 2245 2337 2368 2452 2470 2558 2624 2684 2722 2754 2844 2879 2932 3015 3066 3145 3157 3204 3248 3317 3382 3392 3450 3454 3525 3538 3574 3641 3665 3768 3848 3868 3940 3949 4080 4104 4113 4189 4368 4420 4464 4551 4640 4655 4713 4743 4771 4845 4883 4924 
ALL EQUAL

Final time = 1233.33
Final solution cost = 21217
