Reading instance small_stp_instances/kroC100_5_03.stp of type D
Finished instance reading
Number of vertices = 100
Number of edges (resources) = 4950
Number of scenarios = 5
Average number of terminals per scenario = 100
Probabilities of Scenarios: (0) 0.63 | (1) 0.22 | (2) 0.01 | (3) 0.12 | (4) 0.02 | 
Average weighted inflation = 0.14944
Largest inflation = 0.299845
MAX_ITERATIONS_SINCE_LAST_IMPROVEMENT 2
MAX_ITERATIONS_SINCE_BEST_SOLUTION 3
Creating solution instance.
Starting Evolutive Framework.
Local search solution cost = 20809
Local search time = 430.64
430.641 local search - EF main loop cycle 0 solution cost 20809
430.646s Cost of SP solution after second stage solver 20809
Local search solution cost = 20809
Local search time = 61.2807
491.927 local search - EF main loop cycle 1 solution cost 20809
491.932s Cost of SP solution after second stage solver 20809
Local search solution cost = 20809
Local search time = 61.264
553.196 local search - EF main loop cycle 2 solution cost 20809
553.202s Cost of SP solution after second stage solver 20809
Number of cycles 3
Time for each cycle 184.401
553.207s Cost of SP solution after tail step 20809
SELECTED RESOURCES:
11 87 103 127 217 251 292 306 339 395 488 490 562 608 645 730 740 741 752 865 978 1013 1018 1065 1139 1145 1240 1285 1326 1383 1472 1489 1575 1629 1693 1714 1778 1806 1879 1934 1941 1972 1994 2046 2123 2127 2191 2199 2240 2245 2280 2337 2368 2452 2470 2558 2614 2684 2722 2754 2844 2879 2934 3015 3022 3145 3157 3204 3246 3317 3382 3392 3413 3450 3512 3538 3612 3641 3706 3768 3848 3868 3940 3949 4080 4104 4189 4204 4368 4420 4464 4551 4640 4655 4713 4743 4771 4844 4883 4924 
SCENARIO'S RESOURCES:
S 0: 0 | 11 87 103 127 217 251 292 306 339 395 488 490 562 608 645 730 740 741 752 865 978 1013 1018 1065 1139 1145 1240 1285 1326 1383 1472 1489 1575 1629 1693 1714 1778 1806 1879 1934 1941 1972 1994 2046 2123 2127 2191 2199 2240 2245 2280 2337 2368 2452 2470 2558 2614 2684 2722 2754 2844 2879 2934 3015 3022 3145 3157 3204 3246 3317 3382 3392 3413 3450 3512 3538 3612 3641 3706 3768 3848 3868 3940 3949 4080 4104 4189 4204 4368 4420 4464 4551 4640 4655 4713 4743 4771 4844 4883 4924 
S 1: 0 | 11 87 103 127 217 251 292 306 339 395 488 490 562 608 645 730 740 741 752 865 978 1013 1018 1065 1139 1145 1240 1285 1326 1383 1472 1489 1575 1629 1693 1714 1778 1806 1879 1934 1941 1972 1994 2046 2123 2127 2191 2199 2240 2245 2280 2337 2368 2452 2470 2558 2614 2684 2722 2754 2844 2879 2934 3015 3022 3145 3157 3204 3246 3317 3382 3392 3413 3450 3512 3538 3612 3641 3706 3768 3848 3868 3940 3949 4080 4104 4189 4204 4368 4420 4464 4551 4640 4655 4713 4743 4771 4844 4883 4924 
S 2: 0 | 11 87 103 127 217 251 292 306 339 395 488 490 562 608 645 730 740 741 752 865 978 1013 1018 1065 1139 1145 1240 1285 1326 1383 1472 1489 1575 1629 1693 1714 1778 1806 1879 1934 1941 1972 1994 2046 2123 2127 2191 2199 2240 2245 2280 2337 2368 2452 2470 2558 2614 2684 2722 2754 2844 2879 2934 3015 3022 3145 3157 3204 3246 3317 3382 3392 3413 3450 3512 3538 3612 3641 3706 3768 3848 3868 3940 3949 4080 4104 4189 4204 4368 4420 4464 4551 4640 4655 4713 4743 4771 4844 4883 4924 
S 3: 0 | 11 87 103 127 217 251 292 306 339 395 488 490 562 608 645 730 740 741 752 865 978 1013 1018 1065 1139 1145 1240 1285 1326 1383 1472 1489 1575 1629 1693 1714 1778 1806 1879 1934 1941 1972 1994 2046 2123 2127 2191 2199 2240 2245 2280 2337 2368 2452 2470 2558 2614 2684 2722 2754 2844 2879 2934 3015 3022 3145 3157 3204 3246 3317 3382 3392 3413 3450 3512 3538 3612 3641 3706 3768 3848 3868 3940 3949 4080 4104 4189 4204 4368 4420 4464 4551 4640 4655 4713 4743 4771 4844 4883 4924 
S 4: 0 | 11 87 103 127 217 251 292 306 339 395 488 490 562 608 645 730 740 741 752 865 978 1013 1018 1065 1139 1145 1240 1285 1326 1383 1472 1489 1575 1629 1693 1714 1778 1806 1879 1934 1941 1972 1994 2046 2123 2127 2191 2199 2240 2245 2280 2337 2368 2452 2470 2558 2614 2684 2722 2754 2844 2879 2934 3015 3022 3145 3157 3204 3246 3317 3382 3392 3413 3450 3512 3538 3612 3641 3706 3768 3848 3868 3940 3949 4080 4104 4189 4204 4368 4420 4464 4551 4640 4655 4713 4743 4771 4844 4883 4924 
ALL EQUAL

Final time = 553.219
Final solution cost = 20809
