Reading instance small_stp_instances/kroC100_10_03.stp of type D
Finished instance reading
Number of vertices = 100
Number of edges (resources) = 4950
Number of scenarios = 10
Average number of terminals per scenario = 100
Probabilities of Scenarios: (0) 0.23 | (1) 0.17 | (2) 0.05 | (3) 0.06 | (4) 0.08 | (5) 0.05 | (6) 0.17 | (7) 0.11 | (8) 0.01 | (9) 0.07 | 
Average weighted inflation = 0.149299
Largest inflation = 0.299928
MAX_ITERATIONS_SINCE_LAST_IMPROVEMENT 2
MAX_ITERATIONS_SINCE_BEST_SOLUTION 3
Creating solution instance.
Starting Evolutive Framework.
Local search solution cost = 20778
Local search time = 859.206
859.206 local search - EF main loop cycle 0 solution cost 20778
859.217s Cost of SP solution after second stage solver 20778
Local search solution cost = 20778
Local search time = 123.013
982.23 local search - EF main loop cycle 1 solution cost 20778
982.241s Cost of SP solution after second stage solver 20778
Local search solution cost = 20778
Local search time = 122.897
1105.14 local search - EF main loop cycle 2 solution cost 20778
1105.15s Cost of SP solution after second stage solver 20778
Number of cycles 3
Time for each cycle 368.383
1105.16s Cost of SP solution after tail step 20778
SELECTED RESOURCES:
11 81 103 127 217 251 292 306 339 395 488 562 604 638 645 730 740 741 752 839 865 978 1013 1018 1065 1145 1240 1285 1326 1383 1472 1489 1575 1629 1693 1714 1795 1801 1879 1934 1941 1972 2046 2123 2127 2191 2199 2240 2245 2280 2337 2368 2452 2470 2558 2614 2684 2722 2754 2844 2879 2934 3015 3066 3145 3157 3204 3246 3317 3382 3392 3413 3450 3512 3538 3612 3641 3706 3768 3848 3868 3940 3949 4080 4104 4113 4197 4234 4368 4420 4464 4551 4640 4655 4713 4743 4766 4771 4883 4924 
SCENARIO'S RESOURCES:
S 0: 0 | 11 81 103 127 217 251 292 306 339 395 488 562 604 638 645 730 740 741 752 839 865 978 1013 1018 1065 1145 1240 1285 1326 1383 1472 1489 1575 1629 1693 1714 1795 1801 1879 1934 1941 1972 2046 2123 2127 2191 2199 2240 2245 2280 2337 2368 2452 2470 2558 2614 2684 2722 2754 2844 2879 2934 3015 3066 3145 3157 3204 3246 3317 3382 3392 3413 3450 3512 3538 3612 3641 3706 3768 3848 3868 3940 3949 4080 4104 4113 4197 4234 4368 4420 4464 4551 4640 4655 4713 4743 4766 4771 4883 4924 
S 1: 0 | 11 81 103 127 217 251 292 306 339 395 488 562 604 638 645 730 740 741 752 839 865 978 1013 1018 1065 1145 1240 1285 1326 1383 1472 1489 1575 1629 1693 1714 1795 1801 1879 1934 1941 1972 2046 2123 2127 2191 2199 2240 2245 2280 2337 2368 2452 2470 2558 2614 2684 2722 2754 2844 2879 2934 3015 3066 3145 3157 3204 3246 3317 3382 3392 3413 3450 3512 3538 3612 3641 3706 3768 3848 3868 3940 3949 4080 4104 4113 4197 4234 4368 4420 4464 4551 4640 4655 4713 4743 4766 4771 4883 4924 
S 2: 0 | 11 81 103 127 217 251 292 306 339 395 488 562 604 638 645 730 740 741 752 839 865 978 1013 1018 1065 1145 1240 1285 1326 1383 1472 1489 1575 1629 1693 1714 1795 1801 1879 1934 1941 1972 2046 2123 2127 2191 2199 2240 2245 2280 2337 2368 2452 2470 2558 2614 2684 2722 2754 2844 2879 2934 3015 3066 3145 3157 3204 3246 3317 3382 3392 3413 3450 3512 3538 3612 3641 3706 3768 3848 3868 3940 3949 4080 4104 4113 4197 4234 4368 4420 4464 4551 4640 4655 4713 4743 4766 4771 4883 4924 
S 3: 0 | 11 81 103 127 217 251 292 306 339 395 488 562 604 638 645 730 740 741 752 839 865 978 1013 1018 1065 1145 1240 1285 1326 1383 1472 1489 1575 1629 1693 1714 1795 1801 1879 1934 1941 1972 2046 2123 2127 2191 2199 2240 2245 2280 2337 2368 2452 2470 2558 2614 2684 2722 2754 2844 2879 2934 3015 3066 3145 3157 3204 3246 3317 3382 3392 3413 3450 3512 3538 3612 3641 3706 3768 3848 3868 3940 3949 4080 4104 4113 4197 4234 4368 4420 4464 4551 4640 4655 4713 4743 4766 4771 4883 4924 
S 4: 0 | 11 81 103 127 217 251 292 306 339 395 488 562 604 638 645 730 740 741 752 839 865 978 1013 1018 1065 1145 1240 1285 1326 1383 1472 1489 1575 1629 1693 1714 1795 1801 1879 1934 1941 1972 2046 2123 2127 2191 2199 2240 2245 2280 2337 2368 2452 2470 2558 2614 2684 2722 2754 2844 2879 2934 3015 3066 3145 3157 3204 3246 3317 3382 3392 3413 3450 3512 3538 3612 3641 3706 3768 3848 3868 3940 3949 4080 4104 4113 4197 4234 4368 4420 4464 4551 4640 4655 4713 4743 4766 4771 4883 4924 
S 5: 0 | 11 81 103 127 217 251 292 306 339 395 488 562 604 638 645 730 740 741 752 839 865 978 1013 1018 1065 1145 1240 1285 1326 1383 1472 1489 1575 1629 1693 1714 1795 1801 1879 1934 1941 1972 2046 2123 2127 2191 2199 2240 2245 2280 2337 2368 2452 2470 2558 2614 2684 2722 2754 2844 2879 2934 3015 3066 3145 3157 3204 3246 3317 3382 3392 3413 3450 3512 3538 3612 3641 3706 3768 3848 3868 3940 3949 4080 4104 4113 4197 4234 4368 4420 4464 4551 4640 4655 4713 4743 4766 4771 4883 4924 
S 6: 0 | 11 81 103 127 217 251 292 306 339 395 488 562 604 638 645 730 740 741 752 839 865 978 1013 1018 1065 1145 1240 1285 1326 1383 1472 1489 1575 1629 1693 1714 1795 1801 1879 1934 1941 1972 2046 2123 2127 2191 2199 2240 2245 2280 2337 2368 2452 2470 2558 2614 2684 2722 2754 2844 2879 2934 3015 3066 3145 3157 3204 3246 3317 3382 3392 3413 3450 3512 3538 3612 3641 3706 3768 3848 3868 3940 3949 4080 4104 4113 4197 4234 4368 4420 4464 4551 4640 4655 4713 4743 4766 4771 4883 4924 
S 7: 0 | 11 81 103 127 217 251 292 306 339 395 488 562 604 638 645 730 740 741 752 839 865 978 1013 1018 1065 1145 1240 1285 1326 1383 1472 1489 1575 1629 1693 1714 1795 1801 1879 1934 1941 1972 2046 2123 2127 2191 2199 2240 2245 2280 2337 2368 2452 2470 2558 2614 2684 2722 2754 2844 2879 2934 3015 3066 3145 3157 3204 3246 3317 3382 3392 3413 3450 3512 3538 3612 3641 3706 3768 3848 3868 3940 3949 4080 4104 4113 4197 4234 4368 4420 4464 4551 4640 4655 4713 4743 4766 4771 4883 4924 
S 8: 0 | 11 81 103 127 217 251 292 306 339 395 488 562 604 638 645 730 740 741 752 839 865 978 1013 1018 1065 1145 1240 1285 1326 1383 1472 1489 1575 1629 1693 1714 1795 1801 1879 1934 1941 1972 2046 2123 2127 2191 2199 2240 2245 2280 2337 2368 2452 2470 2558 2614 2684 2722 2754 2844 2879 2934 3015 3066 3145 3157 3204 3246 3317 3382 3392 3413 3450 3512 3538 3612 3641 3706 3768 3848 3868 3940 3949 4080 4104 4113 4197 4234 4368 4420 4464 4551 4640 4655 4713 4743 4766 4771 4883 4924 
S 9: 0 | 11 81 103 127 217 251 292 306 339 395 488 562 604 638 645 730 740 741 752 839 865 978 1013 1018 1065 1145 1240 1285 1326 1383 1472 1489 1575 1629 1693 1714 1795 1801 1879 1934 1941 1972 2046 2123 2127 2191 2199 2240 2245 2280 2337 2368 2452 2470 2558 2614 2684 2722 2754 2844 2879 2934 3015 3066 3145 3157 3204 3246 3317 3382 3392 3413 3450 3512 3538 3612 3641 3706 3768 3848 3868 3940 3949 4080 4104 4113 4197 4234 4368 4420 4464 4551 4640 4655 4713 4743 4766 4771 4883 4924 
ALL EQUAL

Final time = 1105.18
Final solution cost = 20778
