Reading instance small_stp_instances/kroC100_20_05.stp of type D
Finished instance reading
Number of vertices = 100
Number of edges (resources) = 4950
Number of scenarios = 20
Average number of terminals per scenario = 100
Probabilities of Scenarios: (0) 0.07 | (1) 0.16 | (2) 0.01 | (3) 0.08 | (4) 0.07 | (5) 0 | (6) 0.07 | (7) 0.06 | (8) 0.01 | (9) 0.01 | (10) 0.01 | (11) 0.07 | (12) 0.02 | (13) 0.05 | (14) 0.07 | (15) 0.06 | (16) 0.06 | (17) 0.04 | (18) 0.03 | (19) 0.05 | 
Average weighted inflation = 0.250321
Largest inflation = 0.499829
MAX_ITERATIONS_SINCE_LAST_IMPROVEMENT 2
MAX_ITERATIONS_SINCE_BEST_SOLUTION 3
Creating solution instance.
Starting Evolutive Framework.
Local search solution cost = 20877
Local search time = 1825.12
1825.12 local search - EF main loop cycle 0 solution cost 20877
1825.14s Cost of SP solution after second stage solver 20877
Local search solution cost = 20877
Local search time = 245.923
2071.06 local search - EF main loop cycle 1 solution cost 20877
2071.08s Cost of SP solution after second stage solver 20877
Local search solution cost = 20877
Local search time = 245.846
2316.93 local search - EF main loop cycle 2 solution cost 20877
2316.95s Cost of SP solution after second stage solver 20877
Number of cycles 3
Time for each cycle 772.318
2316.97s Cost of SP solution after tail step 20877
SELECTED RESOURCES:
11 87 103 127 217 251 292 306 339 395 488 490 562 608 645 730 740 741 752 839 865 978 1001 1013 1065 1145 1164 1240 1285 1326 1383 1472 1489 1575 1629 1655 1693 1714 1778 1798 1879 1934 1941 1972 2046 2123 2127 2191 2199 2240 2245 2337 2368 2452 2470 2558 2624 2684 2722 2754 2844 2879 2934 3015 3066 3145 3157 3204 3246 3317 3382 3392 3413 3450 3512 3538 3612 3641 3706 3768 3848 3868 3940 3949 4080 4104 4113 4189 4368 4420 4464 4551 4640 4655 4713 4743 4771 4845 4883 4924 
SCENARIO'S RESOURCES:
S 0: 0 | 11 87 103 127 217 251 292 306 339 395 488 490 562 608 645 730 740 741 752 839 865 978 1001 1013 1065 1145 1164 1240 1285 1326 1383 1472 1489 1575 1629 1655 1693 1714 1778 1798 1879 1934 1941 1972 2046 2123 2127 2191 2199 2240 2245 2337 2368 2452 2470 2558 2624 2684 2722 2754 2844 2879 2934 3015 3066 3145 3157 3204 3246 3317 3382 3392 3413 3450 3512 3538 3612 3641 3706 3768 3848 3868 3940 3949 4080 4104 4113 4189 4368 4420 4464 4551 4640 4655 4713 4743 4771 4845 4883 4924 
S 1: 0 | 11 87 103 127 217 251 292 306 339 395 488 490 562 608 645 730 740 741 752 839 865 978 1001 1013 1065 1145 1164 1240 1285 1326 1383 1472 1489 1575 1629 1655 1693 1714 1778 1798 1879 1934 1941 1972 2046 2123 2127 2191 2199 2240 2245 2337 2368 2452 2470 2558 2624 2684 2722 2754 2844 2879 2934 3015 3066 3145 3157 3204 3246 3317 3382 3392 3413 3450 3512 3538 3612 3641 3706 3768 3848 3868 3940 3949 4080 4104 4113 4189 4368 4420 4464 4551 4640 4655 4713 4743 4771 4845 4883 4924 
S 2: 0 | 11 87 103 127 217 251 292 306 339 395 488 490 562 608 645 730 740 741 752 839 865 978 1001 1013 1065 1145 1164 1240 1285 1326 1383 1472 1489 1575 1629 1655 1693 1714 1778 1798 1879 1934 1941 1972 2046 2123 2127 2191 2199 2240 2245 2337 2368 2452 2470 2558 2624 2684 2722 2754 2844 2879 2934 3015 3066 3145 3157 3204 3246 3317 3382 3392 3413 3450 3512 3538 3612 3641 3706 3768 3848 3868 3940 3949 4080 4104 4113 4189 4368 4420 4464 4551 4640 4655 4713 4743 4771 4845 4883 4924 
S 3: 0 | 11 87 103 127 217 251 292 306 339 395 488 490 562 608 645 730 740 741 752 839 865 978 1001 1013 1065 1145 1164 1240 1285 1326 1383 1472 1489 1575 1629 1655 1693 1714 1778 1798 1879 1934 1941 1972 2046 2123 2127 2191 2199 2240 2245 2337 2368 2452 2470 2558 2624 2684 2722 2754 2844 2879 2934 3015 3066 3145 3157 3204 3246 3317 3382 3392 3413 3450 3512 3538 3612 3641 3706 3768 3848 3868 3940 3949 4080 4104 4113 4189 4368 4420 4464 4551 4640 4655 4713 4743 4771 4845 4883 4924 
S 4: 0 | 11 87 103 127 217 251 292 306 339 395 488 490 562 608 645 730 740 741 752 839 865 978 1001 1013 1065 1145 1164 1240 1285 1326 1383 1472 1489 1575 1629 1655 1693 1714 1778 1798 1879 1934 1941 1972 2046 2123 2127 2191 2199 2240 2245 2337 2368 2452 2470 2558 2624 2684 2722 2754 2844 2879 2934 3015 3066 3145 3157 3204 3246 3317 3382 3392 3413 3450 3512 3538 3612 3641 3706 3768 3848 3868 3940 3949 4080 4104 4113 4189 4368 4420 4464 4551 4640 4655 4713 4743 4771 4845 4883 4924 
S 5: 0 | 11 87 103 127 217 251 292 306 339 395 488 490 562 608 645 730 740 741 752 839 865 978 1001 1013 1065 1145 1164 1240 1285 1326 1383 1472 1489 1575 1629 1655 1693 1714 1778 1798 1879 1934 1941 1972 2046 2123 2127 2191 2199 2240 2245 2337 2368 2452 2470 2558 2624 2684 2722 2754 2844 2879 2934 3015 3066 3145 3157 3204 3246 3317 3382 3392 3413 3450 3512 3538 3612 3641 3706 3768 3848 3868 3940 3949 4080 4104 4113 4189 4368 4420 4464 4551 4640 4655 4713 4743 4771 4845 4883 4924 
S 6: 0 | 11 87 103 127 217 251 292 306 339 395 488 490 562 608 645 730 740 741 752 839 865 978 1001 1013 1065 1145 1164 1240 1285 1326 1383 1472 1489 1575 1629 1655 1693 1714 1778 1798 1879 1934 1941 1972 2046 2123 2127 2191 2199 2240 2245 2337 2368 2452 2470 2558 2624 2684 2722 2754 2844 2879 2934 3015 3066 3145 3157 3204 3246 3317 3382 3392 3413 3450 3512 3538 3612 3641 3706 3768 3848 3868 3940 3949 4080 4104 4113 4189 4368 4420 4464 4551 4640 4655 4713 4743 4771 4845 4883 4924 
S 7: 0 | 11 87 103 127 217 251 292 306 339 395 488 490 562 608 645 730 740 741 752 839 865 978 1001 1013 1065 1145 1164 1240 1285 1326 1383 1472 1489 1575 1629 1655 1693 1714 1778 1798 1879 1934 1941 1972 2046 2123 2127 2191 2199 2240 2245 2337 2368 2452 2470 2558 2624 2684 2722 2754 2844 2879 2934 3015 3066 3145 3157 3204 3246 3317 3382 3392 3413 3450 3512 3538 3612 3641 3706 3768 3848 3868 3940 3949 4080 4104 4113 4189 4368 4420 4464 4551 4640 4655 4713 4743 4771 4845 4883 4924 
S 8: 0 | 11 87 103 127 217 251 292 306 339 395 488 490 562 608 645 730 740 741 752 839 865 978 1001 1013 1065 1145 1164 1240 1285 1326 1383 1472 1489 1575 1629 1655 1693 1714 1778 1798 1879 1934 1941 1972 2046 2123 2127 2191 2199 2240 2245 2337 2368 2452 2470 2558 2624 2684 2722 2754 2844 2879 2934 3015 3066 3145 3157 3204 3246 3317 3382 3392 3413 3450 3512 3538 3612 3641 3706 3768 3848 3868 3940 3949 4080 4104 4113 4189 4368 4420 4464 4551 4640 4655 4713 4743 4771 4845 4883 4924 
S 9: 0 | 11 87 103 127 217 251 292 306 339 395 488 490 562 608 645 730 740 741 752 839 865 978 1001 1013 1065 1145 1164 1240 1285 1326 1383 1472 1489 1575 1629 1655 1693 1714 1778 1798 1879 1934 1941 1972 2046 2123 2127 2191 2199 2240 2245 2337 2368 2452 2470 2558 2624 2684 2722 2754 2844 2879 2934 3015 3066 3145 3157 3204 3246 3317 3382 3392 3413 3450 3512 3538 3612 3641 3706 3768 3848 3868 3940 3949 4080 4104 4113 4189 4368 4420 4464 4551 4640 4655 4713 4743 4771 4845 4883 4924 
S 10: 0 | 11 87 103 127 217 251 292 306 339 395 488 490 562 608 645 730 740 741 752 839 865 978 1001 1013 1065 1145 1164 1240 1285 1326 1383 1472 1489 1575 1629 1655 1693 1714 1778 1798 1879 1934 1941 1972 2046 2123 2127 2191 2199 2240 2245 2337 2368 2452 2470 2558 2624 2684 2722 2754 2844 2879 2934 3015 3066 3145 3157 3204 3246 3317 3382 3392 3413 3450 3512 3538 3612 3641 3706 3768 3848 3868 3940 3949 4080 4104 4113 4189 4368 4420 4464 4551 4640 4655 4713 4743 4771 4845 4883 4924 
S 11: 0 | 11 87 103 127 217 251 292 306 339 395 488 490 562 608 645 730 740 741 752 839 865 978 1001 1013 1065 1145 1164 1240 1285 1326 1383 1472 1489 1575 1629 1655 1693 1714 1778 1798 1879 1934 1941 1972 2046 2123 2127 2191 2199 2240 2245 2337 2368 2452 2470 2558 2624 2684 2722 2754 2844 2879 2934 3015 3066 3145 3157 3204 3246 3317 3382 3392 3413 3450 3512 3538 3612 3641 3706 3768 3848 3868 3940 3949 4080 4104 4113 4189 4368 4420 4464 4551 4640 4655 4713 4743 4771 4845 4883 4924 
S 12: 0 | 11 87 103 127 217 251 292 306 339 395 488 490 562 608 645 730 740 741 752 839 865 978 1001 1013 1065 1145 1164 1240 1285 1326 1383 1472 1489 1575 1629 1655 1693 1714 1778 1798 1879 1934 1941 1972 2046 2123 2127 2191 2199 2240 2245 2337 2368 2452 2470 2558 2624 2684 2722 2754 2844 2879 2934 3015 3066 3145 3157 3204 3246 3317 3382 3392 3413 3450 3512 3538 3612 3641 3706 3768 3848 3868 3940 3949 4080 4104 4113 4189 4368 4420 4464 4551 4640 4655 4713 4743 4771 4845 4883 4924 
S 13: 0 | 11 87 103 127 217 251 292 306 339 395 488 490 562 608 645 730 740 741 752 839 865 978 1001 1013 1065 1145 1164 1240 1285 1326 1383 1472 1489 1575 1629 1655 1693 1714 1778 1798 1879 1934 1941 1972 2046 2123 2127 2191 2199 2240 2245 2337 2368 2452 2470 2558 2624 2684 2722 2754 2844 2879 2934 3015 3066 3145 3157 3204 3246 3317 3382 3392 3413 3450 3512 3538 3612 3641 3706 3768 3848 3868 3940 3949 4080 4104 4113 4189 4368 4420 4464 4551 4640 4655 4713 4743 4771 4845 4883 4924 
S 14: 0 | 11 87 103 127 217 251 292 306 339 395 488 490 562 608 645 730 740 741 752 839 865 978 1001 1013 1065 1145 1164 1240 1285 1326 1383 1472 1489 1575 1629 1655 1693 1714 1778 1798 1879 1934 1941 1972 2046 2123 2127 2191 2199 2240 2245 2337 2368 2452 2470 2558 2624 2684 2722 2754 2844 2879 2934 3015 3066 3145 3157 3204 3246 3317 3382 3392 3413 3450 3512 3538 3612 3641 3706 3768 3848 3868 3940 3949 4080 4104 4113 4189 4368 4420 4464 4551 4640 4655 4713 4743 4771 4845 4883 4924 
S 15: 0 | 11 87 103 127 217 251 292 306 339 395 488 490 562 608 645 730 740 741 752 839 865 978 1001 1013 1065 1145 1164 1240 1285 1326 1383 1472 1489 1575 1629 1655 1693 1714 1778 1798 1879 1934 1941 1972 2046 2123 2127 2191 2199 2240 2245 2337 2368 2452 2470 2558 2624 2684 2722 2754 2844 2879 2934 3015 3066 3145 3157 3204 3246 3317 3382 3392 3413 3450 3512 3538 3612 3641 3706 3768 3848 3868 3940 3949 4080 4104 4113 4189 4368 4420 4464 4551 4640 4655 4713 4743 4771 4845 4883 4924 
S 16: 0 | 11 87 103 127 217 251 292 306 339 395 488 490 562 608 645 730 740 741 752 839 865 978 1001 1013 1065 1145 1164 1240 1285 1326 1383 1472 1489 1575 1629 1655 1693 1714 1778 1798 1879 1934 1941 1972 2046 2123 2127 2191 2199 2240 2245 2337 2368 2452 2470 2558 2624 2684 2722 2754 2844 2879 2934 3015 3066 3145 3157 3204 3246 3317 3382 3392 3413 3450 3512 3538 3612 3641 3706 3768 3848 3868 3940 3949 4080 4104 4113 4189 4368 4420 4464 4551 4640 4655 4713 4743 4771 4845 4883 4924 
S 17: 0 | 11 87 103 127 217 251 292 306 339 395 488 490 562 608 645 730 740 741 752 839 865 978 1001 1013 1065 1145 1164 1240 1285 1326 1383 1472 1489 1575 1629 1655 1693 1714 1778 1798 1879 1934 1941 1972 2046 2123 2127 2191 2199 2240 2245 2337 2368 2452 2470 2558 2624 2684 2722 2754 2844 2879 2934 3015 3066 3145 3157 3204 3246 3317 3382 3392 3413 3450 3512 3538 3612 3641 3706 3768 3848 3868 3940 3949 4080 4104 4113 4189 4368 4420 4464 4551 4640 4655 4713 4743 4771 4845 4883 4924 
S 18: 0 | 11 87 103 127 217 251 292 306 339 395 488 490 562 608 645 730 740 741 752 839 865 978 1001 1013 1065 1145 1164 1240 1285 1326 1383 1472 1489 1575 1629 1655 1693 1714 1778 1798 1879 1934 1941 1972 2046 2123 2127 2191 2199 2240 2245 2337 2368 2452 2470 2558 2624 2684 2722 2754 2844 2879 2934 3015 3066 3145 3157 3204 3246 3317 3382 3392 3413 3450 3512 3538 3612 3641 3706 3768 3848 3868 3940 3949 4080 4104 4113 4189 4368 4420 4464 4551 4640 4655 4713 4743 4771 4845 4883 4924 
S 19: 0 | 11 87 103 127 217 251 292 306 339 395 488 490 562 608 645 730 740 741 752 839 865 978 1001 1013 1065 1145 1164 1240 1285 1326 1383 1472 1489 1575 1629 1655 1693 1714 1778 1798 1879 1934 1941 1972 2046 2123 2127 2191 2199 2240 2245 2337 2368 2452 2470 2558 2624 2684 2722 2754 2844 2879 2934 3015 3066 3145 3157 3204 3246 3317 3382 3392 3413 3450 3512 3538 3612 3641 3706 3768 3848 3868 3940 3949 4080 4104 4113 4189 4368 4420 4464 4551 4640 4655 4713 4743 4771 4845 4883 4924 
ALL EQUAL

Final time = 2317.02
Final solution cost = 20877
