Reading instance small_stp_instances/kroC100_10_05.stp of type D
Finished instance reading
Number of vertices = 100
Number of edges (resources) = 4950
Number of scenarios = 10
Average number of terminals per scenario = 100
Probabilities of Scenarios: (0) 0.21 | (1) 0.2 | (2) 0.03 | (3) 0.07 | (4) 0.04 | (5) 0.08 | (6) 0.12 | (7) 0.07 | (8) 0.09 | (9) 0.09 | 
Average weighted inflation = 0.250535
Largest inflation = 0.499803
MAX_ITERATIONS_SINCE_LAST_IMPROVEMENT 2
MAX_ITERATIONS_SINCE_BEST_SOLUTION 3
Creating solution instance.
Starting Evolutive Framework.
Local search solution cost = 20816
Local search time = 859.926
859.927 local search - EF main loop cycle 0 solution cost 20816
859.94s Cost of SP solution after second stage solver 20816
Local search solution cost = 20816
Local search time = 123.039
982.979 local search - EF main loop cycle 1 solution cost 20816
982.99s Cost of SP solution after second stage solver 20816
Local search solution cost = 20816
Local search time = 123.045
1106.04 local search - EF main loop cycle 2 solution cost 20816
1106.05s Cost of SP solution after second stage solver 20816
Number of cycles 3
Time for each cycle 368.682
1106.06s Cost of SP solution after tail step 20816
SELECTED RESOURCES:
11 87 103 113 127 217 251 292 306 339 395 488 490 562 608 658 730 740 741 752 839 865 978 1001 1065 1145 1173 1240 1285 1326 1383 1472 1527 1575 1629 1693 1714 1793 1806 1879 1934 1941 1972 2046 2123 2127 2191 2199 2240 2245 2280 2337 2368 2452 2470 2558 2614 2684 2722 2754 2844 2879 2934 3015 3066 3145 3157 3204 3246 3317 3382 3392 3413 3450 3512 3538 3574 3641 3706 3768 3848 3868 3940 3949 4080 4104 4113 4189 4368 4420 4464 4551 4640 4655 4713 4743 4771 4845 4883 4924 
SCENARIO'S RESOURCES:
S 0: 0 | 11 87 103 113 127 217 251 292 306 339 395 488 490 562 608 658 730 740 741 752 839 865 978 1001 1065 1145 1173 1240 1285 1326 1383 1472 1527 1575 1629 1693 1714 1793 1806 1879 1934 1941 1972 2046 2123 2127 2191 2199 2240 2245 2280 2337 2368 2452 2470 2558 2614 2684 2722 2754 2844 2879 2934 3015 3066 3145 3157 3204 3246 3317 3382 3392 3413 3450 3512 3538 3574 3641 3706 3768 3848 3868 3940 3949 4080 4104 4113 4189 4368 4420 4464 4551 4640 4655 4713 4743 4771 4845 4883 4924 
S 1: 0 | 11 87 103 113 127 217 251 292 306 339 395 488 490 562 608 658 730 740 741 752 839 865 978 1001 1065 1145 1173 1240 1285 1326 1383 1472 1527 1575 1629 1693 1714 1793 1806 1879 1934 1941 1972 2046 2123 2127 2191 2199 2240 2245 2280 2337 2368 2452 2470 2558 2614 2684 2722 2754 2844 2879 2934 3015 3066 3145 3157 3204 3246 3317 3382 3392 3413 3450 3512 3538 3574 3641 3706 3768 3848 3868 3940 3949 4080 4104 4113 4189 4368 4420 4464 4551 4640 4655 4713 4743 4771 4845 4883 4924 
S 2: 0 | 11 87 103 113 127 217 251 292 306 339 395 488 490 562 608 658 730 740 741 752 839 865 978 1001 1065 1145 1173 1240 1285 1326 1383 1472 1527 1575 1629 1693 1714 1793 1806 1879 1934 1941 1972 2046 2123 2127 2191 2199 2240 2245 2280 2337 2368 2452 2470 2558 2614 2684 2722 2754 2844 2879 2934 3015 3066 3145 3157 3204 3246 3317 3382 3392 3413 3450 3512 3538 3574 3641 3706 3768 3848 3868 3940 3949 4080 4104 4113 4189 4368 4420 4464 4551 4640 4655 4713 4743 4771 4845 4883 4924 
S 3: 0 | 11 87 103 113 127 217 251 292 306 339 395 488 490 562 608 658 730 740 741 752 839 865 978 1001 1065 1145 1173 1240 1285 1326 1383 1472 1527 1575 1629 1693 1714 1793 1806 1879 1934 1941 1972 2046 2123 2127 2191 2199 2240 2245 2280 2337 2368 2452 2470 2558 2614 2684 2722 2754 2844 2879 2934 3015 3066 3145 3157 3204 3246 3317 3382 3392 3413 3450 3512 3538 3574 3641 3706 3768 3848 3868 3940 3949 4080 4104 4113 4189 4368 4420 4464 4551 4640 4655 4713 4743 4771 4845 4883 4924 
S 4: 0 | 11 87 103 113 127 217 251 292 306 339 395 488 490 562 608 658 730 740 741 752 839 865 978 1001 1065 1145 1173 1240 1285 1326 1383 1472 1527 1575 1629 1693 1714 1793 1806 1879 1934 1941 1972 2046 2123 2127 2191 2199 2240 2245 2280 2337 2368 2452 2470 2558 2614 2684 2722 2754 2844 2879 2934 3015 3066 3145 3157 3204 3246 3317 3382 3392 3413 3450 3512 3538 3574 3641 3706 3768 3848 3868 3940 3949 4080 4104 4113 4189 4368 4420 4464 4551 4640 4655 4713 4743 4771 4845 4883 4924 
S 5: 0 | 11 87 103 113 127 217 251 292 306 339 395 488 490 562 608 658 730 740 741 752 839 865 978 1001 1065 1145 1173 1240 1285 1326 1383 1472 1527 1575 1629 1693 1714 1793 1806 1879 1934 1941 1972 2046 2123 2127 2191 2199 2240 2245 2280 2337 2368 2452 2470 2558 2614 2684 2722 2754 2844 2879 2934 3015 3066 3145 3157 3204 3246 3317 3382 3392 3413 3450 3512 3538 3574 3641 3706 3768 3848 3868 3940 3949 4080 4104 4113 4189 4368 4420 4464 4551 4640 4655 4713 4743 4771 4845 4883 4924 
S 6: 0 | 11 87 103 113 127 217 251 292 306 339 395 488 490 562 608 658 730 740 741 752 839 865 978 1001 1065 1145 1173 1240 1285 1326 1383 1472 1527 1575 1629 1693 1714 1793 1806 1879 1934 1941 1972 2046 2123 2127 2191 2199 2240 2245 2280 2337 2368 2452 2470 2558 2614 2684 2722 2754 2844 2879 2934 3015 3066 3145 3157 3204 3246 3317 3382 3392 3413 3450 3512 3538 3574 3641 3706 3768 3848 3868 3940 3949 4080 4104 4113 4189 4368 4420 4464 4551 4640 4655 4713 4743 4771 4845 4883 4924 
S 7: 0 | 11 87 103 113 127 217 251 292 306 339 395 488 490 562 608 658 730 740 741 752 839 865 978 1001 1065 1145 1173 1240 1285 1326 1383 1472 1527 1575 1629 1693 1714 1793 1806 1879 1934 1941 1972 2046 2123 2127 2191 2199 2240 2245 2280 2337 2368 2452 2470 2558 2614 2684 2722 2754 2844 2879 2934 3015 3066 3145 3157 3204 3246 3317 3382 3392 3413 3450 3512 3538 3574 3641 3706 3768 3848 3868 3940 3949 4080 4104 4113 4189 4368 4420 4464 4551 4640 4655 4713 4743 4771 4845 4883 4924 
S 8: 0 | 11 87 103 113 127 217 251 292 306 339 395 488 490 562 608 658 730 740 741 752 839 865 978 1001 1065 1145 1173 1240 1285 1326 1383 1472 1527 1575 1629 1693 1714 1793 1806 1879 1934 1941 1972 2046 2123 2127 2191 2199 2240 2245 2280 2337 2368 2452 2470 2558 2614 2684 2722 2754 2844 2879 2934 3015 3066 3145 3157 3204 3246 3317 3382 3392 3413 3450 3512 3538 3574 3641 3706 3768 3848 3868 3940 3949 4080 4104 4113 4189 4368 4420 4464 4551 4640 4655 4713 4743 4771 4845 4883 4924 
S 9: 0 | 11 87 103 113 127 217 251 292 306 339 395 488 490 562 608 658 730 740 741 752 839 865 978 1001 1065 1145 1173 1240 1285 1326 1383 1472 1527 1575 1629 1693 1714 1793 1806 1879 1934 1941 1972 2046 2123 2127 2191 2199 2240 2245 2280 2337 2368 2452 2470 2558 2614 2684 2722 2754 2844 2879 2934 3015 3066 3145 3157 3204 3246 3317 3382 3392 3413 3450 3512 3538 3574 3641 3706 3768 3848 3868 3940 3949 4080 4104 4113 4189 4368 4420 4464 4551 4640 4655 4713 4743 4771 4845 4883 4924 
ALL EQUAL

Final time = 1106.08
Final solution cost = 20816
