Reading instance small_stp_instances/kroC100_20_10.stp of type D
Finished instance reading
Number of vertices = 100
Number of edges (resources) = 4950
Number of scenarios = 20
Average number of terminals per scenario = 100
Probabilities of Scenarios: (0) 0.07 | (1) 0 | (2) 0.01 | (3) 0.09 | (4) 0.1 | (5) 0.1 | (6) 0.01 | (7) 0.11 | (8) 0.07 | (9) 0.07 | (10) 0.06 | (11) 0 | (12) 0.01 | (13) 0.03 | (14) 0.05 | (15) 0.02 | (16) 0 | (17) 0.07 | (18) 0.06 | (19) 0.07 | 
Average weighted inflation = 0.500119
Largest inflation = 0.999716
MAX_ITERATIONS_SINCE_LAST_IMPROVEMENT 2
MAX_ITERATIONS_SINCE_BEST_SOLUTION 3
Creating solution instance.
Starting Evolutive Framework.
Local search solution cost = 21693.6
Local search time = 2706.62
2706.62 local search - EF main loop cycle 0 solution cost 21693.6
2706.71s Cost of SP solution after second stage solver 21693.6
Local search solution cost = 21260
Local search time = 257.958
2964.66 local search - EF main loop cycle 1 solution cost 21260
2964.69s Cost of SP solution after second stage solver 21260
Local search solution cost = 21260
Local search time = 257.295
3221.98 local search - EF main loop cycle 2 solution cost 21260
3222s Cost of SP solution after second stage solver 21260
Local search solution cost = 21260
Local search time = 257.363
3479.37 local search - EF main loop cycle 3 solution cost 21260
3479.39s Cost of SP solution after second stage solver 21260
Number of cycles 4
Time for each cycle 869.847
3479.41s Cost of SP solution after tail step 21260
SELECTED RESOURCES:
34 58 87 103 127 217 251 292 339 395 471 488 562 645 730 740 741 752 839 865 978 1013 1018 1145 1240 1285 1326 1379 1383 1472 1477 1489 1575 1629 1693 1714 1724 1795 1806 1879 1934 1941 1972 2046 2123 2127 2175 2191 2240 2245 2280 2313 2368 2452 2470 2558 2614 2684 2706 2722 2844 2879 2951 3015 3066 3145 3157 3204 3248 3317 3382 3392 3413 3450 3512 3538 3612 3641 3706 3768 3848 3868 3940 3949 4080 4104 4113 4234 4368 4420 4464 4551 4640 4655 4713 4743 4771 4845 4883 4924 
SCENARIO'S RESOURCES:
S 0: 0 | 34 58 87 103 127 217 251 292 339 395 471 488 562 645 730 740 741 752 839 865 978 1013 1018 1145 1240 1285 1326 1379 1383 1472 1477 1489 1575 1629 1693 1714 1724 1795 1806 1879 1934 1941 1972 2046 2123 2127 2175 2191 2240 2245 2280 2313 2368 2452 2470 2558 2614 2684 2706 2722 2844 2879 2951 3015 3066 3145 3157 3204 3248 3317 3382 3392 3413 3450 3512 3538 3612 3641 3706 3768 3848 3868 3940 3949 4080 4104 4113 4234 4368 4420 4464 4551 4640 4655 4713 4743 4771 4845 4883 4924 
S 1: 0 | 34 58 87 103 127 217 251 292 339 395 471 488 562 645 730 740 741 752 839 865 978 1013 1018 1145 1240 1285 1326 1379 1383 1472 1477 1489 1575 1629 1693 1714 1724 1795 1806 1879 1934 1941 1972 2046 2123 2127 2175 2191 2240 2245 2280 2313 2368 2452 2470 2558 2614 2684 2706 2722 2844 2879 2951 3015 3066 3145 3157 3204 3248 3317 3382 3392 3413 3450 3512 3538 3612 3641 3706 3768 3848 3868 3940 3949 4080 4104 4113 4234 4368 4420 4464 4551 4640 4655 4713 4743 4771 4845 4883 4924 
S 2: 0 | 34 58 87 103 127 217 251 292 339 395 471 488 562 645 730 740 741 752 839 865 978 1013 1018 1145 1240 1285 1326 1379 1383 1472 1477 1489 1575 1629 1693 1714 1724 1795 1806 1879 1934 1941 1972 2046 2123 2127 2175 2191 2240 2245 2280 2313 2368 2452 2470 2558 2614 2684 2706 2722 2844 2879 2951 3015 3066 3145 3157 3204 3248 3317 3382 3392 3413 3450 3512 3538 3612 3641 3706 3768 3848 3868 3940 3949 4080 4104 4113 4234 4368 4420 4464 4551 4640 4655 4713 4743 4771 4845 4883 4924 
S 3: 0 | 34 58 87 103 127 217 251 292 339 395 471 488 562 645 730 740 741 752 839 865 978 1013 1018 1145 1240 1285 1326 1379 1383 1472 1477 1489 1575 1629 1693 1714 1724 1795 1806 1879 1934 1941 1972 2046 2123 2127 2175 2191 2240 2245 2280 2313 2368 2452 2470 2558 2614 2684 2706 2722 2844 2879 2951 3015 3066 3145 3157 3204 3248 3317 3382 3392 3413 3450 3512 3538 3612 3641 3706 3768 3848 3868 3940 3949 4080 4104 4113 4234 4368 4420 4464 4551 4640 4655 4713 4743 4771 4845 4883 4924 
S 4: 0 | 34 58 87 103 127 217 251 292 339 395 471 488 562 645 730 740 741 752 839 865 978 1013 1018 1145 1240 1285 1326 1379 1383 1472 1477 1489 1575 1629 1693 1714 1724 1795 1806 1879 1934 1941 1972 2046 2123 2127 2175 2191 2240 2245 2280 2313 2368 2452 2470 2558 2614 2684 2706 2722 2844 2879 2951 3015 3066 3145 3157 3204 3248 3317 3382 3392 3413 3450 3512 3538 3612 3641 3706 3768 3848 3868 3940 3949 4080 4104 4113 4234 4368 4420 4464 4551 4640 4655 4713 4743 4771 4845 4883 4924 
S 5: 0 | 34 58 87 103 127 217 251 292 339 395 471 488 562 645 730 740 741 752 839 865 978 1013 1018 1145 1240 1285 1326 1379 1383 1472 1477 1489 1575 1629 1693 1714 1724 1795 1806 1879 1934 1941 1972 2046 2123 2127 2175 2191 2240 2245 2280 2313 2368 2452 2470 2558 2614 2684 2706 2722 2844 2879 2951 3015 3066 3145 3157 3204 3248 3317 3382 3392 3413 3450 3512 3538 3612 3641 3706 3768 3848 3868 3940 3949 4080 4104 4113 4234 4368 4420 4464 4551 4640 4655 4713 4743 4771 4845 4883 4924 
S 6: 0 | 34 58 87 103 127 217 251 292 339 395 471 488 562 645 730 740 741 752 839 865 978 1013 1018 1145 1240 1285 1326 1379 1383 1472 1477 1489 1575 1629 1693 1714 1724 1795 1806 1879 1934 1941 1972 2046 2123 2127 2175 2191 2240 2245 2280 2313 2368 2452 2470 2558 2614 2684 2706 2722 2844 2879 2951 3015 3066 3145 3157 3204 3248 3317 3382 3392 3413 3450 3512 3538 3612 3641 3706 3768 3848 3868 3940 3949 4080 4104 4113 4234 4368 4420 4464 4551 4640 4655 4713 4743 4771 4845 4883 4924 
S 7: 0 | 34 58 87 103 127 217 251 292 339 395 471 488 562 645 730 740 741 752 839 865 978 1013 1018 1145 1240 1285 1326 1379 1383 1472 1477 1489 1575 1629 1693 1714 1724 1795 1806 1879 1934 1941 1972 2046 2123 2127 2175 2191 2240 2245 2280 2313 2368 2452 2470 2558 2614 2684 2706 2722 2844 2879 2951 3015 3066 3145 3157 3204 3248 3317 3382 3392 3413 3450 3512 3538 3612 3641 3706 3768 3848 3868 3940 3949 4080 4104 4113 4234 4368 4420 4464 4551 4640 4655 4713 4743 4771 4845 4883 4924 
S 8: 0 | 34 58 87 103 127 217 251 292 339 395 471 488 562 645 730 740 741 752 839 865 978 1013 1018 1145 1240 1285 1326 1379 1383 1472 1477 1489 1575 1629 1693 1714 1724 1795 1806 1879 1934 1941 1972 2046 2123 2127 2175 2191 2240 2245 2280 2313 2368 2452 2470 2558 2614 2684 2706 2722 2844 2879 2951 3015 3066 3145 3157 3204 3248 3317 3382 3392 3413 3450 3512 3538 3612 3641 3706 3768 3848 3868 3940 3949 4080 4104 4113 4234 4368 4420 4464 4551 4640 4655 4713 4743 4771 4845 4883 4924 
S 9: 0 | 34 58 87 103 127 217 251 292 339 395 471 488 562 645 730 740 741 752 839 865 978 1013 1018 1145 1240 1285 1326 1379 1383 1472 1477 1489 1575 1629 1693 1714 1724 1795 1806 1879 1934 1941 1972 2046 2123 2127 2175 2191 2240 2245 2280 2313 2368 2452 2470 2558 2614 2684 2706 2722 2844 2879 2951 3015 3066 3145 3157 3204 3248 3317 3382 3392 3413 3450 3512 3538 3612 3641 3706 3768 3848 3868 3940 3949 4080 4104 4113 4234 4368 4420 4464 4551 4640 4655 4713 4743 4771 4845 4883 4924 
S 10: 0 | 34 58 87 103 127 217 251 292 339 395 471 488 562 645 730 740 741 752 839 865 978 1013 1018 1145 1240 1285 1326 1379 1383 1472 1477 1489 1575 1629 1693 1714 1724 1795 1806 1879 1934 1941 1972 2046 2123 2127 2175 2191 2240 2245 2280 2313 2368 2452 2470 2558 2614 2684 2706 2722 2844 2879 2951 3015 3066 3145 3157 3204 3248 3317 3382 3392 3413 3450 3512 3538 3612 3641 3706 3768 3848 3868 3940 3949 4080 4104 4113 4234 4368 4420 4464 4551 4640 4655 4713 4743 4771 4845 4883 4924 
S 11: 0 | 34 58 87 103 127 217 251 292 339 395 471 488 562 645 730 740 741 752 839 865 978 1013 1018 1145 1240 1285 1326 1379 1383 1472 1477 1489 1575 1629 1693 1714 1724 1795 1806 1879 1934 1941 1972 2046 2123 2127 2175 2191 2240 2245 2280 2313 2368 2452 2470 2558 2614 2684 2706 2722 2844 2879 2951 3015 3066 3145 3157 3204 3248 3317 3382 3392 3413 3450 3512 3538 3612 3641 3706 3768 3848 3868 3940 3949 4080 4104 4113 4234 4368 4420 4464 4551 4640 4655 4713 4743 4771 4845 4883 4924 
S 12: 0 | 34 58 87 103 127 217 251 292 339 395 471 488 562 645 730 740 741 752 839 865 978 1013 1018 1145 1240 1285 1326 1379 1383 1472 1477 1489 1575 1629 1693 1714 1724 1795 1806 1879 1934 1941 1972 2046 2123 2127 2175 2191 2240 2245 2280 2313 2368 2452 2470 2558 2614 2684 2706 2722 2844 2879 2951 3015 3066 3145 3157 3204 3248 3317 3382 3392 3413 3450 3512 3538 3612 3641 3706 3768 3848 3868 3940 3949 4080 4104 4113 4234 4368 4420 4464 4551 4640 4655 4713 4743 4771 4845 4883 4924 
S 13: 0 | 34 58 87 103 127 217 251 292 339 395 471 488 562 645 730 740 741 752 839 865 978 1013 1018 1145 1240 1285 1326 1379 1383 1472 1477 1489 1575 1629 1693 1714 1724 1795 1806 1879 1934 1941 1972 2046 2123 2127 2175 2191 2240 2245 2280 2313 2368 2452 2470 2558 2614 2684 2706 2722 2844 2879 2951 3015 3066 3145 3157 3204 3248 3317 3382 3392 3413 3450 3512 3538 3612 3641 3706 3768 3848 3868 3940 3949 4080 4104 4113 4234 4368 4420 4464 4551 4640 4655 4713 4743 4771 4845 4883 4924 
S 14: 0 | 34 58 87 103 127 217 251 292 339 395 471 488 562 645 730 740 741 752 839 865 978 1013 1018 1145 1240 1285 1326 1379 1383 1472 1477 1489 1575 1629 1693 1714 1724 1795 1806 1879 1934 1941 1972 2046 2123 2127 2175 2191 2240 2245 2280 2313 2368 2452 2470 2558 2614 2684 2706 2722 2844 2879 2951 3015 3066 3145 3157 3204 3248 3317 3382 3392 3413 3450 3512 3538 3612 3641 3706 3768 3848 3868 3940 3949 4080 4104 4113 4234 4368 4420 4464 4551 4640 4655 4713 4743 4771 4845 4883 4924 
S 15: 0 | 34 58 87 103 127 217 251 292 339 395 471 488 562 645 730 740 741 752 839 865 978 1013 1018 1145 1240 1285 1326 1379 1383 1472 1477 1489 1575 1629 1693 1714 1724 1795 1806 1879 1934 1941 1972 2046 2123 2127 2175 2191 2240 2245 2280 2313 2368 2452 2470 2558 2614 2684 2706 2722 2844 2879 2951 3015 3066 3145 3157 3204 3248 3317 3382 3392 3413 3450 3512 3538 3612 3641 3706 3768 3848 3868 3940 3949 4080 4104 4113 4234 4368 4420 4464 4551 4640 4655 4713 4743 4771 4845 4883 4924 
S 16: 0 | 34 58 87 103 127 217 251 292 339 395 471 488 562 645 730 740 741 752 839 865 978 1013 1018 1145 1240 1285 1326 1379 1383 1472 1477 1489 1575 1629 1693 1714 1724 1795 1806 1879 1934 1941 1972 2046 2123 2127 2175 2191 2240 2245 2280 2313 2368 2452 2470 2558 2614 2684 2706 2722 2844 2879 2951 3015 3066 3145 3157 3204 3248 3317 3382 3392 3413 3450 3512 3538 3612 3641 3706 3768 3848 3868 3940 3949 4080 4104 4113 4234 4368 4420 4464 4551 4640 4655 4713 4743 4771 4845 4883 4924 
S 17: 0 | 34 58 87 103 127 217 251 292 339 395 471 488 562 645 730 740 741 752 839 865 978 1013 1018 1145 1240 1285 1326 1379 1383 1472 1477 1489 1575 1629 1693 1714 1724 1795 1806 1879 1934 1941 1972 2046 2123 2127 2175 2191 2240 2245 2280 2313 2368 2452 2470 2558 2614 2684 2706 2722 2844 2879 2951 3015 3066 3145 3157 3204 3248 3317 3382 3392 3413 3450 3512 3538 3612 3641 3706 3768 3848 3868 3940 3949 4080 4104 4113 4234 4368 4420 4464 4551 4640 4655 4713 4743 4771 4845 4883 4924 
S 18: 0 | 34 58 87 103 127 217 251 292 339 395 471 488 562 645 730 740 741 752 839 865 978 1013 1018 1145 1240 1285 1326 1379 1383 1472 1477 1489 1575 1629 1693 1714 1724 1795 1806 1879 1934 1941 1972 2046 2123 2127 2175 2191 2240 2245 2280 2313 2368 2452 2470 2558 2614 2684 2706 2722 2844 2879 2951 3015 3066 3145 3157 3204 3248 3317 3382 3392 3413 3450 3512 3538 3612 3641 3706 3768 3848 3868 3940 3949 4080 4104 4113 4234 4368 4420 4464 4551 4640 4655 4713 4743 4771 4845 4883 4924 
S 19: 0 | 34 58 87 103 127 217 251 292 339 395 471 488 562 645 730 740 741 752 839 865 978 1013 1018 1145 1240 1285 1326 1379 1383 1472 1477 1489 1575 1629 1693 1714 1724 1795 1806 1879 1934 1941 1972 2046 2123 2127 2175 2191 2240 2245 2280 2313 2368 2452 2470 2558 2614 2684 2706 2722 2844 2879 2951 3015 3066 3145 3157 3204 3248 3317 3382 3392 3413 3450 3512 3538 3612 3641 3706 3768 3848 3868 3940 3949 4080 4104 4113 4234 4368 4420 4464 4551 4640 4655 4713 4743 4771 4845 4883 4924 
ALL EQUAL

Final time = 3479.45
Final solution cost = 21260
