Reading instance small_stp_instances/kroC100_5_05.stp of type D
Finished instance reading
Number of vertices = 100
Number of edges (resources) = 4950
Number of scenarios = 5
Average number of terminals per scenario = 100
Probabilities of Scenarios: (0) 0.07 | (1) 0.28 | (2) 0.42 | (3) 0.14 | (4) 0.09 | 
Average weighted inflation = 0.248518
Largest inflation = 0.499833
MAX_ITERATIONS_SINCE_LAST_IMPROVEMENT 2
MAX_ITERATIONS_SINCE_BEST_SOLUTION 3
Creating solution instance.
Starting Evolutive Framework.
Local search solution cost = 21020
Local search time = 496.566
496.566 local search - EF main loop cycle 0 solution cost 21020
496.572s Cost of SP solution after second stage solver 21020
Local search solution cost = 21020
Local search time = 61.1915
557.763 local search - EF main loop cycle 1 solution cost 21020
557.769s Cost of SP solution after second stage solver 21020
Local search solution cost = 21020
Local search time = 61.2297
618.999 local search - EF main loop cycle 2 solution cost 21020
619.004s Cost of SP solution after second stage solver 21020
Number of cycles 3
Time for each cycle 206.335
619.01s Cost of SP solution after tail step 21020
SELECTED RESOURCES:
11 87 103 127 217 251 292 306 339 395 488 490 562 608 645 730 740 741 752 839 865 978 1001 1013 1065 1145 1164 1240 1285 1326 1383 1472 1522 1527 1575 1629 1655 1693 1714 1778 1798 1879 1934 1941 1972 2046 2123 2127 2191 2199 2240 2245 2337 2368 2419 2555 2558 2624 2684 2722 2754 2844 2879 2934 3015 3066 3145 3157 3204 3246 3317 3382 3392 3413 3450 3512 3538 3619 3706 3768 3848 3868 3940 3949 4080 4104 4113 4189 4368 4456 4464 4551 4640 4655 4713 4743 4771 4845 4883 4924 
SCENARIO'S RESOURCES:
S 0: 0 | 11 87 103 127 217 251 292 306 339 395 488 490 562 608 645 730 740 741 752 839 865 978 1001 1013 1065 1145 1164 1240 1285 1326 1383 1472 1522 1527 1575 1629 1655 1693 1714 1778 1798 1879 1934 1941 1972 2046 2123 2127 2191 2199 2240 2245 2337 2368 2419 2555 2558 2624 2684 2722 2754 2844 2879 2934 3015 3066 3145 3157 3204 3246 3317 3382 3392 3413 3450 3512 3538 3619 3706 3768 3848 3868 3940 3949 4080 4104 4113 4189 4368 4456 4464 4551 4640 4655 4713 4743 4771 4845 4883 4924 
S 1: 0 | 11 87 103 127 217 251 292 306 339 395 488 490 562 608 645 730 740 741 752 839 865 978 1001 1013 1065 1145 1164 1240 1285 1326 1383 1472 1522 1527 1575 1629 1655 1693 1714 1778 1798 1879 1934 1941 1972 2046 2123 2127 2191 2199 2240 2245 2337 2368 2419 2555 2558 2624 2684 2722 2754 2844 2879 2934 3015 3066 3145 3157 3204 3246 3317 3382 3392 3413 3450 3512 3538 3619 3706 3768 3848 3868 3940 3949 4080 4104 4113 4189 4368 4456 4464 4551 4640 4655 4713 4743 4771 4845 4883 4924 
S 2: 0 | 11 87 103 127 217 251 292 306 339 395 488 490 562 608 645 730 740 741 752 839 865 978 1001 1013 1065 1145 1164 1240 1285 1326 1383 1472 1522 1527 1575 1629 1655 1693 1714 1778 1798 1879 1934 1941 1972 2046 2123 2127 2191 2199 2240 2245 2337 2368 2419 2555 2558 2624 2684 2722 2754 2844 2879 2934 3015 3066 3145 3157 3204 3246 3317 3382 3392 3413 3450 3512 3538 3619 3706 3768 3848 3868 3940 3949 4080 4104 4113 4189 4368 4456 4464 4551 4640 4655 4713 4743 4771 4845 4883 4924 
S 3: 0 | 11 87 103 127 217 251 292 306 339 395 488 490 562 608 645 730 740 741 752 839 865 978 1001 1013 1065 1145 1164 1240 1285 1326 1383 1472 1522 1527 1575 1629 1655 1693 1714 1778 1798 1879 1934 1941 1972 2046 2123 2127 2191 2199 2240 2245 2337 2368 2419 2555 2558 2624 2684 2722 2754 2844 2879 2934 3015 3066 3145 3157 3204 3246 3317 3382 3392 3413 3450 3512 3538 3619 3706 3768 3848 3868 3940 3949 4080 4104 4113 4189 4368 4456 4464 4551 4640 4655 4713 4743 4771 4845 4883 4924 
S 4: 0 | 11 87 103 127 217 251 292 306 339 395 488 490 562 608 645 730 740 741 752 839 865 978 1001 1013 1065 1145 1164 1240 1285 1326 1383 1472 1522 1527 1575 1629 1655 1693 1714 1778 1798 1879 1934 1941 1972 2046 2123 2127 2191 2199 2240 2245 2337 2368 2419 2555 2558 2624 2684 2722 2754 2844 2879 2934 3015 3066 3145 3157 3204 3246 3317 3382 3392 3413 3450 3512 3538 3619 3706 3768 3848 3868 3940 3949 4080 4104 4113 4189 4368 4456 4464 4551 4640 4655 4713 4743 4771 4845 4883 4924 
ALL EQUAL

Final time = 619.021
Final solution cost = 21020
