Reading instance small_stp_instances/kroD100_20_05.stp of type D
Finished instance reading
Number of vertices = 100
Number of edges (resources) = 4950
Number of scenarios = 20
Average number of terminals per scenario = 100
Probabilities of Scenarios: (0) 0.02 | (1) 0.06 | (2) 0.09 | (3) 0.01 | (4) 0.11 | (5) 0.07 | (6) 0.05 | (7) 0.05 | (8) 0.06 | (9) 0.02 | (10) 0.14 | (11) 0.09 | (12) 0 | (13) 0.01 | (14) 0.01 | (15) 0.02 | (16) 0.1 | (17) 0.01 | (18) 0.07 | (19) 0.01 | 
Average weighted inflation = 0.249483
Largest inflation = 0.499838
MAX_ITERATIONS_SINCE_LAST_IMPROVEMENT 2
MAX_ITERATIONS_SINCE_BEST_SOLUTION 3
Creating solution instance.
Starting Evolutive Framework.
Local search solution cost = 21492.2
Local search time = 3316.98
3316.98 local search - EF main loop cycle 0 solution cost 21492.2
3317.02s Cost of SP solution after second stage solver 21492.2
Local search solution cost = 21425
Local search time = 250.831
3567.85 local search - EF main loop cycle 1 solution cost 21425
3567.88s Cost of SP solution after second stage solver 21425
Local search solution cost = 21425
Local search time = 250.727
3818.6 local search - EF main loop cycle 2 solution cost 21425
3818.62s Cost of SP solution after second stage solver 21425
Local search solution cost = 21425
Local search time = 250.689
4069.31 local search - EF main loop cycle 3 solution cost 21425
4069.34s Cost of SP solution after second stage solver 21425
Number of cycles 4
Time for each cycle 1017.33
4069.36s Cost of SP solution after tail step 21425
SELECTED RESOURCES:
44 66 130 141 199 241 284 295 348 362 590 623 648 699 743 841 842 978 1046 1055 1082 1176 1243 1259 1282 1320 1330 1456 1512 1570 1617 1624 1655 1754 1763 1834 1866 1906 1944 1995 2029 2087 2117 2151 2224 2243 2292 2323 2394 2418 2453 2541 2594 2596 2634 2688 2736 2767 2835 2892 2956 3015 3152 3156 3186 3193 3257 3259 3326 3360 3417 3443 3544 3549 3634 3680 3764 3819 3897 3932 4004 4058 4081 4142 4149 4189 4229 4309 4327 4426 4457 4480 4550 4591 4704 4752 4797 4830 4852 4880 
SCENARIO'S RESOURCES:
S 0: 0 | 44 66 130 141 199 241 284 295 348 362 590 623 648 699 743 841 842 978 1046 1055 1082 1176 1243 1259 1282 1320 1330 1456 1512 1570 1617 1624 1655 1754 1763 1834 1866 1906 1944 1995 2029 2087 2117 2151 2224 2243 2292 2323 2394 2418 2453 2541 2594 2596 2634 2688 2736 2767 2835 2892 2956 3015 3152 3156 3186 3193 3257 3259 3326 3360 3417 3443 3544 3549 3634 3680 3764 3819 3897 3932 4004 4058 4081 4142 4149 4189 4229 4309 4327 4426 4457 4480 4550 4591 4704 4752 4797 4830 4852 4880 
S 1: 0 | 44 66 130 141 199 241 284 295 348 362 590 623 648 699 743 841 842 978 1046 1055 1082 1176 1243 1259 1282 1320 1330 1456 1512 1570 1617 1624 1655 1754 1763 1834 1866 1906 1944 1995 2029 2087 2117 2151 2224 2243 2292 2323 2394 2418 2453 2541 2594 2596 2634 2688 2736 2767 2835 2892 2956 3015 3152 3156 3186 3193 3257 3259 3326 3360 3417 3443 3544 3549 3634 3680 3764 3819 3897 3932 4004 4058 4081 4142 4149 4189 4229 4309 4327 4426 4457 4480 4550 4591 4704 4752 4797 4830 4852 4880 
S 2: 0 | 44 66 130 141 199 241 284 295 348 362 590 623 648 699 743 841 842 978 1046 1055 1082 1176 1243 1259 1282 1320 1330 1456 1512 1570 1617 1624 1655 1754 1763 1834 1866 1906 1944 1995 2029 2087 2117 2151 2224 2243 2292 2323 2394 2418 2453 2541 2594 2596 2634 2688 2736 2767 2835 2892 2956 3015 3152 3156 3186 3193 3257 3259 3326 3360 3417 3443 3544 3549 3634 3680 3764 3819 3897 3932 4004 4058 4081 4142 4149 4189 4229 4309 4327 4426 4457 4480 4550 4591 4704 4752 4797 4830 4852 4880 
S 3: 0 | 44 66 130 141 199 241 284 295 348 362 590 623 648 699 743 841 842 978 1046 1055 1082 1176 1243 1259 1282 1320 1330 1456 1512 1570 1617 1624 1655 1754 1763 1834 1866 1906 1944 1995 2029 2087 2117 2151 2224 2243 2292 2323 2394 2418 2453 2541 2594 2596 2634 2688 2736 2767 2835 2892 2956 3015 3152 3156 3186 3193 3257 3259 3326 3360 3417 3443 3544 3549 3634 3680 3764 3819 3897 3932 4004 4058 4081 4142 4149 4189 4229 4309 4327 4426 4457 4480 4550 4591 4704 4752 4797 4830 4852 4880 
S 4: 0 | 44 66 130 141 199 241 284 295 348 362 590 623 648 699 743 841 842 978 1046 1055 1082 1176 1243 1259 1282 1320 1330 1456 1512 1570 1617 1624 1655 1754 1763 1834 1866 1906 1944 1995 2029 2087 2117 2151 2224 2243 2292 2323 2394 2418 2453 2541 2594 2596 2634 2688 2736 2767 2835 2892 2956 3015 3152 3156 3186 3193 3257 3259 3326 3360 3417 3443 3544 3549 3634 3680 3764 3819 3897 3932 4004 4058 4081 4142 4149 4189 4229 4309 4327 4426 4457 4480 4550 4591 4704 4752 4797 4830 4852 4880 
S 5: 0 | 44 66 130 141 199 241 284 295 348 362 590 623 648 699 743 841 842 978 1046 1055 1082 1176 1243 1259 1282 1320 1330 1456 1512 1570 1617 1624 1655 1754 1763 1834 1866 1906 1944 1995 2029 2087 2117 2151 2224 2243 2292 2323 2394 2418 2453 2541 2594 2596 2634 2688 2736 2767 2835 2892 2956 3015 3152 3156 3186 3193 3257 3259 3326 3360 3417 3443 3544 3549 3634 3680 3764 3819 3897 3932 4004 4058 4081 4142 4149 4189 4229 4309 4327 4426 4457 4480 4550 4591 4704 4752 4797 4830 4852 4880 
S 6: 0 | 44 66 130 141 199 241 284 295 348 362 590 623 648 699 743 841 842 978 1046 1055 1082 1176 1243 1259 1282 1320 1330 1456 1512 1570 1617 1624 1655 1754 1763 1834 1866 1906 1944 1995 2029 2087 2117 2151 2224 2243 2292 2323 2394 2418 2453 2541 2594 2596 2634 2688 2736 2767 2835 2892 2956 3015 3152 3156 3186 3193 3257 3259 3326 3360 3417 3443 3544 3549 3634 3680 3764 3819 3897 3932 4004 4058 4081 4142 4149 4189 4229 4309 4327 4426 4457 4480 4550 4591 4704 4752 4797 4830 4852 4880 
S 7: 0 | 44 66 130 141 199 241 284 295 348 362 590 623 648 699 743 841 842 978 1046 1055 1082 1176 1243 1259 1282 1320 1330 1456 1512 1570 1617 1624 1655 1754 1763 1834 1866 1906 1944 1995 2029 2087 2117 2151 2224 2243 2292 2323 2394 2418 2453 2541 2594 2596 2634 2688 2736 2767 2835 2892 2956 3015 3152 3156 3186 3193 3257 3259 3326 3360 3417 3443 3544 3549 3634 3680 3764 3819 3897 3932 4004 4058 4081 4142 4149 4189 4229 4309 4327 4426 4457 4480 4550 4591 4704 4752 4797 4830 4852 4880 
S 8: 0 | 44 66 130 141 199 241 284 295 348 362 590 623 648 699 743 841 842 978 1046 1055 1082 1176 1243 1259 1282 1320 1330 1456 1512 1570 1617 1624 1655 1754 1763 1834 1866 1906 1944 1995 2029 2087 2117 2151 2224 2243 2292 2323 2394 2418 2453 2541 2594 2596 2634 2688 2736 2767 2835 2892 2956 3015 3152 3156 3186 3193 3257 3259 3326 3360 3417 3443 3544 3549 3634 3680 3764 3819 3897 3932 4004 4058 4081 4142 4149 4189 4229 4309 4327 4426 4457 4480 4550 4591 4704 4752 4797 4830 4852 4880 
S 9: 0 | 44 66 130 141 199 241 284 295 348 362 590 623 648 699 743 841 842 978 1046 1055 1082 1176 1243 1259 1282 1320 1330 1456 1512 1570 1617 1624 1655 1754 1763 1834 1866 1906 1944 1995 2029 2087 2117 2151 2224 2243 2292 2323 2394 2418 2453 2541 2594 2596 2634 2688 2736 2767 2835 2892 2956 3015 3152 3156 3186 3193 3257 3259 3326 3360 3417 3443 3544 3549 3634 3680 3764 3819 3897 3932 4004 4058 4081 4142 4149 4189 4229 4309 4327 4426 4457 4480 4550 4591 4704 4752 4797 4830 4852 4880 
S 10: 0 | 44 66 130 141 199 241 284 295 348 362 590 623 648 699 743 841 842 978 1046 1055 1082 1176 1243 1259 1282 1320 1330 1456 1512 1570 1617 1624 1655 1754 1763 1834 1866 1906 1944 1995 2029 2087 2117 2151 2224 2243 2292 2323 2394 2418 2453 2541 2594 2596 2634 2688 2736 2767 2835 2892 2956 3015 3152 3156 3186 3193 3257 3259 3326 3360 3417 3443 3544 3549 3634 3680 3764 3819 3897 3932 4004 4058 4081 4142 4149 4189 4229 4309 4327 4426 4457 4480 4550 4591 4704 4752 4797 4830 4852 4880 
S 11: 0 | 44 66 130 141 199 241 284 295 348 362 590 623 648 699 743 841 842 978 1046 1055 1082 1176 1243 1259 1282 1320 1330 1456 1512 1570 1617 1624 1655 1754 1763 1834 1866 1906 1944 1995 2029 2087 2117 2151 2224 2243 2292 2323 2394 2418 2453 2541 2594 2596 2634 2688 2736 2767 2835 2892 2956 3015 3152 3156 3186 3193 3257 3259 3326 3360 3417 3443 3544 3549 3634 3680 3764 3819 3897 3932 4004 4058 4081 4142 4149 4189 4229 4309 4327 4426 4457 4480 4550 4591 4704 4752 4797 4830 4852 4880 
S 12: 0 | 44 66 130 141 199 241 284 295 348 362 590 623 648 699 743 841 842 978 1046 1055 1082 1176 1243 1259 1282 1320 1330 1456 1512 1570 1617 1624 1655 1754 1763 1834 1866 1906 1944 1995 2029 2087 2117 2151 2224 2243 2292 2323 2394 2418 2453 2541 2594 2596 2634 2688 2736 2767 2835 2892 2956 3015 3152 3156 3186 3193 3257 3259 3326 3360 3417 3443 3544 3549 3634 3680 3764 3819 3897 3932 4004 4058 4081 4142 4149 4189 4229 4309 4327 4426 4457 4480 4550 4591 4704 4752 4797 4830 4852 4880 
S 13: 0 | 44 66 130 141 199 241 284 295 348 362 590 623 648 699 743 841 842 978 1046 1055 1082 1176 1243 1259 1282 1320 1330 1456 1512 1570 1617 1624 1655 1754 1763 1834 1866 1906 1944 1995 2029 2087 2117 2151 2224 2243 2292 2323 2394 2418 2453 2541 2594 2596 2634 2688 2736 2767 2835 2892 2956 3015 3152 3156 3186 3193 3257 3259 3326 3360 3417 3443 3544 3549 3634 3680 3764 3819 3897 3932 4004 4058 4081 4142 4149 4189 4229 4309 4327 4426 4457 4480 4550 4591 4704 4752 4797 4830 4852 4880 
S 14: 0 | 44 66 130 141 199 241 284 295 348 362 590 623 648 699 743 841 842 978 1046 1055 1082 1176 1243 1259 1282 1320 1330 1456 1512 1570 1617 1624 1655 1754 1763 1834 1866 1906 1944 1995 2029 2087 2117 2151 2224 2243 2292 2323 2394 2418 2453 2541 2594 2596 2634 2688 2736 2767 2835 2892 2956 3015 3152 3156 3186 3193 3257 3259 3326 3360 3417 3443 3544 3549 3634 3680 3764 3819 3897 3932 4004 4058 4081 4142 4149 4189 4229 4309 4327 4426 4457 4480 4550 4591 4704 4752 4797 4830 4852 4880 
S 15: 0 | 44 66 130 141 199 241 284 295 348 362 590 623 648 699 743 841 842 978 1046 1055 1082 1176 1243 1259 1282 1320 1330 1456 1512 1570 1617 1624 1655 1754 1763 1834 1866 1906 1944 1995 2029 2087 2117 2151 2224 2243 2292 2323 2394 2418 2453 2541 2594 2596 2634 2688 2736 2767 2835 2892 2956 3015 3152 3156 3186 3193 3257 3259 3326 3360 3417 3443 3544 3549 3634 3680 3764 3819 3897 3932 4004 4058 4081 4142 4149 4189 4229 4309 4327 4426 4457 4480 4550 4591 4704 4752 4797 4830 4852 4880 
S 16: 0 | 44 66 130 141 199 241 284 295 348 362 590 623 648 699 743 841 842 978 1046 1055 1082 1176 1243 1259 1282 1320 1330 1456 1512 1570 1617 1624 1655 1754 1763 1834 1866 1906 1944 1995 2029 2087 2117 2151 2224 2243 2292 2323 2394 2418 2453 2541 2594 2596 2634 2688 2736 2767 2835 2892 2956 3015 3152 3156 3186 3193 3257 3259 3326 3360 3417 3443 3544 3549 3634 3680 3764 3819 3897 3932 4004 4058 4081 4142 4149 4189 4229 4309 4327 4426 4457 4480 4550 4591 4704 4752 4797 4830 4852 4880 
S 17: 0 | 44 66 130 141 199 241 284 295 348 362 590 623 648 699 743 841 842 978 1046 1055 1082 1176 1243 1259 1282 1320 1330 1456 1512 1570 1617 1624 1655 1754 1763 1834 1866 1906 1944 1995 2029 2087 2117 2151 2224 2243 2292 2323 2394 2418 2453 2541 2594 2596 2634 2688 2736 2767 2835 2892 2956 3015 3152 3156 3186 3193 3257 3259 3326 3360 3417 3443 3544 3549 3634 3680 3764 3819 3897 3932 4004 4058 4081 4142 4149 4189 4229 4309 4327 4426 4457 4480 4550 4591 4704 4752 4797 4830 4852 4880 
S 18: 0 | 44 66 130 141 199 241 284 295 348 362 590 623 648 699 743 841 842 978 1046 1055 1082 1176 1243 1259 1282 1320 1330 1456 1512 1570 1617 1624 1655 1754 1763 1834 1866 1906 1944 1995 2029 2087 2117 2151 2224 2243 2292 2323 2394 2418 2453 2541 2594 2596 2634 2688 2736 2767 2835 2892 2956 3015 3152 3156 3186 3193 3257 3259 3326 3360 3417 3443 3544 3549 3634 3680 3764 3819 3897 3932 4004 4058 4081 4142 4149 4189 4229 4309 4327 4426 4457 4480 4550 4591 4704 4752 4797 4830 4852 4880 
S 19: 0 | 44 66 130 141 199 241 284 295 348 362 590 623 648 699 743 841 842 978 1046 1055 1082 1176 1243 1259 1282 1320 1330 1456 1512 1570 1617 1624 1655 1754 1763 1834 1866 1906 1944 1995 2029 2087 2117 2151 2224 2243 2292 2323 2394 2418 2453 2541 2594 2596 2634 2688 2736 2767 2835 2892 2956 3015 3152 3156 3186 3193 3257 3259 3326 3360 3417 3443 3544 3549 3634 3680 3764 3819 3897 3932 4004 4058 4081 4142 4149 4189 4229 4309 4327 4426 4457 4480 4550 4591 4704 4752 4797 4830 4852 4880 
ALL EQUAL

Final time = 4069.4
Final solution cost = 21425
