Reading instance small_stp_instances/kroD100_10_05.stp of type D
Finished instance reading
Number of vertices = 100
Number of edges (resources) = 4950
Number of scenarios = 10
Average number of terminals per scenario = 100
Probabilities of Scenarios: (0) 0.05 | (1) 0.17 | (2) 0.08 | (3) 0.16 | (4) 0.26 | (5) 0.13 | (6) 0.01 | (7) 0.05 | (8) 0.02 | (9) 0.07 | 
Average weighted inflation = 0.249646
Largest inflation = 0.499796
MAX_ITERATIONS_SINCE_LAST_IMPROVEMENT 2
MAX_ITERATIONS_SINCE_BEST_SOLUTION 3
Creating solution instance.
Starting Evolutive Framework.
Local search solution cost = 21631
Local search time = 1259.55
1259.55 local search - EF main loop cycle 0 solution cost 21631
1259.58s Cost of SP solution after second stage solver 21631
Local search solution cost = 21544
Local search time = 124.469
1384.04 local search - EF main loop cycle 1 solution cost 21544
1384.05s Cost of SP solution after second stage solver 21544
Local search solution cost = 21544
Local search time = 124.441
1508.5 local search - EF main loop cycle 2 solution cost 21544
1508.51s Cost of SP solution after second stage solver 21544
Local search solution cost = 21544
Local search time = 124.441
1632.95 local search - EF main loop cycle 3 solution cost 21544
1632.96s Cost of SP solution after second stage solver 21544
Number of cycles 4
Time for each cycle 408.24
1632.97s Cost of SP solution after tail step 21544
SELECTED RESOURCES:
44 66 141 179 199 238 295 348 362 590 623 648 699 746 803 830 842 899 978 1046 1055 1082 1176 1243 1259 1282 1330 1456 1512 1570 1617 1624 1655 1754 1763 1815 1834 1866 1906 1944 2029 2117 2131 2151 2224 2243 2323 2367 2394 2418 2457 2541 2570 2594 2634 2688 2736 2767 2843 2913 2956 3015 3152 3156 3193 3209 3257 3264 3323 3360 3417 3443 3544 3549 3634 3680 3767 3819 3838 3932 4004 4058 4081 4142 4149 4189 4229 4294 4309 4426 4457 4480 4550 4591 4704 4752 4797 4830 4852 4880 
SCENARIO'S RESOURCES:
S 0: 0 | 44 66 141 179 199 238 295 348 362 590 623 648 699 746 803 830 842 899 978 1046 1055 1082 1176 1243 1259 1282 1330 1456 1512 1570 1617 1624 1655 1754 1763 1815 1834 1866 1906 1944 2029 2117 2131 2151 2224 2243 2323 2367 2394 2418 2457 2541 2570 2594 2634 2688 2736 2767 2843 2913 2956 3015 3152 3156 3193 3209 3257 3264 3323 3360 3417 3443 3544 3549 3634 3680 3767 3819 3838 3932 4004 4058 4081 4142 4149 4189 4229 4294 4309 4426 4457 4480 4550 4591 4704 4752 4797 4830 4852 4880 
S 1: 0 | 44 66 141 179 199 238 295 348 362 590 623 648 699 746 803 830 842 899 978 1046 1055 1082 1176 1243 1259 1282 1330 1456 1512 1570 1617 1624 1655 1754 1763 1815 1834 1866 1906 1944 2029 2117 2131 2151 2224 2243 2323 2367 2394 2418 2457 2541 2570 2594 2634 2688 2736 2767 2843 2913 2956 3015 3152 3156 3193 3209 3257 3264 3323 3360 3417 3443 3544 3549 3634 3680 3767 3819 3838 3932 4004 4058 4081 4142 4149 4189 4229 4294 4309 4426 4457 4480 4550 4591 4704 4752 4797 4830 4852 4880 
S 2: 0 | 44 66 141 179 199 238 295 348 362 590 623 648 699 746 803 830 842 899 978 1046 1055 1082 1176 1243 1259 1282 1330 1456 1512 1570 1617 1624 1655 1754 1763 1815 1834 1866 1906 1944 2029 2117 2131 2151 2224 2243 2323 2367 2394 2418 2457 2541 2570 2594 2634 2688 2736 2767 2843 2913 2956 3015 3152 3156 3193 3209 3257 3264 3323 3360 3417 3443 3544 3549 3634 3680 3767 3819 3838 3932 4004 4058 4081 4142 4149 4189 4229 4294 4309 4426 4457 4480 4550 4591 4704 4752 4797 4830 4852 4880 
S 3: 0 | 44 66 141 179 199 238 295 348 362 590 623 648 699 746 803 830 842 899 978 1046 1055 1082 1176 1243 1259 1282 1330 1456 1512 1570 1617 1624 1655 1754 1763 1815 1834 1866 1906 1944 2029 2117 2131 2151 2224 2243 2323 2367 2394 2418 2457 2541 2570 2594 2634 2688 2736 2767 2843 2913 2956 3015 3152 3156 3193 3209 3257 3264 3323 3360 3417 3443 3544 3549 3634 3680 3767 3819 3838 3932 4004 4058 4081 4142 4149 4189 4229 4294 4309 4426 4457 4480 4550 4591 4704 4752 4797 4830 4852 4880 
S 4: 0 | 44 66 141 179 199 238 295 348 362 590 623 648 699 746 803 830 842 899 978 1046 1055 1082 1176 1243 1259 1282 1330 1456 1512 1570 1617 1624 1655 1754 1763 1815 1834 1866 1906 1944 2029 2117 2131 2151 2224 2243 2323 2367 2394 2418 2457 2541 2570 2594 2634 2688 2736 2767 2843 2913 2956 3015 3152 3156 3193 3209 3257 3264 3323 3360 3417 3443 3544 3549 3634 3680 3767 3819 3838 3932 4004 4058 4081 4142 4149 4189 4229 4294 4309 4426 4457 4480 4550 4591 4704 4752 4797 4830 4852 4880 
S 5: 0 | 44 66 141 179 199 238 295 348 362 590 623 648 699 746 803 830 842 899 978 1046 1055 1082 1176 1243 1259 1282 1330 1456 1512 1570 1617 1624 1655 1754 1763 1815 1834 1866 1906 1944 2029 2117 2131 2151 2224 2243 2323 2367 2394 2418 2457 2541 2570 2594 2634 2688 2736 2767 2843 2913 2956 3015 3152 3156 3193 3209 3257 3264 3323 3360 3417 3443 3544 3549 3634 3680 3767 3819 3838 3932 4004 4058 4081 4142 4149 4189 4229 4294 4309 4426 4457 4480 4550 4591 4704 4752 4797 4830 4852 4880 
S 6: 0 | 44 66 141 179 199 238 295 348 362 590 623 648 699 746 803 830 842 899 978 1046 1055 1082 1176 1243 1259 1282 1330 1456 1512 1570 1617 1624 1655 1754 1763 1815 1834 1866 1906 1944 2029 2117 2131 2151 2224 2243 2323 2367 2394 2418 2457 2541 2570 2594 2634 2688 2736 2767 2843 2913 2956 3015 3152 3156 3193 3209 3257 3264 3323 3360 3417 3443 3544 3549 3634 3680 3767 3819 3838 3932 4004 4058 4081 4142 4149 4189 4229 4294 4309 4426 4457 4480 4550 4591 4704 4752 4797 4830 4852 4880 
S 7: 0 | 44 66 141 179 199 238 295 348 362 590 623 648 699 746 803 830 842 899 978 1046 1055 1082 1176 1243 1259 1282 1330 1456 1512 1570 1617 1624 1655 1754 1763 1815 1834 1866 1906 1944 2029 2117 2131 2151 2224 2243 2323 2367 2394 2418 2457 2541 2570 2594 2634 2688 2736 2767 2843 2913 2956 3015 3152 3156 3193 3209 3257 3264 3323 3360 3417 3443 3544 3549 3634 3680 3767 3819 3838 3932 4004 4058 4081 4142 4149 4189 4229 4294 4309 4426 4457 4480 4550 4591 4704 4752 4797 4830 4852 4880 
S 8: 0 | 44 66 141 179 199 238 295 348 362 590 623 648 699 746 803 830 842 899 978 1046 1055 1082 1176 1243 1259 1282 1330 1456 1512 1570 1617 1624 1655 1754 1763 1815 1834 1866 1906 1944 2029 2117 2131 2151 2224 2243 2323 2367 2394 2418 2457 2541 2570 2594 2634 2688 2736 2767 2843 2913 2956 3015 3152 3156 3193 3209 3257 3264 3323 3360 3417 3443 3544 3549 3634 3680 3767 3819 3838 3932 4004 4058 4081 4142 4149 4189 4229 4294 4309 4426 4457 4480 4550 4591 4704 4752 4797 4830 4852 4880 
S 9: 0 | 44 66 141 179 199 238 295 348 362 590 623 648 699 746 803 830 842 899 978 1046 1055 1082 1176 1243 1259 1282 1330 1456 1512 1570 1617 1624 1655 1754 1763 1815 1834 1866 1906 1944 2029 2117 2131 2151 2224 2243 2323 2367 2394 2418 2457 2541 2570 2594 2634 2688 2736 2767 2843 2913 2956 3015 3152 3156 3193 3209 3257 3264 3323 3360 3417 3443 3544 3549 3634 3680 3767 3819 3838 3932 4004 4058 4081 4142 4149 4189 4229 4294 4309 4426 4457 4480 4550 4591 4704 4752 4797 4830 4852 4880 
ALL EQUAL

Final time = 1632.99
Final solution cost = 21544
