Reading instance small_stp_instances/kroD100_10_10.stp of type D
Finished instance reading
Number of vertices = 100
Number of edges (resources) = 4950
Number of scenarios = 10
Average number of terminals per scenario = 100
Probabilities of Scenarios: (0) 0.08 | (1) 0.16 | (2) 0.14 | (3) 0.06 | (4) 0.03 | (5) 0.09 | (6) 0.17 | (7) 0.19 | (8) 0.04 | (9) 0.04 | 
Average weighted inflation = 0.500022
Largest inflation = 0.999586
MAX_ITERATIONS_SINCE_LAST_IMPROVEMENT 2
MAX_ITERATIONS_SINCE_BEST_SOLUTION 3
Creating solution instance.
Starting Evolutive Framework.
Local search solution cost = 21859
Local search time = 1339.77
1339.77 local search - EF main loop cycle 0 solution cost 21859
1339.8s Cost of SP solution after second stage solver 21859
Local search solution cost = 21715
Local search time = 128.472
1468.27 local search - EF main loop cycle 1 solution cost 21715
1468.28s Cost of SP solution after second stage solver 21715
Local search solution cost = 21715
Local search time = 128.503
1596.78 local search - EF main loop cycle 2 solution cost 21715
1596.79s Cost of SP solution after second stage solver 21715
Local search solution cost = 21715
Local search time = 128.465
1725.26 local search - EF main loop cycle 3 solution cost 21715
1725.27s Cost of SP solution after second stage solver 21715
Number of cycles 4
Time for each cycle 431.317
1725.28s Cost of SP solution after tail step 21715
SELECTED RESOURCES:
44 66 141 179 199 238 295 348 362 407 509 579 623 648 743 803 830 842 978 997 1046 1055 1082 1176 1209 1259 1320 1330 1456 1512 1570 1617 1624 1754 1763 1834 1866 1906 1944 1995 2011 2117 2131 2151 2224 2275 2292 2367 2394 2418 2453 2541 2570 2594 2634 2688 2736 2767 2835 2892 2970 3015 3152 3156 3193 3197 3257 3264 3323 3326 3443 3471 3525 3544 3634 3680 3767 3819 3838 3932 4004 4058 4081 4142 4149 4189 4229 4294 4309 4426 4457 4480 4550 4591 4704 4752 4783 4830 4880 4901 
SCENARIO'S RESOURCES:
S 0: 0 | 44 66 141 179 199 238 295 348 362 407 509 579 623 648 743 803 830 842 978 997 1046 1055 1082 1176 1209 1259 1320 1330 1456 1512 1570 1617 1624 1754 1763 1834 1866 1906 1944 1995 2011 2117 2131 2151 2224 2275 2292 2367 2394 2418 2453 2541 2570 2594 2634 2688 2736 2767 2835 2892 2970 3015 3152 3156 3193 3197 3257 3264 3323 3326 3443 3471 3525 3544 3634 3680 3767 3819 3838 3932 4004 4058 4081 4142 4149 4189 4229 4294 4309 4426 4457 4480 4550 4591 4704 4752 4783 4830 4880 4901 
S 1: 0 | 44 66 141 179 199 238 295 348 362 407 509 579 623 648 743 803 830 842 978 997 1046 1055 1082 1176 1209 1259 1320 1330 1456 1512 1570 1617 1624 1754 1763 1834 1866 1906 1944 1995 2011 2117 2131 2151 2224 2275 2292 2367 2394 2418 2453 2541 2570 2594 2634 2688 2736 2767 2835 2892 2970 3015 3152 3156 3193 3197 3257 3264 3323 3326 3443 3471 3525 3544 3634 3680 3767 3819 3838 3932 4004 4058 4081 4142 4149 4189 4229 4294 4309 4426 4457 4480 4550 4591 4704 4752 4783 4830 4880 4901 
S 2: 0 | 44 66 141 179 199 238 295 348 362 407 509 579 623 648 743 803 830 842 978 997 1046 1055 1082 1176 1209 1259 1320 1330 1456 1512 1570 1617 1624 1754 1763 1834 1866 1906 1944 1995 2011 2117 2131 2151 2224 2275 2292 2367 2394 2418 2453 2541 2570 2594 2634 2688 2736 2767 2835 2892 2970 3015 3152 3156 3193 3197 3257 3264 3323 3326 3443 3471 3525 3544 3634 3680 3767 3819 3838 3932 4004 4058 4081 4142 4149 4189 4229 4294 4309 4426 4457 4480 4550 4591 4704 4752 4783 4830 4880 4901 
S 3: 0 | 44 66 141 179 199 238 295 348 362 407 509 579 623 648 743 803 830 842 978 997 1046 1055 1082 1176 1209 1259 1320 1330 1456 1512 1570 1617 1624 1754 1763 1834 1866 1906 1944 1995 2011 2117 2131 2151 2224 2275 2292 2367 2394 2418 2453 2541 2570 2594 2634 2688 2736 2767 2835 2892 2970 3015 3152 3156 3193 3197 3257 3264 3323 3326 3443 3471 3525 3544 3634 3680 3767 3819 3838 3932 4004 4058 4081 4142 4149 4189 4229 4294 4309 4426 4457 4480 4550 4591 4704 4752 4783 4830 4880 4901 
S 4: 0 | 44 66 141 179 199 238 295 348 362 407 509 579 623 648 743 803 830 842 978 997 1046 1055 1082 1176 1209 1259 1320 1330 1456 1512 1570 1617 1624 1754 1763 1834 1866 1906 1944 1995 2011 2117 2131 2151 2224 2275 2292 2367 2394 2418 2453 2541 2570 2594 2634 2688 2736 2767 2835 2892 2970 3015 3152 3156 3193 3197 3257 3264 3323 3326 3443 3471 3525 3544 3634 3680 3767 3819 3838 3932 4004 4058 4081 4142 4149 4189 4229 4294 4309 4426 4457 4480 4550 4591 4704 4752 4783 4830 4880 4901 
S 5: 0 | 44 66 141 179 199 238 295 348 362 407 509 579 623 648 743 803 830 842 978 997 1046 1055 1082 1176 1209 1259 1320 1330 1456 1512 1570 1617 1624 1754 1763 1834 1866 1906 1944 1995 2011 2117 2131 2151 2224 2275 2292 2367 2394 2418 2453 2541 2570 2594 2634 2688 2736 2767 2835 2892 2970 3015 3152 3156 3193 3197 3257 3264 3323 3326 3443 3471 3525 3544 3634 3680 3767 3819 3838 3932 4004 4058 4081 4142 4149 4189 4229 4294 4309 4426 4457 4480 4550 4591 4704 4752 4783 4830 4880 4901 
S 6: 0 | 44 66 141 179 199 238 295 348 362 407 509 579 623 648 743 803 830 842 978 997 1046 1055 1082 1176 1209 1259 1320 1330 1456 1512 1570 1617 1624 1754 1763 1834 1866 1906 1944 1995 2011 2117 2131 2151 2224 2275 2292 2367 2394 2418 2453 2541 2570 2594 2634 2688 2736 2767 2835 2892 2970 3015 3152 3156 3193 3197 3257 3264 3323 3326 3443 3471 3525 3544 3634 3680 3767 3819 3838 3932 4004 4058 4081 4142 4149 4189 4229 4294 4309 4426 4457 4480 4550 4591 4704 4752 4783 4830 4880 4901 
S 7: 0 | 44 66 141 179 199 238 295 348 362 407 509 579 623 648 743 803 830 842 978 997 1046 1055 1082 1176 1209 1259 1320 1330 1456 1512 1570 1617 1624 1754 1763 1834 1866 1906 1944 1995 2011 2117 2131 2151 2224 2275 2292 2367 2394 2418 2453 2541 2570 2594 2634 2688 2736 2767 2835 2892 2970 3015 3152 3156 3193 3197 3257 3264 3323 3326 3443 3471 3525 3544 3634 3680 3767 3819 3838 3932 4004 4058 4081 4142 4149 4189 4229 4294 4309 4426 4457 4480 4550 4591 4704 4752 4783 4830 4880 4901 
S 8: 0 | 44 66 141 179 199 238 295 348 362 407 509 579 623 648 743 803 830 842 978 997 1046 1055 1082 1176 1209 1259 1320 1330 1456 1512 1570 1617 1624 1754 1763 1834 1866 1906 1944 1995 2011 2117 2131 2151 2224 2275 2292 2367 2394 2418 2453 2541 2570 2594 2634 2688 2736 2767 2835 2892 2970 3015 3152 3156 3193 3197 3257 3264 3323 3326 3443 3471 3525 3544 3634 3680 3767 3819 3838 3932 4004 4058 4081 4142 4149 4189 4229 4294 4309 4426 4457 4480 4550 4591 4704 4752 4783 4830 4880 4901 
S 9: 0 | 44 66 141 179 199 238 295 348 362 407 509 579 623 648 743 803 830 842 978 997 1046 1055 1082 1176 1209 1259 1320 1330 1456 1512 1570 1617 1624 1754 1763 1834 1866 1906 1944 1995 2011 2117 2131 2151 2224 2275 2292 2367 2394 2418 2453 2541 2570 2594 2634 2688 2736 2767 2835 2892 2970 3015 3152 3156 3193 3197 3257 3264 3323 3326 3443 3471 3525 3544 3634 3680 3767 3819 3838 3932 4004 4058 4081 4142 4149 4189 4229 4294 4309 4426 4457 4480 4550 4591 4704 4752 4783 4830 4880 4901 
ALL EQUAL

Final time = 1725.3
Final solution cost = 21715
