Reading instance small_stp_instances/kroD100_5_05.stp of type D
Finished instance reading
Number of vertices = 100
Number of edges (resources) = 4950
Number of scenarios = 5
Average number of terminals per scenario = 100
Probabilities of Scenarios: (0) 0.14 | (1) 0.01 | (2) 0.43 | (3) 0.32 | (4) 0.1 | 
Average weighted inflation = 0.248445
Largest inflation = 0.499688
MAX_ITERATIONS_SINCE_LAST_IMPROVEMENT 2
MAX_ITERATIONS_SINCE_BEST_SOLUTION 3
Creating solution instance.
Starting Evolutive Framework.
Local search solution cost = 21576.6
Local search time = 857.844
857.844 local search - EF main loop cycle 0 solution cost 21576.6
857.85s Cost of SP solution after second stage solver 21576.6
Local search solution cost = 21567
Local search time = 62.2944
920.144 local search - EF main loop cycle 1 solution cost 21567
920.15s Cost of SP solution after second stage solver 21567
Local search solution cost = 21567
Local search time = 62.2799
982.43 local search - EF main loop cycle 2 solution cost 21567
982.435s Cost of SP solution after second stage solver 21567
Number of cycles 3
Time for each cycle 327.478
982.441s Cost of SP solution after tail step 21567
SELECTED RESOURCES:
44 66 141 154 199 238 284 295 348 362 590 623 648 699 746 803 830 842 978 1046 1055 1082 1176 1261 1282 1330 1512 1570 1617 1624 1655 1754 1763 1815 1834 1864 1906 1944 1995 2029 2117 2131 2151 2224 2243 2292 2367 2394 2418 2453 2541 2570 2594 2634 2688 2736 2767 2820 2892 2956 3015 3152 3156 3193 3209 3257 3259 3323 3360 3443 3471 3544 3549 3634 3680 3709 3767 3819 3838 3932 4004 4058 4081 4142 4149 4189 4229 4294 4309 4396 4426 4480 4550 4591 4704 4752 4797 4830 4880 4901 
SCENARIO'S RESOURCES:
S 0: 0 | 44 66 141 154 199 238 284 295 348 362 590 623 648 699 746 803 830 842 978 1046 1055 1082 1176 1261 1282 1330 1512 1570 1617 1624 1655 1754 1763 1815 1834 1864 1906 1944 1995 2029 2117 2131 2151 2224 2243 2292 2367 2394 2418 2453 2541 2570 2594 2634 2688 2736 2767 2820 2892 2956 3015 3152 3156 3193 3209 3257 3259 3323 3360 3443 3471 3544 3549 3634 3680 3709 3767 3819 3838 3932 4004 4058 4081 4142 4149 4189 4229 4294 4309 4396 4426 4480 4550 4591 4704 4752 4797 4830 4880 4901 
S 1: 0 | 44 66 141 154 199 238 284 295 348 362 590 623 648 699 746 803 830 842 978 1046 1055 1082 1176 1261 1282 1330 1512 1570 1617 1624 1655 1754 1763 1815 1834 1864 1906 1944 1995 2029 2117 2131 2151 2224 2243 2292 2367 2394 2418 2453 2541 2570 2594 2634 2688 2736 2767 2820 2892 2956 3015 3152 3156 3193 3209 3257 3259 3323 3360 3443 3471 3544 3549 3634 3680 3709 3767 3819 3838 3932 4004 4058 4081 4142 4149 4189 4229 4294 4309 4396 4426 4480 4550 4591 4704 4752 4797 4830 4880 4901 
S 2: 0 | 44 66 141 154 199 238 284 295 348 362 590 623 648 699 746 803 830 842 978 1046 1055 1082 1176 1261 1282 1330 1512 1570 1617 1624 1655 1754 1763 1815 1834 1864 1906 1944 1995 2029 2117 2131 2151 2224 2243 2292 2367 2394 2418 2453 2541 2570 2594 2634 2688 2736 2767 2820 2892 2956 3015 3152 3156 3193 3209 3257 3259 3323 3360 3443 3471 3544 3549 3634 3680 3709 3767 3819 3838 3932 4004 4058 4081 4142 4149 4189 4229 4294 4309 4396 4426 4480 4550 4591 4704 4752 4797 4830 4880 4901 
S 3: 0 | 44 66 141 154 199 238 284 295 348 362 590 623 648 699 746 803 830 842 978 1046 1055 1082 1176 1261 1282 1330 1512 1570 1617 1624 1655 1754 1763 1815 1834 1864 1906 1944 1995 2029 2117 2131 2151 2224 2243 2292 2367 2394 2418 2453 2541 2570 2594 2634 2688 2736 2767 2820 2892 2956 3015 3152 3156 3193 3209 3257 3259 3323 3360 3443 3471 3544 3549 3634 3680 3709 3767 3819 3838 3932 4004 4058 4081 4142 4149 4189 4229 4294 4309 4396 4426 4480 4550 4591 4704 4752 4797 4830 4880 4901 
S 4: 0 | 44 66 141 154 199 238 284 295 348 362 590 623 648 699 746 803 830 842 978 1046 1055 1082 1176 1261 1282 1330 1512 1570 1617 1624 1655 1754 1763 1815 1834 1864 1906 1944 1995 2029 2117 2131 2151 2224 2243 2292 2367 2394 2418 2453 2541 2570 2594 2634 2688 2736 2767 2820 2892 2956 3015 3152 3156 3193 3209 3257 3259 3323 3360 3443 3471 3544 3549 3634 3680 3709 3767 3819 3838 3932 4004 4058 4081 4142 4149 4189 4229 4294 4309 4396 4426 4480 4550 4591 4704 4752 4797 4830 4880 4901 
ALL EQUAL

Final time = 982.453
Final solution cost = 21567
