Reading instance small_stp_instances/kroD100_5_03.stp of type D
Finished instance reading
Number of vertices = 100
Number of edges (resources) = 4950
Number of scenarios = 5
Average number of terminals per scenario = 100
Probabilities of Scenarios: (0) 0.28 | (1) 0.38 | (2) 0.05 | (3) 0.15 | (4) 0.14 | 
Average weighted inflation = 0.149772
Largest inflation = 0.299763
MAX_ITERATIONS_SINCE_LAST_IMPROVEMENT 2
MAX_ITERATIONS_SINCE_BEST_SOLUTION 3
Creating solution instance.
Starting Evolutive Framework.
Local search solution cost = 21466.1
Local search time = 580.904
580.904 local search - EF main loop cycle 0 solution cost 21466.1
580.91s Cost of SP solution after second stage solver 21466.1
Local search solution cost = 21464
Local search time = 62.1723
643.082 local search - EF main loop cycle 1 solution cost 21464
643.088s Cost of SP solution after second stage solver 21464
Local search solution cost = 21464
Local search time = 62.1283
705.216 local search - EF main loop cycle 2 solution cost 21464
705.222s Cost of SP solution after second stage solver 21464
Number of cycles 3
Time for each cycle 235.074
705.227s Cost of SP solution after tail step 21464
SELECTED RESOURCES:
44 66 141 188 238 295 348 362 590 623 648 746 803 830 842 978 997 1055 1062 1082 1176 1209 1243 1259 1320 1330 1439 1456 1505 1570 1617 1624 1655 1754 1763 1834 1866 1906 1944 1995 2029 2117 2131 2151 2224 2243 2292 2367 2394 2418 2453 2541 2570 2594 2634 2688 2736 2767 2835 2892 2956 3015 3152 3156 3193 3197 3251 3264 3323 3360 3443 3471 3544 3549 3634 3680 3767 3819 3838 3932 4004 4058 4081 4142 4181 4189 4229 4294 4309 4380 4426 4480 4550 4591 4704 4752 4797 4830 4852 4880 
SCENARIO'S RESOURCES:
S 0: 0 | 44 66 141 188 238 295 348 362 590 623 648 746 803 830 842 978 997 1055 1062 1082 1176 1209 1243 1259 1320 1330 1439 1456 1505 1570 1617 1624 1655 1754 1763 1834 1866 1906 1944 1995 2029 2117 2131 2151 2224 2243 2292 2367 2394 2418 2453 2541 2570 2594 2634 2688 2736 2767 2835 2892 2956 3015 3152 3156 3193 3197 3251 3264 3323 3360 3443 3471 3544 3549 3634 3680 3767 3819 3838 3932 4004 4058 4081 4142 4181 4189 4229 4294 4309 4380 4426 4480 4550 4591 4704 4752 4797 4830 4852 4880 
S 1: 0 | 44 66 141 188 238 295 348 362 590 623 648 746 803 830 842 978 997 1055 1062 1082 1176 1209 1243 1259 1320 1330 1439 1456 1505 1570 1617 1624 1655 1754 1763 1834 1866 1906 1944 1995 2029 2117 2131 2151 2224 2243 2292 2367 2394 2418 2453 2541 2570 2594 2634 2688 2736 2767 2835 2892 2956 3015 3152 3156 3193 3197 3251 3264 3323 3360 3443 3471 3544 3549 3634 3680 3767 3819 3838 3932 4004 4058 4081 4142 4181 4189 4229 4294 4309 4380 4426 4480 4550 4591 4704 4752 4797 4830 4852 4880 
S 2: 0 | 44 66 141 188 238 295 348 362 590 623 648 746 803 830 842 978 997 1055 1062 1082 1176 1209 1243 1259 1320 1330 1439 1456 1505 1570 1617 1624 1655 1754 1763 1834 1866 1906 1944 1995 2029 2117 2131 2151 2224 2243 2292 2367 2394 2418 2453 2541 2570 2594 2634 2688 2736 2767 2835 2892 2956 3015 3152 3156 3193 3197 3251 3264 3323 3360 3443 3471 3544 3549 3634 3680 3767 3819 3838 3932 4004 4058 4081 4142 4181 4189 4229 4294 4309 4380 4426 4480 4550 4591 4704 4752 4797 4830 4852 4880 
S 3: 0 | 44 66 141 188 238 295 348 362 590 623 648 746 803 830 842 978 997 1055 1062 1082 1176 1209 1243 1259 1320 1330 1439 1456 1505 1570 1617 1624 1655 1754 1763 1834 1866 1906 1944 1995 2029 2117 2131 2151 2224 2243 2292 2367 2394 2418 2453 2541 2570 2594 2634 2688 2736 2767 2835 2892 2956 3015 3152 3156 3193 3197 3251 3264 3323 3360 3443 3471 3544 3549 3634 3680 3767 3819 3838 3932 4004 4058 4081 4142 4181 4189 4229 4294 4309 4380 4426 4480 4550 4591 4704 4752 4797 4830 4852 4880 
S 4: 0 | 44 66 141 188 238 295 348 362 590 623 648 746 803 830 842 978 997 1055 1062 1082 1176 1209 1243 1259 1320 1330 1439 1456 1505 1570 1617 1624 1655 1754 1763 1834 1866 1906 1944 1995 2029 2117 2131 2151 2224 2243 2292 2367 2394 2418 2453 2541 2570 2594 2634 2688 2736 2767 2835 2892 2956 3015 3152 3156 3193 3197 3251 3264 3323 3360 3443 3471 3544 3549 3634 3680 3767 3819 3838 3932 4004 4058 4081 4142 4181 4189 4229 4294 4309 4380 4426 4480 4550 4591 4704 4752 4797 4830 4852 4880 
ALL EQUAL

Final time = 705.239
Final solution cost = 21464
