Reading instance small_stp_instances/kroD100_20_03.stp of type D
Finished instance reading
Number of vertices = 100
Number of edges (resources) = 4950
Number of scenarios = 20
Average number of terminals per scenario = 100
Probabilities of Scenarios: (0) 0.04 | (1) 0.07 | (2) 0.07 | (3) 0.02 | (4) 0.01 | (5) 0.04 | (6) 0.06 | (7) 0.05 | (8) 0.05 | (9) 0.07 | (10) 0.06 | (11) 0.06 | (12) 0.06 | (13) 0.01 | (14) 0.1 | (15) 0.04 | (16) 0.04 | (17) 0.04 | (18) 0.03 | (19) 0.08 | 
Average weighted inflation = 0.149475
Largest inflation = 0.29995
MAX_ITERATIONS_SINCE_LAST_IMPROVEMENT 2
MAX_ITERATIONS_SINCE_BEST_SOLUTION 3
Creating solution instance.
Starting Evolutive Framework.
Local search solution cost = 21308
Local search time = 2971.58
2971.58 local search - EF main loop cycle 0 solution cost 21308
2971.6s Cost of SP solution after second stage solver 21308
Local search solution cost = 21308
Local search time = 250.557
3222.16 local search - EF main loop cycle 1 solution cost 21308
3222.18s Cost of SP solution after second stage solver 21308
Local search solution cost = 21308
Local search time = 250.56
3472.74 local search - EF main loop cycle 2 solution cost 21308
3472.76s Cost of SP solution after second stage solver 21308
Number of cycles 3
Time for each cycle 1157.59
3472.78s Cost of SP solution after tail step 21308
SELECTED RESOURCES:
44 66 141 179 199 295 348 362 590 623 648 699 746 803 842 978 997 1046 1055 1082 1176 1243 1259 1297 1320 1330 1512 1570 1617 1624 1655 1754 1763 1834 1866 1906 1944 1995 2029 2087 2117 2180 2224 2243 2292 2367 2394 2418 2453 2541 2570 2594 2634 2688 2707 2767 2835 2892 2956 3015 3152 3156 3193 3209 3257 3264 3323 3360 3443 3471 3544 3549 3634 3680 3709 3767 3819 3838 3869 3926 3932 4058 4081 4142 4149 4189 4229 4294 4309 4396 4426 4480 4550 4591 4704 4752 4797 4830 4852 4880 
SCENARIO'S RESOURCES:
S 0: 0 | 44 66 141 179 199 295 348 362 590 623 648 699 746 803 842 978 997 1046 1055 1082 1176 1243 1259 1297 1320 1330 1512 1570 1617 1624 1655 1754 1763 1834 1866 1906 1944 1995 2029 2087 2117 2180 2224 2243 2292 2367 2394 2418 2453 2541 2570 2594 2634 2688 2707 2767 2835 2892 2956 3015 3152 3156 3193 3209 3257 3264 3323 3360 3443 3471 3544 3549 3634 3680 3709 3767 3819 3838 3869 3926 3932 4058 4081 4142 4149 4189 4229 4294 4309 4396 4426 4480 4550 4591 4704 4752 4797 4830 4852 4880 
S 1: 0 | 44 66 141 179 199 295 348 362 590 623 648 699 746 803 842 978 997 1046 1055 1082 1176 1243 1259 1297 1320 1330 1512 1570 1617 1624 1655 1754 1763 1834 1866 1906 1944 1995 2029 2087 2117 2180 2224 2243 2292 2367 2394 2418 2453 2541 2570 2594 2634 2688 2707 2767 2835 2892 2956 3015 3152 3156 3193 3209 3257 3264 3323 3360 3443 3471 3544 3549 3634 3680 3709 3767 3819 3838 3869 3926 3932 4058 4081 4142 4149 4189 4229 4294 4309 4396 4426 4480 4550 4591 4704 4752 4797 4830 4852 4880 
S 2: 0 | 44 66 141 179 199 295 348 362 590 623 648 699 746 803 842 978 997 1046 1055 1082 1176 1243 1259 1297 1320 1330 1512 1570 1617 1624 1655 1754 1763 1834 1866 1906 1944 1995 2029 2087 2117 2180 2224 2243 2292 2367 2394 2418 2453 2541 2570 2594 2634 2688 2707 2767 2835 2892 2956 3015 3152 3156 3193 3209 3257 3264 3323 3360 3443 3471 3544 3549 3634 3680 3709 3767 3819 3838 3869 3926 3932 4058 4081 4142 4149 4189 4229 4294 4309 4396 4426 4480 4550 4591 4704 4752 4797 4830 4852 4880 
S 3: 0 | 44 66 141 179 199 295 348 362 590 623 648 699 746 803 842 978 997 1046 1055 1082 1176 1243 1259 1297 1320 1330 1512 1570 1617 1624 1655 1754 1763 1834 1866 1906 1944 1995 2029 2087 2117 2180 2224 2243 2292 2367 2394 2418 2453 2541 2570 2594 2634 2688 2707 2767 2835 2892 2956 3015 3152 3156 3193 3209 3257 3264 3323 3360 3443 3471 3544 3549 3634 3680 3709 3767 3819 3838 3869 3926 3932 4058 4081 4142 4149 4189 4229 4294 4309 4396 4426 4480 4550 4591 4704 4752 4797 4830 4852 4880 
S 4: 0 | 44 66 141 179 199 295 348 362 590 623 648 699 746 803 842 978 997 1046 1055 1082 1176 1243 1259 1297 1320 1330 1512 1570 1617 1624 1655 1754 1763 1834 1866 1906 1944 1995 2029 2087 2117 2180 2224 2243 2292 2367 2394 2418 2453 2541 2570 2594 2634 2688 2707 2767 2835 2892 2956 3015 3152 3156 3193 3209 3257 3264 3323 3360 3443 3471 3544 3549 3634 3680 3709 3767 3819 3838 3869 3926 3932 4058 4081 4142 4149 4189 4229 4294 4309 4396 4426 4480 4550 4591 4704 4752 4797 4830 4852 4880 
S 5: 0 | 44 66 141 179 199 295 348 362 590 623 648 699 746 803 842 978 997 1046 1055 1082 1176 1243 1259 1297 1320 1330 1512 1570 1617 1624 1655 1754 1763 1834 1866 1906 1944 1995 2029 2087 2117 2180 2224 2243 2292 2367 2394 2418 2453 2541 2570 2594 2634 2688 2707 2767 2835 2892 2956 3015 3152 3156 3193 3209 3257 3264 3323 3360 3443 3471 3544 3549 3634 3680 3709 3767 3819 3838 3869 3926 3932 4058 4081 4142 4149 4189 4229 4294 4309 4396 4426 4480 4550 4591 4704 4752 4797 4830 4852 4880 
S 6: 0 | 44 66 141 179 199 295 348 362 590 623 648 699 746 803 842 978 997 1046 1055 1082 1176 1243 1259 1297 1320 1330 1512 1570 1617 1624 1655 1754 1763 1834 1866 1906 1944 1995 2029 2087 2117 2180 2224 2243 2292 2367 2394 2418 2453 2541 2570 2594 2634 2688 2707 2767 2835 2892 2956 3015 3152 3156 3193 3209 3257 3264 3323 3360 3443 3471 3544 3549 3634 3680 3709 3767 3819 3838 3869 3926 3932 4058 4081 4142 4149 4189 4229 4294 4309 4396 4426 4480 4550 4591 4704 4752 4797 4830 4852 4880 
S 7: 0 | 44 66 141 179 199 295 348 362 590 623 648 699 746 803 842 978 997 1046 1055 1082 1176 1243 1259 1297 1320 1330 1512 1570 1617 1624 1655 1754 1763 1834 1866 1906 1944 1995 2029 2087 2117 2180 2224 2243 2292 2367 2394 2418 2453 2541 2570 2594 2634 2688 2707 2767 2835 2892 2956 3015 3152 3156 3193 3209 3257 3264 3323 3360 3443 3471 3544 3549 3634 3680 3709 3767 3819 3838 3869 3926 3932 4058 4081 4142 4149 4189 4229 4294 4309 4396 4426 4480 4550 4591 4704 4752 4797 4830 4852 4880 
S 8: 0 | 44 66 141 179 199 295 348 362 590 623 648 699 746 803 842 978 997 1046 1055 1082 1176 1243 1259 1297 1320 1330 1512 1570 1617 1624 1655 1754 1763 1834 1866 1906 1944 1995 2029 2087 2117 2180 2224 2243 2292 2367 2394 2418 2453 2541 2570 2594 2634 2688 2707 2767 2835 2892 2956 3015 3152 3156 3193 3209 3257 3264 3323 3360 3443 3471 3544 3549 3634 3680 3709 3767 3819 3838 3869 3926 3932 4058 4081 4142 4149 4189 4229 4294 4309 4396 4426 4480 4550 4591 4704 4752 4797 4830 4852 4880 
S 9: 0 | 44 66 141 179 199 295 348 362 590 623 648 699 746 803 842 978 997 1046 1055 1082 1176 1243 1259 1297 1320 1330 1512 1570 1617 1624 1655 1754 1763 1834 1866 1906 1944 1995 2029 2087 2117 2180 2224 2243 2292 2367 2394 2418 2453 2541 2570 2594 2634 2688 2707 2767 2835 2892 2956 3015 3152 3156 3193 3209 3257 3264 3323 3360 3443 3471 3544 3549 3634 3680 3709 3767 3819 3838 3869 3926 3932 4058 4081 4142 4149 4189 4229 4294 4309 4396 4426 4480 4550 4591 4704 4752 4797 4830 4852 4880 
S 10: 0 | 44 66 141 179 199 295 348 362 590 623 648 699 746 803 842 978 997 1046 1055 1082 1176 1243 1259 1297 1320 1330 1512 1570 1617 1624 1655 1754 1763 1834 1866 1906 1944 1995 2029 2087 2117 2180 2224 2243 2292 2367 2394 2418 2453 2541 2570 2594 2634 2688 2707 2767 2835 2892 2956 3015 3152 3156 3193 3209 3257 3264 3323 3360 3443 3471 3544 3549 3634 3680 3709 3767 3819 3838 3869 3926 3932 4058 4081 4142 4149 4189 4229 4294 4309 4396 4426 4480 4550 4591 4704 4752 4797 4830 4852 4880 
S 11: 0 | 44 66 141 179 199 295 348 362 590 623 648 699 746 803 842 978 997 1046 1055 1082 1176 1243 1259 1297 1320 1330 1512 1570 1617 1624 1655 1754 1763 1834 1866 1906 1944 1995 2029 2087 2117 2180 2224 2243 2292 2367 2394 2418 2453 2541 2570 2594 2634 2688 2707 2767 2835 2892 2956 3015 3152 3156 3193 3209 3257 3264 3323 3360 3443 3471 3544 3549 3634 3680 3709 3767 3819 3838 3869 3926 3932 4058 4081 4142 4149 4189 4229 4294 4309 4396 4426 4480 4550 4591 4704 4752 4797 4830 4852 4880 
S 12: 0 | 44 66 141 179 199 295 348 362 590 623 648 699 746 803 842 978 997 1046 1055 1082 1176 1243 1259 1297 1320 1330 1512 1570 1617 1624 1655 1754 1763 1834 1866 1906 1944 1995 2029 2087 2117 2180 2224 2243 2292 2367 2394 2418 2453 2541 2570 2594 2634 2688 2707 2767 2835 2892 2956 3015 3152 3156 3193 3209 3257 3264 3323 3360 3443 3471 3544 3549 3634 3680 3709 3767 3819 3838 3869 3926 3932 4058 4081 4142 4149 4189 4229 4294 4309 4396 4426 4480 4550 4591 4704 4752 4797 4830 4852 4880 
S 13: 0 | 44 66 141 179 199 295 348 362 590 623 648 699 746 803 842 978 997 1046 1055 1082 1176 1243 1259 1297 1320 1330 1512 1570 1617 1624 1655 1754 1763 1834 1866 1906 1944 1995 2029 2087 2117 2180 2224 2243 2292 2367 2394 2418 2453 2541 2570 2594 2634 2688 2707 2767 2835 2892 2956 3015 3152 3156 3193 3209 3257 3264 3323 3360 3443 3471 3544 3549 3634 3680 3709 3767 3819 3838 3869 3926 3932 4058 4081 4142 4149 4189 4229 4294 4309 4396 4426 4480 4550 4591 4704 4752 4797 4830 4852 4880 
S 14: 0 | 44 66 141 179 199 295 348 362 590 623 648 699 746 803 842 978 997 1046 1055 1082 1176 1243 1259 1297 1320 1330 1512 1570 1617 1624 1655 1754 1763 1834 1866 1906 1944 1995 2029 2087 2117 2180 2224 2243 2292 2367 2394 2418 2453 2541 2570 2594 2634 2688 2707 2767 2835 2892 2956 3015 3152 3156 3193 3209 3257 3264 3323 3360 3443 3471 3544 3549 3634 3680 3709 3767 3819 3838 3869 3926 3932 4058 4081 4142 4149 4189 4229 4294 4309 4396 4426 4480 4550 4591 4704 4752 4797 4830 4852 4880 
S 15: 0 | 44 66 141 179 199 295 348 362 590 623 648 699 746 803 842 978 997 1046 1055 1082 1176 1243 1259 1297 1320 1330 1512 1570 1617 1624 1655 1754 1763 1834 1866 1906 1944 1995 2029 2087 2117 2180 2224 2243 2292 2367 2394 2418 2453 2541 2570 2594 2634 2688 2707 2767 2835 2892 2956 3015 3152 3156 3193 3209 3257 3264 3323 3360 3443 3471 3544 3549 3634 3680 3709 3767 3819 3838 3869 3926 3932 4058 4081 4142 4149 4189 4229 4294 4309 4396 4426 4480 4550 4591 4704 4752 4797 4830 4852 4880 
S 16: 0 | 44 66 141 179 199 295 348 362 590 623 648 699 746 803 842 978 997 1046 1055 1082 1176 1243 1259 1297 1320 1330 1512 1570 1617 1624 1655 1754 1763 1834 1866 1906 1944 1995 2029 2087 2117 2180 2224 2243 2292 2367 2394 2418 2453 2541 2570 2594 2634 2688 2707 2767 2835 2892 2956 3015 3152 3156 3193 3209 3257 3264 3323 3360 3443 3471 3544 3549 3634 3680 3709 3767 3819 3838 3869 3926 3932 4058 4081 4142 4149 4189 4229 4294 4309 4396 4426 4480 4550 4591 4704 4752 4797 4830 4852 4880 
S 17: 0 | 44 66 141 179 199 295 348 362 590 623 648 699 746 803 842 978 997 1046 1055 1082 1176 1243 1259 1297 1320 1330 1512 1570 1617 1624 1655 1754 1763 1834 1866 1906 1944 1995 2029 2087 2117 2180 2224 2243 2292 2367 2394 2418 2453 2541 2570 2594 2634 2688 2707 2767 2835 2892 2956 3015 3152 3156 3193 3209 3257 3264 3323 3360 3443 3471 3544 3549 3634 3680 3709 3767 3819 3838 3869 3926 3932 4058 4081 4142 4149 4189 4229 4294 4309 4396 4426 4480 4550 4591 4704 4752 4797 4830 4852 4880 
S 18: 0 | 44 66 141 179 199 295 348 362 590 623 648 699 746 803 842 978 997 1046 1055 1082 1176 1243 1259 1297 1320 1330 1512 1570 1617 1624 1655 1754 1763 1834 1866 1906 1944 1995 2029 2087 2117 2180 2224 2243 2292 2367 2394 2418 2453 2541 2570 2594 2634 2688 2707 2767 2835 2892 2956 3015 3152 3156 3193 3209 3257 3264 3323 3360 3443 3471 3544 3549 3634 3680 3709 3767 3819 3838 3869 3926 3932 4058 4081 4142 4149 4189 4229 4294 4309 4396 4426 4480 4550 4591 4704 4752 4797 4830 4852 4880 
S 19: 0 | 44 66 141 179 199 295 348 362 590 623 648 699 746 803 842 978 997 1046 1055 1082 1176 1243 1259 1297 1320 1330 1512 1570 1617 1624 1655 1754 1763 1834 1866 1906 1944 1995 2029 2087 2117 2180 2224 2243 2292 2367 2394 2418 2453 2541 2570 2594 2634 2688 2707 2767 2835 2892 2956 3015 3152 3156 3193 3209 3257 3264 3323 3360 3443 3471 3544 3549 3634 3680 3709 3767 3819 3838 3869 3926 3932 4058 4081 4142 4149 4189 4229 4294 4309 4396 4426 4480 4550 4591 4704 4752 4797 4830 4852 4880 
ALL EQUAL

Final time = 3472.82
Final solution cost = 21308
