Reading instance small_stp_instances/kroD100_20_10.stp of type D
Finished instance reading
Number of vertices = 100
Number of edges (resources) = 4950
Number of scenarios = 20
Average number of terminals per scenario = 100
Probabilities of Scenarios: (0) 0.01 | (1) 0.12 | (2) 0.04 | (3) 0.06 | (4) 0.02 | (5) 0.01 | (6) 0.06 | (7) 0.02 | (8) 0.02 | (9) 0.15 | (10) 0.05 | (11) 0 | (12) 0.04 | (13) 0.03 | (14) 0.09 | (15) 0.09 | (16) 0.02 | (17) 0.02 | (18) 0.03 | (19) 0.12 | 
Average weighted inflation = 0.500402
Largest inflation = 0.999734
MAX_ITERATIONS_SINCE_LAST_IMPROVEMENT 2
MAX_ITERATIONS_SINCE_BEST_SOLUTION 3
Creating solution instance.
Starting Evolutive Framework.
Local search solution cost = 22395.3
Local search time = 4096.45
4096.45 local search - EF main loop cycle 0 solution cost 22395.3
4096.55s Cost of SP solution after second stage solver 22395.3
Local search solution cost = 21977.6
Local search time = 267.583
4364.13 local search - EF main loop cycle 1 solution cost 21977.6
4364.16s Cost of SP solution after second stage solver 21977.6
Local search solution cost = 21923
Local search time = 256.162
4620.32 local search - EF main loop cycle 2 solution cost 21923
4620.34s Cost of SP solution after second stage solver 21923
Local search solution cost = 21923
Local search time = 255.873
4876.22 local search - EF main loop cycle 3 solution cost 21923
4876.24s Cost of SP solution after second stage solver 21923
Local search solution cost = 21923
Local search time = 256.046
5132.28 local search - EF main loop cycle 4 solution cost 21923
5132.31s Cost of SP solution after second stage solver 21923
Number of cycles 5
Time for each cycle 1026.46
5132.33s Cost of SP solution after tail step 21923
SELECTED RESOURCES:
44 66 141 179 199 238 295 348 362 590 623 648 699 746 803 830 842 864 978 997 1046 1055 1082 1176 1243 1259 1320 1330 1456 1512 1570 1617 1624 1754 1763 1834 1866 1906 1944 2011 2029 2117 2131 2151 2224 2243 2292 2293 2367 2394 2418 2541 2570 2594 2634 2688 2736 2767 2835 2892 2956 3015 3152 3156 3193 3209 3257 3264 3323 3360 3441 3443 3488 3544 3634 3680 3767 3819 3838 3932 4004 4058 4081 4142 4149 4229 4256 4294 4309 4426 4457 4528 4550 4591 4704 4752 4797 4830 4852 4880 
SCENARIO'S RESOURCES:
S 0: 0 | 44 66 141 179 199 238 295 348 362 590 623 648 699 746 803 830 842 864 978 997 1046 1055 1082 1176 1243 1259 1320 1330 1456 1512 1570 1617 1624 1754 1763 1834 1866 1906 1944 2011 2029 2117 2131 2151 2224 2243 2292 2293 2367 2394 2418 2541 2570 2594 2634 2688 2736 2767 2835 2892 2956 3015 3152 3156 3193 3209 3257 3264 3323 3360 3441 3443 3488 3544 3634 3680 3767 3819 3838 3932 4004 4058 4081 4142 4149 4229 4256 4294 4309 4426 4457 4528 4550 4591 4704 4752 4797 4830 4852 4880 
S 1: 0 | 44 66 141 179 199 238 295 348 362 590 623 648 699 746 803 830 842 864 978 997 1046 1055 1082 1176 1243 1259 1320 1330 1456 1512 1570 1617 1624 1754 1763 1834 1866 1906 1944 2011 2029 2117 2131 2151 2224 2243 2292 2293 2367 2394 2418 2541 2570 2594 2634 2688 2736 2767 2835 2892 2956 3015 3152 3156 3193 3209 3257 3264 3323 3360 3441 3443 3488 3544 3634 3680 3767 3819 3838 3932 4004 4058 4081 4142 4149 4229 4256 4294 4309 4426 4457 4528 4550 4591 4704 4752 4797 4830 4852 4880 
S 2: 0 | 44 66 141 179 199 238 295 348 362 590 623 648 699 746 803 830 842 864 978 997 1046 1055 1082 1176 1243 1259 1320 1330 1456 1512 1570 1617 1624 1754 1763 1834 1866 1906 1944 2011 2029 2117 2131 2151 2224 2243 2292 2293 2367 2394 2418 2541 2570 2594 2634 2688 2736 2767 2835 2892 2956 3015 3152 3156 3193 3209 3257 3264 3323 3360 3441 3443 3488 3544 3634 3680 3767 3819 3838 3932 4004 4058 4081 4142 4149 4229 4256 4294 4309 4426 4457 4528 4550 4591 4704 4752 4797 4830 4852 4880 
S 3: 0 | 44 66 141 179 199 238 295 348 362 590 623 648 699 746 803 830 842 864 978 997 1046 1055 1082 1176 1243 1259 1320 1330 1456 1512 1570 1617 1624 1754 1763 1834 1866 1906 1944 2011 2029 2117 2131 2151 2224 2243 2292 2293 2367 2394 2418 2541 2570 2594 2634 2688 2736 2767 2835 2892 2956 3015 3152 3156 3193 3209 3257 3264 3323 3360 3441 3443 3488 3544 3634 3680 3767 3819 3838 3932 4004 4058 4081 4142 4149 4229 4256 4294 4309 4426 4457 4528 4550 4591 4704 4752 4797 4830 4852 4880 
S 4: 0 | 44 66 141 179 199 238 295 348 362 590 623 648 699 746 803 830 842 864 978 997 1046 1055 1082 1176 1243 1259 1320 1330 1456 1512 1570 1617 1624 1754 1763 1834 1866 1906 1944 2011 2029 2117 2131 2151 2224 2243 2292 2293 2367 2394 2418 2541 2570 2594 2634 2688 2736 2767 2835 2892 2956 3015 3152 3156 3193 3209 3257 3264 3323 3360 3441 3443 3488 3544 3634 3680 3767 3819 3838 3932 4004 4058 4081 4142 4149 4229 4256 4294 4309 4426 4457 4528 4550 4591 4704 4752 4797 4830 4852 4880 
S 5: 0 | 44 66 141 179 199 238 295 348 362 590 623 648 699 746 803 830 842 864 978 997 1046 1055 1082 1176 1243 1259 1320 1330 1456 1512 1570 1617 1624 1754 1763 1834 1866 1906 1944 2011 2029 2117 2131 2151 2224 2243 2292 2293 2367 2394 2418 2541 2570 2594 2634 2688 2736 2767 2835 2892 2956 3015 3152 3156 3193 3209 3257 3264 3323 3360 3441 3443 3488 3544 3634 3680 3767 3819 3838 3932 4004 4058 4081 4142 4149 4229 4256 4294 4309 4426 4457 4528 4550 4591 4704 4752 4797 4830 4852 4880 
S 6: 0 | 44 66 141 179 199 238 295 348 362 590 623 648 699 746 803 830 842 864 978 997 1046 1055 1082 1176 1243 1259 1320 1330 1456 1512 1570 1617 1624 1754 1763 1834 1866 1906 1944 2011 2029 2117 2131 2151 2224 2243 2292 2293 2367 2394 2418 2541 2570 2594 2634 2688 2736 2767 2835 2892 2956 3015 3152 3156 3193 3209 3257 3264 3323 3360 3441 3443 3488 3544 3634 3680 3767 3819 3838 3932 4004 4058 4081 4142 4149 4229 4256 4294 4309 4426 4457 4528 4550 4591 4704 4752 4797 4830 4852 4880 
S 7: 0 | 44 66 141 179 199 238 295 348 362 590 623 648 699 746 803 830 842 864 978 997 1046 1055 1082 1176 1243 1259 1320 1330 1456 1512 1570 1617 1624 1754 1763 1834 1866 1906 1944 2011 2029 2117 2131 2151 2224 2243 2292 2293 2367 2394 2418 2541 2570 2594 2634 2688 2736 2767 2835 2892 2956 3015 3152 3156 3193 3209 3257 3264 3323 3360 3441 3443 3488 3544 3634 3680 3767 3819 3838 3932 4004 4058 4081 4142 4149 4229 4256 4294 4309 4426 4457 4528 4550 4591 4704 4752 4797 4830 4852 4880 
S 8: 0 | 44 66 141 179 199 238 295 348 362 590 623 648 699 746 803 830 842 864 978 997 1046 1055 1082 1176 1243 1259 1320 1330 1456 1512 1570 1617 1624 1754 1763 1834 1866 1906 1944 2011 2029 2117 2131 2151 2224 2243 2292 2293 2367 2394 2418 2541 2570 2594 2634 2688 2736 2767 2835 2892 2956 3015 3152 3156 3193 3209 3257 3264 3323 3360 3441 3443 3488 3544 3634 3680 3767 3819 3838 3932 4004 4058 4081 4142 4149 4229 4256 4294 4309 4426 4457 4528 4550 4591 4704 4752 4797 4830 4852 4880 
S 9: 0 | 44 66 141 179 199 238 295 348 362 590 623 648 699 746 803 830 842 864 978 997 1046 1055 1082 1176 1243 1259 1320 1330 1456 1512 1570 1617 1624 1754 1763 1834 1866 1906 1944 2011 2029 2117 2131 2151 2224 2243 2292 2293 2367 2394 2418 2541 2570 2594 2634 2688 2736 2767 2835 2892 2956 3015 3152 3156 3193 3209 3257 3264 3323 3360 3441 3443 3488 3544 3634 3680 3767 3819 3838 3932 4004 4058 4081 4142 4149 4229 4256 4294 4309 4426 4457 4528 4550 4591 4704 4752 4797 4830 4852 4880 
S 10: 0 | 44 66 141 179 199 238 295 348 362 590 623 648 699 746 803 830 842 864 978 997 1046 1055 1082 1176 1243 1259 1320 1330 1456 1512 1570 1617 1624 1754 1763 1834 1866 1906 1944 2011 2029 2117 2131 2151 2224 2243 2292 2293 2367 2394 2418 2541 2570 2594 2634 2688 2736 2767 2835 2892 2956 3015 3152 3156 3193 3209 3257 3264 3323 3360 3441 3443 3488 3544 3634 3680 3767 3819 3838 3932 4004 4058 4081 4142 4149 4229 4256 4294 4309 4426 4457 4528 4550 4591 4704 4752 4797 4830 4852 4880 
S 11: 0 | 44 66 141 179 199 238 295 348 362 590 623 648 699 746 803 830 842 864 978 997 1046 1055 1082 1176 1243 1259 1320 1330 1456 1512 1570 1617 1624 1754 1763 1834 1866 1906 1944 2011 2029 2117 2131 2151 2224 2243 2292 2293 2367 2394 2418 2541 2570 2594 2634 2688 2736 2767 2835 2892 2956 3015 3152 3156 3193 3209 3257 3264 3323 3360 3441 3443 3488 3544 3634 3680 3767 3819 3838 3932 4004 4058 4081 4142 4149 4229 4256 4294 4309 4426 4457 4528 4550 4591 4704 4752 4797 4830 4852 4880 
S 12: 0 | 44 66 141 179 199 238 295 348 362 590 623 648 699 746 803 830 842 864 978 997 1046 1055 1082 1176 1243 1259 1320 1330 1456 1512 1570 1617 1624 1754 1763 1834 1866 1906 1944 2011 2029 2117 2131 2151 2224 2243 2292 2293 2367 2394 2418 2541 2570 2594 2634 2688 2736 2767 2835 2892 2956 3015 3152 3156 3193 3209 3257 3264 3323 3360 3441 3443 3488 3544 3634 3680 3767 3819 3838 3932 4004 4058 4081 4142 4149 4229 4256 4294 4309 4426 4457 4528 4550 4591 4704 4752 4797 4830 4852 4880 
S 13: 0 | 44 66 141 179 199 238 295 348 362 590 623 648 699 746 803 830 842 864 978 997 1046 1055 1082 1176 1243 1259 1320 1330 1456 1512 1570 1617 1624 1754 1763 1834 1866 1906 1944 2011 2029 2117 2131 2151 2224 2243 2292 2293 2367 2394 2418 2541 2570 2594 2634 2688 2736 2767 2835 2892 2956 3015 3152 3156 3193 3209 3257 3264 3323 3360 3441 3443 3488 3544 3634 3680 3767 3819 3838 3932 4004 4058 4081 4142 4149 4229 4256 4294 4309 4426 4457 4528 4550 4591 4704 4752 4797 4830 4852 4880 
S 14: 0 | 44 66 141 179 199 238 295 348 362 590 623 648 699 746 803 830 842 864 978 997 1046 1055 1082 1176 1243 1259 1320 1330 1456 1512 1570 1617 1624 1754 1763 1834 1866 1906 1944 2011 2029 2117 2131 2151 2224 2243 2292 2293 2367 2394 2418 2541 2570 2594 2634 2688 2736 2767 2835 2892 2956 3015 3152 3156 3193 3209 3257 3264 3323 3360 3441 3443 3488 3544 3634 3680 3767 3819 3838 3932 4004 4058 4081 4142 4149 4229 4256 4294 4309 4426 4457 4528 4550 4591 4704 4752 4797 4830 4852 4880 
S 15: 0 | 44 66 141 179 199 238 295 348 362 590 623 648 699 746 803 830 842 864 978 997 1046 1055 1082 1176 1243 1259 1320 1330 1456 1512 1570 1617 1624 1754 1763 1834 1866 1906 1944 2011 2029 2117 2131 2151 2224 2243 2292 2293 2367 2394 2418 2541 2570 2594 2634 2688 2736 2767 2835 2892 2956 3015 3152 3156 3193 3209 3257 3264 3323 3360 3441 3443 3488 3544 3634 3680 3767 3819 3838 3932 4004 4058 4081 4142 4149 4229 4256 4294 4309 4426 4457 4528 4550 4591 4704 4752 4797 4830 4852 4880 
S 16: 0 | 44 66 141 179 199 238 295 348 362 590 623 648 699 746 803 830 842 864 978 997 1046 1055 1082 1176 1243 1259 1320 1330 1456 1512 1570 1617 1624 1754 1763 1834 1866 1906 1944 2011 2029 2117 2131 2151 2224 2243 2292 2293 2367 2394 2418 2541 2570 2594 2634 2688 2736 2767 2835 2892 2956 3015 3152 3156 3193 3209 3257 3264 3323 3360 3441 3443 3488 3544 3634 3680 3767 3819 3838 3932 4004 4058 4081 4142 4149 4229 4256 4294 4309 4426 4457 4528 4550 4591 4704 4752 4797 4830 4852 4880 
S 17: 0 | 44 66 141 179 199 238 295 348 362 590 623 648 699 746 803 830 842 864 978 997 1046 1055 1082 1176 1243 1259 1320 1330 1456 1512 1570 1617 1624 1754 1763 1834 1866 1906 1944 2011 2029 2117 2131 2151 2224 2243 2292 2293 2367 2394 2418 2541 2570 2594 2634 2688 2736 2767 2835 2892 2956 3015 3152 3156 3193 3209 3257 3264 3323 3360 3441 3443 3488 3544 3634 3680 3767 3819 3838 3932 4004 4058 4081 4142 4149 4229 4256 4294 4309 4426 4457 4528 4550 4591 4704 4752 4797 4830 4852 4880 
S 18: 0 | 44 66 141 179 199 238 295 348 362 590 623 648 699 746 803 830 842 864 978 997 1046 1055 1082 1176 1243 1259 1320 1330 1456 1512 1570 1617 1624 1754 1763 1834 1866 1906 1944 2011 2029 2117 2131 2151 2224 2243 2292 2293 2367 2394 2418 2541 2570 2594 2634 2688 2736 2767 2835 2892 2956 3015 3152 3156 3193 3209 3257 3264 3323 3360 3441 3443 3488 3544 3634 3680 3767 3819 3838 3932 4004 4058 4081 4142 4149 4229 4256 4294 4309 4426 4457 4528 4550 4591 4704 4752 4797 4830 4852 4880 
S 19: 0 | 44 66 141 179 199 238 295 348 362 590 623 648 699 746 803 830 842 864 978 997 1046 1055 1082 1176 1243 1259 1320 1330 1456 1512 1570 1617 1624 1754 1763 1834 1866 1906 1944 2011 2029 2117 2131 2151 2224 2243 2292 2293 2367 2394 2418 2541 2570 2594 2634 2688 2736 2767 2835 2892 2956 3015 3152 3156 3193 3209 3257 3264 3323 3360 3441 3443 3488 3544 3634 3680 3767 3819 3838 3932 4004 4058 4081 4142 4149 4229 4256 4294 4309 4426 4457 4528 4550 4591 4704 4752 4797 4830 4852 4880 
ALL EQUAL

Final time = 5132.37
Final solution cost = 21923
