Reading instance small_stp_instances/kroD100_10_03.stp of type D
Finished instance reading
Number of vertices = 100
Number of edges (resources) = 4950
Number of scenarios = 10
Average number of terminals per scenario = 100
Probabilities of Scenarios: (0) 0.12 | (1) 0.14 | (2) 0.16 | (3) 0.18 | (4) 0.11 | (5) 0.13 | (6) 0.02 | (7) 0.05 | (8) 0.03 | (9) 0.06 | 
Average weighted inflation = 0.148782
Largest inflation = 0.299954
MAX_ITERATIONS_SINCE_LAST_IMPROVEMENT 2
MAX_ITERATIONS_SINCE_BEST_SOLUTION 3
Creating solution instance.
Starting Evolutive Framework.
Local search solution cost = 21302
Local search time = 1473.41
1473.41 local search - EF main loop cycle 0 solution cost 21302
1473.42s Cost of SP solution after second stage solver 21302
Local search solution cost = 21302
Local search time = 124.648
1598.07 local search - EF main loop cycle 1 solution cost 21302
1598.08s Cost of SP solution after second stage solver 21302
Local search solution cost = 21302
Local search time = 124.243
1722.32 local search - EF main loop cycle 2 solution cost 21302
1722.33s Cost of SP solution after second stage solver 21302
Number of cycles 3
Time for each cycle 574.11
1722.34s Cost of SP solution after tail step 21302
SELECTED RESOURCES:
44 66 141 179 199 295 348 362 590 623 648 699 746 803 842 978 1012 1046 1055 1082 1176 1243 1259 1282 1320 1330 1456 1512 1570 1617 1624 1655 1754 1763 1834 1866 1906 1944 1995 2029 2087 2117 2151 2224 2243 2292 2367 2394 2418 2453 2541 2570 2594 2634 2688 2736 2767 2835 2892 2956 3015 3152 3156 3193 3209 3257 3264 3323 3360 3443 3471 3544 3549 3634 3680 3767 3819 3838 3869 3926 3932 4058 4081 4142 4149 4189 4229 4294 4309 4426 4457 4480 4550 4591 4704 4752 4797 4830 4852 4880 
SCENARIO'S RESOURCES:
S 0: 0 | 44 66 141 179 199 295 348 362 590 623 648 699 746 803 842 978 1012 1046 1055 1082 1176 1243 1259 1282 1320 1330 1456 1512 1570 1617 1624 1655 1754 1763 1834 1866 1906 1944 1995 2029 2087 2117 2151 2224 2243 2292 2367 2394 2418 2453 2541 2570 2594 2634 2688 2736 2767 2835 2892 2956 3015 3152 3156 3193 3209 3257 3264 3323 3360 3443 3471 3544 3549 3634 3680 3767 3819 3838 3869 3926 3932 4058 4081 4142 4149 4189 4229 4294 4309 4426 4457 4480 4550 4591 4704 4752 4797 4830 4852 4880 
S 1: 0 | 44 66 141 179 199 295 348 362 590 623 648 699 746 803 842 978 1012 1046 1055 1082 1176 1243 1259 1282 1320 1330 1456 1512 1570 1617 1624 1655 1754 1763 1834 1866 1906 1944 1995 2029 2087 2117 2151 2224 2243 2292 2367 2394 2418 2453 2541 2570 2594 2634 2688 2736 2767 2835 2892 2956 3015 3152 3156 3193 3209 3257 3264 3323 3360 3443 3471 3544 3549 3634 3680 3767 3819 3838 3869 3926 3932 4058 4081 4142 4149 4189 4229 4294 4309 4426 4457 4480 4550 4591 4704 4752 4797 4830 4852 4880 
S 2: 0 | 44 66 141 179 199 295 348 362 590 623 648 699 746 803 842 978 1012 1046 1055 1082 1176 1243 1259 1282 1320 1330 1456 1512 1570 1617 1624 1655 1754 1763 1834 1866 1906 1944 1995 2029 2087 2117 2151 2224 2243 2292 2367 2394 2418 2453 2541 2570 2594 2634 2688 2736 2767 2835 2892 2956 3015 3152 3156 3193 3209 3257 3264 3323 3360 3443 3471 3544 3549 3634 3680 3767 3819 3838 3869 3926 3932 4058 4081 4142 4149 4189 4229 4294 4309 4426 4457 4480 4550 4591 4704 4752 4797 4830 4852 4880 
S 3: 0 | 44 66 141 179 199 295 348 362 590 623 648 699 746 803 842 978 1012 1046 1055 1082 1176 1243 1259 1282 1320 1330 1456 1512 1570 1617 1624 1655 1754 1763 1834 1866 1906 1944 1995 2029 2087 2117 2151 2224 2243 2292 2367 2394 2418 2453 2541 2570 2594 2634 2688 2736 2767 2835 2892 2956 3015 3152 3156 3193 3209 3257 3264 3323 3360 3443 3471 3544 3549 3634 3680 3767 3819 3838 3869 3926 3932 4058 4081 4142 4149 4189 4229 4294 4309 4426 4457 4480 4550 4591 4704 4752 4797 4830 4852 4880 
S 4: 0 | 44 66 141 179 199 295 348 362 590 623 648 699 746 803 842 978 1012 1046 1055 1082 1176 1243 1259 1282 1320 1330 1456 1512 1570 1617 1624 1655 1754 1763 1834 1866 1906 1944 1995 2029 2087 2117 2151 2224 2243 2292 2367 2394 2418 2453 2541 2570 2594 2634 2688 2736 2767 2835 2892 2956 3015 3152 3156 3193 3209 3257 3264 3323 3360 3443 3471 3544 3549 3634 3680 3767 3819 3838 3869 3926 3932 4058 4081 4142 4149 4189 4229 4294 4309 4426 4457 4480 4550 4591 4704 4752 4797 4830 4852 4880 
S 5: 0 | 44 66 141 179 199 295 348 362 590 623 648 699 746 803 842 978 1012 1046 1055 1082 1176 1243 1259 1282 1320 1330 1456 1512 1570 1617 1624 1655 1754 1763 1834 1866 1906 1944 1995 2029 2087 2117 2151 2224 2243 2292 2367 2394 2418 2453 2541 2570 2594 2634 2688 2736 2767 2835 2892 2956 3015 3152 3156 3193 3209 3257 3264 3323 3360 3443 3471 3544 3549 3634 3680 3767 3819 3838 3869 3926 3932 4058 4081 4142 4149 4189 4229 4294 4309 4426 4457 4480 4550 4591 4704 4752 4797 4830 4852 4880 
S 6: 0 | 44 66 141 179 199 295 348 362 590 623 648 699 746 803 842 978 1012 1046 1055 1082 1176 1243 1259 1282 1320 1330 1456 1512 1570 1617 1624 1655 1754 1763 1834 1866 1906 1944 1995 2029 2087 2117 2151 2224 2243 2292 2367 2394 2418 2453 2541 2570 2594 2634 2688 2736 2767 2835 2892 2956 3015 3152 3156 3193 3209 3257 3264 3323 3360 3443 3471 3544 3549 3634 3680 3767 3819 3838 3869 3926 3932 4058 4081 4142 4149 4189 4229 4294 4309 4426 4457 4480 4550 4591 4704 4752 4797 4830 4852 4880 
S 7: 0 | 44 66 141 179 199 295 348 362 590 623 648 699 746 803 842 978 1012 1046 1055 1082 1176 1243 1259 1282 1320 1330 1456 1512 1570 1617 1624 1655 1754 1763 1834 1866 1906 1944 1995 2029 2087 2117 2151 2224 2243 2292 2367 2394 2418 2453 2541 2570 2594 2634 2688 2736 2767 2835 2892 2956 3015 3152 3156 3193 3209 3257 3264 3323 3360 3443 3471 3544 3549 3634 3680 3767 3819 3838 3869 3926 3932 4058 4081 4142 4149 4189 4229 4294 4309 4426 4457 4480 4550 4591 4704 4752 4797 4830 4852 4880 
S 8: 0 | 44 66 141 179 199 295 348 362 590 623 648 699 746 803 842 978 1012 1046 1055 1082 1176 1243 1259 1282 1320 1330 1456 1512 1570 1617 1624 1655 1754 1763 1834 1866 1906 1944 1995 2029 2087 2117 2151 2224 2243 2292 2367 2394 2418 2453 2541 2570 2594 2634 2688 2736 2767 2835 2892 2956 3015 3152 3156 3193 3209 3257 3264 3323 3360 3443 3471 3544 3549 3634 3680 3767 3819 3838 3869 3926 3932 4058 4081 4142 4149 4189 4229 4294 4309 4426 4457 4480 4550 4591 4704 4752 4797 4830 4852 4880 
S 9: 0 | 44 66 141 179 199 295 348 362 590 623 648 699 746 803 842 978 1012 1046 1055 1082 1176 1243 1259 1282 1320 1330 1456 1512 1570 1617 1624 1655 1754 1763 1834 1866 1906 1944 1995 2029 2087 2117 2151 2224 2243 2292 2367 2394 2418 2453 2541 2570 2594 2634 2688 2736 2767 2835 2892 2956 3015 3152 3156 3193 3209 3257 3264 3323 3360 3443 3471 3544 3549 3634 3680 3767 3819 3838 3869 3926 3932 4058 4081 4142 4149 4189 4229 4294 4309 4426 4457 4480 4550 4591 4704 4752 4797 4830 4852 4880 
ALL EQUAL

Final time = 1722.36
Final solution cost = 21302
