Reading instance small_stp_instances/kroD100_5_10.stp of type D
Finished instance reading
Number of vertices = 100
Number of edges (resources) = 4950
Number of scenarios = 5
Average number of terminals per scenario = 100
Probabilities of Scenarios: (0) 0.24 | (1) 0.24 | (2) 0.18 | (3) 0.27 | (4) 0.07 | 
Average weighted inflation = 0.499081
Largest inflation = 0.99966
MAX_ITERATIONS_SINCE_LAST_IMPROVEMENT 2
MAX_ITERATIONS_SINCE_BEST_SOLUTION 3
Creating solution instance.
Starting Evolutive Framework.
Local search solution cost = 23011.5
Local search time = 859.804
859.804 local search - EF main loop cycle 0 solution cost 23011.5
859.856s Cost of SP solution after second stage solver 23011.5
Local search solution cost = 22237
Local search time = 65.467
925.323 local search - EF main loop cycle 1 solution cost 22237
925.329s Cost of SP solution after second stage solver 22237
Local search solution cost = 22237
Local search time = 63.6935
989.022 local search - EF main loop cycle 2 solution cost 22237
989.028s Cost of SP solution after second stage solver 22237
Local search solution cost = 22237
Local search time = 63.7381
1052.77 local search - EF main loop cycle 3 solution cost 22237
1052.77s Cost of SP solution after second stage solver 22237
Number of cycles 4
Time for each cycle 263.193
1052.78s Cost of SP solution after tail step 22237
SELECTED RESOURCES:
8 44 66 141 154 238 295 348 362 371 590 623 648 699 717 743 746 803 830 842 906 978 1046 1082 1176 1261 1282 1320 1439 1505 1570 1617 1624 1754 1763 1864 1882 1906 1944 1995 2011 2029 2117 2125 2151 2224 2243 2292 2367 2394 2541 2594 2626 2634 2688 2736 2767 2835 2892 2956 3015 3152 3156 3193 3209 3259 3286 3325 3345 3443 3471 3503 3544 3585 3680 3709 3767 3819 3838 3932 4004 4058 4081 4120 4142 4189 4256 4294 4309 4380 4426 4529 4550 4591 4704 4752 4797 4830 4880 4901 
SCENARIO'S RESOURCES:
S 0: 0 | 8 44 66 141 154 238 295 348 362 371 590 623 648 699 717 743 746 803 830 842 906 978 1046 1082 1176 1261 1282 1320 1439 1505 1570 1617 1624 1754 1763 1864 1882 1906 1944 1995 2011 2029 2117 2125 2151 2224 2243 2292 2367 2394 2541 2594 2626 2634 2688 2736 2767 2835 2892 2956 3015 3152 3156 3193 3209 3259 3286 3325 3345 3443 3471 3503 3544 3585 3680 3709 3767 3819 3838 3932 4004 4058 4081 4120 4142 4189 4256 4294 4309 4380 4426 4529 4550 4591 4704 4752 4797 4830 4880 4901 
S 1: 0 | 8 44 66 141 154 238 295 348 362 371 590 623 648 699 717 743 746 803 830 842 906 978 1046 1082 1176 1261 1282 1320 1439 1505 1570 1617 1624 1754 1763 1864 1882 1906 1944 1995 2011 2029 2117 2125 2151 2224 2243 2292 2367 2394 2541 2594 2626 2634 2688 2736 2767 2835 2892 2956 3015 3152 3156 3193 3209 3259 3286 3325 3345 3443 3471 3503 3544 3585 3680 3709 3767 3819 3838 3932 4004 4058 4081 4120 4142 4189 4256 4294 4309 4380 4426 4529 4550 4591 4704 4752 4797 4830 4880 4901 
S 2: 0 | 8 44 66 141 154 238 295 348 362 371 590 623 648 699 717 743 746 803 830 842 906 978 1046 1082 1176 1261 1282 1320 1439 1505 1570 1617 1624 1754 1763 1864 1882 1906 1944 1995 2011 2029 2117 2125 2151 2224 2243 2292 2367 2394 2541 2594 2626 2634 2688 2736 2767 2835 2892 2956 3015 3152 3156 3193 3209 3259 3286 3325 3345 3443 3471 3503 3544 3585 3680 3709 3767 3819 3838 3932 4004 4058 4081 4120 4142 4189 4256 4294 4309 4380 4426 4529 4550 4591 4704 4752 4797 4830 4880 4901 
S 3: 0 | 8 44 66 141 154 238 295 348 362 371 590 623 648 699 717 743 746 803 830 842 906 978 1046 1082 1176 1261 1282 1320 1439 1505 1570 1617 1624 1754 1763 1864 1882 1906 1944 1995 2011 2029 2117 2125 2151 2224 2243 2292 2367 2394 2541 2594 2626 2634 2688 2736 2767 2835 2892 2956 3015 3152 3156 3193 3209 3259 3286 3325 3345 3443 3471 3503 3544 3585 3680 3709 3767 3819 3838 3932 4004 4058 4081 4120 4142 4189 4256 4294 4309 4380 4426 4529 4550 4591 4704 4752 4797 4830 4880 4901 
S 4: 0 | 8 44 66 141 154 238 295 348 362 371 590 623 648 699 717 743 746 803 830 842 906 978 1046 1082 1176 1261 1282 1320 1439 1505 1570 1617 1624 1754 1763 1864 1882 1906 1944 1995 2011 2029 2117 2125 2151 2224 2243 2292 2367 2394 2541 2594 2626 2634 2688 2736 2767 2835 2892 2956 3015 3152 3156 3193 3209 3259 3286 3325 3345 3443 3471 3503 3544 3585 3680 3709 3767 3819 3838 3932 4004 4058 4081 4120 4142 4189 4256 4294 4309 4380 4426 4529 4550 4591 4704 4752 4797 4830 4880 4901 
ALL EQUAL

Final time = 1052.79
Final solution cost = 22237
