Reading instance small_stp_instances/kroE100_5_05.stp of type D
Finished instance reading
Number of vertices = 100
Number of edges (resources) = 4950
Number of scenarios = 5
Average number of terminals per scenario = 100
Probabilities of Scenarios: (0) 0.34 | (1) 0.36 | (2) 0.01 | (3) 0.14 | (4) 0.15 | 
Average weighted inflation = 0.249093
Largest inflation = 0.499864
MAX_ITERATIONS_SINCE_LAST_IMPROVEMENT 2
MAX_ITERATIONS_SINCE_BEST_SOLUTION 3
Creating solution instance.
Starting Evolutive Framework.
Local search solution cost = 22174.1
Local search time = 895.126
895.127 local search - EF main loop cycle 0 solution cost 22174.1
895.14s Cost of SP solution after second stage solver 22174.1
Local search solution cost = 22123
Local search time = 62.1809
957.321 local search - EF main loop cycle 1 solution cost 22123
957.326s Cost of SP solution after second stage solver 22123
Local search solution cost = 22123
Local search time = 62.0241
1019.35 local search - EF main loop cycle 2 solution cost 22123
1019.36s Cost of SP solution after second stage solver 22123
Local search solution cost = 22123
Local search time = 62.0567
1081.41 local search - EF main loop cycle 3 solution cost 22123
1081.42s Cost of SP solution after second stage solver 22123
Number of cycles 4
Time for each cycle 270.355
1081.42s Cost of SP solution after tail step 22123
SELECTED RESOURCES:
4 25 46 74 185 196 245 270 373 401 476 533 622 698 724 775 824 879 970 992 1015 1037 1113 1288 1318 1359 1402 1504 1533 1548 1627 1720 1760 1783 1878 2010 2014 2023 2046 2109 2110 2171 2248 2284 2328 2351 2382 2475 2528 2552 2571 2628 2648 2713 2741 2786 2837 2886 2978 3018 3028 3090 3137 3232 3243 3321 3367 3419 3442 3562 3591 3612 3695 3721 3775 3803 3898 3908 3957 3963 4043 4059 4121 4176 4215 4240 4295 4296 4406 4429 4475 4549 4609 4613 4706 4714 4769 4797 4879 4928 
SCENARIO'S RESOURCES:
S 0: 0 | 4 25 46 74 185 196 245 270 373 401 476 533 622 698 724 775 824 879 970 992 1015 1037 1113 1288 1318 1359 1402 1504 1533 1548 1627 1720 1760 1783 1878 2010 2014 2023 2046 2109 2110 2171 2248 2284 2328 2351 2382 2475 2528 2552 2571 2628 2648 2713 2741 2786 2837 2886 2978 3018 3028 3090 3137 3232 3243 3321 3367 3419 3442 3562 3591 3612 3695 3721 3775 3803 3898 3908 3957 3963 4043 4059 4121 4176 4215 4240 4295 4296 4406 4429 4475 4549 4609 4613 4706 4714 4769 4797 4879 4928 
S 1: 0 | 4 25 46 74 185 196 245 270 373 401 476 533 622 698 724 775 824 879 970 992 1015 1037 1113 1288 1318 1359 1402 1504 1533 1548 1627 1720 1760 1783 1878 2010 2014 2023 2046 2109 2110 2171 2248 2284 2328 2351 2382 2475 2528 2552 2571 2628 2648 2713 2741 2786 2837 2886 2978 3018 3028 3090 3137 3232 3243 3321 3367 3419 3442 3562 3591 3612 3695 3721 3775 3803 3898 3908 3957 3963 4043 4059 4121 4176 4215 4240 4295 4296 4406 4429 4475 4549 4609 4613 4706 4714 4769 4797 4879 4928 
S 2: 0 | 4 25 46 74 185 196 245 270 373 401 476 533 622 698 724 775 824 879 970 992 1015 1037 1113 1288 1318 1359 1402 1504 1533 1548 1627 1720 1760 1783 1878 2010 2014 2023 2046 2109 2110 2171 2248 2284 2328 2351 2382 2475 2528 2552 2571 2628 2648 2713 2741 2786 2837 2886 2978 3018 3028 3090 3137 3232 3243 3321 3367 3419 3442 3562 3591 3612 3695 3721 3775 3803 3898 3908 3957 3963 4043 4059 4121 4176 4215 4240 4295 4296 4406 4429 4475 4549 4609 4613 4706 4714 4769 4797 4879 4928 
S 3: 0 | 4 25 46 74 185 196 245 270 373 401 476 533 622 698 724 775 824 879 970 992 1015 1037 1113 1288 1318 1359 1402 1504 1533 1548 1627 1720 1760 1783 1878 2010 2014 2023 2046 2109 2110 2171 2248 2284 2328 2351 2382 2475 2528 2552 2571 2628 2648 2713 2741 2786 2837 2886 2978 3018 3028 3090 3137 3232 3243 3321 3367 3419 3442 3562 3591 3612 3695 3721 3775 3803 3898 3908 3957 3963 4043 4059 4121 4176 4215 4240 4295 4296 4406 4429 4475 4549 4609 4613 4706 4714 4769 4797 4879 4928 
S 4: 0 | 4 25 46 74 185 196 245 270 373 401 476 533 622 698 724 775 824 879 970 992 1015 1037 1113 1288 1318 1359 1402 1504 1533 1548 1627 1720 1760 1783 1878 2010 2014 2023 2046 2109 2110 2171 2248 2284 2328 2351 2382 2475 2528 2552 2571 2628 2648 2713 2741 2786 2837 2886 2978 3018 3028 3090 3137 3232 3243 3321 3367 3419 3442 3562 3591 3612 3695 3721 3775 3803 3898 3908 3957 3963 4043 4059 4121 4176 4215 4240 4295 4296 4406 4429 4475 4549 4609 4613 4706 4714 4769 4797 4879 4928 
ALL EQUAL

Final time = 1081.44
Final solution cost = 22123
