Reading instance small_stp_instances/kroE100_20_05.stp of type D
Finished instance reading
Number of vertices = 100
Number of edges (resources) = 4950
Number of scenarios = 20
Average number of terminals per scenario = 100
Probabilities of Scenarios: (0) 0.02 | (1) 0.06 | (2) 0.15 | (3) 0.06 | (4) 0.07 | (5) 0.05 | (6) 0.03 | (7) 0.01 | (8) 0.07 | (9) 0.01 | (10) 0.08 | (11) 0.04 | (12) 0.05 | (13) 0.06 | (14) 0.04 | (15) 0.03 | (16) 0 | (17) 0.08 | (18) 0.03 | (19) 0.06 | 
Average weighted inflation = 0.250209
Largest inflation = 0.499861
MAX_ITERATIONS_SINCE_LAST_IMPROVEMENT 2
MAX_ITERATIONS_SINCE_BEST_SOLUTION 3
Creating solution instance.
Starting Evolutive Framework.
Local search solution cost = 22673.7
Local search time = 3374.91
3374.91 local search - EF main loop cycle 0 solution cost 22673.7
3374.93s Cost of SP solution after second stage solver 22673.7
Local search solution cost = 22663
Local search time = 249.546
3624.48 local search - EF main loop cycle 1 solution cost 22663
3624.5s Cost of SP solution after second stage solver 22663
Local search solution cost = 22663
Local search time = 249.537
3874.04 local search - EF main loop cycle 2 solution cost 22663
3874.06s Cost of SP solution after second stage solver 22663
Number of cycles 3
Time for each cycle 1291.35
3874.08s Cost of SP solution after tail step 22663
SELECTED RESOURCES:
4 25 46 74 185 196 245 270 302 373 401 443 476 517 533 622 698 724 765 775 824 879 992 1080 1110 1192 1288 1318 1359 1402 1422 1460 1504 1533 1549 1627 1720 1760 1783 1878 2010 2014 2023 2110 2171 2248 2284 2328 2351 2382 2475 2528 2552 2571 2628 2648 2713 2741 2786 2837 2886 2978 3018 3028 3137 3232 3243 3321 3367 3419 3562 3608 3612 3681 3695 3775 3803 3898 3908 3957 3963 4059 4161 4176 4251 4276 4295 4296 4406 4429 4475 4549 4624 4639 4706 4714 4797 4836 4879 4928 
SCENARIO'S RESOURCES:
S 0: 0 | 4 25 46 74 185 196 245 270 302 373 401 443 476 517 533 622 698 724 765 775 824 879 992 1080 1110 1192 1288 1318 1359 1402 1422 1460 1504 1533 1549 1627 1720 1760 1783 1878 2010 2014 2023 2110 2171 2248 2284 2328 2351 2382 2475 2528 2552 2571 2628 2648 2713 2741 2786 2837 2886 2978 3018 3028 3137 3232 3243 3321 3367 3419 3562 3608 3612 3681 3695 3775 3803 3898 3908 3957 3963 4059 4161 4176 4251 4276 4295 4296 4406 4429 4475 4549 4624 4639 4706 4714 4797 4836 4879 4928 
S 1: 0 | 4 25 46 74 185 196 245 270 302 373 401 443 476 517 533 622 698 724 765 775 824 879 992 1080 1110 1192 1288 1318 1359 1402 1422 1460 1504 1533 1549 1627 1720 1760 1783 1878 2010 2014 2023 2110 2171 2248 2284 2328 2351 2382 2475 2528 2552 2571 2628 2648 2713 2741 2786 2837 2886 2978 3018 3028 3137 3232 3243 3321 3367 3419 3562 3608 3612 3681 3695 3775 3803 3898 3908 3957 3963 4059 4161 4176 4251 4276 4295 4296 4406 4429 4475 4549 4624 4639 4706 4714 4797 4836 4879 4928 
S 2: 0 | 4 25 46 74 185 196 245 270 302 373 401 443 476 517 533 622 698 724 765 775 824 879 992 1080 1110 1192 1288 1318 1359 1402 1422 1460 1504 1533 1549 1627 1720 1760 1783 1878 2010 2014 2023 2110 2171 2248 2284 2328 2351 2382 2475 2528 2552 2571 2628 2648 2713 2741 2786 2837 2886 2978 3018 3028 3137 3232 3243 3321 3367 3419 3562 3608 3612 3681 3695 3775 3803 3898 3908 3957 3963 4059 4161 4176 4251 4276 4295 4296 4406 4429 4475 4549 4624 4639 4706 4714 4797 4836 4879 4928 
S 3: 0 | 4 25 46 74 185 196 245 270 302 373 401 443 476 517 533 622 698 724 765 775 824 879 992 1080 1110 1192 1288 1318 1359 1402 1422 1460 1504 1533 1549 1627 1720 1760 1783 1878 2010 2014 2023 2110 2171 2248 2284 2328 2351 2382 2475 2528 2552 2571 2628 2648 2713 2741 2786 2837 2886 2978 3018 3028 3137 3232 3243 3321 3367 3419 3562 3608 3612 3681 3695 3775 3803 3898 3908 3957 3963 4059 4161 4176 4251 4276 4295 4296 4406 4429 4475 4549 4624 4639 4706 4714 4797 4836 4879 4928 
S 4: 0 | 4 25 46 74 185 196 245 270 302 373 401 443 476 517 533 622 698 724 765 775 824 879 992 1080 1110 1192 1288 1318 1359 1402 1422 1460 1504 1533 1549 1627 1720 1760 1783 1878 2010 2014 2023 2110 2171 2248 2284 2328 2351 2382 2475 2528 2552 2571 2628 2648 2713 2741 2786 2837 2886 2978 3018 3028 3137 3232 3243 3321 3367 3419 3562 3608 3612 3681 3695 3775 3803 3898 3908 3957 3963 4059 4161 4176 4251 4276 4295 4296 4406 4429 4475 4549 4624 4639 4706 4714 4797 4836 4879 4928 
S 5: 0 | 4 25 46 74 185 196 245 270 302 373 401 443 476 517 533 622 698 724 765 775 824 879 992 1080 1110 1192 1288 1318 1359 1402 1422 1460 1504 1533 1549 1627 1720 1760 1783 1878 2010 2014 2023 2110 2171 2248 2284 2328 2351 2382 2475 2528 2552 2571 2628 2648 2713 2741 2786 2837 2886 2978 3018 3028 3137 3232 3243 3321 3367 3419 3562 3608 3612 3681 3695 3775 3803 3898 3908 3957 3963 4059 4161 4176 4251 4276 4295 4296 4406 4429 4475 4549 4624 4639 4706 4714 4797 4836 4879 4928 
S 6: 0 | 4 25 46 74 185 196 245 270 302 373 401 443 476 517 533 622 698 724 765 775 824 879 992 1080 1110 1192 1288 1318 1359 1402 1422 1460 1504 1533 1549 1627 1720 1760 1783 1878 2010 2014 2023 2110 2171 2248 2284 2328 2351 2382 2475 2528 2552 2571 2628 2648 2713 2741 2786 2837 2886 2978 3018 3028 3137 3232 3243 3321 3367 3419 3562 3608 3612 3681 3695 3775 3803 3898 3908 3957 3963 4059 4161 4176 4251 4276 4295 4296 4406 4429 4475 4549 4624 4639 4706 4714 4797 4836 4879 4928 
S 7: 0 | 4 25 46 74 185 196 245 270 302 373 401 443 476 517 533 622 698 724 765 775 824 879 992 1080 1110 1192 1288 1318 1359 1402 1422 1460 1504 1533 1549 1627 1720 1760 1783 1878 2010 2014 2023 2110 2171 2248 2284 2328 2351 2382 2475 2528 2552 2571 2628 2648 2713 2741 2786 2837 2886 2978 3018 3028 3137 3232 3243 3321 3367 3419 3562 3608 3612 3681 3695 3775 3803 3898 3908 3957 3963 4059 4161 4176 4251 4276 4295 4296 4406 4429 4475 4549 4624 4639 4706 4714 4797 4836 4879 4928 
S 8: 0 | 4 25 46 74 185 196 245 270 302 373 401 443 476 517 533 622 698 724 765 775 824 879 992 1080 1110 1192 1288 1318 1359 1402 1422 1460 1504 1533 1549 1627 1720 1760 1783 1878 2010 2014 2023 2110 2171 2248 2284 2328 2351 2382 2475 2528 2552 2571 2628 2648 2713 2741 2786 2837 2886 2978 3018 3028 3137 3232 3243 3321 3367 3419 3562 3608 3612 3681 3695 3775 3803 3898 3908 3957 3963 4059 4161 4176 4251 4276 4295 4296 4406 4429 4475 4549 4624 4639 4706 4714 4797 4836 4879 4928 
S 9: 0 | 4 25 46 74 185 196 245 270 302 373 401 443 476 517 533 622 698 724 765 775 824 879 992 1080 1110 1192 1288 1318 1359 1402 1422 1460 1504 1533 1549 1627 1720 1760 1783 1878 2010 2014 2023 2110 2171 2248 2284 2328 2351 2382 2475 2528 2552 2571 2628 2648 2713 2741 2786 2837 2886 2978 3018 3028 3137 3232 3243 3321 3367 3419 3562 3608 3612 3681 3695 3775 3803 3898 3908 3957 3963 4059 4161 4176 4251 4276 4295 4296 4406 4429 4475 4549 4624 4639 4706 4714 4797 4836 4879 4928 
S 10: 0 | 4 25 46 74 185 196 245 270 302 373 401 443 476 517 533 622 698 724 765 775 824 879 992 1080 1110 1192 1288 1318 1359 1402 1422 1460 1504 1533 1549 1627 1720 1760 1783 1878 2010 2014 2023 2110 2171 2248 2284 2328 2351 2382 2475 2528 2552 2571 2628 2648 2713 2741 2786 2837 2886 2978 3018 3028 3137 3232 3243 3321 3367 3419 3562 3608 3612 3681 3695 3775 3803 3898 3908 3957 3963 4059 4161 4176 4251 4276 4295 4296 4406 4429 4475 4549 4624 4639 4706 4714 4797 4836 4879 4928 
S 11: 0 | 4 25 46 74 185 196 245 270 302 373 401 443 476 517 533 622 698 724 765 775 824 879 992 1080 1110 1192 1288 1318 1359 1402 1422 1460 1504 1533 1549 1627 1720 1760 1783 1878 2010 2014 2023 2110 2171 2248 2284 2328 2351 2382 2475 2528 2552 2571 2628 2648 2713 2741 2786 2837 2886 2978 3018 3028 3137 3232 3243 3321 3367 3419 3562 3608 3612 3681 3695 3775 3803 3898 3908 3957 3963 4059 4161 4176 4251 4276 4295 4296 4406 4429 4475 4549 4624 4639 4706 4714 4797 4836 4879 4928 
S 12: 0 | 4 25 46 74 185 196 245 270 302 373 401 443 476 517 533 622 698 724 765 775 824 879 992 1080 1110 1192 1288 1318 1359 1402 1422 1460 1504 1533 1549 1627 1720 1760 1783 1878 2010 2014 2023 2110 2171 2248 2284 2328 2351 2382 2475 2528 2552 2571 2628 2648 2713 2741 2786 2837 2886 2978 3018 3028 3137 3232 3243 3321 3367 3419 3562 3608 3612 3681 3695 3775 3803 3898 3908 3957 3963 4059 4161 4176 4251 4276 4295 4296 4406 4429 4475 4549 4624 4639 4706 4714 4797 4836 4879 4928 
S 13: 0 | 4 25 46 74 185 196 245 270 302 373 401 443 476 517 533 622 698 724 765 775 824 879 992 1080 1110 1192 1288 1318 1359 1402 1422 1460 1504 1533 1549 1627 1720 1760 1783 1878 2010 2014 2023 2110 2171 2248 2284 2328 2351 2382 2475 2528 2552 2571 2628 2648 2713 2741 2786 2837 2886 2978 3018 3028 3137 3232 3243 3321 3367 3419 3562 3608 3612 3681 3695 3775 3803 3898 3908 3957 3963 4059 4161 4176 4251 4276 4295 4296 4406 4429 4475 4549 4624 4639 4706 4714 4797 4836 4879 4928 
S 14: 0 | 4 25 46 74 185 196 245 270 302 373 401 443 476 517 533 622 698 724 765 775 824 879 992 1080 1110 1192 1288 1318 1359 1402 1422 1460 1504 1533 1549 1627 1720 1760 1783 1878 2010 2014 2023 2110 2171 2248 2284 2328 2351 2382 2475 2528 2552 2571 2628 2648 2713 2741 2786 2837 2886 2978 3018 3028 3137 3232 3243 3321 3367 3419 3562 3608 3612 3681 3695 3775 3803 3898 3908 3957 3963 4059 4161 4176 4251 4276 4295 4296 4406 4429 4475 4549 4624 4639 4706 4714 4797 4836 4879 4928 
S 15: 0 | 4 25 46 74 185 196 245 270 302 373 401 443 476 517 533 622 698 724 765 775 824 879 992 1080 1110 1192 1288 1318 1359 1402 1422 1460 1504 1533 1549 1627 1720 1760 1783 1878 2010 2014 2023 2110 2171 2248 2284 2328 2351 2382 2475 2528 2552 2571 2628 2648 2713 2741 2786 2837 2886 2978 3018 3028 3137 3232 3243 3321 3367 3419 3562 3608 3612 3681 3695 3775 3803 3898 3908 3957 3963 4059 4161 4176 4251 4276 4295 4296 4406 4429 4475 4549 4624 4639 4706 4714 4797 4836 4879 4928 
S 16: 0 | 4 25 46 74 185 196 245 270 302 373 401 443 476 517 533 622 698 724 765 775 824 879 992 1080 1110 1192 1288 1318 1359 1402 1422 1460 1504 1533 1549 1627 1720 1760 1783 1878 2010 2014 2023 2110 2171 2248 2284 2328 2351 2382 2475 2528 2552 2571 2628 2648 2713 2741 2786 2837 2886 2978 3018 3028 3137 3232 3243 3321 3367 3419 3562 3608 3612 3681 3695 3775 3803 3898 3908 3957 3963 4059 4161 4176 4251 4276 4295 4296 4406 4429 4475 4549 4624 4639 4706 4714 4797 4836 4879 4928 
S 17: 0 | 4 25 46 74 185 196 245 270 302 373 401 443 476 517 533 622 698 724 765 775 824 879 992 1080 1110 1192 1288 1318 1359 1402 1422 1460 1504 1533 1549 1627 1720 1760 1783 1878 2010 2014 2023 2110 2171 2248 2284 2328 2351 2382 2475 2528 2552 2571 2628 2648 2713 2741 2786 2837 2886 2978 3018 3028 3137 3232 3243 3321 3367 3419 3562 3608 3612 3681 3695 3775 3803 3898 3908 3957 3963 4059 4161 4176 4251 4276 4295 4296 4406 4429 4475 4549 4624 4639 4706 4714 4797 4836 4879 4928 
S 18: 0 | 4 25 46 74 185 196 245 270 302 373 401 443 476 517 533 622 698 724 765 775 824 879 992 1080 1110 1192 1288 1318 1359 1402 1422 1460 1504 1533 1549 1627 1720 1760 1783 1878 2010 2014 2023 2110 2171 2248 2284 2328 2351 2382 2475 2528 2552 2571 2628 2648 2713 2741 2786 2837 2886 2978 3018 3028 3137 3232 3243 3321 3367 3419 3562 3608 3612 3681 3695 3775 3803 3898 3908 3957 3963 4059 4161 4176 4251 4276 4295 4296 4406 4429 4475 4549 4624 4639 4706 4714 4797 4836 4879 4928 
S 19: 0 | 4 25 46 74 185 196 245 270 302 373 401 443 476 517 533 622 698 724 765 775 824 879 992 1080 1110 1192 1288 1318 1359 1402 1422 1460 1504 1533 1549 1627 1720 1760 1783 1878 2010 2014 2023 2110 2171 2248 2284 2328 2351 2382 2475 2528 2552 2571 2628 2648 2713 2741 2786 2837 2886 2978 3018 3028 3137 3232 3243 3321 3367 3419 3562 3608 3612 3681 3695 3775 3803 3898 3908 3957 3963 4059 4161 4176 4251 4276 4295 4296 4406 4429 4475 4549 4624 4639 4706 4714 4797 4836 4879 4928 
ALL EQUAL

Final time = 3874.12
Final solution cost = 22663
