Reading instance small_stp_instances/kroE100_20_03.stp of type D
Finished instance reading
Number of vertices = 100
Number of edges (resources) = 4950
Number of scenarios = 20
Average number of terminals per scenario = 100
Probabilities of Scenarios: (0) 0.08 | (1) 0.07 | (2) 0.02 | (3) 0.06 | (4) 0.04 | (5) 0.08 | (6) 0.05 | (7) 0.04 | (8) 0.06 | (9) 0.01 | (10) 0.05 | (11) 0.06 | (12) 0.03 | (13) 0.02 | (14) 0.09 | (15) 0.05 | (16) 0.05 | (17) 0.03 | (18) 0.02 | (19) 0.09 | 
Average weighted inflation = 0.149929
Largest inflation = 0.299927
MAX_ITERATIONS_SINCE_LAST_IMPROVEMENT 2
MAX_ITERATIONS_SINCE_BEST_SOLUTION 3
Creating solution instance.
Starting Evolutive Framework.
Local search solution cost = 22201.4
Local search time = 4285.32
4285.32 local search - EF main loop cycle 0 solution cost 22201.4
4285.34s Cost of SP solution after second stage solver 22201.4
Local search solution cost = 22162
Local search time = 248.154
4533.5 local search - EF main loop cycle 1 solution cost 22162
4533.52s Cost of SP solution after second stage solver 22162
Local search solution cost = 22162
Local search time = 248.15
4781.67 local search - EF main loop cycle 2 solution cost 22162
4781.69s Cost of SP solution after second stage solver 22162
Local search solution cost = 22162
Local search time = 248.138
5029.83 local search - EF main loop cycle 3 solution cost 22162
5029.85s Cost of SP solution after second stage solver 22162
Number of cycles 4
Time for each cycle 1257.46
5029.88s Cost of SP solution after tail step 22162
SELECTED RESOURCES:
4 25 46 185 196 245 270 373 401 443 476 517 622 663 698 724 775 824 899 970 992 1015 1037 1224 1288 1318 1359 1402 1436 1504 1533 1570 1627 1720 1760 1783 1952 2010 2014 2023 2092 2109 2171 2248 2258 2324 2328 2349 2351 2430 2475 2528 2571 2628 2648 2709 2741 2781 2786 2886 2978 3028 3090 3137 3238 3306 3321 3393 3419 3442 3562 3588 3612 3681 3695 3775 3803 3899 3908 3957 3963 4059 4107 4176 4215 4276 4295 4296 4406 4429 4475 4549 4613 4624 4706 4714 4769 4797 4879 4928 
SCENARIO'S RESOURCES:
S 0: 0 | 4 25 46 185 196 245 270 373 401 443 476 517 622 663 698 724 775 824 899 970 992 1015 1037 1224 1288 1318 1359 1402 1436 1504 1533 1570 1627 1720 1760 1783 1952 2010 2014 2023 2092 2109 2171 2248 2258 2324 2328 2349 2351 2430 2475 2528 2571 2628 2648 2709 2741 2781 2786 2886 2978 3028 3090 3137 3238 3306 3321 3393 3419 3442 3562 3588 3612 3681 3695 3775 3803 3899 3908 3957 3963 4059 4107 4176 4215 4276 4295 4296 4406 4429 4475 4549 4613 4624 4706 4714 4769 4797 4879 4928 
S 1: 0 | 4 25 46 185 196 245 270 373 401 443 476 517 622 663 698 724 775 824 899 970 992 1015 1037 1224 1288 1318 1359 1402 1436 1504 1533 1570 1627 1720 1760 1783 1952 2010 2014 2023 2092 2109 2171 2248 2258 2324 2328 2349 2351 2430 2475 2528 2571 2628 2648 2709 2741 2781 2786 2886 2978 3028 3090 3137 3238 3306 3321 3393 3419 3442 3562 3588 3612 3681 3695 3775 3803 3899 3908 3957 3963 4059 4107 4176 4215 4276 4295 4296 4406 4429 4475 4549 4613 4624 4706 4714 4769 4797 4879 4928 
S 2: 0 | 4 25 46 185 196 245 270 373 401 443 476 517 622 663 698 724 775 824 899 970 992 1015 1037 1224 1288 1318 1359 1402 1436 1504 1533 1570 1627 1720 1760 1783 1952 2010 2014 2023 2092 2109 2171 2248 2258 2324 2328 2349 2351 2430 2475 2528 2571 2628 2648 2709 2741 2781 2786 2886 2978 3028 3090 3137 3238 3306 3321 3393 3419 3442 3562 3588 3612 3681 3695 3775 3803 3899 3908 3957 3963 4059 4107 4176 4215 4276 4295 4296 4406 4429 4475 4549 4613 4624 4706 4714 4769 4797 4879 4928 
S 3: 0 | 4 25 46 185 196 245 270 373 401 443 476 517 622 663 698 724 775 824 899 970 992 1015 1037 1224 1288 1318 1359 1402 1436 1504 1533 1570 1627 1720 1760 1783 1952 2010 2014 2023 2092 2109 2171 2248 2258 2324 2328 2349 2351 2430 2475 2528 2571 2628 2648 2709 2741 2781 2786 2886 2978 3028 3090 3137 3238 3306 3321 3393 3419 3442 3562 3588 3612 3681 3695 3775 3803 3899 3908 3957 3963 4059 4107 4176 4215 4276 4295 4296 4406 4429 4475 4549 4613 4624 4706 4714 4769 4797 4879 4928 
S 4: 0 | 4 25 46 185 196 245 270 373 401 443 476 517 622 663 698 724 775 824 899 970 992 1015 1037 1224 1288 1318 1359 1402 1436 1504 1533 1570 1627 1720 1760 1783 1952 2010 2014 2023 2092 2109 2171 2248 2258 2324 2328 2349 2351 2430 2475 2528 2571 2628 2648 2709 2741 2781 2786 2886 2978 3028 3090 3137 3238 3306 3321 3393 3419 3442 3562 3588 3612 3681 3695 3775 3803 3899 3908 3957 3963 4059 4107 4176 4215 4276 4295 4296 4406 4429 4475 4549 4613 4624 4706 4714 4769 4797 4879 4928 
S 5: 0 | 4 25 46 185 196 245 270 373 401 443 476 517 622 663 698 724 775 824 899 970 992 1015 1037 1224 1288 1318 1359 1402 1436 1504 1533 1570 1627 1720 1760 1783 1952 2010 2014 2023 2092 2109 2171 2248 2258 2324 2328 2349 2351 2430 2475 2528 2571 2628 2648 2709 2741 2781 2786 2886 2978 3028 3090 3137 3238 3306 3321 3393 3419 3442 3562 3588 3612 3681 3695 3775 3803 3899 3908 3957 3963 4059 4107 4176 4215 4276 4295 4296 4406 4429 4475 4549 4613 4624 4706 4714 4769 4797 4879 4928 
S 6: 0 | 4 25 46 185 196 245 270 373 401 443 476 517 622 663 698 724 775 824 899 970 992 1015 1037 1224 1288 1318 1359 1402 1436 1504 1533 1570 1627 1720 1760 1783 1952 2010 2014 2023 2092 2109 2171 2248 2258 2324 2328 2349 2351 2430 2475 2528 2571 2628 2648 2709 2741 2781 2786 2886 2978 3028 3090 3137 3238 3306 3321 3393 3419 3442 3562 3588 3612 3681 3695 3775 3803 3899 3908 3957 3963 4059 4107 4176 4215 4276 4295 4296 4406 4429 4475 4549 4613 4624 4706 4714 4769 4797 4879 4928 
S 7: 0 | 4 25 46 185 196 245 270 373 401 443 476 517 622 663 698 724 775 824 899 970 992 1015 1037 1224 1288 1318 1359 1402 1436 1504 1533 1570 1627 1720 1760 1783 1952 2010 2014 2023 2092 2109 2171 2248 2258 2324 2328 2349 2351 2430 2475 2528 2571 2628 2648 2709 2741 2781 2786 2886 2978 3028 3090 3137 3238 3306 3321 3393 3419 3442 3562 3588 3612 3681 3695 3775 3803 3899 3908 3957 3963 4059 4107 4176 4215 4276 4295 4296 4406 4429 4475 4549 4613 4624 4706 4714 4769 4797 4879 4928 
S 8: 0 | 4 25 46 185 196 245 270 373 401 443 476 517 622 663 698 724 775 824 899 970 992 1015 1037 1224 1288 1318 1359 1402 1436 1504 1533 1570 1627 1720 1760 1783 1952 2010 2014 2023 2092 2109 2171 2248 2258 2324 2328 2349 2351 2430 2475 2528 2571 2628 2648 2709 2741 2781 2786 2886 2978 3028 3090 3137 3238 3306 3321 3393 3419 3442 3562 3588 3612 3681 3695 3775 3803 3899 3908 3957 3963 4059 4107 4176 4215 4276 4295 4296 4406 4429 4475 4549 4613 4624 4706 4714 4769 4797 4879 4928 
S 9: 0 | 4 25 46 185 196 245 270 373 401 443 476 517 622 663 698 724 775 824 899 970 992 1015 1037 1224 1288 1318 1359 1402 1436 1504 1533 1570 1627 1720 1760 1783 1952 2010 2014 2023 2092 2109 2171 2248 2258 2324 2328 2349 2351 2430 2475 2528 2571 2628 2648 2709 2741 2781 2786 2886 2978 3028 3090 3137 3238 3306 3321 3393 3419 3442 3562 3588 3612 3681 3695 3775 3803 3899 3908 3957 3963 4059 4107 4176 4215 4276 4295 4296 4406 4429 4475 4549 4613 4624 4706 4714 4769 4797 4879 4928 
S 10: 0 | 4 25 46 185 196 245 270 373 401 443 476 517 622 663 698 724 775 824 899 970 992 1015 1037 1224 1288 1318 1359 1402 1436 1504 1533 1570 1627 1720 1760 1783 1952 2010 2014 2023 2092 2109 2171 2248 2258 2324 2328 2349 2351 2430 2475 2528 2571 2628 2648 2709 2741 2781 2786 2886 2978 3028 3090 3137 3238 3306 3321 3393 3419 3442 3562 3588 3612 3681 3695 3775 3803 3899 3908 3957 3963 4059 4107 4176 4215 4276 4295 4296 4406 4429 4475 4549 4613 4624 4706 4714 4769 4797 4879 4928 
S 11: 0 | 4 25 46 185 196 245 270 373 401 443 476 517 622 663 698 724 775 824 899 970 992 1015 1037 1224 1288 1318 1359 1402 1436 1504 1533 1570 1627 1720 1760 1783 1952 2010 2014 2023 2092 2109 2171 2248 2258 2324 2328 2349 2351 2430 2475 2528 2571 2628 2648 2709 2741 2781 2786 2886 2978 3028 3090 3137 3238 3306 3321 3393 3419 3442 3562 3588 3612 3681 3695 3775 3803 3899 3908 3957 3963 4059 4107 4176 4215 4276 4295 4296 4406 4429 4475 4549 4613 4624 4706 4714 4769 4797 4879 4928 
S 12: 0 | 4 25 46 185 196 245 270 373 401 443 476 517 622 663 698 724 775 824 899 970 992 1015 1037 1224 1288 1318 1359 1402 1436 1504 1533 1570 1627 1720 1760 1783 1952 2010 2014 2023 2092 2109 2171 2248 2258 2324 2328 2349 2351 2430 2475 2528 2571 2628 2648 2709 2741 2781 2786 2886 2978 3028 3090 3137 3238 3306 3321 3393 3419 3442 3562 3588 3612 3681 3695 3775 3803 3899 3908 3957 3963 4059 4107 4176 4215 4276 4295 4296 4406 4429 4475 4549 4613 4624 4706 4714 4769 4797 4879 4928 
S 13: 0 | 4 25 46 185 196 245 270 373 401 443 476 517 622 663 698 724 775 824 899 970 992 1015 1037 1224 1288 1318 1359 1402 1436 1504 1533 1570 1627 1720 1760 1783 1952 2010 2014 2023 2092 2109 2171 2248 2258 2324 2328 2349 2351 2430 2475 2528 2571 2628 2648 2709 2741 2781 2786 2886 2978 3028 3090 3137 3238 3306 3321 3393 3419 3442 3562 3588 3612 3681 3695 3775 3803 3899 3908 3957 3963 4059 4107 4176 4215 4276 4295 4296 4406 4429 4475 4549 4613 4624 4706 4714 4769 4797 4879 4928 
S 14: 0 | 4 25 46 185 196 245 270 373 401 443 476 517 622 663 698 724 775 824 899 970 992 1015 1037 1224 1288 1318 1359 1402 1436 1504 1533 1570 1627 1720 1760 1783 1952 2010 2014 2023 2092 2109 2171 2248 2258 2324 2328 2349 2351 2430 2475 2528 2571 2628 2648 2709 2741 2781 2786 2886 2978 3028 3090 3137 3238 3306 3321 3393 3419 3442 3562 3588 3612 3681 3695 3775 3803 3899 3908 3957 3963 4059 4107 4176 4215 4276 4295 4296 4406 4429 4475 4549 4613 4624 4706 4714 4769 4797 4879 4928 
S 15: 0 | 4 25 46 185 196 245 270 373 401 443 476 517 622 663 698 724 775 824 899 970 992 1015 1037 1224 1288 1318 1359 1402 1436 1504 1533 1570 1627 1720 1760 1783 1952 2010 2014 2023 2092 2109 2171 2248 2258 2324 2328 2349 2351 2430 2475 2528 2571 2628 2648 2709 2741 2781 2786 2886 2978 3028 3090 3137 3238 3306 3321 3393 3419 3442 3562 3588 3612 3681 3695 3775 3803 3899 3908 3957 3963 4059 4107 4176 4215 4276 4295 4296 4406 4429 4475 4549 4613 4624 4706 4714 4769 4797 4879 4928 
S 16: 0 | 4 25 46 185 196 245 270 373 401 443 476 517 622 663 698 724 775 824 899 970 992 1015 1037 1224 1288 1318 1359 1402 1436 1504 1533 1570 1627 1720 1760 1783 1952 2010 2014 2023 2092 2109 2171 2248 2258 2324 2328 2349 2351 2430 2475 2528 2571 2628 2648 2709 2741 2781 2786 2886 2978 3028 3090 3137 3238 3306 3321 3393 3419 3442 3562 3588 3612 3681 3695 3775 3803 3899 3908 3957 3963 4059 4107 4176 4215 4276 4295 4296 4406 4429 4475 4549 4613 4624 4706 4714 4769 4797 4879 4928 
S 17: 0 | 4 25 46 185 196 245 270 373 401 443 476 517 622 663 698 724 775 824 899 970 992 1015 1037 1224 1288 1318 1359 1402 1436 1504 1533 1570 1627 1720 1760 1783 1952 2010 2014 2023 2092 2109 2171 2248 2258 2324 2328 2349 2351 2430 2475 2528 2571 2628 2648 2709 2741 2781 2786 2886 2978 3028 3090 3137 3238 3306 3321 3393 3419 3442 3562 3588 3612 3681 3695 3775 3803 3899 3908 3957 3963 4059 4107 4176 4215 4276 4295 4296 4406 4429 4475 4549 4613 4624 4706 4714 4769 4797 4879 4928 
S 18: 0 | 4 25 46 185 196 245 270 373 401 443 476 517 622 663 698 724 775 824 899 970 992 1015 1037 1224 1288 1318 1359 1402 1436 1504 1533 1570 1627 1720 1760 1783 1952 2010 2014 2023 2092 2109 2171 2248 2258 2324 2328 2349 2351 2430 2475 2528 2571 2628 2648 2709 2741 2781 2786 2886 2978 3028 3090 3137 3238 3306 3321 3393 3419 3442 3562 3588 3612 3681 3695 3775 3803 3899 3908 3957 3963 4059 4107 4176 4215 4276 4295 4296 4406 4429 4475 4549 4613 4624 4706 4714 4769 4797 4879 4928 
S 19: 0 | 4 25 46 185 196 245 270 373 401 443 476 517 622 663 698 724 775 824 899 970 992 1015 1037 1224 1288 1318 1359 1402 1436 1504 1533 1570 1627 1720 1760 1783 1952 2010 2014 2023 2092 2109 2171 2248 2258 2324 2328 2349 2351 2430 2475 2528 2571 2628 2648 2709 2741 2781 2786 2886 2978 3028 3090 3137 3238 3306 3321 3393 3419 3442 3562 3588 3612 3681 3695 3775 3803 3899 3908 3957 3963 4059 4107 4176 4215 4276 4295 4296 4406 4429 4475 4549 4613 4624 4706 4714 4769 4797 4879 4928 
ALL EQUAL

Final time = 5029.92
Final solution cost = 22162
