Reading instance small_stp_instances/kroE100_10_10.stp of type D
Finished instance reading
Number of vertices = 100
Number of edges (resources) = 4950
Number of scenarios = 10
Average number of terminals per scenario = 100
Probabilities of Scenarios: (0) 0.09 | (1) 0.17 | (2) 0.02 | (3) 0.14 | (4) 0.18 | (5) 0.14 | (6) 0.01 | (7) 0.07 | (8) 0.18 | (9) 0 | 
Average weighted inflation = 0.499281
Largest inflation = 0.999707
MAX_ITERATIONS_SINCE_LAST_IMPROVEMENT 2
MAX_ITERATIONS_SINCE_BEST_SOLUTION 3
Creating solution instance.
Starting Evolutive Framework.
Local search solution cost = 23968
Local search time = 1950.87
1950.87 local search - EF main loop cycle 0 solution cost 23968
1950.95s Cost of SP solution after second stage solver 23968
Local search solution cost = 23266
Local search time = 136.314
2087.27 local search - EF main loop cycle 1 solution cost 23266
2087.28s Cost of SP solution after second stage solver 23266
Local search solution cost = 23266
Local search time = 132
2219.28 local search - EF main loop cycle 2 solution cost 23266
2219.29s Cost of SP solution after second stage solver 23266
Local search solution cost = 23266
Local search time = 132.147
2351.43 local search - EF main loop cycle 3 solution cost 23266
2351.45s Cost of SP solution after second stage solver 23266
Number of cycles 4
Time for each cycle 587.861
2351.46s Cost of SP solution after tail step 23266
SELECTED RESOURCES:
25 46 48 74 185 196 245 270 302 373 401 443 476 517 622 698 724 757 775 824 899 916 970 992 1080 1110 1288 1359 1402 1427 1436 1504 1533 1549 1627 1720 1760 1821 1878 1952 2010 2015 2023 2109 2110 2146 2248 2278 2328 2351 2382 2528 2552 2571 2626 2648 2713 2741 2786 2848 2886 2978 3018 3028 3137 3220 3306 3321 3367 3419 3489 3588 3612 3681 3695 3747 3775 3898 3908 3957 3963 4059 4121 4176 4219 4276 4295 4296 4406 4429 4541 4549 4624 4639 4706 4714 4797 4836 4879 4928 
SCENARIO'S RESOURCES:
S 0: 0 | 25 46 48 74 185 196 245 270 302 373 401 443 476 517 622 698 724 757 775 824 899 916 970 992 1080 1110 1288 1359 1402 1427 1436 1504 1533 1549 1627 1720 1760 1821 1878 1952 2010 2015 2023 2109 2110 2146 2248 2278 2328 2351 2382 2528 2552 2571 2626 2648 2713 2741 2786 2848 2886 2978 3018 3028 3137 3220 3306 3321 3367 3419 3489 3588 3612 3681 3695 3747 3775 3898 3908 3957 3963 4059 4121 4176 4219 4276 4295 4296 4406 4429 4541 4549 4624 4639 4706 4714 4797 4836 4879 4928 
S 1: 0 | 25 46 48 74 185 196 245 270 302 373 401 443 476 517 622 698 724 757 775 824 899 916 970 992 1080 1110 1288 1359 1402 1427 1436 1504 1533 1549 1627 1720 1760 1821 1878 1952 2010 2015 2023 2109 2110 2146 2248 2278 2328 2351 2382 2528 2552 2571 2626 2648 2713 2741 2786 2848 2886 2978 3018 3028 3137 3220 3306 3321 3367 3419 3489 3588 3612 3681 3695 3747 3775 3898 3908 3957 3963 4059 4121 4176 4219 4276 4295 4296 4406 4429 4541 4549 4624 4639 4706 4714 4797 4836 4879 4928 
S 2: 0 | 25 46 48 74 185 196 245 270 302 373 401 443 476 517 622 698 724 757 775 824 899 916 970 992 1080 1110 1288 1359 1402 1427 1436 1504 1533 1549 1627 1720 1760 1821 1878 1952 2010 2015 2023 2109 2110 2146 2248 2278 2328 2351 2382 2528 2552 2571 2626 2648 2713 2741 2786 2848 2886 2978 3018 3028 3137 3220 3306 3321 3367 3419 3489 3588 3612 3681 3695 3747 3775 3898 3908 3957 3963 4059 4121 4176 4219 4276 4295 4296 4406 4429 4541 4549 4624 4639 4706 4714 4797 4836 4879 4928 
S 3: 0 | 25 46 48 74 185 196 245 270 302 373 401 443 476 517 622 698 724 757 775 824 899 916 970 992 1080 1110 1288 1359 1402 1427 1436 1504 1533 1549 1627 1720 1760 1821 1878 1952 2010 2015 2023 2109 2110 2146 2248 2278 2328 2351 2382 2528 2552 2571 2626 2648 2713 2741 2786 2848 2886 2978 3018 3028 3137 3220 3306 3321 3367 3419 3489 3588 3612 3681 3695 3747 3775 3898 3908 3957 3963 4059 4121 4176 4219 4276 4295 4296 4406 4429 4541 4549 4624 4639 4706 4714 4797 4836 4879 4928 
S 4: 0 | 25 46 48 74 185 196 245 270 302 373 401 443 476 517 622 698 724 757 775 824 899 916 970 992 1080 1110 1288 1359 1402 1427 1436 1504 1533 1549 1627 1720 1760 1821 1878 1952 2010 2015 2023 2109 2110 2146 2248 2278 2328 2351 2382 2528 2552 2571 2626 2648 2713 2741 2786 2848 2886 2978 3018 3028 3137 3220 3306 3321 3367 3419 3489 3588 3612 3681 3695 3747 3775 3898 3908 3957 3963 4059 4121 4176 4219 4276 4295 4296 4406 4429 4541 4549 4624 4639 4706 4714 4797 4836 4879 4928 
S 5: 0 | 25 46 48 74 185 196 245 270 302 373 401 443 476 517 622 698 724 757 775 824 899 916 970 992 1080 1110 1288 1359 1402 1427 1436 1504 1533 1549 1627 1720 1760 1821 1878 1952 2010 2015 2023 2109 2110 2146 2248 2278 2328 2351 2382 2528 2552 2571 2626 2648 2713 2741 2786 2848 2886 2978 3018 3028 3137 3220 3306 3321 3367 3419 3489 3588 3612 3681 3695 3747 3775 3898 3908 3957 3963 4059 4121 4176 4219 4276 4295 4296 4406 4429 4541 4549 4624 4639 4706 4714 4797 4836 4879 4928 
S 6: 0 | 25 46 48 74 185 196 245 270 302 373 401 443 476 517 622 698 724 757 775 824 899 916 970 992 1080 1110 1288 1359 1402 1427 1436 1504 1533 1549 1627 1720 1760 1821 1878 1952 2010 2015 2023 2109 2110 2146 2248 2278 2328 2351 2382 2528 2552 2571 2626 2648 2713 2741 2786 2848 2886 2978 3018 3028 3137 3220 3306 3321 3367 3419 3489 3588 3612 3681 3695 3747 3775 3898 3908 3957 3963 4059 4121 4176 4219 4276 4295 4296 4406 4429 4541 4549 4624 4639 4706 4714 4797 4836 4879 4928 
S 7: 0 | 25 46 48 74 185 196 245 270 302 373 401 443 476 517 622 698 724 757 775 824 899 916 970 992 1080 1110 1288 1359 1402 1427 1436 1504 1533 1549 1627 1720 1760 1821 1878 1952 2010 2015 2023 2109 2110 2146 2248 2278 2328 2351 2382 2528 2552 2571 2626 2648 2713 2741 2786 2848 2886 2978 3018 3028 3137 3220 3306 3321 3367 3419 3489 3588 3612 3681 3695 3747 3775 3898 3908 3957 3963 4059 4121 4176 4219 4276 4295 4296 4406 4429 4541 4549 4624 4639 4706 4714 4797 4836 4879 4928 
S 8: 0 | 25 46 48 74 185 196 245 270 302 373 401 443 476 517 622 698 724 757 775 824 899 916 970 992 1080 1110 1288 1359 1402 1427 1436 1504 1533 1549 1627 1720 1760 1821 1878 1952 2010 2015 2023 2109 2110 2146 2248 2278 2328 2351 2382 2528 2552 2571 2626 2648 2713 2741 2786 2848 2886 2978 3018 3028 3137 3220 3306 3321 3367 3419 3489 3588 3612 3681 3695 3747 3775 3898 3908 3957 3963 4059 4121 4176 4219 4276 4295 4296 4406 4429 4541 4549 4624 4639 4706 4714 4797 4836 4879 4928 
S 9: 0 | 25 46 48 74 185 196 245 270 302 373 401 443 476 517 622 698 724 757 775 824 899 916 970 992 1080 1110 1288 1359 1402 1427 1436 1504 1533 1549 1627 1720 1760 1821 1878 1952 2010 2015 2023 2109 2110 2146 2248 2278 2328 2351 2382 2528 2552 2571 2626 2648 2713 2741 2786 2848 2886 2978 3018 3028 3137 3220 3306 3321 3367 3419 3489 3588 3612 3681 3695 3747 3775 3898 3908 3957 3963 4059 4121 4176 4219 4276 4295 4296 4406 4429 4541 4549 4624 4639 4706 4714 4797 4836 4879 4928 
ALL EQUAL

Final time = 2351.48
Final solution cost = 23266
