Reading instance small_stp_instances/kroE100_10_03.stp of type D
Finished instance reading
Number of vertices = 100
Number of edges (resources) = 4950
Number of scenarios = 10
Average number of terminals per scenario = 100
Probabilities of Scenarios: (0) 0.04 | (1) 0.19 | (2) 0.06 | (3) 0.05 | (4) 0.05 | (5) 0.06 | (6) 0.08 | (7) 0.19 | (8) 0.09 | (9) 0.19 | 
Average weighted inflation = 0.14935
Largest inflation = 0.299965
MAX_ITERATIONS_SINCE_LAST_IMPROVEMENT 2
MAX_ITERATIONS_SINCE_BEST_SOLUTION 3
Creating solution instance.
Starting Evolutive Framework.
Local search solution cost = 22297
Local search time = 1647.51
1647.51 local search - EF main loop cycle 0 solution cost 22297
1647.52s Cost of SP solution after second stage solver 22297
Local search solution cost = 22297
Local search time = 124.275
1771.79 local search - EF main loop cycle 1 solution cost 22297
1771.8s Cost of SP solution after second stage solver 22297
Local search solution cost = 22297
Local search time = 124.197
1896 local search - EF main loop cycle 2 solution cost 22297
1896.01s Cost of SP solution after second stage solver 22297
Number of cycles 3
Time for each cycle 632.004
1896.02s Cost of SP solution after tail step 22297
SELECTED RESOURCES:
4 25 46 74 185 196 245 270 302 373 401 476 533 622 698 724 775 824 879 992 1080 1113 1185 1288 1318 1359 1402 1422 1504 1533 1627 1719 1760 1783 1878 2010 2014 2023 2046 2109 2110 2171 2248 2284 2328 2351 2382 2475 2528 2552 2571 2628 2648 2713 2741 2786 2837 2886 2978 3018 3028 3090 3137 3232 3243 3321 3367 3419 3442 3562 3591 3612 3681 3695 3775 3803 3898 3908 3957 3963 4043 4059 4161 4176 4215 4240 4295 4296 4406 4429 4475 4549 4584 4616 4706 4714 4769 4797 4879 4928 
SCENARIO'S RESOURCES:
S 0: 0 | 4 25 46 74 185 196 245 270 302 373 401 476 533 622 698 724 775 824 879 992 1080 1113 1185 1288 1318 1359 1402 1422 1504 1533 1627 1719 1760 1783 1878 2010 2014 2023 2046 2109 2110 2171 2248 2284 2328 2351 2382 2475 2528 2552 2571 2628 2648 2713 2741 2786 2837 2886 2978 3018 3028 3090 3137 3232 3243 3321 3367 3419 3442 3562 3591 3612 3681 3695 3775 3803 3898 3908 3957 3963 4043 4059 4161 4176 4215 4240 4295 4296 4406 4429 4475 4549 4584 4616 4706 4714 4769 4797 4879 4928 
S 1: 0 | 4 25 46 74 185 196 245 270 302 373 401 476 533 622 698 724 775 824 879 992 1080 1113 1185 1288 1318 1359 1402 1422 1504 1533 1627 1719 1760 1783 1878 2010 2014 2023 2046 2109 2110 2171 2248 2284 2328 2351 2382 2475 2528 2552 2571 2628 2648 2713 2741 2786 2837 2886 2978 3018 3028 3090 3137 3232 3243 3321 3367 3419 3442 3562 3591 3612 3681 3695 3775 3803 3898 3908 3957 3963 4043 4059 4161 4176 4215 4240 4295 4296 4406 4429 4475 4549 4584 4616 4706 4714 4769 4797 4879 4928 
S 2: 0 | 4 25 46 74 185 196 245 270 302 373 401 476 533 622 698 724 775 824 879 992 1080 1113 1185 1288 1318 1359 1402 1422 1504 1533 1627 1719 1760 1783 1878 2010 2014 2023 2046 2109 2110 2171 2248 2284 2328 2351 2382 2475 2528 2552 2571 2628 2648 2713 2741 2786 2837 2886 2978 3018 3028 3090 3137 3232 3243 3321 3367 3419 3442 3562 3591 3612 3681 3695 3775 3803 3898 3908 3957 3963 4043 4059 4161 4176 4215 4240 4295 4296 4406 4429 4475 4549 4584 4616 4706 4714 4769 4797 4879 4928 
S 3: 0 | 4 25 46 74 185 196 245 270 302 373 401 476 533 622 698 724 775 824 879 992 1080 1113 1185 1288 1318 1359 1402 1422 1504 1533 1627 1719 1760 1783 1878 2010 2014 2023 2046 2109 2110 2171 2248 2284 2328 2351 2382 2475 2528 2552 2571 2628 2648 2713 2741 2786 2837 2886 2978 3018 3028 3090 3137 3232 3243 3321 3367 3419 3442 3562 3591 3612 3681 3695 3775 3803 3898 3908 3957 3963 4043 4059 4161 4176 4215 4240 4295 4296 4406 4429 4475 4549 4584 4616 4706 4714 4769 4797 4879 4928 
S 4: 0 | 4 25 46 74 185 196 245 270 302 373 401 476 533 622 698 724 775 824 879 992 1080 1113 1185 1288 1318 1359 1402 1422 1504 1533 1627 1719 1760 1783 1878 2010 2014 2023 2046 2109 2110 2171 2248 2284 2328 2351 2382 2475 2528 2552 2571 2628 2648 2713 2741 2786 2837 2886 2978 3018 3028 3090 3137 3232 3243 3321 3367 3419 3442 3562 3591 3612 3681 3695 3775 3803 3898 3908 3957 3963 4043 4059 4161 4176 4215 4240 4295 4296 4406 4429 4475 4549 4584 4616 4706 4714 4769 4797 4879 4928 
S 5: 0 | 4 25 46 74 185 196 245 270 302 373 401 476 533 622 698 724 775 824 879 992 1080 1113 1185 1288 1318 1359 1402 1422 1504 1533 1627 1719 1760 1783 1878 2010 2014 2023 2046 2109 2110 2171 2248 2284 2328 2351 2382 2475 2528 2552 2571 2628 2648 2713 2741 2786 2837 2886 2978 3018 3028 3090 3137 3232 3243 3321 3367 3419 3442 3562 3591 3612 3681 3695 3775 3803 3898 3908 3957 3963 4043 4059 4161 4176 4215 4240 4295 4296 4406 4429 4475 4549 4584 4616 4706 4714 4769 4797 4879 4928 
S 6: 0 | 4 25 46 74 185 196 245 270 302 373 401 476 533 622 698 724 775 824 879 992 1080 1113 1185 1288 1318 1359 1402 1422 1504 1533 1627 1719 1760 1783 1878 2010 2014 2023 2046 2109 2110 2171 2248 2284 2328 2351 2382 2475 2528 2552 2571 2628 2648 2713 2741 2786 2837 2886 2978 3018 3028 3090 3137 3232 3243 3321 3367 3419 3442 3562 3591 3612 3681 3695 3775 3803 3898 3908 3957 3963 4043 4059 4161 4176 4215 4240 4295 4296 4406 4429 4475 4549 4584 4616 4706 4714 4769 4797 4879 4928 
S 7: 0 | 4 25 46 74 185 196 245 270 302 373 401 476 533 622 698 724 775 824 879 992 1080 1113 1185 1288 1318 1359 1402 1422 1504 1533 1627 1719 1760 1783 1878 2010 2014 2023 2046 2109 2110 2171 2248 2284 2328 2351 2382 2475 2528 2552 2571 2628 2648 2713 2741 2786 2837 2886 2978 3018 3028 3090 3137 3232 3243 3321 3367 3419 3442 3562 3591 3612 3681 3695 3775 3803 3898 3908 3957 3963 4043 4059 4161 4176 4215 4240 4295 4296 4406 4429 4475 4549 4584 4616 4706 4714 4769 4797 4879 4928 
S 8: 0 | 4 25 46 74 185 196 245 270 302 373 401 476 533 622 698 724 775 824 879 992 1080 1113 1185 1288 1318 1359 1402 1422 1504 1533 1627 1719 1760 1783 1878 2010 2014 2023 2046 2109 2110 2171 2248 2284 2328 2351 2382 2475 2528 2552 2571 2628 2648 2713 2741 2786 2837 2886 2978 3018 3028 3090 3137 3232 3243 3321 3367 3419 3442 3562 3591 3612 3681 3695 3775 3803 3898 3908 3957 3963 4043 4059 4161 4176 4215 4240 4295 4296 4406 4429 4475 4549 4584 4616 4706 4714 4769 4797 4879 4928 
S 9: 0 | 4 25 46 74 185 196 245 270 302 373 401 476 533 622 698 724 775 824 879 992 1080 1113 1185 1288 1318 1359 1402 1422 1504 1533 1627 1719 1760 1783 1878 2010 2014 2023 2046 2109 2110 2171 2248 2284 2328 2351 2382 2475 2528 2552 2571 2628 2648 2713 2741 2786 2837 2886 2978 3018 3028 3090 3137 3232 3243 3321 3367 3419 3442 3562 3591 3612 3681 3695 3775 3803 3898 3908 3957 3963 4043 4059 4161 4176 4215 4240 4295 4296 4406 4429 4475 4549 4584 4616 4706 4714 4769 4797 4879 4928 
ALL EQUAL

Final time = 1896.04
Final solution cost = 22297
