Reading instance small_stp_instances/kroE100_10_05.stp of type D
Finished instance reading
Number of vertices = 100
Number of edges (resources) = 4950
Number of scenarios = 10
Average number of terminals per scenario = 100
Probabilities of Scenarios: (0) 0.19 | (1) 0.23 | (2) 0.02 | (3) 0.12 | (4) 0.07 | (5) 0.14 | (6) 0.05 | (7) 0.08 | (8) 0.1 | (9) 0 | 
Average weighted inflation = 0.249793
Largest inflation = 0.499814
MAX_ITERATIONS_SINCE_LAST_IMPROVEMENT 2
MAX_ITERATIONS_SINCE_BEST_SOLUTION 3
Creating solution instance.
Starting Evolutive Framework.
Local search solution cost = 22643.8
Local search time = 1896.71
1896.71 local search - EF main loop cycle 0 solution cost 22643.8
1896.73s Cost of SP solution after second stage solver 22643.8
Local search solution cost = 22604
Local search time = 125.67
2022.4 local search - EF main loop cycle 1 solution cost 22604
2022.41s Cost of SP solution after second stage solver 22604
Local search solution cost = 22604
Local search time = 125.523
2147.93 local search - EF main loop cycle 2 solution cost 22604
2147.94s Cost of SP solution after second stage solver 22604
Local search solution cost = 22604
Local search time = 125.566
2273.51 local search - EF main loop cycle 3 solution cost 22604
2273.52s Cost of SP solution after second stage solver 22604
Number of cycles 4
Time for each cycle 568.38
2273.53s Cost of SP solution after tail step 22604
SELECTED RESOURCES:
4 25 46 74 185 196 245 270 302 373 401 443 476 517 622 698 724 765 775 824 879 916 992 1080 1110 1192 1288 1359 1402 1422 1436 1504 1533 1627 1720 1760 1785 1878 2010 2014 2023 2109 2110 2171 2248 2284 2328 2351 2382 2475 2528 2552 2571 2607 2628 2648 2713 2741 2786 2837 2886 2978 3028 3090 3137 3238 3243 3321 3367 3419 3562 3608 3612 3695 3721 3775 3803 3898 3908 3957 3963 4038 4121 4176 4240 4276 4295 4296 4406 4429 4475 4549 4616 4624 4706 4714 4797 4836 4879 4928 
SCENARIO'S RESOURCES:
S 0: 0 | 4 25 46 74 185 196 245 270 302 373 401 443 476 517 622 698 724 765 775 824 879 916 992 1080 1110 1192 1288 1359 1402 1422 1436 1504 1533 1627 1720 1760 1785 1878 2010 2014 2023 2109 2110 2171 2248 2284 2328 2351 2382 2475 2528 2552 2571 2607 2628 2648 2713 2741 2786 2837 2886 2978 3028 3090 3137 3238 3243 3321 3367 3419 3562 3608 3612 3695 3721 3775 3803 3898 3908 3957 3963 4038 4121 4176 4240 4276 4295 4296 4406 4429 4475 4549 4616 4624 4706 4714 4797 4836 4879 4928 
S 1: 0 | 4 25 46 74 185 196 245 270 302 373 401 443 476 517 622 698 724 765 775 824 879 916 992 1080 1110 1192 1288 1359 1402 1422 1436 1504 1533 1627 1720 1760 1785 1878 2010 2014 2023 2109 2110 2171 2248 2284 2328 2351 2382 2475 2528 2552 2571 2607 2628 2648 2713 2741 2786 2837 2886 2978 3028 3090 3137 3238 3243 3321 3367 3419 3562 3608 3612 3695 3721 3775 3803 3898 3908 3957 3963 4038 4121 4176 4240 4276 4295 4296 4406 4429 4475 4549 4616 4624 4706 4714 4797 4836 4879 4928 
S 2: 0 | 4 25 46 74 185 196 245 270 302 373 401 443 476 517 622 698 724 765 775 824 879 916 992 1080 1110 1192 1288 1359 1402 1422 1436 1504 1533 1627 1720 1760 1785 1878 2010 2014 2023 2109 2110 2171 2248 2284 2328 2351 2382 2475 2528 2552 2571 2607 2628 2648 2713 2741 2786 2837 2886 2978 3028 3090 3137 3238 3243 3321 3367 3419 3562 3608 3612 3695 3721 3775 3803 3898 3908 3957 3963 4038 4121 4176 4240 4276 4295 4296 4406 4429 4475 4549 4616 4624 4706 4714 4797 4836 4879 4928 
S 3: 0 | 4 25 46 74 185 196 245 270 302 373 401 443 476 517 622 698 724 765 775 824 879 916 992 1080 1110 1192 1288 1359 1402 1422 1436 1504 1533 1627 1720 1760 1785 1878 2010 2014 2023 2109 2110 2171 2248 2284 2328 2351 2382 2475 2528 2552 2571 2607 2628 2648 2713 2741 2786 2837 2886 2978 3028 3090 3137 3238 3243 3321 3367 3419 3562 3608 3612 3695 3721 3775 3803 3898 3908 3957 3963 4038 4121 4176 4240 4276 4295 4296 4406 4429 4475 4549 4616 4624 4706 4714 4797 4836 4879 4928 
S 4: 0 | 4 25 46 74 185 196 245 270 302 373 401 443 476 517 622 698 724 765 775 824 879 916 992 1080 1110 1192 1288 1359 1402 1422 1436 1504 1533 1627 1720 1760 1785 1878 2010 2014 2023 2109 2110 2171 2248 2284 2328 2351 2382 2475 2528 2552 2571 2607 2628 2648 2713 2741 2786 2837 2886 2978 3028 3090 3137 3238 3243 3321 3367 3419 3562 3608 3612 3695 3721 3775 3803 3898 3908 3957 3963 4038 4121 4176 4240 4276 4295 4296 4406 4429 4475 4549 4616 4624 4706 4714 4797 4836 4879 4928 
S 5: 0 | 4 25 46 74 185 196 245 270 302 373 401 443 476 517 622 698 724 765 775 824 879 916 992 1080 1110 1192 1288 1359 1402 1422 1436 1504 1533 1627 1720 1760 1785 1878 2010 2014 2023 2109 2110 2171 2248 2284 2328 2351 2382 2475 2528 2552 2571 2607 2628 2648 2713 2741 2786 2837 2886 2978 3028 3090 3137 3238 3243 3321 3367 3419 3562 3608 3612 3695 3721 3775 3803 3898 3908 3957 3963 4038 4121 4176 4240 4276 4295 4296 4406 4429 4475 4549 4616 4624 4706 4714 4797 4836 4879 4928 
S 6: 0 | 4 25 46 74 185 196 245 270 302 373 401 443 476 517 622 698 724 765 775 824 879 916 992 1080 1110 1192 1288 1359 1402 1422 1436 1504 1533 1627 1720 1760 1785 1878 2010 2014 2023 2109 2110 2171 2248 2284 2328 2351 2382 2475 2528 2552 2571 2607 2628 2648 2713 2741 2786 2837 2886 2978 3028 3090 3137 3238 3243 3321 3367 3419 3562 3608 3612 3695 3721 3775 3803 3898 3908 3957 3963 4038 4121 4176 4240 4276 4295 4296 4406 4429 4475 4549 4616 4624 4706 4714 4797 4836 4879 4928 
S 7: 0 | 4 25 46 74 185 196 245 270 302 373 401 443 476 517 622 698 724 765 775 824 879 916 992 1080 1110 1192 1288 1359 1402 1422 1436 1504 1533 1627 1720 1760 1785 1878 2010 2014 2023 2109 2110 2171 2248 2284 2328 2351 2382 2475 2528 2552 2571 2607 2628 2648 2713 2741 2786 2837 2886 2978 3028 3090 3137 3238 3243 3321 3367 3419 3562 3608 3612 3695 3721 3775 3803 3898 3908 3957 3963 4038 4121 4176 4240 4276 4295 4296 4406 4429 4475 4549 4616 4624 4706 4714 4797 4836 4879 4928 
S 8: 0 | 4 25 46 74 185 196 245 270 302 373 401 443 476 517 622 698 724 765 775 824 879 916 992 1080 1110 1192 1288 1359 1402 1422 1436 1504 1533 1627 1720 1760 1785 1878 2010 2014 2023 2109 2110 2171 2248 2284 2328 2351 2382 2475 2528 2552 2571 2607 2628 2648 2713 2741 2786 2837 2886 2978 3028 3090 3137 3238 3243 3321 3367 3419 3562 3608 3612 3695 3721 3775 3803 3898 3908 3957 3963 4038 4121 4176 4240 4276 4295 4296 4406 4429 4475 4549 4616 4624 4706 4714 4797 4836 4879 4928 
S 9: 0 | 4 25 46 74 185 196 245 270 302 373 401 443 476 517 622 698 724 765 775 824 879 916 992 1080 1110 1192 1288 1359 1402 1422 1436 1504 1533 1627 1720 1760 1785 1878 2010 2014 2023 2109 2110 2171 2248 2284 2328 2351 2382 2475 2528 2552 2571 2607 2628 2648 2713 2741 2786 2837 2886 2978 3028 3090 3137 3238 3243 3321 3367 3419 3562 3608 3612 3695 3721 3775 3803 3898 3908 3957 3963 4038 4121 4176 4240 4276 4295 4296 4406 4429 4475 4549 4616 4624 4706 4714 4797 4836 4879 4928 
ALL EQUAL

Final time = 2273.55
Final solution cost = 22604
