Reading instance small_stp_instances/kroE100_5_03.stp of type D
Finished instance reading
Number of vertices = 100
Number of edges (resources) = 4950
Number of scenarios = 5
Average number of terminals per scenario = 100
Probabilities of Scenarios: (0) 0.13 | (1) 0.19 | (2) 0.28 | (3) 0.2 | (4) 0.2 | 
Average weighted inflation = 0.14989
Largest inflation = 0.299919
MAX_ITERATIONS_SINCE_LAST_IMPROVEMENT 2
MAX_ITERATIONS_SINCE_BEST_SOLUTION 3
Creating solution instance.
Starting Evolutive Framework.
Local search solution cost = 22235.3
Local search time = 864.75
864.75 local search - EF main loop cycle 0 solution cost 22235.3
864.757s Cost of SP solution after second stage solver 22235.3
Local search solution cost = 22221
Local search time = 62.9849
927.742 local search - EF main loop cycle 1 solution cost 22221
927.748s Cost of SP solution after second stage solver 22221
Local search solution cost = 22221
Local search time = 62.9255
990.673 local search - EF main loop cycle 2 solution cost 22221
990.679s Cost of SP solution after second stage solver 22221
Number of cycles 3
Time for each cycle 330.226
990.684s Cost of SP solution after tail step 22221
SELECTED RESOURCES:
4 25 46 185 196 245 270 373 401 443 476 517 622 663 698 724 757 775 806 824 899 970 992 1015 1037 1122 1288 1318 1359 1402 1436 1504 1533 1627 1720 1760 1783 1878 2010 2014 2023 2072 2109 2110 2171 2248 2284 2328 2349 2351 2475 2528 2552 2571 2628 2648 2713 2786 2837 2886 2978 3018 3028 3090 3137 3230 3306 3321 3367 3419 3562 3588 3612 3663 3695 3775 3803 3900 3908 3945 3963 4059 4169 4176 4198 4276 4295 4296 4406 4429 4475 4549 4609 4613 4706 4714 4797 4836 4879 4928 
SCENARIO'S RESOURCES:
S 0: 0 | 4 25 46 185 196 245 270 373 401 443 476 517 622 663 698 724 757 775 806 824 899 970 992 1015 1037 1122 1288 1318 1359 1402 1436 1504 1533 1627 1720 1760 1783 1878 2010 2014 2023 2072 2109 2110 2171 2248 2284 2328 2349 2351 2475 2528 2552 2571 2628 2648 2713 2786 2837 2886 2978 3018 3028 3090 3137 3230 3306 3321 3367 3419 3562 3588 3612 3663 3695 3775 3803 3900 3908 3945 3963 4059 4169 4176 4198 4276 4295 4296 4406 4429 4475 4549 4609 4613 4706 4714 4797 4836 4879 4928 
S 1: 0 | 4 25 46 185 196 245 270 373 401 443 476 517 622 663 698 724 757 775 806 824 899 970 992 1015 1037 1122 1288 1318 1359 1402 1436 1504 1533 1627 1720 1760 1783 1878 2010 2014 2023 2072 2109 2110 2171 2248 2284 2328 2349 2351 2475 2528 2552 2571 2628 2648 2713 2786 2837 2886 2978 3018 3028 3090 3137 3230 3306 3321 3367 3419 3562 3588 3612 3663 3695 3775 3803 3900 3908 3945 3963 4059 4169 4176 4198 4276 4295 4296 4406 4429 4475 4549 4609 4613 4706 4714 4797 4836 4879 4928 
S 2: 0 | 4 25 46 185 196 245 270 373 401 443 476 517 622 663 698 724 757 775 806 824 899 970 992 1015 1037 1122 1288 1318 1359 1402 1436 1504 1533 1627 1720 1760 1783 1878 2010 2014 2023 2072 2109 2110 2171 2248 2284 2328 2349 2351 2475 2528 2552 2571 2628 2648 2713 2786 2837 2886 2978 3018 3028 3090 3137 3230 3306 3321 3367 3419 3562 3588 3612 3663 3695 3775 3803 3900 3908 3945 3963 4059 4169 4176 4198 4276 4295 4296 4406 4429 4475 4549 4609 4613 4706 4714 4797 4836 4879 4928 
S 3: 0 | 4 25 46 185 196 245 270 373 401 443 476 517 622 663 698 724 757 775 806 824 899 970 992 1015 1037 1122 1288 1318 1359 1402 1436 1504 1533 1627 1720 1760 1783 1878 2010 2014 2023 2072 2109 2110 2171 2248 2284 2328 2349 2351 2475 2528 2552 2571 2628 2648 2713 2786 2837 2886 2978 3018 3028 3090 3137 3230 3306 3321 3367 3419 3562 3588 3612 3663 3695 3775 3803 3900 3908 3945 3963 4059 4169 4176 4198 4276 4295 4296 4406 4429 4475 4549 4609 4613 4706 4714 4797 4836 4879 4928 
S 4: 0 | 4 25 46 185 196 245 270 373 401 443 476 517 622 663 698 724 757 775 806 824 899 970 992 1015 1037 1122 1288 1318 1359 1402 1436 1504 1533 1627 1720 1760 1783 1878 2010 2014 2023 2072 2109 2110 2171 2248 2284 2328 2349 2351 2475 2528 2552 2571 2628 2648 2713 2786 2837 2886 2978 3018 3028 3090 3137 3230 3306 3321 3367 3419 3562 3588 3612 3663 3695 3775 3803 3900 3908 3945 3963 4059 4169 4176 4198 4276 4295 4296 4406 4429 4475 4549 4609 4613 4706 4714 4797 4836 4879 4928 
ALL EQUAL

Final time = 990.696
Final solution cost = 22221
