Reading instance small_stp_instances/kroE100_5_10.stp of type D
Finished instance reading
Number of vertices = 100
Number of edges (resources) = 4950
Number of scenarios = 5
Average number of terminals per scenario = 100
Probabilities of Scenarios: (0) 0.33 | (1) 0.16 | (2) 0.09 | (3) 0.31 | (4) 0.11 | 
Average weighted inflation = 0.49693
Largest inflation = 0.999704
MAX_ITERATIONS_SINCE_LAST_IMPROVEMENT 2
MAX_ITERATIONS_SINCE_BEST_SOLUTION 3
Creating solution instance.
Starting Evolutive Framework.
Local search solution cost = 22874
Local search time = 827.733
827.734 local search - EF main loop cycle 0 solution cost 22874
827.746s Cost of SP solution after second stage solver 22874
Local search solution cost = 22806
Local search time = 64.1547
891.901 local search - EF main loop cycle 1 solution cost 22806
891.907s Cost of SP solution after second stage solver 22806
Local search solution cost = 22806
Local search time = 64.1804
956.087 local search - EF main loop cycle 2 solution cost 22806
956.093s Cost of SP solution after second stage solver 22806
Local search solution cost = 22806
Local search time = 64.2482
1020.34 local search - EF main loop cycle 3 solution cost 22806
1020.35s Cost of SP solution after second stage solver 22806
Number of cycles 4
Time for each cycle 255.087
1020.35s Cost of SP solution after tail step 22806
SELECTED RESOURCES:
4 15 25 46 74 185 245 270 373 401 443 476 517 622 698 724 775 849 899 916 970 992 1015 1037 1085 1185 1288 1359 1402 1436 1504 1533 1627 1688 1760 1813 1878 1952 2010 2023 2072 2109 2110 2171 2248 2298 2328 2351 2382 2536 2552 2571 2626 2634 2648 2713 2741 2786 2886 2978 3018 3028 3090 3137 3220 3243 3321 3367 3419 3442 3562 3588 3612 3681 3695 3775 3803 3898 3908 3957 3963 4038 4161 4176 4240 4276 4295 4296 4429 4434 4475 4549 4613 4619 4706 4731 4769 4797 4879 4928 
SCENARIO'S RESOURCES:
S 0: 0 | 4 15 25 46 74 185 245 270 373 401 443 476 517 622 698 724 775 849 899 916 970 992 1015 1037 1085 1185 1288 1359 1402 1436 1504 1533 1627 1688 1760 1813 1878 1952 2010 2023 2072 2109 2110 2171 2248 2298 2328 2351 2382 2536 2552 2571 2626 2634 2648 2713 2741 2786 2886 2978 3018 3028 3090 3137 3220 3243 3321 3367 3419 3442 3562 3588 3612 3681 3695 3775 3803 3898 3908 3957 3963 4038 4161 4176 4240 4276 4295 4296 4429 4434 4475 4549 4613 4619 4706 4731 4769 4797 4879 4928 
S 1: 0 | 4 15 25 46 74 185 245 270 373 401 443 476 517 622 698 724 775 849 899 916 970 992 1015 1037 1085 1185 1288 1359 1402 1436 1504 1533 1627 1688 1760 1813 1878 1952 2010 2023 2072 2109 2110 2171 2248 2298 2328 2351 2382 2536 2552 2571 2626 2634 2648 2713 2741 2786 2886 2978 3018 3028 3090 3137 3220 3243 3321 3367 3419 3442 3562 3588 3612 3681 3695 3775 3803 3898 3908 3957 3963 4038 4161 4176 4240 4276 4295 4296 4429 4434 4475 4549 4613 4619 4706 4731 4769 4797 4879 4928 
S 2: 0 | 4 15 25 46 74 185 245 270 373 401 443 476 517 622 698 724 775 849 899 916 970 992 1015 1037 1085 1185 1288 1359 1402 1436 1504 1533 1627 1688 1760 1813 1878 1952 2010 2023 2072 2109 2110 2171 2248 2298 2328 2351 2382 2536 2552 2571 2626 2634 2648 2713 2741 2786 2886 2978 3018 3028 3090 3137 3220 3243 3321 3367 3419 3442 3562 3588 3612 3681 3695 3775 3803 3898 3908 3957 3963 4038 4161 4176 4240 4276 4295 4296 4429 4434 4475 4549 4613 4619 4706 4731 4769 4797 4879 4928 
S 3: 0 | 4 15 25 46 74 185 245 270 373 401 443 476 517 622 698 724 775 849 899 916 970 992 1015 1037 1085 1185 1288 1359 1402 1436 1504 1533 1627 1688 1760 1813 1878 1952 2010 2023 2072 2109 2110 2171 2248 2298 2328 2351 2382 2536 2552 2571 2626 2634 2648 2713 2741 2786 2886 2978 3018 3028 3090 3137 3220 3243 3321 3367 3419 3442 3562 3588 3612 3681 3695 3775 3803 3898 3908 3957 3963 4038 4161 4176 4240 4276 4295 4296 4429 4434 4475 4549 4613 4619 4706 4731 4769 4797 4879 4928 
S 4: 0 | 4 15 25 46 74 185 245 270 373 401 443 476 517 622 698 724 775 849 899 916 970 992 1015 1037 1085 1185 1288 1359 1402 1436 1504 1533 1627 1688 1760 1813 1878 1952 2010 2023 2072 2109 2110 2171 2248 2298 2328 2351 2382 2536 2552 2571 2626 2634 2648 2713 2741 2786 2886 2978 3018 3028 3090 3137 3220 3243 3321 3367 3419 3442 3562 3588 3612 3681 3695 3775 3803 3898 3908 3957 3963 4038 4161 4176 4240 4276 4295 4296 4429 4434 4475 4549 4613 4619 4706 4731 4769 4797 4879 4928 
ALL EQUAL

Final time = 1020.36
Final solution cost = 22806
