Reading instance small_stp_instances/kroE100_20_10.stp of type D
Finished instance reading
Number of vertices = 100
Number of edges (resources) = 4950
Number of scenarios = 20
Average number of terminals per scenario = 100
Probabilities of Scenarios: (0) 0.07 | (1) 0.08 | (2) 0.15 | (3) 0 | (4) 0.06 | (5) 0.07 | (6) 0.07 | (7) 0.02 | (8) 0.06 | (9) 0.05 | (10) 0.03 | (11) 0.05 | (12) 0.08 | (13) 0.05 | (14) 0 | (15) 0.01 | (16) 0.06 | (17) 0.04 | (18) 0.02 | (19) 0.03 | 
Average weighted inflation = 0.500323
Largest inflation = 0.999757
MAX_ITERATIONS_SINCE_LAST_IMPROVEMENT 2
MAX_ITERATIONS_SINCE_BEST_SOLUTION 3
Creating solution instance.
Starting Evolutive Framework.
Local search solution cost = 23563.1
Local search time = 4131.5
4131.5 local search - EF main loop cycle 0 solution cost 23563.1
4131.53s Cost of SP solution after second stage solver 23563.1
Local search solution cost = 23386
Local search time = 247.486
4379.02 local search - EF main loop cycle 1 solution cost 23386
4379.04s Cost of SP solution after second stage solver 23386
Local search solution cost = 23386
Local search time = 246.876
4625.92 local search - EF main loop cycle 2 solution cost 23386
4625.94s Cost of SP solution after second stage solver 23386
Local search solution cost = 23386
Local search time = 246.968
4872.91 local search - EF main loop cycle 3 solution cost 23386
4872.93s Cost of SP solution after second stage solver 23386
Number of cycles 4
Time for each cycle 1218.23
4872.95s Cost of SP solution after tail step 23386
SELECTED RESOURCES:
4 25 46 74 185 196 250 270 302 373 401 443 476 517 533 622 698 724 757 775 824 879 916 992 1080 1224 1288 1290 1359 1402 1422 1499 1627 1720 1760 1878 1885 1948 1988 2023 2040 2092 2109 2148 2171 2248 2258 2324 2328 2351 2382 2475 2528 2545 2571 2628 2648 2741 2781 2786 2886 2978 3028 3090 3137 3230 3294 3321 3393 3419 3562 3608 3612 3681 3695 3775 3803 3906 3908 3957 3963 4059 4169 4176 4215 4276 4295 4296 4429 4434 4475 4549 4590 4616 4706 4714 4797 4836 4879 4928 
SCENARIO'S RESOURCES:
S 0: 0 | 4 25 46 74 185 196 250 270 302 373 401 443 476 517 533 622 698 724 757 775 824 879 916 992 1080 1224 1288 1290 1359 1402 1422 1499 1627 1720 1760 1878 1885 1948 1988 2023 2040 2092 2109 2148 2171 2248 2258 2324 2328 2351 2382 2475 2528 2545 2571 2628 2648 2741 2781 2786 2886 2978 3028 3090 3137 3230 3294 3321 3393 3419 3562 3608 3612 3681 3695 3775 3803 3906 3908 3957 3963 4059 4169 4176 4215 4276 4295 4296 4429 4434 4475 4549 4590 4616 4706 4714 4797 4836 4879 4928 
S 1: 0 | 4 25 46 74 185 196 250 270 302 373 401 443 476 517 533 622 698 724 757 775 824 879 916 992 1080 1224 1288 1290 1359 1402 1422 1499 1627 1720 1760 1878 1885 1948 1988 2023 2040 2092 2109 2148 2171 2248 2258 2324 2328 2351 2382 2475 2528 2545 2571 2628 2648 2741 2781 2786 2886 2978 3028 3090 3137 3230 3294 3321 3393 3419 3562 3608 3612 3681 3695 3775 3803 3906 3908 3957 3963 4059 4169 4176 4215 4276 4295 4296 4429 4434 4475 4549 4590 4616 4706 4714 4797 4836 4879 4928 
S 2: 0 | 4 25 46 74 185 196 250 270 302 373 401 443 476 517 533 622 698 724 757 775 824 879 916 992 1080 1224 1288 1290 1359 1402 1422 1499 1627 1720 1760 1878 1885 1948 1988 2023 2040 2092 2109 2148 2171 2248 2258 2324 2328 2351 2382 2475 2528 2545 2571 2628 2648 2741 2781 2786 2886 2978 3028 3090 3137 3230 3294 3321 3393 3419 3562 3608 3612 3681 3695 3775 3803 3906 3908 3957 3963 4059 4169 4176 4215 4276 4295 4296 4429 4434 4475 4549 4590 4616 4706 4714 4797 4836 4879 4928 
S 3: 0 | 4 25 46 74 185 196 250 270 302 373 401 443 476 517 533 622 698 724 757 775 824 879 916 992 1080 1224 1288 1290 1359 1402 1422 1499 1627 1720 1760 1878 1885 1948 1988 2023 2040 2092 2109 2148 2171 2248 2258 2324 2328 2351 2382 2475 2528 2545 2571 2628 2648 2741 2781 2786 2886 2978 3028 3090 3137 3230 3294 3321 3393 3419 3562 3608 3612 3681 3695 3775 3803 3906 3908 3957 3963 4059 4169 4176 4215 4276 4295 4296 4429 4434 4475 4549 4590 4616 4706 4714 4797 4836 4879 4928 
S 4: 0 | 4 25 46 74 185 196 250 270 302 373 401 443 476 517 533 622 698 724 757 775 824 879 916 992 1080 1224 1288 1290 1359 1402 1422 1499 1627 1720 1760 1878 1885 1948 1988 2023 2040 2092 2109 2148 2171 2248 2258 2324 2328 2351 2382 2475 2528 2545 2571 2628 2648 2741 2781 2786 2886 2978 3028 3090 3137 3230 3294 3321 3393 3419 3562 3608 3612 3681 3695 3775 3803 3906 3908 3957 3963 4059 4169 4176 4215 4276 4295 4296 4429 4434 4475 4549 4590 4616 4706 4714 4797 4836 4879 4928 
S 5: 0 | 4 25 46 74 185 196 250 270 302 373 401 443 476 517 533 622 698 724 757 775 824 879 916 992 1080 1224 1288 1290 1359 1402 1422 1499 1627 1720 1760 1878 1885 1948 1988 2023 2040 2092 2109 2148 2171 2248 2258 2324 2328 2351 2382 2475 2528 2545 2571 2628 2648 2741 2781 2786 2886 2978 3028 3090 3137 3230 3294 3321 3393 3419 3562 3608 3612 3681 3695 3775 3803 3906 3908 3957 3963 4059 4169 4176 4215 4276 4295 4296 4429 4434 4475 4549 4590 4616 4706 4714 4797 4836 4879 4928 
S 6: 0 | 4 25 46 74 185 196 250 270 302 373 401 443 476 517 533 622 698 724 757 775 824 879 916 992 1080 1224 1288 1290 1359 1402 1422 1499 1627 1720 1760 1878 1885 1948 1988 2023 2040 2092 2109 2148 2171 2248 2258 2324 2328 2351 2382 2475 2528 2545 2571 2628 2648 2741 2781 2786 2886 2978 3028 3090 3137 3230 3294 3321 3393 3419 3562 3608 3612 3681 3695 3775 3803 3906 3908 3957 3963 4059 4169 4176 4215 4276 4295 4296 4429 4434 4475 4549 4590 4616 4706 4714 4797 4836 4879 4928 
S 7: 0 | 4 25 46 74 185 196 250 270 302 373 401 443 476 517 533 622 698 724 757 775 824 879 916 992 1080 1224 1288 1290 1359 1402 1422 1499 1627 1720 1760 1878 1885 1948 1988 2023 2040 2092 2109 2148 2171 2248 2258 2324 2328 2351 2382 2475 2528 2545 2571 2628 2648 2741 2781 2786 2886 2978 3028 3090 3137 3230 3294 3321 3393 3419 3562 3608 3612 3681 3695 3775 3803 3906 3908 3957 3963 4059 4169 4176 4215 4276 4295 4296 4429 4434 4475 4549 4590 4616 4706 4714 4797 4836 4879 4928 
S 8: 0 | 4 25 46 74 185 196 250 270 302 373 401 443 476 517 533 622 698 724 757 775 824 879 916 992 1080 1224 1288 1290 1359 1402 1422 1499 1627 1720 1760 1878 1885 1948 1988 2023 2040 2092 2109 2148 2171 2248 2258 2324 2328 2351 2382 2475 2528 2545 2571 2628 2648 2741 2781 2786 2886 2978 3028 3090 3137 3230 3294 3321 3393 3419 3562 3608 3612 3681 3695 3775 3803 3906 3908 3957 3963 4059 4169 4176 4215 4276 4295 4296 4429 4434 4475 4549 4590 4616 4706 4714 4797 4836 4879 4928 
S 9: 0 | 4 25 46 74 185 196 250 270 302 373 401 443 476 517 533 622 698 724 757 775 824 879 916 992 1080 1224 1288 1290 1359 1402 1422 1499 1627 1720 1760 1878 1885 1948 1988 2023 2040 2092 2109 2148 2171 2248 2258 2324 2328 2351 2382 2475 2528 2545 2571 2628 2648 2741 2781 2786 2886 2978 3028 3090 3137 3230 3294 3321 3393 3419 3562 3608 3612 3681 3695 3775 3803 3906 3908 3957 3963 4059 4169 4176 4215 4276 4295 4296 4429 4434 4475 4549 4590 4616 4706 4714 4797 4836 4879 4928 
S 10: 0 | 4 25 46 74 185 196 250 270 302 373 401 443 476 517 533 622 698 724 757 775 824 879 916 992 1080 1224 1288 1290 1359 1402 1422 1499 1627 1720 1760 1878 1885 1948 1988 2023 2040 2092 2109 2148 2171 2248 2258 2324 2328 2351 2382 2475 2528 2545 2571 2628 2648 2741 2781 2786 2886 2978 3028 3090 3137 3230 3294 3321 3393 3419 3562 3608 3612 3681 3695 3775 3803 3906 3908 3957 3963 4059 4169 4176 4215 4276 4295 4296 4429 4434 4475 4549 4590 4616 4706 4714 4797 4836 4879 4928 
S 11: 0 | 4 25 46 74 185 196 250 270 302 373 401 443 476 517 533 622 698 724 757 775 824 879 916 992 1080 1224 1288 1290 1359 1402 1422 1499 1627 1720 1760 1878 1885 1948 1988 2023 2040 2092 2109 2148 2171 2248 2258 2324 2328 2351 2382 2475 2528 2545 2571 2628 2648 2741 2781 2786 2886 2978 3028 3090 3137 3230 3294 3321 3393 3419 3562 3608 3612 3681 3695 3775 3803 3906 3908 3957 3963 4059 4169 4176 4215 4276 4295 4296 4429 4434 4475 4549 4590 4616 4706 4714 4797 4836 4879 4928 
S 12: 0 | 4 25 46 74 185 196 250 270 302 373 401 443 476 517 533 622 698 724 757 775 824 879 916 992 1080 1224 1288 1290 1359 1402 1422 1499 1627 1720 1760 1878 1885 1948 1988 2023 2040 2092 2109 2148 2171 2248 2258 2324 2328 2351 2382 2475 2528 2545 2571 2628 2648 2741 2781 2786 2886 2978 3028 3090 3137 3230 3294 3321 3393 3419 3562 3608 3612 3681 3695 3775 3803 3906 3908 3957 3963 4059 4169 4176 4215 4276 4295 4296 4429 4434 4475 4549 4590 4616 4706 4714 4797 4836 4879 4928 
S 13: 0 | 4 25 46 74 185 196 250 270 302 373 401 443 476 517 533 622 698 724 757 775 824 879 916 992 1080 1224 1288 1290 1359 1402 1422 1499 1627 1720 1760 1878 1885 1948 1988 2023 2040 2092 2109 2148 2171 2248 2258 2324 2328 2351 2382 2475 2528 2545 2571 2628 2648 2741 2781 2786 2886 2978 3028 3090 3137 3230 3294 3321 3393 3419 3562 3608 3612 3681 3695 3775 3803 3906 3908 3957 3963 4059 4169 4176 4215 4276 4295 4296 4429 4434 4475 4549 4590 4616 4706 4714 4797 4836 4879 4928 
S 14: 0 | 4 25 46 74 185 196 250 270 302 373 401 443 476 517 533 622 698 724 757 775 824 879 916 992 1080 1224 1288 1290 1359 1402 1422 1499 1627 1720 1760 1878 1885 1948 1988 2023 2040 2092 2109 2148 2171 2248 2258 2324 2328 2351 2382 2475 2528 2545 2571 2628 2648 2741 2781 2786 2886 2978 3028 3090 3137 3230 3294 3321 3393 3419 3562 3608 3612 3681 3695 3775 3803 3906 3908 3957 3963 4059 4169 4176 4215 4276 4295 4296 4429 4434 4475 4549 4590 4616 4706 4714 4797 4836 4879 4928 
S 15: 0 | 4 25 46 74 185 196 250 270 302 373 401 443 476 517 533 622 698 724 757 775 824 879 916 992 1080 1224 1288 1290 1359 1402 1422 1499 1627 1720 1760 1878 1885 1948 1988 2023 2040 2092 2109 2148 2171 2248 2258 2324 2328 2351 2382 2475 2528 2545 2571 2628 2648 2741 2781 2786 2886 2978 3028 3090 3137 3230 3294 3321 3393 3419 3562 3608 3612 3681 3695 3775 3803 3906 3908 3957 3963 4059 4169 4176 4215 4276 4295 4296 4429 4434 4475 4549 4590 4616 4706 4714 4797 4836 4879 4928 
S 16: 0 | 4 25 46 74 185 196 250 270 302 373 401 443 476 517 533 622 698 724 757 775 824 879 916 992 1080 1224 1288 1290 1359 1402 1422 1499 1627 1720 1760 1878 1885 1948 1988 2023 2040 2092 2109 2148 2171 2248 2258 2324 2328 2351 2382 2475 2528 2545 2571 2628 2648 2741 2781 2786 2886 2978 3028 3090 3137 3230 3294 3321 3393 3419 3562 3608 3612 3681 3695 3775 3803 3906 3908 3957 3963 4059 4169 4176 4215 4276 4295 4296 4429 4434 4475 4549 4590 4616 4706 4714 4797 4836 4879 4928 
S 17: 0 | 4 25 46 74 185 196 250 270 302 373 401 443 476 517 533 622 698 724 757 775 824 879 916 992 1080 1224 1288 1290 1359 1402 1422 1499 1627 1720 1760 1878 1885 1948 1988 2023 2040 2092 2109 2148 2171 2248 2258 2324 2328 2351 2382 2475 2528 2545 2571 2628 2648 2741 2781 2786 2886 2978 3028 3090 3137 3230 3294 3321 3393 3419 3562 3608 3612 3681 3695 3775 3803 3906 3908 3957 3963 4059 4169 4176 4215 4276 4295 4296 4429 4434 4475 4549 4590 4616 4706 4714 4797 4836 4879 4928 
S 18: 0 | 4 25 46 74 185 196 250 270 302 373 401 443 476 517 533 622 698 724 757 775 824 879 916 992 1080 1224 1288 1290 1359 1402 1422 1499 1627 1720 1760 1878 1885 1948 1988 2023 2040 2092 2109 2148 2171 2248 2258 2324 2328 2351 2382 2475 2528 2545 2571 2628 2648 2741 2781 2786 2886 2978 3028 3090 3137 3230 3294 3321 3393 3419 3562 3608 3612 3681 3695 3775 3803 3906 3908 3957 3963 4059 4169 4176 4215 4276 4295 4296 4429 4434 4475 4549 4590 4616 4706 4714 4797 4836 4879 4928 
S 19: 0 | 4 25 46 74 185 196 250 270 302 373 401 443 476 517 533 622 698 724 757 775 824 879 916 992 1080 1224 1288 1290 1359 1402 1422 1499 1627 1720 1760 1878 1885 1948 1988 2023 2040 2092 2109 2148 2171 2248 2258 2324 2328 2351 2382 2475 2528 2545 2571 2628 2648 2741 2781 2786 2886 2978 3028 3090 3137 3230 3294 3321 3393 3419 3562 3608 3612 3681 3695 3775 3803 3906 3908 3957 3963 4059 4169 4176 4215 4276 4295 4296 4429 4434 4475 4549 4590 4616 4706 4714 4797 4836 4879 4928 
ALL EQUAL

Final time = 4872.99
Final solution cost = 23386
