Reading instance small_stp_instances/lin105_10_05.stp of type D
Finished instance reading
Number of vertices = 105
Number of edges (resources) = 5460
Number of scenarios = 10
Average number of terminals per scenario = 105
Probabilities of Scenarios: (0) 0.15 | (1) 0.05 | (2) 0.03 | (3) 0.18 | (4) 0.18 | (5) 0.17 | (6) 0.02 | (7) 0.1 | (8) 0.05 | (9) 0.07 | 
Average weighted inflation = 0.248402
Largest inflation = 0.499783
MAX_ITERATIONS_SINCE_LAST_IMPROVEMENT 2
MAX_ITERATIONS_SINCE_BEST_SOLUTION 3
Creating solution instance.
Starting Evolutive Framework.
Local search solution cost = 14632.8
Local search time = 1166.63
1166.63 local search - EF main loop cycle 0 solution cost 14632.8
1166.64s Cost of SP solution after second stage solver 14632.8
Local search solution cost = 14624
Local search time = 141.898
1308.54 local search - EF main loop cycle 1 solution cost 14624
1308.55s Cost of SP solution after second stage solver 14624
Local search solution cost = 14624
Local search time = 141.837
1450.39 local search - EF main loop cycle 2 solution cost 14624
1450.4s Cost of SP solution after second stage solver 14624
Number of cycles 3
Time for each cycle 483.466
1450.41s Cost of SP solution after tail step 14624
SELECTED RESOURCES:
0 1 9 11 20 23 31 35 42 54 70 90 101 135 151 164 182 230 250 271 293 324 348 350 373 399 434 464 495 523 527 541 594 646 665 700 740 860 902 943 985 1032 1078 1172 1175 1223 1271 1320 1377 1428 1480 1539 1593 1648 1708 1749 1829 1887 1952 2076 2144 2208 2277 2340 2414 2482 2548 2697 2773 2847 2921 2996 3079 3156 3233 3234 3317 3402 3485 3569 3648 3649 3720 3827 4004 4089 4185 4274 4365 4556 4655 4745 4847 4850 4944 4945 5042 5146 5150 5165 5171 5288 5292 5412 5414 
SCENARIO'S RESOURCES:
S 0: 0 | 0 1 9 11 20 23 31 35 42 54 70 90 101 135 151 164 182 230 250 271 293 324 348 350 373 399 434 464 495 523 527 541 594 646 665 700 740 860 902 943 985 1032 1078 1172 1175 1223 1271 1320 1377 1428 1480 1539 1593 1648 1708 1749 1829 1887 1952 2076 2144 2208 2277 2340 2414 2482 2548 2697 2773 2847 2921 2996 3079 3156 3233 3234 3317 3402 3485 3569 3648 3649 3720 3827 4004 4089 4185 4274 4365 4556 4655 4745 4847 4850 4944 4945 5042 5146 5150 5165 5171 5288 5292 5412 5414 
S 1: 0 | 0 1 9 11 20 23 31 35 42 54 70 90 101 135 151 164 182 230 250 271 293 324 348 350 373 399 434 464 495 523 527 541 594 646 665 700 740 860 902 943 985 1032 1078 1172 1175 1223 1271 1320 1377 1428 1480 1539 1593 1648 1708 1749 1829 1887 1952 2076 2144 2208 2277 2340 2414 2482 2548 2697 2773 2847 2921 2996 3079 3156 3233 3234 3317 3402 3485 3569 3648 3649 3720 3827 4004 4089 4185 4274 4365 4556 4655 4745 4847 4850 4944 4945 5042 5146 5150 5165 5171 5288 5292 5412 5414 
S 2: 0 | 0 1 9 11 20 23 31 35 42 54 70 90 101 135 151 164 182 230 250 271 293 324 348 350 373 399 434 464 495 523 527 541 594 646 665 700 740 860 902 943 985 1032 1078 1172 1175 1223 1271 1320 1377 1428 1480 1539 1593 1648 1708 1749 1829 1887 1952 2076 2144 2208 2277 2340 2414 2482 2548 2697 2773 2847 2921 2996 3079 3156 3233 3234 3317 3402 3485 3569 3648 3649 3720 3827 4004 4089 4185 4274 4365 4556 4655 4745 4847 4850 4944 4945 5042 5146 5150 5165 5171 5288 5292 5412 5414 
S 3: 0 | 0 1 9 11 20 23 31 35 42 54 70 90 101 135 151 164 182 230 250 271 293 324 348 350 373 399 434 464 495 523 527 541 594 646 665 700 740 860 902 943 985 1032 1078 1172 1175 1223 1271 1320 1377 1428 1480 1539 1593 1648 1708 1749 1829 1887 1952 2076 2144 2208 2277 2340 2414 2482 2548 2697 2773 2847 2921 2996 3079 3156 3233 3234 3317 3402 3485 3569 3648 3649 3720 3827 4004 4089 4185 4274 4365 4556 4655 4745 4847 4850 4944 4945 5042 5146 5150 5165 5171 5288 5292 5412 5414 
S 4: 0 | 0 1 9 11 20 23 31 35 42 54 70 90 101 135 151 164 182 230 250 271 293 324 348 350 373 399 434 464 495 523 527 541 594 646 665 700 740 860 902 943 985 1032 1078 1172 1175 1223 1271 1320 1377 1428 1480 1539 1593 1648 1708 1749 1829 1887 1952 2076 2144 2208 2277 2340 2414 2482 2548 2697 2773 2847 2921 2996 3079 3156 3233 3234 3317 3402 3485 3569 3648 3649 3720 3827 4004 4089 4185 4274 4365 4556 4655 4745 4847 4850 4944 4945 5042 5146 5150 5165 5171 5288 5292 5412 5414 
S 5: 0 | 0 1 9 11 20 23 31 35 42 54 70 90 101 135 151 164 182 230 250 271 293 324 348 350 373 399 434 464 495 523 527 541 594 646 665 700 740 860 902 943 985 1032 1078 1172 1175 1223 1271 1320 1377 1428 1480 1539 1593 1648 1708 1749 1829 1887 1952 2076 2144 2208 2277 2340 2414 2482 2548 2697 2773 2847 2921 2996 3079 3156 3233 3234 3317 3402 3485 3569 3648 3649 3720 3827 4004 4089 4185 4274 4365 4556 4655 4745 4847 4850 4944 4945 5042 5146 5150 5165 5171 5288 5292 5412 5414 
S 6: 0 | 0 1 9 11 20 23 31 35 42 54 70 90 101 135 151 164 182 230 250 271 293 324 348 350 373 399 434 464 495 523 527 541 594 646 665 700 740 860 902 943 985 1032 1078 1172 1175 1223 1271 1320 1377 1428 1480 1539 1593 1648 1708 1749 1829 1887 1952 2076 2144 2208 2277 2340 2414 2482 2548 2697 2773 2847 2921 2996 3079 3156 3233 3234 3317 3402 3485 3569 3648 3649 3720 3827 4004 4089 4185 4274 4365 4556 4655 4745 4847 4850 4944 4945 5042 5146 5150 5165 5171 5288 5292 5412 5414 
S 7: 0 | 0 1 9 11 20 23 31 35 42 54 70 90 101 135 151 164 182 230 250 271 293 324 348 350 373 399 434 464 495 523 527 541 594 646 665 700 740 860 902 943 985 1032 1078 1172 1175 1223 1271 1320 1377 1428 1480 1539 1593 1648 1708 1749 1829 1887 1952 2076 2144 2208 2277 2340 2414 2482 2548 2697 2773 2847 2921 2996 3079 3156 3233 3234 3317 3402 3485 3569 3648 3649 3720 3827 4004 4089 4185 4274 4365 4556 4655 4745 4847 4850 4944 4945 5042 5146 5150 5165 5171 5288 5292 5412 5414 
S 8: 0 | 0 1 9 11 20 23 31 35 42 54 70 90 101 135 151 164 182 230 250 271 293 324 348 350 373 399 434 464 495 523 527 541 594 646 665 700 740 860 902 943 985 1032 1078 1172 1175 1223 1271 1320 1377 1428 1480 1539 1593 1648 1708 1749 1829 1887 1952 2076 2144 2208 2277 2340 2414 2482 2548 2697 2773 2847 2921 2996 3079 3156 3233 3234 3317 3402 3485 3569 3648 3649 3720 3827 4004 4089 4185 4274 4365 4556 4655 4745 4847 4850 4944 4945 5042 5146 5150 5165 5171 5288 5292 5412 5414 
S 9: 0 | 0 1 9 11 20 23 31 35 42 54 70 90 101 135 151 164 182 230 250 271 293 324 348 350 373 399 434 464 495 523 527 541 594 646 665 700 740 860 902 943 985 1032 1078 1172 1175 1223 1271 1320 1377 1428 1480 1539 1593 1648 1708 1749 1829 1887 1952 2076 2144 2208 2277 2340 2414 2482 2548 2697 2773 2847 2921 2996 3079 3156 3233 3234 3317 3402 3485 3569 3648 3649 3720 3827 4004 4089 4185 4274 4365 4556 4655 4745 4847 4850 4944 4945 5042 5146 5150 5165 5171 5288 5292 5412 5414 
ALL EQUAL

Final time = 1450.43
Final solution cost = 14624
