Reading instance small_stp_instances/lin105_20_05.stp of type D
Finished instance reading
Number of vertices = 105
Number of edges (resources) = 5460
Number of scenarios = 20
Average number of terminals per scenario = 105
Probabilities of Scenarios: (0) 0.08 | (1) 0.19 | (2) 0.05 | (3) 0.04 | (4) 0.02 | (5) 0.04 | (6) 0.06 | (7) 0 | (8) 0.02 | (9) 0.01 | (10) 0.07 | (11) 0.08 | (12) 0.03 | (13) 0.07 | (14) 0.08 | (15) 0.04 | (16) 0.01 | (17) 0.03 | (18) 0 | (19) 0.08 | 
Average weighted inflation = 0.249512
Largest inflation = 0.499794
MAX_ITERATIONS_SINCE_LAST_IMPROVEMENT 2
MAX_ITERATIONS_SINCE_BEST_SOLUTION 3
Creating solution instance.
Starting Evolutive Framework.
Local search solution cost = 14516
Local search time = 2021.04
2021.04 local search - EF main loop cycle 0 solution cost 14516
2021.07s Cost of SP solution after second stage solver 14516
Local search solution cost = 14516
Local search time = 287.744
2308.81 local search - EF main loop cycle 1 solution cost 14516
2308.83s Cost of SP solution after second stage solver 14516
Local search solution cost = 14516
Local search time = 287.816
2596.65 local search - EF main loop cycle 2 solution cost 14516
2596.67s Cost of SP solution after second stage solver 14516
Number of cycles 3
Time for each cycle 865.558
2596.7s Cost of SP solution after tail step 14516
SELECTED RESOURCES:
0 1 9 11 20 23 31 35 42 54 70 90 101 135 152 164 182 230 250 268 293 324 343 348 373 399 434 464 495 523 527 541 594 620 665 700 740 816 860 902 1032 1078 1125 1167 1172 1223 1271 1320 1377 1428 1480 1539 1593 1648 1652 1708 1749 1829 1952 2076 2144 2208 2277 2340 2414 2482 2548 2697 2773 2847 2921 2996 3079 3156 3233 3234 3317 3402 3485 3569 3648 3649 3720 3827 4004 4089 4185 4274 4365 4464 4556 4655 4745 4850 4945 4949 5042 5146 5150 5165 5171 5292 5296 5414 5417 
SCENARIO'S RESOURCES:
S 0: 0 | 0 1 9 11 20 23 31 35 42 54 70 90 101 135 152 164 182 230 250 268 293 324 343 348 373 399 434 464 495 523 527 541 594 620 665 700 740 816 860 902 1032 1078 1125 1167 1172 1223 1271 1320 1377 1428 1480 1539 1593 1648 1652 1708 1749 1829 1952 2076 2144 2208 2277 2340 2414 2482 2548 2697 2773 2847 2921 2996 3079 3156 3233 3234 3317 3402 3485 3569 3648 3649 3720 3827 4004 4089 4185 4274 4365 4464 4556 4655 4745 4850 4945 4949 5042 5146 5150 5165 5171 5292 5296 5414 5417 
S 1: 0 | 0 1 9 11 20 23 31 35 42 54 70 90 101 135 152 164 182 230 250 268 293 324 343 348 373 399 434 464 495 523 527 541 594 620 665 700 740 816 860 902 1032 1078 1125 1167 1172 1223 1271 1320 1377 1428 1480 1539 1593 1648 1652 1708 1749 1829 1952 2076 2144 2208 2277 2340 2414 2482 2548 2697 2773 2847 2921 2996 3079 3156 3233 3234 3317 3402 3485 3569 3648 3649 3720 3827 4004 4089 4185 4274 4365 4464 4556 4655 4745 4850 4945 4949 5042 5146 5150 5165 5171 5292 5296 5414 5417 
S 2: 0 | 0 1 9 11 20 23 31 35 42 54 70 90 101 135 152 164 182 230 250 268 293 324 343 348 373 399 434 464 495 523 527 541 594 620 665 700 740 816 860 902 1032 1078 1125 1167 1172 1223 1271 1320 1377 1428 1480 1539 1593 1648 1652 1708 1749 1829 1952 2076 2144 2208 2277 2340 2414 2482 2548 2697 2773 2847 2921 2996 3079 3156 3233 3234 3317 3402 3485 3569 3648 3649 3720 3827 4004 4089 4185 4274 4365 4464 4556 4655 4745 4850 4945 4949 5042 5146 5150 5165 5171 5292 5296 5414 5417 
S 3: 0 | 0 1 9 11 20 23 31 35 42 54 70 90 101 135 152 164 182 230 250 268 293 324 343 348 373 399 434 464 495 523 527 541 594 620 665 700 740 816 860 902 1032 1078 1125 1167 1172 1223 1271 1320 1377 1428 1480 1539 1593 1648 1652 1708 1749 1829 1952 2076 2144 2208 2277 2340 2414 2482 2548 2697 2773 2847 2921 2996 3079 3156 3233 3234 3317 3402 3485 3569 3648 3649 3720 3827 4004 4089 4185 4274 4365 4464 4556 4655 4745 4850 4945 4949 5042 5146 5150 5165 5171 5292 5296 5414 5417 
S 4: 0 | 0 1 9 11 20 23 31 35 42 54 70 90 101 135 152 164 182 230 250 268 293 324 343 348 373 399 434 464 495 523 527 541 594 620 665 700 740 816 860 902 1032 1078 1125 1167 1172 1223 1271 1320 1377 1428 1480 1539 1593 1648 1652 1708 1749 1829 1952 2076 2144 2208 2277 2340 2414 2482 2548 2697 2773 2847 2921 2996 3079 3156 3233 3234 3317 3402 3485 3569 3648 3649 3720 3827 4004 4089 4185 4274 4365 4464 4556 4655 4745 4850 4945 4949 5042 5146 5150 5165 5171 5292 5296 5414 5417 
S 5: 0 | 0 1 9 11 20 23 31 35 42 54 70 90 101 135 152 164 182 230 250 268 293 324 343 348 373 399 434 464 495 523 527 541 594 620 665 700 740 816 860 902 1032 1078 1125 1167 1172 1223 1271 1320 1377 1428 1480 1539 1593 1648 1652 1708 1749 1829 1952 2076 2144 2208 2277 2340 2414 2482 2548 2697 2773 2847 2921 2996 3079 3156 3233 3234 3317 3402 3485 3569 3648 3649 3720 3827 4004 4089 4185 4274 4365 4464 4556 4655 4745 4850 4945 4949 5042 5146 5150 5165 5171 5292 5296 5414 5417 
S 6: 0 | 0 1 9 11 20 23 31 35 42 54 70 90 101 135 152 164 182 230 250 268 293 324 343 348 373 399 434 464 495 523 527 541 594 620 665 700 740 816 860 902 1032 1078 1125 1167 1172 1223 1271 1320 1377 1428 1480 1539 1593 1648 1652 1708 1749 1829 1952 2076 2144 2208 2277 2340 2414 2482 2548 2697 2773 2847 2921 2996 3079 3156 3233 3234 3317 3402 3485 3569 3648 3649 3720 3827 4004 4089 4185 4274 4365 4464 4556 4655 4745 4850 4945 4949 5042 5146 5150 5165 5171 5292 5296 5414 5417 
S 7: 0 | 0 1 9 11 20 23 31 35 42 54 70 90 101 135 152 164 182 230 250 268 293 324 343 348 373 399 434 464 495 523 527 541 594 620 665 700 740 816 860 902 1032 1078 1125 1167 1172 1223 1271 1320 1377 1428 1480 1539 1593 1648 1652 1708 1749 1829 1952 2076 2144 2208 2277 2340 2414 2482 2548 2697 2773 2847 2921 2996 3079 3156 3233 3234 3317 3402 3485 3569 3648 3649 3720 3827 4004 4089 4185 4274 4365 4464 4556 4655 4745 4850 4945 4949 5042 5146 5150 5165 5171 5292 5296 5414 5417 
S 8: 0 | 0 1 9 11 20 23 31 35 42 54 70 90 101 135 152 164 182 230 250 268 293 324 343 348 373 399 434 464 495 523 527 541 594 620 665 700 740 816 860 902 1032 1078 1125 1167 1172 1223 1271 1320 1377 1428 1480 1539 1593 1648 1652 1708 1749 1829 1952 2076 2144 2208 2277 2340 2414 2482 2548 2697 2773 2847 2921 2996 3079 3156 3233 3234 3317 3402 3485 3569 3648 3649 3720 3827 4004 4089 4185 4274 4365 4464 4556 4655 4745 4850 4945 4949 5042 5146 5150 5165 5171 5292 5296 5414 5417 
S 9: 0 | 0 1 9 11 20 23 31 35 42 54 70 90 101 135 152 164 182 230 250 268 293 324 343 348 373 399 434 464 495 523 527 541 594 620 665 700 740 816 860 902 1032 1078 1125 1167 1172 1223 1271 1320 1377 1428 1480 1539 1593 1648 1652 1708 1749 1829 1952 2076 2144 2208 2277 2340 2414 2482 2548 2697 2773 2847 2921 2996 3079 3156 3233 3234 3317 3402 3485 3569 3648 3649 3720 3827 4004 4089 4185 4274 4365 4464 4556 4655 4745 4850 4945 4949 5042 5146 5150 5165 5171 5292 5296 5414 5417 
S 10: 0 | 0 1 9 11 20 23 31 35 42 54 70 90 101 135 152 164 182 230 250 268 293 324 343 348 373 399 434 464 495 523 527 541 594 620 665 700 740 816 860 902 1032 1078 1125 1167 1172 1223 1271 1320 1377 1428 1480 1539 1593 1648 1652 1708 1749 1829 1952 2076 2144 2208 2277 2340 2414 2482 2548 2697 2773 2847 2921 2996 3079 3156 3233 3234 3317 3402 3485 3569 3648 3649 3720 3827 4004 4089 4185 4274 4365 4464 4556 4655 4745 4850 4945 4949 5042 5146 5150 5165 5171 5292 5296 5414 5417 
S 11: 0 | 0 1 9 11 20 23 31 35 42 54 70 90 101 135 152 164 182 230 250 268 293 324 343 348 373 399 434 464 495 523 527 541 594 620 665 700 740 816 860 902 1032 1078 1125 1167 1172 1223 1271 1320 1377 1428 1480 1539 1593 1648 1652 1708 1749 1829 1952 2076 2144 2208 2277 2340 2414 2482 2548 2697 2773 2847 2921 2996 3079 3156 3233 3234 3317 3402 3485 3569 3648 3649 3720 3827 4004 4089 4185 4274 4365 4464 4556 4655 4745 4850 4945 4949 5042 5146 5150 5165 5171 5292 5296 5414 5417 
S 12: 0 | 0 1 9 11 20 23 31 35 42 54 70 90 101 135 152 164 182 230 250 268 293 324 343 348 373 399 434 464 495 523 527 541 594 620 665 700 740 816 860 902 1032 1078 1125 1167 1172 1223 1271 1320 1377 1428 1480 1539 1593 1648 1652 1708 1749 1829 1952 2076 2144 2208 2277 2340 2414 2482 2548 2697 2773 2847 2921 2996 3079 3156 3233 3234 3317 3402 3485 3569 3648 3649 3720 3827 4004 4089 4185 4274 4365 4464 4556 4655 4745 4850 4945 4949 5042 5146 5150 5165 5171 5292 5296 5414 5417 
S 13: 0 | 0 1 9 11 20 23 31 35 42 54 70 90 101 135 152 164 182 230 250 268 293 324 343 348 373 399 434 464 495 523 527 541 594 620 665 700 740 816 860 902 1032 1078 1125 1167 1172 1223 1271 1320 1377 1428 1480 1539 1593 1648 1652 1708 1749 1829 1952 2076 2144 2208 2277 2340 2414 2482 2548 2697 2773 2847 2921 2996 3079 3156 3233 3234 3317 3402 3485 3569 3648 3649 3720 3827 4004 4089 4185 4274 4365 4464 4556 4655 4745 4850 4945 4949 5042 5146 5150 5165 5171 5292 5296 5414 5417 
S 14: 0 | 0 1 9 11 20 23 31 35 42 54 70 90 101 135 152 164 182 230 250 268 293 324 343 348 373 399 434 464 495 523 527 541 594 620 665 700 740 816 860 902 1032 1078 1125 1167 1172 1223 1271 1320 1377 1428 1480 1539 1593 1648 1652 1708 1749 1829 1952 2076 2144 2208 2277 2340 2414 2482 2548 2697 2773 2847 2921 2996 3079 3156 3233 3234 3317 3402 3485 3569 3648 3649 3720 3827 4004 4089 4185 4274 4365 4464 4556 4655 4745 4850 4945 4949 5042 5146 5150 5165 5171 5292 5296 5414 5417 
S 15: 0 | 0 1 9 11 20 23 31 35 42 54 70 90 101 135 152 164 182 230 250 268 293 324 343 348 373 399 434 464 495 523 527 541 594 620 665 700 740 816 860 902 1032 1078 1125 1167 1172 1223 1271 1320 1377 1428 1480 1539 1593 1648 1652 1708 1749 1829 1952 2076 2144 2208 2277 2340 2414 2482 2548 2697 2773 2847 2921 2996 3079 3156 3233 3234 3317 3402 3485 3569 3648 3649 3720 3827 4004 4089 4185 4274 4365 4464 4556 4655 4745 4850 4945 4949 5042 5146 5150 5165 5171 5292 5296 5414 5417 
S 16: 0 | 0 1 9 11 20 23 31 35 42 54 70 90 101 135 152 164 182 230 250 268 293 324 343 348 373 399 434 464 495 523 527 541 594 620 665 700 740 816 860 902 1032 1078 1125 1167 1172 1223 1271 1320 1377 1428 1480 1539 1593 1648 1652 1708 1749 1829 1952 2076 2144 2208 2277 2340 2414 2482 2548 2697 2773 2847 2921 2996 3079 3156 3233 3234 3317 3402 3485 3569 3648 3649 3720 3827 4004 4089 4185 4274 4365 4464 4556 4655 4745 4850 4945 4949 5042 5146 5150 5165 5171 5292 5296 5414 5417 
S 17: 0 | 0 1 9 11 20 23 31 35 42 54 70 90 101 135 152 164 182 230 250 268 293 324 343 348 373 399 434 464 495 523 527 541 594 620 665 700 740 816 860 902 1032 1078 1125 1167 1172 1223 1271 1320 1377 1428 1480 1539 1593 1648 1652 1708 1749 1829 1952 2076 2144 2208 2277 2340 2414 2482 2548 2697 2773 2847 2921 2996 3079 3156 3233 3234 3317 3402 3485 3569 3648 3649 3720 3827 4004 4089 4185 4274 4365 4464 4556 4655 4745 4850 4945 4949 5042 5146 5150 5165 5171 5292 5296 5414 5417 
S 18: 0 | 0 1 9 11 20 23 31 35 42 54 70 90 101 135 152 164 182 230 250 268 293 324 343 348 373 399 434 464 495 523 527 541 594 620 665 700 740 816 860 902 1032 1078 1125 1167 1172 1223 1271 1320 1377 1428 1480 1539 1593 1648 1652 1708 1749 1829 1952 2076 2144 2208 2277 2340 2414 2482 2548 2697 2773 2847 2921 2996 3079 3156 3233 3234 3317 3402 3485 3569 3648 3649 3720 3827 4004 4089 4185 4274 4365 4464 4556 4655 4745 4850 4945 4949 5042 5146 5150 5165 5171 5292 5296 5414 5417 
S 19: 0 | 0 1 9 11 20 23 31 35 42 54 70 90 101 135 152 164 182 230 250 268 293 324 343 348 373 399 434 464 495 523 527 541 594 620 665 700 740 816 860 902 1032 1078 1125 1167 1172 1223 1271 1320 1377 1428 1480 1539 1593 1648 1652 1708 1749 1829 1952 2076 2144 2208 2277 2340 2414 2482 2548 2697 2773 2847 2921 2996 3079 3156 3233 3234 3317 3402 3485 3569 3648 3649 3720 3827 4004 4089 4185 4274 4365 4464 4556 4655 4745 4850 4945 4949 5042 5146 5150 5165 5171 5292 5296 5414 5417 
ALL EQUAL

Final time = 2596.74
Final solution cost = 14516
