Reading instance small_stp_instances/lin105_20_10.stp of type D
Finished instance reading
Number of vertices = 105
Number of edges (resources) = 5460
Number of scenarios = 20
Average number of terminals per scenario = 105
Probabilities of Scenarios: (0) 0.05 | (1) 0.04 | (2) 0.08 | (3) 0.03 | (4) 0.01 | (5) 0.06 | (6) 0 | (7) 0 | (8) 0.03 | (9) 0.08 | (10) 0.07 | (11) 0.07 | (12) 0.03 | (13) 0.09 | (14) 0.01 | (15) 0.01 | (16) 0.1 | (17) 0.04 | (18) 0 | (19) 0.2 | 
Average weighted inflation = 0.498434
Largest inflation = 0.999624
MAX_ITERATIONS_SINCE_LAST_IMPROVEMENT 2
MAX_ITERATIONS_SINCE_BEST_SOLUTION 3
Creating solution instance.
Starting Evolutive Framework.
Local search solution cost = 14955
Local search time = 2625.54
2625.54 local search - EF main loop cycle 0 solution cost 14955
2625.6s Cost of SP solution after second stage solver 14955
Local search solution cost = 14822
Local search time = 300.669
2926.27 local search - EF main loop cycle 1 solution cost 14822
2926.29s Cost of SP solution after second stage solver 14822
Local search solution cost = 14822
Local search time = 300.571
3226.86 local search - EF main loop cycle 2 solution cost 14822
3226.88s Cost of SP solution after second stage solver 14822
Local search solution cost = 14822
Local search time = 300.579
3527.46 local search - EF main loop cycle 3 solution cost 14822
3527.49s Cost of SP solution after second stage solver 14822
Number of cycles 4
Time for each cycle 881.871
3527.51s Cost of SP solution after tail step 14822
SELECTED RESOURCES:
0 1 9 11 20 23 31 35 42 54 65 70 90 102 135 152 168 230 250 271 293 324 348 373 399 433 464 493 495 515 522 541 594 620 665 700 740 816 860 902 985 1032 1078 1167 1175 1223 1271 1320 1377 1428 1480 1539 1593 1648 1652 1708 1749 1829 1952 2014 2076 2144 2277 2340 2414 2482 2551 2697 2773 2847 2921 2996 3079 3156 3233 3234 3317 3402 3485 3569 3648 3649 3720 3827 4004 4089 4185 4274 4365 4556 4655 4745 4847 4850 4944 4945 5042 5146 5150 5165 5171 5296 5297 5414 5419 
SCENARIO'S RESOURCES:
S 0: 0 | 0 1 9 11 20 23 31 35 42 54 65 70 90 102 135 152 168 230 250 271 293 324 348 373 399 433 464 493 495 515 522 541 594 620 665 700 740 816 860 902 985 1032 1078 1167 1175 1223 1271 1320 1377 1428 1480 1539 1593 1648 1652 1708 1749 1829 1952 2014 2076 2144 2277 2340 2414 2482 2551 2697 2773 2847 2921 2996 3079 3156 3233 3234 3317 3402 3485 3569 3648 3649 3720 3827 4004 4089 4185 4274 4365 4556 4655 4745 4847 4850 4944 4945 5042 5146 5150 5165 5171 5296 5297 5414 5419 
S 1: 0 | 0 1 9 11 20 23 31 35 42 54 65 70 90 102 135 152 168 230 250 271 293 324 348 373 399 433 464 493 495 515 522 541 594 620 665 700 740 816 860 902 985 1032 1078 1167 1175 1223 1271 1320 1377 1428 1480 1539 1593 1648 1652 1708 1749 1829 1952 2014 2076 2144 2277 2340 2414 2482 2551 2697 2773 2847 2921 2996 3079 3156 3233 3234 3317 3402 3485 3569 3648 3649 3720 3827 4004 4089 4185 4274 4365 4556 4655 4745 4847 4850 4944 4945 5042 5146 5150 5165 5171 5296 5297 5414 5419 
S 2: 0 | 0 1 9 11 20 23 31 35 42 54 65 70 90 102 135 152 168 230 250 271 293 324 348 373 399 433 464 493 495 515 522 541 594 620 665 700 740 816 860 902 985 1032 1078 1167 1175 1223 1271 1320 1377 1428 1480 1539 1593 1648 1652 1708 1749 1829 1952 2014 2076 2144 2277 2340 2414 2482 2551 2697 2773 2847 2921 2996 3079 3156 3233 3234 3317 3402 3485 3569 3648 3649 3720 3827 4004 4089 4185 4274 4365 4556 4655 4745 4847 4850 4944 4945 5042 5146 5150 5165 5171 5296 5297 5414 5419 
S 3: 0 | 0 1 9 11 20 23 31 35 42 54 65 70 90 102 135 152 168 230 250 271 293 324 348 373 399 433 464 493 495 515 522 541 594 620 665 700 740 816 860 902 985 1032 1078 1167 1175 1223 1271 1320 1377 1428 1480 1539 1593 1648 1652 1708 1749 1829 1952 2014 2076 2144 2277 2340 2414 2482 2551 2697 2773 2847 2921 2996 3079 3156 3233 3234 3317 3402 3485 3569 3648 3649 3720 3827 4004 4089 4185 4274 4365 4556 4655 4745 4847 4850 4944 4945 5042 5146 5150 5165 5171 5296 5297 5414 5419 
S 4: 0 | 0 1 9 11 20 23 31 35 42 54 65 70 90 102 135 152 168 230 250 271 293 324 348 373 399 433 464 493 495 515 522 541 594 620 665 700 740 816 860 902 985 1032 1078 1167 1175 1223 1271 1320 1377 1428 1480 1539 1593 1648 1652 1708 1749 1829 1952 2014 2076 2144 2277 2340 2414 2482 2551 2697 2773 2847 2921 2996 3079 3156 3233 3234 3317 3402 3485 3569 3648 3649 3720 3827 4004 4089 4185 4274 4365 4556 4655 4745 4847 4850 4944 4945 5042 5146 5150 5165 5171 5296 5297 5414 5419 
S 5: 0 | 0 1 9 11 20 23 31 35 42 54 65 70 90 102 135 152 168 230 250 271 293 324 348 373 399 433 464 493 495 515 522 541 594 620 665 700 740 816 860 902 985 1032 1078 1167 1175 1223 1271 1320 1377 1428 1480 1539 1593 1648 1652 1708 1749 1829 1952 2014 2076 2144 2277 2340 2414 2482 2551 2697 2773 2847 2921 2996 3079 3156 3233 3234 3317 3402 3485 3569 3648 3649 3720 3827 4004 4089 4185 4274 4365 4556 4655 4745 4847 4850 4944 4945 5042 5146 5150 5165 5171 5296 5297 5414 5419 
S 6: 0 | 0 1 9 11 20 23 31 35 42 54 65 70 90 102 135 152 168 230 250 271 293 324 348 373 399 433 464 493 495 515 522 541 594 620 665 700 740 816 860 902 985 1032 1078 1167 1175 1223 1271 1320 1377 1428 1480 1539 1593 1648 1652 1708 1749 1829 1952 2014 2076 2144 2277 2340 2414 2482 2551 2697 2773 2847 2921 2996 3079 3156 3233 3234 3317 3402 3485 3569 3648 3649 3720 3827 4004 4089 4185 4274 4365 4556 4655 4745 4847 4850 4944 4945 5042 5146 5150 5165 5171 5296 5297 5414 5419 
S 7: 0 | 0 1 9 11 20 23 31 35 42 54 65 70 90 102 135 152 168 230 250 271 293 324 348 373 399 433 464 493 495 515 522 541 594 620 665 700 740 816 860 902 985 1032 1078 1167 1175 1223 1271 1320 1377 1428 1480 1539 1593 1648 1652 1708 1749 1829 1952 2014 2076 2144 2277 2340 2414 2482 2551 2697 2773 2847 2921 2996 3079 3156 3233 3234 3317 3402 3485 3569 3648 3649 3720 3827 4004 4089 4185 4274 4365 4556 4655 4745 4847 4850 4944 4945 5042 5146 5150 5165 5171 5296 5297 5414 5419 
S 8: 0 | 0 1 9 11 20 23 31 35 42 54 65 70 90 102 135 152 168 230 250 271 293 324 348 373 399 433 464 493 495 515 522 541 594 620 665 700 740 816 860 902 985 1032 1078 1167 1175 1223 1271 1320 1377 1428 1480 1539 1593 1648 1652 1708 1749 1829 1952 2014 2076 2144 2277 2340 2414 2482 2551 2697 2773 2847 2921 2996 3079 3156 3233 3234 3317 3402 3485 3569 3648 3649 3720 3827 4004 4089 4185 4274 4365 4556 4655 4745 4847 4850 4944 4945 5042 5146 5150 5165 5171 5296 5297 5414 5419 
S 9: 0 | 0 1 9 11 20 23 31 35 42 54 65 70 90 102 135 152 168 230 250 271 293 324 348 373 399 433 464 493 495 515 522 541 594 620 665 700 740 816 860 902 985 1032 1078 1167 1175 1223 1271 1320 1377 1428 1480 1539 1593 1648 1652 1708 1749 1829 1952 2014 2076 2144 2277 2340 2414 2482 2551 2697 2773 2847 2921 2996 3079 3156 3233 3234 3317 3402 3485 3569 3648 3649 3720 3827 4004 4089 4185 4274 4365 4556 4655 4745 4847 4850 4944 4945 5042 5146 5150 5165 5171 5296 5297 5414 5419 
S 10: 0 | 0 1 9 11 20 23 31 35 42 54 65 70 90 102 135 152 168 230 250 271 293 324 348 373 399 433 464 493 495 515 522 541 594 620 665 700 740 816 860 902 985 1032 1078 1167 1175 1223 1271 1320 1377 1428 1480 1539 1593 1648 1652 1708 1749 1829 1952 2014 2076 2144 2277 2340 2414 2482 2551 2697 2773 2847 2921 2996 3079 3156 3233 3234 3317 3402 3485 3569 3648 3649 3720 3827 4004 4089 4185 4274 4365 4556 4655 4745 4847 4850 4944 4945 5042 5146 5150 5165 5171 5296 5297 5414 5419 
S 11: 0 | 0 1 9 11 20 23 31 35 42 54 65 70 90 102 135 152 168 230 250 271 293 324 348 373 399 433 464 493 495 515 522 541 594 620 665 700 740 816 860 902 985 1032 1078 1167 1175 1223 1271 1320 1377 1428 1480 1539 1593 1648 1652 1708 1749 1829 1952 2014 2076 2144 2277 2340 2414 2482 2551 2697 2773 2847 2921 2996 3079 3156 3233 3234 3317 3402 3485 3569 3648 3649 3720 3827 4004 4089 4185 4274 4365 4556 4655 4745 4847 4850 4944 4945 5042 5146 5150 5165 5171 5296 5297 5414 5419 
S 12: 0 | 0 1 9 11 20 23 31 35 42 54 65 70 90 102 135 152 168 230 250 271 293 324 348 373 399 433 464 493 495 515 522 541 594 620 665 700 740 816 860 902 985 1032 1078 1167 1175 1223 1271 1320 1377 1428 1480 1539 1593 1648 1652 1708 1749 1829 1952 2014 2076 2144 2277 2340 2414 2482 2551 2697 2773 2847 2921 2996 3079 3156 3233 3234 3317 3402 3485 3569 3648 3649 3720 3827 4004 4089 4185 4274 4365 4556 4655 4745 4847 4850 4944 4945 5042 5146 5150 5165 5171 5296 5297 5414 5419 
S 13: 0 | 0 1 9 11 20 23 31 35 42 54 65 70 90 102 135 152 168 230 250 271 293 324 348 373 399 433 464 493 495 515 522 541 594 620 665 700 740 816 860 902 985 1032 1078 1167 1175 1223 1271 1320 1377 1428 1480 1539 1593 1648 1652 1708 1749 1829 1952 2014 2076 2144 2277 2340 2414 2482 2551 2697 2773 2847 2921 2996 3079 3156 3233 3234 3317 3402 3485 3569 3648 3649 3720 3827 4004 4089 4185 4274 4365 4556 4655 4745 4847 4850 4944 4945 5042 5146 5150 5165 5171 5296 5297 5414 5419 
S 14: 0 | 0 1 9 11 20 23 31 35 42 54 65 70 90 102 135 152 168 230 250 271 293 324 348 373 399 433 464 493 495 515 522 541 594 620 665 700 740 816 860 902 985 1032 1078 1167 1175 1223 1271 1320 1377 1428 1480 1539 1593 1648 1652 1708 1749 1829 1952 2014 2076 2144 2277 2340 2414 2482 2551 2697 2773 2847 2921 2996 3079 3156 3233 3234 3317 3402 3485 3569 3648 3649 3720 3827 4004 4089 4185 4274 4365 4556 4655 4745 4847 4850 4944 4945 5042 5146 5150 5165 5171 5296 5297 5414 5419 
S 15: 0 | 0 1 9 11 20 23 31 35 42 54 65 70 90 102 135 152 168 230 250 271 293 324 348 373 399 433 464 493 495 515 522 541 594 620 665 700 740 816 860 902 985 1032 1078 1167 1175 1223 1271 1320 1377 1428 1480 1539 1593 1648 1652 1708 1749 1829 1952 2014 2076 2144 2277 2340 2414 2482 2551 2697 2773 2847 2921 2996 3079 3156 3233 3234 3317 3402 3485 3569 3648 3649 3720 3827 4004 4089 4185 4274 4365 4556 4655 4745 4847 4850 4944 4945 5042 5146 5150 5165 5171 5296 5297 5414 5419 
S 16: 0 | 0 1 9 11 20 23 31 35 42 54 65 70 90 102 135 152 168 230 250 271 293 324 348 373 399 433 464 493 495 515 522 541 594 620 665 700 740 816 860 902 985 1032 1078 1167 1175 1223 1271 1320 1377 1428 1480 1539 1593 1648 1652 1708 1749 1829 1952 2014 2076 2144 2277 2340 2414 2482 2551 2697 2773 2847 2921 2996 3079 3156 3233 3234 3317 3402 3485 3569 3648 3649 3720 3827 4004 4089 4185 4274 4365 4556 4655 4745 4847 4850 4944 4945 5042 5146 5150 5165 5171 5296 5297 5414 5419 
S 17: 0 | 0 1 9 11 20 23 31 35 42 54 65 70 90 102 135 152 168 230 250 271 293 324 348 373 399 433 464 493 495 515 522 541 594 620 665 700 740 816 860 902 985 1032 1078 1167 1175 1223 1271 1320 1377 1428 1480 1539 1593 1648 1652 1708 1749 1829 1952 2014 2076 2144 2277 2340 2414 2482 2551 2697 2773 2847 2921 2996 3079 3156 3233 3234 3317 3402 3485 3569 3648 3649 3720 3827 4004 4089 4185 4274 4365 4556 4655 4745 4847 4850 4944 4945 5042 5146 5150 5165 5171 5296 5297 5414 5419 
S 18: 0 | 0 1 9 11 20 23 31 35 42 54 65 70 90 102 135 152 168 230 250 271 293 324 348 373 399 433 464 493 495 515 522 541 594 620 665 700 740 816 860 902 985 1032 1078 1167 1175 1223 1271 1320 1377 1428 1480 1539 1593 1648 1652 1708 1749 1829 1952 2014 2076 2144 2277 2340 2414 2482 2551 2697 2773 2847 2921 2996 3079 3156 3233 3234 3317 3402 3485 3569 3648 3649 3720 3827 4004 4089 4185 4274 4365 4556 4655 4745 4847 4850 4944 4945 5042 5146 5150 5165 5171 5296 5297 5414 5419 
S 19: 0 | 0 1 9 11 20 23 31 35 42 54 65 70 90 102 135 152 168 230 250 271 293 324 348 373 399 433 464 493 495 515 522 541 594 620 665 700 740 816 860 902 985 1032 1078 1167 1175 1223 1271 1320 1377 1428 1480 1539 1593 1648 1652 1708 1749 1829 1952 2014 2076 2144 2277 2340 2414 2482 2551 2697 2773 2847 2921 2996 3079 3156 3233 3234 3317 3402 3485 3569 3648 3649 3720 3827 4004 4089 4185 4274 4365 4556 4655 4745 4847 4850 4944 4945 5042 5146 5150 5165 5171 5296 5297 5414 5419 
ALL EQUAL

Final time = 3527.55
Final solution cost = 14822
