Reading instance small_stp_instances/lin105_5_10.stp of type D
Finished instance reading
Number of vertices = 105
Number of edges (resources) = 5460
Number of scenarios = 5
Average number of terminals per scenario = 105
Probabilities of Scenarios: (0) 0.05 | (1) 0.02 | (2) 0.33 | (3) 0.58 | (4) 0.02 | 
Average weighted inflation = 0.495595
Largest inflation = 0.999582
MAX_ITERATIONS_SINCE_LAST_IMPROVEMENT 2
MAX_ITERATIONS_SINCE_BEST_SOLUTION 3
Creating solution instance.
Starting Evolutive Framework.
Local search solution cost = 14926.1
Local search time = 610.519
610.519 local search - EF main loop cycle 0 solution cost 14926.1
610.525s Cost of SP solution after second stage solver 14926.1
Local search solution cost = 14916
Local search time = 71.7013
682.226 local search - EF main loop cycle 1 solution cost 14916
682.232s Cost of SP solution after second stage solver 14916
Local search solution cost = 14916
Local search time = 71.6918
753.924 local search - EF main loop cycle 2 solution cost 14916
753.93s Cost of SP solution after second stage solver 14916
Number of cycles 3
Time for each cycle 251.31
753.935s Cost of SP solution after tail step 14916
SELECTED RESOURCES:
0 1 9 11 20 23 31 35 42 54 70 90 101 135 151 164 182 230 250 271 292 324 342 348 373 398 434 494 495 523 526 541 594 655 665 700 740 815 860 902 985 1032 1078 1125 1167 1223 1271 1320 1377 1428 1480 1539 1593 1648 1652 1708 1749 1829 1952 2014 2076 2144 2277 2340 2414 2482 2551 2697 2773 2847 2921 2996 3079 3156 3233 3234 3317 3402 3485 3569 3648 3649 3720 3827 4004 4089 4185 4274 4365 4556 4652 4745 4847 4850 4944 4945 5045 5146 5150 5165 5172 5296 5301 5414 5419 
SCENARIO'S RESOURCES:
S 0: 0 | 0 1 9 11 20 23 31 35 42 54 70 90 101 135 151 164 182 230 250 271 292 324 342 348 373 398 434 494 495 523 526 541 594 655 665 700 740 815 860 902 985 1032 1078 1125 1167 1223 1271 1320 1377 1428 1480 1539 1593 1648 1652 1708 1749 1829 1952 2014 2076 2144 2277 2340 2414 2482 2551 2697 2773 2847 2921 2996 3079 3156 3233 3234 3317 3402 3485 3569 3648 3649 3720 3827 4004 4089 4185 4274 4365 4556 4652 4745 4847 4850 4944 4945 5045 5146 5150 5165 5172 5296 5301 5414 5419 
S 1: 0 | 0 1 9 11 20 23 31 35 42 54 70 90 101 135 151 164 182 230 250 271 292 324 342 348 373 398 434 494 495 523 526 541 594 655 665 700 740 815 860 902 985 1032 1078 1125 1167 1223 1271 1320 1377 1428 1480 1539 1593 1648 1652 1708 1749 1829 1952 2014 2076 2144 2277 2340 2414 2482 2551 2697 2773 2847 2921 2996 3079 3156 3233 3234 3317 3402 3485 3569 3648 3649 3720 3827 4004 4089 4185 4274 4365 4556 4652 4745 4847 4850 4944 4945 5045 5146 5150 5165 5172 5296 5301 5414 5419 
S 2: 0 | 0 1 9 11 20 23 31 35 42 54 70 90 101 135 151 164 182 230 250 271 292 324 342 348 373 398 434 494 495 523 526 541 594 655 665 700 740 815 860 902 985 1032 1078 1125 1167 1223 1271 1320 1377 1428 1480 1539 1593 1648 1652 1708 1749 1829 1952 2014 2076 2144 2277 2340 2414 2482 2551 2697 2773 2847 2921 2996 3079 3156 3233 3234 3317 3402 3485 3569 3648 3649 3720 3827 4004 4089 4185 4274 4365 4556 4652 4745 4847 4850 4944 4945 5045 5146 5150 5165 5172 5296 5301 5414 5419 
S 3: 0 | 0 1 9 11 20 23 31 35 42 54 70 90 101 135 151 164 182 230 250 271 292 324 342 348 373 398 434 494 495 523 526 541 594 655 665 700 740 815 860 902 985 1032 1078 1125 1167 1223 1271 1320 1377 1428 1480 1539 1593 1648 1652 1708 1749 1829 1952 2014 2076 2144 2277 2340 2414 2482 2551 2697 2773 2847 2921 2996 3079 3156 3233 3234 3317 3402 3485 3569 3648 3649 3720 3827 4004 4089 4185 4274 4365 4556 4652 4745 4847 4850 4944 4945 5045 5146 5150 5165 5172 5296 5301 5414 5419 
S 4: 0 | 0 1 9 11 20 23 31 35 42 54 70 90 101 135 151 164 182 230 250 271 292 324 342 348 373 398 434 494 495 523 526 541 594 655 665 700 740 815 860 902 985 1032 1078 1125 1167 1223 1271 1320 1377 1428 1480 1539 1593 1648 1652 1708 1749 1829 1952 2014 2076 2144 2277 2340 2414 2482 2551 2697 2773 2847 2921 2996 3079 3156 3233 3234 3317 3402 3485 3569 3648 3649 3720 3827 4004 4089 4185 4274 4365 4556 4652 4745 4847 4850 4944 4945 5045 5146 5150 5165 5172 5296 5301 5414 5419 
ALL EQUAL

Final time = 753.948
Final solution cost = 14916
