Reading instance small_stp_instances/lin105_20_03.stp of type D
Finished instance reading
Number of vertices = 105
Number of edges (resources) = 5460
Number of scenarios = 20
Average number of terminals per scenario = 105
Probabilities of Scenarios: (0) 0.04 | (1) 0.03 | (2) 0.02 | (3) 0.06 | (4) 0.05 | (5) 0.04 | (6) 0.03 | (7) 0.03 | (8) 0 | (9) 0.01 | (10) 0.09 | (11) 0.06 | (12) 0.17 | (13) 0.07 | (14) 0.06 | (15) 0.08 | (16) 0.08 | (17) 0 | (18) 0.06 | (19) 0.02 | 
Average weighted inflation = 0.149343
Largest inflation = 0.299917
MAX_ITERATIONS_SINCE_LAST_IMPROVEMENT 2
MAX_ITERATIONS_SINCE_BEST_SOLUTION 3
Creating solution instance.
Starting Evolutive Framework.
Local search solution cost = 14506
Local search time = 2085
2085 local search - EF main loop cycle 0 solution cost 14506
2085.03s Cost of SP solution after second stage solver 14506
Local search solution cost = 14506
Local search time = 287.207
2372.24 local search - EF main loop cycle 1 solution cost 14506
2372.26s Cost of SP solution after second stage solver 14506
Local search solution cost = 14506
Local search time = 287.257
2659.51 local search - EF main loop cycle 2 solution cost 14506
2659.54s Cost of SP solution after second stage solver 14506
Number of cycles 3
Time for each cycle 886.513
2659.56s Cost of SP solution after tail step 14506
SELECTED RESOURCES:
0 1 9 11 20 23 31 35 42 54 70 90 101 102 135 152 168 182 230 250 271 293 324 348 373 399 434 464 495 522 527 541 594 620 665 700 740 856 860 901 1032 1078 1125 1167 1172 1223 1271 1320 1377 1428 1480 1539 1593 1648 1652 1708 1749 1829 1952 2076 2144 2208 2277 2340 2414 2482 2548 2697 2773 2847 2921 2996 3079 3156 3233 3234 3317 3402 3485 3569 3648 3649 3720 3827 4004 4089 4185 4274 4365 4464 4556 4655 4745 4850 4945 4949 5042 5146 5150 5171 5178 5292 5296 5414 5417 
SCENARIO'S RESOURCES:
S 0: 0 | 0 1 9 11 20 23 31 35 42 54 70 90 101 102 135 152 168 182 230 250 271 293 324 348 373 399 434 464 495 522 527 541 594 620 665 700 740 856 860 901 1032 1078 1125 1167 1172 1223 1271 1320 1377 1428 1480 1539 1593 1648 1652 1708 1749 1829 1952 2076 2144 2208 2277 2340 2414 2482 2548 2697 2773 2847 2921 2996 3079 3156 3233 3234 3317 3402 3485 3569 3648 3649 3720 3827 4004 4089 4185 4274 4365 4464 4556 4655 4745 4850 4945 4949 5042 5146 5150 5171 5178 5292 5296 5414 5417 
S 1: 0 | 0 1 9 11 20 23 31 35 42 54 70 90 101 102 135 152 168 182 230 250 271 293 324 348 373 399 434 464 495 522 527 541 594 620 665 700 740 856 860 901 1032 1078 1125 1167 1172 1223 1271 1320 1377 1428 1480 1539 1593 1648 1652 1708 1749 1829 1952 2076 2144 2208 2277 2340 2414 2482 2548 2697 2773 2847 2921 2996 3079 3156 3233 3234 3317 3402 3485 3569 3648 3649 3720 3827 4004 4089 4185 4274 4365 4464 4556 4655 4745 4850 4945 4949 5042 5146 5150 5171 5178 5292 5296 5414 5417 
S 2: 0 | 0 1 9 11 20 23 31 35 42 54 70 90 101 102 135 152 168 182 230 250 271 293 324 348 373 399 434 464 495 522 527 541 594 620 665 700 740 856 860 901 1032 1078 1125 1167 1172 1223 1271 1320 1377 1428 1480 1539 1593 1648 1652 1708 1749 1829 1952 2076 2144 2208 2277 2340 2414 2482 2548 2697 2773 2847 2921 2996 3079 3156 3233 3234 3317 3402 3485 3569 3648 3649 3720 3827 4004 4089 4185 4274 4365 4464 4556 4655 4745 4850 4945 4949 5042 5146 5150 5171 5178 5292 5296 5414 5417 
S 3: 0 | 0 1 9 11 20 23 31 35 42 54 70 90 101 102 135 152 168 182 230 250 271 293 324 348 373 399 434 464 495 522 527 541 594 620 665 700 740 856 860 901 1032 1078 1125 1167 1172 1223 1271 1320 1377 1428 1480 1539 1593 1648 1652 1708 1749 1829 1952 2076 2144 2208 2277 2340 2414 2482 2548 2697 2773 2847 2921 2996 3079 3156 3233 3234 3317 3402 3485 3569 3648 3649 3720 3827 4004 4089 4185 4274 4365 4464 4556 4655 4745 4850 4945 4949 5042 5146 5150 5171 5178 5292 5296 5414 5417 
S 4: 0 | 0 1 9 11 20 23 31 35 42 54 70 90 101 102 135 152 168 182 230 250 271 293 324 348 373 399 434 464 495 522 527 541 594 620 665 700 740 856 860 901 1032 1078 1125 1167 1172 1223 1271 1320 1377 1428 1480 1539 1593 1648 1652 1708 1749 1829 1952 2076 2144 2208 2277 2340 2414 2482 2548 2697 2773 2847 2921 2996 3079 3156 3233 3234 3317 3402 3485 3569 3648 3649 3720 3827 4004 4089 4185 4274 4365 4464 4556 4655 4745 4850 4945 4949 5042 5146 5150 5171 5178 5292 5296 5414 5417 
S 5: 0 | 0 1 9 11 20 23 31 35 42 54 70 90 101 102 135 152 168 182 230 250 271 293 324 348 373 399 434 464 495 522 527 541 594 620 665 700 740 856 860 901 1032 1078 1125 1167 1172 1223 1271 1320 1377 1428 1480 1539 1593 1648 1652 1708 1749 1829 1952 2076 2144 2208 2277 2340 2414 2482 2548 2697 2773 2847 2921 2996 3079 3156 3233 3234 3317 3402 3485 3569 3648 3649 3720 3827 4004 4089 4185 4274 4365 4464 4556 4655 4745 4850 4945 4949 5042 5146 5150 5171 5178 5292 5296 5414 5417 
S 6: 0 | 0 1 9 11 20 23 31 35 42 54 70 90 101 102 135 152 168 182 230 250 271 293 324 348 373 399 434 464 495 522 527 541 594 620 665 700 740 856 860 901 1032 1078 1125 1167 1172 1223 1271 1320 1377 1428 1480 1539 1593 1648 1652 1708 1749 1829 1952 2076 2144 2208 2277 2340 2414 2482 2548 2697 2773 2847 2921 2996 3079 3156 3233 3234 3317 3402 3485 3569 3648 3649 3720 3827 4004 4089 4185 4274 4365 4464 4556 4655 4745 4850 4945 4949 5042 5146 5150 5171 5178 5292 5296 5414 5417 
S 7: 0 | 0 1 9 11 20 23 31 35 42 54 70 90 101 102 135 152 168 182 230 250 271 293 324 348 373 399 434 464 495 522 527 541 594 620 665 700 740 856 860 901 1032 1078 1125 1167 1172 1223 1271 1320 1377 1428 1480 1539 1593 1648 1652 1708 1749 1829 1952 2076 2144 2208 2277 2340 2414 2482 2548 2697 2773 2847 2921 2996 3079 3156 3233 3234 3317 3402 3485 3569 3648 3649 3720 3827 4004 4089 4185 4274 4365 4464 4556 4655 4745 4850 4945 4949 5042 5146 5150 5171 5178 5292 5296 5414 5417 
S 8: 0 | 0 1 9 11 20 23 31 35 42 54 70 90 101 102 135 152 168 182 230 250 271 293 324 348 373 399 434 464 495 522 527 541 594 620 665 700 740 856 860 901 1032 1078 1125 1167 1172 1223 1271 1320 1377 1428 1480 1539 1593 1648 1652 1708 1749 1829 1952 2076 2144 2208 2277 2340 2414 2482 2548 2697 2773 2847 2921 2996 3079 3156 3233 3234 3317 3402 3485 3569 3648 3649 3720 3827 4004 4089 4185 4274 4365 4464 4556 4655 4745 4850 4945 4949 5042 5146 5150 5171 5178 5292 5296 5414 5417 
S 9: 0 | 0 1 9 11 20 23 31 35 42 54 70 90 101 102 135 152 168 182 230 250 271 293 324 348 373 399 434 464 495 522 527 541 594 620 665 700 740 856 860 901 1032 1078 1125 1167 1172 1223 1271 1320 1377 1428 1480 1539 1593 1648 1652 1708 1749 1829 1952 2076 2144 2208 2277 2340 2414 2482 2548 2697 2773 2847 2921 2996 3079 3156 3233 3234 3317 3402 3485 3569 3648 3649 3720 3827 4004 4089 4185 4274 4365 4464 4556 4655 4745 4850 4945 4949 5042 5146 5150 5171 5178 5292 5296 5414 5417 
S 10: 0 | 0 1 9 11 20 23 31 35 42 54 70 90 101 102 135 152 168 182 230 250 271 293 324 348 373 399 434 464 495 522 527 541 594 620 665 700 740 856 860 901 1032 1078 1125 1167 1172 1223 1271 1320 1377 1428 1480 1539 1593 1648 1652 1708 1749 1829 1952 2076 2144 2208 2277 2340 2414 2482 2548 2697 2773 2847 2921 2996 3079 3156 3233 3234 3317 3402 3485 3569 3648 3649 3720 3827 4004 4089 4185 4274 4365 4464 4556 4655 4745 4850 4945 4949 5042 5146 5150 5171 5178 5292 5296 5414 5417 
S 11: 0 | 0 1 9 11 20 23 31 35 42 54 70 90 101 102 135 152 168 182 230 250 271 293 324 348 373 399 434 464 495 522 527 541 594 620 665 700 740 856 860 901 1032 1078 1125 1167 1172 1223 1271 1320 1377 1428 1480 1539 1593 1648 1652 1708 1749 1829 1952 2076 2144 2208 2277 2340 2414 2482 2548 2697 2773 2847 2921 2996 3079 3156 3233 3234 3317 3402 3485 3569 3648 3649 3720 3827 4004 4089 4185 4274 4365 4464 4556 4655 4745 4850 4945 4949 5042 5146 5150 5171 5178 5292 5296 5414 5417 
S 12: 0 | 0 1 9 11 20 23 31 35 42 54 70 90 101 102 135 152 168 182 230 250 271 293 324 348 373 399 434 464 495 522 527 541 594 620 665 700 740 856 860 901 1032 1078 1125 1167 1172 1223 1271 1320 1377 1428 1480 1539 1593 1648 1652 1708 1749 1829 1952 2076 2144 2208 2277 2340 2414 2482 2548 2697 2773 2847 2921 2996 3079 3156 3233 3234 3317 3402 3485 3569 3648 3649 3720 3827 4004 4089 4185 4274 4365 4464 4556 4655 4745 4850 4945 4949 5042 5146 5150 5171 5178 5292 5296 5414 5417 
S 13: 0 | 0 1 9 11 20 23 31 35 42 54 70 90 101 102 135 152 168 182 230 250 271 293 324 348 373 399 434 464 495 522 527 541 594 620 665 700 740 856 860 901 1032 1078 1125 1167 1172 1223 1271 1320 1377 1428 1480 1539 1593 1648 1652 1708 1749 1829 1952 2076 2144 2208 2277 2340 2414 2482 2548 2697 2773 2847 2921 2996 3079 3156 3233 3234 3317 3402 3485 3569 3648 3649 3720 3827 4004 4089 4185 4274 4365 4464 4556 4655 4745 4850 4945 4949 5042 5146 5150 5171 5178 5292 5296 5414 5417 
S 14: 0 | 0 1 9 11 20 23 31 35 42 54 70 90 101 102 135 152 168 182 230 250 271 293 324 348 373 399 434 464 495 522 527 541 594 620 665 700 740 856 860 901 1032 1078 1125 1167 1172 1223 1271 1320 1377 1428 1480 1539 1593 1648 1652 1708 1749 1829 1952 2076 2144 2208 2277 2340 2414 2482 2548 2697 2773 2847 2921 2996 3079 3156 3233 3234 3317 3402 3485 3569 3648 3649 3720 3827 4004 4089 4185 4274 4365 4464 4556 4655 4745 4850 4945 4949 5042 5146 5150 5171 5178 5292 5296 5414 5417 
S 15: 0 | 0 1 9 11 20 23 31 35 42 54 70 90 101 102 135 152 168 182 230 250 271 293 324 348 373 399 434 464 495 522 527 541 594 620 665 700 740 856 860 901 1032 1078 1125 1167 1172 1223 1271 1320 1377 1428 1480 1539 1593 1648 1652 1708 1749 1829 1952 2076 2144 2208 2277 2340 2414 2482 2548 2697 2773 2847 2921 2996 3079 3156 3233 3234 3317 3402 3485 3569 3648 3649 3720 3827 4004 4089 4185 4274 4365 4464 4556 4655 4745 4850 4945 4949 5042 5146 5150 5171 5178 5292 5296 5414 5417 
S 16: 0 | 0 1 9 11 20 23 31 35 42 54 70 90 101 102 135 152 168 182 230 250 271 293 324 348 373 399 434 464 495 522 527 541 594 620 665 700 740 856 860 901 1032 1078 1125 1167 1172 1223 1271 1320 1377 1428 1480 1539 1593 1648 1652 1708 1749 1829 1952 2076 2144 2208 2277 2340 2414 2482 2548 2697 2773 2847 2921 2996 3079 3156 3233 3234 3317 3402 3485 3569 3648 3649 3720 3827 4004 4089 4185 4274 4365 4464 4556 4655 4745 4850 4945 4949 5042 5146 5150 5171 5178 5292 5296 5414 5417 
S 17: 0 | 0 1 9 11 20 23 31 35 42 54 70 90 101 102 135 152 168 182 230 250 271 293 324 348 373 399 434 464 495 522 527 541 594 620 665 700 740 856 860 901 1032 1078 1125 1167 1172 1223 1271 1320 1377 1428 1480 1539 1593 1648 1652 1708 1749 1829 1952 2076 2144 2208 2277 2340 2414 2482 2548 2697 2773 2847 2921 2996 3079 3156 3233 3234 3317 3402 3485 3569 3648 3649 3720 3827 4004 4089 4185 4274 4365 4464 4556 4655 4745 4850 4945 4949 5042 5146 5150 5171 5178 5292 5296 5414 5417 
S 18: 0 | 0 1 9 11 20 23 31 35 42 54 70 90 101 102 135 152 168 182 230 250 271 293 324 348 373 399 434 464 495 522 527 541 594 620 665 700 740 856 860 901 1032 1078 1125 1167 1172 1223 1271 1320 1377 1428 1480 1539 1593 1648 1652 1708 1749 1829 1952 2076 2144 2208 2277 2340 2414 2482 2548 2697 2773 2847 2921 2996 3079 3156 3233 3234 3317 3402 3485 3569 3648 3649 3720 3827 4004 4089 4185 4274 4365 4464 4556 4655 4745 4850 4945 4949 5042 5146 5150 5171 5178 5292 5296 5414 5417 
S 19: 0 | 0 1 9 11 20 23 31 35 42 54 70 90 101 102 135 152 168 182 230 250 271 293 324 348 373 399 434 464 495 522 527 541 594 620 665 700 740 856 860 901 1032 1078 1125 1167 1172 1223 1271 1320 1377 1428 1480 1539 1593 1648 1652 1708 1749 1829 1952 2076 2144 2208 2277 2340 2414 2482 2548 2697 2773 2847 2921 2996 3079 3156 3233 3234 3317 3402 3485 3569 3648 3649 3720 3827 4004 4089 4185 4274 4365 4464 4556 4655 4745 4850 4945 4949 5042 5146 5150 5171 5178 5292 5296 5414 5417 
ALL EQUAL

Final time = 2659.6
Final solution cost = 14506
