Reading instance small_stp_instances/lin105_10_10.stp of type D
Finished instance reading
Number of vertices = 105
Number of edges (resources) = 5460
Number of scenarios = 10
Average number of terminals per scenario = 105
Probabilities of Scenarios: (0) 0.15 | (1) 0.15 | (2) 0.11 | (3) 0.04 | (4) 0.16 | (5) 0.18 | (6) 0 | (7) 0.07 | (8) 0.01 | (9) 0.13 | 
Average weighted inflation = 0.500106
Largest inflation = 0.99957
MAX_ITERATIONS_SINCE_LAST_IMPROVEMENT 2
MAX_ITERATIONS_SINCE_BEST_SOLUTION 3
Creating solution instance.
Starting Evolutive Framework.
Local search solution cost = 15378.6
Local search time = 1403.57
1403.57 local search - EF main loop cycle 0 solution cost 15378.6
1403.61s Cost of SP solution after second stage solver 15378.6
Local search solution cost = 15048
Local search time = 150.745
1554.36 local search - EF main loop cycle 1 solution cost 15048
1554.37s Cost of SP solution after second stage solver 15048
Local search solution cost = 15048
Local search time = 149.409
1703.78 local search - EF main loop cycle 2 solution cost 15048
1703.79s Cost of SP solution after second stage solver 15048
Local search solution cost = 15048
Local search time = 149.397
1853.19 local search - EF main loop cycle 3 solution cost 15048
1853.2s Cost of SP solution after second stage solver 15048
Number of cycles 4
Time for each cycle 463.299
1853.21s Cost of SP solution after tail step 15048
SELECTED RESOURCES:
0 1 9 11 20 23 31 35 42 54 65 70 90 102 135 151 169 230 250 271 293 324 344 348 373 399 434 464 495 523 527 541 594 620 665 700 740 816 860 902 985 1032 1078 1172 1175 1223 1271 1320 1377 1428 1480 1539 1593 1648 1652 1708 1749 1829 1952 2014 2076 2144 2277 2340 2414 2481 2552 2697 2773 2847 2921 2996 3079 3156 3159 3233 3234 3317 3402 3568 3569 3653 3720 3827 4004 4090 4185 4274 4365 4556 4652 4745 4847 4850 4944 4945 5045 5146 5150 5165 5171 5292 5296 5414 5419 
SCENARIO'S RESOURCES:
S 0: 0 | 0 1 9 11 20 23 31 35 42 54 65 70 90 102 135 151 169 230 250 271 293 324 344 348 373 399 434 464 495 523 527 541 594 620 665 700 740 816 860 902 985 1032 1078 1172 1175 1223 1271 1320 1377 1428 1480 1539 1593 1648 1652 1708 1749 1829 1952 2014 2076 2144 2277 2340 2414 2481 2552 2697 2773 2847 2921 2996 3079 3156 3159 3233 3234 3317 3402 3568 3569 3653 3720 3827 4004 4090 4185 4274 4365 4556 4652 4745 4847 4850 4944 4945 5045 5146 5150 5165 5171 5292 5296 5414 5419 
S 1: 0 | 0 1 9 11 20 23 31 35 42 54 65 70 90 102 135 151 169 230 250 271 293 324 344 348 373 399 434 464 495 523 527 541 594 620 665 700 740 816 860 902 985 1032 1078 1172 1175 1223 1271 1320 1377 1428 1480 1539 1593 1648 1652 1708 1749 1829 1952 2014 2076 2144 2277 2340 2414 2481 2552 2697 2773 2847 2921 2996 3079 3156 3159 3233 3234 3317 3402 3568 3569 3653 3720 3827 4004 4090 4185 4274 4365 4556 4652 4745 4847 4850 4944 4945 5045 5146 5150 5165 5171 5292 5296 5414 5419 
S 2: 0 | 0 1 9 11 20 23 31 35 42 54 65 70 90 102 135 151 169 230 250 271 293 324 344 348 373 399 434 464 495 523 527 541 594 620 665 700 740 816 860 902 985 1032 1078 1172 1175 1223 1271 1320 1377 1428 1480 1539 1593 1648 1652 1708 1749 1829 1952 2014 2076 2144 2277 2340 2414 2481 2552 2697 2773 2847 2921 2996 3079 3156 3159 3233 3234 3317 3402 3568 3569 3653 3720 3827 4004 4090 4185 4274 4365 4556 4652 4745 4847 4850 4944 4945 5045 5146 5150 5165 5171 5292 5296 5414 5419 
S 3: 0 | 0 1 9 11 20 23 31 35 42 54 65 70 90 102 135 151 169 230 250 271 293 324 344 348 373 399 434 464 495 523 527 541 594 620 665 700 740 816 860 902 985 1032 1078 1172 1175 1223 1271 1320 1377 1428 1480 1539 1593 1648 1652 1708 1749 1829 1952 2014 2076 2144 2277 2340 2414 2481 2552 2697 2773 2847 2921 2996 3079 3156 3159 3233 3234 3317 3402 3568 3569 3653 3720 3827 4004 4090 4185 4274 4365 4556 4652 4745 4847 4850 4944 4945 5045 5146 5150 5165 5171 5292 5296 5414 5419 
S 4: 0 | 0 1 9 11 20 23 31 35 42 54 65 70 90 102 135 151 169 230 250 271 293 324 344 348 373 399 434 464 495 523 527 541 594 620 665 700 740 816 860 902 985 1032 1078 1172 1175 1223 1271 1320 1377 1428 1480 1539 1593 1648 1652 1708 1749 1829 1952 2014 2076 2144 2277 2340 2414 2481 2552 2697 2773 2847 2921 2996 3079 3156 3159 3233 3234 3317 3402 3568 3569 3653 3720 3827 4004 4090 4185 4274 4365 4556 4652 4745 4847 4850 4944 4945 5045 5146 5150 5165 5171 5292 5296 5414 5419 
S 5: 0 | 0 1 9 11 20 23 31 35 42 54 65 70 90 102 135 151 169 230 250 271 293 324 344 348 373 399 434 464 495 523 527 541 594 620 665 700 740 816 860 902 985 1032 1078 1172 1175 1223 1271 1320 1377 1428 1480 1539 1593 1648 1652 1708 1749 1829 1952 2014 2076 2144 2277 2340 2414 2481 2552 2697 2773 2847 2921 2996 3079 3156 3159 3233 3234 3317 3402 3568 3569 3653 3720 3827 4004 4090 4185 4274 4365 4556 4652 4745 4847 4850 4944 4945 5045 5146 5150 5165 5171 5292 5296 5414 5419 
S 6: 0 | 0 1 9 11 20 23 31 35 42 54 65 70 90 102 135 151 169 230 250 271 293 324 344 348 373 399 434 464 495 523 527 541 594 620 665 700 740 816 860 902 985 1032 1078 1172 1175 1223 1271 1320 1377 1428 1480 1539 1593 1648 1652 1708 1749 1829 1952 2014 2076 2144 2277 2340 2414 2481 2552 2697 2773 2847 2921 2996 3079 3156 3159 3233 3234 3317 3402 3568 3569 3653 3720 3827 4004 4090 4185 4274 4365 4556 4652 4745 4847 4850 4944 4945 5045 5146 5150 5165 5171 5292 5296 5414 5419 
S 7: 0 | 0 1 9 11 20 23 31 35 42 54 65 70 90 102 135 151 169 230 250 271 293 324 344 348 373 399 434 464 495 523 527 541 594 620 665 700 740 816 860 902 985 1032 1078 1172 1175 1223 1271 1320 1377 1428 1480 1539 1593 1648 1652 1708 1749 1829 1952 2014 2076 2144 2277 2340 2414 2481 2552 2697 2773 2847 2921 2996 3079 3156 3159 3233 3234 3317 3402 3568 3569 3653 3720 3827 4004 4090 4185 4274 4365 4556 4652 4745 4847 4850 4944 4945 5045 5146 5150 5165 5171 5292 5296 5414 5419 
S 8: 0 | 0 1 9 11 20 23 31 35 42 54 65 70 90 102 135 151 169 230 250 271 293 324 344 348 373 399 434 464 495 523 527 541 594 620 665 700 740 816 860 902 985 1032 1078 1172 1175 1223 1271 1320 1377 1428 1480 1539 1593 1648 1652 1708 1749 1829 1952 2014 2076 2144 2277 2340 2414 2481 2552 2697 2773 2847 2921 2996 3079 3156 3159 3233 3234 3317 3402 3568 3569 3653 3720 3827 4004 4090 4185 4274 4365 4556 4652 4745 4847 4850 4944 4945 5045 5146 5150 5165 5171 5292 5296 5414 5419 
S 9: 0 | 0 1 9 11 20 23 31 35 42 54 65 70 90 102 135 151 169 230 250 271 293 324 344 348 373 399 434 464 495 523 527 541 594 620 665 700 740 816 860 902 985 1032 1078 1172 1175 1223 1271 1320 1377 1428 1480 1539 1593 1648 1652 1708 1749 1829 1952 2014 2076 2144 2277 2340 2414 2481 2552 2697 2773 2847 2921 2996 3079 3156 3159 3233 3234 3317 3402 3568 3569 3653 3720 3827 4004 4090 4185 4274 4365 4556 4652 4745 4847 4850 4944 4945 5045 5146 5150 5165 5171 5292 5296 5414 5419 
ALL EQUAL

Final time = 1853.23
Final solution cost = 15048
