Reading instance small_stp_instances/lin105_10_03.stp of type D
Finished instance reading
Number of vertices = 105
Number of edges (resources) = 5460
Number of scenarios = 10
Average number of terminals per scenario = 105
Probabilities of Scenarios: (0) 0.19 | (1) 0.04 | (2) 0 | (3) 0.18 | (4) 0.01 | (5) 0.09 | (6) 0.18 | (7) 0.05 | (8) 0.25 | (9) 0.01 | 
Average weighted inflation = 0.149234
Largest inflation = 0.299908
MAX_ITERATIONS_SINCE_LAST_IMPROVEMENT 2
MAX_ITERATIONS_SINCE_BEST_SOLUTION 3
Creating solution instance.
Starting Evolutive Framework.
Local search solution cost = 14456
Local search time = 1010.26
1010.26 local search - EF main loop cycle 0 solution cost 14456
1010.28s Cost of SP solution after second stage solver 14456
Local search solution cost = 14456
Local search time = 143.578
1153.85 local search - EF main loop cycle 1 solution cost 14456
1153.87s Cost of SP solution after second stage solver 14456
Local search solution cost = 14456
Local search time = 143.637
1297.5 local search - EF main loop cycle 2 solution cost 14456
1297.51s Cost of SP solution after second stage solver 14456
Number of cycles 3
Time for each cycle 432.505
1297.53s Cost of SP solution after tail step 14456
SELECTED RESOURCES:
0 1 9 11 20 23 31 35 42 54 70 90 101 135 152 164 182 230 250 268 293 324 343 348 373 399 434 464 495 523 527 541 594 620 665 700 740 816 860 902 1032 1078 1125 1167 1172 1223 1271 1320 1377 1428 1480 1539 1593 1648 1652 1708 1749 1829 1952 2076 2144 2208 2277 2408 2414 2482 2548 2696 2774 2847 2921 2996 3079 3156 3232 3234 3317 3402 3485 3569 3648 3649 3720 3827 4004 4089 4185 4274 4365 4464 4556 4655 4745 4850 4945 4949 5042 5146 5150 5165 5171 5292 5296 5414 5417 
SCENARIO'S RESOURCES:
S 0: 0 | 0 1 9 11 20 23 31 35 42 54 70 90 101 135 152 164 182 230 250 268 293 324 343 348 373 399 434 464 495 523 527 541 594 620 665 700 740 816 860 902 1032 1078 1125 1167 1172 1223 1271 1320 1377 1428 1480 1539 1593 1648 1652 1708 1749 1829 1952 2076 2144 2208 2277 2408 2414 2482 2548 2696 2774 2847 2921 2996 3079 3156 3232 3234 3317 3402 3485 3569 3648 3649 3720 3827 4004 4089 4185 4274 4365 4464 4556 4655 4745 4850 4945 4949 5042 5146 5150 5165 5171 5292 5296 5414 5417 
S 1: 0 | 0 1 9 11 20 23 31 35 42 54 70 90 101 135 152 164 182 230 250 268 293 324 343 348 373 399 434 464 495 523 527 541 594 620 665 700 740 816 860 902 1032 1078 1125 1167 1172 1223 1271 1320 1377 1428 1480 1539 1593 1648 1652 1708 1749 1829 1952 2076 2144 2208 2277 2408 2414 2482 2548 2696 2774 2847 2921 2996 3079 3156 3232 3234 3317 3402 3485 3569 3648 3649 3720 3827 4004 4089 4185 4274 4365 4464 4556 4655 4745 4850 4945 4949 5042 5146 5150 5165 5171 5292 5296 5414 5417 
S 2: 0 | 0 1 9 11 20 23 31 35 42 54 70 90 101 135 152 164 182 230 250 268 293 324 343 348 373 399 434 464 495 523 527 541 594 620 665 700 740 816 860 902 1032 1078 1125 1167 1172 1223 1271 1320 1377 1428 1480 1539 1593 1648 1652 1708 1749 1829 1952 2076 2144 2208 2277 2408 2414 2482 2548 2696 2774 2847 2921 2996 3079 3156 3232 3234 3317 3402 3485 3569 3648 3649 3720 3827 4004 4089 4185 4274 4365 4464 4556 4655 4745 4850 4945 4949 5042 5146 5150 5165 5171 5292 5296 5414 5417 
S 3: 0 | 0 1 9 11 20 23 31 35 42 54 70 90 101 135 152 164 182 230 250 268 293 324 343 348 373 399 434 464 495 523 527 541 594 620 665 700 740 816 860 902 1032 1078 1125 1167 1172 1223 1271 1320 1377 1428 1480 1539 1593 1648 1652 1708 1749 1829 1952 2076 2144 2208 2277 2408 2414 2482 2548 2696 2774 2847 2921 2996 3079 3156 3232 3234 3317 3402 3485 3569 3648 3649 3720 3827 4004 4089 4185 4274 4365 4464 4556 4655 4745 4850 4945 4949 5042 5146 5150 5165 5171 5292 5296 5414 5417 
S 4: 0 | 0 1 9 11 20 23 31 35 42 54 70 90 101 135 152 164 182 230 250 268 293 324 343 348 373 399 434 464 495 523 527 541 594 620 665 700 740 816 860 902 1032 1078 1125 1167 1172 1223 1271 1320 1377 1428 1480 1539 1593 1648 1652 1708 1749 1829 1952 2076 2144 2208 2277 2408 2414 2482 2548 2696 2774 2847 2921 2996 3079 3156 3232 3234 3317 3402 3485 3569 3648 3649 3720 3827 4004 4089 4185 4274 4365 4464 4556 4655 4745 4850 4945 4949 5042 5146 5150 5165 5171 5292 5296 5414 5417 
S 5: 0 | 0 1 9 11 20 23 31 35 42 54 70 90 101 135 152 164 182 230 250 268 293 324 343 348 373 399 434 464 495 523 527 541 594 620 665 700 740 816 860 902 1032 1078 1125 1167 1172 1223 1271 1320 1377 1428 1480 1539 1593 1648 1652 1708 1749 1829 1952 2076 2144 2208 2277 2408 2414 2482 2548 2696 2774 2847 2921 2996 3079 3156 3232 3234 3317 3402 3485 3569 3648 3649 3720 3827 4004 4089 4185 4274 4365 4464 4556 4655 4745 4850 4945 4949 5042 5146 5150 5165 5171 5292 5296 5414 5417 
S 6: 0 | 0 1 9 11 20 23 31 35 42 54 70 90 101 135 152 164 182 230 250 268 293 324 343 348 373 399 434 464 495 523 527 541 594 620 665 700 740 816 860 902 1032 1078 1125 1167 1172 1223 1271 1320 1377 1428 1480 1539 1593 1648 1652 1708 1749 1829 1952 2076 2144 2208 2277 2408 2414 2482 2548 2696 2774 2847 2921 2996 3079 3156 3232 3234 3317 3402 3485 3569 3648 3649 3720 3827 4004 4089 4185 4274 4365 4464 4556 4655 4745 4850 4945 4949 5042 5146 5150 5165 5171 5292 5296 5414 5417 
S 7: 0 | 0 1 9 11 20 23 31 35 42 54 70 90 101 135 152 164 182 230 250 268 293 324 343 348 373 399 434 464 495 523 527 541 594 620 665 700 740 816 860 902 1032 1078 1125 1167 1172 1223 1271 1320 1377 1428 1480 1539 1593 1648 1652 1708 1749 1829 1952 2076 2144 2208 2277 2408 2414 2482 2548 2696 2774 2847 2921 2996 3079 3156 3232 3234 3317 3402 3485 3569 3648 3649 3720 3827 4004 4089 4185 4274 4365 4464 4556 4655 4745 4850 4945 4949 5042 5146 5150 5165 5171 5292 5296 5414 5417 
S 8: 0 | 0 1 9 11 20 23 31 35 42 54 70 90 101 135 152 164 182 230 250 268 293 324 343 348 373 399 434 464 495 523 527 541 594 620 665 700 740 816 860 902 1032 1078 1125 1167 1172 1223 1271 1320 1377 1428 1480 1539 1593 1648 1652 1708 1749 1829 1952 2076 2144 2208 2277 2408 2414 2482 2548 2696 2774 2847 2921 2996 3079 3156 3232 3234 3317 3402 3485 3569 3648 3649 3720 3827 4004 4089 4185 4274 4365 4464 4556 4655 4745 4850 4945 4949 5042 5146 5150 5165 5171 5292 5296 5414 5417 
S 9: 0 | 0 1 9 11 20 23 31 35 42 54 70 90 101 135 152 164 182 230 250 268 293 324 343 348 373 399 434 464 495 523 527 541 594 620 665 700 740 816 860 902 1032 1078 1125 1167 1172 1223 1271 1320 1377 1428 1480 1539 1593 1648 1652 1708 1749 1829 1952 2076 2144 2208 2277 2408 2414 2482 2548 2696 2774 2847 2921 2996 3079 3156 3232 3234 3317 3402 3485 3569 3648 3649 3720 3827 4004 4089 4185 4274 4365 4464 4556 4655 4745 4850 4945 4949 5042 5146 5150 5165 5171 5292 5296 5414 5417 
ALL EQUAL

Final time = 1297.55
Final solution cost = 14456
