Reading instance small_stp_instances/lin105_5_05.stp of type D
Finished instance reading
Number of vertices = 105
Number of edges (resources) = 5460
Number of scenarios = 5
Average number of terminals per scenario = 105
Probabilities of Scenarios: (0) 0.29 | (1) 0.27 | (2) 0.05 | (3) 0.12 | (4) 0.27 | 
Average weighted inflation = 0.249632
Largest inflation = 0.499787
MAX_ITERATIONS_SINCE_LAST_IMPROVEMENT 2
MAX_ITERATIONS_SINCE_BEST_SOLUTION 3
Creating solution instance.
Starting Evolutive Framework.
Local search solution cost = 14699
Local search time = 562.623
562.623 local search - EF main loop cycle 0 solution cost 14699
562.629s Cost of SP solution after second stage solver 14699
Local search solution cost = 14699
Local search time = 71.9271
634.556 local search - EF main loop cycle 1 solution cost 14699
634.562s Cost of SP solution after second stage solver 14699
Local search solution cost = 14699
Local search time = 71.9261
706.488 local search - EF main loop cycle 2 solution cost 14699
706.494s Cost of SP solution after second stage solver 14699
Number of cycles 3
Time for each cycle 235.498
706.5s Cost of SP solution after tail step 14699
SELECTED RESOURCES:
0 1 9 11 20 23 31 35 42 54 70 90 101 135 152 164 182 230 250 268 293 324 343 348 373 399 434 464 495 523 527 541 594 620 665 700 740 816 860 902 1032 1078 1125 1167 1172 1223 1271 1320 1377 1428 1480 1539 1593 1648 1652 1708 1749 1829 1952 2014 2076 2144 2277 2340 2414 2482 2551 2697 2773 2847 2921 2996 3079 3156 3233 3234 3317 3402 3485 3569 3648 3649 3720 3827 4004 4089 4185 4274 4365 4556 4652 4745 4847 4850 4944 4945 5045 5146 5150 5165 5171 5292 5296 5414 5419 
SCENARIO'S RESOURCES:
S 0: 0 | 0 1 9 11 20 23 31 35 42 54 70 90 101 135 152 164 182 230 250 268 293 324 343 348 373 399 434 464 495 523 527 541 594 620 665 700 740 816 860 902 1032 1078 1125 1167 1172 1223 1271 1320 1377 1428 1480 1539 1593 1648 1652 1708 1749 1829 1952 2014 2076 2144 2277 2340 2414 2482 2551 2697 2773 2847 2921 2996 3079 3156 3233 3234 3317 3402 3485 3569 3648 3649 3720 3827 4004 4089 4185 4274 4365 4556 4652 4745 4847 4850 4944 4945 5045 5146 5150 5165 5171 5292 5296 5414 5419 
S 1: 0 | 0 1 9 11 20 23 31 35 42 54 70 90 101 135 152 164 182 230 250 268 293 324 343 348 373 399 434 464 495 523 527 541 594 620 665 700 740 816 860 902 1032 1078 1125 1167 1172 1223 1271 1320 1377 1428 1480 1539 1593 1648 1652 1708 1749 1829 1952 2014 2076 2144 2277 2340 2414 2482 2551 2697 2773 2847 2921 2996 3079 3156 3233 3234 3317 3402 3485 3569 3648 3649 3720 3827 4004 4089 4185 4274 4365 4556 4652 4745 4847 4850 4944 4945 5045 5146 5150 5165 5171 5292 5296 5414 5419 
S 2: 0 | 0 1 9 11 20 23 31 35 42 54 70 90 101 135 152 164 182 230 250 268 293 324 343 348 373 399 434 464 495 523 527 541 594 620 665 700 740 816 860 902 1032 1078 1125 1167 1172 1223 1271 1320 1377 1428 1480 1539 1593 1648 1652 1708 1749 1829 1952 2014 2076 2144 2277 2340 2414 2482 2551 2697 2773 2847 2921 2996 3079 3156 3233 3234 3317 3402 3485 3569 3648 3649 3720 3827 4004 4089 4185 4274 4365 4556 4652 4745 4847 4850 4944 4945 5045 5146 5150 5165 5171 5292 5296 5414 5419 
S 3: 0 | 0 1 9 11 20 23 31 35 42 54 70 90 101 135 152 164 182 230 250 268 293 324 343 348 373 399 434 464 495 523 527 541 594 620 665 700 740 816 860 902 1032 1078 1125 1167 1172 1223 1271 1320 1377 1428 1480 1539 1593 1648 1652 1708 1749 1829 1952 2014 2076 2144 2277 2340 2414 2482 2551 2697 2773 2847 2921 2996 3079 3156 3233 3234 3317 3402 3485 3569 3648 3649 3720 3827 4004 4089 4185 4274 4365 4556 4652 4745 4847 4850 4944 4945 5045 5146 5150 5165 5171 5292 5296 5414 5419 
S 4: 0 | 0 1 9 11 20 23 31 35 42 54 70 90 101 135 152 164 182 230 250 268 293 324 343 348 373 399 434 464 495 523 527 541 594 620 665 700 740 816 860 902 1032 1078 1125 1167 1172 1223 1271 1320 1377 1428 1480 1539 1593 1648 1652 1708 1749 1829 1952 2014 2076 2144 2277 2340 2414 2482 2551 2697 2773 2847 2921 2996 3079 3156 3233 3234 3317 3402 3485 3569 3648 3649 3720 3827 4004 4089 4185 4274 4365 4556 4652 4745 4847 4850 4944 4945 5045 5146 5150 5165 5171 5292 5296 5414 5419 
ALL EQUAL

Final time = 706.512
Final solution cost = 14699
