Reading instance small_stp_instances/lin105_5_03.stp of type D
Finished instance reading
Number of vertices = 105
Number of edges (resources) = 5460
Number of scenarios = 5
Average number of terminals per scenario = 105
Probabilities of Scenarios: (0) 0.34 | (1) 0.36 | (2) 0.07 | (3) 0.1 | (4) 0.13 | 
Average weighted inflation = 0.149662
Largest inflation = 0.299774
MAX_ITERATIONS_SINCE_LAST_IMPROVEMENT 2
MAX_ITERATIONS_SINCE_BEST_SOLUTION 3
Creating solution instance.
Starting Evolutive Framework.
Local search solution cost = 14420
Local search time = 427.509
427.509 local search - EF main loop cycle 0 solution cost 14420
427.515s Cost of SP solution after second stage solver 14420
Local search solution cost = 14420
Local search time = 70.3744
497.89 local search - EF main loop cycle 1 solution cost 14420
497.895s Cost of SP solution after second stage solver 14420
Local search solution cost = 14420
Local search time = 70.4126
568.308 local search - EF main loop cycle 2 solution cost 14420
568.314s Cost of SP solution after second stage solver 14420
Number of cycles 3
Time for each cycle 189.438
568.319s Cost of SP solution after tail step 14420
SELECTED RESOURCES:
0 1 9 11 20 23 32 35 42 54 69 90 101 135 152 164 182 230 250 268 293 324 343 348 373 399 434 464 495 523 527 541 594 655 665 700 740 860 902 943 1032 1078 1125 1167 1172 1223 1271 1320 1377 1428 1480 1539 1593 1648 1708 1749 1829 1887 1952 2076 2144 2208 2277 2408 2414 2482 2548 2696 2773 2847 2921 2996 3079 3156 3233 3234 3317 3402 3485 3569 3648 3649 3720 3827 4004 4089 4185 4274 4365 4464 4556 4655 4745 4850 4945 4949 5042 5146 5150 5165 5171 5288 5292 5412 5414 
SCENARIO'S RESOURCES:
S 0: 0 | 0 1 9 11 20 23 32 35 42 54 69 90 101 135 152 164 182 230 250 268 293 324 343 348 373 399 434 464 495 523 527 541 594 655 665 700 740 860 902 943 1032 1078 1125 1167 1172 1223 1271 1320 1377 1428 1480 1539 1593 1648 1708 1749 1829 1887 1952 2076 2144 2208 2277 2408 2414 2482 2548 2696 2773 2847 2921 2996 3079 3156 3233 3234 3317 3402 3485 3569 3648 3649 3720 3827 4004 4089 4185 4274 4365 4464 4556 4655 4745 4850 4945 4949 5042 5146 5150 5165 5171 5288 5292 5412 5414 
S 1: 0 | 0 1 9 11 20 23 32 35 42 54 69 90 101 135 152 164 182 230 250 268 293 324 343 348 373 399 434 464 495 523 527 541 594 655 665 700 740 860 902 943 1032 1078 1125 1167 1172 1223 1271 1320 1377 1428 1480 1539 1593 1648 1708 1749 1829 1887 1952 2076 2144 2208 2277 2408 2414 2482 2548 2696 2773 2847 2921 2996 3079 3156 3233 3234 3317 3402 3485 3569 3648 3649 3720 3827 4004 4089 4185 4274 4365 4464 4556 4655 4745 4850 4945 4949 5042 5146 5150 5165 5171 5288 5292 5412 5414 
S 2: 0 | 0 1 9 11 20 23 32 35 42 54 69 90 101 135 152 164 182 230 250 268 293 324 343 348 373 399 434 464 495 523 527 541 594 655 665 700 740 860 902 943 1032 1078 1125 1167 1172 1223 1271 1320 1377 1428 1480 1539 1593 1648 1708 1749 1829 1887 1952 2076 2144 2208 2277 2408 2414 2482 2548 2696 2773 2847 2921 2996 3079 3156 3233 3234 3317 3402 3485 3569 3648 3649 3720 3827 4004 4089 4185 4274 4365 4464 4556 4655 4745 4850 4945 4949 5042 5146 5150 5165 5171 5288 5292 5412 5414 
S 3: 0 | 0 1 9 11 20 23 32 35 42 54 69 90 101 135 152 164 182 230 250 268 293 324 343 348 373 399 434 464 495 523 527 541 594 655 665 700 740 860 902 943 1032 1078 1125 1167 1172 1223 1271 1320 1377 1428 1480 1539 1593 1648 1708 1749 1829 1887 1952 2076 2144 2208 2277 2408 2414 2482 2548 2696 2773 2847 2921 2996 3079 3156 3233 3234 3317 3402 3485 3569 3648 3649 3720 3827 4004 4089 4185 4274 4365 4464 4556 4655 4745 4850 4945 4949 5042 5146 5150 5165 5171 5288 5292 5412 5414 
S 4: 0 | 0 1 9 11 20 23 32 35 42 54 69 90 101 135 152 164 182 230 250 268 293 324 343 348 373 399 434 464 495 523 527 541 594 655 665 700 740 860 902 943 1032 1078 1125 1167 1172 1223 1271 1320 1377 1428 1480 1539 1593 1648 1708 1749 1829 1887 1952 2076 2144 2208 2277 2408 2414 2482 2548 2696 2773 2847 2921 2996 3079 3156 3233 3234 3317 3402 3485 3569 3648 3649 3720 3827 4004 4089 4185 4274 4365 4464 4556 4655 4745 4850 4945 4949 5042 5146 5150 5165 5171 5288 5292 5412 5414 
ALL EQUAL

Final time = 568.332
Final solution cost = 14420
