Reading instance small_stp_instances/pr107_10_10.stp of type D
Finished instance reading
Number of vertices = 107
Number of edges (resources) = 5671
Number of scenarios = 10
Average number of terminals per scenario = 107
Probabilities of Scenarios: (0) 0.11 | (1) 0.05 | (2) 0.11 | (3) 0.1 | (4) 0.15 | (5) 0.04 | (6) 0.11 | (7) 0.11 | (8) 0.1 | (9) 0.12 | 
Average weighted inflation = 0.498595
Largest inflation = 0.999877
MAX_ITERATIONS_SINCE_LAST_IMPROVEMENT 2
MAX_ITERATIONS_SINCE_BEST_SOLUTION 3
Creating solution instance.
Starting Evolutive Framework.
Local search solution cost = 46269.6
Local search time = 16336.2
16336.2 local search - EF main loop cycle 0 solution cost 46269.6
16336.2s Cost of SP solution after second stage solver 46269.6
Local search solution cost = 45961
Local search time = 146.381
16482.6 local search - EF main loop cycle 1 solution cost 45961
16482.6s Cost of SP solution after second stage solver 45961
Local search solution cost = 45961
Local search time = 146.165
16628.8 local search - EF main loop cycle 2 solution cost 45961
16628.8s Cost of SP solution after second stage solver 45961
Local search solution cost = 45961
Local search time = 145.903
16774.7 local search - EF main loop cycle 3 solution cost 45961
16774.7s Cost of SP solution after second stage solver 45961
Number of cycles 4
Time for each cycle 4193.68
16774.7s Cost of SP solution after tail step 45961
SELECTED RESOURCES:
0 3 5 7 12 19 26 34 54 62 65 87 103 117 133 150 152 168 228 230 250 272 273 322 349 375 403 432 434 462 558 560 592 626 627 664 777 779 817 857 858 943 988 1032 1078 1125 1127 1173 1323 1325 1375 1428 1430 1480 1652 1838 2015 2142 2208 2209 2275 2345 2411 2553 2555 2617 2625 2688 2698 2835 2924 2925 3000 3062 3080 3219 3319 3320 3400 3461 3485 3628 3739 3740 3825 3885 4003 4093 4185 4275 4277 4334 4558 4654 4655 4750 4808 4850 5005 5149 5150 5250 5307 5458 5563 5669 5670 
SCENARIO'S RESOURCES:
S 0: 0 | 0 3 5 7 12 19 26 34 54 62 65 87 103 117 133 150 152 168 228 230 250 272 273 322 349 375 403 432 434 462 558 560 592 626 627 664 777 779 817 857 858 943 988 1032 1078 1125 1127 1173 1323 1325 1375 1428 1430 1480 1652 1838 2015 2142 2208 2209 2275 2345 2411 2553 2555 2617 2625 2688 2698 2835 2924 2925 3000 3062 3080 3219 3319 3320 3400 3461 3485 3628 3739 3740 3825 3885 4003 4093 4185 4275 4277 4334 4558 4654 4655 4750 4808 4850 5005 5149 5150 5250 5307 5458 5563 5669 5670 
S 1: 0 | 0 3 5 7 12 19 26 34 54 62 65 87 103 117 133 150 152 168 228 230 250 272 273 322 349 375 403 432 434 462 558 560 592 626 627 664 777 779 817 857 858 943 988 1032 1078 1125 1127 1173 1323 1325 1375 1428 1430 1480 1652 1838 2015 2142 2208 2209 2275 2345 2411 2553 2555 2617 2625 2688 2698 2835 2924 2925 3000 3062 3080 3219 3319 3320 3400 3461 3485 3628 3739 3740 3825 3885 4003 4093 4185 4275 4277 4334 4558 4654 4655 4750 4808 4850 5005 5149 5150 5250 5307 5458 5563 5669 5670 
S 2: 0 | 0 3 5 7 12 19 26 34 54 62 65 87 103 117 133 150 152 168 228 230 250 272 273 322 349 375 403 432 434 462 558 560 592 626 627 664 777 779 817 857 858 943 988 1032 1078 1125 1127 1173 1323 1325 1375 1428 1430 1480 1652 1838 2015 2142 2208 2209 2275 2345 2411 2553 2555 2617 2625 2688 2698 2835 2924 2925 3000 3062 3080 3219 3319 3320 3400 3461 3485 3628 3739 3740 3825 3885 4003 4093 4185 4275 4277 4334 4558 4654 4655 4750 4808 4850 5005 5149 5150 5250 5307 5458 5563 5669 5670 
S 3: 0 | 0 3 5 7 12 19 26 34 54 62 65 87 103 117 133 150 152 168 228 230 250 272 273 322 349 375 403 432 434 462 558 560 592 626 627 664 777 779 817 857 858 943 988 1032 1078 1125 1127 1173 1323 1325 1375 1428 1430 1480 1652 1838 2015 2142 2208 2209 2275 2345 2411 2553 2555 2617 2625 2688 2698 2835 2924 2925 3000 3062 3080 3219 3319 3320 3400 3461 3485 3628 3739 3740 3825 3885 4003 4093 4185 4275 4277 4334 4558 4654 4655 4750 4808 4850 5005 5149 5150 5250 5307 5458 5563 5669 5670 
S 4: 0 | 0 3 5 7 12 19 26 34 54 62 65 87 103 117 133 150 152 168 228 230 250 272 273 322 349 375 403 432 434 462 558 560 592 626 627 664 777 779 817 857 858 943 988 1032 1078 1125 1127 1173 1323 1325 1375 1428 1430 1480 1652 1838 2015 2142 2208 2209 2275 2345 2411 2553 2555 2617 2625 2688 2698 2835 2924 2925 3000 3062 3080 3219 3319 3320 3400 3461 3485 3628 3739 3740 3825 3885 4003 4093 4185 4275 4277 4334 4558 4654 4655 4750 4808 4850 5005 5149 5150 5250 5307 5458 5563 5669 5670 
S 5: 0 | 0 3 5 7 12 19 26 34 54 62 65 87 103 117 133 150 152 168 228 230 250 272 273 322 349 375 403 432 434 462 558 560 592 626 627 664 777 779 817 857 858 943 988 1032 1078 1125 1127 1173 1323 1325 1375 1428 1430 1480 1652 1838 2015 2142 2208 2209 2275 2345 2411 2553 2555 2617 2625 2688 2698 2835 2924 2925 3000 3062 3080 3219 3319 3320 3400 3461 3485 3628 3739 3740 3825 3885 4003 4093 4185 4275 4277 4334 4558 4654 4655 4750 4808 4850 5005 5149 5150 5250 5307 5458 5563 5669 5670 
S 6: 0 | 0 3 5 7 12 19 26 34 54 62 65 87 103 117 133 150 152 168 228 230 250 272 273 322 349 375 403 432 434 462 558 560 592 626 627 664 777 779 817 857 858 943 988 1032 1078 1125 1127 1173 1323 1325 1375 1428 1430 1480 1652 1838 2015 2142 2208 2209 2275 2345 2411 2553 2555 2617 2625 2688 2698 2835 2924 2925 3000 3062 3080 3219 3319 3320 3400 3461 3485 3628 3739 3740 3825 3885 4003 4093 4185 4275 4277 4334 4558 4654 4655 4750 4808 4850 5005 5149 5150 5250 5307 5458 5563 5669 5670 
S 7: 0 | 0 3 5 7 12 19 26 34 54 62 65 87 103 117 133 150 152 168 228 230 250 272 273 322 349 375 403 432 434 462 558 560 592 626 627 664 777 779 817 857 858 943 988 1032 1078 1125 1127 1173 1323 1325 1375 1428 1430 1480 1652 1838 2015 2142 2208 2209 2275 2345 2411 2553 2555 2617 2625 2688 2698 2835 2924 2925 3000 3062 3080 3219 3319 3320 3400 3461 3485 3628 3739 3740 3825 3885 4003 4093 4185 4275 4277 4334 4558 4654 4655 4750 4808 4850 5005 5149 5150 5250 5307 5458 5563 5669 5670 
S 8: 0 | 0 3 5 7 12 19 26 34 54 62 65 87 103 117 133 150 152 168 228 230 250 272 273 322 349 375 403 432 434 462 558 560 592 626 627 664 777 779 817 857 858 943 988 1032 1078 1125 1127 1173 1323 1325 1375 1428 1430 1480 1652 1838 2015 2142 2208 2209 2275 2345 2411 2553 2555 2617 2625 2688 2698 2835 2924 2925 3000 3062 3080 3219 3319 3320 3400 3461 3485 3628 3739 3740 3825 3885 4003 4093 4185 4275 4277 4334 4558 4654 4655 4750 4808 4850 5005 5149 5150 5250 5307 5458 5563 5669 5670 
S 9: 0 | 0 3 5 7 12 19 26 34 54 62 65 87 103 117 133 150 152 168 228 230 250 272 273 322 349 375 403 432 434 462 558 560 592 626 627 664 777 779 817 857 858 943 988 1032 1078 1125 1127 1173 1323 1325 1375 1428 1430 1480 1652 1838 2015 2142 2208 2209 2275 2345 2411 2553 2555 2617 2625 2688 2698 2835 2924 2925 3000 3062 3080 3219 3319 3320 3400 3461 3485 3628 3739 3740 3825 3885 4003 4093 4185 4275 4277 4334 4558 4654 4655 4750 4808 4850 5005 5149 5150 5250 5307 5458 5563 5669 5670 
ALL EQUAL

Final time = 16774.8
Final solution cost = 45961
