Reading instance small_stp_instances/pr107_5_10.stp of type D
Finished instance reading
Number of vertices = 107
Number of edges (resources) = 5671
Number of scenarios = 5
Average number of terminals per scenario = 107
Probabilities of Scenarios: (0) 0.52 | (1) 0 | (2) 0.16 | (3) 0.2 | (4) 0.12 | 
Average weighted inflation = 0.502904
Largest inflation = 0.999887
MAX_ITERATIONS_SINCE_LAST_IMPROVEMENT 2
MAX_ITERATIONS_SINCE_BEST_SOLUTION 3
Creating solution instance.
Starting Evolutive Framework.
Local search solution cost = 47155.5
Local search time = 7190.38
7190.38 local search - EF main loop cycle 0 solution cost 47155.5
7190.43s Cost of SP solution after second stage solver 47155.5
Local search solution cost = 46153
Local search time = 78.9354
7269.37 local search - EF main loop cycle 1 solution cost 46153
7269.37s Cost of SP solution after second stage solver 46153
Local search solution cost = 46153
Local search time = 73.7476
7343.12 local search - EF main loop cycle 2 solution cost 46153
7343.13s Cost of SP solution after second stage solver 46153
Local search solution cost = 46153
Local search time = 74.1843
7417.31 local search - EF main loop cycle 3 solution cost 46153
7417.32s Cost of SP solution after second stage solver 46153
Number of cycles 4
Time for each cycle 1854.33
7417.32s Cost of SP solution after tail step 46153
SELECTED RESOURCES:
1 3 7 12 14 24 34 42 54 62 65 86 117 119 133 148 152 167 189 230 250 273 275 297 375 377 403 431 432 493 526 558 592 627 629 663 777 779 817 858 860 940 988 1032 1078 1125 1127 1173 1273 1325 1375 1429 1430 1480 1595 1710 1831 2015 2079 2142 2210 2275 2344 2413 2553 2555 2617 2625 2688 2698 2835 2924 2925 3000 3062 3080 3219 3319 3320 3400 3461 3568 3653 3740 3825 3827 3885 4004 4185 4275 4277 4368 4464 4521 4655 4750 4752 4808 5048 5149 5150 5250 5307 5458 5563 5669 5670 
SCENARIO'S RESOURCES:
S 0: 0 | 1 3 7 12 14 24 34 42 54 62 65 86 117 119 133 148 152 167 189 230 250 273 275 297 375 377 403 431 432 493 526 558 592 627 629 663 777 779 817 858 860 940 988 1032 1078 1125 1127 1173 1273 1325 1375 1429 1430 1480 1595 1710 1831 2015 2079 2142 2210 2275 2344 2413 2553 2555 2617 2625 2688 2698 2835 2924 2925 3000 3062 3080 3219 3319 3320 3400 3461 3568 3653 3740 3825 3827 3885 4004 4185 4275 4277 4368 4464 4521 4655 4750 4752 4808 5048 5149 5150 5250 5307 5458 5563 5669 5670 
S 1: 0 | 1 3 7 12 14 24 34 42 54 62 65 86 117 119 133 148 152 167 189 230 250 273 275 297 375 377 403 431 432 493 526 558 592 627 629 663 777 779 817 858 860 940 988 1032 1078 1125 1127 1173 1273 1325 1375 1429 1430 1480 1595 1710 1831 2015 2079 2142 2210 2275 2344 2413 2553 2555 2617 2625 2688 2698 2835 2924 2925 3000 3062 3080 3219 3319 3320 3400 3461 3568 3653 3740 3825 3827 3885 4004 4185 4275 4277 4368 4464 4521 4655 4750 4752 4808 5048 5149 5150 5250 5307 5458 5563 5669 5670 
S 2: 0 | 1 3 7 12 14 24 34 42 54 62 65 86 117 119 133 148 152 167 189 230 250 273 275 297 375 377 403 431 432 493 526 558 592 627 629 663 777 779 817 858 860 940 988 1032 1078 1125 1127 1173 1273 1325 1375 1429 1430 1480 1595 1710 1831 2015 2079 2142 2210 2275 2344 2413 2553 2555 2617 2625 2688 2698 2835 2924 2925 3000 3062 3080 3219 3319 3320 3400 3461 3568 3653 3740 3825 3827 3885 4004 4185 4275 4277 4368 4464 4521 4655 4750 4752 4808 5048 5149 5150 5250 5307 5458 5563 5669 5670 
S 3: 0 | 1 3 7 12 14 24 34 42 54 62 65 86 117 119 133 148 152 167 189 230 250 273 275 297 375 377 403 431 432 493 526 558 592 627 629 663 777 779 817 858 860 940 988 1032 1078 1125 1127 1173 1273 1325 1375 1429 1430 1480 1595 1710 1831 2015 2079 2142 2210 2275 2344 2413 2553 2555 2617 2625 2688 2698 2835 2924 2925 3000 3062 3080 3219 3319 3320 3400 3461 3568 3653 3740 3825 3827 3885 4004 4185 4275 4277 4368 4464 4521 4655 4750 4752 4808 5048 5149 5150 5250 5307 5458 5563 5669 5670 
S 4: 0 | 1 3 7 12 14 24 34 42 54 62 65 86 117 119 133 148 152 167 189 230 250 273 275 297 375 377 403 431 432 493 526 558 592 627 629 663 777 779 817 858 860 940 988 1032 1078 1125 1127 1173 1273 1325 1375 1429 1430 1480 1595 1710 1831 2015 2079 2142 2210 2275 2344 2413 2553 2555 2617 2625 2688 2698 2835 2924 2925 3000 3062 3080 3219 3319 3320 3400 3461 3568 3653 3740 3825 3827 3885 4004 4185 4275 4277 4368 4464 4521 4655 4750 4752 4808 5048 5149 5150 5250 5307 5458 5563 5669 5670 
ALL EQUAL

Final time = 7417.34
Final solution cost = 46153
