Reading instance small_stp_instances/pr107_5_03.stp of type D
Finished instance reading
Number of vertices = 107
Number of edges (resources) = 5671
Number of scenarios = 5
Average number of terminals per scenario = 107
Probabilities of Scenarios: (0) 0.16 | (1) 0.16 | (2) 0.19 | (3) 0.32 | (4) 0.17 | 
Average weighted inflation = 0.149442
Largest inflation = 0.299949
MAX_ITERATIONS_SINCE_LAST_IMPROVEMENT 2
MAX_ITERATIONS_SINCE_BEST_SOLUTION 3
Creating solution instance.
Starting Evolutive Framework.
Local search solution cost = 45000.7
Local search time = 12407.7
12407.7 local search - EF main loop cycle 0 solution cost 45000.7
12407.7s Cost of SP solution after second stage solver 45000.7
Local search solution cost = 44921
Local search time = 72.6536
12480.4 local search - EF main loop cycle 1 solution cost 44921
12480.4s Cost of SP solution after second stage solver 44921
Local search solution cost = 44921
Local search time = 72.7523
12553.1 local search - EF main loop cycle 2 solution cost 44921
12553.1s Cost of SP solution after second stage solver 44921
Local search solution cost = 44921
Local search time = 72.645
12625.8 local search - EF main loop cycle 3 solution cost 44921
12625.8s Cost of SP solution after second stage solver 44921
Number of cycles 4
Time for each cycle 3156.44
12625.8s Cost of SP solution after tail step 44921
SELECTED RESOURCES:
0 3 5 12 14 19 34 43 44 62 65 76 117 119 133 149 150 187 208 228 250 273 275 297 375 377 403 431 432 493 526 558 592 627 629 663 777 779 817 857 858 943 988 1034 1078 1123 1127 1173 1323 1325 1375 1428 1430 1480 1831 2015 2142 2208 2209 2275 2345 2411 2553 2555 2617 2625 2688 2698 2835 2924 2925 3000 3062 3158 3219 3318 3400 3402 3461 3483 3628 3739 3740 3825 3885 4003 4062 4183 4275 4277 4334 4368 4521 4654 4655 4750 4948 5005 5048 5148 5250 5252 5308 5459 5514 5669 5670 
SCENARIO'S RESOURCES:
S 0: 0 | 0 3 5 12 14 19 34 43 44 62 65 76 117 119 133 149 150 187 208 228 250 273 275 297 375 377 403 431 432 493 526 558 592 627 629 663 777 779 817 857 858 943 988 1034 1078 1123 1127 1173 1323 1325 1375 1428 1430 1480 1831 2015 2142 2208 2209 2275 2345 2411 2553 2555 2617 2625 2688 2698 2835 2924 2925 3000 3062 3158 3219 3318 3400 3402 3461 3483 3628 3739 3740 3825 3885 4003 4062 4183 4275 4277 4334 4368 4521 4654 4655 4750 4948 5005 5048 5148 5250 5252 5308 5459 5514 5669 5670 
S 1: 0 | 0 3 5 12 14 19 34 43 44 62 65 76 117 119 133 149 150 187 208 228 250 273 275 297 375 377 403 431 432 493 526 558 592 627 629 663 777 779 817 857 858 943 988 1034 1078 1123 1127 1173 1323 1325 1375 1428 1430 1480 1831 2015 2142 2208 2209 2275 2345 2411 2553 2555 2617 2625 2688 2698 2835 2924 2925 3000 3062 3158 3219 3318 3400 3402 3461 3483 3628 3739 3740 3825 3885 4003 4062 4183 4275 4277 4334 4368 4521 4654 4655 4750 4948 5005 5048 5148 5250 5252 5308 5459 5514 5669 5670 
S 2: 0 | 0 3 5 12 14 19 34 43 44 62 65 76 117 119 133 149 150 187 208 228 250 273 275 297 375 377 403 431 432 493 526 558 592 627 629 663 777 779 817 857 858 943 988 1034 1078 1123 1127 1173 1323 1325 1375 1428 1430 1480 1831 2015 2142 2208 2209 2275 2345 2411 2553 2555 2617 2625 2688 2698 2835 2924 2925 3000 3062 3158 3219 3318 3400 3402 3461 3483 3628 3739 3740 3825 3885 4003 4062 4183 4275 4277 4334 4368 4521 4654 4655 4750 4948 5005 5048 5148 5250 5252 5308 5459 5514 5669 5670 
S 3: 0 | 0 3 5 12 14 19 34 43 44 62 65 76 117 119 133 149 150 187 208 228 250 273 275 297 375 377 403 431 432 493 526 558 592 627 629 663 777 779 817 857 858 943 988 1034 1078 1123 1127 1173 1323 1325 1375 1428 1430 1480 1831 2015 2142 2208 2209 2275 2345 2411 2553 2555 2617 2625 2688 2698 2835 2924 2925 3000 3062 3158 3219 3318 3400 3402 3461 3483 3628 3739 3740 3825 3885 4003 4062 4183 4275 4277 4334 4368 4521 4654 4655 4750 4948 5005 5048 5148 5250 5252 5308 5459 5514 5669 5670 
S 4: 0 | 0 3 5 12 14 19 34 43 44 62 65 76 117 119 133 149 150 187 208 228 250 273 275 297 375 377 403 431 432 493 526 558 592 627 629 663 777 779 817 857 858 943 988 1034 1078 1123 1127 1173 1323 1325 1375 1428 1430 1480 1831 2015 2142 2208 2209 2275 2345 2411 2553 2555 2617 2625 2688 2698 2835 2924 2925 3000 3062 3158 3219 3318 3400 3402 3461 3483 3628 3739 3740 3825 3885 4003 4062 4183 4275 4277 4334 4368 4521 4654 4655 4750 4948 5005 5048 5148 5250 5252 5308 5459 5514 5669 5670 
ALL EQUAL

Final time = 12625.8
Final solution cost = 44921
