Reading instance small_stp_instances/pr107_10_05.stp of type D
Finished instance reading
Number of vertices = 107
Number of edges (resources) = 5671
Number of scenarios = 10
Average number of terminals per scenario = 107
Probabilities of Scenarios: (0) 0.01 | (1) 0 | (2) 0.19 | (3) 0.09 | (4) 0.18 | (5) 0.04 | (6) 0.19 | (7) 0.15 | (8) 0.1 | (9) 0.05 | 
Average weighted inflation = 0.248725
Largest inflation = 0.499938
MAX_ITERATIONS_SINCE_LAST_IMPROVEMENT 2
MAX_ITERATIONS_SINCE_BEST_SOLUTION 3
Creating solution instance.
Starting Evolutive Framework.
Local search solution cost = 45568.9
Local search time = 22659.5
22659.5 local search - EF main loop cycle 0 solution cost 45568.9
22659.6s Cost of SP solution after second stage solver 45568.9
Local search solution cost = 45267
Local search time = 149.742
22809.4 local search - EF main loop cycle 1 solution cost 45267
22809.4s Cost of SP solution after second stage solver 45267
Local search solution cost = 45267
Local search time = 144.526
22953.9 local search - EF main loop cycle 2 solution cost 45267
22953.9s Cost of SP solution after second stage solver 45267
Local search solution cost = 45267
Local search time = 144.531
23098.4 local search - EF main loop cycle 3 solution cost 45267
23098.5s Cost of SP solution after second stage solver 45267
Number of cycles 4
Time for each cycle 5774.61
23098.5s Cost of SP solution after tail step 45267
SELECTED RESOURCES:
0 3 5 7 12 20 34 44 52 54 62 77 90 119 133 150 152 168 228 230 250 272 273 322 349 375 403 432 434 462 558 560 592 626 627 664 777 779 817 857 858 943 988 1032 1078 1125 1127 1173 1323 1325 1375 1428 1430 1480 1834 2015 2143 2209 2210 2275 2345 2408 2484 2553 2617 2626 2688 2772 2835 2923 3000 3002 3062 3078 3219 3319 3320 3400 3461 3568 3653 3740 3825 3827 3885 3886 4062 4184 4185 4275 4334 4370 4521 4654 4655 4750 4808 4948 5005 5148 5250 5252 5353 5459 5514 5669 5670 
SCENARIO'S RESOURCES:
S 0: 0 | 0 3 5 7 12 20 34 44 52 54 62 77 90 119 133 150 152 168 228 230 250 272 273 322 349 375 403 432 434 462 558 560 592 626 627 664 777 779 817 857 858 943 988 1032 1078 1125 1127 1173 1323 1325 1375 1428 1430 1480 1834 2015 2143 2209 2210 2275 2345 2408 2484 2553 2617 2626 2688 2772 2835 2923 3000 3002 3062 3078 3219 3319 3320 3400 3461 3568 3653 3740 3825 3827 3885 3886 4062 4184 4185 4275 4334 4370 4521 4654 4655 4750 4808 4948 5005 5148 5250 5252 5353 5459 5514 5669 5670 
S 1: 0 | 0 3 5 7 12 20 34 44 52 54 62 77 90 119 133 150 152 168 228 230 250 272 273 322 349 375 403 432 434 462 558 560 592 626 627 664 777 779 817 857 858 943 988 1032 1078 1125 1127 1173 1323 1325 1375 1428 1430 1480 1834 2015 2143 2209 2210 2275 2345 2408 2484 2553 2617 2626 2688 2772 2835 2923 3000 3002 3062 3078 3219 3319 3320 3400 3461 3568 3653 3740 3825 3827 3885 3886 4062 4184 4185 4275 4334 4370 4521 4654 4655 4750 4808 4948 5005 5148 5250 5252 5353 5459 5514 5669 5670 
S 2: 0 | 0 3 5 7 12 20 34 44 52 54 62 77 90 119 133 150 152 168 228 230 250 272 273 322 349 375 403 432 434 462 558 560 592 626 627 664 777 779 817 857 858 943 988 1032 1078 1125 1127 1173 1323 1325 1375 1428 1430 1480 1834 2015 2143 2209 2210 2275 2345 2408 2484 2553 2617 2626 2688 2772 2835 2923 3000 3002 3062 3078 3219 3319 3320 3400 3461 3568 3653 3740 3825 3827 3885 3886 4062 4184 4185 4275 4334 4370 4521 4654 4655 4750 4808 4948 5005 5148 5250 5252 5353 5459 5514 5669 5670 
S 3: 0 | 0 3 5 7 12 20 34 44 52 54 62 77 90 119 133 150 152 168 228 230 250 272 273 322 349 375 403 432 434 462 558 560 592 626 627 664 777 779 817 857 858 943 988 1032 1078 1125 1127 1173 1323 1325 1375 1428 1430 1480 1834 2015 2143 2209 2210 2275 2345 2408 2484 2553 2617 2626 2688 2772 2835 2923 3000 3002 3062 3078 3219 3319 3320 3400 3461 3568 3653 3740 3825 3827 3885 3886 4062 4184 4185 4275 4334 4370 4521 4654 4655 4750 4808 4948 5005 5148 5250 5252 5353 5459 5514 5669 5670 
S 4: 0 | 0 3 5 7 12 20 34 44 52 54 62 77 90 119 133 150 152 168 228 230 250 272 273 322 349 375 403 432 434 462 558 560 592 626 627 664 777 779 817 857 858 943 988 1032 1078 1125 1127 1173 1323 1325 1375 1428 1430 1480 1834 2015 2143 2209 2210 2275 2345 2408 2484 2553 2617 2626 2688 2772 2835 2923 3000 3002 3062 3078 3219 3319 3320 3400 3461 3568 3653 3740 3825 3827 3885 3886 4062 4184 4185 4275 4334 4370 4521 4654 4655 4750 4808 4948 5005 5148 5250 5252 5353 5459 5514 5669 5670 
S 5: 0 | 0 3 5 7 12 20 34 44 52 54 62 77 90 119 133 150 152 168 228 230 250 272 273 322 349 375 403 432 434 462 558 560 592 626 627 664 777 779 817 857 858 943 988 1032 1078 1125 1127 1173 1323 1325 1375 1428 1430 1480 1834 2015 2143 2209 2210 2275 2345 2408 2484 2553 2617 2626 2688 2772 2835 2923 3000 3002 3062 3078 3219 3319 3320 3400 3461 3568 3653 3740 3825 3827 3885 3886 4062 4184 4185 4275 4334 4370 4521 4654 4655 4750 4808 4948 5005 5148 5250 5252 5353 5459 5514 5669 5670 
S 6: 0 | 0 3 5 7 12 20 34 44 52 54 62 77 90 119 133 150 152 168 228 230 250 272 273 322 349 375 403 432 434 462 558 560 592 626 627 664 777 779 817 857 858 943 988 1032 1078 1125 1127 1173 1323 1325 1375 1428 1430 1480 1834 2015 2143 2209 2210 2275 2345 2408 2484 2553 2617 2626 2688 2772 2835 2923 3000 3002 3062 3078 3219 3319 3320 3400 3461 3568 3653 3740 3825 3827 3885 3886 4062 4184 4185 4275 4334 4370 4521 4654 4655 4750 4808 4948 5005 5148 5250 5252 5353 5459 5514 5669 5670 
S 7: 0 | 0 3 5 7 12 20 34 44 52 54 62 77 90 119 133 150 152 168 228 230 250 272 273 322 349 375 403 432 434 462 558 560 592 626 627 664 777 779 817 857 858 943 988 1032 1078 1125 1127 1173 1323 1325 1375 1428 1430 1480 1834 2015 2143 2209 2210 2275 2345 2408 2484 2553 2617 2626 2688 2772 2835 2923 3000 3002 3062 3078 3219 3319 3320 3400 3461 3568 3653 3740 3825 3827 3885 3886 4062 4184 4185 4275 4334 4370 4521 4654 4655 4750 4808 4948 5005 5148 5250 5252 5353 5459 5514 5669 5670 
S 8: 0 | 0 3 5 7 12 20 34 44 52 54 62 77 90 119 133 150 152 168 228 230 250 272 273 322 349 375 403 432 434 462 558 560 592 626 627 664 777 779 817 857 858 943 988 1032 1078 1125 1127 1173 1323 1325 1375 1428 1430 1480 1834 2015 2143 2209 2210 2275 2345 2408 2484 2553 2617 2626 2688 2772 2835 2923 3000 3002 3062 3078 3219 3319 3320 3400 3461 3568 3653 3740 3825 3827 3885 3886 4062 4184 4185 4275 4334 4370 4521 4654 4655 4750 4808 4948 5005 5148 5250 5252 5353 5459 5514 5669 5670 
S 9: 0 | 0 3 5 7 12 20 34 44 52 54 62 77 90 119 133 150 152 168 228 230 250 272 273 322 349 375 403 432 434 462 558 560 592 626 627 664 777 779 817 857 858 943 988 1032 1078 1125 1127 1173 1323 1325 1375 1428 1430 1480 1834 2015 2143 2209 2210 2275 2345 2408 2484 2553 2617 2626 2688 2772 2835 2923 3000 3002 3062 3078 3219 3319 3320 3400 3461 3568 3653 3740 3825 3827 3885 3886 4062 4184 4185 4275 4334 4370 4521 4654 4655 4750 4808 4948 5005 5148 5250 5252 5353 5459 5514 5669 5670 
ALL EQUAL

Final time = 23098.5
Final solution cost = 45267
