Reading instance small_stp_instances/pr107_20_05.stp of type D
Finished instance reading
Number of vertices = 107
Number of edges (resources) = 5671
Number of scenarios = 20
Average number of terminals per scenario = 107
Probabilities of Scenarios: (0) 0 | (1) 0 | (2) 0.03 | (3) 0.05 | (4) 0.22 | (5) 0.02 | (6) 0.02 | (7) 0.02 | (8) 0.04 | (9) 0.04 | (10) 0.03 | (11) 0.02 | (12) 0.06 | (13) 0.04 | (14) 0.11 | (15) 0.11 | (16) 0.07 | (17) 0.01 | (18) 0.08 | (19) 0.03 | 
Average weighted inflation = 0.249706
Largest inflation = 0.499951
MAX_ITERATIONS_SINCE_LAST_IMPROVEMENT 2
MAX_ITERATIONS_SINCE_BEST_SOLUTION 3
Creating solution instance.
Starting Evolutive Framework.
Local search solution cost = 45242.2
Local search time = 51218.1
51218.1 local search - EF main loop cycle 0 solution cost 45242.2
51218.2s Cost of SP solution after second stage solver 45242.2
Local search solution cost = 45027
Local search time = 311.81
51530 local search - EF main loop cycle 1 solution cost 45027
51530s Cost of SP solution after second stage solver 45027
Local search solution cost = 45027
Local search time = 305.155
51835.2 local search - EF main loop cycle 2 solution cost 45027
51835.2s Cost of SP solution after second stage solver 45027
Local search solution cost = 45027
Local search time = 310.698
52145.9 local search - EF main loop cycle 3 solution cost 45027
52145.9s Cost of SP solution after second stage solver 45027
Number of cycles 4
Time for each cycle 13036.5
52145.9s Cost of SP solution after tail step 45027
SELECTED RESOURCES:
0 3 5 12 14 19 34 43 44 52 65 77 117 119 133 149 150 187 208 228 250 273 275 297 375 377 403 431 432 463 558 560 592 626 627 664 777 779 817 857 858 943 988 1034 1078 1123 1127 1173 1323 1325 1375 1428 1430 1480 1831 2015 2143 2209 2210 2275 2345 2408 2553 2555 2617 2625 2688 2698 2835 2924 2925 3000 3062 3158 3238 3320 3400 3402 3461 3462 3628 3739 3740 3825 3885 4003 4093 4185 4275 4277 4334 4335 4521 4654 4655 4750 4808 4948 5048 5150 5250 5252 5308 5459 5514 5669 5670 
SCENARIO'S RESOURCES:
S 0: 0 | 0 3 5 12 14 19 34 43 44 52 65 77 117 119 133 149 150 187 208 228 250 273 275 297 375 377 403 431 432 463 558 560 592 626 627 664 777 779 817 857 858 943 988 1034 1078 1123 1127 1173 1323 1325 1375 1428 1430 1480 1831 2015 2143 2209 2210 2275 2345 2408 2553 2555 2617 2625 2688 2698 2835 2924 2925 3000 3062 3158 3238 3320 3400 3402 3461 3462 3628 3739 3740 3825 3885 4003 4093 4185 4275 4277 4334 4335 4521 4654 4655 4750 4808 4948 5048 5150 5250 5252 5308 5459 5514 5669 5670 
S 1: 0 | 0 3 5 12 14 19 34 43 44 52 65 77 117 119 133 149 150 187 208 228 250 273 275 297 375 377 403 431 432 463 558 560 592 626 627 664 777 779 817 857 858 943 988 1034 1078 1123 1127 1173 1323 1325 1375 1428 1430 1480 1831 2015 2143 2209 2210 2275 2345 2408 2553 2555 2617 2625 2688 2698 2835 2924 2925 3000 3062 3158 3238 3320 3400 3402 3461 3462 3628 3739 3740 3825 3885 4003 4093 4185 4275 4277 4334 4335 4521 4654 4655 4750 4808 4948 5048 5150 5250 5252 5308 5459 5514 5669 5670 
S 2: 0 | 0 3 5 12 14 19 34 43 44 52 65 77 117 119 133 149 150 187 208 228 250 273 275 297 375 377 403 431 432 463 558 560 592 626 627 664 777 779 817 857 858 943 988 1034 1078 1123 1127 1173 1323 1325 1375 1428 1430 1480 1831 2015 2143 2209 2210 2275 2345 2408 2553 2555 2617 2625 2688 2698 2835 2924 2925 3000 3062 3158 3238 3320 3400 3402 3461 3462 3628 3739 3740 3825 3885 4003 4093 4185 4275 4277 4334 4335 4521 4654 4655 4750 4808 4948 5048 5150 5250 5252 5308 5459 5514 5669 5670 
S 3: 0 | 0 3 5 12 14 19 34 43 44 52 65 77 117 119 133 149 150 187 208 228 250 273 275 297 375 377 403 431 432 463 558 560 592 626 627 664 777 779 817 857 858 943 988 1034 1078 1123 1127 1173 1323 1325 1375 1428 1430 1480 1831 2015 2143 2209 2210 2275 2345 2408 2553 2555 2617 2625 2688 2698 2835 2924 2925 3000 3062 3158 3238 3320 3400 3402 3461 3462 3628 3739 3740 3825 3885 4003 4093 4185 4275 4277 4334 4335 4521 4654 4655 4750 4808 4948 5048 5150 5250 5252 5308 5459 5514 5669 5670 
S 4: 0 | 0 3 5 12 14 19 34 43 44 52 65 77 117 119 133 149 150 187 208 228 250 273 275 297 375 377 403 431 432 463 558 560 592 626 627 664 777 779 817 857 858 943 988 1034 1078 1123 1127 1173 1323 1325 1375 1428 1430 1480 1831 2015 2143 2209 2210 2275 2345 2408 2553 2555 2617 2625 2688 2698 2835 2924 2925 3000 3062 3158 3238 3320 3400 3402 3461 3462 3628 3739 3740 3825 3885 4003 4093 4185 4275 4277 4334 4335 4521 4654 4655 4750 4808 4948 5048 5150 5250 5252 5308 5459 5514 5669 5670 
S 5: 0 | 0 3 5 12 14 19 34 43 44 52 65 77 117 119 133 149 150 187 208 228 250 273 275 297 375 377 403 431 432 463 558 560 592 626 627 664 777 779 817 857 858 943 988 1034 1078 1123 1127 1173 1323 1325 1375 1428 1430 1480 1831 2015 2143 2209 2210 2275 2345 2408 2553 2555 2617 2625 2688 2698 2835 2924 2925 3000 3062 3158 3238 3320 3400 3402 3461 3462 3628 3739 3740 3825 3885 4003 4093 4185 4275 4277 4334 4335 4521 4654 4655 4750 4808 4948 5048 5150 5250 5252 5308 5459 5514 5669 5670 
S 6: 0 | 0 3 5 12 14 19 34 43 44 52 65 77 117 119 133 149 150 187 208 228 250 273 275 297 375 377 403 431 432 463 558 560 592 626 627 664 777 779 817 857 858 943 988 1034 1078 1123 1127 1173 1323 1325 1375 1428 1430 1480 1831 2015 2143 2209 2210 2275 2345 2408 2553 2555 2617 2625 2688 2698 2835 2924 2925 3000 3062 3158 3238 3320 3400 3402 3461 3462 3628 3739 3740 3825 3885 4003 4093 4185 4275 4277 4334 4335 4521 4654 4655 4750 4808 4948 5048 5150 5250 5252 5308 5459 5514 5669 5670 
S 7: 0 | 0 3 5 12 14 19 34 43 44 52 65 77 117 119 133 149 150 187 208 228 250 273 275 297 375 377 403 431 432 463 558 560 592 626 627 664 777 779 817 857 858 943 988 1034 1078 1123 1127 1173 1323 1325 1375 1428 1430 1480 1831 2015 2143 2209 2210 2275 2345 2408 2553 2555 2617 2625 2688 2698 2835 2924 2925 3000 3062 3158 3238 3320 3400 3402 3461 3462 3628 3739 3740 3825 3885 4003 4093 4185 4275 4277 4334 4335 4521 4654 4655 4750 4808 4948 5048 5150 5250 5252 5308 5459 5514 5669 5670 
S 8: 0 | 0 3 5 12 14 19 34 43 44 52 65 77 117 119 133 149 150 187 208 228 250 273 275 297 375 377 403 431 432 463 558 560 592 626 627 664 777 779 817 857 858 943 988 1034 1078 1123 1127 1173 1323 1325 1375 1428 1430 1480 1831 2015 2143 2209 2210 2275 2345 2408 2553 2555 2617 2625 2688 2698 2835 2924 2925 3000 3062 3158 3238 3320 3400 3402 3461 3462 3628 3739 3740 3825 3885 4003 4093 4185 4275 4277 4334 4335 4521 4654 4655 4750 4808 4948 5048 5150 5250 5252 5308 5459 5514 5669 5670 
S 9: 0 | 0 3 5 12 14 19 34 43 44 52 65 77 117 119 133 149 150 187 208 228 250 273 275 297 375 377 403 431 432 463 558 560 592 626 627 664 777 779 817 857 858 943 988 1034 1078 1123 1127 1173 1323 1325 1375 1428 1430 1480 1831 2015 2143 2209 2210 2275 2345 2408 2553 2555 2617 2625 2688 2698 2835 2924 2925 3000 3062 3158 3238 3320 3400 3402 3461 3462 3628 3739 3740 3825 3885 4003 4093 4185 4275 4277 4334 4335 4521 4654 4655 4750 4808 4948 5048 5150 5250 5252 5308 5459 5514 5669 5670 
S 10: 0 | 0 3 5 12 14 19 34 43 44 52 65 77 117 119 133 149 150 187 208 228 250 273 275 297 375 377 403 431 432 463 558 560 592 626 627 664 777 779 817 857 858 943 988 1034 1078 1123 1127 1173 1323 1325 1375 1428 1430 1480 1831 2015 2143 2209 2210 2275 2345 2408 2553 2555 2617 2625 2688 2698 2835 2924 2925 3000 3062 3158 3238 3320 3400 3402 3461 3462 3628 3739 3740 3825 3885 4003 4093 4185 4275 4277 4334 4335 4521 4654 4655 4750 4808 4948 5048 5150 5250 5252 5308 5459 5514 5669 5670 
S 11: 0 | 0 3 5 12 14 19 34 43 44 52 65 77 117 119 133 149 150 187 208 228 250 273 275 297 375 377 403 431 432 463 558 560 592 626 627 664 777 779 817 857 858 943 988 1034 1078 1123 1127 1173 1323 1325 1375 1428 1430 1480 1831 2015 2143 2209 2210 2275 2345 2408 2553 2555 2617 2625 2688 2698 2835 2924 2925 3000 3062 3158 3238 3320 3400 3402 3461 3462 3628 3739 3740 3825 3885 4003 4093 4185 4275 4277 4334 4335 4521 4654 4655 4750 4808 4948 5048 5150 5250 5252 5308 5459 5514 5669 5670 
S 12: 0 | 0 3 5 12 14 19 34 43 44 52 65 77 117 119 133 149 150 187 208 228 250 273 275 297 375 377 403 431 432 463 558 560 592 626 627 664 777 779 817 857 858 943 988 1034 1078 1123 1127 1173 1323 1325 1375 1428 1430 1480 1831 2015 2143 2209 2210 2275 2345 2408 2553 2555 2617 2625 2688 2698 2835 2924 2925 3000 3062 3158 3238 3320 3400 3402 3461 3462 3628 3739 3740 3825 3885 4003 4093 4185 4275 4277 4334 4335 4521 4654 4655 4750 4808 4948 5048 5150 5250 5252 5308 5459 5514 5669 5670 
S 13: 0 | 0 3 5 12 14 19 34 43 44 52 65 77 117 119 133 149 150 187 208 228 250 273 275 297 375 377 403 431 432 463 558 560 592 626 627 664 777 779 817 857 858 943 988 1034 1078 1123 1127 1173 1323 1325 1375 1428 1430 1480 1831 2015 2143 2209 2210 2275 2345 2408 2553 2555 2617 2625 2688 2698 2835 2924 2925 3000 3062 3158 3238 3320 3400 3402 3461 3462 3628 3739 3740 3825 3885 4003 4093 4185 4275 4277 4334 4335 4521 4654 4655 4750 4808 4948 5048 5150 5250 5252 5308 5459 5514 5669 5670 
S 14: 0 | 0 3 5 12 14 19 34 43 44 52 65 77 117 119 133 149 150 187 208 228 250 273 275 297 375 377 403 431 432 463 558 560 592 626 627 664 777 779 817 857 858 943 988 1034 1078 1123 1127 1173 1323 1325 1375 1428 1430 1480 1831 2015 2143 2209 2210 2275 2345 2408 2553 2555 2617 2625 2688 2698 2835 2924 2925 3000 3062 3158 3238 3320 3400 3402 3461 3462 3628 3739 3740 3825 3885 4003 4093 4185 4275 4277 4334 4335 4521 4654 4655 4750 4808 4948 5048 5150 5250 5252 5308 5459 5514 5669 5670 
S 15: 0 | 0 3 5 12 14 19 34 43 44 52 65 77 117 119 133 149 150 187 208 228 250 273 275 297 375 377 403 431 432 463 558 560 592 626 627 664 777 779 817 857 858 943 988 1034 1078 1123 1127 1173 1323 1325 1375 1428 1430 1480 1831 2015 2143 2209 2210 2275 2345 2408 2553 2555 2617 2625 2688 2698 2835 2924 2925 3000 3062 3158 3238 3320 3400 3402 3461 3462 3628 3739 3740 3825 3885 4003 4093 4185 4275 4277 4334 4335 4521 4654 4655 4750 4808 4948 5048 5150 5250 5252 5308 5459 5514 5669 5670 
S 16: 0 | 0 3 5 12 14 19 34 43 44 52 65 77 117 119 133 149 150 187 208 228 250 273 275 297 375 377 403 431 432 463 558 560 592 626 627 664 777 779 817 857 858 943 988 1034 1078 1123 1127 1173 1323 1325 1375 1428 1430 1480 1831 2015 2143 2209 2210 2275 2345 2408 2553 2555 2617 2625 2688 2698 2835 2924 2925 3000 3062 3158 3238 3320 3400 3402 3461 3462 3628 3739 3740 3825 3885 4003 4093 4185 4275 4277 4334 4335 4521 4654 4655 4750 4808 4948 5048 5150 5250 5252 5308 5459 5514 5669 5670 
S 17: 0 | 0 3 5 12 14 19 34 43 44 52 65 77 117 119 133 149 150 187 208 228 250 273 275 297 375 377 403 431 432 463 558 560 592 626 627 664 777 779 817 857 858 943 988 1034 1078 1123 1127 1173 1323 1325 1375 1428 1430 1480 1831 2015 2143 2209 2210 2275 2345 2408 2553 2555 2617 2625 2688 2698 2835 2924 2925 3000 3062 3158 3238 3320 3400 3402 3461 3462 3628 3739 3740 3825 3885 4003 4093 4185 4275 4277 4334 4335 4521 4654 4655 4750 4808 4948 5048 5150 5250 5252 5308 5459 5514 5669 5670 
S 18: 0 | 0 3 5 12 14 19 34 43 44 52 65 77 117 119 133 149 150 187 208 228 250 273 275 297 375 377 403 431 432 463 558 560 592 626 627 664 777 779 817 857 858 943 988 1034 1078 1123 1127 1173 1323 1325 1375 1428 1430 1480 1831 2015 2143 2209 2210 2275 2345 2408 2553 2555 2617 2625 2688 2698 2835 2924 2925 3000 3062 3158 3238 3320 3400 3402 3461 3462 3628 3739 3740 3825 3885 4003 4093 4185 4275 4277 4334 4335 4521 4654 4655 4750 4808 4948 5048 5150 5250 5252 5308 5459 5514 5669 5670 
S 19: 0 | 0 3 5 12 14 19 34 43 44 52 65 77 117 119 133 149 150 187 208 228 250 273 275 297 375 377 403 431 432 463 558 560 592 626 627 664 777 779 817 857 858 943 988 1034 1078 1123 1127 1173 1323 1325 1375 1428 1430 1480 1831 2015 2143 2209 2210 2275 2345 2408 2553 2555 2617 2625 2688 2698 2835 2924 2925 3000 3062 3158 3238 3320 3400 3402 3461 3462 3628 3739 3740 3825 3885 4003 4093 4185 4275 4277 4334 4335 4521 4654 4655 4750 4808 4948 5048 5150 5250 5252 5308 5459 5514 5669 5670 
ALL EQUAL

Final time = 52146
Final solution cost = 45027
