Reading instance small_stp_instances/pr107_5_05.stp of type D
Finished instance reading
Number of vertices = 107
Number of edges (resources) = 5671
Number of scenarios = 5
Average number of terminals per scenario = 107
Probabilities of Scenarios: (0) 0.25 | (1) 0.05 | (2) 0.3 | (3) 0.32 | (4) 0.08 | 
Average weighted inflation = 0.24865
Largest inflation = 0.499941
MAX_ITERATIONS_SINCE_LAST_IMPROVEMENT 2
MAX_ITERATIONS_SINCE_BEST_SOLUTION 3
Creating solution instance.
Starting Evolutive Framework.
Local search solution cost = 45542.3
Local search time = 8813.73
8813.73 local search - EF main loop cycle 0 solution cost 45542.3
8813.74s Cost of SP solution after second stage solver 45542.3
Local search solution cost = 45406
Local search time = 73.5214
8887.26 local search - EF main loop cycle 1 solution cost 45406
8887.27s Cost of SP solution after second stage solver 45406
Local search solution cost = 45406
Local search time = 73.3841
8960.65 local search - EF main loop cycle 2 solution cost 45406
8960.66s Cost of SP solution after second stage solver 45406
Local search solution cost = 45406
Local search time = 73.3747
9034.03 local search - EF main loop cycle 3 solution cost 45406
9034.04s Cost of SP solution after second stage solver 45406
Number of cycles 4
Time for each cycle 2258.51
9034.05s Cost of SP solution after tail step 45406
SELECTED RESOURCES:
1 3 7 12 14 18 34 43 44 62 65 76 90 119 133 150 152 168 228 230 250 272 273 322 375 377 403 430 434 461 495 560 592 627 629 663 777 779 817 857 858 943 988 1034 1078 1123 1127 1173 1323 1325 1375 1428 1430 1480 1831 2015 2143 2209 2210 2275 2345 2408 2553 2555 2617 2625 2688 2698 2835 2924 2925 3000 3062 3158 3238 3320 3400 3402 3461 3462 3628 3739 3740 3825 3885 3915 4062 4184 4185 4275 4334 4370 4521 4654 4655 4750 4808 4948 5005 5148 5250 5252 5307 5456 5563 5669 5670 
SCENARIO'S RESOURCES:
S 0: 0 | 1 3 7 12 14 18 34 43 44 62 65 76 90 119 133 150 152 168 228 230 250 272 273 322 375 377 403 430 434 461 495 560 592 627 629 663 777 779 817 857 858 943 988 1034 1078 1123 1127 1173 1323 1325 1375 1428 1430 1480 1831 2015 2143 2209 2210 2275 2345 2408 2553 2555 2617 2625 2688 2698 2835 2924 2925 3000 3062 3158 3238 3320 3400 3402 3461 3462 3628 3739 3740 3825 3885 3915 4062 4184 4185 4275 4334 4370 4521 4654 4655 4750 4808 4948 5005 5148 5250 5252 5307 5456 5563 5669 5670 
S 1: 0 | 1 3 7 12 14 18 34 43 44 62 65 76 90 119 133 150 152 168 228 230 250 272 273 322 375 377 403 430 434 461 495 560 592 627 629 663 777 779 817 857 858 943 988 1034 1078 1123 1127 1173 1323 1325 1375 1428 1430 1480 1831 2015 2143 2209 2210 2275 2345 2408 2553 2555 2617 2625 2688 2698 2835 2924 2925 3000 3062 3158 3238 3320 3400 3402 3461 3462 3628 3739 3740 3825 3885 3915 4062 4184 4185 4275 4334 4370 4521 4654 4655 4750 4808 4948 5005 5148 5250 5252 5307 5456 5563 5669 5670 
S 2: 0 | 1 3 7 12 14 18 34 43 44 62 65 76 90 119 133 150 152 168 228 230 250 272 273 322 375 377 403 430 434 461 495 560 592 627 629 663 777 779 817 857 858 943 988 1034 1078 1123 1127 1173 1323 1325 1375 1428 1430 1480 1831 2015 2143 2209 2210 2275 2345 2408 2553 2555 2617 2625 2688 2698 2835 2924 2925 3000 3062 3158 3238 3320 3400 3402 3461 3462 3628 3739 3740 3825 3885 3915 4062 4184 4185 4275 4334 4370 4521 4654 4655 4750 4808 4948 5005 5148 5250 5252 5307 5456 5563 5669 5670 
S 3: 0 | 1 3 7 12 14 18 34 43 44 62 65 76 90 119 133 150 152 168 228 230 250 272 273 322 375 377 403 430 434 461 495 560 592 627 629 663 777 779 817 857 858 943 988 1034 1078 1123 1127 1173 1323 1325 1375 1428 1430 1480 1831 2015 2143 2209 2210 2275 2345 2408 2553 2555 2617 2625 2688 2698 2835 2924 2925 3000 3062 3158 3238 3320 3400 3402 3461 3462 3628 3739 3740 3825 3885 3915 4062 4184 4185 4275 4334 4370 4521 4654 4655 4750 4808 4948 5005 5148 5250 5252 5307 5456 5563 5669 5670 
S 4: 0 | 1 3 7 12 14 18 34 43 44 62 65 76 90 119 133 150 152 168 228 230 250 272 273 322 375 377 403 430 434 461 495 560 592 627 629 663 777 779 817 857 858 943 988 1034 1078 1123 1127 1173 1323 1325 1375 1428 1430 1480 1831 2015 2143 2209 2210 2275 2345 2408 2553 2555 2617 2625 2688 2698 2835 2924 2925 3000 3062 3158 3238 3320 3400 3402 3461 3462 3628 3739 3740 3825 3885 3915 4062 4184 4185 4275 4334 4370 4521 4654 4655 4750 4808 4948 5005 5148 5250 5252 5307 5456 5563 5669 5670 
ALL EQUAL

Final time = 9034.06
Final solution cost = 45406
