Reading instance small_stp_instances/pr107_20_10.stp of type D
Finished instance reading
Number of vertices = 107
Number of edges (resources) = 5671
Number of scenarios = 20
Average number of terminals per scenario = 107
Probabilities of Scenarios: (0) 0.08 | (1) 0.07 | (2) 0.09 | (3) 0.07 | (4) 0.06 | (5) 0.07 | (6) 0.06 | (7) 0.13 | (8) 0.02 | (9) 0.07 | (10) 0.09 | (11) 0.04 | (12) 0.01 | (13) 0 | (14) 0.04 | (15) 0.01 | (16) 0 | (17) 0.02 | (18) 0 | (19) 0.07 | 
Average weighted inflation = 0.500265
Largest inflation = 0.999885
MAX_ITERATIONS_SINCE_LAST_IMPROVEMENT 2
MAX_ITERATIONS_SINCE_BEST_SOLUTION 3
Creating solution instance.
Starting Evolutive Framework.
Local search solution cost = 47673.8
Local search time = 27231.9
27231.9 local search - EF main loop cycle 0 solution cost 47673.8
27232s Cost of SP solution after second stage solver 47673.8
Local search solution cost = 47086
Local search time = 316.177
27548.2 local search - EF main loop cycle 1 solution cost 47086
27548.2s Cost of SP solution after second stage solver 47086
Local search solution cost = 47086
Local search time = 305.898
27854.1 local search - EF main loop cycle 2 solution cost 47086
27854.2s Cost of SP solution after second stage solver 47086
Local search solution cost = 47086
Local search time = 306.164
28160.3 local search - EF main loop cycle 3 solution cost 47086
28160.4s Cost of SP solution after second stage solver 47086
Number of cycles 4
Time for each cycle 7040.09
28160.4s Cost of SP solution after tail step 47086
SELECTED RESOURCES:
0 3 5 12 14 19 34 43 44 62 65 76 117 119 133 149 150 169 189 230 250 273 275 297 375 377 403 431 432 463 527 558 560 592 629 665 777 779 817 857 858 901 1032 1034 1078 1125 1171 1223 1323 1325 1375 1428 1430 1477 1769 1831 2015 2079 2142 2210 2275 2345 2407 2412 2553 2555 2616 2626 2688 2848 2924 2925 3000 3062 3158 3238 3320 3400 3402 3461 3653 3739 3740 3825 3885 4003 4093 4185 4275 4277 4334 4335 4521 4654 4655 4750 4808 4850 5005 5149 5150 5250 5307 5458 5563 5669 5670 
SCENARIO'S RESOURCES:
S 0: 0 | 0 3 5 12 14 19 34 43 44 62 65 76 117 119 133 149 150 169 189 230 250 273 275 297 375 377 403 431 432 463 527 558 560 592 629 665 777 779 817 857 858 901 1032 1034 1078 1125 1171 1223 1323 1325 1375 1428 1430 1477 1769 1831 2015 2079 2142 2210 2275 2345 2407 2412 2553 2555 2616 2626 2688 2848 2924 2925 3000 3062 3158 3238 3320 3400 3402 3461 3653 3739 3740 3825 3885 4003 4093 4185 4275 4277 4334 4335 4521 4654 4655 4750 4808 4850 5005 5149 5150 5250 5307 5458 5563 5669 5670 
S 1: 0 | 0 3 5 12 14 19 34 43 44 62 65 76 117 119 133 149 150 169 189 230 250 273 275 297 375 377 403 431 432 463 527 558 560 592 629 665 777 779 817 857 858 901 1032 1034 1078 1125 1171 1223 1323 1325 1375 1428 1430 1477 1769 1831 2015 2079 2142 2210 2275 2345 2407 2412 2553 2555 2616 2626 2688 2848 2924 2925 3000 3062 3158 3238 3320 3400 3402 3461 3653 3739 3740 3825 3885 4003 4093 4185 4275 4277 4334 4335 4521 4654 4655 4750 4808 4850 5005 5149 5150 5250 5307 5458 5563 5669 5670 
S 2: 0 | 0 3 5 12 14 19 34 43 44 62 65 76 117 119 133 149 150 169 189 230 250 273 275 297 375 377 403 431 432 463 527 558 560 592 629 665 777 779 817 857 858 901 1032 1034 1078 1125 1171 1223 1323 1325 1375 1428 1430 1477 1769 1831 2015 2079 2142 2210 2275 2345 2407 2412 2553 2555 2616 2626 2688 2848 2924 2925 3000 3062 3158 3238 3320 3400 3402 3461 3653 3739 3740 3825 3885 4003 4093 4185 4275 4277 4334 4335 4521 4654 4655 4750 4808 4850 5005 5149 5150 5250 5307 5458 5563 5669 5670 
S 3: 0 | 0 3 5 12 14 19 34 43 44 62 65 76 117 119 133 149 150 169 189 230 250 273 275 297 375 377 403 431 432 463 527 558 560 592 629 665 777 779 817 857 858 901 1032 1034 1078 1125 1171 1223 1323 1325 1375 1428 1430 1477 1769 1831 2015 2079 2142 2210 2275 2345 2407 2412 2553 2555 2616 2626 2688 2848 2924 2925 3000 3062 3158 3238 3320 3400 3402 3461 3653 3739 3740 3825 3885 4003 4093 4185 4275 4277 4334 4335 4521 4654 4655 4750 4808 4850 5005 5149 5150 5250 5307 5458 5563 5669 5670 
S 4: 0 | 0 3 5 12 14 19 34 43 44 62 65 76 117 119 133 149 150 169 189 230 250 273 275 297 375 377 403 431 432 463 527 558 560 592 629 665 777 779 817 857 858 901 1032 1034 1078 1125 1171 1223 1323 1325 1375 1428 1430 1477 1769 1831 2015 2079 2142 2210 2275 2345 2407 2412 2553 2555 2616 2626 2688 2848 2924 2925 3000 3062 3158 3238 3320 3400 3402 3461 3653 3739 3740 3825 3885 4003 4093 4185 4275 4277 4334 4335 4521 4654 4655 4750 4808 4850 5005 5149 5150 5250 5307 5458 5563 5669 5670 
S 5: 0 | 0 3 5 12 14 19 34 43 44 62 65 76 117 119 133 149 150 169 189 230 250 273 275 297 375 377 403 431 432 463 527 558 560 592 629 665 777 779 817 857 858 901 1032 1034 1078 1125 1171 1223 1323 1325 1375 1428 1430 1477 1769 1831 2015 2079 2142 2210 2275 2345 2407 2412 2553 2555 2616 2626 2688 2848 2924 2925 3000 3062 3158 3238 3320 3400 3402 3461 3653 3739 3740 3825 3885 4003 4093 4185 4275 4277 4334 4335 4521 4654 4655 4750 4808 4850 5005 5149 5150 5250 5307 5458 5563 5669 5670 
S 6: 0 | 0 3 5 12 14 19 34 43 44 62 65 76 117 119 133 149 150 169 189 230 250 273 275 297 375 377 403 431 432 463 527 558 560 592 629 665 777 779 817 857 858 901 1032 1034 1078 1125 1171 1223 1323 1325 1375 1428 1430 1477 1769 1831 2015 2079 2142 2210 2275 2345 2407 2412 2553 2555 2616 2626 2688 2848 2924 2925 3000 3062 3158 3238 3320 3400 3402 3461 3653 3739 3740 3825 3885 4003 4093 4185 4275 4277 4334 4335 4521 4654 4655 4750 4808 4850 5005 5149 5150 5250 5307 5458 5563 5669 5670 
S 7: 0 | 0 3 5 12 14 19 34 43 44 62 65 76 117 119 133 149 150 169 189 230 250 273 275 297 375 377 403 431 432 463 527 558 560 592 629 665 777 779 817 857 858 901 1032 1034 1078 1125 1171 1223 1323 1325 1375 1428 1430 1477 1769 1831 2015 2079 2142 2210 2275 2345 2407 2412 2553 2555 2616 2626 2688 2848 2924 2925 3000 3062 3158 3238 3320 3400 3402 3461 3653 3739 3740 3825 3885 4003 4093 4185 4275 4277 4334 4335 4521 4654 4655 4750 4808 4850 5005 5149 5150 5250 5307 5458 5563 5669 5670 
S 8: 0 | 0 3 5 12 14 19 34 43 44 62 65 76 117 119 133 149 150 169 189 230 250 273 275 297 375 377 403 431 432 463 527 558 560 592 629 665 777 779 817 857 858 901 1032 1034 1078 1125 1171 1223 1323 1325 1375 1428 1430 1477 1769 1831 2015 2079 2142 2210 2275 2345 2407 2412 2553 2555 2616 2626 2688 2848 2924 2925 3000 3062 3158 3238 3320 3400 3402 3461 3653 3739 3740 3825 3885 4003 4093 4185 4275 4277 4334 4335 4521 4654 4655 4750 4808 4850 5005 5149 5150 5250 5307 5458 5563 5669 5670 
S 9: 0 | 0 3 5 12 14 19 34 43 44 62 65 76 117 119 133 149 150 169 189 230 250 273 275 297 375 377 403 431 432 463 527 558 560 592 629 665 777 779 817 857 858 901 1032 1034 1078 1125 1171 1223 1323 1325 1375 1428 1430 1477 1769 1831 2015 2079 2142 2210 2275 2345 2407 2412 2553 2555 2616 2626 2688 2848 2924 2925 3000 3062 3158 3238 3320 3400 3402 3461 3653 3739 3740 3825 3885 4003 4093 4185 4275 4277 4334 4335 4521 4654 4655 4750 4808 4850 5005 5149 5150 5250 5307 5458 5563 5669 5670 
S 10: 0 | 0 3 5 12 14 19 34 43 44 62 65 76 117 119 133 149 150 169 189 230 250 273 275 297 375 377 403 431 432 463 527 558 560 592 629 665 777 779 817 857 858 901 1032 1034 1078 1125 1171 1223 1323 1325 1375 1428 1430 1477 1769 1831 2015 2079 2142 2210 2275 2345 2407 2412 2553 2555 2616 2626 2688 2848 2924 2925 3000 3062 3158 3238 3320 3400 3402 3461 3653 3739 3740 3825 3885 4003 4093 4185 4275 4277 4334 4335 4521 4654 4655 4750 4808 4850 5005 5149 5150 5250 5307 5458 5563 5669 5670 
S 11: 0 | 0 3 5 12 14 19 34 43 44 62 65 76 117 119 133 149 150 169 189 230 250 273 275 297 375 377 403 431 432 463 527 558 560 592 629 665 777 779 817 857 858 901 1032 1034 1078 1125 1171 1223 1323 1325 1375 1428 1430 1477 1769 1831 2015 2079 2142 2210 2275 2345 2407 2412 2553 2555 2616 2626 2688 2848 2924 2925 3000 3062 3158 3238 3320 3400 3402 3461 3653 3739 3740 3825 3885 4003 4093 4185 4275 4277 4334 4335 4521 4654 4655 4750 4808 4850 5005 5149 5150 5250 5307 5458 5563 5669 5670 
S 12: 0 | 0 3 5 12 14 19 34 43 44 62 65 76 117 119 133 149 150 169 189 230 250 273 275 297 375 377 403 431 432 463 527 558 560 592 629 665 777 779 817 857 858 901 1032 1034 1078 1125 1171 1223 1323 1325 1375 1428 1430 1477 1769 1831 2015 2079 2142 2210 2275 2345 2407 2412 2553 2555 2616 2626 2688 2848 2924 2925 3000 3062 3158 3238 3320 3400 3402 3461 3653 3739 3740 3825 3885 4003 4093 4185 4275 4277 4334 4335 4521 4654 4655 4750 4808 4850 5005 5149 5150 5250 5307 5458 5563 5669 5670 
S 13: 0 | 0 3 5 12 14 19 34 43 44 62 65 76 117 119 133 149 150 169 189 230 250 273 275 297 375 377 403 431 432 463 527 558 560 592 629 665 777 779 817 857 858 901 1032 1034 1078 1125 1171 1223 1323 1325 1375 1428 1430 1477 1769 1831 2015 2079 2142 2210 2275 2345 2407 2412 2553 2555 2616 2626 2688 2848 2924 2925 3000 3062 3158 3238 3320 3400 3402 3461 3653 3739 3740 3825 3885 4003 4093 4185 4275 4277 4334 4335 4521 4654 4655 4750 4808 4850 5005 5149 5150 5250 5307 5458 5563 5669 5670 
S 14: 0 | 0 3 5 12 14 19 34 43 44 62 65 76 117 119 133 149 150 169 189 230 250 273 275 297 375 377 403 431 432 463 527 558 560 592 629 665 777 779 817 857 858 901 1032 1034 1078 1125 1171 1223 1323 1325 1375 1428 1430 1477 1769 1831 2015 2079 2142 2210 2275 2345 2407 2412 2553 2555 2616 2626 2688 2848 2924 2925 3000 3062 3158 3238 3320 3400 3402 3461 3653 3739 3740 3825 3885 4003 4093 4185 4275 4277 4334 4335 4521 4654 4655 4750 4808 4850 5005 5149 5150 5250 5307 5458 5563 5669 5670 
S 15: 0 | 0 3 5 12 14 19 34 43 44 62 65 76 117 119 133 149 150 169 189 230 250 273 275 297 375 377 403 431 432 463 527 558 560 592 629 665 777 779 817 857 858 901 1032 1034 1078 1125 1171 1223 1323 1325 1375 1428 1430 1477 1769 1831 2015 2079 2142 2210 2275 2345 2407 2412 2553 2555 2616 2626 2688 2848 2924 2925 3000 3062 3158 3238 3320 3400 3402 3461 3653 3739 3740 3825 3885 4003 4093 4185 4275 4277 4334 4335 4521 4654 4655 4750 4808 4850 5005 5149 5150 5250 5307 5458 5563 5669 5670 
S 16: 0 | 0 3 5 12 14 19 34 43 44 62 65 76 117 119 133 149 150 169 189 230 250 273 275 297 375 377 403 431 432 463 527 558 560 592 629 665 777 779 817 857 858 901 1032 1034 1078 1125 1171 1223 1323 1325 1375 1428 1430 1477 1769 1831 2015 2079 2142 2210 2275 2345 2407 2412 2553 2555 2616 2626 2688 2848 2924 2925 3000 3062 3158 3238 3320 3400 3402 3461 3653 3739 3740 3825 3885 4003 4093 4185 4275 4277 4334 4335 4521 4654 4655 4750 4808 4850 5005 5149 5150 5250 5307 5458 5563 5669 5670 
S 17: 0 | 0 3 5 12 14 19 34 43 44 62 65 76 117 119 133 149 150 169 189 230 250 273 275 297 375 377 403 431 432 463 527 558 560 592 629 665 777 779 817 857 858 901 1032 1034 1078 1125 1171 1223 1323 1325 1375 1428 1430 1477 1769 1831 2015 2079 2142 2210 2275 2345 2407 2412 2553 2555 2616 2626 2688 2848 2924 2925 3000 3062 3158 3238 3320 3400 3402 3461 3653 3739 3740 3825 3885 4003 4093 4185 4275 4277 4334 4335 4521 4654 4655 4750 4808 4850 5005 5149 5150 5250 5307 5458 5563 5669 5670 
S 18: 0 | 0 3 5 12 14 19 34 43 44 62 65 76 117 119 133 149 150 169 189 230 250 273 275 297 375 377 403 431 432 463 527 558 560 592 629 665 777 779 817 857 858 901 1032 1034 1078 1125 1171 1223 1323 1325 1375 1428 1430 1477 1769 1831 2015 2079 2142 2210 2275 2345 2407 2412 2553 2555 2616 2626 2688 2848 2924 2925 3000 3062 3158 3238 3320 3400 3402 3461 3653 3739 3740 3825 3885 4003 4093 4185 4275 4277 4334 4335 4521 4654 4655 4750 4808 4850 5005 5149 5150 5250 5307 5458 5563 5669 5670 
S 19: 0 | 0 3 5 12 14 19 34 43 44 62 65 76 117 119 133 149 150 169 189 230 250 273 275 297 375 377 403 431 432 463 527 558 560 592 629 665 777 779 817 857 858 901 1032 1034 1078 1125 1171 1223 1323 1325 1375 1428 1430 1477 1769 1831 2015 2079 2142 2210 2275 2345 2407 2412 2553 2555 2616 2626 2688 2848 2924 2925 3000 3062 3158 3238 3320 3400 3402 3461 3653 3739 3740 3825 3885 4003 4093 4185 4275 4277 4334 4335 4521 4654 4655 4750 4808 4850 5005 5149 5150 5250 5307 5458 5563 5669 5670 
ALL EQUAL

Final time = 28160.4
Final solution cost = 47086
