Reading instance small_stp_instances/pr107_10_03.stp of type D
Finished instance reading
Number of vertices = 107
Number of edges (resources) = 5671
Number of scenarios = 10
Average number of terminals per scenario = 107
Probabilities of Scenarios: (0) 0.23 | (1) 0.03 | (2) 0.04 | (3) 0.1 | (4) 0.2 | (5) 0.05 | (6) 0.12 | (7) 0.19 | (8) 0.03 | (9) 0.01 | 
Average weighted inflation = 0.148911
Largest inflation = 0.299915
MAX_ITERATIONS_SINCE_LAST_IMPROVEMENT 2
MAX_ITERATIONS_SINCE_BEST_SOLUTION 3
Creating solution instance.
Starting Evolutive Framework.
Local search solution cost = 45101.6
Local search time = 19101.9
19101.9 local search - EF main loop cycle 0 solution cost 45101.6
19102s Cost of SP solution after second stage solver 45101.6
Local search solution cost = 44956
Local search time = 145.387
19247.4 local search - EF main loop cycle 1 solution cost 44956
19247.4s Cost of SP solution after second stage solver 44956
Local search solution cost = 44956
Local search time = 144.807
19392.2 local search - EF main loop cycle 2 solution cost 44956
19392.2s Cost of SP solution after second stage solver 44956
Local search solution cost = 44956
Local search time = 144.708
19536.9 local search - EF main loop cycle 3 solution cost 44956
19536.9s Cost of SP solution after second stage solver 44956
Number of cycles 4
Time for each cycle 4884.23
19536.9s Cost of SP solution after tail step 44956
SELECTED RESOURCES:
1 3 7 12 14 24 34 42 54 62 65 86 103 117 133 150 152 168 228 230 250 272 273 322 349 375 403 432 434 462 558 560 592 626 627 700 777 779 817 856 860 941 1032 1034 1078 1123 1127 1172 1323 1325 1375 1428 1430 1480 1831 2015 2143 2209 2210 2275 2345 2408 2553 2555 2617 2625 2688 2698 2835 2924 2925 3000 3062 3158 3238 3320 3400 3402 3461 3462 3628 3739 3740 3825 3885 4003 4093 4185 4275 4277 4334 4335 4521 4654 4655 4750 4808 4948 5005 5148 5250 5252 5353 5459 5514 5669 5670 
SCENARIO'S RESOURCES:
S 0: 0 | 1 3 7 12 14 24 34 42 54 62 65 86 103 117 133 150 152 168 228 230 250 272 273 322 349 375 403 432 434 462 558 560 592 626 627 700 777 779 817 856 860 941 1032 1034 1078 1123 1127 1172 1323 1325 1375 1428 1430 1480 1831 2015 2143 2209 2210 2275 2345 2408 2553 2555 2617 2625 2688 2698 2835 2924 2925 3000 3062 3158 3238 3320 3400 3402 3461 3462 3628 3739 3740 3825 3885 4003 4093 4185 4275 4277 4334 4335 4521 4654 4655 4750 4808 4948 5005 5148 5250 5252 5353 5459 5514 5669 5670 
S 1: 0 | 1 3 7 12 14 24 34 42 54 62 65 86 103 117 133 150 152 168 228 230 250 272 273 322 349 375 403 432 434 462 558 560 592 626 627 700 777 779 817 856 860 941 1032 1034 1078 1123 1127 1172 1323 1325 1375 1428 1430 1480 1831 2015 2143 2209 2210 2275 2345 2408 2553 2555 2617 2625 2688 2698 2835 2924 2925 3000 3062 3158 3238 3320 3400 3402 3461 3462 3628 3739 3740 3825 3885 4003 4093 4185 4275 4277 4334 4335 4521 4654 4655 4750 4808 4948 5005 5148 5250 5252 5353 5459 5514 5669 5670 
S 2: 0 | 1 3 7 12 14 24 34 42 54 62 65 86 103 117 133 150 152 168 228 230 250 272 273 322 349 375 403 432 434 462 558 560 592 626 627 700 777 779 817 856 860 941 1032 1034 1078 1123 1127 1172 1323 1325 1375 1428 1430 1480 1831 2015 2143 2209 2210 2275 2345 2408 2553 2555 2617 2625 2688 2698 2835 2924 2925 3000 3062 3158 3238 3320 3400 3402 3461 3462 3628 3739 3740 3825 3885 4003 4093 4185 4275 4277 4334 4335 4521 4654 4655 4750 4808 4948 5005 5148 5250 5252 5353 5459 5514 5669 5670 
S 3: 0 | 1 3 7 12 14 24 34 42 54 62 65 86 103 117 133 150 152 168 228 230 250 272 273 322 349 375 403 432 434 462 558 560 592 626 627 700 777 779 817 856 860 941 1032 1034 1078 1123 1127 1172 1323 1325 1375 1428 1430 1480 1831 2015 2143 2209 2210 2275 2345 2408 2553 2555 2617 2625 2688 2698 2835 2924 2925 3000 3062 3158 3238 3320 3400 3402 3461 3462 3628 3739 3740 3825 3885 4003 4093 4185 4275 4277 4334 4335 4521 4654 4655 4750 4808 4948 5005 5148 5250 5252 5353 5459 5514 5669 5670 
S 4: 0 | 1 3 7 12 14 24 34 42 54 62 65 86 103 117 133 150 152 168 228 230 250 272 273 322 349 375 403 432 434 462 558 560 592 626 627 700 777 779 817 856 860 941 1032 1034 1078 1123 1127 1172 1323 1325 1375 1428 1430 1480 1831 2015 2143 2209 2210 2275 2345 2408 2553 2555 2617 2625 2688 2698 2835 2924 2925 3000 3062 3158 3238 3320 3400 3402 3461 3462 3628 3739 3740 3825 3885 4003 4093 4185 4275 4277 4334 4335 4521 4654 4655 4750 4808 4948 5005 5148 5250 5252 5353 5459 5514 5669 5670 
S 5: 0 | 1 3 7 12 14 24 34 42 54 62 65 86 103 117 133 150 152 168 228 230 250 272 273 322 349 375 403 432 434 462 558 560 592 626 627 700 777 779 817 856 860 941 1032 1034 1078 1123 1127 1172 1323 1325 1375 1428 1430 1480 1831 2015 2143 2209 2210 2275 2345 2408 2553 2555 2617 2625 2688 2698 2835 2924 2925 3000 3062 3158 3238 3320 3400 3402 3461 3462 3628 3739 3740 3825 3885 4003 4093 4185 4275 4277 4334 4335 4521 4654 4655 4750 4808 4948 5005 5148 5250 5252 5353 5459 5514 5669 5670 
S 6: 0 | 1 3 7 12 14 24 34 42 54 62 65 86 103 117 133 150 152 168 228 230 250 272 273 322 349 375 403 432 434 462 558 560 592 626 627 700 777 779 817 856 860 941 1032 1034 1078 1123 1127 1172 1323 1325 1375 1428 1430 1480 1831 2015 2143 2209 2210 2275 2345 2408 2553 2555 2617 2625 2688 2698 2835 2924 2925 3000 3062 3158 3238 3320 3400 3402 3461 3462 3628 3739 3740 3825 3885 4003 4093 4185 4275 4277 4334 4335 4521 4654 4655 4750 4808 4948 5005 5148 5250 5252 5353 5459 5514 5669 5670 
S 7: 0 | 1 3 7 12 14 24 34 42 54 62 65 86 103 117 133 150 152 168 228 230 250 272 273 322 349 375 403 432 434 462 558 560 592 626 627 700 777 779 817 856 860 941 1032 1034 1078 1123 1127 1172 1323 1325 1375 1428 1430 1480 1831 2015 2143 2209 2210 2275 2345 2408 2553 2555 2617 2625 2688 2698 2835 2924 2925 3000 3062 3158 3238 3320 3400 3402 3461 3462 3628 3739 3740 3825 3885 4003 4093 4185 4275 4277 4334 4335 4521 4654 4655 4750 4808 4948 5005 5148 5250 5252 5353 5459 5514 5669 5670 
S 8: 0 | 1 3 7 12 14 24 34 42 54 62 65 86 103 117 133 150 152 168 228 230 250 272 273 322 349 375 403 432 434 462 558 560 592 626 627 700 777 779 817 856 860 941 1032 1034 1078 1123 1127 1172 1323 1325 1375 1428 1430 1480 1831 2015 2143 2209 2210 2275 2345 2408 2553 2555 2617 2625 2688 2698 2835 2924 2925 3000 3062 3158 3238 3320 3400 3402 3461 3462 3628 3739 3740 3825 3885 4003 4093 4185 4275 4277 4334 4335 4521 4654 4655 4750 4808 4948 5005 5148 5250 5252 5353 5459 5514 5669 5670 
S 9: 0 | 1 3 7 12 14 24 34 42 54 62 65 86 103 117 133 150 152 168 228 230 250 272 273 322 349 375 403 432 434 462 558 560 592 626 627 700 777 779 817 856 860 941 1032 1034 1078 1123 1127 1172 1323 1325 1375 1428 1430 1480 1831 2015 2143 2209 2210 2275 2345 2408 2553 2555 2617 2625 2688 2698 2835 2924 2925 3000 3062 3158 3238 3320 3400 3402 3461 3462 3628 3739 3740 3825 3885 4003 4093 4185 4275 4277 4334 4335 4521 4654 4655 4750 4808 4948 5005 5148 5250 5252 5353 5459 5514 5669 5670 
ALL EQUAL

Final time = 19536.9
Final solution cost = 44956
