Reading instance small_stp_instances/pr107_20_03.stp of type D
Finished instance reading
Number of vertices = 107
Number of edges (resources) = 5671
Number of scenarios = 20
Average number of terminals per scenario = 107
Probabilities of Scenarios: (0) 0.01 | (1) 0.02 | (2) 0.05 | (3) 0.04 | (4) 0.03 | (5) 0.08 | (6) 0.06 | (7) 0 | (8) 0.04 | (9) 0.06 | (10) 0.06 | (11) 0 | (12) 0.08 | (13) 0.06 | (14) 0.06 | (15) 0.07 | (16) 0.08 | (17) 0.07 | (18) 0.08 | (19) 0.05 | 
Average weighted inflation = 0.149703
Largest inflation = 0.299964
MAX_ITERATIONS_SINCE_LAST_IMPROVEMENT 2
MAX_ITERATIONS_SINCE_BEST_SOLUTION 3
Creating solution instance.
Starting Evolutive Framework.
Local search solution cost = 44997.3
Local search time = 43104.1
43104.1 local search - EF main loop cycle 0 solution cost 44997.3
43104.2s Cost of SP solution after second stage solver 44997.3
Local search solution cost = 44817
Local search time = 289.361
43393.5 local search - EF main loop cycle 1 solution cost 44817
43393.6s Cost of SP solution after second stage solver 44817
Local search solution cost = 44817
Local search time = 288.981
43682.5 local search - EF main loop cycle 2 solution cost 44817
43682.6s Cost of SP solution after second stage solver 44817
Local search solution cost = 44817
Local search time = 288.988
43971.5 local search - EF main loop cycle 3 solution cost 44817
43971.6s Cost of SP solution after second stage solver 44817
Number of cycles 4
Time for each cycle 10992.9
43971.6s Cost of SP solution after tail step 44817
SELECTED RESOURCES:
1 3 7 12 14 24 27 34 44 54 65 77 117 119 133 149 150 187 208 228 250 273 275 297 375 377 403 431 432 493 526 558 592 627 629 663 777 779 817 857 858 943 988 1034 1078 1123 1127 1173 1323 1325 1375 1428 1430 1480 1831 2015 2143 2209 2210 2275 2345 2408 2553 2555 2617 2625 2688 2698 2835 2924 2925 3000 3062 3158 3238 3320 3400 3402 3461 3462 3628 3739 3740 3825 3885 4003 4093 4185 4275 4277 4334 4335 4521 4654 4655 4750 4808 4948 5005 5148 5250 5252 5353 5459 5514 5669 5670 
SCENARIO'S RESOURCES:
S 0: 0 | 1 3 7 12 14 24 27 34 44 54 65 77 117 119 133 149 150 187 208 228 250 273 275 297 375 377 403 431 432 493 526 558 592 627 629 663 777 779 817 857 858 943 988 1034 1078 1123 1127 1173 1323 1325 1375 1428 1430 1480 1831 2015 2143 2209 2210 2275 2345 2408 2553 2555 2617 2625 2688 2698 2835 2924 2925 3000 3062 3158 3238 3320 3400 3402 3461 3462 3628 3739 3740 3825 3885 4003 4093 4185 4275 4277 4334 4335 4521 4654 4655 4750 4808 4948 5005 5148 5250 5252 5353 5459 5514 5669 5670 
S 1: 0 | 1 3 7 12 14 24 27 34 44 54 65 77 117 119 133 149 150 187 208 228 250 273 275 297 375 377 403 431 432 493 526 558 592 627 629 663 777 779 817 857 858 943 988 1034 1078 1123 1127 1173 1323 1325 1375 1428 1430 1480 1831 2015 2143 2209 2210 2275 2345 2408 2553 2555 2617 2625 2688 2698 2835 2924 2925 3000 3062 3158 3238 3320 3400 3402 3461 3462 3628 3739 3740 3825 3885 4003 4093 4185 4275 4277 4334 4335 4521 4654 4655 4750 4808 4948 5005 5148 5250 5252 5353 5459 5514 5669 5670 
S 2: 0 | 1 3 7 12 14 24 27 34 44 54 65 77 117 119 133 149 150 187 208 228 250 273 275 297 375 377 403 431 432 493 526 558 592 627 629 663 777 779 817 857 858 943 988 1034 1078 1123 1127 1173 1323 1325 1375 1428 1430 1480 1831 2015 2143 2209 2210 2275 2345 2408 2553 2555 2617 2625 2688 2698 2835 2924 2925 3000 3062 3158 3238 3320 3400 3402 3461 3462 3628 3739 3740 3825 3885 4003 4093 4185 4275 4277 4334 4335 4521 4654 4655 4750 4808 4948 5005 5148 5250 5252 5353 5459 5514 5669 5670 
S 3: 0 | 1 3 7 12 14 24 27 34 44 54 65 77 117 119 133 149 150 187 208 228 250 273 275 297 375 377 403 431 432 493 526 558 592 627 629 663 777 779 817 857 858 943 988 1034 1078 1123 1127 1173 1323 1325 1375 1428 1430 1480 1831 2015 2143 2209 2210 2275 2345 2408 2553 2555 2617 2625 2688 2698 2835 2924 2925 3000 3062 3158 3238 3320 3400 3402 3461 3462 3628 3739 3740 3825 3885 4003 4093 4185 4275 4277 4334 4335 4521 4654 4655 4750 4808 4948 5005 5148 5250 5252 5353 5459 5514 5669 5670 
S 4: 0 | 1 3 7 12 14 24 27 34 44 54 65 77 117 119 133 149 150 187 208 228 250 273 275 297 375 377 403 431 432 493 526 558 592 627 629 663 777 779 817 857 858 943 988 1034 1078 1123 1127 1173 1323 1325 1375 1428 1430 1480 1831 2015 2143 2209 2210 2275 2345 2408 2553 2555 2617 2625 2688 2698 2835 2924 2925 3000 3062 3158 3238 3320 3400 3402 3461 3462 3628 3739 3740 3825 3885 4003 4093 4185 4275 4277 4334 4335 4521 4654 4655 4750 4808 4948 5005 5148 5250 5252 5353 5459 5514 5669 5670 
S 5: 0 | 1 3 7 12 14 24 27 34 44 54 65 77 117 119 133 149 150 187 208 228 250 273 275 297 375 377 403 431 432 493 526 558 592 627 629 663 777 779 817 857 858 943 988 1034 1078 1123 1127 1173 1323 1325 1375 1428 1430 1480 1831 2015 2143 2209 2210 2275 2345 2408 2553 2555 2617 2625 2688 2698 2835 2924 2925 3000 3062 3158 3238 3320 3400 3402 3461 3462 3628 3739 3740 3825 3885 4003 4093 4185 4275 4277 4334 4335 4521 4654 4655 4750 4808 4948 5005 5148 5250 5252 5353 5459 5514 5669 5670 
S 6: 0 | 1 3 7 12 14 24 27 34 44 54 65 77 117 119 133 149 150 187 208 228 250 273 275 297 375 377 403 431 432 493 526 558 592 627 629 663 777 779 817 857 858 943 988 1034 1078 1123 1127 1173 1323 1325 1375 1428 1430 1480 1831 2015 2143 2209 2210 2275 2345 2408 2553 2555 2617 2625 2688 2698 2835 2924 2925 3000 3062 3158 3238 3320 3400 3402 3461 3462 3628 3739 3740 3825 3885 4003 4093 4185 4275 4277 4334 4335 4521 4654 4655 4750 4808 4948 5005 5148 5250 5252 5353 5459 5514 5669 5670 
S 7: 0 | 1 3 7 12 14 24 27 34 44 54 65 77 117 119 133 149 150 187 208 228 250 273 275 297 375 377 403 431 432 493 526 558 592 627 629 663 777 779 817 857 858 943 988 1034 1078 1123 1127 1173 1323 1325 1375 1428 1430 1480 1831 2015 2143 2209 2210 2275 2345 2408 2553 2555 2617 2625 2688 2698 2835 2924 2925 3000 3062 3158 3238 3320 3400 3402 3461 3462 3628 3739 3740 3825 3885 4003 4093 4185 4275 4277 4334 4335 4521 4654 4655 4750 4808 4948 5005 5148 5250 5252 5353 5459 5514 5669 5670 
S 8: 0 | 1 3 7 12 14 24 27 34 44 54 65 77 117 119 133 149 150 187 208 228 250 273 275 297 375 377 403 431 432 493 526 558 592 627 629 663 777 779 817 857 858 943 988 1034 1078 1123 1127 1173 1323 1325 1375 1428 1430 1480 1831 2015 2143 2209 2210 2275 2345 2408 2553 2555 2617 2625 2688 2698 2835 2924 2925 3000 3062 3158 3238 3320 3400 3402 3461 3462 3628 3739 3740 3825 3885 4003 4093 4185 4275 4277 4334 4335 4521 4654 4655 4750 4808 4948 5005 5148 5250 5252 5353 5459 5514 5669 5670 
S 9: 0 | 1 3 7 12 14 24 27 34 44 54 65 77 117 119 133 149 150 187 208 228 250 273 275 297 375 377 403 431 432 493 526 558 592 627 629 663 777 779 817 857 858 943 988 1034 1078 1123 1127 1173 1323 1325 1375 1428 1430 1480 1831 2015 2143 2209 2210 2275 2345 2408 2553 2555 2617 2625 2688 2698 2835 2924 2925 3000 3062 3158 3238 3320 3400 3402 3461 3462 3628 3739 3740 3825 3885 4003 4093 4185 4275 4277 4334 4335 4521 4654 4655 4750 4808 4948 5005 5148 5250 5252 5353 5459 5514 5669 5670 
S 10: 0 | 1 3 7 12 14 24 27 34 44 54 65 77 117 119 133 149 150 187 208 228 250 273 275 297 375 377 403 431 432 493 526 558 592 627 629 663 777 779 817 857 858 943 988 1034 1078 1123 1127 1173 1323 1325 1375 1428 1430 1480 1831 2015 2143 2209 2210 2275 2345 2408 2553 2555 2617 2625 2688 2698 2835 2924 2925 3000 3062 3158 3238 3320 3400 3402 3461 3462 3628 3739 3740 3825 3885 4003 4093 4185 4275 4277 4334 4335 4521 4654 4655 4750 4808 4948 5005 5148 5250 5252 5353 5459 5514 5669 5670 
S 11: 0 | 1 3 7 12 14 24 27 34 44 54 65 77 117 119 133 149 150 187 208 228 250 273 275 297 375 377 403 431 432 493 526 558 592 627 629 663 777 779 817 857 858 943 988 1034 1078 1123 1127 1173 1323 1325 1375 1428 1430 1480 1831 2015 2143 2209 2210 2275 2345 2408 2553 2555 2617 2625 2688 2698 2835 2924 2925 3000 3062 3158 3238 3320 3400 3402 3461 3462 3628 3739 3740 3825 3885 4003 4093 4185 4275 4277 4334 4335 4521 4654 4655 4750 4808 4948 5005 5148 5250 5252 5353 5459 5514 5669 5670 
S 12: 0 | 1 3 7 12 14 24 27 34 44 54 65 77 117 119 133 149 150 187 208 228 250 273 275 297 375 377 403 431 432 493 526 558 592 627 629 663 777 779 817 857 858 943 988 1034 1078 1123 1127 1173 1323 1325 1375 1428 1430 1480 1831 2015 2143 2209 2210 2275 2345 2408 2553 2555 2617 2625 2688 2698 2835 2924 2925 3000 3062 3158 3238 3320 3400 3402 3461 3462 3628 3739 3740 3825 3885 4003 4093 4185 4275 4277 4334 4335 4521 4654 4655 4750 4808 4948 5005 5148 5250 5252 5353 5459 5514 5669 5670 
S 13: 0 | 1 3 7 12 14 24 27 34 44 54 65 77 117 119 133 149 150 187 208 228 250 273 275 297 375 377 403 431 432 493 526 558 592 627 629 663 777 779 817 857 858 943 988 1034 1078 1123 1127 1173 1323 1325 1375 1428 1430 1480 1831 2015 2143 2209 2210 2275 2345 2408 2553 2555 2617 2625 2688 2698 2835 2924 2925 3000 3062 3158 3238 3320 3400 3402 3461 3462 3628 3739 3740 3825 3885 4003 4093 4185 4275 4277 4334 4335 4521 4654 4655 4750 4808 4948 5005 5148 5250 5252 5353 5459 5514 5669 5670 
S 14: 0 | 1 3 7 12 14 24 27 34 44 54 65 77 117 119 133 149 150 187 208 228 250 273 275 297 375 377 403 431 432 493 526 558 592 627 629 663 777 779 817 857 858 943 988 1034 1078 1123 1127 1173 1323 1325 1375 1428 1430 1480 1831 2015 2143 2209 2210 2275 2345 2408 2553 2555 2617 2625 2688 2698 2835 2924 2925 3000 3062 3158 3238 3320 3400 3402 3461 3462 3628 3739 3740 3825 3885 4003 4093 4185 4275 4277 4334 4335 4521 4654 4655 4750 4808 4948 5005 5148 5250 5252 5353 5459 5514 5669 5670 
S 15: 0 | 1 3 7 12 14 24 27 34 44 54 65 77 117 119 133 149 150 187 208 228 250 273 275 297 375 377 403 431 432 493 526 558 592 627 629 663 777 779 817 857 858 943 988 1034 1078 1123 1127 1173 1323 1325 1375 1428 1430 1480 1831 2015 2143 2209 2210 2275 2345 2408 2553 2555 2617 2625 2688 2698 2835 2924 2925 3000 3062 3158 3238 3320 3400 3402 3461 3462 3628 3739 3740 3825 3885 4003 4093 4185 4275 4277 4334 4335 4521 4654 4655 4750 4808 4948 5005 5148 5250 5252 5353 5459 5514 5669 5670 
S 16: 0 | 1 3 7 12 14 24 27 34 44 54 65 77 117 119 133 149 150 187 208 228 250 273 275 297 375 377 403 431 432 493 526 558 592 627 629 663 777 779 817 857 858 943 988 1034 1078 1123 1127 1173 1323 1325 1375 1428 1430 1480 1831 2015 2143 2209 2210 2275 2345 2408 2553 2555 2617 2625 2688 2698 2835 2924 2925 3000 3062 3158 3238 3320 3400 3402 3461 3462 3628 3739 3740 3825 3885 4003 4093 4185 4275 4277 4334 4335 4521 4654 4655 4750 4808 4948 5005 5148 5250 5252 5353 5459 5514 5669 5670 
S 17: 0 | 1 3 7 12 14 24 27 34 44 54 65 77 117 119 133 149 150 187 208 228 250 273 275 297 375 377 403 431 432 493 526 558 592 627 629 663 777 779 817 857 858 943 988 1034 1078 1123 1127 1173 1323 1325 1375 1428 1430 1480 1831 2015 2143 2209 2210 2275 2345 2408 2553 2555 2617 2625 2688 2698 2835 2924 2925 3000 3062 3158 3238 3320 3400 3402 3461 3462 3628 3739 3740 3825 3885 4003 4093 4185 4275 4277 4334 4335 4521 4654 4655 4750 4808 4948 5005 5148 5250 5252 5353 5459 5514 5669 5670 
S 18: 0 | 1 3 7 12 14 24 27 34 44 54 65 77 117 119 133 149 150 187 208 228 250 273 275 297 375 377 403 431 432 493 526 558 592 627 629 663 777 779 817 857 858 943 988 1034 1078 1123 1127 1173 1323 1325 1375 1428 1430 1480 1831 2015 2143 2209 2210 2275 2345 2408 2553 2555 2617 2625 2688 2698 2835 2924 2925 3000 3062 3158 3238 3320 3400 3402 3461 3462 3628 3739 3740 3825 3885 4003 4093 4185 4275 4277 4334 4335 4521 4654 4655 4750 4808 4948 5005 5148 5250 5252 5353 5459 5514 5669 5670 
S 19: 0 | 1 3 7 12 14 24 27 34 44 54 65 77 117 119 133 149 150 187 208 228 250 273 275 297 375 377 403 431 432 493 526 558 592 627 629 663 777 779 817 857 858 943 988 1034 1078 1123 1127 1173 1323 1325 1375 1428 1430 1480 1831 2015 2143 2209 2210 2275 2345 2408 2553 2555 2617 2625 2688 2698 2835 2924 2925 3000 3062 3158 3238 3320 3400 3402 3461 3462 3628 3739 3740 3825 3885 4003 4093 4185 4275 4277 4334 4335 4521 4654 4655 4750 4808 4948 5005 5148 5250 5252 5353 5459 5514 5669 5670 
ALL EQUAL

Final time = 43971.6
Final solution cost = 44817
