Reading instance small_stp_instances/pr124_10_10.stp of type D
Finished instance reading
Number of vertices = 124
Number of edges (resources) = 7626
Number of scenarios = 10
Average number of terminals per scenario = 124
Probabilities of Scenarios: (0) 0.05 | (1) 0.08 | (2) 0.06 | (3) 0.17 | (4) 0.06 | (5) 0.16 | (6) 0 | (7) 0.12 | (8) 0.14 | (9) 0.16 | 
Average weighted inflation = 0.500056
Largest inflation = 0.999878
MAX_ITERATIONS_SINCE_LAST_IMPROVEMENT 2
MAX_ITERATIONS_SINCE_BEST_SOLUTION 3
Creating solution instance.
Starting Evolutive Framework.
Local search solution cost = 62093
Local search time = 3960.82
3960.82 local search - EF main loop cycle 0 solution cost 62093
3960.86s Cost of SP solution after second stage solver 62093
Local search solution cost = 61941
Local search time = 275.002
4235.86 local search - EF main loop cycle 1 solution cost 61941
4235.88s Cost of SP solution after second stage solver 61941
Local search solution cost = 61941
Local search time = 274.786
4510.66 local search - EF main loop cycle 2 solution cost 61941
4510.68s Cost of SP solution after second stage solver 61941
Local search solution cost = 61941
Local search time = 275.355
4786.03 local search - EF main loop cycle 3 solution cost 61941
4786.05s Cost of SP solution after second stage solver 61941
Number of cycles 4
Time for each cycle 1196.51
4786.06s Cost of SP solution after tail step 61941
SELECTED RESOURCES:
0 2 5 9 14 21 27 44 54 65 77 90 104 113 135 152 170 189 209 252 297 299 323 331 377 405 464 470 495 557 560 589 629 691 702 725 761 779 860 901 944 988 1080 1127 1175 1190 1273 1274 1320 1369 1377 1422 1467 1539 1595 1631 1652 1685 1828 1829 1889 2015 2078 2141 2144 2274 2345 2414 2484 2555 2627 2700 2774 2849 2925 3002 3080 3159 3226 3387 3484 3485 3539 3654 3827 3915 4001 4002 4085 4174 4277 4370 4464 4559 4655 4752 4850 4949 5040 5150 5252 5341 5459 5564 5670 5777 5885 5994 6104 6215 6318 6439 6440 6522 6669 6785 6902 7020 7139 7259 7380 7480 7624 7625 
SCENARIO'S RESOURCES:
S 0: 0 | 0 2 5 9 14 21 27 44 54 65 77 90 104 113 135 152 170 189 209 252 297 299 323 331 377 405 464 470 495 557 560 589 629 691 702 725 761 779 860 901 944 988 1080 1127 1175 1190 1273 1274 1320 1369 1377 1422 1467 1539 1595 1631 1652 1685 1828 1829 1889 2015 2078 2141 2144 2274 2345 2414 2484 2555 2627 2700 2774 2849 2925 3002 3080 3159 3226 3387 3484 3485 3539 3654 3827 3915 4001 4002 4085 4174 4277 4370 4464 4559 4655 4752 4850 4949 5040 5150 5252 5341 5459 5564 5670 5777 5885 5994 6104 6215 6318 6439 6440 6522 6669 6785 6902 7020 7139 7259 7380 7480 7624 7625 
S 1: 0 | 0 2 5 9 14 21 27 44 54 65 77 90 104 113 135 152 170 189 209 252 297 299 323 331 377 405 464 470 495 557 560 589 629 691 702 725 761 779 860 901 944 988 1080 1127 1175 1190 1273 1274 1320 1369 1377 1422 1467 1539 1595 1631 1652 1685 1828 1829 1889 2015 2078 2141 2144 2274 2345 2414 2484 2555 2627 2700 2774 2849 2925 3002 3080 3159 3226 3387 3484 3485 3539 3654 3827 3915 4001 4002 4085 4174 4277 4370 4464 4559 4655 4752 4850 4949 5040 5150 5252 5341 5459 5564 5670 5777 5885 5994 6104 6215 6318 6439 6440 6522 6669 6785 6902 7020 7139 7259 7380 7480 7624 7625 
S 2: 0 | 0 2 5 9 14 21 27 44 54 65 77 90 104 113 135 152 170 189 209 252 297 299 323 331 377 405 464 470 495 557 560 589 629 691 702 725 761 779 860 901 944 988 1080 1127 1175 1190 1273 1274 1320 1369 1377 1422 1467 1539 1595 1631 1652 1685 1828 1829 1889 2015 2078 2141 2144 2274 2345 2414 2484 2555 2627 2700 2774 2849 2925 3002 3080 3159 3226 3387 3484 3485 3539 3654 3827 3915 4001 4002 4085 4174 4277 4370 4464 4559 4655 4752 4850 4949 5040 5150 5252 5341 5459 5564 5670 5777 5885 5994 6104 6215 6318 6439 6440 6522 6669 6785 6902 7020 7139 7259 7380 7480 7624 7625 
S 3: 0 | 0 2 5 9 14 21 27 44 54 65 77 90 104 113 135 152 170 189 209 252 297 299 323 331 377 405 464 470 495 557 560 589 629 691 702 725 761 779 860 901 944 988 1080 1127 1175 1190 1273 1274 1320 1369 1377 1422 1467 1539 1595 1631 1652 1685 1828 1829 1889 2015 2078 2141 2144 2274 2345 2414 2484 2555 2627 2700 2774 2849 2925 3002 3080 3159 3226 3387 3484 3485 3539 3654 3827 3915 4001 4002 4085 4174 4277 4370 4464 4559 4655 4752 4850 4949 5040 5150 5252 5341 5459 5564 5670 5777 5885 5994 6104 6215 6318 6439 6440 6522 6669 6785 6902 7020 7139 7259 7380 7480 7624 7625 
S 4: 0 | 0 2 5 9 14 21 27 44 54 65 77 90 104 113 135 152 170 189 209 252 297 299 323 331 377 405 464 470 495 557 560 589 629 691 702 725 761 779 860 901 944 988 1080 1127 1175 1190 1273 1274 1320 1369 1377 1422 1467 1539 1595 1631 1652 1685 1828 1829 1889 2015 2078 2141 2144 2274 2345 2414 2484 2555 2627 2700 2774 2849 2925 3002 3080 3159 3226 3387 3484 3485 3539 3654 3827 3915 4001 4002 4085 4174 4277 4370 4464 4559 4655 4752 4850 4949 5040 5150 5252 5341 5459 5564 5670 5777 5885 5994 6104 6215 6318 6439 6440 6522 6669 6785 6902 7020 7139 7259 7380 7480 7624 7625 
S 5: 0 | 0 2 5 9 14 21 27 44 54 65 77 90 104 113 135 152 170 189 209 252 297 299 323 331 377 405 464 470 495 557 560 589 629 691 702 725 761 779 860 901 944 988 1080 1127 1175 1190 1273 1274 1320 1369 1377 1422 1467 1539 1595 1631 1652 1685 1828 1829 1889 2015 2078 2141 2144 2274 2345 2414 2484 2555 2627 2700 2774 2849 2925 3002 3080 3159 3226 3387 3484 3485 3539 3654 3827 3915 4001 4002 4085 4174 4277 4370 4464 4559 4655 4752 4850 4949 5040 5150 5252 5341 5459 5564 5670 5777 5885 5994 6104 6215 6318 6439 6440 6522 6669 6785 6902 7020 7139 7259 7380 7480 7624 7625 
S 6: 0 | 0 2 5 9 14 21 27 44 54 65 77 90 104 113 135 152 170 189 209 252 297 299 323 331 377 405 464 470 495 557 560 589 629 691 702 725 761 779 860 901 944 988 1080 1127 1175 1190 1273 1274 1320 1369 1377 1422 1467 1539 1595 1631 1652 1685 1828 1829 1889 2015 2078 2141 2144 2274 2345 2414 2484 2555 2627 2700 2774 2849 2925 3002 3080 3159 3226 3387 3484 3485 3539 3654 3827 3915 4001 4002 4085 4174 4277 4370 4464 4559 4655 4752 4850 4949 5040 5150 5252 5341 5459 5564 5670 5777 5885 5994 6104 6215 6318 6439 6440 6522 6669 6785 6902 7020 7139 7259 7380 7480 7624 7625 
S 7: 0 | 0 2 5 9 14 21 27 44 54 65 77 90 104 113 135 152 170 189 209 252 297 299 323 331 377 405 464 470 495 557 560 589 629 691 702 725 761 779 860 901 944 988 1080 1127 1175 1190 1273 1274 1320 1369 1377 1422 1467 1539 1595 1631 1652 1685 1828 1829 1889 2015 2078 2141 2144 2274 2345 2414 2484 2555 2627 2700 2774 2849 2925 3002 3080 3159 3226 3387 3484 3485 3539 3654 3827 3915 4001 4002 4085 4174 4277 4370 4464 4559 4655 4752 4850 4949 5040 5150 5252 5341 5459 5564 5670 5777 5885 5994 6104 6215 6318 6439 6440 6522 6669 6785 6902 7020 7139 7259 7380 7480 7624 7625 
S 8: 0 | 0 2 5 9 14 21 27 44 54 65 77 90 104 113 135 152 170 189 209 252 297 299 323 331 377 405 464 470 495 557 560 589 629 691 702 725 761 779 860 901 944 988 1080 1127 1175 1190 1273 1274 1320 1369 1377 1422 1467 1539 1595 1631 1652 1685 1828 1829 1889 2015 2078 2141 2144 2274 2345 2414 2484 2555 2627 2700 2774 2849 2925 3002 3080 3159 3226 3387 3484 3485 3539 3654 3827 3915 4001 4002 4085 4174 4277 4370 4464 4559 4655 4752 4850 4949 5040 5150 5252 5341 5459 5564 5670 5777 5885 5994 6104 6215 6318 6439 6440 6522 6669 6785 6902 7020 7139 7259 7380 7480 7624 7625 
S 9: 0 | 0 2 5 9 14 21 27 44 54 65 77 90 104 113 135 152 170 189 209 252 297 299 323 331 377 405 464 470 495 557 560 589 629 691 702 725 761 779 860 901 944 988 1080 1127 1175 1190 1273 1274 1320 1369 1377 1422 1467 1539 1595 1631 1652 1685 1828 1829 1889 2015 2078 2141 2144 2274 2345 2414 2484 2555 2627 2700 2774 2849 2925 3002 3080 3159 3226 3387 3484 3485 3539 3654 3827 3915 4001 4002 4085 4174 4277 4370 4464 4559 4655 4752 4850 4949 5040 5150 5252 5341 5459 5564 5670 5777 5885 5994 6104 6215 6318 6439 6440 6522 6669 6785 6902 7020 7139 7259 7380 7480 7624 7625 
ALL EQUAL

Final time = 4786.1
Final solution cost = 61941
