Reading instance small_stp_instances/pr124_10_05.stp of type D
Finished instance reading
Number of vertices = 124
Number of edges (resources) = 7626
Number of scenarios = 10
Average number of terminals per scenario = 124
Probabilities of Scenarios: (0) 0.09 | (1) 0.11 | (2) 0.15 | (3) 0.03 | (4) 0.1 | (5) 0.01 | (6) 0.17 | (7) 0.12 | (8) 0.09 | (9) 0.13 | 
Average weighted inflation = 0.250469
Largest inflation = 0.499911
MAX_ITERATIONS_SINCE_LAST_IMPROVEMENT 2
MAX_ITERATIONS_SINCE_BEST_SOLUTION 3
Creating solution instance.
Starting Evolutive Framework.
Local search solution cost = 59944.2
Local search time = 4401.48
4401.49 local search - EF main loop cycle 0 solution cost 59944.2
4401.51s Cost of SP solution after second stage solver 59944.2
Local search solution cost = 59789
Local search time = 272.829
4674.34 local search - EF main loop cycle 1 solution cost 59789
4674.36s Cost of SP solution after second stage solver 59789
Local search solution cost = 59789
Local search time = 271.716
4946.07 local search - EF main loop cycle 2 solution cost 59789
4946.09s Cost of SP solution after second stage solver 59789
Local search solution cost = 59789
Local search time = 271.821
5217.91 local search - EF main loop cycle 3 solution cost 59789
5217.92s Cost of SP solution after second stage solver 59789
Number of cycles 4
Time for each cycle 1304.48
5217.94s Cost of SP solution after tail step 59789
SELECTED RESOURCES:
0 2 5 9 14 21 27 44 54 65 77 90 104 113 135 152 170 189 209 252 297 299 323 331 377 405 464 470 495 557 560 589 629 691 702 725 761 779 860 902 945 989 1080 1127 1175 1224 1239 1274 1320 1370 1377 1418 1467 1539 1595 1652 1688 1768 1828 1829 1862 2015 2078 2141 2144 2274 2345 2414 2484 2555 2627 2700 2774 2849 2925 3002 3080 3159 3226 3320 3387 3485 3539 3740 3826 3915 4000 4002 4088 4174 4277 4370 4464 4559 4655 4752 4850 4949 5040 5150 5252 5341 5459 5564 5670 5777 5885 5994 6104 6215 6327 6430 6440 6522 6669 6785 6902 7020 7139 7259 7380 7502 7602 7625 
SCENARIO'S RESOURCES:
S 0: 0 | 0 2 5 9 14 21 27 44 54 65 77 90 104 113 135 152 170 189 209 252 297 299 323 331 377 405 464 470 495 557 560 589 629 691 702 725 761 779 860 902 945 989 1080 1127 1175 1224 1239 1274 1320 1370 1377 1418 1467 1539 1595 1652 1688 1768 1828 1829 1862 2015 2078 2141 2144 2274 2345 2414 2484 2555 2627 2700 2774 2849 2925 3002 3080 3159 3226 3320 3387 3485 3539 3740 3826 3915 4000 4002 4088 4174 4277 4370 4464 4559 4655 4752 4850 4949 5040 5150 5252 5341 5459 5564 5670 5777 5885 5994 6104 6215 6327 6430 6440 6522 6669 6785 6902 7020 7139 7259 7380 7502 7602 7625 
S 1: 0 | 0 2 5 9 14 21 27 44 54 65 77 90 104 113 135 152 170 189 209 252 297 299 323 331 377 405 464 470 495 557 560 589 629 691 702 725 761 779 860 902 945 989 1080 1127 1175 1224 1239 1274 1320 1370 1377 1418 1467 1539 1595 1652 1688 1768 1828 1829 1862 2015 2078 2141 2144 2274 2345 2414 2484 2555 2627 2700 2774 2849 2925 3002 3080 3159 3226 3320 3387 3485 3539 3740 3826 3915 4000 4002 4088 4174 4277 4370 4464 4559 4655 4752 4850 4949 5040 5150 5252 5341 5459 5564 5670 5777 5885 5994 6104 6215 6327 6430 6440 6522 6669 6785 6902 7020 7139 7259 7380 7502 7602 7625 
S 2: 0 | 0 2 5 9 14 21 27 44 54 65 77 90 104 113 135 152 170 189 209 252 297 299 323 331 377 405 464 470 495 557 560 589 629 691 702 725 761 779 860 902 945 989 1080 1127 1175 1224 1239 1274 1320 1370 1377 1418 1467 1539 1595 1652 1688 1768 1828 1829 1862 2015 2078 2141 2144 2274 2345 2414 2484 2555 2627 2700 2774 2849 2925 3002 3080 3159 3226 3320 3387 3485 3539 3740 3826 3915 4000 4002 4088 4174 4277 4370 4464 4559 4655 4752 4850 4949 5040 5150 5252 5341 5459 5564 5670 5777 5885 5994 6104 6215 6327 6430 6440 6522 6669 6785 6902 7020 7139 7259 7380 7502 7602 7625 
S 3: 0 | 0 2 5 9 14 21 27 44 54 65 77 90 104 113 135 152 170 189 209 252 297 299 323 331 377 405 464 470 495 557 560 589 629 691 702 725 761 779 860 902 945 989 1080 1127 1175 1224 1239 1274 1320 1370 1377 1418 1467 1539 1595 1652 1688 1768 1828 1829 1862 2015 2078 2141 2144 2274 2345 2414 2484 2555 2627 2700 2774 2849 2925 3002 3080 3159 3226 3320 3387 3485 3539 3740 3826 3915 4000 4002 4088 4174 4277 4370 4464 4559 4655 4752 4850 4949 5040 5150 5252 5341 5459 5564 5670 5777 5885 5994 6104 6215 6327 6430 6440 6522 6669 6785 6902 7020 7139 7259 7380 7502 7602 7625 
S 4: 0 | 0 2 5 9 14 21 27 44 54 65 77 90 104 113 135 152 170 189 209 252 297 299 323 331 377 405 464 470 495 557 560 589 629 691 702 725 761 779 860 902 945 989 1080 1127 1175 1224 1239 1274 1320 1370 1377 1418 1467 1539 1595 1652 1688 1768 1828 1829 1862 2015 2078 2141 2144 2274 2345 2414 2484 2555 2627 2700 2774 2849 2925 3002 3080 3159 3226 3320 3387 3485 3539 3740 3826 3915 4000 4002 4088 4174 4277 4370 4464 4559 4655 4752 4850 4949 5040 5150 5252 5341 5459 5564 5670 5777 5885 5994 6104 6215 6327 6430 6440 6522 6669 6785 6902 7020 7139 7259 7380 7502 7602 7625 
S 5: 0 | 0 2 5 9 14 21 27 44 54 65 77 90 104 113 135 152 170 189 209 252 297 299 323 331 377 405 464 470 495 557 560 589 629 691 702 725 761 779 860 902 945 989 1080 1127 1175 1224 1239 1274 1320 1370 1377 1418 1467 1539 1595 1652 1688 1768 1828 1829 1862 2015 2078 2141 2144 2274 2345 2414 2484 2555 2627 2700 2774 2849 2925 3002 3080 3159 3226 3320 3387 3485 3539 3740 3826 3915 4000 4002 4088 4174 4277 4370 4464 4559 4655 4752 4850 4949 5040 5150 5252 5341 5459 5564 5670 5777 5885 5994 6104 6215 6327 6430 6440 6522 6669 6785 6902 7020 7139 7259 7380 7502 7602 7625 
S 6: 0 | 0 2 5 9 14 21 27 44 54 65 77 90 104 113 135 152 170 189 209 252 297 299 323 331 377 405 464 470 495 557 560 589 629 691 702 725 761 779 860 902 945 989 1080 1127 1175 1224 1239 1274 1320 1370 1377 1418 1467 1539 1595 1652 1688 1768 1828 1829 1862 2015 2078 2141 2144 2274 2345 2414 2484 2555 2627 2700 2774 2849 2925 3002 3080 3159 3226 3320 3387 3485 3539 3740 3826 3915 4000 4002 4088 4174 4277 4370 4464 4559 4655 4752 4850 4949 5040 5150 5252 5341 5459 5564 5670 5777 5885 5994 6104 6215 6327 6430 6440 6522 6669 6785 6902 7020 7139 7259 7380 7502 7602 7625 
S 7: 0 | 0 2 5 9 14 21 27 44 54 65 77 90 104 113 135 152 170 189 209 252 297 299 323 331 377 405 464 470 495 557 560 589 629 691 702 725 761 779 860 902 945 989 1080 1127 1175 1224 1239 1274 1320 1370 1377 1418 1467 1539 1595 1652 1688 1768 1828 1829 1862 2015 2078 2141 2144 2274 2345 2414 2484 2555 2627 2700 2774 2849 2925 3002 3080 3159 3226 3320 3387 3485 3539 3740 3826 3915 4000 4002 4088 4174 4277 4370 4464 4559 4655 4752 4850 4949 5040 5150 5252 5341 5459 5564 5670 5777 5885 5994 6104 6215 6327 6430 6440 6522 6669 6785 6902 7020 7139 7259 7380 7502 7602 7625 
S 8: 0 | 0 2 5 9 14 21 27 44 54 65 77 90 104 113 135 152 170 189 209 252 297 299 323 331 377 405 464 470 495 557 560 589 629 691 702 725 761 779 860 902 945 989 1080 1127 1175 1224 1239 1274 1320 1370 1377 1418 1467 1539 1595 1652 1688 1768 1828 1829 1862 2015 2078 2141 2144 2274 2345 2414 2484 2555 2627 2700 2774 2849 2925 3002 3080 3159 3226 3320 3387 3485 3539 3740 3826 3915 4000 4002 4088 4174 4277 4370 4464 4559 4655 4752 4850 4949 5040 5150 5252 5341 5459 5564 5670 5777 5885 5994 6104 6215 6327 6430 6440 6522 6669 6785 6902 7020 7139 7259 7380 7502 7602 7625 
S 9: 0 | 0 2 5 9 14 21 27 44 54 65 77 90 104 113 135 152 170 189 209 252 297 299 323 331 377 405 464 470 495 557 560 589 629 691 702 725 761 779 860 902 945 989 1080 1127 1175 1224 1239 1274 1320 1370 1377 1418 1467 1539 1595 1652 1688 1768 1828 1829 1862 2015 2078 2141 2144 2274 2345 2414 2484 2555 2627 2700 2774 2849 2925 3002 3080 3159 3226 3320 3387 3485 3539 3740 3826 3915 4000 4002 4088 4174 4277 4370 4464 4559 4655 4752 4850 4949 5040 5150 5252 5341 5459 5564 5670 5777 5885 5994 6104 6215 6327 6430 6440 6522 6669 6785 6902 7020 7139 7259 7380 7502 7602 7625 
ALL EQUAL

Final time = 5217.97
Final solution cost = 59789
