Reading instance small_stp_instances/pr124_5_03.stp of type D
Finished instance reading
Number of vertices = 124
Number of edges (resources) = 7626
Number of scenarios = 5
Average number of terminals per scenario = 124
Probabilities of Scenarios: (0) 0.39 | (1) 0.03 | (2) 0.04 | (3) 0.25 | (4) 0.29 | 
Average weighted inflation = 0.150864
Largest inflation = 0.299926
MAX_ITERATIONS_SINCE_LAST_IMPROVEMENT 2
MAX_ITERATIONS_SINCE_BEST_SOLUTION 3
Creating solution instance.
Starting Evolutive Framework.
Local search solution cost = 59878.3
Local search time = 2847.01
2847.01 local search - EF main loop cycle 0 solution cost 59878.3
2847.03s Cost of SP solution after second stage solver 59878.3
Local search solution cost = 59612
Local search time = 137.61
2984.64 local search - EF main loop cycle 1 solution cost 59612
2984.64s Cost of SP solution after second stage solver 59612
Local search solution cost = 59612
Local search time = 136.74
3121.38 local search - EF main loop cycle 2 solution cost 59612
3121.39s Cost of SP solution after second stage solver 59612
Local search solution cost = 59612
Local search time = 136.613
3258.01 local search - EF main loop cycle 3 solution cost 59612
3258.01s Cost of SP solution after second stage solver 59612
Number of cycles 4
Time for each cycle 814.503
3258.02s Cost of SP solution after tail step 59612
SELECTED RESOURCES:
0 2 5 9 14 21 27 44 54 65 77 90 104 113 135 152 170 189 209 252 297 299 323 331 377 405 464 470 495 557 560 589 629 691 702 725 761 779 860 902 945 989 1080 1127 1175 1224 1239 1274 1320 1370 1377 1418 1467 1539 1595 1652 1688 1768 1828 1829 1862 2015 2078 2141 2144 2274 2345 2414 2484 2555 2627 2700 2774 2849 2925 3002 3080 3159 3226 3387 3402 3484 3539 3740 3827 3915 4000 4001 4088 4174 4277 4370 4464 4559 4655 4752 4850 4949 5040 5150 5252 5341 5459 5564 5670 5777 5885 5994 6104 6215 6327 6430 6440 6521 6669 6785 6902 7020 7139 7259 7380 7502 7602 7625 
SCENARIO'S RESOURCES:
S 0: 0 | 0 2 5 9 14 21 27 44 54 65 77 90 104 113 135 152 170 189 209 252 297 299 323 331 377 405 464 470 495 557 560 589 629 691 702 725 761 779 860 902 945 989 1080 1127 1175 1224 1239 1274 1320 1370 1377 1418 1467 1539 1595 1652 1688 1768 1828 1829 1862 2015 2078 2141 2144 2274 2345 2414 2484 2555 2627 2700 2774 2849 2925 3002 3080 3159 3226 3387 3402 3484 3539 3740 3827 3915 4000 4001 4088 4174 4277 4370 4464 4559 4655 4752 4850 4949 5040 5150 5252 5341 5459 5564 5670 5777 5885 5994 6104 6215 6327 6430 6440 6521 6669 6785 6902 7020 7139 7259 7380 7502 7602 7625 
S 1: 0 | 0 2 5 9 14 21 27 44 54 65 77 90 104 113 135 152 170 189 209 252 297 299 323 331 377 405 464 470 495 557 560 589 629 691 702 725 761 779 860 902 945 989 1080 1127 1175 1224 1239 1274 1320 1370 1377 1418 1467 1539 1595 1652 1688 1768 1828 1829 1862 2015 2078 2141 2144 2274 2345 2414 2484 2555 2627 2700 2774 2849 2925 3002 3080 3159 3226 3387 3402 3484 3539 3740 3827 3915 4000 4001 4088 4174 4277 4370 4464 4559 4655 4752 4850 4949 5040 5150 5252 5341 5459 5564 5670 5777 5885 5994 6104 6215 6327 6430 6440 6521 6669 6785 6902 7020 7139 7259 7380 7502 7602 7625 
S 2: 0 | 0 2 5 9 14 21 27 44 54 65 77 90 104 113 135 152 170 189 209 252 297 299 323 331 377 405 464 470 495 557 560 589 629 691 702 725 761 779 860 902 945 989 1080 1127 1175 1224 1239 1274 1320 1370 1377 1418 1467 1539 1595 1652 1688 1768 1828 1829 1862 2015 2078 2141 2144 2274 2345 2414 2484 2555 2627 2700 2774 2849 2925 3002 3080 3159 3226 3387 3402 3484 3539 3740 3827 3915 4000 4001 4088 4174 4277 4370 4464 4559 4655 4752 4850 4949 5040 5150 5252 5341 5459 5564 5670 5777 5885 5994 6104 6215 6327 6430 6440 6521 6669 6785 6902 7020 7139 7259 7380 7502 7602 7625 
S 3: 0 | 0 2 5 9 14 21 27 44 54 65 77 90 104 113 135 152 170 189 209 252 297 299 323 331 377 405 464 470 495 557 560 589 629 691 702 725 761 779 860 902 945 989 1080 1127 1175 1224 1239 1274 1320 1370 1377 1418 1467 1539 1595 1652 1688 1768 1828 1829 1862 2015 2078 2141 2144 2274 2345 2414 2484 2555 2627 2700 2774 2849 2925 3002 3080 3159 3226 3387 3402 3484 3539 3740 3827 3915 4000 4001 4088 4174 4277 4370 4464 4559 4655 4752 4850 4949 5040 5150 5252 5341 5459 5564 5670 5777 5885 5994 6104 6215 6327 6430 6440 6521 6669 6785 6902 7020 7139 7259 7380 7502 7602 7625 
S 4: 0 | 0 2 5 9 14 21 27 44 54 65 77 90 104 113 135 152 170 189 209 252 297 299 323 331 377 405 464 470 495 557 560 589 629 691 702 725 761 779 860 902 945 989 1080 1127 1175 1224 1239 1274 1320 1370 1377 1418 1467 1539 1595 1652 1688 1768 1828 1829 1862 2015 2078 2141 2144 2274 2345 2414 2484 2555 2627 2700 2774 2849 2925 3002 3080 3159 3226 3387 3402 3484 3539 3740 3827 3915 4000 4001 4088 4174 4277 4370 4464 4559 4655 4752 4850 4949 5040 5150 5252 5341 5459 5564 5670 5777 5885 5994 6104 6215 6327 6430 6440 6521 6669 6785 6902 7020 7139 7259 7380 7502 7602 7625 
ALL EQUAL

Final time = 3258.05
Final solution cost = 59612
