Reading instance small_stp_instances/pr124_5_10.stp of type D
Finished instance reading
Number of vertices = 124
Number of edges (resources) = 7626
Number of scenarios = 5
Average number of terminals per scenario = 124
Probabilities of Scenarios: (0) 0.28 | (1) 0.01 | (2) 0.25 | (3) 0.27 | (4) 0.19 | 
Average weighted inflation = 0.498717
Largest inflation = 0.999857
MAX_ITERATIONS_SINCE_LAST_IMPROVEMENT 2
MAX_ITERATIONS_SINCE_BEST_SOLUTION 3
Creating solution instance.
Starting Evolutive Framework.
Local search solution cost = 62171.8
Local search time = 1742.21
1742.21 local search - EF main loop cycle 0 solution cost 62171.8
1742.28s Cost of SP solution after second stage solver 62171.8
Local search solution cost = 61079
Local search time = 145.333
1887.62 local search - EF main loop cycle 1 solution cost 61079
1887.63s Cost of SP solution after second stage solver 61079
Local search solution cost = 61079
Local search time = 139.251
2026.88 local search - EF main loop cycle 2 solution cost 61079
2026.88s Cost of SP solution after second stage solver 61079
Local search solution cost = 61079
Local search time = 139.013
2165.9 local search - EF main loop cycle 3 solution cost 61079
2165.9s Cost of SP solution after second stage solver 61079
Number of cycles 4
Time for each cycle 541.476
2165.91s Cost of SP solution after tail step 61079
SELECTED RESOURCES:
0 2 5 9 14 21 27 44 54 65 77 90 104 113 135 152 170 209 252 297 299 331 377 405 464 470 495 557 560 589 629 655 689 691 725 761 779 799 860 902 945 989 1080 1127 1175 1190 1273 1274 1320 1377 1396 1422 1467 1539 1595 1628 1652 1688 1828 1829 1889 2015 2078 2141 2210 2274 2345 2414 2484 2555 2627 2700 2774 2849 2925 3002 3080 3159 3224 3320 3387 3484 3485 3538 3654 3740 3827 3915 4094 4174 4277 4370 4464 4559 4655 4752 4850 4949 5040 5139 5252 5341 5459 5564 5670 5777 5885 5994 6104 6215 6327 6430 6440 6541 6669 6785 6902 7020 7139 7259 7380 7480 7624 7625 
SCENARIO'S RESOURCES:
S 0: 0 | 0 2 5 9 14 21 27 44 54 65 77 90 104 113 135 152 170 209 252 297 299 331 377 405 464 470 495 557 560 589 629 655 689 691 725 761 779 799 860 902 945 989 1080 1127 1175 1190 1273 1274 1320 1377 1396 1422 1467 1539 1595 1628 1652 1688 1828 1829 1889 2015 2078 2141 2210 2274 2345 2414 2484 2555 2627 2700 2774 2849 2925 3002 3080 3159 3224 3320 3387 3484 3485 3538 3654 3740 3827 3915 4094 4174 4277 4370 4464 4559 4655 4752 4850 4949 5040 5139 5252 5341 5459 5564 5670 5777 5885 5994 6104 6215 6327 6430 6440 6541 6669 6785 6902 7020 7139 7259 7380 7480 7624 7625 
S 1: 0 | 0 2 5 9 14 21 27 44 54 65 77 90 104 113 135 152 170 209 252 297 299 331 377 405 464 470 495 557 560 589 629 655 689 691 725 761 779 799 860 902 945 989 1080 1127 1175 1190 1273 1274 1320 1377 1396 1422 1467 1539 1595 1628 1652 1688 1828 1829 1889 2015 2078 2141 2210 2274 2345 2414 2484 2555 2627 2700 2774 2849 2925 3002 3080 3159 3224 3320 3387 3484 3485 3538 3654 3740 3827 3915 4094 4174 4277 4370 4464 4559 4655 4752 4850 4949 5040 5139 5252 5341 5459 5564 5670 5777 5885 5994 6104 6215 6327 6430 6440 6541 6669 6785 6902 7020 7139 7259 7380 7480 7624 7625 
S 2: 0 | 0 2 5 9 14 21 27 44 54 65 77 90 104 113 135 152 170 209 252 297 299 331 377 405 464 470 495 557 560 589 629 655 689 691 725 761 779 799 860 902 945 989 1080 1127 1175 1190 1273 1274 1320 1377 1396 1422 1467 1539 1595 1628 1652 1688 1828 1829 1889 2015 2078 2141 2210 2274 2345 2414 2484 2555 2627 2700 2774 2849 2925 3002 3080 3159 3224 3320 3387 3484 3485 3538 3654 3740 3827 3915 4094 4174 4277 4370 4464 4559 4655 4752 4850 4949 5040 5139 5252 5341 5459 5564 5670 5777 5885 5994 6104 6215 6327 6430 6440 6541 6669 6785 6902 7020 7139 7259 7380 7480 7624 7625 
S 3: 0 | 0 2 5 9 14 21 27 44 54 65 77 90 104 113 135 152 170 209 252 297 299 331 377 405 464 470 495 557 560 589 629 655 689 691 725 761 779 799 860 902 945 989 1080 1127 1175 1190 1273 1274 1320 1377 1396 1422 1467 1539 1595 1628 1652 1688 1828 1829 1889 2015 2078 2141 2210 2274 2345 2414 2484 2555 2627 2700 2774 2849 2925 3002 3080 3159 3224 3320 3387 3484 3485 3538 3654 3740 3827 3915 4094 4174 4277 4370 4464 4559 4655 4752 4850 4949 5040 5139 5252 5341 5459 5564 5670 5777 5885 5994 6104 6215 6327 6430 6440 6541 6669 6785 6902 7020 7139 7259 7380 7480 7624 7625 
S 4: 0 | 0 2 5 9 14 21 27 44 54 65 77 90 104 113 135 152 170 209 252 297 299 331 377 405 464 470 495 557 560 589 629 655 689 691 725 761 779 799 860 902 945 989 1080 1127 1175 1190 1273 1274 1320 1377 1396 1422 1467 1539 1595 1628 1652 1688 1828 1829 1889 2015 2078 2141 2210 2274 2345 2414 2484 2555 2627 2700 2774 2849 2925 3002 3080 3159 3224 3320 3387 3484 3485 3538 3654 3740 3827 3915 4094 4174 4277 4370 4464 4559 4655 4752 4850 4949 5040 5139 5252 5341 5459 5564 5670 5777 5885 5994 6104 6215 6327 6430 6440 6541 6669 6785 6902 7020 7139 7259 7380 7480 7624 7625 
ALL EQUAL

Final time = 2165.93
Final solution cost = 61079
