Reading instance small_stp_instances/pr124_5_05.stp of type D
Finished instance reading
Number of vertices = 124
Number of edges (resources) = 7626
Number of scenarios = 5
Average number of terminals per scenario = 124
Probabilities of Scenarios: (0) 0.41 | (1) 0.17 | (2) 0.04 | (3) 0.35 | (4) 0.03 | 
Average weighted inflation = 0.249419
Largest inflation = 0.499912
MAX_ITERATIONS_SINCE_LAST_IMPROVEMENT 2
MAX_ITERATIONS_SINCE_BEST_SOLUTION 3
Creating solution instance.
Starting Evolutive Framework.
Local search solution cost = 59732
Local search time = 2800.2
2800.2 local search - EF main loop cycle 0 solution cost 59732
2800.21s Cost of SP solution after second stage solver 59732
Local search solution cost = 59712
Local search time = 135.181
2935.39 local search - EF main loop cycle 1 solution cost 59712
2935.4s Cost of SP solution after second stage solver 59712
Local search solution cost = 59712
Local search time = 134.071
3069.47 local search - EF main loop cycle 2 solution cost 59712
3069.48s Cost of SP solution after second stage solver 59712
Number of cycles 3
Time for each cycle 1023.16
3069.49s Cost of SP solution after tail step 59712
SELECTED RESOURCES:
0 2 5 9 14 21 27 44 54 65 77 90 104 113 135 152 170 209 252 297 299 323 331 377 405 464 470 495 557 560 589 629 691 702 725 761 779 799 860 902 945 964 989 1080 1127 1175 1224 1239 1274 1320 1377 1430 1467 1539 1595 1631 1652 1685 1828 1829 1889 2015 2078 2141 2209 2274 2345 2414 2484 2555 2627 2700 2774 2849 2925 3002 3080 3159 3225 3320 3387 3484 3485 3539 3740 3827 3915 4000 4001 4174 4277 4370 4464 4559 4655 4752 4850 4949 5040 5140 5252 5341 5459 5564 5670 5777 5885 5994 6104 6215 6327 6430 6440 6541 6669 6785 6902 7020 7139 7259 7380 7502 7602 7625 
SCENARIO'S RESOURCES:
S 0: 0 | 0 2 5 9 14 21 27 44 54 65 77 90 104 113 135 152 170 209 252 297 299 323 331 377 405 464 470 495 557 560 589 629 691 702 725 761 779 799 860 902 945 964 989 1080 1127 1175 1224 1239 1274 1320 1377 1430 1467 1539 1595 1631 1652 1685 1828 1829 1889 2015 2078 2141 2209 2274 2345 2414 2484 2555 2627 2700 2774 2849 2925 3002 3080 3159 3225 3320 3387 3484 3485 3539 3740 3827 3915 4000 4001 4174 4277 4370 4464 4559 4655 4752 4850 4949 5040 5140 5252 5341 5459 5564 5670 5777 5885 5994 6104 6215 6327 6430 6440 6541 6669 6785 6902 7020 7139 7259 7380 7502 7602 7625 
S 1: 0 | 0 2 5 9 14 21 27 44 54 65 77 90 104 113 135 152 170 209 252 297 299 323 331 377 405 464 470 495 557 560 589 629 691 702 725 761 779 799 860 902 945 964 989 1080 1127 1175 1224 1239 1274 1320 1377 1430 1467 1539 1595 1631 1652 1685 1828 1829 1889 2015 2078 2141 2209 2274 2345 2414 2484 2555 2627 2700 2774 2849 2925 3002 3080 3159 3225 3320 3387 3484 3485 3539 3740 3827 3915 4000 4001 4174 4277 4370 4464 4559 4655 4752 4850 4949 5040 5140 5252 5341 5459 5564 5670 5777 5885 5994 6104 6215 6327 6430 6440 6541 6669 6785 6902 7020 7139 7259 7380 7502 7602 7625 
S 2: 0 | 0 2 5 9 14 21 27 44 54 65 77 90 104 113 135 152 170 209 252 297 299 323 331 377 405 464 470 495 557 560 589 629 691 702 725 761 779 799 860 902 945 964 989 1080 1127 1175 1224 1239 1274 1320 1377 1430 1467 1539 1595 1631 1652 1685 1828 1829 1889 2015 2078 2141 2209 2274 2345 2414 2484 2555 2627 2700 2774 2849 2925 3002 3080 3159 3225 3320 3387 3484 3485 3539 3740 3827 3915 4000 4001 4174 4277 4370 4464 4559 4655 4752 4850 4949 5040 5140 5252 5341 5459 5564 5670 5777 5885 5994 6104 6215 6327 6430 6440 6541 6669 6785 6902 7020 7139 7259 7380 7502 7602 7625 
S 3: 0 | 0 2 5 9 14 21 27 44 54 65 77 90 104 113 135 152 170 209 252 297 299 323 331 377 405 464 470 495 557 560 589 629 691 702 725 761 779 799 860 902 945 964 989 1080 1127 1175 1224 1239 1274 1320 1377 1430 1467 1539 1595 1631 1652 1685 1828 1829 1889 2015 2078 2141 2209 2274 2345 2414 2484 2555 2627 2700 2774 2849 2925 3002 3080 3159 3225 3320 3387 3484 3485 3539 3740 3827 3915 4000 4001 4174 4277 4370 4464 4559 4655 4752 4850 4949 5040 5140 5252 5341 5459 5564 5670 5777 5885 5994 6104 6215 6327 6430 6440 6541 6669 6785 6902 7020 7139 7259 7380 7502 7602 7625 
S 4: 0 | 0 2 5 9 14 21 27 44 54 65 77 90 104 113 135 152 170 209 252 297 299 323 331 377 405 464 470 495 557 560 589 629 691 702 725 761 779 799 860 902 945 964 989 1080 1127 1175 1224 1239 1274 1320 1377 1430 1467 1539 1595 1631 1652 1685 1828 1829 1889 2015 2078 2141 2209 2274 2345 2414 2484 2555 2627 2700 2774 2849 2925 3002 3080 3159 3225 3320 3387 3484 3485 3539 3740 3827 3915 4000 4001 4174 4277 4370 4464 4559 4655 4752 4850 4949 5040 5140 5252 5341 5459 5564 5670 5777 5885 5994 6104 6215 6327 6430 6440 6541 6669 6785 6902 7020 7139 7259 7380 7502 7602 7625 
ALL EQUAL

Final time = 3069.51
Final solution cost = 59712
