Reading instance small_stp_instances/pr136_10_03.stp of type D
Finished instance reading
Number of vertices = 136
Number of edges (resources) = 9180
Number of scenarios = 10
Average number of terminals per scenario = 136
Probabilities of Scenarios: (0) 0.15 | (1) 0.13 | (2) 0.14 | (3) 0.02 | (4) 0.06 | (5) 0.12 | (6) 0.08 | (7) 0.14 | (8) 0.12 | (9) 0.04 | 
Average weighted inflation = 0.150042
Largest inflation = 0.299975
MAX_ITERATIONS_SINCE_LAST_IMPROVEMENT 2
MAX_ITERATIONS_SINCE_BEST_SOLUTION 3
Creating solution instance.
Starting Evolutive Framework.
Local search solution cost = 97216.2
Local search time = 5247.77
5247.77 local search - EF main loop cycle 0 solution cost 97216.2
5247.82s Cost of SP solution after second stage solver 97216.2
Local search solution cost = 97102
Local search time = 389.945
5637.76 local search - EF main loop cycle 1 solution cost 97102
5637.78s Cost of SP solution after second stage solver 97102
Local search solution cost = 97102
Local search time = 386.635
6024.42 local search - EF main loop cycle 2 solution cost 97102
6024.45s Cost of SP solution after second stage solver 97102
Local search solution cost = 97102
Local search time = 386.373
6410.82 local search - EF main loop cycle 3 solution cost 97102
6410.84s Cost of SP solution after second stage solver 97102
Number of cycles 4
Time for each cycle 1602.71
6410.86s Cost of SP solution after tail step 97102
SELECTED RESOURCES:
10 14 15 22 38 44 47 58 65 69 92 112 126 140 169 186 203 222 266 275 296 308 314 369 377 423 434 463 484 491 520 549 550 627 696 778 779 856 860 938 945 1024 1034 1069 1125 1170 1212 1265 1313 1376 1427 1478 1531 1652 1707 1759 1769 1890 1943 2004 2015 2077 2133 2140 2202 2266 2267 2412 2549 2699 2700 2845 2849 2995 3002 3149 3159 3228 3318 3391 3477 3558 3653 3737 3817 3909 3996 4185 4274 4365 4370 4559 4645 4740 4752 4848 4937 4945 5041 5139 5140 5353 5558 5776 5777 5990 6215 6319 6430 6440 6543 6666 6779 6894 7009 7138 7256 7364 7496 7617 7874 7997 8111 8122 8364 8384 8633 8645 8769 8770 8903 8904 9031 9039 9164 9175 
SCENARIO'S RESOURCES:
S 0: 0 | 10 14 15 22 38 44 47 58 65 69 92 112 126 140 169 186 203 222 266 275 296 308 314 369 377 423 434 463 484 491 520 549 550 627 696 778 779 856 860 938 945 1024 1034 1069 1125 1170 1212 1265 1313 1376 1427 1478 1531 1652 1707 1759 1769 1890 1943 2004 2015 2077 2133 2140 2202 2266 2267 2412 2549 2699 2700 2845 2849 2995 3002 3149 3159 3228 3318 3391 3477 3558 3653 3737 3817 3909 3996 4185 4274 4365 4370 4559 4645 4740 4752 4848 4937 4945 5041 5139 5140 5353 5558 5776 5777 5990 6215 6319 6430 6440 6543 6666 6779 6894 7009 7138 7256 7364 7496 7617 7874 7997 8111 8122 8364 8384 8633 8645 8769 8770 8903 8904 9031 9039 9164 9175 
S 1: 0 | 10 14 15 22 38 44 47 58 65 69 92 112 126 140 169 186 203 222 266 275 296 308 314 369 377 423 434 463 484 491 520 549 550 627 696 778 779 856 860 938 945 1024 1034 1069 1125 1170 1212 1265 1313 1376 1427 1478 1531 1652 1707 1759 1769 1890 1943 2004 2015 2077 2133 2140 2202 2266 2267 2412 2549 2699 2700 2845 2849 2995 3002 3149 3159 3228 3318 3391 3477 3558 3653 3737 3817 3909 3996 4185 4274 4365 4370 4559 4645 4740 4752 4848 4937 4945 5041 5139 5140 5353 5558 5776 5777 5990 6215 6319 6430 6440 6543 6666 6779 6894 7009 7138 7256 7364 7496 7617 7874 7997 8111 8122 8364 8384 8633 8645 8769 8770 8903 8904 9031 9039 9164 9175 
S 2: 0 | 10 14 15 22 38 44 47 58 65 69 92 112 126 140 169 186 203 222 266 275 296 308 314 369 377 423 434 463 484 491 520 549 550 627 696 778 779 856 860 938 945 1024 1034 1069 1125 1170 1212 1265 1313 1376 1427 1478 1531 1652 1707 1759 1769 1890 1943 2004 2015 2077 2133 2140 2202 2266 2267 2412 2549 2699 2700 2845 2849 2995 3002 3149 3159 3228 3318 3391 3477 3558 3653 3737 3817 3909 3996 4185 4274 4365 4370 4559 4645 4740 4752 4848 4937 4945 5041 5139 5140 5353 5558 5776 5777 5990 6215 6319 6430 6440 6543 6666 6779 6894 7009 7138 7256 7364 7496 7617 7874 7997 8111 8122 8364 8384 8633 8645 8769 8770 8903 8904 9031 9039 9164 9175 
S 3: 0 | 10 14 15 22 38 44 47 58 65 69 92 112 126 140 169 186 203 222 266 275 296 308 314 369 377 423 434 463 484 491 520 549 550 627 696 778 779 856 860 938 945 1024 1034 1069 1125 1170 1212 1265 1313 1376 1427 1478 1531 1652 1707 1759 1769 1890 1943 2004 2015 2077 2133 2140 2202 2266 2267 2412 2549 2699 2700 2845 2849 2995 3002 3149 3159 3228 3318 3391 3477 3558 3653 3737 3817 3909 3996 4185 4274 4365 4370 4559 4645 4740 4752 4848 4937 4945 5041 5139 5140 5353 5558 5776 5777 5990 6215 6319 6430 6440 6543 6666 6779 6894 7009 7138 7256 7364 7496 7617 7874 7997 8111 8122 8364 8384 8633 8645 8769 8770 8903 8904 9031 9039 9164 9175 
S 4: 0 | 10 14 15 22 38 44 47 58 65 69 92 112 126 140 169 186 203 222 266 275 296 308 314 369 377 423 434 463 484 491 520 549 550 627 696 778 779 856 860 938 945 1024 1034 1069 1125 1170 1212 1265 1313 1376 1427 1478 1531 1652 1707 1759 1769 1890 1943 2004 2015 2077 2133 2140 2202 2266 2267 2412 2549 2699 2700 2845 2849 2995 3002 3149 3159 3228 3318 3391 3477 3558 3653 3737 3817 3909 3996 4185 4274 4365 4370 4559 4645 4740 4752 4848 4937 4945 5041 5139 5140 5353 5558 5776 5777 5990 6215 6319 6430 6440 6543 6666 6779 6894 7009 7138 7256 7364 7496 7617 7874 7997 8111 8122 8364 8384 8633 8645 8769 8770 8903 8904 9031 9039 9164 9175 
S 5: 0 | 10 14 15 22 38 44 47 58 65 69 92 112 126 140 169 186 203 222 266 275 296 308 314 369 377 423 434 463 484 491 520 549 550 627 696 778 779 856 860 938 945 1024 1034 1069 1125 1170 1212 1265 1313 1376 1427 1478 1531 1652 1707 1759 1769 1890 1943 2004 2015 2077 2133 2140 2202 2266 2267 2412 2549 2699 2700 2845 2849 2995 3002 3149 3159 3228 3318 3391 3477 3558 3653 3737 3817 3909 3996 4185 4274 4365 4370 4559 4645 4740 4752 4848 4937 4945 5041 5139 5140 5353 5558 5776 5777 5990 6215 6319 6430 6440 6543 6666 6779 6894 7009 7138 7256 7364 7496 7617 7874 7997 8111 8122 8364 8384 8633 8645 8769 8770 8903 8904 9031 9039 9164 9175 
S 6: 0 | 10 14 15 22 38 44 47 58 65 69 92 112 126 140 169 186 203 222 266 275 296 308 314 369 377 423 434 463 484 491 520 549 550 627 696 778 779 856 860 938 945 1024 1034 1069 1125 1170 1212 1265 1313 1376 1427 1478 1531 1652 1707 1759 1769 1890 1943 2004 2015 2077 2133 2140 2202 2266 2267 2412 2549 2699 2700 2845 2849 2995 3002 3149 3159 3228 3318 3391 3477 3558 3653 3737 3817 3909 3996 4185 4274 4365 4370 4559 4645 4740 4752 4848 4937 4945 5041 5139 5140 5353 5558 5776 5777 5990 6215 6319 6430 6440 6543 6666 6779 6894 7009 7138 7256 7364 7496 7617 7874 7997 8111 8122 8364 8384 8633 8645 8769 8770 8903 8904 9031 9039 9164 9175 
S 7: 0 | 10 14 15 22 38 44 47 58 65 69 92 112 126 140 169 186 203 222 266 275 296 308 314 369 377 423 434 463 484 491 520 549 550 627 696 778 779 856 860 938 945 1024 1034 1069 1125 1170 1212 1265 1313 1376 1427 1478 1531 1652 1707 1759 1769 1890 1943 2004 2015 2077 2133 2140 2202 2266 2267 2412 2549 2699 2700 2845 2849 2995 3002 3149 3159 3228 3318 3391 3477 3558 3653 3737 3817 3909 3996 4185 4274 4365 4370 4559 4645 4740 4752 4848 4937 4945 5041 5139 5140 5353 5558 5776 5777 5990 6215 6319 6430 6440 6543 6666 6779 6894 7009 7138 7256 7364 7496 7617 7874 7997 8111 8122 8364 8384 8633 8645 8769 8770 8903 8904 9031 9039 9164 9175 
S 8: 0 | 10 14 15 22 38 44 47 58 65 69 92 112 126 140 169 186 203 222 266 275 296 308 314 369 377 423 434 463 484 491 520 549 550 627 696 778 779 856 860 938 945 1024 1034 1069 1125 1170 1212 1265 1313 1376 1427 1478 1531 1652 1707 1759 1769 1890 1943 2004 2015 2077 2133 2140 2202 2266 2267 2412 2549 2699 2700 2845 2849 2995 3002 3149 3159 3228 3318 3391 3477 3558 3653 3737 3817 3909 3996 4185 4274 4365 4370 4559 4645 4740 4752 4848 4937 4945 5041 5139 5140 5353 5558 5776 5777 5990 6215 6319 6430 6440 6543 6666 6779 6894 7009 7138 7256 7364 7496 7617 7874 7997 8111 8122 8364 8384 8633 8645 8769 8770 8903 8904 9031 9039 9164 9175 
S 9: 0 | 10 14 15 22 38 44 47 58 65 69 92 112 126 140 169 186 203 222 266 275 296 308 314 369 377 423 434 463 484 491 520 549 550 627 696 778 779 856 860 938 945 1024 1034 1069 1125 1170 1212 1265 1313 1376 1427 1478 1531 1652 1707 1759 1769 1890 1943 2004 2015 2077 2133 2140 2202 2266 2267 2412 2549 2699 2700 2845 2849 2995 3002 3149 3159 3228 3318 3391 3477 3558 3653 3737 3817 3909 3996 4185 4274 4365 4370 4559 4645 4740 4752 4848 4937 4945 5041 5139 5140 5353 5558 5776 5777 5990 6215 6319 6430 6440 6543 6666 6779 6894 7009 7138 7256 7364 7496 7617 7874 7997 8111 8122 8364 8384 8633 8645 8769 8770 8903 8904 9031 9039 9164 9175 
ALL EQUAL

Final time = 6410.91
Final solution cost = 97102
