Reading instance small_stp_instances/pr136_5_03.stp of type D
Finished instance reading
Number of vertices = 136
Number of edges (resources) = 9180
Number of scenarios = 5
Average number of terminals per scenario = 136
Probabilities of Scenarios: (0) 0.06 | (1) 0.13 | (2) 0.2 | (3) 0.27 | (4) 0.34 | 
Average weighted inflation = 0.150044
Largest inflation = 0.299932
MAX_ITERATIONS_SINCE_LAST_IMPROVEMENT 2
MAX_ITERATIONS_SINCE_BEST_SOLUTION 3
Creating solution instance.
Starting Evolutive Framework.
Local search solution cost = 97360
Local search time = 3073.16
3073.16 local search - EF main loop cycle 0 solution cost 97360
3073.17s Cost of SP solution after second stage solver 97360
Local search solution cost = 97360
Local search time = 185.747
3258.92 local search - EF main loop cycle 1 solution cost 97360
3258.93s Cost of SP solution after second stage solver 97360
Local search solution cost = 97360
Local search time = 185.839
3444.77 local search - EF main loop cycle 2 solution cost 97360
3444.78s Cost of SP solution after second stage solver 97360
Number of cycles 3
Time for each cycle 1148.26
3444.79s Cost of SP solution after tail step 97360
SELECTED RESOURCES:
10 14 15 22 27 38 44 47 58 65 69 92 140 169 186 203 222 266 275 296 308 314 340 367 377 423 434 453 463 484 520 549 550 627 661 778 779 817 856 860 938 945 1024 1034 1069 1125 1170 1313 1376 1427 1478 1531 1652 1707 1759 1769 1819 1880 1890 2004 2015 2068 2078 2133 2202 2266 2267 2412 2480 2699 2700 2772 2849 2995 3002 3149 3159 3228 3318 3391 3558 3653 3737 3817 3909 3996 4185 4274 4365 4370 4446 4548 4645 4740 4752 4848 4937 4945 5041 5139 5140 5353 5558 5776 5777 5990 6208 6430 6440 6543 6666 6774 6894 7009 7138 7256 7370 7493 7496 7617 7874 8111 8127 8237 8364 8384 8633 8645 8769 8770 8903 8904 9031 9032 9164 9175 
SCENARIO'S RESOURCES:
S 0: 0 | 10 14 15 22 27 38 44 47 58 65 69 92 140 169 186 203 222 266 275 296 308 314 340 367 377 423 434 453 463 484 520 549 550 627 661 778 779 817 856 860 938 945 1024 1034 1069 1125 1170 1313 1376 1427 1478 1531 1652 1707 1759 1769 1819 1880 1890 2004 2015 2068 2078 2133 2202 2266 2267 2412 2480 2699 2700 2772 2849 2995 3002 3149 3159 3228 3318 3391 3558 3653 3737 3817 3909 3996 4185 4274 4365 4370 4446 4548 4645 4740 4752 4848 4937 4945 5041 5139 5140 5353 5558 5776 5777 5990 6208 6430 6440 6543 6666 6774 6894 7009 7138 7256 7370 7493 7496 7617 7874 8111 8127 8237 8364 8384 8633 8645 8769 8770 8903 8904 9031 9032 9164 9175 
S 1: 0 | 10 14 15 22 27 38 44 47 58 65 69 92 140 169 186 203 222 266 275 296 308 314 340 367 377 423 434 453 463 484 520 549 550 627 661 778 779 817 856 860 938 945 1024 1034 1069 1125 1170 1313 1376 1427 1478 1531 1652 1707 1759 1769 1819 1880 1890 2004 2015 2068 2078 2133 2202 2266 2267 2412 2480 2699 2700 2772 2849 2995 3002 3149 3159 3228 3318 3391 3558 3653 3737 3817 3909 3996 4185 4274 4365 4370 4446 4548 4645 4740 4752 4848 4937 4945 5041 5139 5140 5353 5558 5776 5777 5990 6208 6430 6440 6543 6666 6774 6894 7009 7138 7256 7370 7493 7496 7617 7874 8111 8127 8237 8364 8384 8633 8645 8769 8770 8903 8904 9031 9032 9164 9175 
S 2: 0 | 10 14 15 22 27 38 44 47 58 65 69 92 140 169 186 203 222 266 275 296 308 314 340 367 377 423 434 453 463 484 520 549 550 627 661 778 779 817 856 860 938 945 1024 1034 1069 1125 1170 1313 1376 1427 1478 1531 1652 1707 1759 1769 1819 1880 1890 2004 2015 2068 2078 2133 2202 2266 2267 2412 2480 2699 2700 2772 2849 2995 3002 3149 3159 3228 3318 3391 3558 3653 3737 3817 3909 3996 4185 4274 4365 4370 4446 4548 4645 4740 4752 4848 4937 4945 5041 5139 5140 5353 5558 5776 5777 5990 6208 6430 6440 6543 6666 6774 6894 7009 7138 7256 7370 7493 7496 7617 7874 8111 8127 8237 8364 8384 8633 8645 8769 8770 8903 8904 9031 9032 9164 9175 
S 3: 0 | 10 14 15 22 27 38 44 47 58 65 69 92 140 169 186 203 222 266 275 296 308 314 340 367 377 423 434 453 463 484 520 549 550 627 661 778 779 817 856 860 938 945 1024 1034 1069 1125 1170 1313 1376 1427 1478 1531 1652 1707 1759 1769 1819 1880 1890 2004 2015 2068 2078 2133 2202 2266 2267 2412 2480 2699 2700 2772 2849 2995 3002 3149 3159 3228 3318 3391 3558 3653 3737 3817 3909 3996 4185 4274 4365 4370 4446 4548 4645 4740 4752 4848 4937 4945 5041 5139 5140 5353 5558 5776 5777 5990 6208 6430 6440 6543 6666 6774 6894 7009 7138 7256 7370 7493 7496 7617 7874 8111 8127 8237 8364 8384 8633 8645 8769 8770 8903 8904 9031 9032 9164 9175 
S 4: 0 | 10 14 15 22 27 38 44 47 58 65 69 92 140 169 186 203 222 266 275 296 308 314 340 367 377 423 434 453 463 484 520 549 550 627 661 778 779 817 856 860 938 945 1024 1034 1069 1125 1170 1313 1376 1427 1478 1531 1652 1707 1759 1769 1819 1880 1890 2004 2015 2068 2078 2133 2202 2266 2267 2412 2480 2699 2700 2772 2849 2995 3002 3149 3159 3228 3318 3391 3558 3653 3737 3817 3909 3996 4185 4274 4365 4370 4446 4548 4645 4740 4752 4848 4937 4945 5041 5139 5140 5353 5558 5776 5777 5990 6208 6430 6440 6543 6666 6774 6894 7009 7138 7256 7370 7493 7496 7617 7874 8111 8127 8237 8364 8384 8633 8645 8769 8770 8903 8904 9031 9032 9164 9175 
ALL EQUAL

Final time = 3444.81
Final solution cost = 97360
