Reading instance small_stp_instances/pr136_10_10.stp of type D
Finished instance reading
Number of vertices = 136
Number of edges (resources) = 9180
Number of scenarios = 10
Average number of terminals per scenario = 136
Probabilities of Scenarios: (0) 0.09 | (1) 0.17 | (2) 0.09 | (3) 0.03 | (4) 0.12 | (5) 0.13 | (6) 0.06 | (7) 0.04 | (8) 0.18 | (9) 0.09 | 
Average weighted inflation = 0.501126
Largest inflation = 0.999863
MAX_ITERATIONS_SINCE_LAST_IMPROVEMENT 2
MAX_ITERATIONS_SINCE_BEST_SOLUTION 3
Creating solution instance.
Starting Evolutive Framework.
Local search solution cost = 98124
Local search time = 5245.67
5245.67 local search - EF main loop cycle 0 solution cost 98124
5245.7s Cost of SP solution after second stage solver 98124
Local search solution cost = 98124
Local search time = 397.032
5642.73 local search - EF main loop cycle 1 solution cost 98124
5642.76s Cost of SP solution after second stage solver 98124
Local search solution cost = 98124
Local search time = 370.215
6012.97 local search - EF main loop cycle 2 solution cost 98124
6012.99s Cost of SP solution after second stage solver 98124
Number of cycles 3
Time for each cycle 2004.33
6013.01s Cost of SP solution after tail step 98124
SELECTED RESOURCES:
10 14 15 22 27 38 44 47 58 65 69 86 92 140 169 186 203 222 252 273 314 324 340 367 377 423 434 453 463 484 519 520 550 594 661 778 779 817 856 860 938 945 981 1024 1080 1125 1170 1313 1376 1427 1478 1531 1650 1652 1759 1769 1819 1880 1890 2004 2015 2068 2078 2133 2203 2266 2267 2412 2480 2699 2700 2772 2845 2849 2995 3002 3149 3159 3228 3318 3558 3653 3737 3817 3909 3996 4185 4274 4365 4370 4453 4548 4559 4740 4752 4838 4849 4937 5041 5139 5140 5353 5455 5776 5777 5883 5990 5994 6215 6319 6430 6440 6543 6666 7009 7138 7256 7376 7496 7617 7874 7985 8122 8127 8373 8384 8633 8645 8769 8770 8900 8903 9031 9039 9164 9175 
SCENARIO'S RESOURCES:
S 0: 0 | 10 14 15 22 27 38 44 47 58 65 69 86 92 140 169 186 203 222 252 273 314 324 340 367 377 423 434 453 463 484 519 520 550 594 661 778 779 817 856 860 938 945 981 1024 1080 1125 1170 1313 1376 1427 1478 1531 1650 1652 1759 1769 1819 1880 1890 2004 2015 2068 2078 2133 2203 2266 2267 2412 2480 2699 2700 2772 2845 2849 2995 3002 3149 3159 3228 3318 3558 3653 3737 3817 3909 3996 4185 4274 4365 4370 4453 4548 4559 4740 4752 4838 4849 4937 5041 5139 5140 5353 5455 5776 5777 5883 5990 5994 6215 6319 6430 6440 6543 6666 7009 7138 7256 7376 7496 7617 7874 7985 8122 8127 8373 8384 8633 8645 8769 8770 8900 8903 9031 9039 9164 9175 
S 1: 0 | 10 14 15 22 27 38 44 47 58 65 69 86 92 140 169 186 203 222 252 273 314 324 340 367 377 423 434 453 463 484 519 520 550 594 661 778 779 817 856 860 938 945 981 1024 1080 1125 1170 1313 1376 1427 1478 1531 1650 1652 1759 1769 1819 1880 1890 2004 2015 2068 2078 2133 2203 2266 2267 2412 2480 2699 2700 2772 2845 2849 2995 3002 3149 3159 3228 3318 3558 3653 3737 3817 3909 3996 4185 4274 4365 4370 4453 4548 4559 4740 4752 4838 4849 4937 5041 5139 5140 5353 5455 5776 5777 5883 5990 5994 6215 6319 6430 6440 6543 6666 7009 7138 7256 7376 7496 7617 7874 7985 8122 8127 8373 8384 8633 8645 8769 8770 8900 8903 9031 9039 9164 9175 
S 2: 0 | 10 14 15 22 27 38 44 47 58 65 69 86 92 140 169 186 203 222 252 273 314 324 340 367 377 423 434 453 463 484 519 520 550 594 661 778 779 817 856 860 938 945 981 1024 1080 1125 1170 1313 1376 1427 1478 1531 1650 1652 1759 1769 1819 1880 1890 2004 2015 2068 2078 2133 2203 2266 2267 2412 2480 2699 2700 2772 2845 2849 2995 3002 3149 3159 3228 3318 3558 3653 3737 3817 3909 3996 4185 4274 4365 4370 4453 4548 4559 4740 4752 4838 4849 4937 5041 5139 5140 5353 5455 5776 5777 5883 5990 5994 6215 6319 6430 6440 6543 6666 7009 7138 7256 7376 7496 7617 7874 7985 8122 8127 8373 8384 8633 8645 8769 8770 8900 8903 9031 9039 9164 9175 
S 3: 0 | 10 14 15 22 27 38 44 47 58 65 69 86 92 140 169 186 203 222 252 273 314 324 340 367 377 423 434 453 463 484 519 520 550 594 661 778 779 817 856 860 938 945 981 1024 1080 1125 1170 1313 1376 1427 1478 1531 1650 1652 1759 1769 1819 1880 1890 2004 2015 2068 2078 2133 2203 2266 2267 2412 2480 2699 2700 2772 2845 2849 2995 3002 3149 3159 3228 3318 3558 3653 3737 3817 3909 3996 4185 4274 4365 4370 4453 4548 4559 4740 4752 4838 4849 4937 5041 5139 5140 5353 5455 5776 5777 5883 5990 5994 6215 6319 6430 6440 6543 6666 7009 7138 7256 7376 7496 7617 7874 7985 8122 8127 8373 8384 8633 8645 8769 8770 8900 8903 9031 9039 9164 9175 
S 4: 0 | 10 14 15 22 27 38 44 47 58 65 69 86 92 140 169 186 203 222 252 273 314 324 340 367 377 423 434 453 463 484 519 520 550 594 661 778 779 817 856 860 938 945 981 1024 1080 1125 1170 1313 1376 1427 1478 1531 1650 1652 1759 1769 1819 1880 1890 2004 2015 2068 2078 2133 2203 2266 2267 2412 2480 2699 2700 2772 2845 2849 2995 3002 3149 3159 3228 3318 3558 3653 3737 3817 3909 3996 4185 4274 4365 4370 4453 4548 4559 4740 4752 4838 4849 4937 5041 5139 5140 5353 5455 5776 5777 5883 5990 5994 6215 6319 6430 6440 6543 6666 7009 7138 7256 7376 7496 7617 7874 7985 8122 8127 8373 8384 8633 8645 8769 8770 8900 8903 9031 9039 9164 9175 
S 5: 0 | 10 14 15 22 27 38 44 47 58 65 69 86 92 140 169 186 203 222 252 273 314 324 340 367 377 423 434 453 463 484 519 520 550 594 661 778 779 817 856 860 938 945 981 1024 1080 1125 1170 1313 1376 1427 1478 1531 1650 1652 1759 1769 1819 1880 1890 2004 2015 2068 2078 2133 2203 2266 2267 2412 2480 2699 2700 2772 2845 2849 2995 3002 3149 3159 3228 3318 3558 3653 3737 3817 3909 3996 4185 4274 4365 4370 4453 4548 4559 4740 4752 4838 4849 4937 5041 5139 5140 5353 5455 5776 5777 5883 5990 5994 6215 6319 6430 6440 6543 6666 7009 7138 7256 7376 7496 7617 7874 7985 8122 8127 8373 8384 8633 8645 8769 8770 8900 8903 9031 9039 9164 9175 
S 6: 0 | 10 14 15 22 27 38 44 47 58 65 69 86 92 140 169 186 203 222 252 273 314 324 340 367 377 423 434 453 463 484 519 520 550 594 661 778 779 817 856 860 938 945 981 1024 1080 1125 1170 1313 1376 1427 1478 1531 1650 1652 1759 1769 1819 1880 1890 2004 2015 2068 2078 2133 2203 2266 2267 2412 2480 2699 2700 2772 2845 2849 2995 3002 3149 3159 3228 3318 3558 3653 3737 3817 3909 3996 4185 4274 4365 4370 4453 4548 4559 4740 4752 4838 4849 4937 5041 5139 5140 5353 5455 5776 5777 5883 5990 5994 6215 6319 6430 6440 6543 6666 7009 7138 7256 7376 7496 7617 7874 7985 8122 8127 8373 8384 8633 8645 8769 8770 8900 8903 9031 9039 9164 9175 
S 7: 0 | 10 14 15 22 27 38 44 47 58 65 69 86 92 140 169 186 203 222 252 273 314 324 340 367 377 423 434 453 463 484 519 520 550 594 661 778 779 817 856 860 938 945 981 1024 1080 1125 1170 1313 1376 1427 1478 1531 1650 1652 1759 1769 1819 1880 1890 2004 2015 2068 2078 2133 2203 2266 2267 2412 2480 2699 2700 2772 2845 2849 2995 3002 3149 3159 3228 3318 3558 3653 3737 3817 3909 3996 4185 4274 4365 4370 4453 4548 4559 4740 4752 4838 4849 4937 5041 5139 5140 5353 5455 5776 5777 5883 5990 5994 6215 6319 6430 6440 6543 6666 7009 7138 7256 7376 7496 7617 7874 7985 8122 8127 8373 8384 8633 8645 8769 8770 8900 8903 9031 9039 9164 9175 
S 8: 0 | 10 14 15 22 27 38 44 47 58 65 69 86 92 140 169 186 203 222 252 273 314 324 340 367 377 423 434 453 463 484 519 520 550 594 661 778 779 817 856 860 938 945 981 1024 1080 1125 1170 1313 1376 1427 1478 1531 1650 1652 1759 1769 1819 1880 1890 2004 2015 2068 2078 2133 2203 2266 2267 2412 2480 2699 2700 2772 2845 2849 2995 3002 3149 3159 3228 3318 3558 3653 3737 3817 3909 3996 4185 4274 4365 4370 4453 4548 4559 4740 4752 4838 4849 4937 5041 5139 5140 5353 5455 5776 5777 5883 5990 5994 6215 6319 6430 6440 6543 6666 7009 7138 7256 7376 7496 7617 7874 7985 8122 8127 8373 8384 8633 8645 8769 8770 8900 8903 9031 9039 9164 9175 
S 9: 0 | 10 14 15 22 27 38 44 47 58 65 69 86 92 140 169 186 203 222 252 273 314 324 340 367 377 423 434 453 463 484 519 520 550 594 661 778 779 817 856 860 938 945 981 1024 1080 1125 1170 1313 1376 1427 1478 1531 1650 1652 1759 1769 1819 1880 1890 2004 2015 2068 2078 2133 2203 2266 2267 2412 2480 2699 2700 2772 2845 2849 2995 3002 3149 3159 3228 3318 3558 3653 3737 3817 3909 3996 4185 4274 4365 4370 4453 4548 4559 4740 4752 4838 4849 4937 5041 5139 5140 5353 5455 5776 5777 5883 5990 5994 6215 6319 6430 6440 6543 6666 7009 7138 7256 7376 7496 7617 7874 7985 8122 8127 8373 8384 8633 8645 8769 8770 8900 8903 9031 9039 9164 9175 
ALL EQUAL

Final time = 6013.05
Final solution cost = 98124
