Reading instance small_stp_instances/pr136_10_05.stp of type D
Finished instance reading
Number of vertices = 136
Number of edges (resources) = 9180
Number of scenarios = 10
Average number of terminals per scenario = 136
Probabilities of Scenarios: (0) 0.11 | (1) 0.04 | (2) 0.17 | (3) 0.17 | (4) 0.07 | (5) 0.06 | (6) 0.14 | (7) 0.12 | (8) 0.04 | (9) 0.08 | 
Average weighted inflation = 0.250295
Largest inflation = 0.499938
MAX_ITERATIONS_SINCE_LAST_IMPROVEMENT 2
MAX_ITERATIONS_SINCE_BEST_SOLUTION 3
Creating solution instance.
Starting Evolutive Framework.
Local search solution cost = 97521
Local search time = 6330.69
6330.69 local search - EF main loop cycle 0 solution cost 97521
6330.71s Cost of SP solution after second stage solver 97521
Local search solution cost = 97521
Local search time = 381.383
6712.09 local search - EF main loop cycle 1 solution cost 97521
6712.11s Cost of SP solution after second stage solver 97521
Local search solution cost = 97521
Local search time = 381.158
7093.27 local search - EF main loop cycle 2 solution cost 97521
7093.3s Cost of SP solution after second stage solver 97521
Number of cycles 3
Time for each cycle 2364.43
7093.32s Cost of SP solution after tail step 97521
SELECTED RESOURCES:
10 14 15 22 27 38 44 47 58 65 69 92 140 169 186 203 222 266 275 284 314 324 340 367 377 423 434 453 463 484 516 549 550 627 661 778 779 817 856 860 938 945 1024 1034 1069 1125 1170 1313 1376 1427 1478 1531 1652 1707 1759 1769 1819 1880 1890 2004 2015 2068 2078 2133 2202 2266 2267 2412 2480 2699 2700 2772 2845 2849 2995 3002 3149 3159 3228 3318 3558 3653 3737 3817 3909 3996 4185 4274 4365 4370 4453 4548 4559 4740 4752 4838 4849 4937 5041 5139 5140 5353 5455 5776 5777 5883 5990 5994 6215 6319 6430 6440 6543 6666 7009 7138 7256 7376 7496 7617 7874 7985 8122 8127 8373 8384 8633 8645 8769 8770 8900 8903 9031 9039 9164 9175 
SCENARIO'S RESOURCES:
S 0: 0 | 10 14 15 22 27 38 44 47 58 65 69 92 140 169 186 203 222 266 275 284 314 324 340 367 377 423 434 453 463 484 516 549 550 627 661 778 779 817 856 860 938 945 1024 1034 1069 1125 1170 1313 1376 1427 1478 1531 1652 1707 1759 1769 1819 1880 1890 2004 2015 2068 2078 2133 2202 2266 2267 2412 2480 2699 2700 2772 2845 2849 2995 3002 3149 3159 3228 3318 3558 3653 3737 3817 3909 3996 4185 4274 4365 4370 4453 4548 4559 4740 4752 4838 4849 4937 5041 5139 5140 5353 5455 5776 5777 5883 5990 5994 6215 6319 6430 6440 6543 6666 7009 7138 7256 7376 7496 7617 7874 7985 8122 8127 8373 8384 8633 8645 8769 8770 8900 8903 9031 9039 9164 9175 
S 1: 0 | 10 14 15 22 27 38 44 47 58 65 69 92 140 169 186 203 222 266 275 284 314 324 340 367 377 423 434 453 463 484 516 549 550 627 661 778 779 817 856 860 938 945 1024 1034 1069 1125 1170 1313 1376 1427 1478 1531 1652 1707 1759 1769 1819 1880 1890 2004 2015 2068 2078 2133 2202 2266 2267 2412 2480 2699 2700 2772 2845 2849 2995 3002 3149 3159 3228 3318 3558 3653 3737 3817 3909 3996 4185 4274 4365 4370 4453 4548 4559 4740 4752 4838 4849 4937 5041 5139 5140 5353 5455 5776 5777 5883 5990 5994 6215 6319 6430 6440 6543 6666 7009 7138 7256 7376 7496 7617 7874 7985 8122 8127 8373 8384 8633 8645 8769 8770 8900 8903 9031 9039 9164 9175 
S 2: 0 | 10 14 15 22 27 38 44 47 58 65 69 92 140 169 186 203 222 266 275 284 314 324 340 367 377 423 434 453 463 484 516 549 550 627 661 778 779 817 856 860 938 945 1024 1034 1069 1125 1170 1313 1376 1427 1478 1531 1652 1707 1759 1769 1819 1880 1890 2004 2015 2068 2078 2133 2202 2266 2267 2412 2480 2699 2700 2772 2845 2849 2995 3002 3149 3159 3228 3318 3558 3653 3737 3817 3909 3996 4185 4274 4365 4370 4453 4548 4559 4740 4752 4838 4849 4937 5041 5139 5140 5353 5455 5776 5777 5883 5990 5994 6215 6319 6430 6440 6543 6666 7009 7138 7256 7376 7496 7617 7874 7985 8122 8127 8373 8384 8633 8645 8769 8770 8900 8903 9031 9039 9164 9175 
S 3: 0 | 10 14 15 22 27 38 44 47 58 65 69 92 140 169 186 203 222 266 275 284 314 324 340 367 377 423 434 453 463 484 516 549 550 627 661 778 779 817 856 860 938 945 1024 1034 1069 1125 1170 1313 1376 1427 1478 1531 1652 1707 1759 1769 1819 1880 1890 2004 2015 2068 2078 2133 2202 2266 2267 2412 2480 2699 2700 2772 2845 2849 2995 3002 3149 3159 3228 3318 3558 3653 3737 3817 3909 3996 4185 4274 4365 4370 4453 4548 4559 4740 4752 4838 4849 4937 5041 5139 5140 5353 5455 5776 5777 5883 5990 5994 6215 6319 6430 6440 6543 6666 7009 7138 7256 7376 7496 7617 7874 7985 8122 8127 8373 8384 8633 8645 8769 8770 8900 8903 9031 9039 9164 9175 
S 4: 0 | 10 14 15 22 27 38 44 47 58 65 69 92 140 169 186 203 222 266 275 284 314 324 340 367 377 423 434 453 463 484 516 549 550 627 661 778 779 817 856 860 938 945 1024 1034 1069 1125 1170 1313 1376 1427 1478 1531 1652 1707 1759 1769 1819 1880 1890 2004 2015 2068 2078 2133 2202 2266 2267 2412 2480 2699 2700 2772 2845 2849 2995 3002 3149 3159 3228 3318 3558 3653 3737 3817 3909 3996 4185 4274 4365 4370 4453 4548 4559 4740 4752 4838 4849 4937 5041 5139 5140 5353 5455 5776 5777 5883 5990 5994 6215 6319 6430 6440 6543 6666 7009 7138 7256 7376 7496 7617 7874 7985 8122 8127 8373 8384 8633 8645 8769 8770 8900 8903 9031 9039 9164 9175 
S 5: 0 | 10 14 15 22 27 38 44 47 58 65 69 92 140 169 186 203 222 266 275 284 314 324 340 367 377 423 434 453 463 484 516 549 550 627 661 778 779 817 856 860 938 945 1024 1034 1069 1125 1170 1313 1376 1427 1478 1531 1652 1707 1759 1769 1819 1880 1890 2004 2015 2068 2078 2133 2202 2266 2267 2412 2480 2699 2700 2772 2845 2849 2995 3002 3149 3159 3228 3318 3558 3653 3737 3817 3909 3996 4185 4274 4365 4370 4453 4548 4559 4740 4752 4838 4849 4937 5041 5139 5140 5353 5455 5776 5777 5883 5990 5994 6215 6319 6430 6440 6543 6666 7009 7138 7256 7376 7496 7617 7874 7985 8122 8127 8373 8384 8633 8645 8769 8770 8900 8903 9031 9039 9164 9175 
S 6: 0 | 10 14 15 22 27 38 44 47 58 65 69 92 140 169 186 203 222 266 275 284 314 324 340 367 377 423 434 453 463 484 516 549 550 627 661 778 779 817 856 860 938 945 1024 1034 1069 1125 1170 1313 1376 1427 1478 1531 1652 1707 1759 1769 1819 1880 1890 2004 2015 2068 2078 2133 2202 2266 2267 2412 2480 2699 2700 2772 2845 2849 2995 3002 3149 3159 3228 3318 3558 3653 3737 3817 3909 3996 4185 4274 4365 4370 4453 4548 4559 4740 4752 4838 4849 4937 5041 5139 5140 5353 5455 5776 5777 5883 5990 5994 6215 6319 6430 6440 6543 6666 7009 7138 7256 7376 7496 7617 7874 7985 8122 8127 8373 8384 8633 8645 8769 8770 8900 8903 9031 9039 9164 9175 
S 7: 0 | 10 14 15 22 27 38 44 47 58 65 69 92 140 169 186 203 222 266 275 284 314 324 340 367 377 423 434 453 463 484 516 549 550 627 661 778 779 817 856 860 938 945 1024 1034 1069 1125 1170 1313 1376 1427 1478 1531 1652 1707 1759 1769 1819 1880 1890 2004 2015 2068 2078 2133 2202 2266 2267 2412 2480 2699 2700 2772 2845 2849 2995 3002 3149 3159 3228 3318 3558 3653 3737 3817 3909 3996 4185 4274 4365 4370 4453 4548 4559 4740 4752 4838 4849 4937 5041 5139 5140 5353 5455 5776 5777 5883 5990 5994 6215 6319 6430 6440 6543 6666 7009 7138 7256 7376 7496 7617 7874 7985 8122 8127 8373 8384 8633 8645 8769 8770 8900 8903 9031 9039 9164 9175 
S 8: 0 | 10 14 15 22 27 38 44 47 58 65 69 92 140 169 186 203 222 266 275 284 314 324 340 367 377 423 434 453 463 484 516 549 550 627 661 778 779 817 856 860 938 945 1024 1034 1069 1125 1170 1313 1376 1427 1478 1531 1652 1707 1759 1769 1819 1880 1890 2004 2015 2068 2078 2133 2202 2266 2267 2412 2480 2699 2700 2772 2845 2849 2995 3002 3149 3159 3228 3318 3558 3653 3737 3817 3909 3996 4185 4274 4365 4370 4453 4548 4559 4740 4752 4838 4849 4937 5041 5139 5140 5353 5455 5776 5777 5883 5990 5994 6215 6319 6430 6440 6543 6666 7009 7138 7256 7376 7496 7617 7874 7985 8122 8127 8373 8384 8633 8645 8769 8770 8900 8903 9031 9039 9164 9175 
S 9: 0 | 10 14 15 22 27 38 44 47 58 65 69 92 140 169 186 203 222 266 275 284 314 324 340 367 377 423 434 453 463 484 516 549 550 627 661 778 779 817 856 860 938 945 1024 1034 1069 1125 1170 1313 1376 1427 1478 1531 1652 1707 1759 1769 1819 1880 1890 2004 2015 2068 2078 2133 2202 2266 2267 2412 2480 2699 2700 2772 2845 2849 2995 3002 3149 3159 3228 3318 3558 3653 3737 3817 3909 3996 4185 4274 4365 4370 4453 4548 4559 4740 4752 4838 4849 4937 5041 5139 5140 5353 5455 5776 5777 5883 5990 5994 6215 6319 6430 6440 6543 6666 7009 7138 7256 7376 7496 7617 7874 7985 8122 8127 8373 8384 8633 8645 8769 8770 8900 8903 9031 9039 9164 9175 
ALL EQUAL

Final time = 7093.37
Final solution cost = 97521
