Reading instance small_stp_instances/pr136_5_05.stp of type D
Finished instance reading
Number of vertices = 136
Number of edges (resources) = 9180
Number of scenarios = 5
Average number of terminals per scenario = 136
Probabilities of Scenarios: (0) 0.03 | (1) 0.36 | (2) 0.14 | (3) 0.2 | (4) 0.27 | 
Average weighted inflation = 0.249056
Largest inflation = 0.499944
MAX_ITERATIONS_SINCE_LAST_IMPROVEMENT 2
MAX_ITERATIONS_SINCE_BEST_SOLUTION 3
Creating solution instance.
Starting Evolutive Framework.
Local search solution cost = 98840.2
Local search time = 3936.34
3936.34 local search - EF main loop cycle 0 solution cost 98840.2
3936.38s Cost of SP solution after second stage solver 98840.2
Local search solution cost = 98449
Local search time = 188.121
4124.5 local search - EF main loop cycle 1 solution cost 98449
4124.51s Cost of SP solution after second stage solver 98449
Local search solution cost = 98449
Local search time = 187.301
4311.81 local search - EF main loop cycle 2 solution cost 98449
4311.82s Cost of SP solution after second stage solver 98449
Local search solution cost = 98449
Local search time = 187.226
4499.05 local search - EF main loop cycle 3 solution cost 98449
4499.06s Cost of SP solution after second stage solver 98449
Number of cycles 4
Time for each cycle 1124.76
4499.07s Cost of SP solution after tail step 98449
SELECTED RESOURCES:
10 14 15 22 27 38 47 58 69 87 99 106 140 169 185 186 203 222 242 263 275 308 324 367 377 423 434 453 463 491 516 520 549 594 661 778 779 817 856 860 938 945 981 1024 1034 1170 1313 1376 1427 1478 1531 1586 1643 1652 1759 1769 1819 1880 1890 2004 2015 2068 2078 2133 2199 2203 2266 2345 2480 2699 2700 2772 2845 2995 3002 3072 3159 3228 3396 3477 3558 3653 3737 3817 3909 3995 3996 4176 4185 4365 4370 4550 4559 4740 4752 4849 4937 4945 5038 5042 5140 5252 5558 5776 5777 5990 6208 6215 6440 6543 6658 6774 6894 7009 7138 7256 7369 7496 7617 7739 7862 7985 8122 8127 8364 8384 8633 8645 8769 8770 8900 8903 9031 9039 9164 9175 
SCENARIO'S RESOURCES:
S 0: 0 | 10 14 15 22 27 38 47 58 69 87 99 106 140 169 185 186 203 222 242 263 275 308 324 367 377 423 434 453 463 491 516 520 549 594 661 778 779 817 856 860 938 945 981 1024 1034 1170 1313 1376 1427 1478 1531 1586 1643 1652 1759 1769 1819 1880 1890 2004 2015 2068 2078 2133 2199 2203 2266 2345 2480 2699 2700 2772 2845 2995 3002 3072 3159 3228 3396 3477 3558 3653 3737 3817 3909 3995 3996 4176 4185 4365 4370 4550 4559 4740 4752 4849 4937 4945 5038 5042 5140 5252 5558 5776 5777 5990 6208 6215 6440 6543 6658 6774 6894 7009 7138 7256 7369 7496 7617 7739 7862 7985 8122 8127 8364 8384 8633 8645 8769 8770 8900 8903 9031 9039 9164 9175 
S 1: 0 | 10 14 15 22 27 38 47 58 69 87 99 106 140 169 185 186 203 222 242 263 275 308 324 367 377 423 434 453 463 491 516 520 549 594 661 778 779 817 856 860 938 945 981 1024 1034 1170 1313 1376 1427 1478 1531 1586 1643 1652 1759 1769 1819 1880 1890 2004 2015 2068 2078 2133 2199 2203 2266 2345 2480 2699 2700 2772 2845 2995 3002 3072 3159 3228 3396 3477 3558 3653 3737 3817 3909 3995 3996 4176 4185 4365 4370 4550 4559 4740 4752 4849 4937 4945 5038 5042 5140 5252 5558 5776 5777 5990 6208 6215 6440 6543 6658 6774 6894 7009 7138 7256 7369 7496 7617 7739 7862 7985 8122 8127 8364 8384 8633 8645 8769 8770 8900 8903 9031 9039 9164 9175 
S 2: 0 | 10 14 15 22 27 38 47 58 69 87 99 106 140 169 185 186 203 222 242 263 275 308 324 367 377 423 434 453 463 491 516 520 549 594 661 778 779 817 856 860 938 945 981 1024 1034 1170 1313 1376 1427 1478 1531 1586 1643 1652 1759 1769 1819 1880 1890 2004 2015 2068 2078 2133 2199 2203 2266 2345 2480 2699 2700 2772 2845 2995 3002 3072 3159 3228 3396 3477 3558 3653 3737 3817 3909 3995 3996 4176 4185 4365 4370 4550 4559 4740 4752 4849 4937 4945 5038 5042 5140 5252 5558 5776 5777 5990 6208 6215 6440 6543 6658 6774 6894 7009 7138 7256 7369 7496 7617 7739 7862 7985 8122 8127 8364 8384 8633 8645 8769 8770 8900 8903 9031 9039 9164 9175 
S 3: 0 | 10 14 15 22 27 38 47 58 69 87 99 106 140 169 185 186 203 222 242 263 275 308 324 367 377 423 434 453 463 491 516 520 549 594 661 778 779 817 856 860 938 945 981 1024 1034 1170 1313 1376 1427 1478 1531 1586 1643 1652 1759 1769 1819 1880 1890 2004 2015 2068 2078 2133 2199 2203 2266 2345 2480 2699 2700 2772 2845 2995 3002 3072 3159 3228 3396 3477 3558 3653 3737 3817 3909 3995 3996 4176 4185 4365 4370 4550 4559 4740 4752 4849 4937 4945 5038 5042 5140 5252 5558 5776 5777 5990 6208 6215 6440 6543 6658 6774 6894 7009 7138 7256 7369 7496 7617 7739 7862 7985 8122 8127 8364 8384 8633 8645 8769 8770 8900 8903 9031 9039 9164 9175 
S 4: 0 | 10 14 15 22 27 38 47 58 69 87 99 106 140 169 185 186 203 222 242 263 275 308 324 367 377 423 434 453 463 491 516 520 549 594 661 778 779 817 856 860 938 945 981 1024 1034 1170 1313 1376 1427 1478 1531 1586 1643 1652 1759 1769 1819 1880 1890 2004 2015 2068 2078 2133 2199 2203 2266 2345 2480 2699 2700 2772 2845 2995 3002 3072 3159 3228 3396 3477 3558 3653 3737 3817 3909 3995 3996 4176 4185 4365 4370 4550 4559 4740 4752 4849 4937 4945 5038 5042 5140 5252 5558 5776 5777 5990 6208 6215 6440 6543 6658 6774 6894 7009 7138 7256 7369 7496 7617 7739 7862 7985 8122 8127 8364 8384 8633 8645 8769 8770 8900 8903 9031 9039 9164 9175 
ALL EQUAL

Final time = 4499.1
Final solution cost = 98449
