Reading instance small_stp_instances/pr136_5_10.stp of type D
Finished instance reading
Number of vertices = 136
Number of edges (resources) = 9180
Number of scenarios = 5
Average number of terminals per scenario = 136
Probabilities of Scenarios: (0) 0.28 | (1) 0.17 | (2) 0.24 | (3) 0.04 | (4) 0.27 | 
Average weighted inflation = 0.499878
Largest inflation = 0.999909
MAX_ITERATIONS_SINCE_LAST_IMPROVEMENT 2
MAX_ITERATIONS_SINCE_BEST_SOLUTION 3
Creating solution instance.
Starting Evolutive Framework.
Local search solution cost = 97780
Local search time = 4084.43
4084.43 local search - EF main loop cycle 0 solution cost 97780
4084.44s Cost of SP solution after second stage solver 97780
Local search solution cost = 97780
Local search time = 187.801
4272.24 local search - EF main loop cycle 1 solution cost 97780
4272.25s Cost of SP solution after second stage solver 97780
Local search solution cost = 97780
Local search time = 187.793
4460.04 local search - EF main loop cycle 2 solution cost 97780
4460.05s Cost of SP solution after second stage solver 97780
Number of cycles 3
Time for each cycle 1486.68
4460.06s Cost of SP solution after tail step 97780
SELECTED RESOURCES:
10 14 15 22 27 38 44 47 58 65 69 92 99 140 169 186 203 222 266 275 320 324 340 367 377 423 434 453 463 484 520 549 550 627 661 778 779 817 856 860 938 945 1024 1034 1069 1125 1170 1313 1376 1427 1478 1531 1652 1707 1759 1769 1819 1880 1890 2004 2015 2068 2078 2133 2202 2266 2267 2412 2480 2699 2700 2772 2845 2849 3002 3072 3149 3159 3228 3317 3558 3653 3737 3817 3909 3996 4183 4185 4365 4370 4453 4550 4559 4740 4752 4836 4849 4937 5042 5139 5140 5353 5455 5776 5777 5883 5990 5994 6319 6430 6440 6543 6666 7009 7138 7256 7370 7376 7496 7617 7874 7986 8111 8127 8373 8384 8633 8645 8769 8770 8900 8903 9031 9039 9164 9175 
SCENARIO'S RESOURCES:
S 0: 0 | 10 14 15 22 27 38 44 47 58 65 69 92 99 140 169 186 203 222 266 275 320 324 340 367 377 423 434 453 463 484 520 549 550 627 661 778 779 817 856 860 938 945 1024 1034 1069 1125 1170 1313 1376 1427 1478 1531 1652 1707 1759 1769 1819 1880 1890 2004 2015 2068 2078 2133 2202 2266 2267 2412 2480 2699 2700 2772 2845 2849 3002 3072 3149 3159 3228 3317 3558 3653 3737 3817 3909 3996 4183 4185 4365 4370 4453 4550 4559 4740 4752 4836 4849 4937 5042 5139 5140 5353 5455 5776 5777 5883 5990 5994 6319 6430 6440 6543 6666 7009 7138 7256 7370 7376 7496 7617 7874 7986 8111 8127 8373 8384 8633 8645 8769 8770 8900 8903 9031 9039 9164 9175 
S 1: 0 | 10 14 15 22 27 38 44 47 58 65 69 92 99 140 169 186 203 222 266 275 320 324 340 367 377 423 434 453 463 484 520 549 550 627 661 778 779 817 856 860 938 945 1024 1034 1069 1125 1170 1313 1376 1427 1478 1531 1652 1707 1759 1769 1819 1880 1890 2004 2015 2068 2078 2133 2202 2266 2267 2412 2480 2699 2700 2772 2845 2849 3002 3072 3149 3159 3228 3317 3558 3653 3737 3817 3909 3996 4183 4185 4365 4370 4453 4550 4559 4740 4752 4836 4849 4937 5042 5139 5140 5353 5455 5776 5777 5883 5990 5994 6319 6430 6440 6543 6666 7009 7138 7256 7370 7376 7496 7617 7874 7986 8111 8127 8373 8384 8633 8645 8769 8770 8900 8903 9031 9039 9164 9175 
S 2: 0 | 10 14 15 22 27 38 44 47 58 65 69 92 99 140 169 186 203 222 266 275 320 324 340 367 377 423 434 453 463 484 520 549 550 627 661 778 779 817 856 860 938 945 1024 1034 1069 1125 1170 1313 1376 1427 1478 1531 1652 1707 1759 1769 1819 1880 1890 2004 2015 2068 2078 2133 2202 2266 2267 2412 2480 2699 2700 2772 2845 2849 3002 3072 3149 3159 3228 3317 3558 3653 3737 3817 3909 3996 4183 4185 4365 4370 4453 4550 4559 4740 4752 4836 4849 4937 5042 5139 5140 5353 5455 5776 5777 5883 5990 5994 6319 6430 6440 6543 6666 7009 7138 7256 7370 7376 7496 7617 7874 7986 8111 8127 8373 8384 8633 8645 8769 8770 8900 8903 9031 9039 9164 9175 
S 3: 0 | 10 14 15 22 27 38 44 47 58 65 69 92 99 140 169 186 203 222 266 275 320 324 340 367 377 423 434 453 463 484 520 549 550 627 661 778 779 817 856 860 938 945 1024 1034 1069 1125 1170 1313 1376 1427 1478 1531 1652 1707 1759 1769 1819 1880 1890 2004 2015 2068 2078 2133 2202 2266 2267 2412 2480 2699 2700 2772 2845 2849 3002 3072 3149 3159 3228 3317 3558 3653 3737 3817 3909 3996 4183 4185 4365 4370 4453 4550 4559 4740 4752 4836 4849 4937 5042 5139 5140 5353 5455 5776 5777 5883 5990 5994 6319 6430 6440 6543 6666 7009 7138 7256 7370 7376 7496 7617 7874 7986 8111 8127 8373 8384 8633 8645 8769 8770 8900 8903 9031 9039 9164 9175 
S 4: 0 | 10 14 15 22 27 38 44 47 58 65 69 92 99 140 169 186 203 222 266 275 320 324 340 367 377 423 434 453 463 484 520 549 550 627 661 778 779 817 856 860 938 945 1024 1034 1069 1125 1170 1313 1376 1427 1478 1531 1652 1707 1759 1769 1819 1880 1890 2004 2015 2068 2078 2133 2202 2266 2267 2412 2480 2699 2700 2772 2845 2849 3002 3072 3149 3159 3228 3317 3558 3653 3737 3817 3909 3996 4183 4185 4365 4370 4453 4550 4559 4740 4752 4836 4849 4937 5042 5139 5140 5353 5455 5776 5777 5883 5990 5994 6319 6430 6440 6543 6666 7009 7138 7256 7370 7376 7496 7617 7874 7986 8111 8127 8373 8384 8633 8645 8769 8770 8900 8903 9031 9039 9164 9175 
ALL EQUAL

Final time = 4460.09
Final solution cost = 97780
