Reading instance small_stp_instances/pr144_10_05.stp of type D
Finished instance reading
Number of vertices = 144
Number of edges (resources) = 10296
Number of scenarios = 10
Average number of terminals per scenario = 144
Probabilities of Scenarios: (0) 0.1 | (1) 0.16 | (2) 0.18 | (3) 0.16 | (4) 0.02 | (5) 0.1 | (6) 0.11 | (7) 0 | (8) 0.12 | (9) 0.05 | 
Average weighted inflation = 0.249932
Largest inflation = 0.499949
MAX_ITERATIONS_SINCE_LAST_IMPROVEMENT 2
MAX_ITERATIONS_SINCE_BEST_SOLUTION 3
Creating solution instance.
Starting Evolutive Framework.
Local search solution cost = 61239.2
Local search time = 37256.6
37256.6 local search - EF main loop cycle 0 solution cost 61239.2
37256.8s Cost of SP solution after second stage solver 61239.2
Local search solution cost = 60455
Local search time = 476.875
37733.7 local search - EF main loop cycle 1 solution cost 60455
37733.7s Cost of SP solution after second stage solver 60455
Local search solution cost = 60455
Local search time = 463.949
38197.6 local search - EF main loop cycle 2 solution cost 60455
38197.6s Cost of SP solution after second stage solver 60455
Local search solution cost = 60455
Local search time = 464.169
38661.8 local search - EF main loop cycle 3 solution cost 60455
38661.8s Cost of SP solution after second stage solver 60455
Number of cycles 4
Time for each cycle 9665.46
38661.9s Cost of SP solution after tail step 60455
SELECTED RESOURCES:
0 1 5 9 14 27 34 44 64 65 76 90 104 119 152 160 189 209 215 252 299 350 352 402 405 432 495 527 557 560 586 618 629 652 702 740 761 779 797 835 860 877 945 989 1080 1127 1158 1224 1274 1325 1377 1430 1484 1539 1595 1652 1700 1768 1769 1815 1890 1952 2015 2079 2144 2210 2277 2345 2414 2529 2555 2625 2700 2774 2849 2925 3002 3159 3239 3320 3402 3485 3569 3654 3733 3827 3905 4004 4075 4185 4370 4463 4559 4653 4752 4842 4848 4948 5049 5150 5238 5252 5459 5563 5670 5775 5884 5971 5993 6103 6215 6327 6440 6646 6785 6902 7138 7139 7258 7380 7502 7625 7749 7874 8000 8127 8242 8383 8384 8499 8645 8777 8910 9044 9179 9315 9452 9590 9729 9843 10009 10151 10294 10295 
SCENARIO'S RESOURCES:
S 0: 0 | 0 1 5 9 14 27 34 44 64 65 76 90 104 119 152 160 189 209 215 252 299 350 352 402 405 432 495 527 557 560 586 618 629 652 702 740 761 779 797 835 860 877 945 989 1080 1127 1158 1224 1274 1325 1377 1430 1484 1539 1595 1652 1700 1768 1769 1815 1890 1952 2015 2079 2144 2210 2277 2345 2414 2529 2555 2625 2700 2774 2849 2925 3002 3159 3239 3320 3402 3485 3569 3654 3733 3827 3905 4004 4075 4185 4370 4463 4559 4653 4752 4842 4848 4948 5049 5150 5238 5252 5459 5563 5670 5775 5884 5971 5993 6103 6215 6327 6440 6646 6785 6902 7138 7139 7258 7380 7502 7625 7749 7874 8000 8127 8242 8383 8384 8499 8645 8777 8910 9044 9179 9315 9452 9590 9729 9843 10009 10151 10294 10295 
S 1: 0 | 0 1 5 9 14 27 34 44 64 65 76 90 104 119 152 160 189 209 215 252 299 350 352 402 405 432 495 527 557 560 586 618 629 652 702 740 761 779 797 835 860 877 945 989 1080 1127 1158 1224 1274 1325 1377 1430 1484 1539 1595 1652 1700 1768 1769 1815 1890 1952 2015 2079 2144 2210 2277 2345 2414 2529 2555 2625 2700 2774 2849 2925 3002 3159 3239 3320 3402 3485 3569 3654 3733 3827 3905 4004 4075 4185 4370 4463 4559 4653 4752 4842 4848 4948 5049 5150 5238 5252 5459 5563 5670 5775 5884 5971 5993 6103 6215 6327 6440 6646 6785 6902 7138 7139 7258 7380 7502 7625 7749 7874 8000 8127 8242 8383 8384 8499 8645 8777 8910 9044 9179 9315 9452 9590 9729 9843 10009 10151 10294 10295 
S 2: 0 | 0 1 5 9 14 27 34 44 64 65 76 90 104 119 152 160 189 209 215 252 299 350 352 402 405 432 495 527 557 560 586 618 629 652 702 740 761 779 797 835 860 877 945 989 1080 1127 1158 1224 1274 1325 1377 1430 1484 1539 1595 1652 1700 1768 1769 1815 1890 1952 2015 2079 2144 2210 2277 2345 2414 2529 2555 2625 2700 2774 2849 2925 3002 3159 3239 3320 3402 3485 3569 3654 3733 3827 3905 4004 4075 4185 4370 4463 4559 4653 4752 4842 4848 4948 5049 5150 5238 5252 5459 5563 5670 5775 5884 5971 5993 6103 6215 6327 6440 6646 6785 6902 7138 7139 7258 7380 7502 7625 7749 7874 8000 8127 8242 8383 8384 8499 8645 8777 8910 9044 9179 9315 9452 9590 9729 9843 10009 10151 10294 10295 
S 3: 0 | 0 1 5 9 14 27 34 44 64 65 76 90 104 119 152 160 189 209 215 252 299 350 352 402 405 432 495 527 557 560 586 618 629 652 702 740 761 779 797 835 860 877 945 989 1080 1127 1158 1224 1274 1325 1377 1430 1484 1539 1595 1652 1700 1768 1769 1815 1890 1952 2015 2079 2144 2210 2277 2345 2414 2529 2555 2625 2700 2774 2849 2925 3002 3159 3239 3320 3402 3485 3569 3654 3733 3827 3905 4004 4075 4185 4370 4463 4559 4653 4752 4842 4848 4948 5049 5150 5238 5252 5459 5563 5670 5775 5884 5971 5993 6103 6215 6327 6440 6646 6785 6902 7138 7139 7258 7380 7502 7625 7749 7874 8000 8127 8242 8383 8384 8499 8645 8777 8910 9044 9179 9315 9452 9590 9729 9843 10009 10151 10294 10295 
S 4: 0 | 0 1 5 9 14 27 34 44 64 65 76 90 104 119 152 160 189 209 215 252 299 350 352 402 405 432 495 527 557 560 586 618 629 652 702 740 761 779 797 835 860 877 945 989 1080 1127 1158 1224 1274 1325 1377 1430 1484 1539 1595 1652 1700 1768 1769 1815 1890 1952 2015 2079 2144 2210 2277 2345 2414 2529 2555 2625 2700 2774 2849 2925 3002 3159 3239 3320 3402 3485 3569 3654 3733 3827 3905 4004 4075 4185 4370 4463 4559 4653 4752 4842 4848 4948 5049 5150 5238 5252 5459 5563 5670 5775 5884 5971 5993 6103 6215 6327 6440 6646 6785 6902 7138 7139 7258 7380 7502 7625 7749 7874 8000 8127 8242 8383 8384 8499 8645 8777 8910 9044 9179 9315 9452 9590 9729 9843 10009 10151 10294 10295 
S 5: 0 | 0 1 5 9 14 27 34 44 64 65 76 90 104 119 152 160 189 209 215 252 299 350 352 402 405 432 495 527 557 560 586 618 629 652 702 740 761 779 797 835 860 877 945 989 1080 1127 1158 1224 1274 1325 1377 1430 1484 1539 1595 1652 1700 1768 1769 1815 1890 1952 2015 2079 2144 2210 2277 2345 2414 2529 2555 2625 2700 2774 2849 2925 3002 3159 3239 3320 3402 3485 3569 3654 3733 3827 3905 4004 4075 4185 4370 4463 4559 4653 4752 4842 4848 4948 5049 5150 5238 5252 5459 5563 5670 5775 5884 5971 5993 6103 6215 6327 6440 6646 6785 6902 7138 7139 7258 7380 7502 7625 7749 7874 8000 8127 8242 8383 8384 8499 8645 8777 8910 9044 9179 9315 9452 9590 9729 9843 10009 10151 10294 10295 
S 6: 0 | 0 1 5 9 14 27 34 44 64 65 76 90 104 119 152 160 189 209 215 252 299 350 352 402 405 432 495 527 557 560 586 618 629 652 702 740 761 779 797 835 860 877 945 989 1080 1127 1158 1224 1274 1325 1377 1430 1484 1539 1595 1652 1700 1768 1769 1815 1890 1952 2015 2079 2144 2210 2277 2345 2414 2529 2555 2625 2700 2774 2849 2925 3002 3159 3239 3320 3402 3485 3569 3654 3733 3827 3905 4004 4075 4185 4370 4463 4559 4653 4752 4842 4848 4948 5049 5150 5238 5252 5459 5563 5670 5775 5884 5971 5993 6103 6215 6327 6440 6646 6785 6902 7138 7139 7258 7380 7502 7625 7749 7874 8000 8127 8242 8383 8384 8499 8645 8777 8910 9044 9179 9315 9452 9590 9729 9843 10009 10151 10294 10295 
S 7: 0 | 0 1 5 9 14 27 34 44 64 65 76 90 104 119 152 160 189 209 215 252 299 350 352 402 405 432 495 527 557 560 586 618 629 652 702 740 761 779 797 835 860 877 945 989 1080 1127 1158 1224 1274 1325 1377 1430 1484 1539 1595 1652 1700 1768 1769 1815 1890 1952 2015 2079 2144 2210 2277 2345 2414 2529 2555 2625 2700 2774 2849 2925 3002 3159 3239 3320 3402 3485 3569 3654 3733 3827 3905 4004 4075 4185 4370 4463 4559 4653 4752 4842 4848 4948 5049 5150 5238 5252 5459 5563 5670 5775 5884 5971 5993 6103 6215 6327 6440 6646 6785 6902 7138 7139 7258 7380 7502 7625 7749 7874 8000 8127 8242 8383 8384 8499 8645 8777 8910 9044 9179 9315 9452 9590 9729 9843 10009 10151 10294 10295 
S 8: 0 | 0 1 5 9 14 27 34 44 64 65 76 90 104 119 152 160 189 209 215 252 299 350 352 402 405 432 495 527 557 560 586 618 629 652 702 740 761 779 797 835 860 877 945 989 1080 1127 1158 1224 1274 1325 1377 1430 1484 1539 1595 1652 1700 1768 1769 1815 1890 1952 2015 2079 2144 2210 2277 2345 2414 2529 2555 2625 2700 2774 2849 2925 3002 3159 3239 3320 3402 3485 3569 3654 3733 3827 3905 4004 4075 4185 4370 4463 4559 4653 4752 4842 4848 4948 5049 5150 5238 5252 5459 5563 5670 5775 5884 5971 5993 6103 6215 6327 6440 6646 6785 6902 7138 7139 7258 7380 7502 7625 7749 7874 8000 8127 8242 8383 8384 8499 8645 8777 8910 9044 9179 9315 9452 9590 9729 9843 10009 10151 10294 10295 
S 9: 0 | 0 1 5 9 14 27 34 44 64 65 76 90 104 119 152 160 189 209 215 252 299 350 352 402 405 432 495 527 557 560 586 618 629 652 702 740 761 779 797 835 860 877 945 989 1080 1127 1158 1224 1274 1325 1377 1430 1484 1539 1595 1652 1700 1768 1769 1815 1890 1952 2015 2079 2144 2210 2277 2345 2414 2529 2555 2625 2700 2774 2849 2925 3002 3159 3239 3320 3402 3485 3569 3654 3733 3827 3905 4004 4075 4185 4370 4463 4559 4653 4752 4842 4848 4948 5049 5150 5238 5252 5459 5563 5670 5775 5884 5971 5993 6103 6215 6327 6440 6646 6785 6902 7138 7139 7258 7380 7502 7625 7749 7874 8000 8127 8242 8383 8384 8499 8645 8777 8910 9044 9179 9315 9452 9590 9729 9843 10009 10151 10294 10295 
ALL EQUAL

Final time = 38661.9
Final solution cost = 60455
