Reading instance small_stp_instances/pr144_5_10.stp of type D
Finished instance reading
Number of vertices = 144
Number of edges (resources) = 10296
Number of scenarios = 5
Average number of terminals per scenario = 144
Probabilities of Scenarios: (0) 0.09 | (1) 0.16 | (2) 0.2 | (3) 0.52 | (4) 0.03 | 
Average weighted inflation = 0.496805
Largest inflation = 0.999894
MAX_ITERATIONS_SINCE_LAST_IMPROVEMENT 2
MAX_ITERATIONS_SINCE_BEST_SOLUTION 3
Creating solution instance.
Starting Evolutive Framework.
Local search solution cost = 61926.7
Local search time = 17765.5
17765.5 local search - EF main loop cycle 0 solution cost 61926.7
17765.6s Cost of SP solution after second stage solver 61926.7
Local search solution cost = 61225.4
Local search time = 243.358
18008.9 local search - EF main loop cycle 1 solution cost 61225.4
18009s Cost of SP solution after second stage solver 61225.4
Local search solution cost = 61147
Local search time = 232.539
18241.5 local search - EF main loop cycle 2 solution cost 61147
18241.5s Cost of SP solution after second stage solver 61147
Local search solution cost = 61147
Local search time = 232.784
18474.3 local search - EF main loop cycle 3 solution cost 61147
18474.3s Cost of SP solution after second stage solver 61147
Local search solution cost = 61147
Local search time = 232.685
18707 local search - EF main loop cycle 4 solution cost 61147
18707s Cost of SP solution after second stage solver 61147
Number of cycles 5
Time for each cycle 3741.4
18707s Cost of SP solution after tail step 61147
SELECTED RESOURCES:
0 1 5 9 14 27 34 44 54 65 77 90 104 119 160 188 189 207 215 252 299 323 350 352 404 405 495 527 557 560 590 619 629 652 702 740 761 779 796 835 860 877 945 989 1080 1126 1158 1224 1274 1325 1377 1430 1484 1539 1595 1642 1652 1758 1769 1890 1952 2015 2079 2144 2210 2277 2345 2414 2484 2529 2555 2700 2774 2849 2925 3002 3061 3159 3239 3320 3402 3485 3569 3654 3715 3827 3905 4004 4077 4185 4370 4464 4559 4655 4752 4842 4850 4943 5049 5137 5251 5252 5338 5459 5564 5670 5777 5885 5994 6104 6215 6327 6440 6646 6785 7019 7138 7139 7257 7380 7502 7625 7749 7874 8000 8127 8242 8383 8384 8645 8777 8892 8910 9041 9179 9315 9452 9590 9729 9869 9983 10151 10294 10295 
SCENARIO'S RESOURCES:
S 0: 0 | 0 1 5 9 14 27 34 44 54 65 77 90 104 119 160 188 189 207 215 252 299 323 350 352 404 405 495 527 557 560 590 619 629 652 702 740 761 779 796 835 860 877 945 989 1080 1126 1158 1224 1274 1325 1377 1430 1484 1539 1595 1642 1652 1758 1769 1890 1952 2015 2079 2144 2210 2277 2345 2414 2484 2529 2555 2700 2774 2849 2925 3002 3061 3159 3239 3320 3402 3485 3569 3654 3715 3827 3905 4004 4077 4185 4370 4464 4559 4655 4752 4842 4850 4943 5049 5137 5251 5252 5338 5459 5564 5670 5777 5885 5994 6104 6215 6327 6440 6646 6785 7019 7138 7139 7257 7380 7502 7625 7749 7874 8000 8127 8242 8383 8384 8645 8777 8892 8910 9041 9179 9315 9452 9590 9729 9869 9983 10151 10294 10295 
S 1: 0 | 0 1 5 9 14 27 34 44 54 65 77 90 104 119 160 188 189 207 215 252 299 323 350 352 404 405 495 527 557 560 590 619 629 652 702 740 761 779 796 835 860 877 945 989 1080 1126 1158 1224 1274 1325 1377 1430 1484 1539 1595 1642 1652 1758 1769 1890 1952 2015 2079 2144 2210 2277 2345 2414 2484 2529 2555 2700 2774 2849 2925 3002 3061 3159 3239 3320 3402 3485 3569 3654 3715 3827 3905 4004 4077 4185 4370 4464 4559 4655 4752 4842 4850 4943 5049 5137 5251 5252 5338 5459 5564 5670 5777 5885 5994 6104 6215 6327 6440 6646 6785 7019 7138 7139 7257 7380 7502 7625 7749 7874 8000 8127 8242 8383 8384 8645 8777 8892 8910 9041 9179 9315 9452 9590 9729 9869 9983 10151 10294 10295 
S 2: 0 | 0 1 5 9 14 27 34 44 54 65 77 90 104 119 160 188 189 207 215 252 299 323 350 352 404 405 495 527 557 560 590 619 629 652 702 740 761 779 796 835 860 877 945 989 1080 1126 1158 1224 1274 1325 1377 1430 1484 1539 1595 1642 1652 1758 1769 1890 1952 2015 2079 2144 2210 2277 2345 2414 2484 2529 2555 2700 2774 2849 2925 3002 3061 3159 3239 3320 3402 3485 3569 3654 3715 3827 3905 4004 4077 4185 4370 4464 4559 4655 4752 4842 4850 4943 5049 5137 5251 5252 5338 5459 5564 5670 5777 5885 5994 6104 6215 6327 6440 6646 6785 7019 7138 7139 7257 7380 7502 7625 7749 7874 8000 8127 8242 8383 8384 8645 8777 8892 8910 9041 9179 9315 9452 9590 9729 9869 9983 10151 10294 10295 
S 3: 0 | 0 1 5 9 14 27 34 44 54 65 77 90 104 119 160 188 189 207 215 252 299 323 350 352 404 405 495 527 557 560 590 619 629 652 702 740 761 779 796 835 860 877 945 989 1080 1126 1158 1224 1274 1325 1377 1430 1484 1539 1595 1642 1652 1758 1769 1890 1952 2015 2079 2144 2210 2277 2345 2414 2484 2529 2555 2700 2774 2849 2925 3002 3061 3159 3239 3320 3402 3485 3569 3654 3715 3827 3905 4004 4077 4185 4370 4464 4559 4655 4752 4842 4850 4943 5049 5137 5251 5252 5338 5459 5564 5670 5777 5885 5994 6104 6215 6327 6440 6646 6785 7019 7138 7139 7257 7380 7502 7625 7749 7874 8000 8127 8242 8383 8384 8645 8777 8892 8910 9041 9179 9315 9452 9590 9729 9869 9983 10151 10294 10295 
S 4: 0 | 0 1 5 9 14 27 34 44 54 65 77 90 104 119 160 188 189 207 215 252 299 323 350 352 404 405 495 527 557 560 590 619 629 652 702 740 761 779 796 835 860 877 945 989 1080 1126 1158 1224 1274 1325 1377 1430 1484 1539 1595 1642 1652 1758 1769 1890 1952 2015 2079 2144 2210 2277 2345 2414 2484 2529 2555 2700 2774 2849 2925 3002 3061 3159 3239 3320 3402 3485 3569 3654 3715 3827 3905 4004 4077 4185 4370 4464 4559 4655 4752 4842 4850 4943 5049 5137 5251 5252 5338 5459 5564 5670 5777 5885 5994 6104 6215 6327 6440 6646 6785 7019 7138 7139 7257 7380 7502 7625 7749 7874 8000 8127 8242 8383 8384 8645 8777 8892 8910 9041 9179 9315 9452 9590 9729 9869 9983 10151 10294 10295 
ALL EQUAL

Final time = 18707.2
Final solution cost = 61147
