Reading instance small_stp_instances/pr144_5_05.stp of type D
Finished instance reading
Number of vertices = 144
Number of edges (resources) = 10296
Number of scenarios = 5
Average number of terminals per scenario = 144
Probabilities of Scenarios: (0) 0.03 | (1) 0.29 | (2) 0.28 | (3) 0.21 | (4) 0.19 | 
Average weighted inflation = 0.249537
Largest inflation = 0.499948
MAX_ITERATIONS_SINCE_LAST_IMPROVEMENT 2
MAX_ITERATIONS_SINCE_BEST_SOLUTION 3
Creating solution instance.
Starting Evolutive Framework.
Local search solution cost = 61131.8
Local search time = 21926.9
21926.9 local search - EF main loop cycle 0 solution cost 61131.8
21926.9s Cost of SP solution after second stage solver 61131.8
Local search solution cost = 60437
Local search time = 234.912
22161.8 local search - EF main loop cycle 1 solution cost 60437
22161.9s Cost of SP solution after second stage solver 60437
Local search solution cost = 60437
Local search time = 232.485
22394.3 local search - EF main loop cycle 2 solution cost 60437
22394.3s Cost of SP solution after second stage solver 60437
Local search solution cost = 60437
Local search time = 232.706
22627.1 local search - EF main loop cycle 3 solution cost 60437
22627.1s Cost of SP solution after second stage solver 60437
Number of cycles 4
Time for each cycle 5656.77
22627.1s Cost of SP solution after tail step 60437
SELECTED RESOURCES:
0 1 5 13 14 27 34 44 54 65 77 90 119 134 152 160 189 209 214 252 299 323 352 405 432 434 495 527 553 560 587 619 629 652 702 740 758 779 800 835 860 874 945 989 1080 1127 1158 1224 1274 1325 1377 1430 1484 1539 1595 1641 1652 1700 1769 1890 1952 2015 2079 2144 2210 2277 2345 2414 2484 2529 2555 2700 2774 2849 2925 3002 3062 3159 3239 3320 3402 3485 3569 3654 3715 3827 3905 4004 4077 4185 4277 4370 4559 4655 4749 4752 4842 4949 5049 5150 5238 5252 5459 5563 5670 5777 5885 5971 5994 6099 6215 6327 6440 6649 6785 6902 7138 7139 7258 7380 7502 7625 7749 7874 8000 8127 8255 8370 8384 8499 8777 8908 8910 9042 9179 9315 9452 9590 9729 9869 9983 10151 10294 10295 
SCENARIO'S RESOURCES:
S 0: 0 | 0 1 5 13 14 27 34 44 54 65 77 90 119 134 152 160 189 209 214 252 299 323 352 405 432 434 495 527 553 560 587 619 629 652 702 740 758 779 800 835 860 874 945 989 1080 1127 1158 1224 1274 1325 1377 1430 1484 1539 1595 1641 1652 1700 1769 1890 1952 2015 2079 2144 2210 2277 2345 2414 2484 2529 2555 2700 2774 2849 2925 3002 3062 3159 3239 3320 3402 3485 3569 3654 3715 3827 3905 4004 4077 4185 4277 4370 4559 4655 4749 4752 4842 4949 5049 5150 5238 5252 5459 5563 5670 5777 5885 5971 5994 6099 6215 6327 6440 6649 6785 6902 7138 7139 7258 7380 7502 7625 7749 7874 8000 8127 8255 8370 8384 8499 8777 8908 8910 9042 9179 9315 9452 9590 9729 9869 9983 10151 10294 10295 
S 1: 0 | 0 1 5 13 14 27 34 44 54 65 77 90 119 134 152 160 189 209 214 252 299 323 352 405 432 434 495 527 553 560 587 619 629 652 702 740 758 779 800 835 860 874 945 989 1080 1127 1158 1224 1274 1325 1377 1430 1484 1539 1595 1641 1652 1700 1769 1890 1952 2015 2079 2144 2210 2277 2345 2414 2484 2529 2555 2700 2774 2849 2925 3002 3062 3159 3239 3320 3402 3485 3569 3654 3715 3827 3905 4004 4077 4185 4277 4370 4559 4655 4749 4752 4842 4949 5049 5150 5238 5252 5459 5563 5670 5777 5885 5971 5994 6099 6215 6327 6440 6649 6785 6902 7138 7139 7258 7380 7502 7625 7749 7874 8000 8127 8255 8370 8384 8499 8777 8908 8910 9042 9179 9315 9452 9590 9729 9869 9983 10151 10294 10295 
S 2: 0 | 0 1 5 13 14 27 34 44 54 65 77 90 119 134 152 160 189 209 214 252 299 323 352 405 432 434 495 527 553 560 587 619 629 652 702 740 758 779 800 835 860 874 945 989 1080 1127 1158 1224 1274 1325 1377 1430 1484 1539 1595 1641 1652 1700 1769 1890 1952 2015 2079 2144 2210 2277 2345 2414 2484 2529 2555 2700 2774 2849 2925 3002 3062 3159 3239 3320 3402 3485 3569 3654 3715 3827 3905 4004 4077 4185 4277 4370 4559 4655 4749 4752 4842 4949 5049 5150 5238 5252 5459 5563 5670 5777 5885 5971 5994 6099 6215 6327 6440 6649 6785 6902 7138 7139 7258 7380 7502 7625 7749 7874 8000 8127 8255 8370 8384 8499 8777 8908 8910 9042 9179 9315 9452 9590 9729 9869 9983 10151 10294 10295 
S 3: 0 | 0 1 5 13 14 27 34 44 54 65 77 90 119 134 152 160 189 209 214 252 299 323 352 405 432 434 495 527 553 560 587 619 629 652 702 740 758 779 800 835 860 874 945 989 1080 1127 1158 1224 1274 1325 1377 1430 1484 1539 1595 1641 1652 1700 1769 1890 1952 2015 2079 2144 2210 2277 2345 2414 2484 2529 2555 2700 2774 2849 2925 3002 3062 3159 3239 3320 3402 3485 3569 3654 3715 3827 3905 4004 4077 4185 4277 4370 4559 4655 4749 4752 4842 4949 5049 5150 5238 5252 5459 5563 5670 5777 5885 5971 5994 6099 6215 6327 6440 6649 6785 6902 7138 7139 7258 7380 7502 7625 7749 7874 8000 8127 8255 8370 8384 8499 8777 8908 8910 9042 9179 9315 9452 9590 9729 9869 9983 10151 10294 10295 
S 4: 0 | 0 1 5 13 14 27 34 44 54 65 77 90 119 134 152 160 189 209 214 252 299 323 352 405 432 434 495 527 553 560 587 619 629 652 702 740 758 779 800 835 860 874 945 989 1080 1127 1158 1224 1274 1325 1377 1430 1484 1539 1595 1641 1652 1700 1769 1890 1952 2015 2079 2144 2210 2277 2345 2414 2484 2529 2555 2700 2774 2849 2925 3002 3062 3159 3239 3320 3402 3485 3569 3654 3715 3827 3905 4004 4077 4185 4277 4370 4559 4655 4749 4752 4842 4949 5049 5150 5238 5252 5459 5563 5670 5777 5885 5971 5994 6099 6215 6327 6440 6649 6785 6902 7138 7139 7258 7380 7502 7625 7749 7874 8000 8127 8255 8370 8384 8499 8777 8908 8910 9042 9179 9315 9452 9590 9729 9869 9983 10151 10294 10295 
ALL EQUAL

Final time = 22627.1
Final solution cost = 60437
