Reading instance small_stp_instances/pr144_10_10.stp of type D
Finished instance reading
Number of vertices = 144
Number of edges (resources) = 10296
Number of scenarios = 10
Average number of terminals per scenario = 144
Probabilities of Scenarios: (0) 0.17 | (1) 0.11 | (2) 0.1 | (3) 0.19 | (4) 0.01 | (5) 0.11 | (6) 0.08 | (7) 0.03 | (8) 0.07 | (9) 0.13 | 
Average weighted inflation = 0.49938
Largest inflation = 0.999878
MAX_ITERATIONS_SINCE_LAST_IMPROVEMENT 2
MAX_ITERATIONS_SINCE_BEST_SOLUTION 3
Creating solution instance.
Starting Evolutive Framework.
Local search solution cost = 64857.7
Local search time = 36329.8
36329.8 local search - EF main loop cycle 0 solution cost 64857.7
36330s Cost of SP solution after second stage solver 64857.7
Local search solution cost = 62997.4
Local search time = 527.296
36857.3 local search - EF main loop cycle 1 solution cost 62997.4
36857.3s Cost of SP solution after second stage solver 62997.4
Local search solution cost = 62860
Local search time = 497.284
37354.6 local search - EF main loop cycle 2 solution cost 62860
37354.6s Cost of SP solution after second stage solver 62860
Local search solution cost = 62860
Local search time = 497.314
37851.9 local search - EF main loop cycle 3 solution cost 62860
37851.9s Cost of SP solution after second stage solver 62860
Local search solution cost = 62860
Local search time = 497.268
38349.2 local search - EF main loop cycle 4 solution cost 62860
38349.2s Cost of SP solution after second stage solver 62860
Number of cycles 5
Time for each cycle 7669.84
38349.2s Cost of SP solution after tail step 62860
SELECTED RESOURCES:
0 1 5 13 14 27 34 54 63 65 75 90 119 134 160 189 207 209 214 252 299 323 352 404 405 431 464 495 559 560 587 619 629 652 702 740 757 779 797 835 860 874 945 1080 1127 1160 1224 1274 1325 1377 1430 1484 1539 1585 1651 1652 1700 1769 1829 1890 1952 2015 2079 2144 2210 2277 2345 2414 2459 2528 2555 2625 2700 2774 2849 2925 3002 3159 3239 3320 3402 3485 3569 3654 3733 3827 3905 4004 4049 4185 4277 4370 4558 4559 4752 4842 4850 4947 5049 5137 5251 5252 5459 5563 5670 5775 5885 5971 5994 6101 6215 6327 6440 6649 6785 7020 7137 7139 7257 7380 7502 7625 7749 7874 8000 8127 8242 8383 8384 8499 8777 8908 8910 9042 9179 9315 9452 9590 9704 9868 10009 10151 10294 10295 
SCENARIO'S RESOURCES:
S 0: 0 | 0 1 5 13 14 27 34 54 63 65 75 90 119 134 160 189 207 209 214 252 299 323 352 404 405 431 464 495 559 560 587 619 629 652 702 740 757 779 797 835 860 874 945 1080 1127 1160 1224 1274 1325 1377 1430 1484 1539 1585 1651 1652 1700 1769 1829 1890 1952 2015 2079 2144 2210 2277 2345 2414 2459 2528 2555 2625 2700 2774 2849 2925 3002 3159 3239 3320 3402 3485 3569 3654 3733 3827 3905 4004 4049 4185 4277 4370 4558 4559 4752 4842 4850 4947 5049 5137 5251 5252 5459 5563 5670 5775 5885 5971 5994 6101 6215 6327 6440 6649 6785 7020 7137 7139 7257 7380 7502 7625 7749 7874 8000 8127 8242 8383 8384 8499 8777 8908 8910 9042 9179 9315 9452 9590 9704 9868 10009 10151 10294 10295 
S 1: 0 | 0 1 5 13 14 27 34 54 63 65 75 90 119 134 160 189 207 209 214 252 299 323 352 404 405 431 464 495 559 560 587 619 629 652 702 740 757 779 797 835 860 874 945 1080 1127 1160 1224 1274 1325 1377 1430 1484 1539 1585 1651 1652 1700 1769 1829 1890 1952 2015 2079 2144 2210 2277 2345 2414 2459 2528 2555 2625 2700 2774 2849 2925 3002 3159 3239 3320 3402 3485 3569 3654 3733 3827 3905 4004 4049 4185 4277 4370 4558 4559 4752 4842 4850 4947 5049 5137 5251 5252 5459 5563 5670 5775 5885 5971 5994 6101 6215 6327 6440 6649 6785 7020 7137 7139 7257 7380 7502 7625 7749 7874 8000 8127 8242 8383 8384 8499 8777 8908 8910 9042 9179 9315 9452 9590 9704 9868 10009 10151 10294 10295 
S 2: 0 | 0 1 5 13 14 27 34 54 63 65 75 90 119 134 160 189 207 209 214 252 299 323 352 404 405 431 464 495 559 560 587 619 629 652 702 740 757 779 797 835 860 874 945 1080 1127 1160 1224 1274 1325 1377 1430 1484 1539 1585 1651 1652 1700 1769 1829 1890 1952 2015 2079 2144 2210 2277 2345 2414 2459 2528 2555 2625 2700 2774 2849 2925 3002 3159 3239 3320 3402 3485 3569 3654 3733 3827 3905 4004 4049 4185 4277 4370 4558 4559 4752 4842 4850 4947 5049 5137 5251 5252 5459 5563 5670 5775 5885 5971 5994 6101 6215 6327 6440 6649 6785 7020 7137 7139 7257 7380 7502 7625 7749 7874 8000 8127 8242 8383 8384 8499 8777 8908 8910 9042 9179 9315 9452 9590 9704 9868 10009 10151 10294 10295 
S 3: 0 | 0 1 5 13 14 27 34 54 63 65 75 90 119 134 160 189 207 209 214 252 299 323 352 404 405 431 464 495 559 560 587 619 629 652 702 740 757 779 797 835 860 874 945 1080 1127 1160 1224 1274 1325 1377 1430 1484 1539 1585 1651 1652 1700 1769 1829 1890 1952 2015 2079 2144 2210 2277 2345 2414 2459 2528 2555 2625 2700 2774 2849 2925 3002 3159 3239 3320 3402 3485 3569 3654 3733 3827 3905 4004 4049 4185 4277 4370 4558 4559 4752 4842 4850 4947 5049 5137 5251 5252 5459 5563 5670 5775 5885 5971 5994 6101 6215 6327 6440 6649 6785 7020 7137 7139 7257 7380 7502 7625 7749 7874 8000 8127 8242 8383 8384 8499 8777 8908 8910 9042 9179 9315 9452 9590 9704 9868 10009 10151 10294 10295 
S 4: 0 | 0 1 5 13 14 27 34 54 63 65 75 90 119 134 160 189 207 209 214 252 299 323 352 404 405 431 464 495 559 560 587 619 629 652 702 740 757 779 797 835 860 874 945 1080 1127 1160 1224 1274 1325 1377 1430 1484 1539 1585 1651 1652 1700 1769 1829 1890 1952 2015 2079 2144 2210 2277 2345 2414 2459 2528 2555 2625 2700 2774 2849 2925 3002 3159 3239 3320 3402 3485 3569 3654 3733 3827 3905 4004 4049 4185 4277 4370 4558 4559 4752 4842 4850 4947 5049 5137 5251 5252 5459 5563 5670 5775 5885 5971 5994 6101 6215 6327 6440 6649 6785 7020 7137 7139 7257 7380 7502 7625 7749 7874 8000 8127 8242 8383 8384 8499 8777 8908 8910 9042 9179 9315 9452 9590 9704 9868 10009 10151 10294 10295 
S 5: 0 | 0 1 5 13 14 27 34 54 63 65 75 90 119 134 160 189 207 209 214 252 299 323 352 404 405 431 464 495 559 560 587 619 629 652 702 740 757 779 797 835 860 874 945 1080 1127 1160 1224 1274 1325 1377 1430 1484 1539 1585 1651 1652 1700 1769 1829 1890 1952 2015 2079 2144 2210 2277 2345 2414 2459 2528 2555 2625 2700 2774 2849 2925 3002 3159 3239 3320 3402 3485 3569 3654 3733 3827 3905 4004 4049 4185 4277 4370 4558 4559 4752 4842 4850 4947 5049 5137 5251 5252 5459 5563 5670 5775 5885 5971 5994 6101 6215 6327 6440 6649 6785 7020 7137 7139 7257 7380 7502 7625 7749 7874 8000 8127 8242 8383 8384 8499 8777 8908 8910 9042 9179 9315 9452 9590 9704 9868 10009 10151 10294 10295 
S 6: 0 | 0 1 5 13 14 27 34 54 63 65 75 90 119 134 160 189 207 209 214 252 299 323 352 404 405 431 464 495 559 560 587 619 629 652 702 740 757 779 797 835 860 874 945 1080 1127 1160 1224 1274 1325 1377 1430 1484 1539 1585 1651 1652 1700 1769 1829 1890 1952 2015 2079 2144 2210 2277 2345 2414 2459 2528 2555 2625 2700 2774 2849 2925 3002 3159 3239 3320 3402 3485 3569 3654 3733 3827 3905 4004 4049 4185 4277 4370 4558 4559 4752 4842 4850 4947 5049 5137 5251 5252 5459 5563 5670 5775 5885 5971 5994 6101 6215 6327 6440 6649 6785 7020 7137 7139 7257 7380 7502 7625 7749 7874 8000 8127 8242 8383 8384 8499 8777 8908 8910 9042 9179 9315 9452 9590 9704 9868 10009 10151 10294 10295 
S 7: 0 | 0 1 5 13 14 27 34 54 63 65 75 90 119 134 160 189 207 209 214 252 299 323 352 404 405 431 464 495 559 560 587 619 629 652 702 740 757 779 797 835 860 874 945 1080 1127 1160 1224 1274 1325 1377 1430 1484 1539 1585 1651 1652 1700 1769 1829 1890 1952 2015 2079 2144 2210 2277 2345 2414 2459 2528 2555 2625 2700 2774 2849 2925 3002 3159 3239 3320 3402 3485 3569 3654 3733 3827 3905 4004 4049 4185 4277 4370 4558 4559 4752 4842 4850 4947 5049 5137 5251 5252 5459 5563 5670 5775 5885 5971 5994 6101 6215 6327 6440 6649 6785 7020 7137 7139 7257 7380 7502 7625 7749 7874 8000 8127 8242 8383 8384 8499 8777 8908 8910 9042 9179 9315 9452 9590 9704 9868 10009 10151 10294 10295 
S 8: 0 | 0 1 5 13 14 27 34 54 63 65 75 90 119 134 160 189 207 209 214 252 299 323 352 404 405 431 464 495 559 560 587 619 629 652 702 740 757 779 797 835 860 874 945 1080 1127 1160 1224 1274 1325 1377 1430 1484 1539 1585 1651 1652 1700 1769 1829 1890 1952 2015 2079 2144 2210 2277 2345 2414 2459 2528 2555 2625 2700 2774 2849 2925 3002 3159 3239 3320 3402 3485 3569 3654 3733 3827 3905 4004 4049 4185 4277 4370 4558 4559 4752 4842 4850 4947 5049 5137 5251 5252 5459 5563 5670 5775 5885 5971 5994 6101 6215 6327 6440 6649 6785 7020 7137 7139 7257 7380 7502 7625 7749 7874 8000 8127 8242 8383 8384 8499 8777 8908 8910 9042 9179 9315 9452 9590 9704 9868 10009 10151 10294 10295 
S 9: 0 | 0 1 5 13 14 27 34 54 63 65 75 90 119 134 160 189 207 209 214 252 299 323 352 404 405 431 464 495 559 560 587 619 629 652 702 740 757 779 797 835 860 874 945 1080 1127 1160 1224 1274 1325 1377 1430 1484 1539 1585 1651 1652 1700 1769 1829 1890 1952 2015 2079 2144 2210 2277 2345 2414 2459 2528 2555 2625 2700 2774 2849 2925 3002 3159 3239 3320 3402 3485 3569 3654 3733 3827 3905 4004 4049 4185 4277 4370 4558 4559 4752 4842 4850 4947 5049 5137 5251 5252 5459 5563 5670 5775 5885 5971 5994 6101 6215 6327 6440 6649 6785 7020 7137 7139 7257 7380 7502 7625 7749 7874 8000 8127 8242 8383 8384 8499 8777 8908 8910 9042 9179 9315 9452 9590 9704 9868 10009 10151 10294 10295 
ALL EQUAL

Final time = 38349.3
Final solution cost = 62860
