Reading instance small_stp_instances/pr144_10_03.stp of type D
Finished instance reading
Number of vertices = 144
Number of edges (resources) = 10296
Number of scenarios = 10
Average number of terminals per scenario = 144
Probabilities of Scenarios: (0) 0.05 | (1) 0 | (2) 0.09 | (3) 0.14 | (4) 0.05 | (5) 0.07 | (6) 0.12 | (7) 0.11 | (8) 0.22 | (9) 0.15 | 
Average weighted inflation = 0.150037
Largest inflation = 0.299957
MAX_ITERATIONS_SINCE_LAST_IMPROVEMENT 2
MAX_ITERATIONS_SINCE_BEST_SOLUTION 3
Creating solution instance.
Starting Evolutive Framework.
Local search solution cost = 60217.5
Local search time = 38783.3
38783.3 local search - EF main loop cycle 0 solution cost 60217.5
38783.4s Cost of SP solution after second stage solver 60217.5
Local search solution cost = 59676
Local search time = 461.471
39244.9 local search - EF main loop cycle 1 solution cost 59676
39244.9s Cost of SP solution after second stage solver 59676
Local search solution cost = 59676
Local search time = 455.48
39700.4 local search - EF main loop cycle 2 solution cost 59676
39700.4s Cost of SP solution after second stage solver 59676
Local search solution cost = 59676
Local search time = 456.108
40156.5 local search - EF main loop cycle 3 solution cost 59676
40156.6s Cost of SP solution after second stage solver 59676
Number of cycles 4
Time for each cycle 10039.1
40156.6s Cost of SP solution after tail step 59676
SELECTED RESOURCES:
0 1 5 9 14 27 34 44 54 65 77 90 119 152 160 189 207 209 215 252 299 324 350 352 405 434 495 527 554 560 590 618 629 652 702 740 756 779 796 834 860 874 945 989 1080 1127 1158 1224 1274 1325 1377 1430 1484 1539 1595 1641 1652 1700 1769 1890 1952 2015 2079 2144 2210 2277 2345 2414 2459 2554 2555 2700 2774 2849 2925 3002 3062 3159 3239 3320 3402 3485 3569 3654 3715 3827 3905 4004 4077 4185 4370 4463 4559 4653 4752 4842 4848 4948 5049 5150 5238 5252 5459 5563 5670 5775 5885 5971 5992 6103 6215 6327 6440 6646 6785 6902 7138 7139 7258 7380 7502 7625 7749 7874 8000 8127 8255 8370 8384 8499 8645 8909 8910 9043 9179 9315 9452 9590 9729 9869 10010 10124 10294 10295 
SCENARIO'S RESOURCES:
S 0: 0 | 0 1 5 9 14 27 34 44 54 65 77 90 119 152 160 189 207 209 215 252 299 324 350 352 405 434 495 527 554 560 590 618 629 652 702 740 756 779 796 834 860 874 945 989 1080 1127 1158 1224 1274 1325 1377 1430 1484 1539 1595 1641 1652 1700 1769 1890 1952 2015 2079 2144 2210 2277 2345 2414 2459 2554 2555 2700 2774 2849 2925 3002 3062 3159 3239 3320 3402 3485 3569 3654 3715 3827 3905 4004 4077 4185 4370 4463 4559 4653 4752 4842 4848 4948 5049 5150 5238 5252 5459 5563 5670 5775 5885 5971 5992 6103 6215 6327 6440 6646 6785 6902 7138 7139 7258 7380 7502 7625 7749 7874 8000 8127 8255 8370 8384 8499 8645 8909 8910 9043 9179 9315 9452 9590 9729 9869 10010 10124 10294 10295 
S 1: 0 | 0 1 5 9 14 27 34 44 54 65 77 90 119 152 160 189 207 209 215 252 299 324 350 352 405 434 495 527 554 560 590 618 629 652 702 740 756 779 796 834 860 874 945 989 1080 1127 1158 1224 1274 1325 1377 1430 1484 1539 1595 1641 1652 1700 1769 1890 1952 2015 2079 2144 2210 2277 2345 2414 2459 2554 2555 2700 2774 2849 2925 3002 3062 3159 3239 3320 3402 3485 3569 3654 3715 3827 3905 4004 4077 4185 4370 4463 4559 4653 4752 4842 4848 4948 5049 5150 5238 5252 5459 5563 5670 5775 5885 5971 5992 6103 6215 6327 6440 6646 6785 6902 7138 7139 7258 7380 7502 7625 7749 7874 8000 8127 8255 8370 8384 8499 8645 8909 8910 9043 9179 9315 9452 9590 9729 9869 10010 10124 10294 10295 
S 2: 0 | 0 1 5 9 14 27 34 44 54 65 77 90 119 152 160 189 207 209 215 252 299 324 350 352 405 434 495 527 554 560 590 618 629 652 702 740 756 779 796 834 860 874 945 989 1080 1127 1158 1224 1274 1325 1377 1430 1484 1539 1595 1641 1652 1700 1769 1890 1952 2015 2079 2144 2210 2277 2345 2414 2459 2554 2555 2700 2774 2849 2925 3002 3062 3159 3239 3320 3402 3485 3569 3654 3715 3827 3905 4004 4077 4185 4370 4463 4559 4653 4752 4842 4848 4948 5049 5150 5238 5252 5459 5563 5670 5775 5885 5971 5992 6103 6215 6327 6440 6646 6785 6902 7138 7139 7258 7380 7502 7625 7749 7874 8000 8127 8255 8370 8384 8499 8645 8909 8910 9043 9179 9315 9452 9590 9729 9869 10010 10124 10294 10295 
S 3: 0 | 0 1 5 9 14 27 34 44 54 65 77 90 119 152 160 189 207 209 215 252 299 324 350 352 405 434 495 527 554 560 590 618 629 652 702 740 756 779 796 834 860 874 945 989 1080 1127 1158 1224 1274 1325 1377 1430 1484 1539 1595 1641 1652 1700 1769 1890 1952 2015 2079 2144 2210 2277 2345 2414 2459 2554 2555 2700 2774 2849 2925 3002 3062 3159 3239 3320 3402 3485 3569 3654 3715 3827 3905 4004 4077 4185 4370 4463 4559 4653 4752 4842 4848 4948 5049 5150 5238 5252 5459 5563 5670 5775 5885 5971 5992 6103 6215 6327 6440 6646 6785 6902 7138 7139 7258 7380 7502 7625 7749 7874 8000 8127 8255 8370 8384 8499 8645 8909 8910 9043 9179 9315 9452 9590 9729 9869 10010 10124 10294 10295 
S 4: 0 | 0 1 5 9 14 27 34 44 54 65 77 90 119 152 160 189 207 209 215 252 299 324 350 352 405 434 495 527 554 560 590 618 629 652 702 740 756 779 796 834 860 874 945 989 1080 1127 1158 1224 1274 1325 1377 1430 1484 1539 1595 1641 1652 1700 1769 1890 1952 2015 2079 2144 2210 2277 2345 2414 2459 2554 2555 2700 2774 2849 2925 3002 3062 3159 3239 3320 3402 3485 3569 3654 3715 3827 3905 4004 4077 4185 4370 4463 4559 4653 4752 4842 4848 4948 5049 5150 5238 5252 5459 5563 5670 5775 5885 5971 5992 6103 6215 6327 6440 6646 6785 6902 7138 7139 7258 7380 7502 7625 7749 7874 8000 8127 8255 8370 8384 8499 8645 8909 8910 9043 9179 9315 9452 9590 9729 9869 10010 10124 10294 10295 
S 5: 0 | 0 1 5 9 14 27 34 44 54 65 77 90 119 152 160 189 207 209 215 252 299 324 350 352 405 434 495 527 554 560 590 618 629 652 702 740 756 779 796 834 860 874 945 989 1080 1127 1158 1224 1274 1325 1377 1430 1484 1539 1595 1641 1652 1700 1769 1890 1952 2015 2079 2144 2210 2277 2345 2414 2459 2554 2555 2700 2774 2849 2925 3002 3062 3159 3239 3320 3402 3485 3569 3654 3715 3827 3905 4004 4077 4185 4370 4463 4559 4653 4752 4842 4848 4948 5049 5150 5238 5252 5459 5563 5670 5775 5885 5971 5992 6103 6215 6327 6440 6646 6785 6902 7138 7139 7258 7380 7502 7625 7749 7874 8000 8127 8255 8370 8384 8499 8645 8909 8910 9043 9179 9315 9452 9590 9729 9869 10010 10124 10294 10295 
S 6: 0 | 0 1 5 9 14 27 34 44 54 65 77 90 119 152 160 189 207 209 215 252 299 324 350 352 405 434 495 527 554 560 590 618 629 652 702 740 756 779 796 834 860 874 945 989 1080 1127 1158 1224 1274 1325 1377 1430 1484 1539 1595 1641 1652 1700 1769 1890 1952 2015 2079 2144 2210 2277 2345 2414 2459 2554 2555 2700 2774 2849 2925 3002 3062 3159 3239 3320 3402 3485 3569 3654 3715 3827 3905 4004 4077 4185 4370 4463 4559 4653 4752 4842 4848 4948 5049 5150 5238 5252 5459 5563 5670 5775 5885 5971 5992 6103 6215 6327 6440 6646 6785 6902 7138 7139 7258 7380 7502 7625 7749 7874 8000 8127 8255 8370 8384 8499 8645 8909 8910 9043 9179 9315 9452 9590 9729 9869 10010 10124 10294 10295 
S 7: 0 | 0 1 5 9 14 27 34 44 54 65 77 90 119 152 160 189 207 209 215 252 299 324 350 352 405 434 495 527 554 560 590 618 629 652 702 740 756 779 796 834 860 874 945 989 1080 1127 1158 1224 1274 1325 1377 1430 1484 1539 1595 1641 1652 1700 1769 1890 1952 2015 2079 2144 2210 2277 2345 2414 2459 2554 2555 2700 2774 2849 2925 3002 3062 3159 3239 3320 3402 3485 3569 3654 3715 3827 3905 4004 4077 4185 4370 4463 4559 4653 4752 4842 4848 4948 5049 5150 5238 5252 5459 5563 5670 5775 5885 5971 5992 6103 6215 6327 6440 6646 6785 6902 7138 7139 7258 7380 7502 7625 7749 7874 8000 8127 8255 8370 8384 8499 8645 8909 8910 9043 9179 9315 9452 9590 9729 9869 10010 10124 10294 10295 
S 8: 0 | 0 1 5 9 14 27 34 44 54 65 77 90 119 152 160 189 207 209 215 252 299 324 350 352 405 434 495 527 554 560 590 618 629 652 702 740 756 779 796 834 860 874 945 989 1080 1127 1158 1224 1274 1325 1377 1430 1484 1539 1595 1641 1652 1700 1769 1890 1952 2015 2079 2144 2210 2277 2345 2414 2459 2554 2555 2700 2774 2849 2925 3002 3062 3159 3239 3320 3402 3485 3569 3654 3715 3827 3905 4004 4077 4185 4370 4463 4559 4653 4752 4842 4848 4948 5049 5150 5238 5252 5459 5563 5670 5775 5885 5971 5992 6103 6215 6327 6440 6646 6785 6902 7138 7139 7258 7380 7502 7625 7749 7874 8000 8127 8255 8370 8384 8499 8645 8909 8910 9043 9179 9315 9452 9590 9729 9869 10010 10124 10294 10295 
S 9: 0 | 0 1 5 9 14 27 34 44 54 65 77 90 119 152 160 189 207 209 215 252 299 324 350 352 405 434 495 527 554 560 590 618 629 652 702 740 756 779 796 834 860 874 945 989 1080 1127 1158 1224 1274 1325 1377 1430 1484 1539 1595 1641 1652 1700 1769 1890 1952 2015 2079 2144 2210 2277 2345 2414 2459 2554 2555 2700 2774 2849 2925 3002 3062 3159 3239 3320 3402 3485 3569 3654 3715 3827 3905 4004 4077 4185 4370 4463 4559 4653 4752 4842 4848 4948 5049 5150 5238 5252 5459 5563 5670 5775 5885 5971 5992 6103 6215 6327 6440 6646 6785 6902 7138 7139 7258 7380 7502 7625 7749 7874 8000 8127 8255 8370 8384 8499 8645 8909 8910 9043 9179 9315 9452 9590 9729 9869 10010 10124 10294 10295 
ALL EQUAL

Final time = 40156.6
Final solution cost = 59676
