Reading instance small_stp_instances/pr144_5_03.stp of type D
Finished instance reading
Number of vertices = 144
Number of edges (resources) = 10296
Number of scenarios = 5
Average number of terminals per scenario = 144
Probabilities of Scenarios: (0) 0.03 | (1) 0.21 | (2) 0.4 | (3) 0.09 | (4) 0.27 | 
Average weighted inflation = 0.149874
Largest inflation = 0.299931
MAX_ITERATIONS_SINCE_LAST_IMPROVEMENT 2
MAX_ITERATIONS_SINCE_BEST_SOLUTION 3
Creating solution instance.
Starting Evolutive Framework.
Local search solution cost = 60157.4
Local search time = 16872.6
16872.6 local search - EF main loop cycle 0 solution cost 60157.4
16872.7s Cost of SP solution after second stage solver 60157.4
Local search solution cost = 59821
Local search time = 237.164
17109.9 local search - EF main loop cycle 1 solution cost 59821
17109.9s Cost of SP solution after second stage solver 59821
Local search solution cost = 59821
Local search time = 233.067
17343 local search - EF main loop cycle 2 solution cost 59821
17343s Cost of SP solution after second stage solver 59821
Local search solution cost = 59821
Local search time = 232.944
17575.9 local search - EF main loop cycle 3 solution cost 59821
17575.9s Cost of SP solution after second stage solver 59821
Number of cycles 4
Time for each cycle 4393.98
17575.9s Cost of SP solution after tail step 59821
SELECTED RESOURCES:
0 1 5 13 14 27 34 44 54 65 77 90 119 135 152 160 189 207 209 214 252 299 324 350 352 404 405 495 527 557 560 590 618 629 652 702 740 779 819 834 860 874 945 989 1080 1127 1158 1224 1274 1325 1377 1430 1484 1539 1595 1641 1652 1700 1769 1829 1890 1952 2015 2079 2144 2210 2344 2413 2414 2459 2555 2627 2700 2774 2849 2925 3002 3159 3239 3320 3402 3485 3569 3654 3733 3827 3905 4004 4185 4276 4370 4464 4559 4655 4752 4842 4850 4918 5049 5150 5238 5252 5459 5563 5670 5775 5884 5971 5994 6102 6215 6327 6440 6646 6785 6902 7020 7139 7259 7380 7502 7625 7749 7874 8000 8127 8255 8370 8384 8499 8645 8909 8910 9043 9179 9315 9452 9590 9729 9869 9983 10151 10294 10295 
SCENARIO'S RESOURCES:
S 0: 0 | 0 1 5 13 14 27 34 44 54 65 77 90 119 135 152 160 189 207 209 214 252 299 324 350 352 404 405 495 527 557 560 590 618 629 652 702 740 779 819 834 860 874 945 989 1080 1127 1158 1224 1274 1325 1377 1430 1484 1539 1595 1641 1652 1700 1769 1829 1890 1952 2015 2079 2144 2210 2344 2413 2414 2459 2555 2627 2700 2774 2849 2925 3002 3159 3239 3320 3402 3485 3569 3654 3733 3827 3905 4004 4185 4276 4370 4464 4559 4655 4752 4842 4850 4918 5049 5150 5238 5252 5459 5563 5670 5775 5884 5971 5994 6102 6215 6327 6440 6646 6785 6902 7020 7139 7259 7380 7502 7625 7749 7874 8000 8127 8255 8370 8384 8499 8645 8909 8910 9043 9179 9315 9452 9590 9729 9869 9983 10151 10294 10295 
S 1: 0 | 0 1 5 13 14 27 34 44 54 65 77 90 119 135 152 160 189 207 209 214 252 299 324 350 352 404 405 495 527 557 560 590 618 629 652 702 740 779 819 834 860 874 945 989 1080 1127 1158 1224 1274 1325 1377 1430 1484 1539 1595 1641 1652 1700 1769 1829 1890 1952 2015 2079 2144 2210 2344 2413 2414 2459 2555 2627 2700 2774 2849 2925 3002 3159 3239 3320 3402 3485 3569 3654 3733 3827 3905 4004 4185 4276 4370 4464 4559 4655 4752 4842 4850 4918 5049 5150 5238 5252 5459 5563 5670 5775 5884 5971 5994 6102 6215 6327 6440 6646 6785 6902 7020 7139 7259 7380 7502 7625 7749 7874 8000 8127 8255 8370 8384 8499 8645 8909 8910 9043 9179 9315 9452 9590 9729 9869 9983 10151 10294 10295 
S 2: 0 | 0 1 5 13 14 27 34 44 54 65 77 90 119 135 152 160 189 207 209 214 252 299 324 350 352 404 405 495 527 557 560 590 618 629 652 702 740 779 819 834 860 874 945 989 1080 1127 1158 1224 1274 1325 1377 1430 1484 1539 1595 1641 1652 1700 1769 1829 1890 1952 2015 2079 2144 2210 2344 2413 2414 2459 2555 2627 2700 2774 2849 2925 3002 3159 3239 3320 3402 3485 3569 3654 3733 3827 3905 4004 4185 4276 4370 4464 4559 4655 4752 4842 4850 4918 5049 5150 5238 5252 5459 5563 5670 5775 5884 5971 5994 6102 6215 6327 6440 6646 6785 6902 7020 7139 7259 7380 7502 7625 7749 7874 8000 8127 8255 8370 8384 8499 8645 8909 8910 9043 9179 9315 9452 9590 9729 9869 9983 10151 10294 10295 
S 3: 0 | 0 1 5 13 14 27 34 44 54 65 77 90 119 135 152 160 189 207 209 214 252 299 324 350 352 404 405 495 527 557 560 590 618 629 652 702 740 779 819 834 860 874 945 989 1080 1127 1158 1224 1274 1325 1377 1430 1484 1539 1595 1641 1652 1700 1769 1829 1890 1952 2015 2079 2144 2210 2344 2413 2414 2459 2555 2627 2700 2774 2849 2925 3002 3159 3239 3320 3402 3485 3569 3654 3733 3827 3905 4004 4185 4276 4370 4464 4559 4655 4752 4842 4850 4918 5049 5150 5238 5252 5459 5563 5670 5775 5884 5971 5994 6102 6215 6327 6440 6646 6785 6902 7020 7139 7259 7380 7502 7625 7749 7874 8000 8127 8255 8370 8384 8499 8645 8909 8910 9043 9179 9315 9452 9590 9729 9869 9983 10151 10294 10295 
S 4: 0 | 0 1 5 13 14 27 34 44 54 65 77 90 119 135 152 160 189 207 209 214 252 299 324 350 352 404 405 495 527 557 560 590 618 629 652 702 740 779 819 834 860 874 945 989 1080 1127 1158 1224 1274 1325 1377 1430 1484 1539 1595 1641 1652 1700 1769 1829 1890 1952 2015 2079 2144 2210 2344 2413 2414 2459 2555 2627 2700 2774 2849 2925 3002 3159 3239 3320 3402 3485 3569 3654 3733 3827 3905 4004 4185 4276 4370 4464 4559 4655 4752 4842 4850 4918 5049 5150 5238 5252 5459 5563 5670 5775 5884 5971 5994 6102 6215 6327 6440 6646 6785 6902 7020 7139 7259 7380 7502 7625 7749 7874 8000 8127 8255 8370 8384 8499 8645 8909 8910 9043 9179 9315 9452 9590 9729 9869 9983 10151 10294 10295 
ALL EQUAL

Final time = 17576
Final solution cost = 59821
