Reading instance small_stp_instances/pr152_5_10.stp of type D
Finished instance reading
Number of vertices = 152
Number of edges (resources) = 11476
Number of scenarios = 5
Average number of terminals per scenario = 152
Probabilities of Scenarios: (0) 0.28 | (1) 0.14 | (2) 0.02 | (3) 0.29 | (4) 0.27 | 
Average weighted inflation = 0.501111
Largest inflation = 0.999929
MAX_ITERATIONS_SINCE_LAST_IMPROVEMENT 2
MAX_ITERATIONS_SINCE_BEST_SOLUTION 3
Creating solution instance.
Starting Evolutive Framework.
Local search solution cost = 79593.3
Local search time = 20731.1
20731.1 local search - EF main loop cycle 0 solution cost 79593.3
20731.1s Cost of SP solution after second stage solver 79593.3
Local search solution cost = 78816
Local search time = 310.062
21041.2 local search - EF main loop cycle 1 solution cost 78816
21041.2s Cost of SP solution after second stage solver 78816
Local search solution cost = 78816
Local search time = 308.202
21349.4 local search - EF main loop cycle 2 solution cost 78816
21349.4s Cost of SP solution after second stage solver 78816
Local search solution cost = 78816
Local search time = 308.468
21657.8 local search - EF main loop cycle 3 solution cost 78816
21657.9s Cost of SP solution after second stage solver 78816
Number of cycles 4
Time for each cycle 5414.46
21657.9s Cost of SP solution after tail step 78816
SELECTED RESOURCES:
0 5 35 42 43 50 51 59 70 80 105 128 152 208 209 215 252 287 323 324 337 377 391 420 463 464 479 527 543 628 629 631 662 669 693 725 726 758 759 799 902 1024 1175 1223 1271 1320 1377 1422 1474 1528 1582 1637 1710 1751 1829 1890 1952 2011 2015 2072 2134 2144 2266 2277 2331 2414 2484 2537 2555 2606 2676 2773 2824 2849 2923 2972 3125 3226 3402 3569 3652 3736 3821 3907 3994 4083 4171 4277 4370 4464 4555 4649 4752 4850 4939 5150 5238 5251 5339 5439 5564 5650 5670 5755 5993 5994 6098 6206 6215 6315 6426 6440 6518 6536 6649 6778 7020 7259 7496 7624 7749 7874 8123 8127 8249 8384 8635 8645 8765 8910 9163 9179 9297 9452 9707 9729 9868 10010 10148 10152 10287 10439 10573 10584 10715 10877 11007 11025 11301 11324 11450 11474 
SCENARIO'S RESOURCES:
S 0: 0 | 0 5 35 42 43 50 51 59 70 80 105 128 152 208 209 215 252 287 323 324 337 377 391 420 463 464 479 527 543 628 629 631 662 669 693 725 726 758 759 799 902 1024 1175 1223 1271 1320 1377 1422 1474 1528 1582 1637 1710 1751 1829 1890 1952 2011 2015 2072 2134 2144 2266 2277 2331 2414 2484 2537 2555 2606 2676 2773 2824 2849 2923 2972 3125 3226 3402 3569 3652 3736 3821 3907 3994 4083 4171 4277 4370 4464 4555 4649 4752 4850 4939 5150 5238 5251 5339 5439 5564 5650 5670 5755 5993 5994 6098 6206 6215 6315 6426 6440 6518 6536 6649 6778 7020 7259 7496 7624 7749 7874 8123 8127 8249 8384 8635 8645 8765 8910 9163 9179 9297 9452 9707 9729 9868 10010 10148 10152 10287 10439 10573 10584 10715 10877 11007 11025 11301 11324 11450 11474 
S 1: 0 | 0 5 35 42 43 50 51 59 70 80 105 128 152 208 209 215 252 287 323 324 337 377 391 420 463 464 479 527 543 628 629 631 662 669 693 725 726 758 759 799 902 1024 1175 1223 1271 1320 1377 1422 1474 1528 1582 1637 1710 1751 1829 1890 1952 2011 2015 2072 2134 2144 2266 2277 2331 2414 2484 2537 2555 2606 2676 2773 2824 2849 2923 2972 3125 3226 3402 3569 3652 3736 3821 3907 3994 4083 4171 4277 4370 4464 4555 4649 4752 4850 4939 5150 5238 5251 5339 5439 5564 5650 5670 5755 5993 5994 6098 6206 6215 6315 6426 6440 6518 6536 6649 6778 7020 7259 7496 7624 7749 7874 8123 8127 8249 8384 8635 8645 8765 8910 9163 9179 9297 9452 9707 9729 9868 10010 10148 10152 10287 10439 10573 10584 10715 10877 11007 11025 11301 11324 11450 11474 
S 2: 0 | 0 5 35 42 43 50 51 59 70 80 105 128 152 208 209 215 252 287 323 324 337 377 391 420 463 464 479 527 543 628 629 631 662 669 693 725 726 758 759 799 902 1024 1175 1223 1271 1320 1377 1422 1474 1528 1582 1637 1710 1751 1829 1890 1952 2011 2015 2072 2134 2144 2266 2277 2331 2414 2484 2537 2555 2606 2676 2773 2824 2849 2923 2972 3125 3226 3402 3569 3652 3736 3821 3907 3994 4083 4171 4277 4370 4464 4555 4649 4752 4850 4939 5150 5238 5251 5339 5439 5564 5650 5670 5755 5993 5994 6098 6206 6215 6315 6426 6440 6518 6536 6649 6778 7020 7259 7496 7624 7749 7874 8123 8127 8249 8384 8635 8645 8765 8910 9163 9179 9297 9452 9707 9729 9868 10010 10148 10152 10287 10439 10573 10584 10715 10877 11007 11025 11301 11324 11450 11474 
S 3: 0 | 0 5 35 42 43 50 51 59 70 80 105 128 152 208 209 215 252 287 323 324 337 377 391 420 463 464 479 527 543 628 629 631 662 669 693 725 726 758 759 799 902 1024 1175 1223 1271 1320 1377 1422 1474 1528 1582 1637 1710 1751 1829 1890 1952 2011 2015 2072 2134 2144 2266 2277 2331 2414 2484 2537 2555 2606 2676 2773 2824 2849 2923 2972 3125 3226 3402 3569 3652 3736 3821 3907 3994 4083 4171 4277 4370 4464 4555 4649 4752 4850 4939 5150 5238 5251 5339 5439 5564 5650 5670 5755 5993 5994 6098 6206 6215 6315 6426 6440 6518 6536 6649 6778 7020 7259 7496 7624 7749 7874 8123 8127 8249 8384 8635 8645 8765 8910 9163 9179 9297 9452 9707 9729 9868 10010 10148 10152 10287 10439 10573 10584 10715 10877 11007 11025 11301 11324 11450 11474 
S 4: 0 | 0 5 35 42 43 50 51 59 70 80 105 128 152 208 209 215 252 287 323 324 337 377 391 420 463 464 479 527 543 628 629 631 662 669 693 725 726 758 759 799 902 1024 1175 1223 1271 1320 1377 1422 1474 1528 1582 1637 1710 1751 1829 1890 1952 2011 2015 2072 2134 2144 2266 2277 2331 2414 2484 2537 2555 2606 2676 2773 2824 2849 2923 2972 3125 3226 3402 3569 3652 3736 3821 3907 3994 4083 4171 4277 4370 4464 4555 4649 4752 4850 4939 5150 5238 5251 5339 5439 5564 5650 5670 5755 5993 5994 6098 6206 6215 6315 6426 6440 6518 6536 6649 6778 7020 7259 7496 7624 7749 7874 8123 8127 8249 8384 8635 8645 8765 8910 9163 9179 9297 9452 9707 9729 9868 10010 10148 10152 10287 10439 10573 10584 10715 10877 11007 11025 11301 11324 11450 11474 
ALL EQUAL

Final time = 21657.9
Final solution cost = 78816
