Reading instance small_stp_instances/pr152_5_03.stp of type D
Finished instance reading
Number of vertices = 152
Number of edges (resources) = 11476
Number of scenarios = 5
Average number of terminals per scenario = 152
Probabilities of Scenarios: (0) 0.37 | (1) 0.35 | (2) 0.03 | (3) 0.11 | (4) 0.14 | 
Average weighted inflation = 0.149593
Largest inflation = 0.299936
MAX_ITERATIONS_SINCE_LAST_IMPROVEMENT 2
MAX_ITERATIONS_SINCE_BEST_SOLUTION 3
Creating solution instance.
Starting Evolutive Framework.
Local search solution cost = 74343.6
Local search time = 16944.4
16944.4 local search - EF main loop cycle 0 solution cost 74343.6
16944.4s Cost of SP solution after second stage solver 74343.6
Local search solution cost = 73887
Local search time = 359.013
17303.4 local search - EF main loop cycle 1 solution cost 73887
17303.4s Cost of SP solution after second stage solver 73887
Local search solution cost = 73887
Local search time = 396.815
17700.2 local search - EF main loop cycle 2 solution cost 73887
17700.2s Cost of SP solution after second stage solver 73887
Local search solution cost = 73887
Local search time = 297.492
17997.7 local search - EF main loop cycle 3 solution cost 73887
17997.7s Cost of SP solution after second stage solver 73887
Number of cycles 4
Time for each cycle 4499.44
17997.8s Cost of SP solution after tail step 73887
SELECTED RESOURCES:
35 43 51 60 70 81 92 93 105 106 128 152 162 177 208 209 220 252 264 299 304 324 337 377 391 434 437 464 527 561 628 629 662 663 669 693 708 725 758 819 902 1021 1175 1223 1271 1320 1377 1422 1474 1528 1582 1637 1710 1751 1829 1890 1952 2011 2015 2072 2144 2210 2266 2277 2331 2414 2484 2537 2555 2606 2773 2774 2824 2848 2898 2972 3125 3214 3569 3653 3737 3822 3907 4083 4171 4370 4462 4464 4555 4638 4752 4842 4850 4939 5030 5150 5238 5252 5339 5438 5564 5650 5670 5755 5885 5994 6098 6186 6215 6315 6417 6440 6536 6632 6669 6779 7020 7259 7502 7595 7749 7874 8123 8127 8249 8384 8635 8645 8765 8910 9163 9179 9297 9452 9707 9729 9868 10010 10148 10152 10287 10439 10573 10584 10715 10877 11007 11025 11301 11324 11450 11474 
SCENARIO'S RESOURCES:
S 0: 0 | 35 43 51 60 70 81 92 93 105 106 128 152 162 177 208 209 220 252 264 299 304 324 337 377 391 434 437 464 527 561 628 629 662 663 669 693 708 725 758 819 902 1021 1175 1223 1271 1320 1377 1422 1474 1528 1582 1637 1710 1751 1829 1890 1952 2011 2015 2072 2144 2210 2266 2277 2331 2414 2484 2537 2555 2606 2773 2774 2824 2848 2898 2972 3125 3214 3569 3653 3737 3822 3907 4083 4171 4370 4462 4464 4555 4638 4752 4842 4850 4939 5030 5150 5238 5252 5339 5438 5564 5650 5670 5755 5885 5994 6098 6186 6215 6315 6417 6440 6536 6632 6669 6779 7020 7259 7502 7595 7749 7874 8123 8127 8249 8384 8635 8645 8765 8910 9163 9179 9297 9452 9707 9729 9868 10010 10148 10152 10287 10439 10573 10584 10715 10877 11007 11025 11301 11324 11450 11474 
S 1: 0 | 35 43 51 60 70 81 92 93 105 106 128 152 162 177 208 209 220 252 264 299 304 324 337 377 391 434 437 464 527 561 628 629 662 663 669 693 708 725 758 819 902 1021 1175 1223 1271 1320 1377 1422 1474 1528 1582 1637 1710 1751 1829 1890 1952 2011 2015 2072 2144 2210 2266 2277 2331 2414 2484 2537 2555 2606 2773 2774 2824 2848 2898 2972 3125 3214 3569 3653 3737 3822 3907 4083 4171 4370 4462 4464 4555 4638 4752 4842 4850 4939 5030 5150 5238 5252 5339 5438 5564 5650 5670 5755 5885 5994 6098 6186 6215 6315 6417 6440 6536 6632 6669 6779 7020 7259 7502 7595 7749 7874 8123 8127 8249 8384 8635 8645 8765 8910 9163 9179 9297 9452 9707 9729 9868 10010 10148 10152 10287 10439 10573 10584 10715 10877 11007 11025 11301 11324 11450 11474 
S 2: 0 | 35 43 51 60 70 81 92 93 105 106 128 152 162 177 208 209 220 252 264 299 304 324 337 377 391 434 437 464 527 561 628 629 662 663 669 693 708 725 758 819 902 1021 1175 1223 1271 1320 1377 1422 1474 1528 1582 1637 1710 1751 1829 1890 1952 2011 2015 2072 2144 2210 2266 2277 2331 2414 2484 2537 2555 2606 2773 2774 2824 2848 2898 2972 3125 3214 3569 3653 3737 3822 3907 4083 4171 4370 4462 4464 4555 4638 4752 4842 4850 4939 5030 5150 5238 5252 5339 5438 5564 5650 5670 5755 5885 5994 6098 6186 6215 6315 6417 6440 6536 6632 6669 6779 7020 7259 7502 7595 7749 7874 8123 8127 8249 8384 8635 8645 8765 8910 9163 9179 9297 9452 9707 9729 9868 10010 10148 10152 10287 10439 10573 10584 10715 10877 11007 11025 11301 11324 11450 11474 
S 3: 0 | 35 43 51 60 70 81 92 93 105 106 128 152 162 177 208 209 220 252 264 299 304 324 337 377 391 434 437 464 527 561 628 629 662 663 669 693 708 725 758 819 902 1021 1175 1223 1271 1320 1377 1422 1474 1528 1582 1637 1710 1751 1829 1890 1952 2011 2015 2072 2144 2210 2266 2277 2331 2414 2484 2537 2555 2606 2773 2774 2824 2848 2898 2972 3125 3214 3569 3653 3737 3822 3907 4083 4171 4370 4462 4464 4555 4638 4752 4842 4850 4939 5030 5150 5238 5252 5339 5438 5564 5650 5670 5755 5885 5994 6098 6186 6215 6315 6417 6440 6536 6632 6669 6779 7020 7259 7502 7595 7749 7874 8123 8127 8249 8384 8635 8645 8765 8910 9163 9179 9297 9452 9707 9729 9868 10010 10148 10152 10287 10439 10573 10584 10715 10877 11007 11025 11301 11324 11450 11474 
S 4: 0 | 35 43 51 60 70 81 92 93 105 106 128 152 162 177 208 209 220 252 264 299 304 324 337 377 391 434 437 464 527 561 628 629 662 663 669 693 708 725 758 819 902 1021 1175 1223 1271 1320 1377 1422 1474 1528 1582 1637 1710 1751 1829 1890 1952 2011 2015 2072 2144 2210 2266 2277 2331 2414 2484 2537 2555 2606 2773 2774 2824 2848 2898 2972 3125 3214 3569 3653 3737 3822 3907 4083 4171 4370 4462 4464 4555 4638 4752 4842 4850 4939 5030 5150 5238 5252 5339 5438 5564 5650 5670 5755 5885 5994 6098 6186 6215 6315 6417 6440 6536 6632 6669 6779 7020 7259 7502 7595 7749 7874 8123 8127 8249 8384 8635 8645 8765 8910 9163 9179 9297 9452 9707 9729 9868 10010 10148 10152 10287 10439 10573 10584 10715 10877 11007 11025 11301 11324 11450 11474 
ALL EQUAL

Final time = 17997.9
Final solution cost = 73887
