Reading instance small_stp_instances/pr152_10_05.stp of type D
Finished instance reading
Number of vertices = 152
Number of edges (resources) = 11476
Number of scenarios = 10
Average number of terminals per scenario = 152
Probabilities of Scenarios: (0) 0.02 | (1) 0.12 | (2) 0.13 | (3) 0.16 | (4) 0.06 | (5) 0.07 | (6) 0.1 | (7) 0.12 | (8) 0.2 | (9) 0.02 | 
Average weighted inflation = 0.250881
Largest inflation = 0.499951
MAX_ITERATIONS_SINCE_LAST_IMPROVEMENT 2
MAX_ITERATIONS_SINCE_BEST_SOLUTION 3
Creating solution instance.
Starting Evolutive Framework.
Local search solution cost = 75860.9
Local search time = 32201.1
32201.1 local search - EF main loop cycle 0 solution cost 75860.9
32201.2s Cost of SP solution after second stage solver 75860.9
Local search solution cost = 75172
Local search time = 608.511
32809.7 local search - EF main loop cycle 1 solution cost 75172
32809.7s Cost of SP solution after second stage solver 75172
Local search solution cost = 75172
Local search time = 607.419
33417.1 local search - EF main loop cycle 2 solution cost 75172
33417.1s Cost of SP solution after second stage solver 75172
Local search solution cost = 75172
Local search time = 595.888
34013 local search - EF main loop cycle 3 solution cost 75172
34013.1s Cost of SP solution after second stage solver 75172
Number of cycles 4
Time for each cycle 8503.26
34013.1s Cost of SP solution after tail step 75172
SELECTED RESOURCES:
35 43 51 60 70 81 93 105 106 128 162 177 208 209 220 252 264 299 304 324 337 377 391 408 463 464 479 527 561 628 629 631 662 669 693 708 725 757 758 797 902 989 1068 1175 1223 1271 1320 1371 1422 1474 1539 1582 1637 1710 1751 1829 1890 1952 2011 2015 2072 2144 2210 2266 2277 2331 2414 2484 2537 2555 2606 2749 2773 2824 2848 2923 3054 3569 3653 3737 3822 3908 3995 4082 4172 4262 4370 4462 4464 4555 4638 4752 4842 4850 4939 5030 5150 5238 5252 5339 5438 5564 5650 5670 5755 5993 5994 6098 6186 6215 6315 6407 6440 6536 6669 6778 7020 7259 7496 7624 7749 7874 8123 8127 8249 8384 8635 8645 8765 8910 9163 9179 9297 9452 9707 9729 9868 10010 10148 10152 10287 10439 10573 10584 10715 10877 11007 11025 11301 11324 11450 11474 
SCENARIO'S RESOURCES:
S 0: 0 | 35 43 51 60 70 81 93 105 106 128 162 177 208 209 220 252 264 299 304 324 337 377 391 408 463 464 479 527 561 628 629 631 662 669 693 708 725 757 758 797 902 989 1068 1175 1223 1271 1320 1371 1422 1474 1539 1582 1637 1710 1751 1829 1890 1952 2011 2015 2072 2144 2210 2266 2277 2331 2414 2484 2537 2555 2606 2749 2773 2824 2848 2923 3054 3569 3653 3737 3822 3908 3995 4082 4172 4262 4370 4462 4464 4555 4638 4752 4842 4850 4939 5030 5150 5238 5252 5339 5438 5564 5650 5670 5755 5993 5994 6098 6186 6215 6315 6407 6440 6536 6669 6778 7020 7259 7496 7624 7749 7874 8123 8127 8249 8384 8635 8645 8765 8910 9163 9179 9297 9452 9707 9729 9868 10010 10148 10152 10287 10439 10573 10584 10715 10877 11007 11025 11301 11324 11450 11474 
S 1: 0 | 35 43 51 60 70 81 93 105 106 128 162 177 208 209 220 252 264 299 304 324 337 377 391 408 463 464 479 527 561 628 629 631 662 669 693 708 725 757 758 797 902 989 1068 1175 1223 1271 1320 1371 1422 1474 1539 1582 1637 1710 1751 1829 1890 1952 2011 2015 2072 2144 2210 2266 2277 2331 2414 2484 2537 2555 2606 2749 2773 2824 2848 2923 3054 3569 3653 3737 3822 3908 3995 4082 4172 4262 4370 4462 4464 4555 4638 4752 4842 4850 4939 5030 5150 5238 5252 5339 5438 5564 5650 5670 5755 5993 5994 6098 6186 6215 6315 6407 6440 6536 6669 6778 7020 7259 7496 7624 7749 7874 8123 8127 8249 8384 8635 8645 8765 8910 9163 9179 9297 9452 9707 9729 9868 10010 10148 10152 10287 10439 10573 10584 10715 10877 11007 11025 11301 11324 11450 11474 
S 2: 0 | 35 43 51 60 70 81 93 105 106 128 162 177 208 209 220 252 264 299 304 324 337 377 391 408 463 464 479 527 561 628 629 631 662 669 693 708 725 757 758 797 902 989 1068 1175 1223 1271 1320 1371 1422 1474 1539 1582 1637 1710 1751 1829 1890 1952 2011 2015 2072 2144 2210 2266 2277 2331 2414 2484 2537 2555 2606 2749 2773 2824 2848 2923 3054 3569 3653 3737 3822 3908 3995 4082 4172 4262 4370 4462 4464 4555 4638 4752 4842 4850 4939 5030 5150 5238 5252 5339 5438 5564 5650 5670 5755 5993 5994 6098 6186 6215 6315 6407 6440 6536 6669 6778 7020 7259 7496 7624 7749 7874 8123 8127 8249 8384 8635 8645 8765 8910 9163 9179 9297 9452 9707 9729 9868 10010 10148 10152 10287 10439 10573 10584 10715 10877 11007 11025 11301 11324 11450 11474 
S 3: 0 | 35 43 51 60 70 81 93 105 106 128 162 177 208 209 220 252 264 299 304 324 337 377 391 408 463 464 479 527 561 628 629 631 662 669 693 708 725 757 758 797 902 989 1068 1175 1223 1271 1320 1371 1422 1474 1539 1582 1637 1710 1751 1829 1890 1952 2011 2015 2072 2144 2210 2266 2277 2331 2414 2484 2537 2555 2606 2749 2773 2824 2848 2923 3054 3569 3653 3737 3822 3908 3995 4082 4172 4262 4370 4462 4464 4555 4638 4752 4842 4850 4939 5030 5150 5238 5252 5339 5438 5564 5650 5670 5755 5993 5994 6098 6186 6215 6315 6407 6440 6536 6669 6778 7020 7259 7496 7624 7749 7874 8123 8127 8249 8384 8635 8645 8765 8910 9163 9179 9297 9452 9707 9729 9868 10010 10148 10152 10287 10439 10573 10584 10715 10877 11007 11025 11301 11324 11450 11474 
S 4: 0 | 35 43 51 60 70 81 93 105 106 128 162 177 208 209 220 252 264 299 304 324 337 377 391 408 463 464 479 527 561 628 629 631 662 669 693 708 725 757 758 797 902 989 1068 1175 1223 1271 1320 1371 1422 1474 1539 1582 1637 1710 1751 1829 1890 1952 2011 2015 2072 2144 2210 2266 2277 2331 2414 2484 2537 2555 2606 2749 2773 2824 2848 2923 3054 3569 3653 3737 3822 3908 3995 4082 4172 4262 4370 4462 4464 4555 4638 4752 4842 4850 4939 5030 5150 5238 5252 5339 5438 5564 5650 5670 5755 5993 5994 6098 6186 6215 6315 6407 6440 6536 6669 6778 7020 7259 7496 7624 7749 7874 8123 8127 8249 8384 8635 8645 8765 8910 9163 9179 9297 9452 9707 9729 9868 10010 10148 10152 10287 10439 10573 10584 10715 10877 11007 11025 11301 11324 11450 11474 
S 5: 0 | 35 43 51 60 70 81 93 105 106 128 162 177 208 209 220 252 264 299 304 324 337 377 391 408 463 464 479 527 561 628 629 631 662 669 693 708 725 757 758 797 902 989 1068 1175 1223 1271 1320 1371 1422 1474 1539 1582 1637 1710 1751 1829 1890 1952 2011 2015 2072 2144 2210 2266 2277 2331 2414 2484 2537 2555 2606 2749 2773 2824 2848 2923 3054 3569 3653 3737 3822 3908 3995 4082 4172 4262 4370 4462 4464 4555 4638 4752 4842 4850 4939 5030 5150 5238 5252 5339 5438 5564 5650 5670 5755 5993 5994 6098 6186 6215 6315 6407 6440 6536 6669 6778 7020 7259 7496 7624 7749 7874 8123 8127 8249 8384 8635 8645 8765 8910 9163 9179 9297 9452 9707 9729 9868 10010 10148 10152 10287 10439 10573 10584 10715 10877 11007 11025 11301 11324 11450 11474 
S 6: 0 | 35 43 51 60 70 81 93 105 106 128 162 177 208 209 220 252 264 299 304 324 337 377 391 408 463 464 479 527 561 628 629 631 662 669 693 708 725 757 758 797 902 989 1068 1175 1223 1271 1320 1371 1422 1474 1539 1582 1637 1710 1751 1829 1890 1952 2011 2015 2072 2144 2210 2266 2277 2331 2414 2484 2537 2555 2606 2749 2773 2824 2848 2923 3054 3569 3653 3737 3822 3908 3995 4082 4172 4262 4370 4462 4464 4555 4638 4752 4842 4850 4939 5030 5150 5238 5252 5339 5438 5564 5650 5670 5755 5993 5994 6098 6186 6215 6315 6407 6440 6536 6669 6778 7020 7259 7496 7624 7749 7874 8123 8127 8249 8384 8635 8645 8765 8910 9163 9179 9297 9452 9707 9729 9868 10010 10148 10152 10287 10439 10573 10584 10715 10877 11007 11025 11301 11324 11450 11474 
S 7: 0 | 35 43 51 60 70 81 93 105 106 128 162 177 208 209 220 252 264 299 304 324 337 377 391 408 463 464 479 527 561 628 629 631 662 669 693 708 725 757 758 797 902 989 1068 1175 1223 1271 1320 1371 1422 1474 1539 1582 1637 1710 1751 1829 1890 1952 2011 2015 2072 2144 2210 2266 2277 2331 2414 2484 2537 2555 2606 2749 2773 2824 2848 2923 3054 3569 3653 3737 3822 3908 3995 4082 4172 4262 4370 4462 4464 4555 4638 4752 4842 4850 4939 5030 5150 5238 5252 5339 5438 5564 5650 5670 5755 5993 5994 6098 6186 6215 6315 6407 6440 6536 6669 6778 7020 7259 7496 7624 7749 7874 8123 8127 8249 8384 8635 8645 8765 8910 9163 9179 9297 9452 9707 9729 9868 10010 10148 10152 10287 10439 10573 10584 10715 10877 11007 11025 11301 11324 11450 11474 
S 8: 0 | 35 43 51 60 70 81 93 105 106 128 162 177 208 209 220 252 264 299 304 324 337 377 391 408 463 464 479 527 561 628 629 631 662 669 693 708 725 757 758 797 902 989 1068 1175 1223 1271 1320 1371 1422 1474 1539 1582 1637 1710 1751 1829 1890 1952 2011 2015 2072 2144 2210 2266 2277 2331 2414 2484 2537 2555 2606 2749 2773 2824 2848 2923 3054 3569 3653 3737 3822 3908 3995 4082 4172 4262 4370 4462 4464 4555 4638 4752 4842 4850 4939 5030 5150 5238 5252 5339 5438 5564 5650 5670 5755 5993 5994 6098 6186 6215 6315 6407 6440 6536 6669 6778 7020 7259 7496 7624 7749 7874 8123 8127 8249 8384 8635 8645 8765 8910 9163 9179 9297 9452 9707 9729 9868 10010 10148 10152 10287 10439 10573 10584 10715 10877 11007 11025 11301 11324 11450 11474 
S 9: 0 | 35 43 51 60 70 81 93 105 106 128 162 177 208 209 220 252 264 299 304 324 337 377 391 408 463 464 479 527 561 628 629 631 662 669 693 708 725 757 758 797 902 989 1068 1175 1223 1271 1320 1371 1422 1474 1539 1582 1637 1710 1751 1829 1890 1952 2011 2015 2072 2144 2210 2266 2277 2331 2414 2484 2537 2555 2606 2749 2773 2824 2848 2923 3054 3569 3653 3737 3822 3908 3995 4082 4172 4262 4370 4462 4464 4555 4638 4752 4842 4850 4939 5030 5150 5238 5252 5339 5438 5564 5650 5670 5755 5993 5994 6098 6186 6215 6315 6407 6440 6536 6669 6778 7020 7259 7496 7624 7749 7874 8123 8127 8249 8384 8635 8645 8765 8910 9163 9179 9297 9452 9707 9729 9868 10010 10148 10152 10287 10439 10573 10584 10715 10877 11007 11025 11301 11324 11450 11474 
ALL EQUAL

Final time = 34013.2
Final solution cost = 75172
