Reading instance small_stp_instances/pr76_5_10.stp of type D
Finished instance reading
Number of vertices = 76
Number of edges (resources) = 2850
Number of scenarios = 5
Average number of terminals per scenario = 76
Probabilities of Scenarios: (0) 0.25 | (1) 0.14 | (2) 0.19 | (3) 0.21 | (4) 0.21 | 
Average weighted inflation = 0.501764
Largest inflation = 0.999915
MAX_ITERATIONS_SINCE_LAST_IMPROVEMENT 2
MAX_ITERATIONS_SINCE_BEST_SOLUTION 3
Creating solution instance.
Starting Evolutive Framework.
Local search solution cost = 111838
Local search time = 317.726
317.726 local search - EF main loop cycle 0 solution cost 111838
317.729s Cost of SP solution after second stage solver 111838
Local search solution cost = 111838
Local search time = 22.9871
340.717 local search - EF main loop cycle 1 solution cost 111838
340.72s Cost of SP solution after second stage solver 111838
Local search solution cost = 111838
Local search time = 22.8686
363.589 local search - EF main loop cycle 2 solution cost 111838
363.592s Cost of SP solution after second stage solver 111838
Number of cycles 3
Time for each cycle 121.197
363.596s Cost of SP solution after tail step 111838
SELECTED RESOURCES:
0 5 9 12 20 27 32 44 54 65 77 90 119 135 152 189 230 231 252 296 299 319 350 377 434 453 464 493 527 560 594 647 665 701 737 740 819 888 902 989 1013 1034 1124 1127 1224 1273 1324 1377 1419 1430 1539 1594 1635 1652 1751 1769 1828 1890 1952 2015 2071 2130 2144 2277 2324 2345 2412 2484 2548 2626 2627 2641 2642 2708 2776 2849 
SCENARIO'S RESOURCES:
S 0: 0 | 0 5 9 12 20 27 32 44 54 65 77 90 119 135 152 189 230 231 252 296 299 319 350 377 434 453 464 493 527 560 594 647 665 701 737 740 819 888 902 989 1013 1034 1124 1127 1224 1273 1324 1377 1419 1430 1539 1594 1635 1652 1751 1769 1828 1890 1952 2015 2071 2130 2144 2277 2324 2345 2412 2484 2548 2626 2627 2641 2642 2708 2776 2849 
S 1: 0 | 0 5 9 12 20 27 32 44 54 65 77 90 119 135 152 189 230 231 252 296 299 319 350 377 434 453 464 493 527 560 594 647 665 701 737 740 819 888 902 989 1013 1034 1124 1127 1224 1273 1324 1377 1419 1430 1539 1594 1635 1652 1751 1769 1828 1890 1952 2015 2071 2130 2144 2277 2324 2345 2412 2484 2548 2626 2627 2641 2642 2708 2776 2849 
S 2: 0 | 0 5 9 12 20 27 32 44 54 65 77 90 119 135 152 189 230 231 252 296 299 319 350 377 434 453 464 493 527 560 594 647 665 701 737 740 819 888 902 989 1013 1034 1124 1127 1224 1273 1324 1377 1419 1430 1539 1594 1635 1652 1751 1769 1828 1890 1952 2015 2071 2130 2144 2277 2324 2345 2412 2484 2548 2626 2627 2641 2642 2708 2776 2849 
S 3: 0 | 0 5 9 12 20 27 32 44 54 65 77 90 119 135 152 189 230 231 252 296 299 319 350 377 434 453 464 493 527 560 594 647 665 701 737 740 819 888 902 989 1013 1034 1124 1127 1224 1273 1324 1377 1419 1430 1539 1594 1635 1652 1751 1769 1828 1890 1952 2015 2071 2130 2144 2277 2324 2345 2412 2484 2548 2626 2627 2641 2642 2708 2776 2849 
S 4: 0 | 0 5 9 12 20 27 32 44 54 65 77 90 119 135 152 189 230 231 252 296 299 319 350 377 434 453 464 493 527 560 594 647 665 701 737 740 819 888 902 989 1013 1034 1124 1127 1224 1273 1324 1377 1419 1430 1539 1594 1635 1652 1751 1769 1828 1890 1952 2015 2071 2130 2144 2277 2324 2345 2412 2484 2548 2626 2627 2641 2642 2708 2776 2849 
ALL EQUAL

Final time = 363.603
Final solution cost = 111838
