Reading instance small_stp_instances/pr76_20_03.stp of type D
Finished instance reading
Number of vertices = 76
Number of edges (resources) = 2850
Number of scenarios = 20
Average number of terminals per scenario = 76
Probabilities of Scenarios: (0) 0.05 | (1) 0.08 | (2) 0.05 | (3) 0.03 | (4) 0.07 | (5) 0.05 | (6) 0.03 | (7) 0.09 | (8) 0.01 | (9) 0.07 | (10) 0.09 | (11) 0.1 | (12) 0.01 | (13) 0.04 | (14) 0.01 | (15) 0.03 | (16) 0 | (17) 0.03 | (18) 0.04 | (19) 0.12 | 
Average weighted inflation = 0.149466
Largest inflation = 0.29995
MAX_ITERATIONS_SINCE_LAST_IMPROVEMENT 2
MAX_ITERATIONS_SINCE_BEST_SOLUTION 3
Creating solution instance.
Starting Evolutive Framework.
Local search solution cost = 109223
Local search time = 1171.62
1171.62 local search - EF main loop cycle 0 solution cost 109223
1171.66s Cost of SP solution after second stage solver 109223
Local search solution cost = 108967
Local search time = 91.3816
1263.04 local search - EF main loop cycle 1 solution cost 108967
1263.05s Cost of SP solution after second stage solver 108967
Local search solution cost = 108967
Local search time = 90.9915
1354.04 local search - EF main loop cycle 2 solution cost 108967
1354.06s Cost of SP solution after second stage solver 108967
Local search solution cost = 108967
Local search time = 90.8726
1444.93 local search - EF main loop cycle 3 solution cost 108967
1444.94s Cost of SP solution after second stage solver 108967
Number of cycles 4
Time for each cycle 361.236
1444.96s Cost of SP solution after tail step 108967
SELECTED RESOURCES:
2 5 9 14 20 27 35 44 54 65 77 104 119 135 152 189 230 231 252 296 299 319 350 377 434 453 464 493 527 560 629 647 665 700 736 740 819 888 902 989 1013 1034 1124 1127 1224 1273 1377 1419 1430 1482 1539 1595 1635 1652 1751 1769 1828 1890 1952 2015 2130 2144 2194 2324 2345 2412 2413 2479 2548 2626 2627 2640 2641 2701 2776 2849 
SCENARIO'S RESOURCES:
S 0: 0 | 2 5 9 14 20 27 35 44 54 65 77 104 119 135 152 189 230 231 252 296 299 319 350 377 434 453 464 493 527 560 629 647 665 700 736 740 819 888 902 989 1013 1034 1124 1127 1224 1273 1377 1419 1430 1482 1539 1595 1635 1652 1751 1769 1828 1890 1952 2015 2130 2144 2194 2324 2345 2412 2413 2479 2548 2626 2627 2640 2641 2701 2776 2849 
S 1: 0 | 2 5 9 14 20 27 35 44 54 65 77 104 119 135 152 189 230 231 252 296 299 319 350 377 434 453 464 493 527 560 629 647 665 700 736 740 819 888 902 989 1013 1034 1124 1127 1224 1273 1377 1419 1430 1482 1539 1595 1635 1652 1751 1769 1828 1890 1952 2015 2130 2144 2194 2324 2345 2412 2413 2479 2548 2626 2627 2640 2641 2701 2776 2849 
S 2: 0 | 2 5 9 14 20 27 35 44 54 65 77 104 119 135 152 189 230 231 252 296 299 319 350 377 434 453 464 493 527 560 629 647 665 700 736 740 819 888 902 989 1013 1034 1124 1127 1224 1273 1377 1419 1430 1482 1539 1595 1635 1652 1751 1769 1828 1890 1952 2015 2130 2144 2194 2324 2345 2412 2413 2479 2548 2626 2627 2640 2641 2701 2776 2849 
S 3: 0 | 2 5 9 14 20 27 35 44 54 65 77 104 119 135 152 189 230 231 252 296 299 319 350 377 434 453 464 493 527 560 629 647 665 700 736 740 819 888 902 989 1013 1034 1124 1127 1224 1273 1377 1419 1430 1482 1539 1595 1635 1652 1751 1769 1828 1890 1952 2015 2130 2144 2194 2324 2345 2412 2413 2479 2548 2626 2627 2640 2641 2701 2776 2849 
S 4: 0 | 2 5 9 14 20 27 35 44 54 65 77 104 119 135 152 189 230 231 252 296 299 319 350 377 434 453 464 493 527 560 629 647 665 700 736 740 819 888 902 989 1013 1034 1124 1127 1224 1273 1377 1419 1430 1482 1539 1595 1635 1652 1751 1769 1828 1890 1952 2015 2130 2144 2194 2324 2345 2412 2413 2479 2548 2626 2627 2640 2641 2701 2776 2849 
S 5: 0 | 2 5 9 14 20 27 35 44 54 65 77 104 119 135 152 189 230 231 252 296 299 319 350 377 434 453 464 493 527 560 629 647 665 700 736 740 819 888 902 989 1013 1034 1124 1127 1224 1273 1377 1419 1430 1482 1539 1595 1635 1652 1751 1769 1828 1890 1952 2015 2130 2144 2194 2324 2345 2412 2413 2479 2548 2626 2627 2640 2641 2701 2776 2849 
S 6: 0 | 2 5 9 14 20 27 35 44 54 65 77 104 119 135 152 189 230 231 252 296 299 319 350 377 434 453 464 493 527 560 629 647 665 700 736 740 819 888 902 989 1013 1034 1124 1127 1224 1273 1377 1419 1430 1482 1539 1595 1635 1652 1751 1769 1828 1890 1952 2015 2130 2144 2194 2324 2345 2412 2413 2479 2548 2626 2627 2640 2641 2701 2776 2849 
S 7: 0 | 2 5 9 14 20 27 35 44 54 65 77 104 119 135 152 189 230 231 252 296 299 319 350 377 434 453 464 493 527 560 629 647 665 700 736 740 819 888 902 989 1013 1034 1124 1127 1224 1273 1377 1419 1430 1482 1539 1595 1635 1652 1751 1769 1828 1890 1952 2015 2130 2144 2194 2324 2345 2412 2413 2479 2548 2626 2627 2640 2641 2701 2776 2849 
S 8: 0 | 2 5 9 14 20 27 35 44 54 65 77 104 119 135 152 189 230 231 252 296 299 319 350 377 434 453 464 493 527 560 629 647 665 700 736 740 819 888 902 989 1013 1034 1124 1127 1224 1273 1377 1419 1430 1482 1539 1595 1635 1652 1751 1769 1828 1890 1952 2015 2130 2144 2194 2324 2345 2412 2413 2479 2548 2626 2627 2640 2641 2701 2776 2849 
S 9: 0 | 2 5 9 14 20 27 35 44 54 65 77 104 119 135 152 189 230 231 252 296 299 319 350 377 434 453 464 493 527 560 629 647 665 700 736 740 819 888 902 989 1013 1034 1124 1127 1224 1273 1377 1419 1430 1482 1539 1595 1635 1652 1751 1769 1828 1890 1952 2015 2130 2144 2194 2324 2345 2412 2413 2479 2548 2626 2627 2640 2641 2701 2776 2849 
S 10: 0 | 2 5 9 14 20 27 35 44 54 65 77 104 119 135 152 189 230 231 252 296 299 319 350 377 434 453 464 493 527 560 629 647 665 700 736 740 819 888 902 989 1013 1034 1124 1127 1224 1273 1377 1419 1430 1482 1539 1595 1635 1652 1751 1769 1828 1890 1952 2015 2130 2144 2194 2324 2345 2412 2413 2479 2548 2626 2627 2640 2641 2701 2776 2849 
S 11: 0 | 2 5 9 14 20 27 35 44 54 65 77 104 119 135 152 189 230 231 252 296 299 319 350 377 434 453 464 493 527 560 629 647 665 700 736 740 819 888 902 989 1013 1034 1124 1127 1224 1273 1377 1419 1430 1482 1539 1595 1635 1652 1751 1769 1828 1890 1952 2015 2130 2144 2194 2324 2345 2412 2413 2479 2548 2626 2627 2640 2641 2701 2776 2849 
S 12: 0 | 2 5 9 14 20 27 35 44 54 65 77 104 119 135 152 189 230 231 252 296 299 319 350 377 434 453 464 493 527 560 629 647 665 700 736 740 819 888 902 989 1013 1034 1124 1127 1224 1273 1377 1419 1430 1482 1539 1595 1635 1652 1751 1769 1828 1890 1952 2015 2130 2144 2194 2324 2345 2412 2413 2479 2548 2626 2627 2640 2641 2701 2776 2849 
S 13: 0 | 2 5 9 14 20 27 35 44 54 65 77 104 119 135 152 189 230 231 252 296 299 319 350 377 434 453 464 493 527 560 629 647 665 700 736 740 819 888 902 989 1013 1034 1124 1127 1224 1273 1377 1419 1430 1482 1539 1595 1635 1652 1751 1769 1828 1890 1952 2015 2130 2144 2194 2324 2345 2412 2413 2479 2548 2626 2627 2640 2641 2701 2776 2849 
S 14: 0 | 2 5 9 14 20 27 35 44 54 65 77 104 119 135 152 189 230 231 252 296 299 319 350 377 434 453 464 493 527 560 629 647 665 700 736 740 819 888 902 989 1013 1034 1124 1127 1224 1273 1377 1419 1430 1482 1539 1595 1635 1652 1751 1769 1828 1890 1952 2015 2130 2144 2194 2324 2345 2412 2413 2479 2548 2626 2627 2640 2641 2701 2776 2849 
S 15: 0 | 2 5 9 14 20 27 35 44 54 65 77 104 119 135 152 189 230 231 252 296 299 319 350 377 434 453 464 493 527 560 629 647 665 700 736 740 819 888 902 989 1013 1034 1124 1127 1224 1273 1377 1419 1430 1482 1539 1595 1635 1652 1751 1769 1828 1890 1952 2015 2130 2144 2194 2324 2345 2412 2413 2479 2548 2626 2627 2640 2641 2701 2776 2849 
S 16: 0 | 2 5 9 14 20 27 35 44 54 65 77 104 119 135 152 189 230 231 252 296 299 319 350 377 434 453 464 493 527 560 629 647 665 700 736 740 819 888 902 989 1013 1034 1124 1127 1224 1273 1377 1419 1430 1482 1539 1595 1635 1652 1751 1769 1828 1890 1952 2015 2130 2144 2194 2324 2345 2412 2413 2479 2548 2626 2627 2640 2641 2701 2776 2849 
S 17: 0 | 2 5 9 14 20 27 35 44 54 65 77 104 119 135 152 189 230 231 252 296 299 319 350 377 434 453 464 493 527 560 629 647 665 700 736 740 819 888 902 989 1013 1034 1124 1127 1224 1273 1377 1419 1430 1482 1539 1595 1635 1652 1751 1769 1828 1890 1952 2015 2130 2144 2194 2324 2345 2412 2413 2479 2548 2626 2627 2640 2641 2701 2776 2849 
S 18: 0 | 2 5 9 14 20 27 35 44 54 65 77 104 119 135 152 189 230 231 252 296 299 319 350 377 434 453 464 493 527 560 629 647 665 700 736 740 819 888 902 989 1013 1034 1124 1127 1224 1273 1377 1419 1430 1482 1539 1595 1635 1652 1751 1769 1828 1890 1952 2015 2130 2144 2194 2324 2345 2412 2413 2479 2548 2626 2627 2640 2641 2701 2776 2849 
S 19: 0 | 2 5 9 14 20 27 35 44 54 65 77 104 119 135 152 189 230 231 252 296 299 319 350 377 434 453 464 493 527 560 629 647 665 700 736 740 819 888 902 989 1013 1034 1124 1127 1224 1273 1377 1419 1430 1482 1539 1595 1635 1652 1751 1769 1828 1890 1952 2015 2130 2144 2194 2324 2345 2412 2413 2479 2548 2626 2627 2640 2641 2701 2776 2849 
ALL EQUAL

Final time = 1444.98
Final solution cost = 108967
