Reading instance small_stp_instances/pr76_10_03.stp of type D
Finished instance reading
Number of vertices = 76
Number of edges (resources) = 2850
Number of scenarios = 10
Average number of terminals per scenario = 76
Probabilities of Scenarios: (0) 0.06 | (1) 0.02 | (2) 0.22 | (3) 0.09 | (4) 0.04 | (5) 0.11 | (6) 0.1 | (7) 0.15 | (8) 0.07 | (9) 0.14 | 
Average weighted inflation = 0.150479
Largest inflation = 0.299984
MAX_ITERATIONS_SINCE_LAST_IMPROVEMENT 2
MAX_ITERATIONS_SINCE_BEST_SOLUTION 3
Creating solution instance.
Starting Evolutive Framework.
Local search solution cost = 109576
Local search time = 534.648
534.648 local search - EF main loop cycle 0 solution cost 109576
534.667s Cost of SP solution after second stage solver 109576
Local search solution cost = 109138
Local search time = 45.4402
580.107 local search - EF main loop cycle 1 solution cost 109138
580.114s Cost of SP solution after second stage solver 109138
Local search solution cost = 109138
Local search time = 45.5153
625.629 local search - EF main loop cycle 2 solution cost 109138
625.636s Cost of SP solution after second stage solver 109138
Local search solution cost = 109138
Local search time = 45.2415
670.878 local search - EF main loop cycle 3 solution cost 109138
670.884s Cost of SP solution after second stage solver 109138
Number of cycles 4
Time for each cycle 167.721
670.891s Cost of SP solution after tail step 109138
SELECTED RESOURCES:
2 5 9 14 20 27 35 44 54 65 77 104 119 135 152 189 230 231 252 296 299 319 350 377 434 453 464 493 527 560 594 647 665 701 737 740 819 888 902 989 1013 1034 1124 1127 1224 1274 1377 1419 1430 1482 1539 1595 1635 1652 1751 1769 1828 1890 1952 2015 2130 2144 2193 2324 2345 2412 2413 2479 2548 2626 2627 2640 2641 2701 2776 2849 
SCENARIO'S RESOURCES:
S 0: 0 | 2 5 9 14 20 27 35 44 54 65 77 104 119 135 152 189 230 231 252 296 299 319 350 377 434 453 464 493 527 560 594 647 665 701 737 740 819 888 902 989 1013 1034 1124 1127 1224 1274 1377 1419 1430 1482 1539 1595 1635 1652 1751 1769 1828 1890 1952 2015 2130 2144 2193 2324 2345 2412 2413 2479 2548 2626 2627 2640 2641 2701 2776 2849 
S 1: 0 | 2 5 9 14 20 27 35 44 54 65 77 104 119 135 152 189 230 231 252 296 299 319 350 377 434 453 464 493 527 560 594 647 665 701 737 740 819 888 902 989 1013 1034 1124 1127 1224 1274 1377 1419 1430 1482 1539 1595 1635 1652 1751 1769 1828 1890 1952 2015 2130 2144 2193 2324 2345 2412 2413 2479 2548 2626 2627 2640 2641 2701 2776 2849 
S 2: 0 | 2 5 9 14 20 27 35 44 54 65 77 104 119 135 152 189 230 231 252 296 299 319 350 377 434 453 464 493 527 560 594 647 665 701 737 740 819 888 902 989 1013 1034 1124 1127 1224 1274 1377 1419 1430 1482 1539 1595 1635 1652 1751 1769 1828 1890 1952 2015 2130 2144 2193 2324 2345 2412 2413 2479 2548 2626 2627 2640 2641 2701 2776 2849 
S 3: 0 | 2 5 9 14 20 27 35 44 54 65 77 104 119 135 152 189 230 231 252 296 299 319 350 377 434 453 464 493 527 560 594 647 665 701 737 740 819 888 902 989 1013 1034 1124 1127 1224 1274 1377 1419 1430 1482 1539 1595 1635 1652 1751 1769 1828 1890 1952 2015 2130 2144 2193 2324 2345 2412 2413 2479 2548 2626 2627 2640 2641 2701 2776 2849 
S 4: 0 | 2 5 9 14 20 27 35 44 54 65 77 104 119 135 152 189 230 231 252 296 299 319 350 377 434 453 464 493 527 560 594 647 665 701 737 740 819 888 902 989 1013 1034 1124 1127 1224 1274 1377 1419 1430 1482 1539 1595 1635 1652 1751 1769 1828 1890 1952 2015 2130 2144 2193 2324 2345 2412 2413 2479 2548 2626 2627 2640 2641 2701 2776 2849 
S 5: 0 | 2 5 9 14 20 27 35 44 54 65 77 104 119 135 152 189 230 231 252 296 299 319 350 377 434 453 464 493 527 560 594 647 665 701 737 740 819 888 902 989 1013 1034 1124 1127 1224 1274 1377 1419 1430 1482 1539 1595 1635 1652 1751 1769 1828 1890 1952 2015 2130 2144 2193 2324 2345 2412 2413 2479 2548 2626 2627 2640 2641 2701 2776 2849 
S 6: 0 | 2 5 9 14 20 27 35 44 54 65 77 104 119 135 152 189 230 231 252 296 299 319 350 377 434 453 464 493 527 560 594 647 665 701 737 740 819 888 902 989 1013 1034 1124 1127 1224 1274 1377 1419 1430 1482 1539 1595 1635 1652 1751 1769 1828 1890 1952 2015 2130 2144 2193 2324 2345 2412 2413 2479 2548 2626 2627 2640 2641 2701 2776 2849 
S 7: 0 | 2 5 9 14 20 27 35 44 54 65 77 104 119 135 152 189 230 231 252 296 299 319 350 377 434 453 464 493 527 560 594 647 665 701 737 740 819 888 902 989 1013 1034 1124 1127 1224 1274 1377 1419 1430 1482 1539 1595 1635 1652 1751 1769 1828 1890 1952 2015 2130 2144 2193 2324 2345 2412 2413 2479 2548 2626 2627 2640 2641 2701 2776 2849 
S 8: 0 | 2 5 9 14 20 27 35 44 54 65 77 104 119 135 152 189 230 231 252 296 299 319 350 377 434 453 464 493 527 560 594 647 665 701 737 740 819 888 902 989 1013 1034 1124 1127 1224 1274 1377 1419 1430 1482 1539 1595 1635 1652 1751 1769 1828 1890 1952 2015 2130 2144 2193 2324 2345 2412 2413 2479 2548 2626 2627 2640 2641 2701 2776 2849 
S 9: 0 | 2 5 9 14 20 27 35 44 54 65 77 104 119 135 152 189 230 231 252 296 299 319 350 377 434 453 464 493 527 560 594 647 665 701 737 740 819 888 902 989 1013 1034 1124 1127 1224 1274 1377 1419 1430 1482 1539 1595 1635 1652 1751 1769 1828 1890 1952 2015 2130 2144 2193 2324 2345 2412 2413 2479 2548 2626 2627 2640 2641 2701 2776 2849 
ALL EQUAL

Final time = 670.904
Final solution cost = 109138
