Reading instance small_stp_instances/pr76_20_10.stp of type D
Finished instance reading
Number of vertices = 76
Number of edges (resources) = 2850
Number of scenarios = 20
Average number of terminals per scenario = 76
Probabilities of Scenarios: (0) 0.09 | (1) 0.17 | (2) 0.09 | (3) 0.08 | (4) 0.02 | (5) 0.04 | (6) 0.04 | (7) 0.02 | (8) 0.09 | (9) 0.05 | (10) 0.02 | (11) 0 | (12) 0.04 | (13) 0 | (14) 0.02 | (15) 0.09 | (16) 0.03 | (17) 0.05 | (18) 0.04 | (19) 0.02 | 
Average weighted inflation = 0.497362
Largest inflation = 0.999911
MAX_ITERATIONS_SINCE_LAST_IMPROVEMENT 2
MAX_ITERATIONS_SINCE_BEST_SOLUTION 3
Creating solution instance.
Starting Evolutive Framework.
Local search solution cost = 111448
Local search time = 1487.18
1487.18 local search - EF main loop cycle 0 solution cost 111448
1487.2s Cost of SP solution after second stage solver 111448
Local search solution cost = 109521
Local search time = 94.2669
1581.47 local search - EF main loop cycle 1 solution cost 109521
1581.48s Cost of SP solution after second stage solver 109521
Local search solution cost = 109521
Local search time = 94.1292
1675.61 local search - EF main loop cycle 2 solution cost 109521
1675.63s Cost of SP solution after second stage solver 109521
Local search solution cost = 109521
Local search time = 94.0901
1769.72 local search - EF main loop cycle 3 solution cost 109521
1769.73s Cost of SP solution after second stage solver 109521
Number of cycles 4
Time for each cycle 442.433
1769.74s Cost of SP solution after tail step 109521
SELECTED RESOURCES:
2 5 9 14 20 27 35 44 54 65 77 90 119 135 152 189 230 231 252 296 299 319 350 377 434 453 464 493 527 560 629 647 665 700 736 740 819 888 902 989 1013 1034 1124 1127 1224 1274 1323 1377 1419 1430 1481 1539 1595 1635 1652 1751 1769 1828 1890 1952 2015 2144 2210 2324 2345 2412 2413 2479 2548 2626 2627 2641 2642 2701 2776 2849 
SCENARIO'S RESOURCES:
S 0: 0 | 2 5 9 14 20 27 35 44 54 65 77 90 119 135 152 189 230 231 252 296 299 319 350 377 434 453 464 493 527 560 629 647 665 700 736 740 819 888 902 989 1013 1034 1124 1127 1224 1274 1323 1377 1419 1430 1481 1539 1595 1635 1652 1751 1769 1828 1890 1952 2015 2144 2210 2324 2345 2412 2413 2479 2548 2626 2627 2641 2642 2701 2776 2849 
S 1: 0 | 2 5 9 14 20 27 35 44 54 65 77 90 119 135 152 189 230 231 252 296 299 319 350 377 434 453 464 493 527 560 629 647 665 700 736 740 819 888 902 989 1013 1034 1124 1127 1224 1274 1323 1377 1419 1430 1481 1539 1595 1635 1652 1751 1769 1828 1890 1952 2015 2144 2210 2324 2345 2412 2413 2479 2548 2626 2627 2641 2642 2701 2776 2849 
S 2: 0 | 2 5 9 14 20 27 35 44 54 65 77 90 119 135 152 189 230 231 252 296 299 319 350 377 434 453 464 493 527 560 629 647 665 700 736 740 819 888 902 989 1013 1034 1124 1127 1224 1274 1323 1377 1419 1430 1481 1539 1595 1635 1652 1751 1769 1828 1890 1952 2015 2144 2210 2324 2345 2412 2413 2479 2548 2626 2627 2641 2642 2701 2776 2849 
S 3: 0 | 2 5 9 14 20 27 35 44 54 65 77 90 119 135 152 189 230 231 252 296 299 319 350 377 434 453 464 493 527 560 629 647 665 700 736 740 819 888 902 989 1013 1034 1124 1127 1224 1274 1323 1377 1419 1430 1481 1539 1595 1635 1652 1751 1769 1828 1890 1952 2015 2144 2210 2324 2345 2412 2413 2479 2548 2626 2627 2641 2642 2701 2776 2849 
S 4: 0 | 2 5 9 14 20 27 35 44 54 65 77 90 119 135 152 189 230 231 252 296 299 319 350 377 434 453 464 493 527 560 629 647 665 700 736 740 819 888 902 989 1013 1034 1124 1127 1224 1274 1323 1377 1419 1430 1481 1539 1595 1635 1652 1751 1769 1828 1890 1952 2015 2144 2210 2324 2345 2412 2413 2479 2548 2626 2627 2641 2642 2701 2776 2849 
S 5: 0 | 2 5 9 14 20 27 35 44 54 65 77 90 119 135 152 189 230 231 252 296 299 319 350 377 434 453 464 493 527 560 629 647 665 700 736 740 819 888 902 989 1013 1034 1124 1127 1224 1274 1323 1377 1419 1430 1481 1539 1595 1635 1652 1751 1769 1828 1890 1952 2015 2144 2210 2324 2345 2412 2413 2479 2548 2626 2627 2641 2642 2701 2776 2849 
S 6: 0 | 2 5 9 14 20 27 35 44 54 65 77 90 119 135 152 189 230 231 252 296 299 319 350 377 434 453 464 493 527 560 629 647 665 700 736 740 819 888 902 989 1013 1034 1124 1127 1224 1274 1323 1377 1419 1430 1481 1539 1595 1635 1652 1751 1769 1828 1890 1952 2015 2144 2210 2324 2345 2412 2413 2479 2548 2626 2627 2641 2642 2701 2776 2849 
S 7: 0 | 2 5 9 14 20 27 35 44 54 65 77 90 119 135 152 189 230 231 252 296 299 319 350 377 434 453 464 493 527 560 629 647 665 700 736 740 819 888 902 989 1013 1034 1124 1127 1224 1274 1323 1377 1419 1430 1481 1539 1595 1635 1652 1751 1769 1828 1890 1952 2015 2144 2210 2324 2345 2412 2413 2479 2548 2626 2627 2641 2642 2701 2776 2849 
S 8: 0 | 2 5 9 14 20 27 35 44 54 65 77 90 119 135 152 189 230 231 252 296 299 319 350 377 434 453 464 493 527 560 629 647 665 700 736 740 819 888 902 989 1013 1034 1124 1127 1224 1274 1323 1377 1419 1430 1481 1539 1595 1635 1652 1751 1769 1828 1890 1952 2015 2144 2210 2324 2345 2412 2413 2479 2548 2626 2627 2641 2642 2701 2776 2849 
S 9: 0 | 2 5 9 14 20 27 35 44 54 65 77 90 119 135 152 189 230 231 252 296 299 319 350 377 434 453 464 493 527 560 629 647 665 700 736 740 819 888 902 989 1013 1034 1124 1127 1224 1274 1323 1377 1419 1430 1481 1539 1595 1635 1652 1751 1769 1828 1890 1952 2015 2144 2210 2324 2345 2412 2413 2479 2548 2626 2627 2641 2642 2701 2776 2849 
S 10: 0 | 2 5 9 14 20 27 35 44 54 65 77 90 119 135 152 189 230 231 252 296 299 319 350 377 434 453 464 493 527 560 629 647 665 700 736 740 819 888 902 989 1013 1034 1124 1127 1224 1274 1323 1377 1419 1430 1481 1539 1595 1635 1652 1751 1769 1828 1890 1952 2015 2144 2210 2324 2345 2412 2413 2479 2548 2626 2627 2641 2642 2701 2776 2849 
S 11: 0 | 2 5 9 14 20 27 35 44 54 65 77 90 119 135 152 189 230 231 252 296 299 319 350 377 434 453 464 493 527 560 629 647 665 700 736 740 819 888 902 989 1013 1034 1124 1127 1224 1274 1323 1377 1419 1430 1481 1539 1595 1635 1652 1751 1769 1828 1890 1952 2015 2144 2210 2324 2345 2412 2413 2479 2548 2626 2627 2641 2642 2701 2776 2849 
S 12: 0 | 2 5 9 14 20 27 35 44 54 65 77 90 119 135 152 189 230 231 252 296 299 319 350 377 434 453 464 493 527 560 629 647 665 700 736 740 819 888 902 989 1013 1034 1124 1127 1224 1274 1323 1377 1419 1430 1481 1539 1595 1635 1652 1751 1769 1828 1890 1952 2015 2144 2210 2324 2345 2412 2413 2479 2548 2626 2627 2641 2642 2701 2776 2849 
S 13: 0 | 2 5 9 14 20 27 35 44 54 65 77 90 119 135 152 189 230 231 252 296 299 319 350 377 434 453 464 493 527 560 629 647 665 700 736 740 819 888 902 989 1013 1034 1124 1127 1224 1274 1323 1377 1419 1430 1481 1539 1595 1635 1652 1751 1769 1828 1890 1952 2015 2144 2210 2324 2345 2412 2413 2479 2548 2626 2627 2641 2642 2701 2776 2849 
S 14: 0 | 2 5 9 14 20 27 35 44 54 65 77 90 119 135 152 189 230 231 252 296 299 319 350 377 434 453 464 493 527 560 629 647 665 700 736 740 819 888 902 989 1013 1034 1124 1127 1224 1274 1323 1377 1419 1430 1481 1539 1595 1635 1652 1751 1769 1828 1890 1952 2015 2144 2210 2324 2345 2412 2413 2479 2548 2626 2627 2641 2642 2701 2776 2849 
S 15: 0 | 2 5 9 14 20 27 35 44 54 65 77 90 119 135 152 189 230 231 252 296 299 319 350 377 434 453 464 493 527 560 629 647 665 700 736 740 819 888 902 989 1013 1034 1124 1127 1224 1274 1323 1377 1419 1430 1481 1539 1595 1635 1652 1751 1769 1828 1890 1952 2015 2144 2210 2324 2345 2412 2413 2479 2548 2626 2627 2641 2642 2701 2776 2849 
S 16: 0 | 2 5 9 14 20 27 35 44 54 65 77 90 119 135 152 189 230 231 252 296 299 319 350 377 434 453 464 493 527 560 629 647 665 700 736 740 819 888 902 989 1013 1034 1124 1127 1224 1274 1323 1377 1419 1430 1481 1539 1595 1635 1652 1751 1769 1828 1890 1952 2015 2144 2210 2324 2345 2412 2413 2479 2548 2626 2627 2641 2642 2701 2776 2849 
S 17: 0 | 2 5 9 14 20 27 35 44 54 65 77 90 119 135 152 189 230 231 252 296 299 319 350 377 434 453 464 493 527 560 629 647 665 700 736 740 819 888 902 989 1013 1034 1124 1127 1224 1274 1323 1377 1419 1430 1481 1539 1595 1635 1652 1751 1769 1828 1890 1952 2015 2144 2210 2324 2345 2412 2413 2479 2548 2626 2627 2641 2642 2701 2776 2849 
S 18: 0 | 2 5 9 14 20 27 35 44 54 65 77 90 119 135 152 189 230 231 252 296 299 319 350 377 434 453 464 493 527 560 629 647 665 700 736 740 819 888 902 989 1013 1034 1124 1127 1224 1274 1323 1377 1419 1430 1481 1539 1595 1635 1652 1751 1769 1828 1890 1952 2015 2144 2210 2324 2345 2412 2413 2479 2548 2626 2627 2641 2642 2701 2776 2849 
S 19: 0 | 2 5 9 14 20 27 35 44 54 65 77 90 119 135 152 189 230 231 252 296 299 319 350 377 434 453 464 493 527 560 629 647 665 700 736 740 819 888 902 989 1013 1034 1124 1127 1224 1274 1323 1377 1419 1430 1481 1539 1595 1635 1652 1751 1769 1828 1890 1952 2015 2144 2210 2324 2345 2412 2413 2479 2548 2626 2627 2641 2642 2701 2776 2849 
ALL EQUAL

Final time = 1769.77
Final solution cost = 109521
