Reading instance small_stp_instances/pr76_10_05.stp of type D
Finished instance reading
Number of vertices = 76
Number of edges (resources) = 2850
Number of scenarios = 10
Average number of terminals per scenario = 76
Probabilities of Scenarios: (0) 0.11 | (1) 0 | (2) 0.13 | (3) 0.14 | (4) 0.14 | (5) 0.15 | (6) 0.15 | (7) 0.05 | (8) 0.08 | (9) 0.05 | 
Average weighted inflation = 0.248946
Largest inflation = 0.499952
MAX_ITERATIONS_SINCE_LAST_IMPROVEMENT 2
MAX_ITERATIONS_SINCE_BEST_SOLUTION 3
Creating solution instance.
Starting Evolutive Framework.
Local search solution cost = 109846
Local search time = 772.626
772.626 local search - EF main loop cycle 0 solution cost 109846
772.645s Cost of SP solution after second stage solver 109846
Local search solution cost = 108927
Local search time = 47.3743
820.019 local search - EF main loop cycle 1 solution cost 108927
820.026s Cost of SP solution after second stage solver 108927
Local search solution cost = 108927
Local search time = 47.2514
867.278 local search - EF main loop cycle 2 solution cost 108927
867.284s Cost of SP solution after second stage solver 108927
Local search solution cost = 108927
Local search time = 47.1178
914.402 local search - EF main loop cycle 3 solution cost 108927
914.409s Cost of SP solution after second stage solver 108927
Number of cycles 4
Time for each cycle 228.602
914.416s Cost of SP solution after tail step 108927
SELECTED RESOURCES:
2 5 9 14 20 27 35 44 54 65 77 104 119 135 152 189 230 231 252 296 299 319 350 377 434 453 464 493 527 560 594 647 665 701 737 740 819 888 902 989 1013 1034 1124 1127 1224 1273 1377 1419 1430 1482 1539 1595 1635 1652 1751 1769 1828 1890 1952 2015 2130 2144 2194 2324 2345 2412 2413 2479 2548 2626 2627 2640 2641 2701 2776 2849 
SCENARIO'S RESOURCES:
S 0: 0 | 2 5 9 14 20 27 35 44 54 65 77 104 119 135 152 189 230 231 252 296 299 319 350 377 434 453 464 493 527 560 594 647 665 701 737 740 819 888 902 989 1013 1034 1124 1127 1224 1273 1377 1419 1430 1482 1539 1595 1635 1652 1751 1769 1828 1890 1952 2015 2130 2144 2194 2324 2345 2412 2413 2479 2548 2626 2627 2640 2641 2701 2776 2849 
S 1: 0 | 2 5 9 14 20 27 35 44 54 65 77 104 119 135 152 189 230 231 252 296 299 319 350 377 434 453 464 493 527 560 594 647 665 701 737 740 819 888 902 989 1013 1034 1124 1127 1224 1273 1377 1419 1430 1482 1539 1595 1635 1652 1751 1769 1828 1890 1952 2015 2130 2144 2194 2324 2345 2412 2413 2479 2548 2626 2627 2640 2641 2701 2776 2849 
S 2: 0 | 2 5 9 14 20 27 35 44 54 65 77 104 119 135 152 189 230 231 252 296 299 319 350 377 434 453 464 493 527 560 594 647 665 701 737 740 819 888 902 989 1013 1034 1124 1127 1224 1273 1377 1419 1430 1482 1539 1595 1635 1652 1751 1769 1828 1890 1952 2015 2130 2144 2194 2324 2345 2412 2413 2479 2548 2626 2627 2640 2641 2701 2776 2849 
S 3: 0 | 2 5 9 14 20 27 35 44 54 65 77 104 119 135 152 189 230 231 252 296 299 319 350 377 434 453 464 493 527 560 594 647 665 701 737 740 819 888 902 989 1013 1034 1124 1127 1224 1273 1377 1419 1430 1482 1539 1595 1635 1652 1751 1769 1828 1890 1952 2015 2130 2144 2194 2324 2345 2412 2413 2479 2548 2626 2627 2640 2641 2701 2776 2849 
S 4: 0 | 2 5 9 14 20 27 35 44 54 65 77 104 119 135 152 189 230 231 252 296 299 319 350 377 434 453 464 493 527 560 594 647 665 701 737 740 819 888 902 989 1013 1034 1124 1127 1224 1273 1377 1419 1430 1482 1539 1595 1635 1652 1751 1769 1828 1890 1952 2015 2130 2144 2194 2324 2345 2412 2413 2479 2548 2626 2627 2640 2641 2701 2776 2849 
S 5: 0 | 2 5 9 14 20 27 35 44 54 65 77 104 119 135 152 189 230 231 252 296 299 319 350 377 434 453 464 493 527 560 594 647 665 701 737 740 819 888 902 989 1013 1034 1124 1127 1224 1273 1377 1419 1430 1482 1539 1595 1635 1652 1751 1769 1828 1890 1952 2015 2130 2144 2194 2324 2345 2412 2413 2479 2548 2626 2627 2640 2641 2701 2776 2849 
S 6: 0 | 2 5 9 14 20 27 35 44 54 65 77 104 119 135 152 189 230 231 252 296 299 319 350 377 434 453 464 493 527 560 594 647 665 701 737 740 819 888 902 989 1013 1034 1124 1127 1224 1273 1377 1419 1430 1482 1539 1595 1635 1652 1751 1769 1828 1890 1952 2015 2130 2144 2194 2324 2345 2412 2413 2479 2548 2626 2627 2640 2641 2701 2776 2849 
S 7: 0 | 2 5 9 14 20 27 35 44 54 65 77 104 119 135 152 189 230 231 252 296 299 319 350 377 434 453 464 493 527 560 594 647 665 701 737 740 819 888 902 989 1013 1034 1124 1127 1224 1273 1377 1419 1430 1482 1539 1595 1635 1652 1751 1769 1828 1890 1952 2015 2130 2144 2194 2324 2345 2412 2413 2479 2548 2626 2627 2640 2641 2701 2776 2849 
S 8: 0 | 2 5 9 14 20 27 35 44 54 65 77 104 119 135 152 189 230 231 252 296 299 319 350 377 434 453 464 493 527 560 594 647 665 701 737 740 819 888 902 989 1013 1034 1124 1127 1224 1273 1377 1419 1430 1482 1539 1595 1635 1652 1751 1769 1828 1890 1952 2015 2130 2144 2194 2324 2345 2412 2413 2479 2548 2626 2627 2640 2641 2701 2776 2849 
S 9: 0 | 2 5 9 14 20 27 35 44 54 65 77 104 119 135 152 189 230 231 252 296 299 319 350 377 434 453 464 493 527 560 594 647 665 701 737 740 819 888 902 989 1013 1034 1124 1127 1224 1273 1377 1419 1430 1482 1539 1595 1635 1652 1751 1769 1828 1890 1952 2015 2130 2144 2194 2324 2345 2412 2413 2479 2548 2626 2627 2640 2641 2701 2776 2849 
ALL EQUAL

Final time = 914.429
Final solution cost = 108927
