Reading instance small_stp_instances/pr76_5_05.stp of type D
Finished instance reading
Number of vertices = 76
Number of edges (resources) = 2850
Number of scenarios = 5
Average number of terminals per scenario = 76
Probabilities of Scenarios: (0) 0.18 | (1) 0.09 | (2) 0.12 | (3) 0.2 | (4) 0.41 | 
Average weighted inflation = 0.247719
Largest inflation = 0.499845
MAX_ITERATIONS_SINCE_LAST_IMPROVEMENT 2
MAX_ITERATIONS_SINCE_BEST_SOLUTION 3
Creating solution instance.
Starting Evolutive Framework.
Local search solution cost = 110374
Local search time = 277.882
277.882 local search - EF main loop cycle 0 solution cost 110374
277.891s Cost of SP solution after second stage solver 110374
Local search solution cost = 109912
Local search time = 23.3392
301.231 local search - EF main loop cycle 1 solution cost 109912
301.234s Cost of SP solution after second stage solver 109912
Local search solution cost = 109912
Local search time = 23.1106
324.345 local search - EF main loop cycle 2 solution cost 109912
324.348s Cost of SP solution after second stage solver 109912
Local search solution cost = 109912
Local search time = 23.214
347.562 local search - EF main loop cycle 3 solution cost 109912
347.566s Cost of SP solution after second stage solver 109912
Number of cycles 4
Time for each cycle 86.8915
347.569s Cost of SP solution after tail step 109912
SELECTED RESOURCES:
0 5 9 14 20 27 35 44 54 65 77 90 119 135 152 189 230 231 252 296 299 318 350 377 434 454 464 493 527 560 594 647 665 701 737 740 819 888 902 989 1013 1034 1124 1127 1224 1273 1377 1419 1430 1482 1539 1595 1652 1710 1751 1769 1809 1890 1952 2015 2130 2144 2194 2324 2345 2412 2413 2479 2548 2626 2627 2641 2642 2702 2777 2849 
SCENARIO'S RESOURCES:
S 0: 0 | 0 5 9 14 20 27 35 44 54 65 77 90 119 135 152 189 230 231 252 296 299 318 350 377 434 454 464 493 527 560 594 647 665 701 737 740 819 888 902 989 1013 1034 1124 1127 1224 1273 1377 1419 1430 1482 1539 1595 1652 1710 1751 1769 1809 1890 1952 2015 2130 2144 2194 2324 2345 2412 2413 2479 2548 2626 2627 2641 2642 2702 2777 2849 
S 1: 0 | 0 5 9 14 20 27 35 44 54 65 77 90 119 135 152 189 230 231 252 296 299 318 350 377 434 454 464 493 527 560 594 647 665 701 737 740 819 888 902 989 1013 1034 1124 1127 1224 1273 1377 1419 1430 1482 1539 1595 1652 1710 1751 1769 1809 1890 1952 2015 2130 2144 2194 2324 2345 2412 2413 2479 2548 2626 2627 2641 2642 2702 2777 2849 
S 2: 0 | 0 5 9 14 20 27 35 44 54 65 77 90 119 135 152 189 230 231 252 296 299 318 350 377 434 454 464 493 527 560 594 647 665 701 737 740 819 888 902 989 1013 1034 1124 1127 1224 1273 1377 1419 1430 1482 1539 1595 1652 1710 1751 1769 1809 1890 1952 2015 2130 2144 2194 2324 2345 2412 2413 2479 2548 2626 2627 2641 2642 2702 2777 2849 
S 3: 0 | 0 5 9 14 20 27 35 44 54 65 77 90 119 135 152 189 230 231 252 296 299 318 350 377 434 454 464 493 527 560 594 647 665 701 737 740 819 888 902 989 1013 1034 1124 1127 1224 1273 1377 1419 1430 1482 1539 1595 1652 1710 1751 1769 1809 1890 1952 2015 2130 2144 2194 2324 2345 2412 2413 2479 2548 2626 2627 2641 2642 2702 2777 2849 
S 4: 0 | 0 5 9 14 20 27 35 44 54 65 77 90 119 135 152 189 230 231 252 296 299 318 350 377 434 454 464 493 527 560 594 647 665 701 737 740 819 888 902 989 1013 1034 1124 1127 1224 1273 1377 1419 1430 1482 1539 1595 1652 1710 1751 1769 1809 1890 1952 2015 2130 2144 2194 2324 2345 2412 2413 2479 2548 2626 2627 2641 2642 2702 2777 2849 
ALL EQUAL

Final time = 347.576
Final solution cost = 109912
