Reading instance small_stp_instances/pr76_20_05.stp of type D
Finished instance reading
Number of vertices = 76
Number of edges (resources) = 2850
Number of scenarios = 20
Average number of terminals per scenario = 76
Probabilities of Scenarios: (0) 0.06 | (1) 0.08 | (2) 0.03 | (3) 0.05 | (4) 0.05 | (5) 0.09 | (6) 0.02 | (7) 0.09 | (8) 0 | (9) 0.06 | (10) 0.03 | (11) 0.02 | (12) 0.03 | (13) 0.04 | (14) 0.03 | (15) 0 | (16) 0.07 | (17) 0.06 | (18) 0.16 | (19) 0.03 | 
Average weighted inflation = 0.25041
Largest inflation = 0.49996
MAX_ITERATIONS_SINCE_LAST_IMPROVEMENT 2
MAX_ITERATIONS_SINCE_BEST_SOLUTION 3
Creating solution instance.
Starting Evolutive Framework.
Local search solution cost = 108560
Local search time = 1452.39
1452.39 local search - EF main loop cycle 0 solution cost 108560
1452.4s Cost of SP solution after second stage solver 108560
Local search solution cost = 108560
Local search time = 90.6703
1543.07 local search - EF main loop cycle 1 solution cost 108560
1543.08s Cost of SP solution after second stage solver 108560
Local search solution cost = 108560
Local search time = 91.1488
1634.23 local search - EF main loop cycle 2 solution cost 108560
1634.25s Cost of SP solution after second stage solver 108560
Number of cycles 3
Time for each cycle 544.749
1634.26s Cost of SP solution after tail step 108560
SELECTED RESOURCES:
2 5 9 14 20 27 35 44 54 65 77 90 119 135 152 189 230 231 252 296 299 319 350 377 434 453 464 493 527 560 594 647 665 701 737 740 819 888 902 989 1013 1034 1124 1127 1224 1273 1377 1419 1430 1482 1539 1595 1635 1652 1751 1769 1828 1890 1952 2015 2130 2144 2194 2324 2345 2412 2413 2479 2548 2626 2627 2641 2642 2701 2776 2849 
SCENARIO'S RESOURCES:
S 0: 0 | 2 5 9 14 20 27 35 44 54 65 77 90 119 135 152 189 230 231 252 296 299 319 350 377 434 453 464 493 527 560 594 647 665 701 737 740 819 888 902 989 1013 1034 1124 1127 1224 1273 1377 1419 1430 1482 1539 1595 1635 1652 1751 1769 1828 1890 1952 2015 2130 2144 2194 2324 2345 2412 2413 2479 2548 2626 2627 2641 2642 2701 2776 2849 
S 1: 0 | 2 5 9 14 20 27 35 44 54 65 77 90 119 135 152 189 230 231 252 296 299 319 350 377 434 453 464 493 527 560 594 647 665 701 737 740 819 888 902 989 1013 1034 1124 1127 1224 1273 1377 1419 1430 1482 1539 1595 1635 1652 1751 1769 1828 1890 1952 2015 2130 2144 2194 2324 2345 2412 2413 2479 2548 2626 2627 2641 2642 2701 2776 2849 
S 2: 0 | 2 5 9 14 20 27 35 44 54 65 77 90 119 135 152 189 230 231 252 296 299 319 350 377 434 453 464 493 527 560 594 647 665 701 737 740 819 888 902 989 1013 1034 1124 1127 1224 1273 1377 1419 1430 1482 1539 1595 1635 1652 1751 1769 1828 1890 1952 2015 2130 2144 2194 2324 2345 2412 2413 2479 2548 2626 2627 2641 2642 2701 2776 2849 
S 3: 0 | 2 5 9 14 20 27 35 44 54 65 77 90 119 135 152 189 230 231 252 296 299 319 350 377 434 453 464 493 527 560 594 647 665 701 737 740 819 888 902 989 1013 1034 1124 1127 1224 1273 1377 1419 1430 1482 1539 1595 1635 1652 1751 1769 1828 1890 1952 2015 2130 2144 2194 2324 2345 2412 2413 2479 2548 2626 2627 2641 2642 2701 2776 2849 
S 4: 0 | 2 5 9 14 20 27 35 44 54 65 77 90 119 135 152 189 230 231 252 296 299 319 350 377 434 453 464 493 527 560 594 647 665 701 737 740 819 888 902 989 1013 1034 1124 1127 1224 1273 1377 1419 1430 1482 1539 1595 1635 1652 1751 1769 1828 1890 1952 2015 2130 2144 2194 2324 2345 2412 2413 2479 2548 2626 2627 2641 2642 2701 2776 2849 
S 5: 0 | 2 5 9 14 20 27 35 44 54 65 77 90 119 135 152 189 230 231 252 296 299 319 350 377 434 453 464 493 527 560 594 647 665 701 737 740 819 888 902 989 1013 1034 1124 1127 1224 1273 1377 1419 1430 1482 1539 1595 1635 1652 1751 1769 1828 1890 1952 2015 2130 2144 2194 2324 2345 2412 2413 2479 2548 2626 2627 2641 2642 2701 2776 2849 
S 6: 0 | 2 5 9 14 20 27 35 44 54 65 77 90 119 135 152 189 230 231 252 296 299 319 350 377 434 453 464 493 527 560 594 647 665 701 737 740 819 888 902 989 1013 1034 1124 1127 1224 1273 1377 1419 1430 1482 1539 1595 1635 1652 1751 1769 1828 1890 1952 2015 2130 2144 2194 2324 2345 2412 2413 2479 2548 2626 2627 2641 2642 2701 2776 2849 
S 7: 0 | 2 5 9 14 20 27 35 44 54 65 77 90 119 135 152 189 230 231 252 296 299 319 350 377 434 453 464 493 527 560 594 647 665 701 737 740 819 888 902 989 1013 1034 1124 1127 1224 1273 1377 1419 1430 1482 1539 1595 1635 1652 1751 1769 1828 1890 1952 2015 2130 2144 2194 2324 2345 2412 2413 2479 2548 2626 2627 2641 2642 2701 2776 2849 
S 8: 0 | 2 5 9 14 20 27 35 44 54 65 77 90 119 135 152 189 230 231 252 296 299 319 350 377 434 453 464 493 527 560 594 647 665 701 737 740 819 888 902 989 1013 1034 1124 1127 1224 1273 1377 1419 1430 1482 1539 1595 1635 1652 1751 1769 1828 1890 1952 2015 2130 2144 2194 2324 2345 2412 2413 2479 2548 2626 2627 2641 2642 2701 2776 2849 
S 9: 0 | 2 5 9 14 20 27 35 44 54 65 77 90 119 135 152 189 230 231 252 296 299 319 350 377 434 453 464 493 527 560 594 647 665 701 737 740 819 888 902 989 1013 1034 1124 1127 1224 1273 1377 1419 1430 1482 1539 1595 1635 1652 1751 1769 1828 1890 1952 2015 2130 2144 2194 2324 2345 2412 2413 2479 2548 2626 2627 2641 2642 2701 2776 2849 
S 10: 0 | 2 5 9 14 20 27 35 44 54 65 77 90 119 135 152 189 230 231 252 296 299 319 350 377 434 453 464 493 527 560 594 647 665 701 737 740 819 888 902 989 1013 1034 1124 1127 1224 1273 1377 1419 1430 1482 1539 1595 1635 1652 1751 1769 1828 1890 1952 2015 2130 2144 2194 2324 2345 2412 2413 2479 2548 2626 2627 2641 2642 2701 2776 2849 
S 11: 0 | 2 5 9 14 20 27 35 44 54 65 77 90 119 135 152 189 230 231 252 296 299 319 350 377 434 453 464 493 527 560 594 647 665 701 737 740 819 888 902 989 1013 1034 1124 1127 1224 1273 1377 1419 1430 1482 1539 1595 1635 1652 1751 1769 1828 1890 1952 2015 2130 2144 2194 2324 2345 2412 2413 2479 2548 2626 2627 2641 2642 2701 2776 2849 
S 12: 0 | 2 5 9 14 20 27 35 44 54 65 77 90 119 135 152 189 230 231 252 296 299 319 350 377 434 453 464 493 527 560 594 647 665 701 737 740 819 888 902 989 1013 1034 1124 1127 1224 1273 1377 1419 1430 1482 1539 1595 1635 1652 1751 1769 1828 1890 1952 2015 2130 2144 2194 2324 2345 2412 2413 2479 2548 2626 2627 2641 2642 2701 2776 2849 
S 13: 0 | 2 5 9 14 20 27 35 44 54 65 77 90 119 135 152 189 230 231 252 296 299 319 350 377 434 453 464 493 527 560 594 647 665 701 737 740 819 888 902 989 1013 1034 1124 1127 1224 1273 1377 1419 1430 1482 1539 1595 1635 1652 1751 1769 1828 1890 1952 2015 2130 2144 2194 2324 2345 2412 2413 2479 2548 2626 2627 2641 2642 2701 2776 2849 
S 14: 0 | 2 5 9 14 20 27 35 44 54 65 77 90 119 135 152 189 230 231 252 296 299 319 350 377 434 453 464 493 527 560 594 647 665 701 737 740 819 888 902 989 1013 1034 1124 1127 1224 1273 1377 1419 1430 1482 1539 1595 1635 1652 1751 1769 1828 1890 1952 2015 2130 2144 2194 2324 2345 2412 2413 2479 2548 2626 2627 2641 2642 2701 2776 2849 
S 15: 0 | 2 5 9 14 20 27 35 44 54 65 77 90 119 135 152 189 230 231 252 296 299 319 350 377 434 453 464 493 527 560 594 647 665 701 737 740 819 888 902 989 1013 1034 1124 1127 1224 1273 1377 1419 1430 1482 1539 1595 1635 1652 1751 1769 1828 1890 1952 2015 2130 2144 2194 2324 2345 2412 2413 2479 2548 2626 2627 2641 2642 2701 2776 2849 
S 16: 0 | 2 5 9 14 20 27 35 44 54 65 77 90 119 135 152 189 230 231 252 296 299 319 350 377 434 453 464 493 527 560 594 647 665 701 737 740 819 888 902 989 1013 1034 1124 1127 1224 1273 1377 1419 1430 1482 1539 1595 1635 1652 1751 1769 1828 1890 1952 2015 2130 2144 2194 2324 2345 2412 2413 2479 2548 2626 2627 2641 2642 2701 2776 2849 
S 17: 0 | 2 5 9 14 20 27 35 44 54 65 77 90 119 135 152 189 230 231 252 296 299 319 350 377 434 453 464 493 527 560 594 647 665 701 737 740 819 888 902 989 1013 1034 1124 1127 1224 1273 1377 1419 1430 1482 1539 1595 1635 1652 1751 1769 1828 1890 1952 2015 2130 2144 2194 2324 2345 2412 2413 2479 2548 2626 2627 2641 2642 2701 2776 2849 
S 18: 0 | 2 5 9 14 20 27 35 44 54 65 77 90 119 135 152 189 230 231 252 296 299 319 350 377 434 453 464 493 527 560 594 647 665 701 737 740 819 888 902 989 1013 1034 1124 1127 1224 1273 1377 1419 1430 1482 1539 1595 1635 1652 1751 1769 1828 1890 1952 2015 2130 2144 2194 2324 2345 2412 2413 2479 2548 2626 2627 2641 2642 2701 2776 2849 
S 19: 0 | 2 5 9 14 20 27 35 44 54 65 77 90 119 135 152 189 230 231 252 296 299 319 350 377 434 453 464 493 527 560 594 647 665 701 737 740 819 888 902 989 1013 1034 1124 1127 1224 1273 1377 1419 1430 1482 1539 1595 1635 1652 1751 1769 1828 1890 1952 2015 2130 2144 2194 2324 2345 2412 2413 2479 2548 2626 2627 2641 2642 2701 2776 2849 
ALL EQUAL

Final time = 1634.28
Final solution cost = 108560
