Reading instance small_stp_instances/pr76_5_03.stp of type D
Finished instance reading
Number of vertices = 76
Number of edges (resources) = 2850
Number of scenarios = 5
Average number of terminals per scenario = 76
Probabilities of Scenarios: (0) 0.11 | (1) 0.14 | (2) 0.06 | (3) 0.22 | (4) 0.47 | 
Average weighted inflation = 0.14934
Largest inflation = 0.299986
MAX_ITERATIONS_SINCE_LAST_IMPROVEMENT 2
MAX_ITERATIONS_SINCE_BEST_SOLUTION 3
Creating solution instance.
Starting Evolutive Framework.
Local search solution cost = 108364
Local search time = 308.784
308.784 local search - EF main loop cycle 0 solution cost 108364
308.787s Cost of SP solution after second stage solver 108364
Local search solution cost = 108364
Local search time = 22.7813
331.568 local search - EF main loop cycle 1 solution cost 108364
331.572s Cost of SP solution after second stage solver 108364
Local search solution cost = 108364
Local search time = 22.686
354.258 local search - EF main loop cycle 2 solution cost 108364
354.261s Cost of SP solution after second stage solver 108364
Number of cycles 3
Time for each cycle 118.087
354.265s Cost of SP solution after tail step 108364
SELECTED RESOURCES:
2 5 9 14 20 27 35 44 54 65 77 90 119 135 152 189 230 231 252 296 299 319 350 377 434 453 464 493 527 560 594 647 665 701 737 740 819 888 902 989 1013 1034 1124 1127 1224 1273 1377 1419 1430 1482 1539 1595 1635 1652 1751 1769 1828 1890 1952 2015 2130 2144 2194 2324 2345 2412 2413 2479 2555 2619 2627 2641 2642 2701 2776 2849 
SCENARIO'S RESOURCES:
S 0: 0 | 2 5 9 14 20 27 35 44 54 65 77 90 119 135 152 189 230 231 252 296 299 319 350 377 434 453 464 493 527 560 594 647 665 701 737 740 819 888 902 989 1013 1034 1124 1127 1224 1273 1377 1419 1430 1482 1539 1595 1635 1652 1751 1769 1828 1890 1952 2015 2130 2144 2194 2324 2345 2412 2413 2479 2555 2619 2627 2641 2642 2701 2776 2849 
S 1: 0 | 2 5 9 14 20 27 35 44 54 65 77 90 119 135 152 189 230 231 252 296 299 319 350 377 434 453 464 493 527 560 594 647 665 701 737 740 819 888 902 989 1013 1034 1124 1127 1224 1273 1377 1419 1430 1482 1539 1595 1635 1652 1751 1769 1828 1890 1952 2015 2130 2144 2194 2324 2345 2412 2413 2479 2555 2619 2627 2641 2642 2701 2776 2849 
S 2: 0 | 2 5 9 14 20 27 35 44 54 65 77 90 119 135 152 189 230 231 252 296 299 319 350 377 434 453 464 493 527 560 594 647 665 701 737 740 819 888 902 989 1013 1034 1124 1127 1224 1273 1377 1419 1430 1482 1539 1595 1635 1652 1751 1769 1828 1890 1952 2015 2130 2144 2194 2324 2345 2412 2413 2479 2555 2619 2627 2641 2642 2701 2776 2849 
S 3: 0 | 2 5 9 14 20 27 35 44 54 65 77 90 119 135 152 189 230 231 252 296 299 319 350 377 434 453 464 493 527 560 594 647 665 701 737 740 819 888 902 989 1013 1034 1124 1127 1224 1273 1377 1419 1430 1482 1539 1595 1635 1652 1751 1769 1828 1890 1952 2015 2130 2144 2194 2324 2345 2412 2413 2479 2555 2619 2627 2641 2642 2701 2776 2849 
S 4: 0 | 2 5 9 14 20 27 35 44 54 65 77 90 119 135 152 189 230 231 252 296 299 319 350 377 434 453 464 493 527 560 594 647 665 701 737 740 819 888 902 989 1013 1034 1124 1127 1224 1273 1377 1419 1430 1482 1539 1595 1635 1652 1751 1769 1828 1890 1952 2015 2130 2144 2194 2324 2345 2412 2413 2479 2555 2619 2627 2641 2642 2701 2776 2849 
ALL EQUAL

Final time = 354.272
Final solution cost = 108364
