Reading instance small_stp_instances/pr76_10_10.stp of type D
Finished instance reading
Number of vertices = 76
Number of edges (resources) = 2850
Number of scenarios = 10
Average number of terminals per scenario = 76
Probabilities of Scenarios: (0) 0.03 | (1) 0.18 | (2) 0.14 | (3) 0.14 | (4) 0.04 | (5) 0.05 | (6) 0.05 | (7) 0.14 | (8) 0.08 | (9) 0.15 | 
Average weighted inflation = 0.500788
Largest inflation = 0.999885
MAX_ITERATIONS_SINCE_LAST_IMPROVEMENT 2
MAX_ITERATIONS_SINCE_BEST_SOLUTION 3
Creating solution instance.
Starting Evolutive Framework.
Local search solution cost = 110558
Local search time = 647.712
647.712 local search - EF main loop cycle 0 solution cost 110558
647.73s Cost of SP solution after second stage solver 110558
Local search solution cost = 109804
Local search time = 45.3805
693.111 local search - EF main loop cycle 1 solution cost 109804
693.118s Cost of SP solution after second stage solver 109804
Local search solution cost = 109804
Local search time = 45.1097
738.227 local search - EF main loop cycle 2 solution cost 109804
738.234s Cost of SP solution after second stage solver 109804
Local search solution cost = 109804
Local search time = 45.0844
783.318 local search - EF main loop cycle 3 solution cost 109804
783.325s Cost of SP solution after second stage solver 109804
Number of cycles 4
Time for each cycle 195.831
783.332s Cost of SP solution after tail step 109804
SELECTED RESOURCES:
0 2 5 9 14 20 27 35 44 54 65 77 104 119 135 152 189 230 252 296 299 318 350 377 434 454 464 493 527 560 629 647 665 700 740 774 779 888 902 989 1013 1034 1124 1127 1224 1273 1377 1419 1430 1482 1539 1595 1636 1652 1751 1769 1828 1890 1952 2015 2130 2144 2194 2324 2345 2412 2413 2479 2548 2626 2627 2640 2641 2701 2797 2849 
SCENARIO'S RESOURCES:
S 0: 0 | 0 2 5 9 14 20 27 35 44 54 65 77 104 119 135 152 189 230 252 296 299 318 350 377 434 454 464 493 527 560 629 647 665 700 740 774 779 888 902 989 1013 1034 1124 1127 1224 1273 1377 1419 1430 1482 1539 1595 1636 1652 1751 1769 1828 1890 1952 2015 2130 2144 2194 2324 2345 2412 2413 2479 2548 2626 2627 2640 2641 2701 2797 2849 
S 1: 0 | 0 2 5 9 14 20 27 35 44 54 65 77 104 119 135 152 189 230 252 296 299 318 350 377 434 454 464 493 527 560 629 647 665 700 740 774 779 888 902 989 1013 1034 1124 1127 1224 1273 1377 1419 1430 1482 1539 1595 1636 1652 1751 1769 1828 1890 1952 2015 2130 2144 2194 2324 2345 2412 2413 2479 2548 2626 2627 2640 2641 2701 2797 2849 
S 2: 0 | 0 2 5 9 14 20 27 35 44 54 65 77 104 119 135 152 189 230 252 296 299 318 350 377 434 454 464 493 527 560 629 647 665 700 740 774 779 888 902 989 1013 1034 1124 1127 1224 1273 1377 1419 1430 1482 1539 1595 1636 1652 1751 1769 1828 1890 1952 2015 2130 2144 2194 2324 2345 2412 2413 2479 2548 2626 2627 2640 2641 2701 2797 2849 
S 3: 0 | 0 2 5 9 14 20 27 35 44 54 65 77 104 119 135 152 189 230 252 296 299 318 350 377 434 454 464 493 527 560 629 647 665 700 740 774 779 888 902 989 1013 1034 1124 1127 1224 1273 1377 1419 1430 1482 1539 1595 1636 1652 1751 1769 1828 1890 1952 2015 2130 2144 2194 2324 2345 2412 2413 2479 2548 2626 2627 2640 2641 2701 2797 2849 
S 4: 0 | 0 2 5 9 14 20 27 35 44 54 65 77 104 119 135 152 189 230 252 296 299 318 350 377 434 454 464 493 527 560 629 647 665 700 740 774 779 888 902 989 1013 1034 1124 1127 1224 1273 1377 1419 1430 1482 1539 1595 1636 1652 1751 1769 1828 1890 1952 2015 2130 2144 2194 2324 2345 2412 2413 2479 2548 2626 2627 2640 2641 2701 2797 2849 
S 5: 0 | 0 2 5 9 14 20 27 35 44 54 65 77 104 119 135 152 189 230 252 296 299 318 350 377 434 454 464 493 527 560 629 647 665 700 740 774 779 888 902 989 1013 1034 1124 1127 1224 1273 1377 1419 1430 1482 1539 1595 1636 1652 1751 1769 1828 1890 1952 2015 2130 2144 2194 2324 2345 2412 2413 2479 2548 2626 2627 2640 2641 2701 2797 2849 
S 6: 0 | 0 2 5 9 14 20 27 35 44 54 65 77 104 119 135 152 189 230 252 296 299 318 350 377 434 454 464 493 527 560 629 647 665 700 740 774 779 888 902 989 1013 1034 1124 1127 1224 1273 1377 1419 1430 1482 1539 1595 1636 1652 1751 1769 1828 1890 1952 2015 2130 2144 2194 2324 2345 2412 2413 2479 2548 2626 2627 2640 2641 2701 2797 2849 
S 7: 0 | 0 2 5 9 14 20 27 35 44 54 65 77 104 119 135 152 189 230 252 296 299 318 350 377 434 454 464 493 527 560 629 647 665 700 740 774 779 888 902 989 1013 1034 1124 1127 1224 1273 1377 1419 1430 1482 1539 1595 1636 1652 1751 1769 1828 1890 1952 2015 2130 2144 2194 2324 2345 2412 2413 2479 2548 2626 2627 2640 2641 2701 2797 2849 
S 8: 0 | 0 2 5 9 14 20 27 35 44 54 65 77 104 119 135 152 189 230 252 296 299 318 350 377 434 454 464 493 527 560 629 647 665 700 740 774 779 888 902 989 1013 1034 1124 1127 1224 1273 1377 1419 1430 1482 1539 1595 1636 1652 1751 1769 1828 1890 1952 2015 2130 2144 2194 2324 2345 2412 2413 2479 2548 2626 2627 2640 2641 2701 2797 2849 
S 9: 0 | 0 2 5 9 14 20 27 35 44 54 65 77 104 119 135 152 189 230 252 296 299 318 350 377 434 454 464 493 527 560 629 647 665 700 740 774 779 888 902 989 1013 1034 1124 1127 1224 1273 1377 1419 1430 1482 1539 1595 1636 1652 1751 1769 1828 1890 1952 2015 2130 2144 2194 2324 2345 2412 2413 2479 2548 2626 2627 2640 2641 2701 2797 2849 
ALL EQUAL

Final time = 783.345
Final solution cost = 109804
