Reading instance small_stp_instances/rat195_5_10.stp of type D
Finished instance reading
Number of vertices = 195
Number of edges (resources) = 18915
Number of scenarios = 5
Average number of terminals per scenario = 195
Probabilities of Scenarios: (0) 0.21 | (1) 0.16 | (2) 0.05 | (3) 0.29 | (4) 0.29 | 
Average weighted inflation = 0.494112
Largest inflation = 0.996516
MAX_ITERATIONS_SINCE_LAST_IMPROVEMENT 2
MAX_ITERATIONS_SINCE_BEST_SOLUTION 3
Creating solution instance.
Starting Evolutive Framework.
Local search solution cost = 2368.54
Local search time = 10259.8
10259.8 local search - EF main loop cycle 0 solution cost 2368.54
10259.9s Cost of SP solution after second stage solver 2368.54
Local search solution cost = 2355
Local search time = 717.357
10977.3 local search - EF main loop cycle 1 solution cost 2355
10977.3s Cost of SP solution after second stage solver 2355
Local search solution cost = 2355
Local search time = 710.793
11688.1 local search - EF main loop cycle 2 solution cost 2355
11688.1s Cost of SP solution after second stage solver 2355
Local search solution cost = 2355
Local search time = 710.49
12398.6 local search - EF main loop cycle 3 solution cost 2355
12398.6s Cost of SP solution after second stage solver 2355
Number of cycles 4
Time for each cycle 3099.65
12398.6s Cost of SP solution after tail step 2355
SELECTED RESOURCES:
0 2 5 9 14 20 27 35 44 54 65 77 78 104 119 135 152 170 189 209 230 252 275 299 312 377 405 434 464 495 527 560 594 629 665 690 702 728 767 819 902 944 989 1034 1080 1127 1175 1224 1274 1313 1325 1366 1430 1484 1527 1595 1652 1710 1769 1829 1890 1952 2015 2079 2210 2265 2277 2414 2483 2555 2627 2700 2774 2849 2925 2990 3002 3068 3159 3239 3309 3402 3485 3569 3654 3740 3827 3915 4004 4094 4266 4277 4464 4559 4655 4752 4850 4949 5049 5150 5252 5343 5355 5447 5564 5658 5777 5885 5994 6104 6215 6327 6440 6554 6669 6785 6891 7020 7139 7259 7380 7502 7625 7749 7874 8000 8117 8255 8384 8645 8777 8910 9044 9179 9315 9452 9579 9590 9869 10009 10140 10152 10283 10439 10584 10730 10877 11025 11174 11324 11475 11627 11768 11934 12089 12402 12560 12719 12879 13202 13365 13529 13682 13694 14016 14194 14195 14352 14704 14705 14866 15050 15212 15224 15575 15742 15751 15929 16109 16289 16470 16641 16835 17019 17204 17390 17577 17765 17954 18144 18335 18527 18720 18902 18914 
SCENARIO'S RESOURCES:
S 0: 0 | 0 2 5 9 14 20 27 35 44 54 65 77 78 104 119 135 152 170 189 209 230 252 275 299 312 377 405 434 464 495 527 560 594 629 665 690 702 728 767 819 902 944 989 1034 1080 1127 1175 1224 1274 1313 1325 1366 1430 1484 1527 1595 1652 1710 1769 1829 1890 1952 2015 2079 2210 2265 2277 2414 2483 2555 2627 2700 2774 2849 2925 2990 3002 3068 3159 3239 3309 3402 3485 3569 3654 3740 3827 3915 4004 4094 4266 4277 4464 4559 4655 4752 4850 4949 5049 5150 5252 5343 5355 5447 5564 5658 5777 5885 5994 6104 6215 6327 6440 6554 6669 6785 6891 7020 7139 7259 7380 7502 7625 7749 7874 8000 8117 8255 8384 8645 8777 8910 9044 9179 9315 9452 9579 9590 9869 10009 10140 10152 10283 10439 10584 10730 10877 11025 11174 11324 11475 11627 11768 11934 12089 12402 12560 12719 12879 13202 13365 13529 13682 13694 14016 14194 14195 14352 14704 14705 14866 15050 15212 15224 15575 15742 15751 15929 16109 16289 16470 16641 16835 17019 17204 17390 17577 17765 17954 18144 18335 18527 18720 18902 18914 
S 1: 0 | 0 2 5 9 14 20 27 35 44 54 65 77 78 104 119 135 152 170 189 209 230 252 275 299 312 377 405 434 464 495 527 560 594 629 665 690 702 728 767 819 902 944 989 1034 1080 1127 1175 1224 1274 1313 1325 1366 1430 1484 1527 1595 1652 1710 1769 1829 1890 1952 2015 2079 2210 2265 2277 2414 2483 2555 2627 2700 2774 2849 2925 2990 3002 3068 3159 3239 3309 3402 3485 3569 3654 3740 3827 3915 4004 4094 4266 4277 4464 4559 4655 4752 4850 4949 5049 5150 5252 5343 5355 5447 5564 5658 5777 5885 5994 6104 6215 6327 6440 6554 6669 6785 6891 7020 7139 7259 7380 7502 7625 7749 7874 8000 8117 8255 8384 8645 8777 8910 9044 9179 9315 9452 9579 9590 9869 10009 10140 10152 10283 10439 10584 10730 10877 11025 11174 11324 11475 11627 11768 11934 12089 12402 12560 12719 12879 13202 13365 13529 13682 13694 14016 14194 14195 14352 14704 14705 14866 15050 15212 15224 15575 15742 15751 15929 16109 16289 16470 16641 16835 17019 17204 17390 17577 17765 17954 18144 18335 18527 18720 18902 18914 
S 2: 0 | 0 2 5 9 14 20 27 35 44 54 65 77 78 104 119 135 152 170 189 209 230 252 275 299 312 377 405 434 464 495 527 560 594 629 665 690 702 728 767 819 902 944 989 1034 1080 1127 1175 1224 1274 1313 1325 1366 1430 1484 1527 1595 1652 1710 1769 1829 1890 1952 2015 2079 2210 2265 2277 2414 2483 2555 2627 2700 2774 2849 2925 2990 3002 3068 3159 3239 3309 3402 3485 3569 3654 3740 3827 3915 4004 4094 4266 4277 4464 4559 4655 4752 4850 4949 5049 5150 5252 5343 5355 5447 5564 5658 5777 5885 5994 6104 6215 6327 6440 6554 6669 6785 6891 7020 7139 7259 7380 7502 7625 7749 7874 8000 8117 8255 8384 8645 8777 8910 9044 9179 9315 9452 9579 9590 9869 10009 10140 10152 10283 10439 10584 10730 10877 11025 11174 11324 11475 11627 11768 11934 12089 12402 12560 12719 12879 13202 13365 13529 13682 13694 14016 14194 14195 14352 14704 14705 14866 15050 15212 15224 15575 15742 15751 15929 16109 16289 16470 16641 16835 17019 17204 17390 17577 17765 17954 18144 18335 18527 18720 18902 18914 
S 3: 0 | 0 2 5 9 14 20 27 35 44 54 65 77 78 104 119 135 152 170 189 209 230 252 275 299 312 377 405 434 464 495 527 560 594 629 665 690 702 728 767 819 902 944 989 1034 1080 1127 1175 1224 1274 1313 1325 1366 1430 1484 1527 1595 1652 1710 1769 1829 1890 1952 2015 2079 2210 2265 2277 2414 2483 2555 2627 2700 2774 2849 2925 2990 3002 3068 3159 3239 3309 3402 3485 3569 3654 3740 3827 3915 4004 4094 4266 4277 4464 4559 4655 4752 4850 4949 5049 5150 5252 5343 5355 5447 5564 5658 5777 5885 5994 6104 6215 6327 6440 6554 6669 6785 6891 7020 7139 7259 7380 7502 7625 7749 7874 8000 8117 8255 8384 8645 8777 8910 9044 9179 9315 9452 9579 9590 9869 10009 10140 10152 10283 10439 10584 10730 10877 11025 11174 11324 11475 11627 11768 11934 12089 12402 12560 12719 12879 13202 13365 13529 13682 13694 14016 14194 14195 14352 14704 14705 14866 15050 15212 15224 15575 15742 15751 15929 16109 16289 16470 16641 16835 17019 17204 17390 17577 17765 17954 18144 18335 18527 18720 18902 18914 
S 4: 0 | 0 2 5 9 14 20 27 35 44 54 65 77 78 104 119 135 152 170 189 209 230 252 275 299 312 377 405 434 464 495 527 560 594 629 665 690 702 728 767 819 902 944 989 1034 1080 1127 1175 1224 1274 1313 1325 1366 1430 1484 1527 1595 1652 1710 1769 1829 1890 1952 2015 2079 2210 2265 2277 2414 2483 2555 2627 2700 2774 2849 2925 2990 3002 3068 3159 3239 3309 3402 3485 3569 3654 3740 3827 3915 4004 4094 4266 4277 4464 4559 4655 4752 4850 4949 5049 5150 5252 5343 5355 5447 5564 5658 5777 5885 5994 6104 6215 6327 6440 6554 6669 6785 6891 7020 7139 7259 7380 7502 7625 7749 7874 8000 8117 8255 8384 8645 8777 8910 9044 9179 9315 9452 9579 9590 9869 10009 10140 10152 10283 10439 10584 10730 10877 11025 11174 11324 11475 11627 11768 11934 12089 12402 12560 12719 12879 13202 13365 13529 13682 13694 14016 14194 14195 14352 14704 14705 14866 15050 15212 15224 15575 15742 15751 15929 16109 16289 16470 16641 16835 17019 17204 17390 17577 17765 17954 18144 18335 18527 18720 18902 18914 
ALL EQUAL

Final time = 12398.7
Final solution cost = 2355
