Reading instance small_stp_instances/rat195_5_05.stp of type D
Finished instance reading
Number of vertices = 195
Number of edges (resources) = 18915
Number of scenarios = 5
Average number of terminals per scenario = 195
Probabilities of Scenarios: (0) 0.1 | (1) 0.12 | (2) 0.29 | (3) 0.12 | (4) 0.37 | 
Average weighted inflation = 0.242416
Largest inflation = 0.498282
MAX_ITERATIONS_SINCE_LAST_IMPROVEMENT 2
MAX_ITERATIONS_SINCE_BEST_SOLUTION 3
Creating solution instance.
Starting Evolutive Framework.
Local search solution cost = 2302.37
Local search time = 12276.7
12276.7 local search - EF main loop cycle 0 solution cost 2302.37
12276.7s Cost of SP solution after second stage solver 2302.37
Local search solution cost = 2296
Local search time = 730.087
13006.8 local search - EF main loop cycle 1 solution cost 2296
13006.8s Cost of SP solution after second stage solver 2296
Local search solution cost = 2296
Local search time = 728.607
13735.4 local search - EF main loop cycle 2 solution cost 2296
13735.4s Cost of SP solution after second stage solver 2296
Local search solution cost = 2296
Local search time = 778.748
14514.2 local search - EF main loop cycle 3 solution cost 2296
14514.2s Cost of SP solution after second stage solver 2296
Number of cycles 4
Time for each cycle 3628.55
14514.2s Cost of SP solution after tail step 2296
SELECTED RESOURCES:
0 2 5 9 14 20 27 35 44 54 65 77 78 104 119 135 152 170 189 209 252 275 299 312 324 377 405 434 464 495 527 548 560 582 629 665 702 740 767 860 902 989 1034 1080 1127 1175 1224 1274 1313 1325 1365 1366 1484 1527 1595 1652 1696 1769 1829 1890 1952 2015 2079 2198 2210 2265 2345 2414 2472 2484 2627 2700 2774 2849 2925 2990 3002 3068 3159 3239 3320 3402 3485 3557 3654 3740 3827 3915 4004 4094 4277 4370 4464 4559 4643 4655 4850 4949 5049 5150 5343 5355 5447 5564 5670 5885 5994 6092 6104 6327 6440 6542 6669 6772 6785 7020 7127 7139 7247 7380 7502 7625 7749 7861 7874 7988 8127 8255 8384 8502 8645 8777 8910 9044 9179 9315 9452 9590 9729 9869 9999 10152 10439 10584 10730 10877 11025 11174 11324 11475 11627 11768 11780 11923 12089 12233 12402 12560 12719 12879 13040 13202 13365 13529 13694 13860 14016 14195 14534 14704 14877 15050 15224 15399 15575 15752 15930 16097 16109 16278 16470 16641 16835 17019 17204 17390 17577 17765 17954 18144 18335 18527 18720 18902 18914 
SCENARIO'S RESOURCES:
S 0: 0 | 0 2 5 9 14 20 27 35 44 54 65 77 78 104 119 135 152 170 189 209 252 275 299 312 324 377 405 434 464 495 527 548 560 582 629 665 702 740 767 860 902 989 1034 1080 1127 1175 1224 1274 1313 1325 1365 1366 1484 1527 1595 1652 1696 1769 1829 1890 1952 2015 2079 2198 2210 2265 2345 2414 2472 2484 2627 2700 2774 2849 2925 2990 3002 3068 3159 3239 3320 3402 3485 3557 3654 3740 3827 3915 4004 4094 4277 4370 4464 4559 4643 4655 4850 4949 5049 5150 5343 5355 5447 5564 5670 5885 5994 6092 6104 6327 6440 6542 6669 6772 6785 7020 7127 7139 7247 7380 7502 7625 7749 7861 7874 7988 8127 8255 8384 8502 8645 8777 8910 9044 9179 9315 9452 9590 9729 9869 9999 10152 10439 10584 10730 10877 11025 11174 11324 11475 11627 11768 11780 11923 12089 12233 12402 12560 12719 12879 13040 13202 13365 13529 13694 13860 14016 14195 14534 14704 14877 15050 15224 15399 15575 15752 15930 16097 16109 16278 16470 16641 16835 17019 17204 17390 17577 17765 17954 18144 18335 18527 18720 18902 18914 
S 1: 0 | 0 2 5 9 14 20 27 35 44 54 65 77 78 104 119 135 152 170 189 209 252 275 299 312 324 377 405 434 464 495 527 548 560 582 629 665 702 740 767 860 902 989 1034 1080 1127 1175 1224 1274 1313 1325 1365 1366 1484 1527 1595 1652 1696 1769 1829 1890 1952 2015 2079 2198 2210 2265 2345 2414 2472 2484 2627 2700 2774 2849 2925 2990 3002 3068 3159 3239 3320 3402 3485 3557 3654 3740 3827 3915 4004 4094 4277 4370 4464 4559 4643 4655 4850 4949 5049 5150 5343 5355 5447 5564 5670 5885 5994 6092 6104 6327 6440 6542 6669 6772 6785 7020 7127 7139 7247 7380 7502 7625 7749 7861 7874 7988 8127 8255 8384 8502 8645 8777 8910 9044 9179 9315 9452 9590 9729 9869 9999 10152 10439 10584 10730 10877 11025 11174 11324 11475 11627 11768 11780 11923 12089 12233 12402 12560 12719 12879 13040 13202 13365 13529 13694 13860 14016 14195 14534 14704 14877 15050 15224 15399 15575 15752 15930 16097 16109 16278 16470 16641 16835 17019 17204 17390 17577 17765 17954 18144 18335 18527 18720 18902 18914 
S 2: 0 | 0 2 5 9 14 20 27 35 44 54 65 77 78 104 119 135 152 170 189 209 252 275 299 312 324 377 405 434 464 495 527 548 560 582 629 665 702 740 767 860 902 989 1034 1080 1127 1175 1224 1274 1313 1325 1365 1366 1484 1527 1595 1652 1696 1769 1829 1890 1952 2015 2079 2198 2210 2265 2345 2414 2472 2484 2627 2700 2774 2849 2925 2990 3002 3068 3159 3239 3320 3402 3485 3557 3654 3740 3827 3915 4004 4094 4277 4370 4464 4559 4643 4655 4850 4949 5049 5150 5343 5355 5447 5564 5670 5885 5994 6092 6104 6327 6440 6542 6669 6772 6785 7020 7127 7139 7247 7380 7502 7625 7749 7861 7874 7988 8127 8255 8384 8502 8645 8777 8910 9044 9179 9315 9452 9590 9729 9869 9999 10152 10439 10584 10730 10877 11025 11174 11324 11475 11627 11768 11780 11923 12089 12233 12402 12560 12719 12879 13040 13202 13365 13529 13694 13860 14016 14195 14534 14704 14877 15050 15224 15399 15575 15752 15930 16097 16109 16278 16470 16641 16835 17019 17204 17390 17577 17765 17954 18144 18335 18527 18720 18902 18914 
S 3: 0 | 0 2 5 9 14 20 27 35 44 54 65 77 78 104 119 135 152 170 189 209 252 275 299 312 324 377 405 434 464 495 527 548 560 582 629 665 702 740 767 860 902 989 1034 1080 1127 1175 1224 1274 1313 1325 1365 1366 1484 1527 1595 1652 1696 1769 1829 1890 1952 2015 2079 2198 2210 2265 2345 2414 2472 2484 2627 2700 2774 2849 2925 2990 3002 3068 3159 3239 3320 3402 3485 3557 3654 3740 3827 3915 4004 4094 4277 4370 4464 4559 4643 4655 4850 4949 5049 5150 5343 5355 5447 5564 5670 5885 5994 6092 6104 6327 6440 6542 6669 6772 6785 7020 7127 7139 7247 7380 7502 7625 7749 7861 7874 7988 8127 8255 8384 8502 8645 8777 8910 9044 9179 9315 9452 9590 9729 9869 9999 10152 10439 10584 10730 10877 11025 11174 11324 11475 11627 11768 11780 11923 12089 12233 12402 12560 12719 12879 13040 13202 13365 13529 13694 13860 14016 14195 14534 14704 14877 15050 15224 15399 15575 15752 15930 16097 16109 16278 16470 16641 16835 17019 17204 17390 17577 17765 17954 18144 18335 18527 18720 18902 18914 
S 4: 0 | 0 2 5 9 14 20 27 35 44 54 65 77 78 104 119 135 152 170 189 209 252 275 299 312 324 377 405 434 464 495 527 548 560 582 629 665 702 740 767 860 902 989 1034 1080 1127 1175 1224 1274 1313 1325 1365 1366 1484 1527 1595 1652 1696 1769 1829 1890 1952 2015 2079 2198 2210 2265 2345 2414 2472 2484 2627 2700 2774 2849 2925 2990 3002 3068 3159 3239 3320 3402 3485 3557 3654 3740 3827 3915 4004 4094 4277 4370 4464 4559 4643 4655 4850 4949 5049 5150 5343 5355 5447 5564 5670 5885 5994 6092 6104 6327 6440 6542 6669 6772 6785 7020 7127 7139 7247 7380 7502 7625 7749 7861 7874 7988 8127 8255 8384 8502 8645 8777 8910 9044 9179 9315 9452 9590 9729 9869 9999 10152 10439 10584 10730 10877 11025 11174 11324 11475 11627 11768 11780 11923 12089 12233 12402 12560 12719 12879 13040 13202 13365 13529 13694 13860 14016 14195 14534 14704 14877 15050 15224 15399 15575 15752 15930 16097 16109 16278 16470 16641 16835 17019 17204 17390 17577 17765 17954 18144 18335 18527 18720 18902 18914 
ALL EQUAL

Final time = 14514.3
Final solution cost = 2296
