Reading instance small_stp_instances/rat195_5_03.stp of type D
Finished instance reading
Number of vertices = 195
Number of edges (resources) = 18915
Number of scenarios = 5
Average number of terminals per scenario = 195
Probabilities of Scenarios: (0) 0.15 | (1) 0.28 | (2) 0.19 | (3) 0.09 | (4) 0.29 | 
Average weighted inflation = 0.143072
Largest inflation = 0.299611
MAX_ITERATIONS_SINCE_LAST_IMPROVEMENT 2
MAX_ITERATIONS_SINCE_BEST_SOLUTION 3
Creating solution instance.
Starting Evolutive Framework.
Local search solution cost = 2283.37
Local search time = 20107
20107 local search - EF main loop cycle 0 solution cost 2283.37
20107s Cost of SP solution after second stage solver 2283.37
Local search solution cost = 2276
Local search time = 754.369
20861.4 local search - EF main loop cycle 1 solution cost 2276
20861.4s Cost of SP solution after second stage solver 2276
Local search solution cost = 2276
Local search time = 753.117
21614.5 local search - EF main loop cycle 2 solution cost 2276
21614.5s Cost of SP solution after second stage solver 2276
Local search solution cost = 2276
Local search time = 746.892
22361.4 local search - EF main loop cycle 3 solution cost 2276
22361.5s Cost of SP solution after second stage solver 2276
Number of cycles 4
Time for each cycle 5590.36
22361.5s Cost of SP solution after tail step 2276
SELECTED RESOURCES:
0 2 5 9 14 27 35 44 54 65 77 78 119 135 152 158 177 189 230 252 275 299 312 324 338 365 377 395 434 464 495 527 548 594 629 665 702 740 819 860 902 945 978 989 1080 1127 1175 1224 1274 1313 1325 1365 1430 1484 1539 1595 1652 1698 1769 1829 1890 1952 2015 2079 2210 2277 2345 2414 2472 2484 2627 2700 2774 2849 2925 2990 3002 3068 3159 3239 3320 3402 3485 3557 3654 3740 3827 3915 4004 4094 4277 4370 4464 4559 4643 4655 4850 4949 5049 5150 5252 5343 5355 5447 5564 5670 5777 5885 5994 6092 6215 6327 6440 6554 6669 6785 7020 7139 7259 7369 7380 7625 7749 7874 8000 8127 8255 8372 8502 8645 8777 8910 9033 9179 9315 9452 9590 9729 9869 9998 10140 10152 10439 10584 10718 10877 11025 11174 11324 11475 11627 11768 11934 12089 12389 12402 12706 12719 13040 13202 13365 13529 13682 13694 14027 14183 14195 14352 14534 14693 14877 15050 15211 15224 15575 15752 15930 16097 16289 16470 16641 16835 17019 17204 17390 17577 17765 17941 17954 18323 18335 18526 18720 18902 18914 
SCENARIO'S RESOURCES:
S 0: 0 | 0 2 5 9 14 27 35 44 54 65 77 78 119 135 152 158 177 189 230 252 275 299 312 324 338 365 377 395 434 464 495 527 548 594 629 665 702 740 819 860 902 945 978 989 1080 1127 1175 1224 1274 1313 1325 1365 1430 1484 1539 1595 1652 1698 1769 1829 1890 1952 2015 2079 2210 2277 2345 2414 2472 2484 2627 2700 2774 2849 2925 2990 3002 3068 3159 3239 3320 3402 3485 3557 3654 3740 3827 3915 4004 4094 4277 4370 4464 4559 4643 4655 4850 4949 5049 5150 5252 5343 5355 5447 5564 5670 5777 5885 5994 6092 6215 6327 6440 6554 6669 6785 7020 7139 7259 7369 7380 7625 7749 7874 8000 8127 8255 8372 8502 8645 8777 8910 9033 9179 9315 9452 9590 9729 9869 9998 10140 10152 10439 10584 10718 10877 11025 11174 11324 11475 11627 11768 11934 12089 12389 12402 12706 12719 13040 13202 13365 13529 13682 13694 14027 14183 14195 14352 14534 14693 14877 15050 15211 15224 15575 15752 15930 16097 16289 16470 16641 16835 17019 17204 17390 17577 17765 17941 17954 18323 18335 18526 18720 18902 18914 
S 1: 0 | 0 2 5 9 14 27 35 44 54 65 77 78 119 135 152 158 177 189 230 252 275 299 312 324 338 365 377 395 434 464 495 527 548 594 629 665 702 740 819 860 902 945 978 989 1080 1127 1175 1224 1274 1313 1325 1365 1430 1484 1539 1595 1652 1698 1769 1829 1890 1952 2015 2079 2210 2277 2345 2414 2472 2484 2627 2700 2774 2849 2925 2990 3002 3068 3159 3239 3320 3402 3485 3557 3654 3740 3827 3915 4004 4094 4277 4370 4464 4559 4643 4655 4850 4949 5049 5150 5252 5343 5355 5447 5564 5670 5777 5885 5994 6092 6215 6327 6440 6554 6669 6785 7020 7139 7259 7369 7380 7625 7749 7874 8000 8127 8255 8372 8502 8645 8777 8910 9033 9179 9315 9452 9590 9729 9869 9998 10140 10152 10439 10584 10718 10877 11025 11174 11324 11475 11627 11768 11934 12089 12389 12402 12706 12719 13040 13202 13365 13529 13682 13694 14027 14183 14195 14352 14534 14693 14877 15050 15211 15224 15575 15752 15930 16097 16289 16470 16641 16835 17019 17204 17390 17577 17765 17941 17954 18323 18335 18526 18720 18902 18914 
S 2: 0 | 0 2 5 9 14 27 35 44 54 65 77 78 119 135 152 158 177 189 230 252 275 299 312 324 338 365 377 395 434 464 495 527 548 594 629 665 702 740 819 860 902 945 978 989 1080 1127 1175 1224 1274 1313 1325 1365 1430 1484 1539 1595 1652 1698 1769 1829 1890 1952 2015 2079 2210 2277 2345 2414 2472 2484 2627 2700 2774 2849 2925 2990 3002 3068 3159 3239 3320 3402 3485 3557 3654 3740 3827 3915 4004 4094 4277 4370 4464 4559 4643 4655 4850 4949 5049 5150 5252 5343 5355 5447 5564 5670 5777 5885 5994 6092 6215 6327 6440 6554 6669 6785 7020 7139 7259 7369 7380 7625 7749 7874 8000 8127 8255 8372 8502 8645 8777 8910 9033 9179 9315 9452 9590 9729 9869 9998 10140 10152 10439 10584 10718 10877 11025 11174 11324 11475 11627 11768 11934 12089 12389 12402 12706 12719 13040 13202 13365 13529 13682 13694 14027 14183 14195 14352 14534 14693 14877 15050 15211 15224 15575 15752 15930 16097 16289 16470 16641 16835 17019 17204 17390 17577 17765 17941 17954 18323 18335 18526 18720 18902 18914 
S 3: 0 | 0 2 5 9 14 27 35 44 54 65 77 78 119 135 152 158 177 189 230 252 275 299 312 324 338 365 377 395 434 464 495 527 548 594 629 665 702 740 819 860 902 945 978 989 1080 1127 1175 1224 1274 1313 1325 1365 1430 1484 1539 1595 1652 1698 1769 1829 1890 1952 2015 2079 2210 2277 2345 2414 2472 2484 2627 2700 2774 2849 2925 2990 3002 3068 3159 3239 3320 3402 3485 3557 3654 3740 3827 3915 4004 4094 4277 4370 4464 4559 4643 4655 4850 4949 5049 5150 5252 5343 5355 5447 5564 5670 5777 5885 5994 6092 6215 6327 6440 6554 6669 6785 7020 7139 7259 7369 7380 7625 7749 7874 8000 8127 8255 8372 8502 8645 8777 8910 9033 9179 9315 9452 9590 9729 9869 9998 10140 10152 10439 10584 10718 10877 11025 11174 11324 11475 11627 11768 11934 12089 12389 12402 12706 12719 13040 13202 13365 13529 13682 13694 14027 14183 14195 14352 14534 14693 14877 15050 15211 15224 15575 15752 15930 16097 16289 16470 16641 16835 17019 17204 17390 17577 17765 17941 17954 18323 18335 18526 18720 18902 18914 
S 4: 0 | 0 2 5 9 14 27 35 44 54 65 77 78 119 135 152 158 177 189 230 252 275 299 312 324 338 365 377 395 434 464 495 527 548 594 629 665 702 740 819 860 902 945 978 989 1080 1127 1175 1224 1274 1313 1325 1365 1430 1484 1539 1595 1652 1698 1769 1829 1890 1952 2015 2079 2210 2277 2345 2414 2472 2484 2627 2700 2774 2849 2925 2990 3002 3068 3159 3239 3320 3402 3485 3557 3654 3740 3827 3915 4004 4094 4277 4370 4464 4559 4643 4655 4850 4949 5049 5150 5252 5343 5355 5447 5564 5670 5777 5885 5994 6092 6215 6327 6440 6554 6669 6785 7020 7139 7259 7369 7380 7625 7749 7874 8000 8127 8255 8372 8502 8645 8777 8910 9033 9179 9315 9452 9590 9729 9869 9998 10140 10152 10439 10584 10718 10877 11025 11174 11324 11475 11627 11768 11934 12089 12389 12402 12706 12719 13040 13202 13365 13529 13682 13694 14027 14183 14195 14352 14534 14693 14877 15050 15211 15224 15575 15752 15930 16097 16289 16470 16641 16835 17019 17204 17390 17577 17765 17941 17954 18323 18335 18526 18720 18902 18914 
ALL EQUAL

Final time = 22361.5
Final solution cost = 2276
