Reading instance small_stp_instances/rat99_10_03.stp of type D
Finished instance reading
Number of vertices = 99
Number of edges (resources) = 4851
Number of scenarios = 10
Average number of terminals per scenario = 99
Probabilities of Scenarios: (0) 0.01 | (1) 0.05 | (2) 0.07 | (3) 0.13 | (4) 0.18 | (5) 0.13 | (6) 0.11 | (7) 0.15 | (8) 0.11 | (9) 0.06 | 
Average weighted inflation = 0.141065
Largest inflation = 0.299213
MAX_ITERATIONS_SINCE_LAST_IMPROVEMENT 2
MAX_ITERATIONS_SINCE_BEST_SOLUTION 3
Creating solution instance.
Starting Evolutive Framework.
Local search solution cost = 1193.37
Local search time = 1462.16
1462.16 local search - EF main loop cycle 0 solution cost 1193.37
1462.23s Cost of SP solution after second stage solver 1193.37
Local search solution cost = 1188
Local search time = 121.155
1583.38 local search - EF main loop cycle 1 solution cost 1188
1583.39s Cost of SP solution after second stage solver 1188
Local search solution cost = 1188
Local search time = 116.142
1699.53 local search - EF main loop cycle 2 solution cost 1188
1699.55s Cost of SP solution after second stage solver 1188
Local search solution cost = 1188
Local search time = 116.156
1815.7 local search - EF main loop cycle 3 solution cost 1188
1815.72s Cost of SP solution after second stage solver 1188
Number of cycles 4
Time for each cycle 453.929
1815.73s Cost of SP solution after tail step 1188
SELECTED RESOURCES:
0 2 5 14 20 27 35 36 54 65 77 81 82 119 135 144 152 189 209 222 230 245 275 299 324 350 369 434 464 495 527 560 587 629 657 658 779 819 860 894 902 938 989 1072 1080 1118 1119 1224 1274 1325 1377 1422 1430 1476 1594 1595 1644 1710 1769 1829 1890 1952 2008 2079 2144 2210 2277 2414 2484 2547 2700 2774 2849 2917 2925 2994 3080 3151 3231 3239 3312 3402 3569 3654 3819 3827 3914 4004 4087 4185 4277 4361 4370 4456 4559 4655 4752 4842 4850 
SCENARIO'S RESOURCES:
S 0: 0 | 0 2 5 14 20 27 35 36 54 65 77 81 82 119 135 144 152 189 209 222 230 245 275 299 324 350 369 434 464 495 527 560 587 629 657 658 779 819 860 894 902 938 989 1072 1080 1118 1119 1224 1274 1325 1377 1422 1430 1476 1594 1595 1644 1710 1769 1829 1890 1952 2008 2079 2144 2210 2277 2414 2484 2547 2700 2774 2849 2917 2925 2994 3080 3151 3231 3239 3312 3402 3569 3654 3819 3827 3914 4004 4087 4185 4277 4361 4370 4456 4559 4655 4752 4842 4850 
S 1: 0 | 0 2 5 14 20 27 35 36 54 65 77 81 82 119 135 144 152 189 209 222 230 245 275 299 324 350 369 434 464 495 527 560 587 629 657 658 779 819 860 894 902 938 989 1072 1080 1118 1119 1224 1274 1325 1377 1422 1430 1476 1594 1595 1644 1710 1769 1829 1890 1952 2008 2079 2144 2210 2277 2414 2484 2547 2700 2774 2849 2917 2925 2994 3080 3151 3231 3239 3312 3402 3569 3654 3819 3827 3914 4004 4087 4185 4277 4361 4370 4456 4559 4655 4752 4842 4850 
S 2: 0 | 0 2 5 14 20 27 35 36 54 65 77 81 82 119 135 144 152 189 209 222 230 245 275 299 324 350 369 434 464 495 527 560 587 629 657 658 779 819 860 894 902 938 989 1072 1080 1118 1119 1224 1274 1325 1377 1422 1430 1476 1594 1595 1644 1710 1769 1829 1890 1952 2008 2079 2144 2210 2277 2414 2484 2547 2700 2774 2849 2917 2925 2994 3080 3151 3231 3239 3312 3402 3569 3654 3819 3827 3914 4004 4087 4185 4277 4361 4370 4456 4559 4655 4752 4842 4850 
S 3: 0 | 0 2 5 14 20 27 35 36 54 65 77 81 82 119 135 144 152 189 209 222 230 245 275 299 324 350 369 434 464 495 527 560 587 629 657 658 779 819 860 894 902 938 989 1072 1080 1118 1119 1224 1274 1325 1377 1422 1430 1476 1594 1595 1644 1710 1769 1829 1890 1952 2008 2079 2144 2210 2277 2414 2484 2547 2700 2774 2849 2917 2925 2994 3080 3151 3231 3239 3312 3402 3569 3654 3819 3827 3914 4004 4087 4185 4277 4361 4370 4456 4559 4655 4752 4842 4850 
S 4: 0 | 0 2 5 14 20 27 35 36 54 65 77 81 82 119 135 144 152 189 209 222 230 245 275 299 324 350 369 434 464 495 527 560 587 629 657 658 779 819 860 894 902 938 989 1072 1080 1118 1119 1224 1274 1325 1377 1422 1430 1476 1594 1595 1644 1710 1769 1829 1890 1952 2008 2079 2144 2210 2277 2414 2484 2547 2700 2774 2849 2917 2925 2994 3080 3151 3231 3239 3312 3402 3569 3654 3819 3827 3914 4004 4087 4185 4277 4361 4370 4456 4559 4655 4752 4842 4850 
S 5: 0 | 0 2 5 14 20 27 35 36 54 65 77 81 82 119 135 144 152 189 209 222 230 245 275 299 324 350 369 434 464 495 527 560 587 629 657 658 779 819 860 894 902 938 989 1072 1080 1118 1119 1224 1274 1325 1377 1422 1430 1476 1594 1595 1644 1710 1769 1829 1890 1952 2008 2079 2144 2210 2277 2414 2484 2547 2700 2774 2849 2917 2925 2994 3080 3151 3231 3239 3312 3402 3569 3654 3819 3827 3914 4004 4087 4185 4277 4361 4370 4456 4559 4655 4752 4842 4850 
S 6: 0 | 0 2 5 14 20 27 35 36 54 65 77 81 82 119 135 144 152 189 209 222 230 245 275 299 324 350 369 434 464 495 527 560 587 629 657 658 779 819 860 894 902 938 989 1072 1080 1118 1119 1224 1274 1325 1377 1422 1430 1476 1594 1595 1644 1710 1769 1829 1890 1952 2008 2079 2144 2210 2277 2414 2484 2547 2700 2774 2849 2917 2925 2994 3080 3151 3231 3239 3312 3402 3569 3654 3819 3827 3914 4004 4087 4185 4277 4361 4370 4456 4559 4655 4752 4842 4850 
S 7: 0 | 0 2 5 14 20 27 35 36 54 65 77 81 82 119 135 144 152 189 209 222 230 245 275 299 324 350 369 434 464 495 527 560 587 629 657 658 779 819 860 894 902 938 989 1072 1080 1118 1119 1224 1274 1325 1377 1422 1430 1476 1594 1595 1644 1710 1769 1829 1890 1952 2008 2079 2144 2210 2277 2414 2484 2547 2700 2774 2849 2917 2925 2994 3080 3151 3231 3239 3312 3402 3569 3654 3819 3827 3914 4004 4087 4185 4277 4361 4370 4456 4559 4655 4752 4842 4850 
S 8: 0 | 0 2 5 14 20 27 35 36 54 65 77 81 82 119 135 144 152 189 209 222 230 245 275 299 324 350 369 434 464 495 527 560 587 629 657 658 779 819 860 894 902 938 989 1072 1080 1118 1119 1224 1274 1325 1377 1422 1430 1476 1594 1595 1644 1710 1769 1829 1890 1952 2008 2079 2144 2210 2277 2414 2484 2547 2700 2774 2849 2917 2925 2994 3080 3151 3231 3239 3312 3402 3569 3654 3819 3827 3914 4004 4087 4185 4277 4361 4370 4456 4559 4655 4752 4842 4850 
S 9: 0 | 0 2 5 14 20 27 35 36 54 65 77 81 82 119 135 144 152 189 209 222 230 245 275 299 324 350 369 434 464 495 527 560 587 629 657 658 779 819 860 894 902 938 989 1072 1080 1118 1119 1224 1274 1325 1377 1422 1430 1476 1594 1595 1644 1710 1769 1829 1890 1952 2008 2079 2144 2210 2277 2414 2484 2547 2700 2774 2849 2917 2925 2994 3080 3151 3231 3239 3312 3402 3569 3654 3819 3827 3914 4004 4087 4185 4277 4361 4370 4456 4559 4655 4752 4842 4850 
ALL EQUAL

Final time = 1815.76
Final solution cost = 1188
