Reading instance small_stp_instances/rat99_5_05.stp of type D
Finished instance reading
Number of vertices = 99
Number of edges (resources) = 4851
Number of scenarios = 5
Average number of terminals per scenario = 99
Probabilities of Scenarios: (0) 0.25 | (1) 0.28 | (2) 0.13 | (3) 0.1 | (4) 0.24 | 
Average weighted inflation = 0.241169
Largest inflation = 0.497436
MAX_ITERATIONS_SINCE_LAST_IMPROVEMENT 2
MAX_ITERATIONS_SINCE_BEST_SOLUTION 3
Creating solution instance.
Starting Evolutive Framework.
Local search solution cost = 1188
Local search time = 610.704
610.705 local search - EF main loop cycle 0 solution cost 1188
610.712s Cost of SP solution after second stage solver 1188
Local search solution cost = 1188
Local search time = 57.5216
668.233 local search - EF main loop cycle 1 solution cost 1188
668.239s Cost of SP solution after second stage solver 1188
Local search solution cost = 1188
Local search time = 57.5117
725.75 local search - EF main loop cycle 2 solution cost 1188
725.757s Cost of SP solution after second stage solver 1188
Number of cycles 3
Time for each cycle 241.919
725.764s Cost of SP solution after tail step 1188
SELECTED RESOURCES:
0 2 5 14 20 27 35 36 54 65 77 81 82 119 135 144 152 189 209 222 230 245 275 299 324 350 369 434 464 495 527 560 587 629 657 658 779 819 860 894 902 938 989 1072 1080 1118 1119 1224 1274 1325 1377 1422 1430 1476 1594 1595 1644 1710 1769 1829 1890 1952 2008 2079 2144 2210 2277 2414 2484 2547 2700 2774 2917 2925 2994 3080 3151 3231 3239 3312 3402 3477 3561 3569 3740 3819 3915 4004 4087 4185 4277 4370 4456 4464 4551 4655 4752 4842 4850 
SCENARIO'S RESOURCES:
S 0: 0 | 0 2 5 14 20 27 35 36 54 65 77 81 82 119 135 144 152 189 209 222 230 245 275 299 324 350 369 434 464 495 527 560 587 629 657 658 779 819 860 894 902 938 989 1072 1080 1118 1119 1224 1274 1325 1377 1422 1430 1476 1594 1595 1644 1710 1769 1829 1890 1952 2008 2079 2144 2210 2277 2414 2484 2547 2700 2774 2917 2925 2994 3080 3151 3231 3239 3312 3402 3477 3561 3569 3740 3819 3915 4004 4087 4185 4277 4370 4456 4464 4551 4655 4752 4842 4850 
S 1: 0 | 0 2 5 14 20 27 35 36 54 65 77 81 82 119 135 144 152 189 209 222 230 245 275 299 324 350 369 434 464 495 527 560 587 629 657 658 779 819 860 894 902 938 989 1072 1080 1118 1119 1224 1274 1325 1377 1422 1430 1476 1594 1595 1644 1710 1769 1829 1890 1952 2008 2079 2144 2210 2277 2414 2484 2547 2700 2774 2917 2925 2994 3080 3151 3231 3239 3312 3402 3477 3561 3569 3740 3819 3915 4004 4087 4185 4277 4370 4456 4464 4551 4655 4752 4842 4850 
S 2: 0 | 0 2 5 14 20 27 35 36 54 65 77 81 82 119 135 144 152 189 209 222 230 245 275 299 324 350 369 434 464 495 527 560 587 629 657 658 779 819 860 894 902 938 989 1072 1080 1118 1119 1224 1274 1325 1377 1422 1430 1476 1594 1595 1644 1710 1769 1829 1890 1952 2008 2079 2144 2210 2277 2414 2484 2547 2700 2774 2917 2925 2994 3080 3151 3231 3239 3312 3402 3477 3561 3569 3740 3819 3915 4004 4087 4185 4277 4370 4456 4464 4551 4655 4752 4842 4850 
S 3: 0 | 0 2 5 14 20 27 35 36 54 65 77 81 82 119 135 144 152 189 209 222 230 245 275 299 324 350 369 434 464 495 527 560 587 629 657 658 779 819 860 894 902 938 989 1072 1080 1118 1119 1224 1274 1325 1377 1422 1430 1476 1594 1595 1644 1710 1769 1829 1890 1952 2008 2079 2144 2210 2277 2414 2484 2547 2700 2774 2917 2925 2994 3080 3151 3231 3239 3312 3402 3477 3561 3569 3740 3819 3915 4004 4087 4185 4277 4370 4456 4464 4551 4655 4752 4842 4850 
S 4: 0 | 0 2 5 14 20 27 35 36 54 65 77 81 82 119 135 144 152 189 209 222 230 245 275 299 324 350 369 434 464 495 527 560 587 629 657 658 779 819 860 894 902 938 989 1072 1080 1118 1119 1224 1274 1325 1377 1422 1430 1476 1594 1595 1644 1710 1769 1829 1890 1952 2008 2079 2144 2210 2277 2414 2484 2547 2700 2774 2917 2925 2994 3080 3151 3231 3239 3312 3402 3477 3561 3569 3740 3819 3915 4004 4087 4185 4277 4370 4456 4464 4551 4655 4752 4842 4850 
ALL EQUAL

Final time = 725.778
Final solution cost = 1188
