Reading instance small_stp_instances/rat99_10_05.stp of type D
Finished instance reading
Number of vertices = 99
Number of edges (resources) = 4851
Number of scenarios = 10
Average number of terminals per scenario = 99
Probabilities of Scenarios: (0) 0.04 | (1) 0.12 | (2) 0.08 | (3) 0.07 | (4) 0.08 | (5) 0.06 | (6) 0.18 | (7) 0.15 | (8) 0.09 | (9) 0.13 | 
Average weighted inflation = 0.240599
Largest inflation = 0.497608
MAX_ITERATIONS_SINCE_LAST_IMPROVEMENT 2
MAX_ITERATIONS_SINCE_BEST_SOLUTION 3
Creating solution instance.
Starting Evolutive Framework.
Local search solution cost = 1195
Local search time = 1246.11
1246.11 local search - EF main loop cycle 0 solution cost 1195
1246.12s Cost of SP solution after second stage solver 1195
Local search solution cost = 1195
Local search time = 116.57
1362.69 local search - EF main loop cycle 1 solution cost 1195
1362.7s Cost of SP solution after second stage solver 1195
Local search solution cost = 1195
Local search time = 116.272
1478.97 local search - EF main loop cycle 2 solution cost 1195
1478.98s Cost of SP solution after second stage solver 1195
Number of cycles 3
Time for each cycle 492.994
1478.99s Cost of SP solution after tail step 1195
SELECTED RESOURCES:
0 2 5 14 20 27 35 36 54 65 77 81 82 119 135 144 152 189 209 222 230 245 275 299 324 350 369 434 464 495 527 560 587 629 657 658 740 819 860 894 902 938 989 1072 1080 1119 1120 1224 1274 1325 1377 1422 1430 1476 1539 1595 1652 1710 1759 1829 1890 1952 2079 2144 2203 2276 2277 2414 2484 2547 2691 2700 2773 2849 2994 3002 3079 3151 3231 3239 3402 3485 3561 3569 3740 3819 3915 4004 4086 4185 4277 4370 4456 4464 4551 4655 4752 4842 4850 
SCENARIO'S RESOURCES:
S 0: 0 | 0 2 5 14 20 27 35 36 54 65 77 81 82 119 135 144 152 189 209 222 230 245 275 299 324 350 369 434 464 495 527 560 587 629 657 658 740 819 860 894 902 938 989 1072 1080 1119 1120 1224 1274 1325 1377 1422 1430 1476 1539 1595 1652 1710 1759 1829 1890 1952 2079 2144 2203 2276 2277 2414 2484 2547 2691 2700 2773 2849 2994 3002 3079 3151 3231 3239 3402 3485 3561 3569 3740 3819 3915 4004 4086 4185 4277 4370 4456 4464 4551 4655 4752 4842 4850 
S 1: 0 | 0 2 5 14 20 27 35 36 54 65 77 81 82 119 135 144 152 189 209 222 230 245 275 299 324 350 369 434 464 495 527 560 587 629 657 658 740 819 860 894 902 938 989 1072 1080 1119 1120 1224 1274 1325 1377 1422 1430 1476 1539 1595 1652 1710 1759 1829 1890 1952 2079 2144 2203 2276 2277 2414 2484 2547 2691 2700 2773 2849 2994 3002 3079 3151 3231 3239 3402 3485 3561 3569 3740 3819 3915 4004 4086 4185 4277 4370 4456 4464 4551 4655 4752 4842 4850 
S 2: 0 | 0 2 5 14 20 27 35 36 54 65 77 81 82 119 135 144 152 189 209 222 230 245 275 299 324 350 369 434 464 495 527 560 587 629 657 658 740 819 860 894 902 938 989 1072 1080 1119 1120 1224 1274 1325 1377 1422 1430 1476 1539 1595 1652 1710 1759 1829 1890 1952 2079 2144 2203 2276 2277 2414 2484 2547 2691 2700 2773 2849 2994 3002 3079 3151 3231 3239 3402 3485 3561 3569 3740 3819 3915 4004 4086 4185 4277 4370 4456 4464 4551 4655 4752 4842 4850 
S 3: 0 | 0 2 5 14 20 27 35 36 54 65 77 81 82 119 135 144 152 189 209 222 230 245 275 299 324 350 369 434 464 495 527 560 587 629 657 658 740 819 860 894 902 938 989 1072 1080 1119 1120 1224 1274 1325 1377 1422 1430 1476 1539 1595 1652 1710 1759 1829 1890 1952 2079 2144 2203 2276 2277 2414 2484 2547 2691 2700 2773 2849 2994 3002 3079 3151 3231 3239 3402 3485 3561 3569 3740 3819 3915 4004 4086 4185 4277 4370 4456 4464 4551 4655 4752 4842 4850 
S 4: 0 | 0 2 5 14 20 27 35 36 54 65 77 81 82 119 135 144 152 189 209 222 230 245 275 299 324 350 369 434 464 495 527 560 587 629 657 658 740 819 860 894 902 938 989 1072 1080 1119 1120 1224 1274 1325 1377 1422 1430 1476 1539 1595 1652 1710 1759 1829 1890 1952 2079 2144 2203 2276 2277 2414 2484 2547 2691 2700 2773 2849 2994 3002 3079 3151 3231 3239 3402 3485 3561 3569 3740 3819 3915 4004 4086 4185 4277 4370 4456 4464 4551 4655 4752 4842 4850 
S 5: 0 | 0 2 5 14 20 27 35 36 54 65 77 81 82 119 135 144 152 189 209 222 230 245 275 299 324 350 369 434 464 495 527 560 587 629 657 658 740 819 860 894 902 938 989 1072 1080 1119 1120 1224 1274 1325 1377 1422 1430 1476 1539 1595 1652 1710 1759 1829 1890 1952 2079 2144 2203 2276 2277 2414 2484 2547 2691 2700 2773 2849 2994 3002 3079 3151 3231 3239 3402 3485 3561 3569 3740 3819 3915 4004 4086 4185 4277 4370 4456 4464 4551 4655 4752 4842 4850 
S 6: 0 | 0 2 5 14 20 27 35 36 54 65 77 81 82 119 135 144 152 189 209 222 230 245 275 299 324 350 369 434 464 495 527 560 587 629 657 658 740 819 860 894 902 938 989 1072 1080 1119 1120 1224 1274 1325 1377 1422 1430 1476 1539 1595 1652 1710 1759 1829 1890 1952 2079 2144 2203 2276 2277 2414 2484 2547 2691 2700 2773 2849 2994 3002 3079 3151 3231 3239 3402 3485 3561 3569 3740 3819 3915 4004 4086 4185 4277 4370 4456 4464 4551 4655 4752 4842 4850 
S 7: 0 | 0 2 5 14 20 27 35 36 54 65 77 81 82 119 135 144 152 189 209 222 230 245 275 299 324 350 369 434 464 495 527 560 587 629 657 658 740 819 860 894 902 938 989 1072 1080 1119 1120 1224 1274 1325 1377 1422 1430 1476 1539 1595 1652 1710 1759 1829 1890 1952 2079 2144 2203 2276 2277 2414 2484 2547 2691 2700 2773 2849 2994 3002 3079 3151 3231 3239 3402 3485 3561 3569 3740 3819 3915 4004 4086 4185 4277 4370 4456 4464 4551 4655 4752 4842 4850 
S 8: 0 | 0 2 5 14 20 27 35 36 54 65 77 81 82 119 135 144 152 189 209 222 230 245 275 299 324 350 369 434 464 495 527 560 587 629 657 658 740 819 860 894 902 938 989 1072 1080 1119 1120 1224 1274 1325 1377 1422 1430 1476 1539 1595 1652 1710 1759 1829 1890 1952 2079 2144 2203 2276 2277 2414 2484 2547 2691 2700 2773 2849 2994 3002 3079 3151 3231 3239 3402 3485 3561 3569 3740 3819 3915 4004 4086 4185 4277 4370 4456 4464 4551 4655 4752 4842 4850 
S 9: 0 | 0 2 5 14 20 27 35 36 54 65 77 81 82 119 135 144 152 189 209 222 230 245 275 299 324 350 369 434 464 495 527 560 587 629 657 658 740 819 860 894 902 938 989 1072 1080 1119 1120 1224 1274 1325 1377 1422 1430 1476 1539 1595 1652 1710 1759 1829 1890 1952 2079 2144 2203 2276 2277 2414 2484 2547 2691 2700 2773 2849 2994 3002 3079 3151 3231 3239 3402 3485 3561 3569 3740 3819 3915 4004 4086 4185 4277 4370 4456 4464 4551 4655 4752 4842 4850 
ALL EQUAL

Final time = 1479.02
Final solution cost = 1195
