Reading instance small_stp_instances/rat99_5_03.stp of type D
Finished instance reading
Number of vertices = 99
Number of edges (resources) = 4851
Number of scenarios = 5
Average number of terminals per scenario = 99
Probabilities of Scenarios: (0) 0.21 | (1) 0.11 | (2) 0.38 | (3) 0.03 | (4) 0.27 | 
Average weighted inflation = 0.141829
Largest inflation = 0.29927
MAX_ITERATIONS_SINCE_LAST_IMPROVEMENT 2
MAX_ITERATIONS_SINCE_BEST_SOLUTION 3
Creating solution instance.
Starting Evolutive Framework.
Local search solution cost = 1191
Local search time = 627.371
627.372 local search - EF main loop cycle 0 solution cost 1191
627.378s Cost of SP solution after second stage solver 1191
Local search solution cost = 1191
Local search time = 58.149
685.527 local search - EF main loop cycle 1 solution cost 1191
685.534s Cost of SP solution after second stage solver 1191
Local search solution cost = 1191
Local search time = 58.0809
743.615 local search - EF main loop cycle 2 solution cost 1191
743.62s Cost of SP solution after second stage solver 1191
Number of cycles 3
Time for each cycle 247.873
743.625s Cost of SP solution after tail step 1191
SELECTED RESOURCES:
0 2 5 14 20 27 35 36 54 65 77 81 82 119 135 144 152 189 209 222 230 245 275 299 324 350 369 434 464 495 527 560 587 629 657 658 740 819 860 894 902 938 989 1072 1080 1119 1120 1224 1274 1325 1377 1422 1430 1476 1539 1595 1652 1710 1759 1829 1890 1952 2079 2144 2203 2276 2277 2414 2484 2547 2691 2773 2774 2925 2994 3002 3151 3231 3239 3312 3402 3478 3569 3654 3740 3819 3827 3906 4004 4087 4185 4277 4370 4464 4559 4655 4752 4842 4850 
SCENARIO'S RESOURCES:
S 0: 0 | 0 2 5 14 20 27 35 36 54 65 77 81 82 119 135 144 152 189 209 222 230 245 275 299 324 350 369 434 464 495 527 560 587 629 657 658 740 819 860 894 902 938 989 1072 1080 1119 1120 1224 1274 1325 1377 1422 1430 1476 1539 1595 1652 1710 1759 1829 1890 1952 2079 2144 2203 2276 2277 2414 2484 2547 2691 2773 2774 2925 2994 3002 3151 3231 3239 3312 3402 3478 3569 3654 3740 3819 3827 3906 4004 4087 4185 4277 4370 4464 4559 4655 4752 4842 4850 
S 1: 0 | 0 2 5 14 20 27 35 36 54 65 77 81 82 119 135 144 152 189 209 222 230 245 275 299 324 350 369 434 464 495 527 560 587 629 657 658 740 819 860 894 902 938 989 1072 1080 1119 1120 1224 1274 1325 1377 1422 1430 1476 1539 1595 1652 1710 1759 1829 1890 1952 2079 2144 2203 2276 2277 2414 2484 2547 2691 2773 2774 2925 2994 3002 3151 3231 3239 3312 3402 3478 3569 3654 3740 3819 3827 3906 4004 4087 4185 4277 4370 4464 4559 4655 4752 4842 4850 
S 2: 0 | 0 2 5 14 20 27 35 36 54 65 77 81 82 119 135 144 152 189 209 222 230 245 275 299 324 350 369 434 464 495 527 560 587 629 657 658 740 819 860 894 902 938 989 1072 1080 1119 1120 1224 1274 1325 1377 1422 1430 1476 1539 1595 1652 1710 1759 1829 1890 1952 2079 2144 2203 2276 2277 2414 2484 2547 2691 2773 2774 2925 2994 3002 3151 3231 3239 3312 3402 3478 3569 3654 3740 3819 3827 3906 4004 4087 4185 4277 4370 4464 4559 4655 4752 4842 4850 
S 3: 0 | 0 2 5 14 20 27 35 36 54 65 77 81 82 119 135 144 152 189 209 222 230 245 275 299 324 350 369 434 464 495 527 560 587 629 657 658 740 819 860 894 902 938 989 1072 1080 1119 1120 1224 1274 1325 1377 1422 1430 1476 1539 1595 1652 1710 1759 1829 1890 1952 2079 2144 2203 2276 2277 2414 2484 2547 2691 2773 2774 2925 2994 3002 3151 3231 3239 3312 3402 3478 3569 3654 3740 3819 3827 3906 4004 4087 4185 4277 4370 4464 4559 4655 4752 4842 4850 
S 4: 0 | 0 2 5 14 20 27 35 36 54 65 77 81 82 119 135 144 152 189 209 222 230 245 275 299 324 350 369 434 464 495 527 560 587 629 657 658 740 819 860 894 902 938 989 1072 1080 1119 1120 1224 1274 1325 1377 1422 1430 1476 1539 1595 1652 1710 1759 1829 1890 1952 2079 2144 2203 2276 2277 2414 2484 2547 2691 2773 2774 2925 2994 3002 3151 3231 3239 3312 3402 3478 3569 3654 3740 3819 3827 3906 4004 4087 4185 4277 4370 4464 4559 4655 4752 4842 4850 
ALL EQUAL

Final time = 743.636
Final solution cost = 1191
