Reading instance small_stp_instances/rat99_5_10.stp of type D
Finished instance reading
Number of vertices = 99
Number of edges (resources) = 4851
Number of scenarios = 5
Average number of terminals per scenario = 99
Probabilities of Scenarios: (0) 0.05 | (1) 0.2 | (2) 0.18 | (3) 0.35 | (4) 0.22 | 
Average weighted inflation = 0.491447
Largest inflation = 0.994975
MAX_ITERATIONS_SINCE_LAST_IMPROVEMENT 2
MAX_ITERATIONS_SINCE_BEST_SOLUTION 3
Creating solution instance.
Starting Evolutive Framework.
Local search solution cost = 1214
Local search time = 793.957
793.958 local search - EF main loop cycle 0 solution cost 1214
793.963s Cost of SP solution after second stage solver 1214
Local search solution cost = 1214
Local search time = 57.5732
851.536 local search - EF main loop cycle 1 solution cost 1214
851.541s Cost of SP solution after second stage solver 1214
Local search solution cost = 1214
Local search time = 57.5647
909.106 local search - EF main loop cycle 2 solution cost 1214
909.111s Cost of SP solution after second stage solver 1214
Number of cycles 3
Time for each cycle 303.037
909.116s Cost of SP solution after tail step 1214
SELECTED RESOURCES:
0 1 5 14 20 27 35 37 54 65 77 81 82 119 135 144 152 189 209 222 230 245 275 299 324 350 369 434 464 495 527 560 587 629 657 658 740 819 860 894 902 938 989 1027 1080 1119 1120 1224 1274 1325 1377 1422 1430 1477 1539 1595 1652 1710 1759 1829 1890 1952 2079 2144 2203 2276 2277 2414 2484 2547 2691 2700 2773 2849 2925 2994 3002 3151 3159 3231 3402 3485 3569 3654 3740 3819 3827 3908 4004 4086 4185 4277 4370 4464 4559 4655 4752 4842 4850 
SCENARIO'S RESOURCES:
S 0: 0 | 0 1 5 14 20 27 35 37 54 65 77 81 82 119 135 144 152 189 209 222 230 245 275 299 324 350 369 434 464 495 527 560 587 629 657 658 740 819 860 894 902 938 989 1027 1080 1119 1120 1224 1274 1325 1377 1422 1430 1477 1539 1595 1652 1710 1759 1829 1890 1952 2079 2144 2203 2276 2277 2414 2484 2547 2691 2700 2773 2849 2925 2994 3002 3151 3159 3231 3402 3485 3569 3654 3740 3819 3827 3908 4004 4086 4185 4277 4370 4464 4559 4655 4752 4842 4850 
S 1: 0 | 0 1 5 14 20 27 35 37 54 65 77 81 82 119 135 144 152 189 209 222 230 245 275 299 324 350 369 434 464 495 527 560 587 629 657 658 740 819 860 894 902 938 989 1027 1080 1119 1120 1224 1274 1325 1377 1422 1430 1477 1539 1595 1652 1710 1759 1829 1890 1952 2079 2144 2203 2276 2277 2414 2484 2547 2691 2700 2773 2849 2925 2994 3002 3151 3159 3231 3402 3485 3569 3654 3740 3819 3827 3908 4004 4086 4185 4277 4370 4464 4559 4655 4752 4842 4850 
S 2: 0 | 0 1 5 14 20 27 35 37 54 65 77 81 82 119 135 144 152 189 209 222 230 245 275 299 324 350 369 434 464 495 527 560 587 629 657 658 740 819 860 894 902 938 989 1027 1080 1119 1120 1224 1274 1325 1377 1422 1430 1477 1539 1595 1652 1710 1759 1829 1890 1952 2079 2144 2203 2276 2277 2414 2484 2547 2691 2700 2773 2849 2925 2994 3002 3151 3159 3231 3402 3485 3569 3654 3740 3819 3827 3908 4004 4086 4185 4277 4370 4464 4559 4655 4752 4842 4850 
S 3: 0 | 0 1 5 14 20 27 35 37 54 65 77 81 82 119 135 144 152 189 209 222 230 245 275 299 324 350 369 434 464 495 527 560 587 629 657 658 740 819 860 894 902 938 989 1027 1080 1119 1120 1224 1274 1325 1377 1422 1430 1477 1539 1595 1652 1710 1759 1829 1890 1952 2079 2144 2203 2276 2277 2414 2484 2547 2691 2700 2773 2849 2925 2994 3002 3151 3159 3231 3402 3485 3569 3654 3740 3819 3827 3908 4004 4086 4185 4277 4370 4464 4559 4655 4752 4842 4850 
S 4: 0 | 0 1 5 14 20 27 35 37 54 65 77 81 82 119 135 144 152 189 209 222 230 245 275 299 324 350 369 434 464 495 527 560 587 629 657 658 740 819 860 894 902 938 989 1027 1080 1119 1120 1224 1274 1325 1377 1422 1430 1477 1539 1595 1652 1710 1759 1829 1890 1952 2079 2144 2203 2276 2277 2414 2484 2547 2691 2700 2773 2849 2925 2994 3002 3151 3159 3231 3402 3485 3569 3654 3740 3819 3827 3908 4004 4086 4185 4277 4370 4464 4559 4655 4752 4842 4850 
ALL EQUAL

Final time = 909.127
Final solution cost = 1214
