Reading instance small_stp_instances/rat99_20_10.stp of type D
Finished instance reading
Number of vertices = 99
Number of edges (resources) = 4851
Number of scenarios = 20
Average number of terminals per scenario = 99
Probabilities of Scenarios: (0) 0.07 | (1) 0.1 | (2) 0.08 | (3) 0.01 | (4) 0.1 | (5) 0.05 | (6) 0.03 | (7) 0 | (8) 0.05 | (9) 0.09 | (10) 0.05 | (11) 0.03 | (12) 0.04 | (13) 0 | (14) 0.22 | (15) 0.03 | (16) 0 | (17) 0.02 | (18) 0.01 | (19) 0.02 | 
Average weighted inflation = 0.49103
Largest inflation = 0.995349
MAX_ITERATIONS_SINCE_LAST_IMPROVEMENT 2
MAX_ITERATIONS_SINCE_BEST_SOLUTION 3
Creating solution instance.
Starting Evolutive Framework.
Local search solution cost = 1203.89
Local search time = 2497.62
2497.62 local search - EF main loop cycle 0 solution cost 1203.89
2497.67s Cost of SP solution after second stage solver 1203.89
Local search solution cost = 1197
Local search time = 232.407
2730.08 local search - EF main loop cycle 1 solution cost 1197
2730.1s Cost of SP solution after second stage solver 1197
Local search solution cost = 1197
Local search time = 230.288
2960.39 local search - EF main loop cycle 2 solution cost 1197
2960.41s Cost of SP solution after second stage solver 1197
Local search solution cost = 1197
Local search time = 230.324
3190.74 local search - EF main loop cycle 3 solution cost 1197
3190.77s Cost of SP solution after second stage solver 1197
Number of cycles 4
Time for each cycle 797.692
3190.79s Cost of SP solution after tail step 1197
SELECTED RESOURCES:
0 2 5 14 20 27 35 36 54 65 77 81 82 119 135 144 152 189 209 222 230 245 275 299 324 350 369 434 464 495 527 560 587 629 657 658 740 819 860 894 902 938 989 1027 1080 1119 1120 1224 1274 1325 1377 1422 1430 1477 1594 1595 1644 1710 1769 1829 1890 1952 2008 2079 2144 2210 2277 2414 2484 2547 2700 2768 2774 2925 2994 3002 3151 3159 3231 3238 3312 3402 3478 3569 3654 3740 3827 3915 4004 4087 4185 4277 4370 4464 4559 4655 4752 4842 4850 
SCENARIO'S RESOURCES:
S 0: 0 | 0 2 5 14 20 27 35 36 54 65 77 81 82 119 135 144 152 189 209 222 230 245 275 299 324 350 369 434 464 495 527 560 587 629 657 658 740 819 860 894 902 938 989 1027 1080 1119 1120 1224 1274 1325 1377 1422 1430 1477 1594 1595 1644 1710 1769 1829 1890 1952 2008 2079 2144 2210 2277 2414 2484 2547 2700 2768 2774 2925 2994 3002 3151 3159 3231 3238 3312 3402 3478 3569 3654 3740 3827 3915 4004 4087 4185 4277 4370 4464 4559 4655 4752 4842 4850 
S 1: 0 | 0 2 5 14 20 27 35 36 54 65 77 81 82 119 135 144 152 189 209 222 230 245 275 299 324 350 369 434 464 495 527 560 587 629 657 658 740 819 860 894 902 938 989 1027 1080 1119 1120 1224 1274 1325 1377 1422 1430 1477 1594 1595 1644 1710 1769 1829 1890 1952 2008 2079 2144 2210 2277 2414 2484 2547 2700 2768 2774 2925 2994 3002 3151 3159 3231 3238 3312 3402 3478 3569 3654 3740 3827 3915 4004 4087 4185 4277 4370 4464 4559 4655 4752 4842 4850 
S 2: 0 | 0 2 5 14 20 27 35 36 54 65 77 81 82 119 135 144 152 189 209 222 230 245 275 299 324 350 369 434 464 495 527 560 587 629 657 658 740 819 860 894 902 938 989 1027 1080 1119 1120 1224 1274 1325 1377 1422 1430 1477 1594 1595 1644 1710 1769 1829 1890 1952 2008 2079 2144 2210 2277 2414 2484 2547 2700 2768 2774 2925 2994 3002 3151 3159 3231 3238 3312 3402 3478 3569 3654 3740 3827 3915 4004 4087 4185 4277 4370 4464 4559 4655 4752 4842 4850 
S 3: 0 | 0 2 5 14 20 27 35 36 54 65 77 81 82 119 135 144 152 189 209 222 230 245 275 299 324 350 369 434 464 495 527 560 587 629 657 658 740 819 860 894 902 938 989 1027 1080 1119 1120 1224 1274 1325 1377 1422 1430 1477 1594 1595 1644 1710 1769 1829 1890 1952 2008 2079 2144 2210 2277 2414 2484 2547 2700 2768 2774 2925 2994 3002 3151 3159 3231 3238 3312 3402 3478 3569 3654 3740 3827 3915 4004 4087 4185 4277 4370 4464 4559 4655 4752 4842 4850 
S 4: 0 | 0 2 5 14 20 27 35 36 54 65 77 81 82 119 135 144 152 189 209 222 230 245 275 299 324 350 369 434 464 495 527 560 587 629 657 658 740 819 860 894 902 938 989 1027 1080 1119 1120 1224 1274 1325 1377 1422 1430 1477 1594 1595 1644 1710 1769 1829 1890 1952 2008 2079 2144 2210 2277 2414 2484 2547 2700 2768 2774 2925 2994 3002 3151 3159 3231 3238 3312 3402 3478 3569 3654 3740 3827 3915 4004 4087 4185 4277 4370 4464 4559 4655 4752 4842 4850 
S 5: 0 | 0 2 5 14 20 27 35 36 54 65 77 81 82 119 135 144 152 189 209 222 230 245 275 299 324 350 369 434 464 495 527 560 587 629 657 658 740 819 860 894 902 938 989 1027 1080 1119 1120 1224 1274 1325 1377 1422 1430 1477 1594 1595 1644 1710 1769 1829 1890 1952 2008 2079 2144 2210 2277 2414 2484 2547 2700 2768 2774 2925 2994 3002 3151 3159 3231 3238 3312 3402 3478 3569 3654 3740 3827 3915 4004 4087 4185 4277 4370 4464 4559 4655 4752 4842 4850 
S 6: 0 | 0 2 5 14 20 27 35 36 54 65 77 81 82 119 135 144 152 189 209 222 230 245 275 299 324 350 369 434 464 495 527 560 587 629 657 658 740 819 860 894 902 938 989 1027 1080 1119 1120 1224 1274 1325 1377 1422 1430 1477 1594 1595 1644 1710 1769 1829 1890 1952 2008 2079 2144 2210 2277 2414 2484 2547 2700 2768 2774 2925 2994 3002 3151 3159 3231 3238 3312 3402 3478 3569 3654 3740 3827 3915 4004 4087 4185 4277 4370 4464 4559 4655 4752 4842 4850 
S 7: 0 | 0 2 5 14 20 27 35 36 54 65 77 81 82 119 135 144 152 189 209 222 230 245 275 299 324 350 369 434 464 495 527 560 587 629 657 658 740 819 860 894 902 938 989 1027 1080 1119 1120 1224 1274 1325 1377 1422 1430 1477 1594 1595 1644 1710 1769 1829 1890 1952 2008 2079 2144 2210 2277 2414 2484 2547 2700 2768 2774 2925 2994 3002 3151 3159 3231 3238 3312 3402 3478 3569 3654 3740 3827 3915 4004 4087 4185 4277 4370 4464 4559 4655 4752 4842 4850 
S 8: 0 | 0 2 5 14 20 27 35 36 54 65 77 81 82 119 135 144 152 189 209 222 230 245 275 299 324 350 369 434 464 495 527 560 587 629 657 658 740 819 860 894 902 938 989 1027 1080 1119 1120 1224 1274 1325 1377 1422 1430 1477 1594 1595 1644 1710 1769 1829 1890 1952 2008 2079 2144 2210 2277 2414 2484 2547 2700 2768 2774 2925 2994 3002 3151 3159 3231 3238 3312 3402 3478 3569 3654 3740 3827 3915 4004 4087 4185 4277 4370 4464 4559 4655 4752 4842 4850 
S 9: 0 | 0 2 5 14 20 27 35 36 54 65 77 81 82 119 135 144 152 189 209 222 230 245 275 299 324 350 369 434 464 495 527 560 587 629 657 658 740 819 860 894 902 938 989 1027 1080 1119 1120 1224 1274 1325 1377 1422 1430 1477 1594 1595 1644 1710 1769 1829 1890 1952 2008 2079 2144 2210 2277 2414 2484 2547 2700 2768 2774 2925 2994 3002 3151 3159 3231 3238 3312 3402 3478 3569 3654 3740 3827 3915 4004 4087 4185 4277 4370 4464 4559 4655 4752 4842 4850 
S 10: 0 | 0 2 5 14 20 27 35 36 54 65 77 81 82 119 135 144 152 189 209 222 230 245 275 299 324 350 369 434 464 495 527 560 587 629 657 658 740 819 860 894 902 938 989 1027 1080 1119 1120 1224 1274 1325 1377 1422 1430 1477 1594 1595 1644 1710 1769 1829 1890 1952 2008 2079 2144 2210 2277 2414 2484 2547 2700 2768 2774 2925 2994 3002 3151 3159 3231 3238 3312 3402 3478 3569 3654 3740 3827 3915 4004 4087 4185 4277 4370 4464 4559 4655 4752 4842 4850 
S 11: 0 | 0 2 5 14 20 27 35 36 54 65 77 81 82 119 135 144 152 189 209 222 230 245 275 299 324 350 369 434 464 495 527 560 587 629 657 658 740 819 860 894 902 938 989 1027 1080 1119 1120 1224 1274 1325 1377 1422 1430 1477 1594 1595 1644 1710 1769 1829 1890 1952 2008 2079 2144 2210 2277 2414 2484 2547 2700 2768 2774 2925 2994 3002 3151 3159 3231 3238 3312 3402 3478 3569 3654 3740 3827 3915 4004 4087 4185 4277 4370 4464 4559 4655 4752 4842 4850 
S 12: 0 | 0 2 5 14 20 27 35 36 54 65 77 81 82 119 135 144 152 189 209 222 230 245 275 299 324 350 369 434 464 495 527 560 587 629 657 658 740 819 860 894 902 938 989 1027 1080 1119 1120 1224 1274 1325 1377 1422 1430 1477 1594 1595 1644 1710 1769 1829 1890 1952 2008 2079 2144 2210 2277 2414 2484 2547 2700 2768 2774 2925 2994 3002 3151 3159 3231 3238 3312 3402 3478 3569 3654 3740 3827 3915 4004 4087 4185 4277 4370 4464 4559 4655 4752 4842 4850 
S 13: 0 | 0 2 5 14 20 27 35 36 54 65 77 81 82 119 135 144 152 189 209 222 230 245 275 299 324 350 369 434 464 495 527 560 587 629 657 658 740 819 860 894 902 938 989 1027 1080 1119 1120 1224 1274 1325 1377 1422 1430 1477 1594 1595 1644 1710 1769 1829 1890 1952 2008 2079 2144 2210 2277 2414 2484 2547 2700 2768 2774 2925 2994 3002 3151 3159 3231 3238 3312 3402 3478 3569 3654 3740 3827 3915 4004 4087 4185 4277 4370 4464 4559 4655 4752 4842 4850 
S 14: 0 | 0 2 5 14 20 27 35 36 54 65 77 81 82 119 135 144 152 189 209 222 230 245 275 299 324 350 369 434 464 495 527 560 587 629 657 658 740 819 860 894 902 938 989 1027 1080 1119 1120 1224 1274 1325 1377 1422 1430 1477 1594 1595 1644 1710 1769 1829 1890 1952 2008 2079 2144 2210 2277 2414 2484 2547 2700 2768 2774 2925 2994 3002 3151 3159 3231 3238 3312 3402 3478 3569 3654 3740 3827 3915 4004 4087 4185 4277 4370 4464 4559 4655 4752 4842 4850 
S 15: 0 | 0 2 5 14 20 27 35 36 54 65 77 81 82 119 135 144 152 189 209 222 230 245 275 299 324 350 369 434 464 495 527 560 587 629 657 658 740 819 860 894 902 938 989 1027 1080 1119 1120 1224 1274 1325 1377 1422 1430 1477 1594 1595 1644 1710 1769 1829 1890 1952 2008 2079 2144 2210 2277 2414 2484 2547 2700 2768 2774 2925 2994 3002 3151 3159 3231 3238 3312 3402 3478 3569 3654 3740 3827 3915 4004 4087 4185 4277 4370 4464 4559 4655 4752 4842 4850 
S 16: 0 | 0 2 5 14 20 27 35 36 54 65 77 81 82 119 135 144 152 189 209 222 230 245 275 299 324 350 369 434 464 495 527 560 587 629 657 658 740 819 860 894 902 938 989 1027 1080 1119 1120 1224 1274 1325 1377 1422 1430 1477 1594 1595 1644 1710 1769 1829 1890 1952 2008 2079 2144 2210 2277 2414 2484 2547 2700 2768 2774 2925 2994 3002 3151 3159 3231 3238 3312 3402 3478 3569 3654 3740 3827 3915 4004 4087 4185 4277 4370 4464 4559 4655 4752 4842 4850 
S 17: 0 | 0 2 5 14 20 27 35 36 54 65 77 81 82 119 135 144 152 189 209 222 230 245 275 299 324 350 369 434 464 495 527 560 587 629 657 658 740 819 860 894 902 938 989 1027 1080 1119 1120 1224 1274 1325 1377 1422 1430 1477 1594 1595 1644 1710 1769 1829 1890 1952 2008 2079 2144 2210 2277 2414 2484 2547 2700 2768 2774 2925 2994 3002 3151 3159 3231 3238 3312 3402 3478 3569 3654 3740 3827 3915 4004 4087 4185 4277 4370 4464 4559 4655 4752 4842 4850 
S 18: 0 | 0 2 5 14 20 27 35 36 54 65 77 81 82 119 135 144 152 189 209 222 230 245 275 299 324 350 369 434 464 495 527 560 587 629 657 658 740 819 860 894 902 938 989 1027 1080 1119 1120 1224 1274 1325 1377 1422 1430 1477 1594 1595 1644 1710 1769 1829 1890 1952 2008 2079 2144 2210 2277 2414 2484 2547 2700 2768 2774 2925 2994 3002 3151 3159 3231 3238 3312 3402 3478 3569 3654 3740 3827 3915 4004 4087 4185 4277 4370 4464 4559 4655 4752 4842 4850 
S 19: 0 | 0 2 5 14 20 27 35 36 54 65 77 81 82 119 135 144 152 189 209 222 230 245 275 299 324 350 369 434 464 495 527 560 587 629 657 658 740 819 860 894 902 938 989 1027 1080 1119 1120 1224 1274 1325 1377 1422 1430 1477 1594 1595 1644 1710 1769 1829 1890 1952 2008 2079 2144 2210 2277 2414 2484 2547 2700 2768 2774 2925 2994 3002 3151 3159 3231 3238 3312 3402 3478 3569 3654 3740 3827 3915 4004 4087 4185 4277 4370 4464 4559 4655 4752 4842 4850 
ALL EQUAL

Final time = 3190.84
Final solution cost = 1197
