Reading instance small_stp_instances/rd100_20_10.stp of type D
Finished instance reading
Number of vertices = 100
Number of edges (resources) = 4950
Number of scenarios = 20
Average number of terminals per scenario = 100
Probabilities of Scenarios: (0) 0.02 | (1) 0.08 | (2) 0.08 | (3) 0.07 | (4) 0.07 | (5) 0.01 | (6) 0.04 | (7) 0.04 | (8) 0.05 | (9) 0.01 | (10) 0.06 | (11) 0.05 | (12) 0.14 | (13) 0 | (14) 0.01 | (15) 0.03 | (16) 0.07 | (17) 0.06 | (18) 0.06 | (19) 0.05 | 
Average weighted inflation = 0.496856
Largest inflation = 0.999174
MAX_ITERATIONS_SINCE_LAST_IMPROVEMENT 2
MAX_ITERATIONS_SINCE_BEST_SOLUTION 3
Creating solution instance.
Starting Evolutive Framework.
Local search solution cost = 8155.29
Local search time = 2267.55
2267.56 local search - EF main loop cycle 0 solution cost 8155.29
2267.62s Cost of SP solution after second stage solver 8155.29
Local search solution cost = 8142
Local search time = 258.036
2525.66 local search - EF main loop cycle 1 solution cost 8142
2525.69s Cost of SP solution after second stage solver 8142
Local search solution cost = 8142
Local search time = 258.088
2783.78 local search - EF main loop cycle 2 solution cost 8142
2783.81s Cost of SP solution after second stage solver 8142
Local search solution cost = 8142
Local search time = 257.9
3041.71 local search - EF main loop cycle 3 solution cost 8142
3041.73s Cost of SP solution after second stage solver 8142
Number of cycles 4
Time for each cycle 760.432
3041.75s Cost of SP solution after tail step 8142
SELECTED RESOURCES:
5 38 63 89 136 214 232 299 308 450 468 505 522 534 583 589 605 648 657 764 801 813 826 885 902 931 961 1110 1140 1148 1319 1331 1396 1415 1469 1470 1501 1530 1586 1591 1710 1711 1774 1780 1847 1905 1988 2063 2157 2285 2337 2362 2422 2482 2522 2554 2601 2605 2647 2653 2721 2832 2840 2945 2957 3008 3110 3239 3314 3371 3388 3499 3567 3636 3669 3716 3771 3824 3829 3911 3966 3980 4068 4085 4121 4144 4213 4262 4330 4429 4447 4503 4622 4645 4721 4749 4799 4831 4894 4946 
SCENARIO'S RESOURCES:
S 0: 0 | 5 38 63 89 136 214 232 299 308 450 468 505 522 534 583 589 605 648 657 764 801 813 826 885 902 931 961 1110 1140 1148 1319 1331 1396 1415 1469 1470 1501 1530 1586 1591 1710 1711 1774 1780 1847 1905 1988 2063 2157 2285 2337 2362 2422 2482 2522 2554 2601 2605 2647 2653 2721 2832 2840 2945 2957 3008 3110 3239 3314 3371 3388 3499 3567 3636 3669 3716 3771 3824 3829 3911 3966 3980 4068 4085 4121 4144 4213 4262 4330 4429 4447 4503 4622 4645 4721 4749 4799 4831 4894 4946 
S 1: 0 | 5 38 63 89 136 214 232 299 308 450 468 505 522 534 583 589 605 648 657 764 801 813 826 885 902 931 961 1110 1140 1148 1319 1331 1396 1415 1469 1470 1501 1530 1586 1591 1710 1711 1774 1780 1847 1905 1988 2063 2157 2285 2337 2362 2422 2482 2522 2554 2601 2605 2647 2653 2721 2832 2840 2945 2957 3008 3110 3239 3314 3371 3388 3499 3567 3636 3669 3716 3771 3824 3829 3911 3966 3980 4068 4085 4121 4144 4213 4262 4330 4429 4447 4503 4622 4645 4721 4749 4799 4831 4894 4946 
S 2: 0 | 5 38 63 89 136 214 232 299 308 450 468 505 522 534 583 589 605 648 657 764 801 813 826 885 902 931 961 1110 1140 1148 1319 1331 1396 1415 1469 1470 1501 1530 1586 1591 1710 1711 1774 1780 1847 1905 1988 2063 2157 2285 2337 2362 2422 2482 2522 2554 2601 2605 2647 2653 2721 2832 2840 2945 2957 3008 3110 3239 3314 3371 3388 3499 3567 3636 3669 3716 3771 3824 3829 3911 3966 3980 4068 4085 4121 4144 4213 4262 4330 4429 4447 4503 4622 4645 4721 4749 4799 4831 4894 4946 
S 3: 0 | 5 38 63 89 136 214 232 299 308 450 468 505 522 534 583 589 605 648 657 764 801 813 826 885 902 931 961 1110 1140 1148 1319 1331 1396 1415 1469 1470 1501 1530 1586 1591 1710 1711 1774 1780 1847 1905 1988 2063 2157 2285 2337 2362 2422 2482 2522 2554 2601 2605 2647 2653 2721 2832 2840 2945 2957 3008 3110 3239 3314 3371 3388 3499 3567 3636 3669 3716 3771 3824 3829 3911 3966 3980 4068 4085 4121 4144 4213 4262 4330 4429 4447 4503 4622 4645 4721 4749 4799 4831 4894 4946 
S 4: 0 | 5 38 63 89 136 214 232 299 308 450 468 505 522 534 583 589 605 648 657 764 801 813 826 885 902 931 961 1110 1140 1148 1319 1331 1396 1415 1469 1470 1501 1530 1586 1591 1710 1711 1774 1780 1847 1905 1988 2063 2157 2285 2337 2362 2422 2482 2522 2554 2601 2605 2647 2653 2721 2832 2840 2945 2957 3008 3110 3239 3314 3371 3388 3499 3567 3636 3669 3716 3771 3824 3829 3911 3966 3980 4068 4085 4121 4144 4213 4262 4330 4429 4447 4503 4622 4645 4721 4749 4799 4831 4894 4946 
S 5: 0 | 5 38 63 89 136 214 232 299 308 450 468 505 522 534 583 589 605 648 657 764 801 813 826 885 902 931 961 1110 1140 1148 1319 1331 1396 1415 1469 1470 1501 1530 1586 1591 1710 1711 1774 1780 1847 1905 1988 2063 2157 2285 2337 2362 2422 2482 2522 2554 2601 2605 2647 2653 2721 2832 2840 2945 2957 3008 3110 3239 3314 3371 3388 3499 3567 3636 3669 3716 3771 3824 3829 3911 3966 3980 4068 4085 4121 4144 4213 4262 4330 4429 4447 4503 4622 4645 4721 4749 4799 4831 4894 4946 
S 6: 0 | 5 38 63 89 136 214 232 299 308 450 468 505 522 534 583 589 605 648 657 764 801 813 826 885 902 931 961 1110 1140 1148 1319 1331 1396 1415 1469 1470 1501 1530 1586 1591 1710 1711 1774 1780 1847 1905 1988 2063 2157 2285 2337 2362 2422 2482 2522 2554 2601 2605 2647 2653 2721 2832 2840 2945 2957 3008 3110 3239 3314 3371 3388 3499 3567 3636 3669 3716 3771 3824 3829 3911 3966 3980 4068 4085 4121 4144 4213 4262 4330 4429 4447 4503 4622 4645 4721 4749 4799 4831 4894 4946 
S 7: 0 | 5 38 63 89 136 214 232 299 308 450 468 505 522 534 583 589 605 648 657 764 801 813 826 885 902 931 961 1110 1140 1148 1319 1331 1396 1415 1469 1470 1501 1530 1586 1591 1710 1711 1774 1780 1847 1905 1988 2063 2157 2285 2337 2362 2422 2482 2522 2554 2601 2605 2647 2653 2721 2832 2840 2945 2957 3008 3110 3239 3314 3371 3388 3499 3567 3636 3669 3716 3771 3824 3829 3911 3966 3980 4068 4085 4121 4144 4213 4262 4330 4429 4447 4503 4622 4645 4721 4749 4799 4831 4894 4946 
S 8: 0 | 5 38 63 89 136 214 232 299 308 450 468 505 522 534 583 589 605 648 657 764 801 813 826 885 902 931 961 1110 1140 1148 1319 1331 1396 1415 1469 1470 1501 1530 1586 1591 1710 1711 1774 1780 1847 1905 1988 2063 2157 2285 2337 2362 2422 2482 2522 2554 2601 2605 2647 2653 2721 2832 2840 2945 2957 3008 3110 3239 3314 3371 3388 3499 3567 3636 3669 3716 3771 3824 3829 3911 3966 3980 4068 4085 4121 4144 4213 4262 4330 4429 4447 4503 4622 4645 4721 4749 4799 4831 4894 4946 
S 9: 0 | 5 38 63 89 136 214 232 299 308 450 468 505 522 534 583 589 605 648 657 764 801 813 826 885 902 931 961 1110 1140 1148 1319 1331 1396 1415 1469 1470 1501 1530 1586 1591 1710 1711 1774 1780 1847 1905 1988 2063 2157 2285 2337 2362 2422 2482 2522 2554 2601 2605 2647 2653 2721 2832 2840 2945 2957 3008 3110 3239 3314 3371 3388 3499 3567 3636 3669 3716 3771 3824 3829 3911 3966 3980 4068 4085 4121 4144 4213 4262 4330 4429 4447 4503 4622 4645 4721 4749 4799 4831 4894 4946 
S 10: 0 | 5 38 63 89 136 214 232 299 308 450 468 505 522 534 583 589 605 648 657 764 801 813 826 885 902 931 961 1110 1140 1148 1319 1331 1396 1415 1469 1470 1501 1530 1586 1591 1710 1711 1774 1780 1847 1905 1988 2063 2157 2285 2337 2362 2422 2482 2522 2554 2601 2605 2647 2653 2721 2832 2840 2945 2957 3008 3110 3239 3314 3371 3388 3499 3567 3636 3669 3716 3771 3824 3829 3911 3966 3980 4068 4085 4121 4144 4213 4262 4330 4429 4447 4503 4622 4645 4721 4749 4799 4831 4894 4946 
S 11: 0 | 5 38 63 89 136 214 232 299 308 450 468 505 522 534 583 589 605 648 657 764 801 813 826 885 902 931 961 1110 1140 1148 1319 1331 1396 1415 1469 1470 1501 1530 1586 1591 1710 1711 1774 1780 1847 1905 1988 2063 2157 2285 2337 2362 2422 2482 2522 2554 2601 2605 2647 2653 2721 2832 2840 2945 2957 3008 3110 3239 3314 3371 3388 3499 3567 3636 3669 3716 3771 3824 3829 3911 3966 3980 4068 4085 4121 4144 4213 4262 4330 4429 4447 4503 4622 4645 4721 4749 4799 4831 4894 4946 
S 12: 0 | 5 38 63 89 136 214 232 299 308 450 468 505 522 534 583 589 605 648 657 764 801 813 826 885 902 931 961 1110 1140 1148 1319 1331 1396 1415 1469 1470 1501 1530 1586 1591 1710 1711 1774 1780 1847 1905 1988 2063 2157 2285 2337 2362 2422 2482 2522 2554 2601 2605 2647 2653 2721 2832 2840 2945 2957 3008 3110 3239 3314 3371 3388 3499 3567 3636 3669 3716 3771 3824 3829 3911 3966 3980 4068 4085 4121 4144 4213 4262 4330 4429 4447 4503 4622 4645 4721 4749 4799 4831 4894 4946 
S 13: 0 | 5 38 63 89 136 214 232 299 308 450 468 505 522 534 583 589 605 648 657 764 801 813 826 885 902 931 961 1110 1140 1148 1319 1331 1396 1415 1469 1470 1501 1530 1586 1591 1710 1711 1774 1780 1847 1905 1988 2063 2157 2285 2337 2362 2422 2482 2522 2554 2601 2605 2647 2653 2721 2832 2840 2945 2957 3008 3110 3239 3314 3371 3388 3499 3567 3636 3669 3716 3771 3824 3829 3911 3966 3980 4068 4085 4121 4144 4213 4262 4330 4429 4447 4503 4622 4645 4721 4749 4799 4831 4894 4946 
S 14: 0 | 5 38 63 89 136 214 232 299 308 450 468 505 522 534 583 589 605 648 657 764 801 813 826 885 902 931 961 1110 1140 1148 1319 1331 1396 1415 1469 1470 1501 1530 1586 1591 1710 1711 1774 1780 1847 1905 1988 2063 2157 2285 2337 2362 2422 2482 2522 2554 2601 2605 2647 2653 2721 2832 2840 2945 2957 3008 3110 3239 3314 3371 3388 3499 3567 3636 3669 3716 3771 3824 3829 3911 3966 3980 4068 4085 4121 4144 4213 4262 4330 4429 4447 4503 4622 4645 4721 4749 4799 4831 4894 4946 
S 15: 0 | 5 38 63 89 136 214 232 299 308 450 468 505 522 534 583 589 605 648 657 764 801 813 826 885 902 931 961 1110 1140 1148 1319 1331 1396 1415 1469 1470 1501 1530 1586 1591 1710 1711 1774 1780 1847 1905 1988 2063 2157 2285 2337 2362 2422 2482 2522 2554 2601 2605 2647 2653 2721 2832 2840 2945 2957 3008 3110 3239 3314 3371 3388 3499 3567 3636 3669 3716 3771 3824 3829 3911 3966 3980 4068 4085 4121 4144 4213 4262 4330 4429 4447 4503 4622 4645 4721 4749 4799 4831 4894 4946 
S 16: 0 | 5 38 63 89 136 214 232 299 308 450 468 505 522 534 583 589 605 648 657 764 801 813 826 885 902 931 961 1110 1140 1148 1319 1331 1396 1415 1469 1470 1501 1530 1586 1591 1710 1711 1774 1780 1847 1905 1988 2063 2157 2285 2337 2362 2422 2482 2522 2554 2601 2605 2647 2653 2721 2832 2840 2945 2957 3008 3110 3239 3314 3371 3388 3499 3567 3636 3669 3716 3771 3824 3829 3911 3966 3980 4068 4085 4121 4144 4213 4262 4330 4429 4447 4503 4622 4645 4721 4749 4799 4831 4894 4946 
S 17: 0 | 5 38 63 89 136 214 232 299 308 450 468 505 522 534 583 589 605 648 657 764 801 813 826 885 902 931 961 1110 1140 1148 1319 1331 1396 1415 1469 1470 1501 1530 1586 1591 1710 1711 1774 1780 1847 1905 1988 2063 2157 2285 2337 2362 2422 2482 2522 2554 2601 2605 2647 2653 2721 2832 2840 2945 2957 3008 3110 3239 3314 3371 3388 3499 3567 3636 3669 3716 3771 3824 3829 3911 3966 3980 4068 4085 4121 4144 4213 4262 4330 4429 4447 4503 4622 4645 4721 4749 4799 4831 4894 4946 
S 18: 0 | 5 38 63 89 136 214 232 299 308 450 468 505 522 534 583 589 605 648 657 764 801 813 826 885 902 931 961 1110 1140 1148 1319 1331 1396 1415 1469 1470 1501 1530 1586 1591 1710 1711 1774 1780 1847 1905 1988 2063 2157 2285 2337 2362 2422 2482 2522 2554 2601 2605 2647 2653 2721 2832 2840 2945 2957 3008 3110 3239 3314 3371 3388 3499 3567 3636 3669 3716 3771 3824 3829 3911 3966 3980 4068 4085 4121 4144 4213 4262 4330 4429 4447 4503 4622 4645 4721 4749 4799 4831 4894 4946 
S 19: 0 | 5 38 63 89 136 214 232 299 308 450 468 505 522 534 583 589 605 648 657 764 801 813 826 885 902 931 961 1110 1140 1148 1319 1331 1396 1415 1469 1470 1501 1530 1586 1591 1710 1711 1774 1780 1847 1905 1988 2063 2157 2285 2337 2362 2422 2482 2522 2554 2601 2605 2647 2653 2721 2832 2840 2945 2957 3008 3110 3239 3314 3371 3388 3499 3567 3636 3669 3716 3771 3824 3829 3911 3966 3980 4068 4085 4121 4144 4213 4262 4330 4429 4447 4503 4622 4645 4721 4749 4799 4831 4894 4946 
ALL EQUAL

Final time = 3041.8
Final solution cost = 8142
