Reading instance small_stp_instances/rd100_5_10.stp of type D
Finished instance reading
Number of vertices = 100
Number of edges (resources) = 4950
Number of scenarios = 5
Average number of terminals per scenario = 100
Probabilities of Scenarios: (0) 0.19 | (1) 0.31 | (2) 0.05 | (3) 0.18 | (4) 0.27 | 
Average weighted inflation = 0.497575
Largest inflation = 0.998857
MAX_ITERATIONS_SINCE_LAST_IMPROVEMENT 2
MAX_ITERATIONS_SINCE_BEST_SOLUTION 3
Creating solution instance.
Starting Evolutive Framework.
Local search solution cost = 8341.4
Local search time = 539.578
539.579 local search - EF main loop cycle 0 solution cost 8341.4
539.592s Cost of SP solution after second stage solver 8341.4
Local search solution cost = 8268
Local search time = 65.3014
604.893 local search - EF main loop cycle 1 solution cost 8268
604.899s Cost of SP solution after second stage solver 8268
Local search solution cost = 8268
Local search time = 65.4211
670.32 local search - EF main loop cycle 2 solution cost 8268
670.328s Cost of SP solution after second stage solver 8268
Local search solution cost = 8268
Local search time = 65.3447
735.673 local search - EF main loop cycle 3 solution cost 8268
735.678s Cost of SP solution after second stage solver 8268
Number of cycles 4
Time for each cycle 183.92
735.684s Cost of SP solution after tail step 8268
SELECTED RESOURCES:
5 38 63 89 136 202 214 232 299 308 400 450 468 505 522 534 589 648 657 764 801 813 826 885 902 937 961 1110 1148 1192 1285 1319 1372 1396 1415 1469 1470 1530 1575 1586 1711 1774 1780 1847 1905 1988 2045 2066 2157 2285 2383 2422 2474 2501 2554 2601 2605 2647 2653 2749 2832 2833 2945 2957 3008 3128 3239 3314 3371 3388 3433 3499 3567 3636 3669 3716 3806 3824 3829 3885 3983 3984 4068 4085 4121 4150 4213 4262 4283 4429 4447 4503 4622 4645 4721 4749 4805 4831 4894 4946 
SCENARIO'S RESOURCES:
S 0: 0 | 5 38 63 89 136 202 214 232 299 308 400 450 468 505 522 534 589 648 657 764 801 813 826 885 902 937 961 1110 1148 1192 1285 1319 1372 1396 1415 1469 1470 1530 1575 1586 1711 1774 1780 1847 1905 1988 2045 2066 2157 2285 2383 2422 2474 2501 2554 2601 2605 2647 2653 2749 2832 2833 2945 2957 3008 3128 3239 3314 3371 3388 3433 3499 3567 3636 3669 3716 3806 3824 3829 3885 3983 3984 4068 4085 4121 4150 4213 4262 4283 4429 4447 4503 4622 4645 4721 4749 4805 4831 4894 4946 
S 1: 0 | 5 38 63 89 136 202 214 232 299 308 400 450 468 505 522 534 589 648 657 764 801 813 826 885 902 937 961 1110 1148 1192 1285 1319 1372 1396 1415 1469 1470 1530 1575 1586 1711 1774 1780 1847 1905 1988 2045 2066 2157 2285 2383 2422 2474 2501 2554 2601 2605 2647 2653 2749 2832 2833 2945 2957 3008 3128 3239 3314 3371 3388 3433 3499 3567 3636 3669 3716 3806 3824 3829 3885 3983 3984 4068 4085 4121 4150 4213 4262 4283 4429 4447 4503 4622 4645 4721 4749 4805 4831 4894 4946 
S 2: 0 | 5 38 63 89 136 202 214 232 299 308 400 450 468 505 522 534 589 648 657 764 801 813 826 885 902 937 961 1110 1148 1192 1285 1319 1372 1396 1415 1469 1470 1530 1575 1586 1711 1774 1780 1847 1905 1988 2045 2066 2157 2285 2383 2422 2474 2501 2554 2601 2605 2647 2653 2749 2832 2833 2945 2957 3008 3128 3239 3314 3371 3388 3433 3499 3567 3636 3669 3716 3806 3824 3829 3885 3983 3984 4068 4085 4121 4150 4213 4262 4283 4429 4447 4503 4622 4645 4721 4749 4805 4831 4894 4946 
S 3: 0 | 5 38 63 89 136 202 214 232 299 308 400 450 468 505 522 534 589 648 657 764 801 813 826 885 902 937 961 1110 1148 1192 1285 1319 1372 1396 1415 1469 1470 1530 1575 1586 1711 1774 1780 1847 1905 1988 2045 2066 2157 2285 2383 2422 2474 2501 2554 2601 2605 2647 2653 2749 2832 2833 2945 2957 3008 3128 3239 3314 3371 3388 3433 3499 3567 3636 3669 3716 3806 3824 3829 3885 3983 3984 4068 4085 4121 4150 4213 4262 4283 4429 4447 4503 4622 4645 4721 4749 4805 4831 4894 4946 
S 4: 0 | 5 38 63 89 136 202 214 232 299 308 400 450 468 505 522 534 589 648 657 764 801 813 826 885 902 937 961 1110 1148 1192 1285 1319 1372 1396 1415 1469 1470 1530 1575 1586 1711 1774 1780 1847 1905 1988 2045 2066 2157 2285 2383 2422 2474 2501 2554 2601 2605 2647 2653 2749 2832 2833 2945 2957 3008 3128 3239 3314 3371 3388 3433 3499 3567 3636 3669 3716 3806 3824 3829 3885 3983 3984 4068 4085 4121 4150 4213 4262 4283 4429 4447 4503 4622 4645 4721 4749 4805 4831 4894 4946 
ALL EQUAL

Final time = 735.701
Final solution cost = 8268
