Reading instance small_stp_instances/rd100_20_03.stp of type D
Finished instance reading
Number of vertices = 100
Number of edges (resources) = 4950
Number of scenarios = 20
Average number of terminals per scenario = 100
Probabilities of Scenarios: (0) 0.04 | (1) 0.05 | (2) 0.09 | (3) 0.1 | (4) 0.02 | (5) 0.16 | (6) 0.07 | (7) 0.08 | (8) 0.02 | (9) 0.02 | (10) 0.11 | (11) 0.05 | (12) 0.01 | (13) 0 | (14) 0.1 | (15) 0.02 | (16) 0.02 | (17) 0 | (18) 0.01 | (19) 0.03 | 
Average weighted inflation = 0.147999
Largest inflation = 0.299857
MAX_ITERATIONS_SINCE_LAST_IMPROVEMENT 2
MAX_ITERATIONS_SINCE_BEST_SOLUTION 3
Creating solution instance.
Starting Evolutive Framework.
Local search solution cost = 7867
Local search time = 1997.5
1997.5 local search - EF main loop cycle 0 solution cost 7867
1997.53s Cost of SP solution after second stage solver 7867
Local search solution cost = 7867
Local search time = 250.693
2248.22 local search - EF main loop cycle 1 solution cost 7867
2248.25s Cost of SP solution after second stage solver 7867
Local search solution cost = 7867
Local search time = 250.535
2498.79 local search - EF main loop cycle 2 solution cost 7867
2498.81s Cost of SP solution after second stage solver 7867
Number of cycles 3
Time for each cycle 832.937
2498.84s Cost of SP solution after tail step 7867
SELECTED RESOURCES:
58 89 136 214 232 299 308 334 450 468 473 498 505 534 583 589 648 657 801 813 826 843 885 900 931 961 1110 1140 1148 1221 1285 1319 1415 1469 1470 1503 1530 1575 1586 1711 1774 1780 1847 1905 1988 2063 2157 2285 2337 2383 2422 2482 2501 2554 2605 2609 2647 2653 2721 2832 2833 2928 2945 3008 3055 3110 3239 3314 3371 3388 3433 3499 3567 3632 3669 3716 3806 3824 3829 3885 3966 3980 4068 4085 4111 4121 4213 4262 4283 4429 4447 4503 4626 4645 4721 4749 4799 4805 4894 4946 
SCENARIO'S RESOURCES:
S 0: 0 | 58 89 136 214 232 299 308 334 450 468 473 498 505 534 583 589 648 657 801 813 826 843 885 900 931 961 1110 1140 1148 1221 1285 1319 1415 1469 1470 1503 1530 1575 1586 1711 1774 1780 1847 1905 1988 2063 2157 2285 2337 2383 2422 2482 2501 2554 2605 2609 2647 2653 2721 2832 2833 2928 2945 3008 3055 3110 3239 3314 3371 3388 3433 3499 3567 3632 3669 3716 3806 3824 3829 3885 3966 3980 4068 4085 4111 4121 4213 4262 4283 4429 4447 4503 4626 4645 4721 4749 4799 4805 4894 4946 
S 1: 0 | 58 89 136 214 232 299 308 334 450 468 473 498 505 534 583 589 648 657 801 813 826 843 885 900 931 961 1110 1140 1148 1221 1285 1319 1415 1469 1470 1503 1530 1575 1586 1711 1774 1780 1847 1905 1988 2063 2157 2285 2337 2383 2422 2482 2501 2554 2605 2609 2647 2653 2721 2832 2833 2928 2945 3008 3055 3110 3239 3314 3371 3388 3433 3499 3567 3632 3669 3716 3806 3824 3829 3885 3966 3980 4068 4085 4111 4121 4213 4262 4283 4429 4447 4503 4626 4645 4721 4749 4799 4805 4894 4946 
S 2: 0 | 58 89 136 214 232 299 308 334 450 468 473 498 505 534 583 589 648 657 801 813 826 843 885 900 931 961 1110 1140 1148 1221 1285 1319 1415 1469 1470 1503 1530 1575 1586 1711 1774 1780 1847 1905 1988 2063 2157 2285 2337 2383 2422 2482 2501 2554 2605 2609 2647 2653 2721 2832 2833 2928 2945 3008 3055 3110 3239 3314 3371 3388 3433 3499 3567 3632 3669 3716 3806 3824 3829 3885 3966 3980 4068 4085 4111 4121 4213 4262 4283 4429 4447 4503 4626 4645 4721 4749 4799 4805 4894 4946 
S 3: 0 | 58 89 136 214 232 299 308 334 450 468 473 498 505 534 583 589 648 657 801 813 826 843 885 900 931 961 1110 1140 1148 1221 1285 1319 1415 1469 1470 1503 1530 1575 1586 1711 1774 1780 1847 1905 1988 2063 2157 2285 2337 2383 2422 2482 2501 2554 2605 2609 2647 2653 2721 2832 2833 2928 2945 3008 3055 3110 3239 3314 3371 3388 3433 3499 3567 3632 3669 3716 3806 3824 3829 3885 3966 3980 4068 4085 4111 4121 4213 4262 4283 4429 4447 4503 4626 4645 4721 4749 4799 4805 4894 4946 
S 4: 0 | 58 89 136 214 232 299 308 334 450 468 473 498 505 534 583 589 648 657 801 813 826 843 885 900 931 961 1110 1140 1148 1221 1285 1319 1415 1469 1470 1503 1530 1575 1586 1711 1774 1780 1847 1905 1988 2063 2157 2285 2337 2383 2422 2482 2501 2554 2605 2609 2647 2653 2721 2832 2833 2928 2945 3008 3055 3110 3239 3314 3371 3388 3433 3499 3567 3632 3669 3716 3806 3824 3829 3885 3966 3980 4068 4085 4111 4121 4213 4262 4283 4429 4447 4503 4626 4645 4721 4749 4799 4805 4894 4946 
S 5: 0 | 58 89 136 214 232 299 308 334 450 468 473 498 505 534 583 589 648 657 801 813 826 843 885 900 931 961 1110 1140 1148 1221 1285 1319 1415 1469 1470 1503 1530 1575 1586 1711 1774 1780 1847 1905 1988 2063 2157 2285 2337 2383 2422 2482 2501 2554 2605 2609 2647 2653 2721 2832 2833 2928 2945 3008 3055 3110 3239 3314 3371 3388 3433 3499 3567 3632 3669 3716 3806 3824 3829 3885 3966 3980 4068 4085 4111 4121 4213 4262 4283 4429 4447 4503 4626 4645 4721 4749 4799 4805 4894 4946 
S 6: 0 | 58 89 136 214 232 299 308 334 450 468 473 498 505 534 583 589 648 657 801 813 826 843 885 900 931 961 1110 1140 1148 1221 1285 1319 1415 1469 1470 1503 1530 1575 1586 1711 1774 1780 1847 1905 1988 2063 2157 2285 2337 2383 2422 2482 2501 2554 2605 2609 2647 2653 2721 2832 2833 2928 2945 3008 3055 3110 3239 3314 3371 3388 3433 3499 3567 3632 3669 3716 3806 3824 3829 3885 3966 3980 4068 4085 4111 4121 4213 4262 4283 4429 4447 4503 4626 4645 4721 4749 4799 4805 4894 4946 
S 7: 0 | 58 89 136 214 232 299 308 334 450 468 473 498 505 534 583 589 648 657 801 813 826 843 885 900 931 961 1110 1140 1148 1221 1285 1319 1415 1469 1470 1503 1530 1575 1586 1711 1774 1780 1847 1905 1988 2063 2157 2285 2337 2383 2422 2482 2501 2554 2605 2609 2647 2653 2721 2832 2833 2928 2945 3008 3055 3110 3239 3314 3371 3388 3433 3499 3567 3632 3669 3716 3806 3824 3829 3885 3966 3980 4068 4085 4111 4121 4213 4262 4283 4429 4447 4503 4626 4645 4721 4749 4799 4805 4894 4946 
S 8: 0 | 58 89 136 214 232 299 308 334 450 468 473 498 505 534 583 589 648 657 801 813 826 843 885 900 931 961 1110 1140 1148 1221 1285 1319 1415 1469 1470 1503 1530 1575 1586 1711 1774 1780 1847 1905 1988 2063 2157 2285 2337 2383 2422 2482 2501 2554 2605 2609 2647 2653 2721 2832 2833 2928 2945 3008 3055 3110 3239 3314 3371 3388 3433 3499 3567 3632 3669 3716 3806 3824 3829 3885 3966 3980 4068 4085 4111 4121 4213 4262 4283 4429 4447 4503 4626 4645 4721 4749 4799 4805 4894 4946 
S 9: 0 | 58 89 136 214 232 299 308 334 450 468 473 498 505 534 583 589 648 657 801 813 826 843 885 900 931 961 1110 1140 1148 1221 1285 1319 1415 1469 1470 1503 1530 1575 1586 1711 1774 1780 1847 1905 1988 2063 2157 2285 2337 2383 2422 2482 2501 2554 2605 2609 2647 2653 2721 2832 2833 2928 2945 3008 3055 3110 3239 3314 3371 3388 3433 3499 3567 3632 3669 3716 3806 3824 3829 3885 3966 3980 4068 4085 4111 4121 4213 4262 4283 4429 4447 4503 4626 4645 4721 4749 4799 4805 4894 4946 
S 10: 0 | 58 89 136 214 232 299 308 334 450 468 473 498 505 534 583 589 648 657 801 813 826 843 885 900 931 961 1110 1140 1148 1221 1285 1319 1415 1469 1470 1503 1530 1575 1586 1711 1774 1780 1847 1905 1988 2063 2157 2285 2337 2383 2422 2482 2501 2554 2605 2609 2647 2653 2721 2832 2833 2928 2945 3008 3055 3110 3239 3314 3371 3388 3433 3499 3567 3632 3669 3716 3806 3824 3829 3885 3966 3980 4068 4085 4111 4121 4213 4262 4283 4429 4447 4503 4626 4645 4721 4749 4799 4805 4894 4946 
S 11: 0 | 58 89 136 214 232 299 308 334 450 468 473 498 505 534 583 589 648 657 801 813 826 843 885 900 931 961 1110 1140 1148 1221 1285 1319 1415 1469 1470 1503 1530 1575 1586 1711 1774 1780 1847 1905 1988 2063 2157 2285 2337 2383 2422 2482 2501 2554 2605 2609 2647 2653 2721 2832 2833 2928 2945 3008 3055 3110 3239 3314 3371 3388 3433 3499 3567 3632 3669 3716 3806 3824 3829 3885 3966 3980 4068 4085 4111 4121 4213 4262 4283 4429 4447 4503 4626 4645 4721 4749 4799 4805 4894 4946 
S 12: 0 | 58 89 136 214 232 299 308 334 450 468 473 498 505 534 583 589 648 657 801 813 826 843 885 900 931 961 1110 1140 1148 1221 1285 1319 1415 1469 1470 1503 1530 1575 1586 1711 1774 1780 1847 1905 1988 2063 2157 2285 2337 2383 2422 2482 2501 2554 2605 2609 2647 2653 2721 2832 2833 2928 2945 3008 3055 3110 3239 3314 3371 3388 3433 3499 3567 3632 3669 3716 3806 3824 3829 3885 3966 3980 4068 4085 4111 4121 4213 4262 4283 4429 4447 4503 4626 4645 4721 4749 4799 4805 4894 4946 
S 13: 0 | 58 89 136 214 232 299 308 334 450 468 473 498 505 534 583 589 648 657 801 813 826 843 885 900 931 961 1110 1140 1148 1221 1285 1319 1415 1469 1470 1503 1530 1575 1586 1711 1774 1780 1847 1905 1988 2063 2157 2285 2337 2383 2422 2482 2501 2554 2605 2609 2647 2653 2721 2832 2833 2928 2945 3008 3055 3110 3239 3314 3371 3388 3433 3499 3567 3632 3669 3716 3806 3824 3829 3885 3966 3980 4068 4085 4111 4121 4213 4262 4283 4429 4447 4503 4626 4645 4721 4749 4799 4805 4894 4946 
S 14: 0 | 58 89 136 214 232 299 308 334 450 468 473 498 505 534 583 589 648 657 801 813 826 843 885 900 931 961 1110 1140 1148 1221 1285 1319 1415 1469 1470 1503 1530 1575 1586 1711 1774 1780 1847 1905 1988 2063 2157 2285 2337 2383 2422 2482 2501 2554 2605 2609 2647 2653 2721 2832 2833 2928 2945 3008 3055 3110 3239 3314 3371 3388 3433 3499 3567 3632 3669 3716 3806 3824 3829 3885 3966 3980 4068 4085 4111 4121 4213 4262 4283 4429 4447 4503 4626 4645 4721 4749 4799 4805 4894 4946 
S 15: 0 | 58 89 136 214 232 299 308 334 450 468 473 498 505 534 583 589 648 657 801 813 826 843 885 900 931 961 1110 1140 1148 1221 1285 1319 1415 1469 1470 1503 1530 1575 1586 1711 1774 1780 1847 1905 1988 2063 2157 2285 2337 2383 2422 2482 2501 2554 2605 2609 2647 2653 2721 2832 2833 2928 2945 3008 3055 3110 3239 3314 3371 3388 3433 3499 3567 3632 3669 3716 3806 3824 3829 3885 3966 3980 4068 4085 4111 4121 4213 4262 4283 4429 4447 4503 4626 4645 4721 4749 4799 4805 4894 4946 
S 16: 0 | 58 89 136 214 232 299 308 334 450 468 473 498 505 534 583 589 648 657 801 813 826 843 885 900 931 961 1110 1140 1148 1221 1285 1319 1415 1469 1470 1503 1530 1575 1586 1711 1774 1780 1847 1905 1988 2063 2157 2285 2337 2383 2422 2482 2501 2554 2605 2609 2647 2653 2721 2832 2833 2928 2945 3008 3055 3110 3239 3314 3371 3388 3433 3499 3567 3632 3669 3716 3806 3824 3829 3885 3966 3980 4068 4085 4111 4121 4213 4262 4283 4429 4447 4503 4626 4645 4721 4749 4799 4805 4894 4946 
S 17: 0 | 58 89 136 214 232 299 308 334 450 468 473 498 505 534 583 589 648 657 801 813 826 843 885 900 931 961 1110 1140 1148 1221 1285 1319 1415 1469 1470 1503 1530 1575 1586 1711 1774 1780 1847 1905 1988 2063 2157 2285 2337 2383 2422 2482 2501 2554 2605 2609 2647 2653 2721 2832 2833 2928 2945 3008 3055 3110 3239 3314 3371 3388 3433 3499 3567 3632 3669 3716 3806 3824 3829 3885 3966 3980 4068 4085 4111 4121 4213 4262 4283 4429 4447 4503 4626 4645 4721 4749 4799 4805 4894 4946 
S 18: 0 | 58 89 136 214 232 299 308 334 450 468 473 498 505 534 583 589 648 657 801 813 826 843 885 900 931 961 1110 1140 1148 1221 1285 1319 1415 1469 1470 1503 1530 1575 1586 1711 1774 1780 1847 1905 1988 2063 2157 2285 2337 2383 2422 2482 2501 2554 2605 2609 2647 2653 2721 2832 2833 2928 2945 3008 3055 3110 3239 3314 3371 3388 3433 3499 3567 3632 3669 3716 3806 3824 3829 3885 3966 3980 4068 4085 4111 4121 4213 4262 4283 4429 4447 4503 4626 4645 4721 4749 4799 4805 4894 4946 
S 19: 0 | 58 89 136 214 232 299 308 334 450 468 473 498 505 534 583 589 648 657 801 813 826 843 885 900 931 961 1110 1140 1148 1221 1285 1319 1415 1469 1470 1503 1530 1575 1586 1711 1774 1780 1847 1905 1988 2063 2157 2285 2337 2383 2422 2482 2501 2554 2605 2609 2647 2653 2721 2832 2833 2928 2945 3008 3055 3110 3239 3314 3371 3388 3433 3499 3567 3632 3669 3716 3806 3824 3829 3885 3966 3980 4068 4085 4111 4121 4213 4262 4283 4429 4447 4503 4626 4645 4721 4749 4799 4805 4894 4946 
ALL EQUAL

Final time = 2498.88
Final solution cost = 7867
