Reading instance small_stp_instances/rd100_5_03.stp of type D
Finished instance reading
Number of vertices = 100
Number of edges (resources) = 4950
Number of scenarios = 5
Average number of terminals per scenario = 100
Probabilities of Scenarios: (0) 0.12 | (1) 0.33 | (2) 0.12 | (3) 0.2 | (4) 0.23 | 
Average weighted inflation = 0.147558
Largest inflation = 0.299879
MAX_ITERATIONS_SINCE_LAST_IMPROVEMENT 2
MAX_ITERATIONS_SINCE_BEST_SOLUTION 3
Creating solution instance.
Starting Evolutive Framework.
Local search solution cost = 7898.86
Local search time = 533.177
533.177 local search - EF main loop cycle 0 solution cost 7898.86
533.183s Cost of SP solution after second stage solver 7898.86
Local search solution cost = 7892
Local search time = 62.738
595.921 local search - EF main loop cycle 1 solution cost 7892
595.929s Cost of SP solution after second stage solver 7892
Local search solution cost = 7892
Local search time = 62.8129
658.741 local search - EF main loop cycle 2 solution cost 7892
658.747s Cost of SP solution after second stage solver 7892
Number of cycles 3
Time for each cycle 219.582
658.753s Cost of SP solution after tail step 7892
SELECTED RESOURCES:
58 89 136 214 232 299 308 334 450 468 473 498 505 534 583 589 648 657 801 813 826 843 885 900 931 961 1110 1140 1148 1221 1285 1319 1372 1396 1415 1469 1470 1530 1575 1586 1711 1718 1774 1780 1847 1905 1988 2063 2157 2285 2383 2482 2483 2501 2554 2572 2605 2647 2653 2721 2832 2833 2928 2945 3008 3110 3239 3314 3371 3388 3433 3499 3567 3632 3669 3716 3806 3824 3829 3885 3966 3980 4068 4085 4121 4150 4213 4262 4283 4429 4447 4503 4626 4645 4721 4749 4805 4831 4894 4946 
SCENARIO'S RESOURCES:
S 0: 0 | 58 89 136 214 232 299 308 334 450 468 473 498 505 534 583 589 648 657 801 813 826 843 885 900 931 961 1110 1140 1148 1221 1285 1319 1372 1396 1415 1469 1470 1530 1575 1586 1711 1718 1774 1780 1847 1905 1988 2063 2157 2285 2383 2482 2483 2501 2554 2572 2605 2647 2653 2721 2832 2833 2928 2945 3008 3110 3239 3314 3371 3388 3433 3499 3567 3632 3669 3716 3806 3824 3829 3885 3966 3980 4068 4085 4121 4150 4213 4262 4283 4429 4447 4503 4626 4645 4721 4749 4805 4831 4894 4946 
S 1: 0 | 58 89 136 214 232 299 308 334 450 468 473 498 505 534 583 589 648 657 801 813 826 843 885 900 931 961 1110 1140 1148 1221 1285 1319 1372 1396 1415 1469 1470 1530 1575 1586 1711 1718 1774 1780 1847 1905 1988 2063 2157 2285 2383 2482 2483 2501 2554 2572 2605 2647 2653 2721 2832 2833 2928 2945 3008 3110 3239 3314 3371 3388 3433 3499 3567 3632 3669 3716 3806 3824 3829 3885 3966 3980 4068 4085 4121 4150 4213 4262 4283 4429 4447 4503 4626 4645 4721 4749 4805 4831 4894 4946 
S 2: 0 | 58 89 136 214 232 299 308 334 450 468 473 498 505 534 583 589 648 657 801 813 826 843 885 900 931 961 1110 1140 1148 1221 1285 1319 1372 1396 1415 1469 1470 1530 1575 1586 1711 1718 1774 1780 1847 1905 1988 2063 2157 2285 2383 2482 2483 2501 2554 2572 2605 2647 2653 2721 2832 2833 2928 2945 3008 3110 3239 3314 3371 3388 3433 3499 3567 3632 3669 3716 3806 3824 3829 3885 3966 3980 4068 4085 4121 4150 4213 4262 4283 4429 4447 4503 4626 4645 4721 4749 4805 4831 4894 4946 
S 3: 0 | 58 89 136 214 232 299 308 334 450 468 473 498 505 534 583 589 648 657 801 813 826 843 885 900 931 961 1110 1140 1148 1221 1285 1319 1372 1396 1415 1469 1470 1530 1575 1586 1711 1718 1774 1780 1847 1905 1988 2063 2157 2285 2383 2482 2483 2501 2554 2572 2605 2647 2653 2721 2832 2833 2928 2945 3008 3110 3239 3314 3371 3388 3433 3499 3567 3632 3669 3716 3806 3824 3829 3885 3966 3980 4068 4085 4121 4150 4213 4262 4283 4429 4447 4503 4626 4645 4721 4749 4805 4831 4894 4946 
S 4: 0 | 58 89 136 214 232 299 308 334 450 468 473 498 505 534 583 589 648 657 801 813 826 843 885 900 931 961 1110 1140 1148 1221 1285 1319 1372 1396 1415 1469 1470 1530 1575 1586 1711 1718 1774 1780 1847 1905 1988 2063 2157 2285 2383 2482 2483 2501 2554 2572 2605 2647 2653 2721 2832 2833 2928 2945 3008 3110 3239 3314 3371 3388 3433 3499 3567 3632 3669 3716 3806 3824 3829 3885 3966 3980 4068 4085 4121 4150 4213 4262 4283 4429 4447 4503 4626 4645 4721 4749 4805 4831 4894 4946 
ALL EQUAL

Final time = 658.765
Final solution cost = 7892
