Reading instance small_stp_instances/rd100_10_10.stp of type D
Finished instance reading
Number of vertices = 100
Number of edges (resources) = 4950
Number of scenarios = 10
Average number of terminals per scenario = 100
Probabilities of Scenarios: (0) 0.18 | (1) 0.07 | (2) 0.04 | (3) 0.1 | (4) 0.06 | (5) 0.06 | (6) 0.15 | (7) 0.17 | (8) 0.16 | (9) 0.01 | 
Average weighted inflation = 0.49709
Largest inflation = 0.999044
MAX_ITERATIONS_SINCE_LAST_IMPROVEMENT 2
MAX_ITERATIONS_SINCE_BEST_SOLUTION 3
Creating solution instance.
Starting Evolutive Framework.
Local search solution cost = 8286.76
Local search time = 1319.68
1319.68 local search - EF main loop cycle 0 solution cost 8286.76
1319.7s Cost of SP solution after second stage solver 8286.76
Local search solution cost = 8149
Local search time = 130.006
1449.71 local search - EF main loop cycle 1 solution cost 8149
1449.73s Cost of SP solution after second stage solver 8149
Local search solution cost = 8149
Local search time = 129.948
1579.67 local search - EF main loop cycle 2 solution cost 8149
1579.68s Cost of SP solution after second stage solver 8149
Local search solution cost = 8149
Local search time = 129.947
1709.63 local search - EF main loop cycle 3 solution cost 8149
1709.65s Cost of SP solution after second stage solver 8149
Number of cycles 4
Time for each cycle 427.412
1709.66s Cost of SP solution after tail step 8149
SELECTED RESOURCES:
5 38 63 89 136 214 232 299 308 450 457 468 505 522 534 589 605 648 657 731 764 801 813 826 885 902 937 961 1110 1140 1148 1319 1396 1415 1470 1530 1534 1575 1586 1711 1774 1780 1847 1905 1999 2063 2066 2157 2285 2337 2383 2422 2482 2501 2554 2572 2605 2647 2653 2721 2832 2840 2877 2945 2957 3008 3110 3239 3314 3388 3460 3499 3567 3632 3669 3716 3824 3829 3915 3966 3998 4068 4085 4121 4140 4244 4262 4330 4376 4429 4503 4519 4626 4645 4721 4749 4805 4831 4894 4902 
SCENARIO'S RESOURCES:
S 0: 0 | 5 38 63 89 136 214 232 299 308 450 457 468 505 522 534 589 605 648 657 731 764 801 813 826 885 902 937 961 1110 1140 1148 1319 1396 1415 1470 1530 1534 1575 1586 1711 1774 1780 1847 1905 1999 2063 2066 2157 2285 2337 2383 2422 2482 2501 2554 2572 2605 2647 2653 2721 2832 2840 2877 2945 2957 3008 3110 3239 3314 3388 3460 3499 3567 3632 3669 3716 3824 3829 3915 3966 3998 4068 4085 4121 4140 4244 4262 4330 4376 4429 4503 4519 4626 4645 4721 4749 4805 4831 4894 4902 
S 1: 0 | 5 38 63 89 136 214 232 299 308 450 457 468 505 522 534 589 605 648 657 731 764 801 813 826 885 902 937 961 1110 1140 1148 1319 1396 1415 1470 1530 1534 1575 1586 1711 1774 1780 1847 1905 1999 2063 2066 2157 2285 2337 2383 2422 2482 2501 2554 2572 2605 2647 2653 2721 2832 2840 2877 2945 2957 3008 3110 3239 3314 3388 3460 3499 3567 3632 3669 3716 3824 3829 3915 3966 3998 4068 4085 4121 4140 4244 4262 4330 4376 4429 4503 4519 4626 4645 4721 4749 4805 4831 4894 4902 
S 2: 0 | 5 38 63 89 136 214 232 299 308 450 457 468 505 522 534 589 605 648 657 731 764 801 813 826 885 902 937 961 1110 1140 1148 1319 1396 1415 1470 1530 1534 1575 1586 1711 1774 1780 1847 1905 1999 2063 2066 2157 2285 2337 2383 2422 2482 2501 2554 2572 2605 2647 2653 2721 2832 2840 2877 2945 2957 3008 3110 3239 3314 3388 3460 3499 3567 3632 3669 3716 3824 3829 3915 3966 3998 4068 4085 4121 4140 4244 4262 4330 4376 4429 4503 4519 4626 4645 4721 4749 4805 4831 4894 4902 
S 3: 0 | 5 38 63 89 136 214 232 299 308 450 457 468 505 522 534 589 605 648 657 731 764 801 813 826 885 902 937 961 1110 1140 1148 1319 1396 1415 1470 1530 1534 1575 1586 1711 1774 1780 1847 1905 1999 2063 2066 2157 2285 2337 2383 2422 2482 2501 2554 2572 2605 2647 2653 2721 2832 2840 2877 2945 2957 3008 3110 3239 3314 3388 3460 3499 3567 3632 3669 3716 3824 3829 3915 3966 3998 4068 4085 4121 4140 4244 4262 4330 4376 4429 4503 4519 4626 4645 4721 4749 4805 4831 4894 4902 
S 4: 0 | 5 38 63 89 136 214 232 299 308 450 457 468 505 522 534 589 605 648 657 731 764 801 813 826 885 902 937 961 1110 1140 1148 1319 1396 1415 1470 1530 1534 1575 1586 1711 1774 1780 1847 1905 1999 2063 2066 2157 2285 2337 2383 2422 2482 2501 2554 2572 2605 2647 2653 2721 2832 2840 2877 2945 2957 3008 3110 3239 3314 3388 3460 3499 3567 3632 3669 3716 3824 3829 3915 3966 3998 4068 4085 4121 4140 4244 4262 4330 4376 4429 4503 4519 4626 4645 4721 4749 4805 4831 4894 4902 
S 5: 0 | 5 38 63 89 136 214 232 299 308 450 457 468 505 522 534 589 605 648 657 731 764 801 813 826 885 902 937 961 1110 1140 1148 1319 1396 1415 1470 1530 1534 1575 1586 1711 1774 1780 1847 1905 1999 2063 2066 2157 2285 2337 2383 2422 2482 2501 2554 2572 2605 2647 2653 2721 2832 2840 2877 2945 2957 3008 3110 3239 3314 3388 3460 3499 3567 3632 3669 3716 3824 3829 3915 3966 3998 4068 4085 4121 4140 4244 4262 4330 4376 4429 4503 4519 4626 4645 4721 4749 4805 4831 4894 4902 
S 6: 0 | 5 38 63 89 136 214 232 299 308 450 457 468 505 522 534 589 605 648 657 731 764 801 813 826 885 902 937 961 1110 1140 1148 1319 1396 1415 1470 1530 1534 1575 1586 1711 1774 1780 1847 1905 1999 2063 2066 2157 2285 2337 2383 2422 2482 2501 2554 2572 2605 2647 2653 2721 2832 2840 2877 2945 2957 3008 3110 3239 3314 3388 3460 3499 3567 3632 3669 3716 3824 3829 3915 3966 3998 4068 4085 4121 4140 4244 4262 4330 4376 4429 4503 4519 4626 4645 4721 4749 4805 4831 4894 4902 
S 7: 0 | 5 38 63 89 136 214 232 299 308 450 457 468 505 522 534 589 605 648 657 731 764 801 813 826 885 902 937 961 1110 1140 1148 1319 1396 1415 1470 1530 1534 1575 1586 1711 1774 1780 1847 1905 1999 2063 2066 2157 2285 2337 2383 2422 2482 2501 2554 2572 2605 2647 2653 2721 2832 2840 2877 2945 2957 3008 3110 3239 3314 3388 3460 3499 3567 3632 3669 3716 3824 3829 3915 3966 3998 4068 4085 4121 4140 4244 4262 4330 4376 4429 4503 4519 4626 4645 4721 4749 4805 4831 4894 4902 
S 8: 0 | 5 38 63 89 136 214 232 299 308 450 457 468 505 522 534 589 605 648 657 731 764 801 813 826 885 902 937 961 1110 1140 1148 1319 1396 1415 1470 1530 1534 1575 1586 1711 1774 1780 1847 1905 1999 2063 2066 2157 2285 2337 2383 2422 2482 2501 2554 2572 2605 2647 2653 2721 2832 2840 2877 2945 2957 3008 3110 3239 3314 3388 3460 3499 3567 3632 3669 3716 3824 3829 3915 3966 3998 4068 4085 4121 4140 4244 4262 4330 4376 4429 4503 4519 4626 4645 4721 4749 4805 4831 4894 4902 
S 9: 0 | 5 38 63 89 136 214 232 299 308 450 457 468 505 522 534 589 605 648 657 731 764 801 813 826 885 902 937 961 1110 1140 1148 1319 1396 1415 1470 1530 1534 1575 1586 1711 1774 1780 1847 1905 1999 2063 2066 2157 2285 2337 2383 2422 2482 2501 2554 2572 2605 2647 2653 2721 2832 2840 2877 2945 2957 3008 3110 3239 3314 3388 3460 3499 3567 3632 3669 3716 3824 3829 3915 3966 3998 4068 4085 4121 4140 4244 4262 4330 4376 4429 4503 4519 4626 4645 4721 4749 4805 4831 4894 4902 
ALL EQUAL

Final time = 1709.69
Final solution cost = 8149
