Reading instance small_stp_instances/rd100_5_05.stp of type D
Finished instance reading
Number of vertices = 100
Number of edges (resources) = 4950
Number of scenarios = 5
Average number of terminals per scenario = 100
Probabilities of Scenarios: (0) 0.33 | (1) 0.13 | (2) 0.05 | (3) 0.27 | (4) 0.22 | 
Average weighted inflation = 0.247714
Largest inflation = 0.499414
MAX_ITERATIONS_SINCE_LAST_IMPROVEMENT 2
MAX_ITERATIONS_SINCE_BEST_SOLUTION 3
Creating solution instance.
Starting Evolutive Framework.
Local search solution cost = 8006.7
Local search time = 518.882
518.883 local search - EF main loop cycle 0 solution cost 8006.7
518.897s Cost of SP solution after second stage solver 8006.7
Local search solution cost = 7993
Local search time = 62.9572
581.854 local search - EF main loop cycle 1 solution cost 7993
581.859s Cost of SP solution after second stage solver 7993
Local search solution cost = 7993
Local search time = 62.4758
644.335 local search - EF main loop cycle 2 solution cost 7993
644.341s Cost of SP solution after second stage solver 7993
Local search solution cost = 7993
Local search time = 62.5597
706.901 local search - EF main loop cycle 3 solution cost 7993
706.906s Cost of SP solution after second stage solver 7993
Number of cycles 4
Time for each cycle 176.727
706.912s Cost of SP solution after tail step 7993
SELECTED RESOURCES:
5 63 89 136 214 232 299 308 334 400 450 468 498 505 534 589 648 657 801 813 826 843 885 900 937 961 1110 1140 1148 1221 1285 1319 1396 1415 1469 1470 1530 1575 1586 1711 1774 1780 1847 1905 1988 2063 2110 2157 2285 2337 2383 2422 2482 2501 2554 2572 2605 2647 2653 2721 2832 2833 2945 2957 3008 3055 3110 3239 3314 3371 3388 3499 3567 3636 3669 3716 3798 3824 3829 3911 3966 3980 4068 4085 4121 4150 4213 4262 4283 4429 4447 4503 4622 4645 4721 4749 4799 4805 4894 4946 
SCENARIO'S RESOURCES:
S 0: 0 | 5 63 89 136 214 232 299 308 334 400 450 468 498 505 534 589 648 657 801 813 826 843 885 900 937 961 1110 1140 1148 1221 1285 1319 1396 1415 1469 1470 1530 1575 1586 1711 1774 1780 1847 1905 1988 2063 2110 2157 2285 2337 2383 2422 2482 2501 2554 2572 2605 2647 2653 2721 2832 2833 2945 2957 3008 3055 3110 3239 3314 3371 3388 3499 3567 3636 3669 3716 3798 3824 3829 3911 3966 3980 4068 4085 4121 4150 4213 4262 4283 4429 4447 4503 4622 4645 4721 4749 4799 4805 4894 4946 
S 1: 0 | 5 63 89 136 214 232 299 308 334 400 450 468 498 505 534 589 648 657 801 813 826 843 885 900 937 961 1110 1140 1148 1221 1285 1319 1396 1415 1469 1470 1530 1575 1586 1711 1774 1780 1847 1905 1988 2063 2110 2157 2285 2337 2383 2422 2482 2501 2554 2572 2605 2647 2653 2721 2832 2833 2945 2957 3008 3055 3110 3239 3314 3371 3388 3499 3567 3636 3669 3716 3798 3824 3829 3911 3966 3980 4068 4085 4121 4150 4213 4262 4283 4429 4447 4503 4622 4645 4721 4749 4799 4805 4894 4946 
S 2: 0 | 5 63 89 136 214 232 299 308 334 400 450 468 498 505 534 589 648 657 801 813 826 843 885 900 937 961 1110 1140 1148 1221 1285 1319 1396 1415 1469 1470 1530 1575 1586 1711 1774 1780 1847 1905 1988 2063 2110 2157 2285 2337 2383 2422 2482 2501 2554 2572 2605 2647 2653 2721 2832 2833 2945 2957 3008 3055 3110 3239 3314 3371 3388 3499 3567 3636 3669 3716 3798 3824 3829 3911 3966 3980 4068 4085 4121 4150 4213 4262 4283 4429 4447 4503 4622 4645 4721 4749 4799 4805 4894 4946 
S 3: 0 | 5 63 89 136 214 232 299 308 334 400 450 468 498 505 534 589 648 657 801 813 826 843 885 900 937 961 1110 1140 1148 1221 1285 1319 1396 1415 1469 1470 1530 1575 1586 1711 1774 1780 1847 1905 1988 2063 2110 2157 2285 2337 2383 2422 2482 2501 2554 2572 2605 2647 2653 2721 2832 2833 2945 2957 3008 3055 3110 3239 3314 3371 3388 3499 3567 3636 3669 3716 3798 3824 3829 3911 3966 3980 4068 4085 4121 4150 4213 4262 4283 4429 4447 4503 4622 4645 4721 4749 4799 4805 4894 4946 
S 4: 0 | 5 63 89 136 214 232 299 308 334 400 450 468 498 505 534 589 648 657 801 813 826 843 885 900 937 961 1110 1140 1148 1221 1285 1319 1396 1415 1469 1470 1530 1575 1586 1711 1774 1780 1847 1905 1988 2063 2110 2157 2285 2337 2383 2422 2482 2501 2554 2572 2605 2647 2653 2721 2832 2833 2945 2957 3008 3055 3110 3239 3314 3371 3388 3499 3567 3636 3669 3716 3798 3824 3829 3911 3966 3980 4068 4085 4121 4150 4213 4262 4283 4429 4447 4503 4622 4645 4721 4749 4799 4805 4894 4946 
ALL EQUAL

Final time = 706.924
Final solution cost = 7993
