Reading instance small_stp_instances/rd100_10_05.stp of type D
Finished instance reading
Number of vertices = 100
Number of edges (resources) = 4950
Number of scenarios = 10
Average number of terminals per scenario = 100
Probabilities of Scenarios: (0) 0.14 | (1) 0.14 | (2) 0.13 | (3) 0.11 | (4) 0.05 | (5) 0.1 | (6) 0.02 | (7) 0.05 | (8) 0.17 | (9) 0.09 | 
Average weighted inflation = 0.24898
Largest inflation = 0.499537
MAX_ITERATIONS_SINCE_LAST_IMPROVEMENT 2
MAX_ITERATIONS_SINCE_BEST_SOLUTION 3
Creating solution instance.
Starting Evolutive Framework.
Local search solution cost = 7934.79
Local search time = 1160.57
1160.57 local search - EF main loop cycle 0 solution cost 7934.79
1160.6s Cost of SP solution after second stage solver 7934.79
Local search solution cost = 7873
Local search time = 129.936
1290.54 local search - EF main loop cycle 1 solution cost 7873
1290.55s Cost of SP solution after second stage solver 7873
Local search solution cost = 7873
Local search time = 129.593
1420.14 local search - EF main loop cycle 2 solution cost 7873
1420.16s Cost of SP solution after second stage solver 7873
Local search solution cost = 7873
Local search time = 129.826
1549.98 local search - EF main loop cycle 3 solution cost 7873
1550s Cost of SP solution after second stage solver 7873
Number of cycles 4
Time for each cycle 387.5
1550.01s Cost of SP solution after tail step 7873
SELECTED RESOURCES:
58 89 136 214 232 299 308 334 450 468 473 498 505 534 583 589 648 657 801 813 826 843 885 900 931 961 1110 1140 1148 1221 1285 1319 1396 1415 1469 1470 1530 1575 1586 1711 1774 1780 1847 1905 1988 2063 2157 2285 2337 2383 2422 2482 2501 2554 2572 2605 2647 2653 2721 2832 2833 2928 2945 3008 3055 3110 3239 3314 3371 3388 3433 3499 3567 3632 3669 3716 3806 3824 3829 3885 3966 3980 4068 4085 4121 4150 4213 4262 4283 4429 4447 4503 4626 4645 4721 4749 4799 4805 4894 4946 
SCENARIO'S RESOURCES:
S 0: 0 | 58 89 136 214 232 299 308 334 450 468 473 498 505 534 583 589 648 657 801 813 826 843 885 900 931 961 1110 1140 1148 1221 1285 1319 1396 1415 1469 1470 1530 1575 1586 1711 1774 1780 1847 1905 1988 2063 2157 2285 2337 2383 2422 2482 2501 2554 2572 2605 2647 2653 2721 2832 2833 2928 2945 3008 3055 3110 3239 3314 3371 3388 3433 3499 3567 3632 3669 3716 3806 3824 3829 3885 3966 3980 4068 4085 4121 4150 4213 4262 4283 4429 4447 4503 4626 4645 4721 4749 4799 4805 4894 4946 
S 1: 0 | 58 89 136 214 232 299 308 334 450 468 473 498 505 534 583 589 648 657 801 813 826 843 885 900 931 961 1110 1140 1148 1221 1285 1319 1396 1415 1469 1470 1530 1575 1586 1711 1774 1780 1847 1905 1988 2063 2157 2285 2337 2383 2422 2482 2501 2554 2572 2605 2647 2653 2721 2832 2833 2928 2945 3008 3055 3110 3239 3314 3371 3388 3433 3499 3567 3632 3669 3716 3806 3824 3829 3885 3966 3980 4068 4085 4121 4150 4213 4262 4283 4429 4447 4503 4626 4645 4721 4749 4799 4805 4894 4946 
S 2: 0 | 58 89 136 214 232 299 308 334 450 468 473 498 505 534 583 589 648 657 801 813 826 843 885 900 931 961 1110 1140 1148 1221 1285 1319 1396 1415 1469 1470 1530 1575 1586 1711 1774 1780 1847 1905 1988 2063 2157 2285 2337 2383 2422 2482 2501 2554 2572 2605 2647 2653 2721 2832 2833 2928 2945 3008 3055 3110 3239 3314 3371 3388 3433 3499 3567 3632 3669 3716 3806 3824 3829 3885 3966 3980 4068 4085 4121 4150 4213 4262 4283 4429 4447 4503 4626 4645 4721 4749 4799 4805 4894 4946 
S 3: 0 | 58 89 136 214 232 299 308 334 450 468 473 498 505 534 583 589 648 657 801 813 826 843 885 900 931 961 1110 1140 1148 1221 1285 1319 1396 1415 1469 1470 1530 1575 1586 1711 1774 1780 1847 1905 1988 2063 2157 2285 2337 2383 2422 2482 2501 2554 2572 2605 2647 2653 2721 2832 2833 2928 2945 3008 3055 3110 3239 3314 3371 3388 3433 3499 3567 3632 3669 3716 3806 3824 3829 3885 3966 3980 4068 4085 4121 4150 4213 4262 4283 4429 4447 4503 4626 4645 4721 4749 4799 4805 4894 4946 
S 4: 0 | 58 89 136 214 232 299 308 334 450 468 473 498 505 534 583 589 648 657 801 813 826 843 885 900 931 961 1110 1140 1148 1221 1285 1319 1396 1415 1469 1470 1530 1575 1586 1711 1774 1780 1847 1905 1988 2063 2157 2285 2337 2383 2422 2482 2501 2554 2572 2605 2647 2653 2721 2832 2833 2928 2945 3008 3055 3110 3239 3314 3371 3388 3433 3499 3567 3632 3669 3716 3806 3824 3829 3885 3966 3980 4068 4085 4121 4150 4213 4262 4283 4429 4447 4503 4626 4645 4721 4749 4799 4805 4894 4946 
S 5: 0 | 58 89 136 214 232 299 308 334 450 468 473 498 505 534 583 589 648 657 801 813 826 843 885 900 931 961 1110 1140 1148 1221 1285 1319 1396 1415 1469 1470 1530 1575 1586 1711 1774 1780 1847 1905 1988 2063 2157 2285 2337 2383 2422 2482 2501 2554 2572 2605 2647 2653 2721 2832 2833 2928 2945 3008 3055 3110 3239 3314 3371 3388 3433 3499 3567 3632 3669 3716 3806 3824 3829 3885 3966 3980 4068 4085 4121 4150 4213 4262 4283 4429 4447 4503 4626 4645 4721 4749 4799 4805 4894 4946 
S 6: 0 | 58 89 136 214 232 299 308 334 450 468 473 498 505 534 583 589 648 657 801 813 826 843 885 900 931 961 1110 1140 1148 1221 1285 1319 1396 1415 1469 1470 1530 1575 1586 1711 1774 1780 1847 1905 1988 2063 2157 2285 2337 2383 2422 2482 2501 2554 2572 2605 2647 2653 2721 2832 2833 2928 2945 3008 3055 3110 3239 3314 3371 3388 3433 3499 3567 3632 3669 3716 3806 3824 3829 3885 3966 3980 4068 4085 4121 4150 4213 4262 4283 4429 4447 4503 4626 4645 4721 4749 4799 4805 4894 4946 
S 7: 0 | 58 89 136 214 232 299 308 334 450 468 473 498 505 534 583 589 648 657 801 813 826 843 885 900 931 961 1110 1140 1148 1221 1285 1319 1396 1415 1469 1470 1530 1575 1586 1711 1774 1780 1847 1905 1988 2063 2157 2285 2337 2383 2422 2482 2501 2554 2572 2605 2647 2653 2721 2832 2833 2928 2945 3008 3055 3110 3239 3314 3371 3388 3433 3499 3567 3632 3669 3716 3806 3824 3829 3885 3966 3980 4068 4085 4121 4150 4213 4262 4283 4429 4447 4503 4626 4645 4721 4749 4799 4805 4894 4946 
S 8: 0 | 58 89 136 214 232 299 308 334 450 468 473 498 505 534 583 589 648 657 801 813 826 843 885 900 931 961 1110 1140 1148 1221 1285 1319 1396 1415 1469 1470 1530 1575 1586 1711 1774 1780 1847 1905 1988 2063 2157 2285 2337 2383 2422 2482 2501 2554 2572 2605 2647 2653 2721 2832 2833 2928 2945 3008 3055 3110 3239 3314 3371 3388 3433 3499 3567 3632 3669 3716 3806 3824 3829 3885 3966 3980 4068 4085 4121 4150 4213 4262 4283 4429 4447 4503 4626 4645 4721 4749 4799 4805 4894 4946 
S 9: 0 | 58 89 136 214 232 299 308 334 450 468 473 498 505 534 583 589 648 657 801 813 826 843 885 900 931 961 1110 1140 1148 1221 1285 1319 1396 1415 1469 1470 1530 1575 1586 1711 1774 1780 1847 1905 1988 2063 2157 2285 2337 2383 2422 2482 2501 2554 2572 2605 2647 2653 2721 2832 2833 2928 2945 3008 3055 3110 3239 3314 3371 3388 3433 3499 3567 3632 3669 3716 3806 3824 3829 3885 3966 3980 4068 4085 4121 4150 4213 4262 4283 4429 4447 4503 4626 4645 4721 4749 4799 4805 4894 4946 
ALL EQUAL

Final time = 1550.03
Final solution cost = 7873
