Reading instance small_stp_instances/rd100_20_05.stp of type D
Finished instance reading
Number of vertices = 100
Number of edges (resources) = 4950
Number of scenarios = 20
Average number of terminals per scenario = 100
Probabilities of Scenarios: (0) 0.04 | (1) 0.09 | (2) 0.02 | (3) 0.07 | (4) 0.02 | (5) 0.07 | (6) 0.06 | (7) 0.15 | (8) 0 | (9) 0.02 | (10) 0.07 | (11) 0.03 | (12) 0.01 | (13) 0.02 | (14) 0.06 | (15) 0.06 | (16) 0.05 | (17) 0.1 | (18) 0.03 | (19) 0.03 | 
Average weighted inflation = 0.249005
Largest inflation = 0.499542
MAX_ITERATIONS_SINCE_LAST_IMPROVEMENT 2
MAX_ITERATIONS_SINCE_BEST_SOLUTION 3
Creating solution instance.
Starting Evolutive Framework.
Local search solution cost = 7910
Local search time = 2165.43
2165.43 local search - EF main loop cycle 0 solution cost 7910
2165.45s Cost of SP solution after second stage solver 7910
Local search solution cost = 7910
Local search time = 253.355
2418.8 local search - EF main loop cycle 1 solution cost 7910
2418.83s Cost of SP solution after second stage solver 7910
Local search solution cost = 7910
Local search time = 252.355
2671.18 local search - EF main loop cycle 2 solution cost 7910
2671.2s Cost of SP solution after second stage solver 7910
Number of cycles 3
Time for each cycle 890.401
2671.23s Cost of SP solution after tail step 7910
SELECTED RESOURCES:
58 89 136 214 232 299 308 334 450 468 473 498 505 534 583 589 648 657 764 801 813 826 885 902 931 961 1110 1140 1148 1221 1285 1319 1372 1396 1415 1469 1470 1530 1575 1586 1711 1774 1780 1847 1905 1988 2063 2157 2285 2337 2383 2422 2482 2501 2554 2572 2605 2647 2653 2721 2832 2833 2928 2945 3008 3110 3239 3314 3371 3388 3433 3499 3567 3632 3669 3716 3806 3824 3829 3885 3966 3980 4068 4085 4121 4150 4213 4262 4283 4429 4447 4503 4626 4645 4721 4749 4805 4831 4894 4946 
SCENARIO'S RESOURCES:
S 0: 0 | 58 89 136 214 232 299 308 334 450 468 473 498 505 534 583 589 648 657 764 801 813 826 885 902 931 961 1110 1140 1148 1221 1285 1319 1372 1396 1415 1469 1470 1530 1575 1586 1711 1774 1780 1847 1905 1988 2063 2157 2285 2337 2383 2422 2482 2501 2554 2572 2605 2647 2653 2721 2832 2833 2928 2945 3008 3110 3239 3314 3371 3388 3433 3499 3567 3632 3669 3716 3806 3824 3829 3885 3966 3980 4068 4085 4121 4150 4213 4262 4283 4429 4447 4503 4626 4645 4721 4749 4805 4831 4894 4946 
S 1: 0 | 58 89 136 214 232 299 308 334 450 468 473 498 505 534 583 589 648 657 764 801 813 826 885 902 931 961 1110 1140 1148 1221 1285 1319 1372 1396 1415 1469 1470 1530 1575 1586 1711 1774 1780 1847 1905 1988 2063 2157 2285 2337 2383 2422 2482 2501 2554 2572 2605 2647 2653 2721 2832 2833 2928 2945 3008 3110 3239 3314 3371 3388 3433 3499 3567 3632 3669 3716 3806 3824 3829 3885 3966 3980 4068 4085 4121 4150 4213 4262 4283 4429 4447 4503 4626 4645 4721 4749 4805 4831 4894 4946 
S 2: 0 | 58 89 136 214 232 299 308 334 450 468 473 498 505 534 583 589 648 657 764 801 813 826 885 902 931 961 1110 1140 1148 1221 1285 1319 1372 1396 1415 1469 1470 1530 1575 1586 1711 1774 1780 1847 1905 1988 2063 2157 2285 2337 2383 2422 2482 2501 2554 2572 2605 2647 2653 2721 2832 2833 2928 2945 3008 3110 3239 3314 3371 3388 3433 3499 3567 3632 3669 3716 3806 3824 3829 3885 3966 3980 4068 4085 4121 4150 4213 4262 4283 4429 4447 4503 4626 4645 4721 4749 4805 4831 4894 4946 
S 3: 0 | 58 89 136 214 232 299 308 334 450 468 473 498 505 534 583 589 648 657 764 801 813 826 885 902 931 961 1110 1140 1148 1221 1285 1319 1372 1396 1415 1469 1470 1530 1575 1586 1711 1774 1780 1847 1905 1988 2063 2157 2285 2337 2383 2422 2482 2501 2554 2572 2605 2647 2653 2721 2832 2833 2928 2945 3008 3110 3239 3314 3371 3388 3433 3499 3567 3632 3669 3716 3806 3824 3829 3885 3966 3980 4068 4085 4121 4150 4213 4262 4283 4429 4447 4503 4626 4645 4721 4749 4805 4831 4894 4946 
S 4: 0 | 58 89 136 214 232 299 308 334 450 468 473 498 505 534 583 589 648 657 764 801 813 826 885 902 931 961 1110 1140 1148 1221 1285 1319 1372 1396 1415 1469 1470 1530 1575 1586 1711 1774 1780 1847 1905 1988 2063 2157 2285 2337 2383 2422 2482 2501 2554 2572 2605 2647 2653 2721 2832 2833 2928 2945 3008 3110 3239 3314 3371 3388 3433 3499 3567 3632 3669 3716 3806 3824 3829 3885 3966 3980 4068 4085 4121 4150 4213 4262 4283 4429 4447 4503 4626 4645 4721 4749 4805 4831 4894 4946 
S 5: 0 | 58 89 136 214 232 299 308 334 450 468 473 498 505 534 583 589 648 657 764 801 813 826 885 902 931 961 1110 1140 1148 1221 1285 1319 1372 1396 1415 1469 1470 1530 1575 1586 1711 1774 1780 1847 1905 1988 2063 2157 2285 2337 2383 2422 2482 2501 2554 2572 2605 2647 2653 2721 2832 2833 2928 2945 3008 3110 3239 3314 3371 3388 3433 3499 3567 3632 3669 3716 3806 3824 3829 3885 3966 3980 4068 4085 4121 4150 4213 4262 4283 4429 4447 4503 4626 4645 4721 4749 4805 4831 4894 4946 
S 6: 0 | 58 89 136 214 232 299 308 334 450 468 473 498 505 534 583 589 648 657 764 801 813 826 885 902 931 961 1110 1140 1148 1221 1285 1319 1372 1396 1415 1469 1470 1530 1575 1586 1711 1774 1780 1847 1905 1988 2063 2157 2285 2337 2383 2422 2482 2501 2554 2572 2605 2647 2653 2721 2832 2833 2928 2945 3008 3110 3239 3314 3371 3388 3433 3499 3567 3632 3669 3716 3806 3824 3829 3885 3966 3980 4068 4085 4121 4150 4213 4262 4283 4429 4447 4503 4626 4645 4721 4749 4805 4831 4894 4946 
S 7: 0 | 58 89 136 214 232 299 308 334 450 468 473 498 505 534 583 589 648 657 764 801 813 826 885 902 931 961 1110 1140 1148 1221 1285 1319 1372 1396 1415 1469 1470 1530 1575 1586 1711 1774 1780 1847 1905 1988 2063 2157 2285 2337 2383 2422 2482 2501 2554 2572 2605 2647 2653 2721 2832 2833 2928 2945 3008 3110 3239 3314 3371 3388 3433 3499 3567 3632 3669 3716 3806 3824 3829 3885 3966 3980 4068 4085 4121 4150 4213 4262 4283 4429 4447 4503 4626 4645 4721 4749 4805 4831 4894 4946 
S 8: 0 | 58 89 136 214 232 299 308 334 450 468 473 498 505 534 583 589 648 657 764 801 813 826 885 902 931 961 1110 1140 1148 1221 1285 1319 1372 1396 1415 1469 1470 1530 1575 1586 1711 1774 1780 1847 1905 1988 2063 2157 2285 2337 2383 2422 2482 2501 2554 2572 2605 2647 2653 2721 2832 2833 2928 2945 3008 3110 3239 3314 3371 3388 3433 3499 3567 3632 3669 3716 3806 3824 3829 3885 3966 3980 4068 4085 4121 4150 4213 4262 4283 4429 4447 4503 4626 4645 4721 4749 4805 4831 4894 4946 
S 9: 0 | 58 89 136 214 232 299 308 334 450 468 473 498 505 534 583 589 648 657 764 801 813 826 885 902 931 961 1110 1140 1148 1221 1285 1319 1372 1396 1415 1469 1470 1530 1575 1586 1711 1774 1780 1847 1905 1988 2063 2157 2285 2337 2383 2422 2482 2501 2554 2572 2605 2647 2653 2721 2832 2833 2928 2945 3008 3110 3239 3314 3371 3388 3433 3499 3567 3632 3669 3716 3806 3824 3829 3885 3966 3980 4068 4085 4121 4150 4213 4262 4283 4429 4447 4503 4626 4645 4721 4749 4805 4831 4894 4946 
S 10: 0 | 58 89 136 214 232 299 308 334 450 468 473 498 505 534 583 589 648 657 764 801 813 826 885 902 931 961 1110 1140 1148 1221 1285 1319 1372 1396 1415 1469 1470 1530 1575 1586 1711 1774 1780 1847 1905 1988 2063 2157 2285 2337 2383 2422 2482 2501 2554 2572 2605 2647 2653 2721 2832 2833 2928 2945 3008 3110 3239 3314 3371 3388 3433 3499 3567 3632 3669 3716 3806 3824 3829 3885 3966 3980 4068 4085 4121 4150 4213 4262 4283 4429 4447 4503 4626 4645 4721 4749 4805 4831 4894 4946 
S 11: 0 | 58 89 136 214 232 299 308 334 450 468 473 498 505 534 583 589 648 657 764 801 813 826 885 902 931 961 1110 1140 1148 1221 1285 1319 1372 1396 1415 1469 1470 1530 1575 1586 1711 1774 1780 1847 1905 1988 2063 2157 2285 2337 2383 2422 2482 2501 2554 2572 2605 2647 2653 2721 2832 2833 2928 2945 3008 3110 3239 3314 3371 3388 3433 3499 3567 3632 3669 3716 3806 3824 3829 3885 3966 3980 4068 4085 4121 4150 4213 4262 4283 4429 4447 4503 4626 4645 4721 4749 4805 4831 4894 4946 
S 12: 0 | 58 89 136 214 232 299 308 334 450 468 473 498 505 534 583 589 648 657 764 801 813 826 885 902 931 961 1110 1140 1148 1221 1285 1319 1372 1396 1415 1469 1470 1530 1575 1586 1711 1774 1780 1847 1905 1988 2063 2157 2285 2337 2383 2422 2482 2501 2554 2572 2605 2647 2653 2721 2832 2833 2928 2945 3008 3110 3239 3314 3371 3388 3433 3499 3567 3632 3669 3716 3806 3824 3829 3885 3966 3980 4068 4085 4121 4150 4213 4262 4283 4429 4447 4503 4626 4645 4721 4749 4805 4831 4894 4946 
S 13: 0 | 58 89 136 214 232 299 308 334 450 468 473 498 505 534 583 589 648 657 764 801 813 826 885 902 931 961 1110 1140 1148 1221 1285 1319 1372 1396 1415 1469 1470 1530 1575 1586 1711 1774 1780 1847 1905 1988 2063 2157 2285 2337 2383 2422 2482 2501 2554 2572 2605 2647 2653 2721 2832 2833 2928 2945 3008 3110 3239 3314 3371 3388 3433 3499 3567 3632 3669 3716 3806 3824 3829 3885 3966 3980 4068 4085 4121 4150 4213 4262 4283 4429 4447 4503 4626 4645 4721 4749 4805 4831 4894 4946 
S 14: 0 | 58 89 136 214 232 299 308 334 450 468 473 498 505 534 583 589 648 657 764 801 813 826 885 902 931 961 1110 1140 1148 1221 1285 1319 1372 1396 1415 1469 1470 1530 1575 1586 1711 1774 1780 1847 1905 1988 2063 2157 2285 2337 2383 2422 2482 2501 2554 2572 2605 2647 2653 2721 2832 2833 2928 2945 3008 3110 3239 3314 3371 3388 3433 3499 3567 3632 3669 3716 3806 3824 3829 3885 3966 3980 4068 4085 4121 4150 4213 4262 4283 4429 4447 4503 4626 4645 4721 4749 4805 4831 4894 4946 
S 15: 0 | 58 89 136 214 232 299 308 334 450 468 473 498 505 534 583 589 648 657 764 801 813 826 885 902 931 961 1110 1140 1148 1221 1285 1319 1372 1396 1415 1469 1470 1530 1575 1586 1711 1774 1780 1847 1905 1988 2063 2157 2285 2337 2383 2422 2482 2501 2554 2572 2605 2647 2653 2721 2832 2833 2928 2945 3008 3110 3239 3314 3371 3388 3433 3499 3567 3632 3669 3716 3806 3824 3829 3885 3966 3980 4068 4085 4121 4150 4213 4262 4283 4429 4447 4503 4626 4645 4721 4749 4805 4831 4894 4946 
S 16: 0 | 58 89 136 214 232 299 308 334 450 468 473 498 505 534 583 589 648 657 764 801 813 826 885 902 931 961 1110 1140 1148 1221 1285 1319 1372 1396 1415 1469 1470 1530 1575 1586 1711 1774 1780 1847 1905 1988 2063 2157 2285 2337 2383 2422 2482 2501 2554 2572 2605 2647 2653 2721 2832 2833 2928 2945 3008 3110 3239 3314 3371 3388 3433 3499 3567 3632 3669 3716 3806 3824 3829 3885 3966 3980 4068 4085 4121 4150 4213 4262 4283 4429 4447 4503 4626 4645 4721 4749 4805 4831 4894 4946 
S 17: 0 | 58 89 136 214 232 299 308 334 450 468 473 498 505 534 583 589 648 657 764 801 813 826 885 902 931 961 1110 1140 1148 1221 1285 1319 1372 1396 1415 1469 1470 1530 1575 1586 1711 1774 1780 1847 1905 1988 2063 2157 2285 2337 2383 2422 2482 2501 2554 2572 2605 2647 2653 2721 2832 2833 2928 2945 3008 3110 3239 3314 3371 3388 3433 3499 3567 3632 3669 3716 3806 3824 3829 3885 3966 3980 4068 4085 4121 4150 4213 4262 4283 4429 4447 4503 4626 4645 4721 4749 4805 4831 4894 4946 
S 18: 0 | 58 89 136 214 232 299 308 334 450 468 473 498 505 534 583 589 648 657 764 801 813 826 885 902 931 961 1110 1140 1148 1221 1285 1319 1372 1396 1415 1469 1470 1530 1575 1586 1711 1774 1780 1847 1905 1988 2063 2157 2285 2337 2383 2422 2482 2501 2554 2572 2605 2647 2653 2721 2832 2833 2928 2945 3008 3110 3239 3314 3371 3388 3433 3499 3567 3632 3669 3716 3806 3824 3829 3885 3966 3980 4068 4085 4121 4150 4213 4262 4283 4429 4447 4503 4626 4645 4721 4749 4805 4831 4894 4946 
S 19: 0 | 58 89 136 214 232 299 308 334 450 468 473 498 505 534 583 589 648 657 764 801 813 826 885 902 931 961 1110 1140 1148 1221 1285 1319 1372 1396 1415 1469 1470 1530 1575 1586 1711 1774 1780 1847 1905 1988 2063 2157 2285 2337 2383 2422 2482 2501 2554 2572 2605 2647 2653 2721 2832 2833 2928 2945 3008 3110 3239 3314 3371 3388 3433 3499 3567 3632 3669 3716 3806 3824 3829 3885 3966 3980 4068 4085 4121 4150 4213 4262 4283 4429 4447 4503 4626 4645 4721 4749 4805 4831 4894 4946 
ALL EQUAL

Final time = 2671.27
Final solution cost = 7910
