Reading instance small_stp_instances/si175_5_03.stp of type D
Finished instance reading
Number of vertices = 175
Number of edges (resources) = 15225
Number of scenarios = 5
Average number of terminals per scenario = 175
Probabilities of Scenarios: (0) 0.07 | (1) 0.34 | (2) 0.38 | (3) 0.19 | (4) 0.02 | 
Average weighted inflation = 0.148426
Largest inflation = 0.299735
MAX_ITERATIONS_SINCE_LAST_IMPROVEMENT 2
MAX_ITERATIONS_SINCE_BEST_SOLUTION 3
Creating solution instance.
Starting Evolutive Framework.
Local search solution cost = 21589
Local search time = 8105.88
8105.88 local search - EF main loop cycle 0 solution cost 21589
8105.89s Cost of SP solution after second stage solver 21589
Local search solution cost = 21589
Local search time = 494.53
8600.42 local search - EF main loop cycle 1 solution cost 21589
8600.44s Cost of SP solution after second stage solver 21589
Local search solution cost = 21589
Local search time = 482.015
9082.45 local search - EF main loop cycle 2 solution cost 21589
9082.47s Cost of SP solution after second stage solver 21589
Number of cycles 3
Time for each cycle 3027.49
9082.49s Cost of SP solution after tail step 21589
SELECTED RESOURCES:
0 2 6 14 20 27 35 44 54 65 77 80 104 119 135 152 170 189 209 230 234 298 299 350 377 381 433 463 494 560 593 607 628 664 739 779 819 860 945 1034 1127 1175 1224 1274 1325 1377 1430 1484 1539 1595 1652 1678 1768 1828 1890 1912 2014 2039 2078 2143 2210 2277 2345 2414 2484 2555 2627 2700 2774 2849 2925 3040 3080 3118 3239 3281 3282 3364 3365 3448 3449 3740 3800 3827 4004 4185 4277 4354 4542 4640 4752 4837 4850 4935 5049 5135 5150 5341 5355 5445 5550 5564 5657 5659 5764 5872 5885 6104 6200 6440 6933 6934 7138 7502 7625 7749 7874 8000 8127 8255 8384 8514 8645 8766 8777 8897 8899 9315 9452 9590 9711 9864 10008 10010 10145 10295 10439 10579 10584 10687 10843 10877 10988 11174 11292 11324 11585 11627 11934 12050 12204 12205 12360 12516 12874 13037 13192 13356 13482 13526 13646 13850 13860 13972 14186 14189 14355 14532 14534 14694 14877 15013 15050 15213 15214 
SCENARIO'S RESOURCES:
S 0: 0 | 0 2 6 14 20 27 35 44 54 65 77 80 104 119 135 152 170 189 209 230 234 298 299 350 377 381 433 463 494 560 593 607 628 664 739 779 819 860 945 1034 1127 1175 1224 1274 1325 1377 1430 1484 1539 1595 1652 1678 1768 1828 1890 1912 2014 2039 2078 2143 2210 2277 2345 2414 2484 2555 2627 2700 2774 2849 2925 3040 3080 3118 3239 3281 3282 3364 3365 3448 3449 3740 3800 3827 4004 4185 4277 4354 4542 4640 4752 4837 4850 4935 5049 5135 5150 5341 5355 5445 5550 5564 5657 5659 5764 5872 5885 6104 6200 6440 6933 6934 7138 7502 7625 7749 7874 8000 8127 8255 8384 8514 8645 8766 8777 8897 8899 9315 9452 9590 9711 9864 10008 10010 10145 10295 10439 10579 10584 10687 10843 10877 10988 11174 11292 11324 11585 11627 11934 12050 12204 12205 12360 12516 12874 13037 13192 13356 13482 13526 13646 13850 13860 13972 14186 14189 14355 14532 14534 14694 14877 15013 15050 15213 15214 
S 1: 0 | 0 2 6 14 20 27 35 44 54 65 77 80 104 119 135 152 170 189 209 230 234 298 299 350 377 381 433 463 494 560 593 607 628 664 739 779 819 860 945 1034 1127 1175 1224 1274 1325 1377 1430 1484 1539 1595 1652 1678 1768 1828 1890 1912 2014 2039 2078 2143 2210 2277 2345 2414 2484 2555 2627 2700 2774 2849 2925 3040 3080 3118 3239 3281 3282 3364 3365 3448 3449 3740 3800 3827 4004 4185 4277 4354 4542 4640 4752 4837 4850 4935 5049 5135 5150 5341 5355 5445 5550 5564 5657 5659 5764 5872 5885 6104 6200 6440 6933 6934 7138 7502 7625 7749 7874 8000 8127 8255 8384 8514 8645 8766 8777 8897 8899 9315 9452 9590 9711 9864 10008 10010 10145 10295 10439 10579 10584 10687 10843 10877 10988 11174 11292 11324 11585 11627 11934 12050 12204 12205 12360 12516 12874 13037 13192 13356 13482 13526 13646 13850 13860 13972 14186 14189 14355 14532 14534 14694 14877 15013 15050 15213 15214 
S 2: 0 | 0 2 6 14 20 27 35 44 54 65 77 80 104 119 135 152 170 189 209 230 234 298 299 350 377 381 433 463 494 560 593 607 628 664 739 779 819 860 945 1034 1127 1175 1224 1274 1325 1377 1430 1484 1539 1595 1652 1678 1768 1828 1890 1912 2014 2039 2078 2143 2210 2277 2345 2414 2484 2555 2627 2700 2774 2849 2925 3040 3080 3118 3239 3281 3282 3364 3365 3448 3449 3740 3800 3827 4004 4185 4277 4354 4542 4640 4752 4837 4850 4935 5049 5135 5150 5341 5355 5445 5550 5564 5657 5659 5764 5872 5885 6104 6200 6440 6933 6934 7138 7502 7625 7749 7874 8000 8127 8255 8384 8514 8645 8766 8777 8897 8899 9315 9452 9590 9711 9864 10008 10010 10145 10295 10439 10579 10584 10687 10843 10877 10988 11174 11292 11324 11585 11627 11934 12050 12204 12205 12360 12516 12874 13037 13192 13356 13482 13526 13646 13850 13860 13972 14186 14189 14355 14532 14534 14694 14877 15013 15050 15213 15214 
S 3: 0 | 0 2 6 14 20 27 35 44 54 65 77 80 104 119 135 152 170 189 209 230 234 298 299 350 377 381 433 463 494 560 593 607 628 664 739 779 819 860 945 1034 1127 1175 1224 1274 1325 1377 1430 1484 1539 1595 1652 1678 1768 1828 1890 1912 2014 2039 2078 2143 2210 2277 2345 2414 2484 2555 2627 2700 2774 2849 2925 3040 3080 3118 3239 3281 3282 3364 3365 3448 3449 3740 3800 3827 4004 4185 4277 4354 4542 4640 4752 4837 4850 4935 5049 5135 5150 5341 5355 5445 5550 5564 5657 5659 5764 5872 5885 6104 6200 6440 6933 6934 7138 7502 7625 7749 7874 8000 8127 8255 8384 8514 8645 8766 8777 8897 8899 9315 9452 9590 9711 9864 10008 10010 10145 10295 10439 10579 10584 10687 10843 10877 10988 11174 11292 11324 11585 11627 11934 12050 12204 12205 12360 12516 12874 13037 13192 13356 13482 13526 13646 13850 13860 13972 14186 14189 14355 14532 14534 14694 14877 15013 15050 15213 15214 
S 4: 0 | 0 2 6 14 20 27 35 44 54 65 77 80 104 119 135 152 170 189 209 230 234 298 299 350 377 381 433 463 494 560 593 607 628 664 739 779 819 860 945 1034 1127 1175 1224 1274 1325 1377 1430 1484 1539 1595 1652 1678 1768 1828 1890 1912 2014 2039 2078 2143 2210 2277 2345 2414 2484 2555 2627 2700 2774 2849 2925 3040 3080 3118 3239 3281 3282 3364 3365 3448 3449 3740 3800 3827 4004 4185 4277 4354 4542 4640 4752 4837 4850 4935 5049 5135 5150 5341 5355 5445 5550 5564 5657 5659 5764 5872 5885 6104 6200 6440 6933 6934 7138 7502 7625 7749 7874 8000 8127 8255 8384 8514 8645 8766 8777 8897 8899 9315 9452 9590 9711 9864 10008 10010 10145 10295 10439 10579 10584 10687 10843 10877 10988 11174 11292 11324 11585 11627 11934 12050 12204 12205 12360 12516 12874 13037 13192 13356 13482 13526 13646 13850 13860 13972 14186 14189 14355 14532 14534 14694 14877 15013 15050 15213 15214 
ALL EQUAL

Final time = 9082.52
Final solution cost = 21589
