Reading instance small_stp_instances/si175_5_10.stp of type D
Finished instance reading
Number of vertices = 175
Number of edges (resources) = 15225
Number of scenarios = 5
Average number of terminals per scenario = 175
Probabilities of Scenarios: (0) 0.08 | (1) 0.47 | (2) 0.16 | (3) 0.17 | (4) 0.12 | 
Average weighted inflation = 0.497865
Largest inflation = 0.997596
MAX_ITERATIONS_SINCE_LAST_IMPROVEMENT 2
MAX_ITERATIONS_SINCE_BEST_SOLUTION 3
Creating solution instance.
Starting Evolutive Framework.
Local search solution cost = 23062.1
Local search time = 7449.61
7449.61 local search - EF main loop cycle 0 solution cost 23062.1
7449.64s Cost of SP solution after second stage solver 23062.1
Local search solution cost = 22975
Local search time = 531.376
7981.02 local search - EF main loop cycle 1 solution cost 22975
7981.04s Cost of SP solution after second stage solver 22975
Local search solution cost = 22975
Local search time = 525.768
8506.8 local search - EF main loop cycle 2 solution cost 22975
8506.82s Cost of SP solution after second stage solver 22975
Local search solution cost = 22975
Local search time = 527.341
9034.16 local search - EF main loop cycle 3 solution cost 22975
9034.18s Cost of SP solution after second stage solver 22975
Number of cycles 4
Time for each cycle 2258.54
9034.19s Cost of SP solution after tail step 22975
SELECTED RESOURCES:
0 1 7 14 20 27 35 44 54 65 77 80 103 118 134 151 169 188 193 229 251 275 279 324 350 377 405 434 464 495 560 593 628 664 738 777 819 858 901 945 1034 1079 1127 1175 1224 1274 1325 1344 1377 1484 1538 1594 1651 1709 1768 1828 1889 1912 2013 2039 2078 2141 2208 2276 2344 2414 2482 2555 2625 2700 2774 2849 2925 2963 3080 3118 3238 3281 3364 3366 3483 3653 3739 3740 4003 4004 4185 4463 4544 4641 4751 4752 4837 4949 5037 5049 5252 5341 5355 5446 5457 5531 5656 5657 5764 5872 5885 5979 6104 6327 6440 6669 6934 6979 7138 7379 7502 7625 7749 7874 8000 8127 8255 8384 8505 8514 8635 8777 8888 8894 9315 9451 9589 9723 9864 10007 10010 10145 10295 10439 10579 10584 10836 10877 10995 11174 11324 11475 11627 11780 11934 12050 12204 12392 12516 12719 12836 12875 13037 13195 13365 13522 13694 13860 14189 14364 14524 14534 14646 14873 14877 15016 15045 15214 15217 
SCENARIO'S RESOURCES:
S 0: 0 | 0 1 7 14 20 27 35 44 54 65 77 80 103 118 134 151 169 188 193 229 251 275 279 324 350 377 405 434 464 495 560 593 628 664 738 777 819 858 901 945 1034 1079 1127 1175 1224 1274 1325 1344 1377 1484 1538 1594 1651 1709 1768 1828 1889 1912 2013 2039 2078 2141 2208 2276 2344 2414 2482 2555 2625 2700 2774 2849 2925 2963 3080 3118 3238 3281 3364 3366 3483 3653 3739 3740 4003 4004 4185 4463 4544 4641 4751 4752 4837 4949 5037 5049 5252 5341 5355 5446 5457 5531 5656 5657 5764 5872 5885 5979 6104 6327 6440 6669 6934 6979 7138 7379 7502 7625 7749 7874 8000 8127 8255 8384 8505 8514 8635 8777 8888 8894 9315 9451 9589 9723 9864 10007 10010 10145 10295 10439 10579 10584 10836 10877 10995 11174 11324 11475 11627 11780 11934 12050 12204 12392 12516 12719 12836 12875 13037 13195 13365 13522 13694 13860 14189 14364 14524 14534 14646 14873 14877 15016 15045 15214 15217 
S 1: 0 | 0 1 7 14 20 27 35 44 54 65 77 80 103 118 134 151 169 188 193 229 251 275 279 324 350 377 405 434 464 495 560 593 628 664 738 777 819 858 901 945 1034 1079 1127 1175 1224 1274 1325 1344 1377 1484 1538 1594 1651 1709 1768 1828 1889 1912 2013 2039 2078 2141 2208 2276 2344 2414 2482 2555 2625 2700 2774 2849 2925 2963 3080 3118 3238 3281 3364 3366 3483 3653 3739 3740 4003 4004 4185 4463 4544 4641 4751 4752 4837 4949 5037 5049 5252 5341 5355 5446 5457 5531 5656 5657 5764 5872 5885 5979 6104 6327 6440 6669 6934 6979 7138 7379 7502 7625 7749 7874 8000 8127 8255 8384 8505 8514 8635 8777 8888 8894 9315 9451 9589 9723 9864 10007 10010 10145 10295 10439 10579 10584 10836 10877 10995 11174 11324 11475 11627 11780 11934 12050 12204 12392 12516 12719 12836 12875 13037 13195 13365 13522 13694 13860 14189 14364 14524 14534 14646 14873 14877 15016 15045 15214 15217 
S 2: 0 | 0 1 7 14 20 27 35 44 54 65 77 80 103 118 134 151 169 188 193 229 251 275 279 324 350 377 405 434 464 495 560 593 628 664 738 777 819 858 901 945 1034 1079 1127 1175 1224 1274 1325 1344 1377 1484 1538 1594 1651 1709 1768 1828 1889 1912 2013 2039 2078 2141 2208 2276 2344 2414 2482 2555 2625 2700 2774 2849 2925 2963 3080 3118 3238 3281 3364 3366 3483 3653 3739 3740 4003 4004 4185 4463 4544 4641 4751 4752 4837 4949 5037 5049 5252 5341 5355 5446 5457 5531 5656 5657 5764 5872 5885 5979 6104 6327 6440 6669 6934 6979 7138 7379 7502 7625 7749 7874 8000 8127 8255 8384 8505 8514 8635 8777 8888 8894 9315 9451 9589 9723 9864 10007 10010 10145 10295 10439 10579 10584 10836 10877 10995 11174 11324 11475 11627 11780 11934 12050 12204 12392 12516 12719 12836 12875 13037 13195 13365 13522 13694 13860 14189 14364 14524 14534 14646 14873 14877 15016 15045 15214 15217 
S 3: 0 | 0 1 7 14 20 27 35 44 54 65 77 80 103 118 134 151 169 188 193 229 251 275 279 324 350 377 405 434 464 495 560 593 628 664 738 777 819 858 901 945 1034 1079 1127 1175 1224 1274 1325 1344 1377 1484 1538 1594 1651 1709 1768 1828 1889 1912 2013 2039 2078 2141 2208 2276 2344 2414 2482 2555 2625 2700 2774 2849 2925 2963 3080 3118 3238 3281 3364 3366 3483 3653 3739 3740 4003 4004 4185 4463 4544 4641 4751 4752 4837 4949 5037 5049 5252 5341 5355 5446 5457 5531 5656 5657 5764 5872 5885 5979 6104 6327 6440 6669 6934 6979 7138 7379 7502 7625 7749 7874 8000 8127 8255 8384 8505 8514 8635 8777 8888 8894 9315 9451 9589 9723 9864 10007 10010 10145 10295 10439 10579 10584 10836 10877 10995 11174 11324 11475 11627 11780 11934 12050 12204 12392 12516 12719 12836 12875 13037 13195 13365 13522 13694 13860 14189 14364 14524 14534 14646 14873 14877 15016 15045 15214 15217 
S 4: 0 | 0 1 7 14 20 27 35 44 54 65 77 80 103 118 134 151 169 188 193 229 251 275 279 324 350 377 405 434 464 495 560 593 628 664 738 777 819 858 901 945 1034 1079 1127 1175 1224 1274 1325 1344 1377 1484 1538 1594 1651 1709 1768 1828 1889 1912 2013 2039 2078 2141 2208 2276 2344 2414 2482 2555 2625 2700 2774 2849 2925 2963 3080 3118 3238 3281 3364 3366 3483 3653 3739 3740 4003 4004 4185 4463 4544 4641 4751 4752 4837 4949 5037 5049 5252 5341 5355 5446 5457 5531 5656 5657 5764 5872 5885 5979 6104 6327 6440 6669 6934 6979 7138 7379 7502 7625 7749 7874 8000 8127 8255 8384 8505 8514 8635 8777 8888 8894 9315 9451 9589 9723 9864 10007 10010 10145 10295 10439 10579 10584 10836 10877 10995 11174 11324 11475 11627 11780 11934 12050 12204 12392 12516 12719 12836 12875 13037 13195 13365 13522 13694 13860 14189 14364 14524 14534 14646 14873 14877 15016 15045 15214 15217 
ALL EQUAL

Final time = 9034.24
Final solution cost = 22975
