Reading instance small_stp_instances/si175_5_05.stp of type D
Finished instance reading
Number of vertices = 175
Number of edges (resources) = 15225
Number of scenarios = 5
Average number of terminals per scenario = 175
Probabilities of Scenarios: (0) 0.19 | (1) 0.24 | (2) 0.23 | (3) 0.15 | (4) 0.19 | 
Average weighted inflation = 0.248214
Largest inflation = 0.498721
MAX_ITERATIONS_SINCE_LAST_IMPROVEMENT 2
MAX_ITERATIONS_SINCE_BEST_SOLUTION 3
Creating solution instance.
Starting Evolutive Framework.
Local search solution cost = 22073.9
Local search time = 6729.24
6729.24 local search - EF main loop cycle 0 solution cost 22073.9
6729.29s Cost of SP solution after second stage solver 22073.9
Local search solution cost = 22035
Local search time = 503.501
7232.79 local search - EF main loop cycle 1 solution cost 22035
7232.8s Cost of SP solution after second stage solver 22035
Local search solution cost = 22035
Local search time = 501.554
7734.36 local search - EF main loop cycle 2 solution cost 22035
7734.37s Cost of SP solution after second stage solver 22035
Local search solution cost = 22035
Local search time = 501.091
8235.46 local search - EF main loop cycle 3 solution cost 22035
8235.48s Cost of SP solution after second stage solver 22035
Number of cycles 4
Time for each cycle 2058.87
8235.49s Cost of SP solution after tail step 22035
SELECTED RESOURCES:
0 1 14 19 26 34 37 43 53 65 77 80 103 118 134 151 169 188 209 230 234 279 299 350 377 405 434 464 495 560 594 627 664 738 777 819 858 943 945 1034 1080 1127 1175 1224 1274 1325 1344 1377 1484 1538 1594 1651 1709 1768 1828 1889 1912 1913 2013 2039 2041 2143 2210 2277 2345 2414 2484 2555 2627 2700 2774 2849 2925 3040 3080 3118 3239 3281 3363 3365 3653 3740 3802 3827 4004 4094 4185 4542 4640 4641 4739 4740 4837 4949 5049 5150 5252 5341 5355 5447 5552 5564 5657 5658 5764 5765 5872 5994 6104 6440 6669 6934 6979 7138 7502 7625 7749 7874 8000 8127 8255 8384 8514 8645 8766 8777 8897 8899 9315 9451 9589 9711 9864 10007 10010 10145 10295 10435 10583 10584 10877 10988 11174 11324 11627 11744 11897 12050 12237 12360 12516 12672 12673 12874 12875 13037 13192 13356 13365 13518 13694 13851 13860 14186 14189 14342 14532 14534 14630 14646 14873 15016 15050 15168 15201 
SCENARIO'S RESOURCES:
S 0: 0 | 0 1 14 19 26 34 37 43 53 65 77 80 103 118 134 151 169 188 209 230 234 279 299 350 377 405 434 464 495 560 594 627 664 738 777 819 858 943 945 1034 1080 1127 1175 1224 1274 1325 1344 1377 1484 1538 1594 1651 1709 1768 1828 1889 1912 1913 2013 2039 2041 2143 2210 2277 2345 2414 2484 2555 2627 2700 2774 2849 2925 3040 3080 3118 3239 3281 3363 3365 3653 3740 3802 3827 4004 4094 4185 4542 4640 4641 4739 4740 4837 4949 5049 5150 5252 5341 5355 5447 5552 5564 5657 5658 5764 5765 5872 5994 6104 6440 6669 6934 6979 7138 7502 7625 7749 7874 8000 8127 8255 8384 8514 8645 8766 8777 8897 8899 9315 9451 9589 9711 9864 10007 10010 10145 10295 10435 10583 10584 10877 10988 11174 11324 11627 11744 11897 12050 12237 12360 12516 12672 12673 12874 12875 13037 13192 13356 13365 13518 13694 13851 13860 14186 14189 14342 14532 14534 14630 14646 14873 15016 15050 15168 15201 
S 1: 0 | 0 1 14 19 26 34 37 43 53 65 77 80 103 118 134 151 169 188 209 230 234 279 299 350 377 405 434 464 495 560 594 627 664 738 777 819 858 943 945 1034 1080 1127 1175 1224 1274 1325 1344 1377 1484 1538 1594 1651 1709 1768 1828 1889 1912 1913 2013 2039 2041 2143 2210 2277 2345 2414 2484 2555 2627 2700 2774 2849 2925 3040 3080 3118 3239 3281 3363 3365 3653 3740 3802 3827 4004 4094 4185 4542 4640 4641 4739 4740 4837 4949 5049 5150 5252 5341 5355 5447 5552 5564 5657 5658 5764 5765 5872 5994 6104 6440 6669 6934 6979 7138 7502 7625 7749 7874 8000 8127 8255 8384 8514 8645 8766 8777 8897 8899 9315 9451 9589 9711 9864 10007 10010 10145 10295 10435 10583 10584 10877 10988 11174 11324 11627 11744 11897 12050 12237 12360 12516 12672 12673 12874 12875 13037 13192 13356 13365 13518 13694 13851 13860 14186 14189 14342 14532 14534 14630 14646 14873 15016 15050 15168 15201 
S 2: 0 | 0 1 14 19 26 34 37 43 53 65 77 80 103 118 134 151 169 188 209 230 234 279 299 350 377 405 434 464 495 560 594 627 664 738 777 819 858 943 945 1034 1080 1127 1175 1224 1274 1325 1344 1377 1484 1538 1594 1651 1709 1768 1828 1889 1912 1913 2013 2039 2041 2143 2210 2277 2345 2414 2484 2555 2627 2700 2774 2849 2925 3040 3080 3118 3239 3281 3363 3365 3653 3740 3802 3827 4004 4094 4185 4542 4640 4641 4739 4740 4837 4949 5049 5150 5252 5341 5355 5447 5552 5564 5657 5658 5764 5765 5872 5994 6104 6440 6669 6934 6979 7138 7502 7625 7749 7874 8000 8127 8255 8384 8514 8645 8766 8777 8897 8899 9315 9451 9589 9711 9864 10007 10010 10145 10295 10435 10583 10584 10877 10988 11174 11324 11627 11744 11897 12050 12237 12360 12516 12672 12673 12874 12875 13037 13192 13356 13365 13518 13694 13851 13860 14186 14189 14342 14532 14534 14630 14646 14873 15016 15050 15168 15201 
S 3: 0 | 0 1 14 19 26 34 37 43 53 65 77 80 103 118 134 151 169 188 209 230 234 279 299 350 377 405 434 464 495 560 594 627 664 738 777 819 858 943 945 1034 1080 1127 1175 1224 1274 1325 1344 1377 1484 1538 1594 1651 1709 1768 1828 1889 1912 1913 2013 2039 2041 2143 2210 2277 2345 2414 2484 2555 2627 2700 2774 2849 2925 3040 3080 3118 3239 3281 3363 3365 3653 3740 3802 3827 4004 4094 4185 4542 4640 4641 4739 4740 4837 4949 5049 5150 5252 5341 5355 5447 5552 5564 5657 5658 5764 5765 5872 5994 6104 6440 6669 6934 6979 7138 7502 7625 7749 7874 8000 8127 8255 8384 8514 8645 8766 8777 8897 8899 9315 9451 9589 9711 9864 10007 10010 10145 10295 10435 10583 10584 10877 10988 11174 11324 11627 11744 11897 12050 12237 12360 12516 12672 12673 12874 12875 13037 13192 13356 13365 13518 13694 13851 13860 14186 14189 14342 14532 14534 14630 14646 14873 15016 15050 15168 15201 
S 4: 0 | 0 1 14 19 26 34 37 43 53 65 77 80 103 118 134 151 169 188 209 230 234 279 299 350 377 405 434 464 495 560 594 627 664 738 777 819 858 943 945 1034 1080 1127 1175 1224 1274 1325 1344 1377 1484 1538 1594 1651 1709 1768 1828 1889 1912 1913 2013 2039 2041 2143 2210 2277 2345 2414 2484 2555 2627 2700 2774 2849 2925 3040 3080 3118 3239 3281 3363 3365 3653 3740 3802 3827 4004 4094 4185 4542 4640 4641 4739 4740 4837 4949 5049 5150 5252 5341 5355 5447 5552 5564 5657 5658 5764 5765 5872 5994 6104 6440 6669 6934 6979 7138 7502 7625 7749 7874 8000 8127 8255 8384 8514 8645 8766 8777 8897 8899 9315 9451 9589 9711 9864 10007 10010 10145 10295 10435 10583 10584 10877 10988 11174 11324 11627 11744 11897 12050 12237 12360 12516 12672 12673 12874 12875 13037 13192 13356 13365 13518 13694 13851 13860 14186 14189 14342 14532 14534 14630 14646 14873 15016 15050 15168 15201 
ALL EQUAL

Final time = 8235.53
Final solution cost = 22035
