Reading instance small_stp_instances/st70_20_03.stp of type D
Finished instance reading
Number of vertices = 70
Number of edges (resources) = 2415
Number of scenarios = 20
Average number of terminals per scenario = 70
Probabilities of Scenarios: (0) 0.04 | (1) 0.01 | (2) 0.06 | (3) 0.05 | (4) 0.03 | (5) 0.04 | (6) 0.07 | (7) 0.08 | (8) 0.07 | (9) 0.01 | (10) 0.08 | (11) 0.05 | (12) 0 | (13) 0.16 | (14) 0.04 | (15) 0.08 | (16) 0.02 | (17) 0.03 | (18) 0.03 | (19) 0.05 | 
Average weighted inflation = 0.136653
Largest inflation = 0.298969
MAX_ITERATIONS_SINCE_LAST_IMPROVEMENT 2
MAX_ITERATIONS_SINCE_BEST_SOLUTION 3
Creating solution instance.
Starting Evolutive Framework.
Local search solution cost = 654.47
Local search time = 697.427
697.428 local search - EF main loop cycle 0 solution cost 654.47
697.441s Cost of SP solution after second stage solver 654.47
Local search solution cost = 654
Local search time = 73.0153
770.456 local search - EF main loop cycle 1 solution cost 654
770.471s Cost of SP solution after second stage solver 654
Local search solution cost = 654
Local search time = 74.3172
844.788 local search - EF main loop cycle 2 solution cost 654
844.801s Cost of SP solution after second stage solver 654
Number of cycles 3
Time for each cycle 281.6
844.813s Cost of SP solution after tail step 654
SELECTED RESOURCES:
4 16 23 40 128 139 159 184 201 231 246 267 271 307 364 390 425 467 560 591 595 607 749 785 837 851 877 901 932 970 984 1014 1016 1050 1071 1155 1274 1284 1330 1331 1425 1456 1479 1535 1554 1632 1645 1674 1690 1722 1762 1808 1809 1862 1883 1947 1963 2071 2079 2101 2142 2155 2192 2237 2254 2308 2315 2374 2380 
SCENARIO'S RESOURCES:
S 0: 1 | 4 16 23 40 128 139 159 184 201 231 246 267 271 307 364 390 425 467 548 560 591 595 607 749 785 837 851 877 901 932 970 984 1014 1016 1050 1071 1155 1274 1284 1330 1331 1425 1456 1479 1535 1554 1632 1645 1674 1690 1722 1762 1808 1809 1862 1883 1947 1963 2071 2079 2101 2142 2155 2192 2237 2254 2308 2315 2374 2380 
S 1: 1 | 4 16 23 40 128 139 159 184 201 231 246 267 271 307 364 390 425 467 548 560 591 595 607 749 785 837 851 877 901 932 970 984 1014 1016 1050 1071 1155 1274 1284 1330 1331 1425 1456 1479 1535 1554 1632 1645 1674 1690 1722 1762 1808 1809 1862 1883 1947 1963 2071 2079 2101 2142 2155 2192 2237 2254 2308 2315 2374 2380 
S 2: 1 | 4 16 23 40 128 139 159 184 201 231 246 267 271 307 364 390 425 467 548 560 591 595 607 749 785 837 851 877 901 932 970 984 1014 1016 1050 1071 1155 1274 1284 1330 1331 1425 1456 1479 1535 1554 1632 1645 1674 1690 1722 1762 1808 1809 1862 1883 1947 1963 2071 2079 2101 2142 2155 2192 2237 2254 2308 2315 2374 2380 
S 3: 1 | 4 16 23 40 128 139 159 184 201 231 246 267 271 307 364 390 425 467 548 560 591 595 607 749 785 837 851 877 901 932 970 984 1014 1016 1050 1071 1155 1274 1284 1330 1331 1425 1456 1479 1535 1554 1632 1645 1674 1690 1722 1762 1808 1809 1862 1883 1947 1963 2071 2079 2101 2142 2155 2192 2237 2254 2308 2315 2374 2380 
S 4: 1 | 4 16 23 40 128 139 159 184 201 231 246 267 271 307 364 390 425 467 548 560 591 595 607 749 785 837 851 877 901 932 970 984 1014 1016 1050 1071 1155 1274 1284 1330 1331 1425 1456 1479 1535 1554 1632 1645 1674 1690 1722 1762 1808 1809 1862 1883 1947 1963 2071 2079 2101 2142 2155 2192 2237 2254 2308 2315 2374 2380 
S 5: 1 | 4 16 23 40 128 139 159 184 201 231 246 267 271 307 364 390 425 467 548 560 591 595 607 749 785 837 851 877 901 932 970 984 1014 1016 1050 1071 1155 1274 1284 1330 1331 1425 1456 1479 1535 1554 1632 1645 1674 1690 1722 1762 1808 1809 1862 1883 1947 1963 2071 2079 2101 2142 2155 2192 2237 2254 2308 2315 2374 2380 
S 6: 1 | 4 16 23 40 128 139 159 184 201 231 246 267 271 307 364 390 425 467 548 560 591 595 607 749 785 837 851 877 901 932 970 984 1014 1016 1050 1071 1155 1274 1284 1330 1331 1425 1456 1479 1535 1554 1632 1645 1674 1690 1722 1762 1808 1809 1862 1883 1947 1963 2071 2079 2101 2142 2155 2192 2237 2254 2308 2315 2374 2380 
S 7: 1 | 4 16 23 40 128 139 159 184 201 231 246 267 271 307 364 390 425 467 548 560 591 595 607 749 785 837 851 877 901 932 970 984 1014 1016 1050 1071 1155 1274 1284 1330 1331 1425 1456 1479 1535 1554 1632 1645 1674 1690 1722 1762 1808 1809 1862 1883 1947 1963 2071 2079 2101 2142 2155 2192 2237 2254 2308 2315 2374 2380 
S 8: 1 | 4 16 23 40 128 139 159 184 201 231 246 267 271 307 364 390 425 467 548 560 591 595 607 749 785 837 851 877 901 932 970 984 1014 1016 1050 1071 1155 1274 1284 1330 1331 1425 1456 1479 1535 1554 1632 1645 1674 1690 1722 1762 1808 1809 1862 1883 1947 1963 2071 2079 2101 2142 2155 2192 2237 2254 2308 2315 2374 2380 
S 9: 1 | 4 16 23 40 128 139 159 184 201 231 246 267 271 307 364 390 425 467 548 560 591 595 607 749 785 837 851 877 901 932 970 984 1014 1016 1050 1071 1155 1274 1284 1330 1331 1425 1456 1479 1535 1554 1632 1645 1674 1690 1722 1762 1808 1809 1862 1883 1947 1963 2071 2079 2101 2142 2155 2192 2237 2254 2308 2315 2374 2380 
S 10: 1 | 4 16 23 40 128 139 159 184 201 231 246 267 271 307 364 390 425 467 548 560 591 595 607 749 785 837 851 877 901 932 970 984 1014 1016 1050 1071 1155 1274 1284 1330 1331 1425 1456 1479 1535 1554 1632 1645 1674 1690 1722 1762 1808 1809 1862 1883 1947 1963 2071 2079 2101 2142 2155 2192 2237 2254 2308 2315 2374 2380 
S 11: 1 | 4 16 23 40 128 139 159 184 201 231 246 267 271 307 364 390 425 467 548 560 591 595 607 749 785 837 851 877 901 932 970 984 1014 1016 1050 1071 1155 1274 1284 1330 1331 1425 1456 1479 1535 1554 1632 1645 1674 1690 1722 1762 1808 1809 1862 1883 1947 1963 2071 2079 2101 2142 2155 2192 2237 2254 2308 2315 2374 2380 
S 12: 1 | 4 16 23 40 128 139 159 184 201 231 246 267 271 307 364 390 425 467 548 560 591 595 607 749 785 837 851 877 901 932 970 984 1014 1016 1050 1071 1155 1274 1284 1330 1331 1425 1456 1479 1535 1554 1632 1645 1674 1690 1722 1762 1808 1809 1862 1883 1947 1963 2071 2079 2101 2142 2155 2192 2237 2254 2308 2315 2374 2380 
S 13: 1 | 4 16 23 40 128 139 159 184 201 231 246 267 271 307 364 390 425 467 548 560 591 595 607 749 785 837 851 877 901 932 970 984 1014 1016 1050 1071 1155 1274 1284 1330 1331 1425 1456 1479 1535 1554 1632 1645 1674 1690 1722 1762 1808 1809 1862 1883 1947 1963 2071 2079 2101 2142 2155 2192 2237 2254 2308 2315 2374 2380 
S 14: 1 | 4 16 23 40 128 139 159 184 201 231 246 267 271 307 364 390 425 467 548 560 591 595 607 749 785 837 851 877 901 932 970 984 1014 1016 1050 1071 1155 1274 1284 1330 1331 1425 1456 1479 1535 1554 1632 1645 1674 1690 1722 1762 1808 1809 1862 1883 1947 1963 2071 2079 2101 2142 2155 2192 2237 2254 2308 2315 2374 2380 
S 15: 1 | 4 16 23 40 128 139 159 184 201 231 246 267 271 307 364 390 425 467 548 560 591 595 607 749 785 837 851 877 901 932 970 984 1014 1016 1050 1071 1155 1274 1284 1330 1331 1425 1456 1479 1535 1554 1632 1645 1674 1690 1722 1762 1808 1809 1862 1883 1947 1963 2071 2079 2101 2142 2155 2192 2237 2254 2308 2315 2374 2380 
S 16: 1 | 4 16 23 40 128 139 159 184 201 231 246 267 271 307 364 390 425 467 548 560 591 595 607 749 785 837 851 877 901 932 970 984 1014 1016 1050 1071 1155 1274 1284 1330 1331 1425 1456 1479 1535 1554 1632 1645 1674 1690 1722 1762 1808 1809 1862 1883 1947 1963 2071 2079 2101 2142 2155 2192 2237 2254 2308 2315 2374 2380 
S 17: 1 | 4 16 23 40 128 139 159 184 201 231 246 267 271 307 364 390 425 467 548 560 591 595 607 749 785 837 851 877 901 932 970 984 1014 1016 1050 1071 1155 1274 1284 1330 1331 1425 1456 1479 1535 1554 1632 1645 1674 1690 1722 1762 1808 1809 1862 1883 1947 1963 2071 2079 2101 2142 2155 2192 2237 2254 2308 2315 2374 2380 
S 18: 1 | 4 16 23 40 128 139 159 184 201 231 246 267 271 307 364 390 425 467 548 560 591 595 607 749 785 837 851 877 901 932 970 984 1014 1016 1050 1071 1155 1274 1284 1330 1331 1425 1456 1479 1535 1554 1632 1645 1674 1690 1722 1762 1808 1809 1862 1883 1947 1963 2071 2079 2101 2142 2155 2192 2237 2254 2308 2315 2374 2380 
S 19: 1 | 4 16 23 40 128 139 159 184 201 231 246 267 271 307 364 390 425 467 548 560 591 595 607 749 785 837 851 877 901 932 970 984 1014 1016 1050 1071 1155 1274 1284 1330 1331 1425 1456 1479 1535 1554 1632 1645 1674 1690 1722 1762 1808 1809 1862 1883 1947 1963 2071 2079 2101 2142 2155 2192 2237 2254 2308 2315 2374 2380 

Final time = 844.836
Final solution cost = 654
