Reading instance small_stp_instances/st70_20_10.stp of type D
Finished instance reading
Number of vertices = 70
Number of edges (resources) = 2415
Number of scenarios = 20
Average number of terminals per scenario = 70
Probabilities of Scenarios: (0) 0.08 | (1) 0 | (2) 0.06 | (3) 0.01 | (4) 0.01 | (5) 0.05 | (6) 0.04 | (7) 0.06 | (8) 0.12 | (9) 0.08 | (10) 0 | (11) 0.06 | (12) 0.06 | (13) 0.04 | (14) 0.05 | (15) 0.07 | (16) 0.08 | (17) 0.02 | (18) 0.05 | (19) 0.06 | 
Average weighted inflation = 0.485471
Largest inflation = 0.992188
MAX_ITERATIONS_SINCE_LAST_IMPROVEMENT 2
MAX_ITERATIONS_SINCE_BEST_SOLUTION 3
Creating solution instance.
Starting Evolutive Framework.
Local search solution cost = 691.77
Local search time = 790.073
790.073 local search - EF main loop cycle 0 solution cost 691.77
790.106s Cost of SP solution after second stage solver 691.77
Local search solution cost = 679
Local search time = 74.3648
864.471 local search - EF main loop cycle 1 solution cost 679
864.484s Cost of SP solution after second stage solver 679
Local search solution cost = 679
Local search time = 74.1869
938.671 local search - EF main loop cycle 2 solution cost 679
938.683s Cost of SP solution after second stage solver 679
Local search solution cost = 679
Local search time = 74.133
1012.82 local search - EF main loop cycle 3 solution cost 679
1012.83s Cost of SP solution after second stage solver 679
Number of cycles 4
Time for each cycle 253.207
1012.84s Cost of SP solution after tail step 679
SELECTED RESOURCES:
4 16 23 40 105 128 139 141 159 167 184 201 243 267 307 333 364 390 425 467 507 548 591 595 617 687 727 785 851 860 877 932 970 985 1016 1028 1050 1071 1155 1284 1330 1375 1410 1456 1479 1535 1563 1645 1687 1690 1761 1762 1803 1809 1877 1883 1947 1963 2071 2079 2101 2142 2155 2192 2253 2254 2308 2374 2414 
SCENARIO'S RESOURCES:
S 0: 1 | 4 16 23 40 105 128 139 141 159 167 184 201 243 267 307 333 364 390 425 467 507 548 591 595 617 687 727 785 851 860 877 932 970 985 1016 1028 1050 1071 1155 1284 1330 1375 1410 1456 1479 1535 1563 1632 1645 1687 1690 1761 1762 1803 1809 1877 1883 1947 1963 2071 2079 2101 2142 2155 2192 2253 2254 2308 2374 2414 
S 1: 1 | 4 16 23 40 105 128 139 141 159 167 184 201 243 267 307 333 364 390 425 467 507 548 591 595 617 687 727 785 851 860 877 932 970 985 1016 1028 1050 1071 1155 1284 1330 1375 1410 1456 1479 1535 1563 1632 1645 1687 1690 1761 1762 1803 1809 1877 1883 1947 1963 2071 2079 2101 2142 2155 2192 2253 2254 2308 2374 2414 
S 2: 1 | 4 16 23 40 105 128 139 141 159 167 184 201 243 267 307 333 364 390 425 467 507 548 591 595 617 687 727 785 851 860 877 932 970 985 1016 1028 1050 1071 1155 1284 1330 1375 1410 1456 1479 1535 1563 1632 1645 1687 1690 1761 1762 1803 1809 1877 1883 1947 1963 2071 2079 2101 2142 2155 2192 2253 2254 2308 2374 2414 
S 3: 1 | 4 16 23 40 105 128 139 141 159 167 184 201 243 267 307 333 364 390 425 467 507 548 591 595 617 687 727 785 851 860 877 932 970 985 1016 1028 1050 1071 1155 1284 1330 1375 1410 1456 1479 1535 1563 1632 1645 1687 1690 1761 1762 1803 1809 1877 1883 1947 1963 2071 2079 2101 2142 2155 2192 2253 2254 2308 2374 2414 
S 4: 1 | 4 16 23 40 105 128 139 141 159 167 184 201 243 267 307 333 364 390 425 467 507 548 591 595 617 687 727 785 851 860 877 932 970 985 1016 1028 1050 1071 1155 1284 1330 1375 1410 1456 1479 1535 1563 1632 1645 1687 1690 1761 1762 1803 1809 1877 1883 1947 1963 2071 2079 2101 2142 2155 2192 2253 2254 2308 2374 2414 
S 5: 1 | 4 16 23 40 105 128 139 141 159 167 184 201 243 267 307 333 364 390 425 467 507 548 591 595 617 687 727 785 851 860 877 932 970 985 1016 1028 1050 1071 1155 1284 1330 1375 1410 1456 1479 1535 1563 1632 1645 1687 1690 1761 1762 1803 1809 1877 1883 1947 1963 2071 2079 2101 2142 2155 2192 2253 2254 2308 2374 2414 
S 6: 1 | 4 16 23 40 105 128 139 141 159 167 184 201 243 267 307 333 364 390 425 467 507 548 591 595 617 687 727 785 851 860 877 932 970 985 1016 1028 1050 1071 1155 1284 1330 1375 1410 1456 1479 1535 1563 1632 1645 1687 1690 1761 1762 1803 1809 1877 1883 1947 1963 2071 2079 2101 2142 2155 2192 2253 2254 2308 2374 2414 
S 7: 1 | 4 16 23 40 105 128 139 141 159 167 184 201 243 267 307 333 364 390 425 467 507 548 591 595 617 687 727 785 851 860 877 932 970 985 1016 1028 1050 1071 1155 1284 1330 1375 1410 1456 1479 1535 1563 1632 1645 1687 1690 1761 1762 1803 1809 1877 1883 1947 1963 2071 2079 2101 2142 2155 2192 2253 2254 2308 2374 2414 
S 8: 1 | 4 16 23 40 105 128 139 141 159 167 184 201 243 267 307 333 364 390 425 467 507 548 591 595 617 687 727 785 851 860 877 932 970 985 1016 1028 1050 1071 1155 1284 1330 1375 1410 1456 1479 1535 1563 1632 1645 1687 1690 1761 1762 1803 1809 1877 1883 1947 1963 2071 2079 2101 2142 2155 2192 2253 2254 2308 2374 2414 
S 9: 1 | 4 16 23 40 105 128 139 141 159 167 184 201 243 267 307 333 364 390 425 467 507 548 591 595 617 687 727 785 851 860 877 932 970 985 1016 1028 1050 1071 1155 1284 1330 1375 1410 1456 1479 1535 1563 1632 1645 1687 1690 1761 1762 1803 1809 1877 1883 1947 1963 2071 2079 2101 2142 2155 2192 2253 2254 2308 2374 2414 
S 10: 1 | 4 16 23 40 105 128 139 141 159 167 184 201 243 267 307 333 364 390 425 467 507 548 591 595 617 687 727 785 851 860 877 932 970 985 1016 1028 1050 1071 1155 1284 1330 1375 1410 1456 1479 1535 1563 1632 1645 1687 1690 1761 1762 1803 1809 1877 1883 1947 1963 2071 2079 2101 2142 2155 2192 2253 2254 2308 2374 2414 
S 11: 1 | 4 16 23 40 105 128 139 141 159 167 184 201 243 267 307 333 364 390 425 467 507 548 591 595 617 687 727 785 851 860 877 932 970 985 1016 1028 1050 1071 1155 1284 1330 1375 1410 1456 1479 1535 1563 1632 1645 1687 1690 1761 1762 1803 1809 1877 1883 1947 1963 2071 2079 2101 2142 2155 2192 2253 2254 2308 2374 2414 
S 12: 1 | 4 16 23 40 105 128 139 141 159 167 184 201 243 267 307 333 364 390 425 467 507 548 591 595 617 687 727 785 851 860 877 932 970 985 1016 1028 1050 1071 1155 1284 1330 1375 1410 1456 1479 1535 1563 1632 1645 1687 1690 1761 1762 1803 1809 1877 1883 1947 1963 2071 2079 2101 2142 2155 2192 2253 2254 2308 2374 2414 
S 13: 1 | 4 16 23 40 105 128 139 141 159 167 184 201 243 267 307 333 364 390 425 467 507 548 591 595 617 687 727 785 851 860 877 932 970 985 1016 1028 1050 1071 1155 1284 1330 1375 1410 1456 1479 1535 1563 1632 1645 1687 1690 1761 1762 1803 1809 1877 1883 1947 1963 2071 2079 2101 2142 2155 2192 2253 2254 2308 2374 2414 
S 14: 1 | 4 16 23 40 105 128 139 141 159 167 184 201 243 267 307 333 364 390 425 467 507 548 591 595 617 687 727 785 851 860 877 932 970 985 1016 1028 1050 1071 1155 1284 1330 1375 1410 1456 1479 1535 1563 1632 1645 1687 1690 1761 1762 1803 1809 1877 1883 1947 1963 2071 2079 2101 2142 2155 2192 2253 2254 2308 2374 2414 
S 15: 1 | 4 16 23 40 105 128 139 141 159 167 184 201 243 267 307 333 364 390 425 467 507 548 591 595 617 687 727 785 851 860 877 932 970 985 1016 1028 1050 1071 1155 1284 1330 1375 1410 1456 1479 1535 1563 1632 1645 1687 1690 1761 1762 1803 1809 1877 1883 1947 1963 2071 2079 2101 2142 2155 2192 2253 2254 2308 2374 2414 
S 16: 1 | 4 16 23 40 105 128 139 141 159 167 184 201 243 267 307 333 364 390 425 467 507 548 591 595 617 687 727 785 851 860 877 932 970 985 1016 1028 1050 1071 1155 1284 1330 1375 1410 1456 1479 1535 1563 1632 1645 1687 1690 1761 1762 1803 1809 1877 1883 1947 1963 2071 2079 2101 2142 2155 2192 2253 2254 2308 2374 2414 
S 17: 1 | 4 16 23 40 105 128 139 141 159 167 184 201 243 267 307 333 364 390 425 467 507 548 591 595 617 687 727 785 851 860 877 932 970 985 1016 1028 1050 1071 1155 1284 1330 1375 1410 1456 1479 1535 1563 1632 1645 1687 1690 1761 1762 1803 1809 1877 1883 1947 1963 2071 2079 2101 2142 2155 2192 2253 2254 2308 2374 2414 
S 18: 1 | 4 16 23 40 105 128 139 141 159 167 184 201 243 267 307 333 364 390 425 467 507 548 591 595 617 687 727 785 851 860 877 932 970 985 1016 1028 1050 1071 1155 1284 1330 1375 1410 1456 1479 1535 1563 1632 1645 1687 1690 1761 1762 1803 1809 1877 1883 1947 1963 2071 2079 2101 2142 2155 2192 2253 2254 2308 2374 2414 
S 19: 1 | 4 16 23 40 105 128 139 141 159 167 184 201 243 267 307 333 364 390 425 467 507 548 591 595 617 687 727 785 851 860 877 932 970 985 1016 1028 1050 1071 1155 1284 1330 1375 1410 1456 1479 1535 1563 1632 1645 1687 1690 1761 1762 1803 1809 1877 1883 1947 1963 2071 2079 2101 2142 2155 2192 2253 2254 2308 2374 2414 

Final time = 1012.86
Final solution cost = 679
