Reading instance small_stp_instances/st70_10_05.stp of type D
Finished instance reading
Number of vertices = 70
Number of edges (resources) = 2415
Number of scenarios = 10
Average number of terminals per scenario = 70
Probabilities of Scenarios: (0) 0.05 | (1) 0.01 | (2) 0.03 | (3) 0.19 | (4) 0.2 | (5) 0.19 | (6) 0 | (7) 0.22 | (8) 0.01 | (9) 0.1 | 
Average weighted inflation = 0.235068
Largest inflation = 0.495238
MAX_ITERATIONS_SINCE_LAST_IMPROVEMENT 2
MAX_ITERATIONS_SINCE_BEST_SOLUTION 3
Creating solution instance.
Starting Evolutive Framework.
Local search solution cost = 663.35
Local search time = 392.755
392.755 local search - EF main loop cycle 0 solution cost 663.35
392.768s Cost of SP solution after second stage solver 663.35
Local search solution cost = 663
Local search time = 36.9867
429.755 local search - EF main loop cycle 1 solution cost 663
429.761s Cost of SP solution after second stage solver 663
Local search solution cost = 663
Local search time = 38.3975
468.159 local search - EF main loop cycle 2 solution cost 663
468.165s Cost of SP solution after second stage solver 663
Number of cycles 3
Time for each cycle 156.055
468.172s Cost of SP solution after tail step 663
SELECTED RESOURCES:
4 16 40 105 128 139 159 167 184 201 243 267 307 353 358 390 425 467 548 560 595 617 696 727 749 785 837 851 877 901 932 970 1016 1034 1050 1071 1141 1274 1284 1330 1331 1425 1456 1479 1495 1563 1632 1645 1674 1690 1722 1762 1808 1809 1862 1883 1912 1963 2066 2079 2136 2142 2192 2200 2237 2254 2308 2312 2374 2380 
SCENARIO'S RESOURCES:
S 0: 0 | 4 16 40 105 128 139 159 167 184 201 243 267 307 353 358 390 425 467 548 560 595 617 696 727 749 785 837 851 877 901 932 970 1016 1034 1050 1071 1141 1274 1284 1330 1331 1425 1456 1479 1495 1563 1632 1645 1674 1690 1722 1762 1808 1809 1862 1883 1912 1963 2066 2079 2136 2142 2192 2200 2237 2254 2308 2312 2374 2380 
S 1: 0 | 4 16 40 105 128 139 159 167 184 201 243 267 307 353 358 390 425 467 548 560 595 617 696 727 749 785 837 851 877 901 932 970 1016 1034 1050 1071 1141 1274 1284 1330 1331 1425 1456 1479 1495 1563 1632 1645 1674 1690 1722 1762 1808 1809 1862 1883 1912 1963 2066 2079 2136 2142 2192 2200 2237 2254 2308 2312 2374 2380 
S 2: 0 | 4 16 40 105 128 139 159 167 184 201 243 267 307 353 358 390 425 467 548 560 595 617 696 727 749 785 837 851 877 901 932 970 1016 1034 1050 1071 1141 1274 1284 1330 1331 1425 1456 1479 1495 1563 1632 1645 1674 1690 1722 1762 1808 1809 1862 1883 1912 1963 2066 2079 2136 2142 2192 2200 2237 2254 2308 2312 2374 2380 
S 3: 0 | 4 16 40 105 128 139 159 167 184 201 243 267 307 353 358 390 425 467 548 560 595 617 696 727 749 785 837 851 877 901 932 970 1016 1034 1050 1071 1141 1274 1284 1330 1331 1425 1456 1479 1495 1563 1632 1645 1674 1690 1722 1762 1808 1809 1862 1883 1912 1963 2066 2079 2136 2142 2192 2200 2237 2254 2308 2312 2374 2380 
S 4: 0 | 4 16 40 105 128 139 159 167 184 201 243 267 307 353 358 390 425 467 548 560 595 617 696 727 749 785 837 851 877 901 932 970 1016 1034 1050 1071 1141 1274 1284 1330 1331 1425 1456 1479 1495 1563 1632 1645 1674 1690 1722 1762 1808 1809 1862 1883 1912 1963 2066 2079 2136 2142 2192 2200 2237 2254 2308 2312 2374 2380 
S 5: 0 | 4 16 40 105 128 139 159 167 184 201 243 267 307 353 358 390 425 467 548 560 595 617 696 727 749 785 837 851 877 901 932 970 1016 1034 1050 1071 1141 1274 1284 1330 1331 1425 1456 1479 1495 1563 1632 1645 1674 1690 1722 1762 1808 1809 1862 1883 1912 1963 2066 2079 2136 2142 2192 2200 2237 2254 2308 2312 2374 2380 
S 6: 0 | 4 16 40 105 128 139 159 167 184 201 243 267 307 353 358 390 425 467 548 560 595 617 696 727 749 785 837 851 877 901 932 970 1016 1034 1050 1071 1141 1274 1284 1330 1331 1425 1456 1479 1495 1563 1632 1645 1674 1690 1722 1762 1808 1809 1862 1883 1912 1963 2066 2079 2136 2142 2192 2200 2237 2254 2308 2312 2374 2380 
S 7: 0 | 4 16 40 105 128 139 159 167 184 201 243 267 307 353 358 390 425 467 548 560 595 617 696 727 749 785 837 851 877 901 932 970 1016 1034 1050 1071 1141 1274 1284 1330 1331 1425 1456 1479 1495 1563 1632 1645 1674 1690 1722 1762 1808 1809 1862 1883 1912 1963 2066 2079 2136 2142 2192 2200 2237 2254 2308 2312 2374 2380 
S 8: 0 | 4 16 40 105 128 139 159 167 184 201 243 267 307 353 358 390 425 467 548 560 595 617 696 727 749 785 837 851 877 901 932 970 1016 1034 1050 1071 1141 1274 1284 1330 1331 1425 1456 1479 1495 1563 1632 1645 1674 1690 1722 1762 1808 1809 1862 1883 1912 1963 2066 2079 2136 2142 2192 2200 2237 2254 2308 2312 2374 2380 
S 9: 0 | 4 16 40 105 128 139 159 167 184 201 243 267 307 353 358 390 425 467 548 560 595 617 696 727 749 785 837 851 877 901 932 970 1016 1034 1050 1071 1141 1274 1284 1330 1331 1425 1456 1479 1495 1563 1632 1645 1674 1690 1722 1762 1808 1809 1862 1883 1912 1963 2066 2079 2136 2142 2192 2200 2237 2254 2308 2312 2374 2380 
ALL EQUAL

Final time = 468.183
Final solution cost = 663
