Reading instance small_stp_instances/st70_20_05.stp of type D
Finished instance reading
Number of vertices = 70
Number of edges (resources) = 2415
Number of scenarios = 20
Average number of terminals per scenario = 70
Probabilities of Scenarios: (0) 0.07 | (1) 0.07 | (2) 0.02 | (3) 0.07 | (4) 0.02 | (5) 0.16 | (6) 0.02 | (7) 0.07 | (8) 0.02 | (9) 0.04 | (10) 0.08 | (11) 0.06 | (12) 0.02 | (13) 0.01 | (14) 0.09 | (15) 0 | (16) 0 | (17) 0.02 | (18) 0.08 | (19) 0.08 | 
Average weighted inflation = 0.235675
Largest inflation = 0.495413
MAX_ITERATIONS_SINCE_LAST_IMPROVEMENT 2
MAX_ITERATIONS_SINCE_BEST_SOLUTION 3
Creating solution instance.
Starting Evolutive Framework.
Local search solution cost = 656.52
Local search time = 742.554
742.554 local search - EF main loop cycle 0 solution cost 656.52
742.581s Cost of SP solution after second stage solver 656.52
Local search solution cost = 654
Local search time = 68.6752
811.256 local search - EF main loop cycle 1 solution cost 654
811.269s Cost of SP solution after second stage solver 654
Local search solution cost = 654
Local search time = 69.4716
880.74 local search - EF main loop cycle 2 solution cost 654
880.753s Cost of SP solution after second stage solver 654
Local search solution cost = 654
Local search time = 68.9145
949.668 local search - EF main loop cycle 3 solution cost 654
949.685s Cost of SP solution after second stage solver 654
Number of cycles 4
Time for each cycle 237.421
949.699s Cost of SP solution after tail step 654
SELECTED RESOURCES:
4 16 23 40 105 128 139 159 184 201 243 267 271 307 364 390 425 467 548 560 591 595 617 727 749 785 837 851 877 901 932 970 1016 1034 1050 1071 1091 1155 1274 1284 1330 1331 1456 1479 1535 1554 1632 1645 1674 1690 1722 1762 1808 1809 1862 1883 1947 1963 2071 2079 2101 2142 2192 2198 2237 2254 2308 2315 2374 2380 
SCENARIO'S RESOURCES:
S 0: 0 | 4 16 23 40 105 128 139 159 184 201 243 267 271 307 364 390 425 467 548 560 591 595 617 727 749 785 837 851 877 901 932 970 1016 1034 1050 1071 1091 1155 1274 1284 1330 1331 1456 1479 1535 1554 1632 1645 1674 1690 1722 1762 1808 1809 1862 1883 1947 1963 2071 2079 2101 2142 2192 2198 2237 2254 2308 2315 2374 2380 
S 1: 0 | 4 16 23 40 105 128 139 159 184 201 243 267 271 307 364 390 425 467 548 560 591 595 617 727 749 785 837 851 877 901 932 970 1016 1034 1050 1071 1091 1155 1274 1284 1330 1331 1456 1479 1535 1554 1632 1645 1674 1690 1722 1762 1808 1809 1862 1883 1947 1963 2071 2079 2101 2142 2192 2198 2237 2254 2308 2315 2374 2380 
S 2: 0 | 4 16 23 40 105 128 139 159 184 201 243 267 271 307 364 390 425 467 548 560 591 595 617 727 749 785 837 851 877 901 932 970 1016 1034 1050 1071 1091 1155 1274 1284 1330 1331 1456 1479 1535 1554 1632 1645 1674 1690 1722 1762 1808 1809 1862 1883 1947 1963 2071 2079 2101 2142 2192 2198 2237 2254 2308 2315 2374 2380 
S 3: 0 | 4 16 23 40 105 128 139 159 184 201 243 267 271 307 364 390 425 467 548 560 591 595 617 727 749 785 837 851 877 901 932 970 1016 1034 1050 1071 1091 1155 1274 1284 1330 1331 1456 1479 1535 1554 1632 1645 1674 1690 1722 1762 1808 1809 1862 1883 1947 1963 2071 2079 2101 2142 2192 2198 2237 2254 2308 2315 2374 2380 
S 4: 0 | 4 16 23 40 105 128 139 159 184 201 243 267 271 307 364 390 425 467 548 560 591 595 617 727 749 785 837 851 877 901 932 970 1016 1034 1050 1071 1091 1155 1274 1284 1330 1331 1456 1479 1535 1554 1632 1645 1674 1690 1722 1762 1808 1809 1862 1883 1947 1963 2071 2079 2101 2142 2192 2198 2237 2254 2308 2315 2374 2380 
S 5: 0 | 4 16 23 40 105 128 139 159 184 201 243 267 271 307 364 390 425 467 548 560 591 595 617 727 749 785 837 851 877 901 932 970 1016 1034 1050 1071 1091 1155 1274 1284 1330 1331 1456 1479 1535 1554 1632 1645 1674 1690 1722 1762 1808 1809 1862 1883 1947 1963 2071 2079 2101 2142 2192 2198 2237 2254 2308 2315 2374 2380 
S 6: 0 | 4 16 23 40 105 128 139 159 184 201 243 267 271 307 364 390 425 467 548 560 591 595 617 727 749 785 837 851 877 901 932 970 1016 1034 1050 1071 1091 1155 1274 1284 1330 1331 1456 1479 1535 1554 1632 1645 1674 1690 1722 1762 1808 1809 1862 1883 1947 1963 2071 2079 2101 2142 2192 2198 2237 2254 2308 2315 2374 2380 
S 7: 0 | 4 16 23 40 105 128 139 159 184 201 243 267 271 307 364 390 425 467 548 560 591 595 617 727 749 785 837 851 877 901 932 970 1016 1034 1050 1071 1091 1155 1274 1284 1330 1331 1456 1479 1535 1554 1632 1645 1674 1690 1722 1762 1808 1809 1862 1883 1947 1963 2071 2079 2101 2142 2192 2198 2237 2254 2308 2315 2374 2380 
S 8: 0 | 4 16 23 40 105 128 139 159 184 201 243 267 271 307 364 390 425 467 548 560 591 595 617 727 749 785 837 851 877 901 932 970 1016 1034 1050 1071 1091 1155 1274 1284 1330 1331 1456 1479 1535 1554 1632 1645 1674 1690 1722 1762 1808 1809 1862 1883 1947 1963 2071 2079 2101 2142 2192 2198 2237 2254 2308 2315 2374 2380 
S 9: 0 | 4 16 23 40 105 128 139 159 184 201 243 267 271 307 364 390 425 467 548 560 591 595 617 727 749 785 837 851 877 901 932 970 1016 1034 1050 1071 1091 1155 1274 1284 1330 1331 1456 1479 1535 1554 1632 1645 1674 1690 1722 1762 1808 1809 1862 1883 1947 1963 2071 2079 2101 2142 2192 2198 2237 2254 2308 2315 2374 2380 
S 10: 0 | 4 16 23 40 105 128 139 159 184 201 243 267 271 307 364 390 425 467 548 560 591 595 617 727 749 785 837 851 877 901 932 970 1016 1034 1050 1071 1091 1155 1274 1284 1330 1331 1456 1479 1535 1554 1632 1645 1674 1690 1722 1762 1808 1809 1862 1883 1947 1963 2071 2079 2101 2142 2192 2198 2237 2254 2308 2315 2374 2380 
S 11: 0 | 4 16 23 40 105 128 139 159 184 201 243 267 271 307 364 390 425 467 548 560 591 595 617 727 749 785 837 851 877 901 932 970 1016 1034 1050 1071 1091 1155 1274 1284 1330 1331 1456 1479 1535 1554 1632 1645 1674 1690 1722 1762 1808 1809 1862 1883 1947 1963 2071 2079 2101 2142 2192 2198 2237 2254 2308 2315 2374 2380 
S 12: 0 | 4 16 23 40 105 128 139 159 184 201 243 267 271 307 364 390 425 467 548 560 591 595 617 727 749 785 837 851 877 901 932 970 1016 1034 1050 1071 1091 1155 1274 1284 1330 1331 1456 1479 1535 1554 1632 1645 1674 1690 1722 1762 1808 1809 1862 1883 1947 1963 2071 2079 2101 2142 2192 2198 2237 2254 2308 2315 2374 2380 
S 13: 0 | 4 16 23 40 105 128 139 159 184 201 243 267 271 307 364 390 425 467 548 560 591 595 617 727 749 785 837 851 877 901 932 970 1016 1034 1050 1071 1091 1155 1274 1284 1330 1331 1456 1479 1535 1554 1632 1645 1674 1690 1722 1762 1808 1809 1862 1883 1947 1963 2071 2079 2101 2142 2192 2198 2237 2254 2308 2315 2374 2380 
S 14: 0 | 4 16 23 40 105 128 139 159 184 201 243 267 271 307 364 390 425 467 548 560 591 595 617 727 749 785 837 851 877 901 932 970 1016 1034 1050 1071 1091 1155 1274 1284 1330 1331 1456 1479 1535 1554 1632 1645 1674 1690 1722 1762 1808 1809 1862 1883 1947 1963 2071 2079 2101 2142 2192 2198 2237 2254 2308 2315 2374 2380 
S 15: 0 | 4 16 23 40 105 128 139 159 184 201 243 267 271 307 364 390 425 467 548 560 591 595 617 727 749 785 837 851 877 901 932 970 1016 1034 1050 1071 1091 1155 1274 1284 1330 1331 1456 1479 1535 1554 1632 1645 1674 1690 1722 1762 1808 1809 1862 1883 1947 1963 2071 2079 2101 2142 2192 2198 2237 2254 2308 2315 2374 2380 
S 16: 0 | 4 16 23 40 105 128 139 159 184 201 243 267 271 307 364 390 425 467 548 560 591 595 617 727 749 785 837 851 877 901 932 970 1016 1034 1050 1071 1091 1155 1274 1284 1330 1331 1456 1479 1535 1554 1632 1645 1674 1690 1722 1762 1808 1809 1862 1883 1947 1963 2071 2079 2101 2142 2192 2198 2237 2254 2308 2315 2374 2380 
S 17: 0 | 4 16 23 40 105 128 139 159 184 201 243 267 271 307 364 390 425 467 548 560 591 595 617 727 749 785 837 851 877 901 932 970 1016 1034 1050 1071 1091 1155 1274 1284 1330 1331 1456 1479 1535 1554 1632 1645 1674 1690 1722 1762 1808 1809 1862 1883 1947 1963 2071 2079 2101 2142 2192 2198 2237 2254 2308 2315 2374 2380 
S 18: 0 | 4 16 23 40 105 128 139 159 184 201 243 267 271 307 364 390 425 467 548 560 591 595 617 727 749 785 837 851 877 901 932 970 1016 1034 1050 1071 1091 1155 1274 1284 1330 1331 1456 1479 1535 1554 1632 1645 1674 1690 1722 1762 1808 1809 1862 1883 1947 1963 2071 2079 2101 2142 2192 2198 2237 2254 2308 2315 2374 2380 
S 19: 0 | 4 16 23 40 105 128 139 159 184 201 243 267 271 307 364 390 425 467 548 560 591 595 617 727 749 785 837 851 877 901 932 970 1016 1034 1050 1071 1091 1155 1274 1284 1330 1331 1456 1479 1535 1554 1632 1645 1674 1690 1722 1762 1808 1809 1862 1883 1947 1963 2071 2079 2101 2142 2192 2198 2237 2254 2308 2315 2374 2380 
ALL EQUAL

Final time = 949.72
Final solution cost = 654
