Reading instance small_stp_instances/st70_5_10.stp of type D
Finished instance reading
Number of vertices = 70
Number of edges (resources) = 2415
Number of scenarios = 5
Average number of terminals per scenario = 70
Probabilities of Scenarios: (0) 0.04 | (1) 0.39 | (2) 0.04 | (3) 0.23 | (4) 0.3 | 
Average weighted inflation = 0.485526
Largest inflation = 0.990196
MAX_ITERATIONS_SINCE_LAST_IMPROVEMENT 2
MAX_ITERATIONS_SINCE_BEST_SOLUTION 3
Creating solution instance.
Starting Evolutive Framework.
Local search solution cost = 684.89
Local search time = 187.153
187.153 local search - EF main loop cycle 0 solution cost 684.89
187.161s Cost of SP solution after second stage solver 684.89
Local search solution cost = 676
Local search time = 17.9968
205.158 local search - EF main loop cycle 1 solution cost 676
205.161s Cost of SP solution after second stage solver 676
Local search solution cost = 676
Local search time = 17.9813
223.142 local search - EF main loop cycle 2 solution cost 676
223.146s Cost of SP solution after second stage solver 676
Local search solution cost = 676
Local search time = 17.8189
240.964 local search - EF main loop cycle 3 solution cost 676
240.968s Cost of SP solution after second stage solver 676
Number of cycles 4
Time for each cycle 60.2419
240.971s Cost of SP solution after tail step 676
SELECTED RESOURCES:
4 16 23 40 128 139 159 167 184 201 231 267 307 364 390 425 467 470 507 548 591 595 607 645 727 749 785 837 860 877 894 932 970 1016 1034 1050 1057 1091 1153 1284 1330 1375 1410 1458 1479 1535 1563 1632 1645 1674 1690 1761 1762 1808 1809 1883 1947 1963 2071 2079 2101 2142 2192 2206 2237 2254 2308 2315 2374 2380 
SCENARIO'S RESOURCES:
S 0: 0 | 4 16 23 40 128 139 159 167 184 201 231 267 307 364 390 425 467 470 507 548 591 595 607 645 727 749 785 837 860 877 894 932 970 1016 1034 1050 1057 1091 1153 1284 1330 1375 1410 1458 1479 1535 1563 1632 1645 1674 1690 1761 1762 1808 1809 1883 1947 1963 2071 2079 2101 2142 2192 2206 2237 2254 2308 2315 2374 2380 
S 1: 0 | 4 16 23 40 128 139 159 167 184 201 231 267 307 364 390 425 467 470 507 548 591 595 607 645 727 749 785 837 860 877 894 932 970 1016 1034 1050 1057 1091 1153 1284 1330 1375 1410 1458 1479 1535 1563 1632 1645 1674 1690 1761 1762 1808 1809 1883 1947 1963 2071 2079 2101 2142 2192 2206 2237 2254 2308 2315 2374 2380 
S 2: 0 | 4 16 23 40 128 139 159 167 184 201 231 267 307 364 390 425 467 470 507 548 591 595 607 645 727 749 785 837 860 877 894 932 970 1016 1034 1050 1057 1091 1153 1284 1330 1375 1410 1458 1479 1535 1563 1632 1645 1674 1690 1761 1762 1808 1809 1883 1947 1963 2071 2079 2101 2142 2192 2206 2237 2254 2308 2315 2374 2380 
S 3: 0 | 4 16 23 40 128 139 159 167 184 201 231 267 307 364 390 425 467 470 507 548 591 595 607 645 727 749 785 837 860 877 894 932 970 1016 1034 1050 1057 1091 1153 1284 1330 1375 1410 1458 1479 1535 1563 1632 1645 1674 1690 1761 1762 1808 1809 1883 1947 1963 2071 2079 2101 2142 2192 2206 2237 2254 2308 2315 2374 2380 
S 4: 0 | 4 16 23 40 128 139 159 167 184 201 231 267 307 364 390 425 467 470 507 548 591 595 607 645 727 749 785 837 860 877 894 932 970 1016 1034 1050 1057 1091 1153 1284 1330 1375 1410 1458 1479 1535 1563 1632 1645 1674 1690 1761 1762 1808 1809 1883 1947 1963 2071 2079 2101 2142 2192 2206 2237 2254 2308 2315 2374 2380 
ALL EQUAL

Final time = 240.977
Final solution cost = 676
