Reading instance small_stp_instances/st70_5_05.stp of type D
Finished instance reading
Number of vertices = 70
Number of edges (resources) = 2415
Number of scenarios = 5
Average number of terminals per scenario = 70
Probabilities of Scenarios: (0) 0.21 | (1) 0.3 | (2) 0.17 | (3) 0.04 | (4) 0.28 | 
Average weighted inflation = 0.235595
Largest inflation = 0.494845
MAX_ITERATIONS_SINCE_LAST_IMPROVEMENT 2
MAX_ITERATIONS_SINCE_BEST_SOLUTION 3
Creating solution instance.
Starting Evolutive Framework.
Local search solution cost = 662.28
Local search time = 206.2
206.201 local search - EF main loop cycle 0 solution cost 662.28
206.233s Cost of SP solution after second stage solver 662.28
Local search solution cost = 655
Local search time = 17.5466
223.779 local search - EF main loop cycle 1 solution cost 655
223.782s Cost of SP solution after second stage solver 655
Local search solution cost = 655
Local search time = 17.29
241.073 local search - EF main loop cycle 2 solution cost 655
241.076s Cost of SP solution after second stage solver 655
Local search solution cost = 655
Local search time = 17.1897
258.266 local search - EF main loop cycle 3 solution cost 655
258.27s Cost of SP solution after second stage solver 655
Number of cycles 4
Time for each cycle 64.5675
258.274s Cost of SP solution after tail step 655
SELECTED RESOURCES:
4 16 23 40 105 128 139 159 184 201 243 267 271 307 364 390 425 467 507 548 591 595 617 727 749 785 837 851 877 901 932 970 1016 1034 1050 1071 1091 1155 1274 1284 1330 1331 1456 1479 1535 1554 1632 1645 1674 1690 1743 1762 1808 1809 1863 1883 1947 1963 2071 2079 2101 2142 2192 2198 2237 2254 2308 2315 2374 2380 
SCENARIO'S RESOURCES:
S 0: 0 | 4 16 23 40 105 128 139 159 184 201 243 267 271 307 364 390 425 467 507 548 591 595 617 727 749 785 837 851 877 901 932 970 1016 1034 1050 1071 1091 1155 1274 1284 1330 1331 1456 1479 1535 1554 1632 1645 1674 1690 1743 1762 1808 1809 1863 1883 1947 1963 2071 2079 2101 2142 2192 2198 2237 2254 2308 2315 2374 2380 
S 1: 0 | 4 16 23 40 105 128 139 159 184 201 243 267 271 307 364 390 425 467 507 548 591 595 617 727 749 785 837 851 877 901 932 970 1016 1034 1050 1071 1091 1155 1274 1284 1330 1331 1456 1479 1535 1554 1632 1645 1674 1690 1743 1762 1808 1809 1863 1883 1947 1963 2071 2079 2101 2142 2192 2198 2237 2254 2308 2315 2374 2380 
S 2: 0 | 4 16 23 40 105 128 139 159 184 201 243 267 271 307 364 390 425 467 507 548 591 595 617 727 749 785 837 851 877 901 932 970 1016 1034 1050 1071 1091 1155 1274 1284 1330 1331 1456 1479 1535 1554 1632 1645 1674 1690 1743 1762 1808 1809 1863 1883 1947 1963 2071 2079 2101 2142 2192 2198 2237 2254 2308 2315 2374 2380 
S 3: 0 | 4 16 23 40 105 128 139 159 184 201 243 267 271 307 364 390 425 467 507 548 591 595 617 727 749 785 837 851 877 901 932 970 1016 1034 1050 1071 1091 1155 1274 1284 1330 1331 1456 1479 1535 1554 1632 1645 1674 1690 1743 1762 1808 1809 1863 1883 1947 1963 2071 2079 2101 2142 2192 2198 2237 2254 2308 2315 2374 2380 
S 4: 0 | 4 16 23 40 105 128 139 159 184 201 243 267 271 307 364 390 425 467 507 548 591 595 617 727 749 785 837 851 877 901 932 970 1016 1034 1050 1071 1091 1155 1274 1284 1330 1331 1456 1479 1535 1554 1632 1645 1674 1690 1743 1762 1808 1809 1863 1883 1947 1963 2071 2079 2101 2142 2192 2198 2237 2254 2308 2315 2374 2380 
ALL EQUAL

Final time = 258.283
Final solution cost = 655
