Reading instance small_stp_instances/st70_10_03.stp of type D
Finished instance reading
Number of vertices = 70
Number of edges (resources) = 2415
Number of scenarios = 10
Average number of terminals per scenario = 70
Probabilities of Scenarios: (0) 0.06 | (1) 0.21 | (2) 0.07 | (3) 0.07 | (4) 0.02 | (5) 0.17 | (6) 0.14 | (7) 0.12 | (8) 0.02 | (9) 0.12 | 
Average weighted inflation = 0.13573
Largest inflation = 0.298851
MAX_ITERATIONS_SINCE_LAST_IMPROVEMENT 2
MAX_ITERATIONS_SINCE_BEST_SOLUTION 3
Creating solution instance.
Starting Evolutive Framework.
Local search solution cost = 652.36
Local search time = 326.255
326.255 local search - EF main loop cycle 0 solution cost 652.36
326.264s Cost of SP solution after second stage solver 652.36
Local search solution cost = 652
Local search time = 38.1401
364.404 local search - EF main loop cycle 1 solution cost 652
364.416s Cost of SP solution after second stage solver 652
Local search solution cost = 652
Local search time = 40.4074
404.823 local search - EF main loop cycle 2 solution cost 652
404.83s Cost of SP solution after second stage solver 652
Number of cycles 3
Time for each cycle 134.943
404.837s Cost of SP solution after tail step 652
SELECTED RESOURCES:
4 16 23 40 105 128 139 159 184 201 243 267 271 307 364 390 425 467 548 560 595 617 696 727 749 785 837 851 877 901 932 970 1016 1034 1050 1071 1155 1274 1284 1330 1331 1425 1456 1479 1535 1554 1632 1645 1674 1690 1722 1762 1808 1809 1862 1883 1947 1963 2071 2079 2101 2142 2155 2192 2237 2254 2312 2374 2380 
SCENARIO'S RESOURCES:
S 0: 2 | 4 16 23 40 105 128 139 159 184 201 243 267 271 307 364 390 425 467 548 560 595 617 696 727 749 785 837 851 877 901 932 970 1016 1034 1050 1071 1155 1274 1284 1330 1331 1425 1456 1479 1535 1554 1632 1645 1674 1690 1722 1762 1808 1809 1862 1883 1947 1963 2071 2079 2101 2142 2155 2192 2237 2254 2308 2312 2374 2380 
S 1: 2 | 4 16 23 40 105 128 139 159 184 201 243 267 271 307 364 390 425 467 548 560 595 617 696 727 749 785 837 851 877 901 932 970 1016 1034 1050 1071 1155 1274 1284 1330 1331 1425 1456 1479 1535 1554 1632 1645 1674 1690 1722 1762 1808 1809 1862 1883 1947 1963 2071 2079 2101 2142 2155 2192 2237 2254 2308 2312 2374 2380 
S 2: 2 | 4 16 23 40 105 128 139 159 184 201 243 267 271 307 364 390 425 467 548 560 595 617 696 727 749 785 837 851 877 901 932 970 1016 1034 1050 1071 1155 1274 1284 1330 1331 1425 1456 1479 1535 1554 1632 1645 1674 1690 1722 1762 1808 1809 1862 1883 1947 1963 2071 2079 2101 2142 2155 2192 2237 2254 2308 2312 2374 2380 
S 3: 2 | 4 16 23 40 105 128 139 159 184 201 243 267 271 307 364 390 425 467 548 560 595 617 696 727 749 785 837 851 877 901 932 970 1016 1034 1050 1071 1155 1274 1284 1330 1331 1425 1456 1479 1535 1554 1632 1645 1674 1690 1722 1762 1808 1809 1862 1883 1947 1963 2071 2079 2101 2142 2155 2192 2237 2254 2308 2312 2374 2380 
S 4: 2 | 4 16 23 40 105 128 139 159 184 201 243 267 271 307 364 390 425 467 548 560 595 617 696 727 749 785 837 851 877 901 932 970 1016 1034 1050 1071 1155 1274 1284 1330 1331 1425 1456 1479 1535 1554 1632 1645 1674 1690 1722 1762 1808 1809 1862 1883 1947 1963 2071 2079 2101 2142 2155 2192 2237 2254 2308 2312 2374 2380 
S 5: 2 | 4 16 23 40 105 128 139 159 184 201 243 267 271 307 364 390 425 467 548 560 595 617 696 727 749 785 837 851 877 901 932 970 1016 1034 1050 1071 1155 1274 1284 1330 1331 1425 1456 1479 1535 1554 1632 1645 1674 1690 1722 1762 1808 1809 1862 1883 1947 1963 2071 2079 2101 2142 2155 2192 2237 2254 2308 2312 2374 2380 
S 6: 2 | 4 16 23 40 105 128 139 159 184 201 243 267 271 307 364 390 425 467 548 560 595 617 696 727 749 785 837 851 877 901 932 970 1016 1034 1050 1071 1155 1274 1284 1330 1331 1425 1456 1479 1535 1554 1632 1645 1674 1690 1722 1762 1808 1809 1862 1883 1947 1963 2071 2079 2101 2142 2155 2192 2237 2254 2308 2312 2374 2380 
S 7: 2 | 4 16 23 40 105 128 139 159 184 201 243 267 271 307 364 390 425 467 548 560 595 617 696 727 749 785 837 851 877 901 932 970 1016 1034 1050 1071 1155 1274 1284 1330 1331 1425 1456 1479 1535 1554 1632 1645 1674 1690 1722 1762 1808 1809 1862 1883 1947 1963 2071 2079 2101 2142 2155 2192 2237 2254 2308 2312 2374 2380 
S 8: 2 | 4 16 23 40 105 128 139 159 184 201 243 267 271 307 364 390 425 467 548 560 595 617 696 727 749 785 837 851 877 901 932 970 1016 1034 1050 1071 1155 1274 1284 1330 1331 1425 1456 1479 1535 1554 1632 1645 1674 1690 1722 1762 1808 1809 1862 1883 1947 1963 2071 2079 2101 2142 2155 2192 2237 2254 2308 2312 2374 2380 
S 9: 2 | 4 16 23 40 105 128 139 159 184 201 243 267 271 307 364 390 425 467 548 560 595 617 696 727 749 785 837 851 877 901 932 970 1016 1034 1050 1071 1155 1274 1284 1330 1331 1425 1456 1479 1535 1554 1632 1645 1674 1690 1722 1762 1808 1809 1862 1883 1947 1963 2071 2079 2101 2142 2155 2192 2237 2254 2308 2312 2374 2380 

Final time = 404.852
Final solution cost = 652
