Reading instance small_stp_instances/st70_5_03.stp of type D
Finished instance reading
Number of vertices = 70
Number of edges (resources) = 2415
Number of scenarios = 5
Average number of terminals per scenario = 70
Probabilities of Scenarios: (0) 0.08 | (1) 0.17 | (2) 0.01 | (3) 0.34 | (4) 0.4 | 
Average weighted inflation = 0.136108
Largest inflation = 0.298701
MAX_ITERATIONS_SINCE_LAST_IMPROVEMENT 2
MAX_ITERATIONS_SINCE_BEST_SOLUTION 3
Creating solution instance.
Starting Evolutive Framework.
Local search solution cost = 656.93
Local search time = 190.786
190.786 local search - EF main loop cycle 0 solution cost 656.93
190.797s Cost of SP solution after second stage solver 656.93
Local search solution cost = 654
Local search time = 18.2637
209.061 local search - EF main loop cycle 1 solution cost 654
209.064s Cost of SP solution after second stage solver 654
Local search solution cost = 654
Local search time = 18.0179
227.082 local search - EF main loop cycle 2 solution cost 654
227.086s Cost of SP solution after second stage solver 654
Local search solution cost = 654
Local search time = 18.1985
245.285 local search - EF main loop cycle 3 solution cost 654
245.289s Cost of SP solution after second stage solver 654
Number of cycles 4
Time for each cycle 61.3221
245.292s Cost of SP solution after tail step 654
SELECTED RESOURCES:
4 16 23 40 128 139 159 184 201 231 246 267 271 307 364 390 425 467 548 560 595 623 696 727 749 785 837 851 877 901 932 970 1016 1034 1050 1071 1155 1274 1284 1330 1331 1425 1456 1479 1495 1554 1632 1645 1674 1690 1722 1762 1808 1809 1862 1883 1947 1963 2066 2079 2101 2142 2192 2200 2237 2312 2358 2380 
SCENARIO'S RESOURCES:
S 0: 6 | 4 16 23 40 128 139 159 184 201 231 246 267 271 307 364 390 425 467 548 560 595 623 696 727 749 785 837 851 877 901 932 970 1016 1034 1050 1071 1155 1274 1284 1330 1331 1425 1456 1479 1495 1554 1632 1645 1674 1690 1722 1762 1808 1809 1862 1883 1947 1963 2066 2079 2101 2142 2192 2200 2237 2254 2308 2312 2358 2380 
S 1: 6 | 4 16 23 40 128 139 159 184 201 231 246 267 271 307 364 390 425 467 548 560 595 623 696 727 749 785 837 851 877 901 932 970 1016 1034 1050 1071 1155 1274 1284 1330 1331 1425 1456 1479 1495 1554 1632 1645 1674 1690 1722 1762 1808 1809 1862 1883 1947 1963 2066 2079 2101 2142 2192 2200 2237 2254 2308 2312 2358 2380 
S 2: 6 | 4 16 23 40 128 139 159 184 201 231 246 267 271 307 364 390 425 467 548 560 595 623 696 727 749 785 837 851 877 901 932 970 1016 1034 1050 1071 1155 1274 1284 1330 1331 1425 1456 1479 1495 1554 1632 1645 1674 1690 1722 1762 1808 1809 1862 1883 1947 1963 2066 2079 2101 2142 2192 2200 2237 2254 2308 2312 2358 2380 
S 3: 6 | 4 16 23 40 128 139 159 184 201 231 246 267 271 307 364 390 425 467 548 560 595 623 696 727 749 785 837 851 877 901 932 970 1016 1034 1050 1071 1155 1274 1284 1330 1331 1425 1456 1479 1495 1554 1632 1645 1674 1690 1722 1762 1808 1809 1862 1883 1947 1963 2066 2079 2101 2142 2192 2200 2237 2254 2308 2312 2358 2380 
S 4: 6 | 4 16 23 40 128 139 159 184 201 231 246 267 271 307 364 390 425 467 548 560 595 623 696 727 749 785 837 851 877 901 932 970 1016 1034 1050 1071 1155 1274 1284 1330 1331 1425 1456 1479 1495 1554 1632 1645 1674 1690 1722 1762 1808 1809 1862 1883 1947 1963 2066 2079 2101 2142 2192 2200 2237 2254 2308 2312 2358 2380 

Final time = 245.298
Final solution cost = 654
