Reading instance small_stp_instances/st70_10_10.stp of type D
Finished instance reading
Number of vertices = 70
Number of edges (resources) = 2415
Number of scenarios = 10
Average number of terminals per scenario = 70
Probabilities of Scenarios: (0) 0.08 | (1) 0.11 | (2) 0 | (3) 0.13 | (4) 0.12 | (5) 0.1 | (6) 0.17 | (7) 0.15 | (8) 0.07 | (9) 0.07 | 
Average weighted inflation = 0.485113
Largest inflation = 0.991228
MAX_ITERATIONS_SINCE_LAST_IMPROVEMENT 2
MAX_ITERATIONS_SINCE_BEST_SOLUTION 3
Creating solution instance.
Starting Evolutive Framework.
Local search solution cost = 678
Local search time = 401.358
401.358 local search - EF main loop cycle 0 solution cost 678
401.364s Cost of SP solution after second stage solver 678
Local search solution cost = 678
Local search time = 35.7929
437.157 local search - EF main loop cycle 1 solution cost 678
437.166s Cost of SP solution after second stage solver 678
Local search solution cost = 678
Local search time = 38.5415
475.708 local search - EF main loop cycle 2 solution cost 678
475.719s Cost of SP solution after second stage solver 678
Number of cycles 3
Time for each cycle 158.573
475.729s Cost of SP solution after tail step 678
SELECTED RESOURCES:
4 16 23 40 105 128 139 159 167 184 201 243 267 307 364 390 425 467 560 595 617 687 727 749 785 837 851 877 901 929 970 1016 1028 1050 1071 1091 1155 1274 1284 1330 1331 1456 1479 1495 1563 1632 1645 1687 1690 1722 1762 1809 1814 1862 1883 1912 2003 2071 2079 2136 2142 2192 2198 2240 2254 2308 2312 2374 2376 
SCENARIO'S RESOURCES:
S 0: 1 | 4 16 23 40 105 128 139 159 167 184 201 243 267 307 364 390 425 467 548 560 595 617 687 727 749 785 837 851 877 901 929 970 1016 1028 1050 1071 1091 1155 1274 1284 1330 1331 1456 1479 1495 1563 1632 1645 1687 1690 1722 1762 1809 1814 1862 1883 1912 2003 2071 2079 2136 2142 2192 2198 2240 2254 2308 2312 2374 2376 
S 1: 1 | 4 16 23 40 105 128 139 159 167 184 201 243 267 307 364 390 425 467 548 560 595 617 687 727 749 785 837 851 877 901 929 970 1016 1028 1050 1071 1091 1155 1274 1284 1330 1331 1456 1479 1495 1563 1632 1645 1687 1690 1722 1762 1809 1814 1862 1883 1912 2003 2071 2079 2136 2142 2192 2198 2240 2254 2308 2312 2374 2376 
S 2: 1 | 4 16 23 40 105 128 139 159 167 184 201 243 267 307 364 390 425 467 548 560 595 617 687 727 749 785 837 851 877 901 929 970 1016 1028 1050 1071 1091 1155 1274 1284 1330 1331 1456 1479 1495 1563 1632 1645 1687 1690 1722 1762 1809 1814 1862 1883 1912 2003 2071 2079 2136 2142 2192 2198 2240 2254 2308 2312 2374 2376 
S 3: 1 | 4 16 23 40 105 128 139 159 167 184 201 243 267 307 364 390 425 467 548 560 595 617 687 727 749 785 837 851 877 901 929 970 1016 1028 1050 1071 1091 1155 1274 1284 1330 1331 1456 1479 1495 1563 1632 1645 1687 1690 1722 1762 1809 1814 1862 1883 1912 2003 2071 2079 2136 2142 2192 2198 2240 2254 2308 2312 2374 2376 
S 4: 1 | 4 16 23 40 105 128 139 159 167 184 201 243 267 307 364 390 425 467 548 560 595 617 687 727 749 785 837 851 877 901 929 970 1016 1028 1050 1071 1091 1155 1274 1284 1330 1331 1456 1479 1495 1563 1632 1645 1687 1690 1722 1762 1809 1814 1862 1883 1912 2003 2071 2079 2136 2142 2192 2198 2240 2254 2308 2312 2374 2376 
S 5: 1 | 4 16 23 40 105 128 139 159 167 184 201 243 267 307 364 390 425 467 548 560 595 617 687 727 749 785 837 851 877 901 929 970 1016 1028 1050 1071 1091 1155 1274 1284 1330 1331 1456 1479 1495 1563 1632 1645 1687 1690 1722 1762 1809 1814 1862 1883 1912 2003 2071 2079 2136 2142 2192 2198 2240 2254 2308 2312 2374 2376 
S 6: 1 | 4 16 23 40 105 128 139 159 167 184 201 243 267 307 364 390 425 467 548 560 595 617 687 727 749 785 837 851 877 901 929 970 1016 1028 1050 1071 1091 1155 1274 1284 1330 1331 1456 1479 1495 1563 1632 1645 1687 1690 1722 1762 1809 1814 1862 1883 1912 2003 2071 2079 2136 2142 2192 2198 2240 2254 2308 2312 2374 2376 
S 7: 1 | 4 16 23 40 105 128 139 159 167 184 201 243 267 307 364 390 425 467 548 560 595 617 687 727 749 785 837 851 877 901 929 970 1016 1028 1050 1071 1091 1155 1274 1284 1330 1331 1456 1479 1495 1563 1632 1645 1687 1690 1722 1762 1809 1814 1862 1883 1912 2003 2071 2079 2136 2142 2192 2198 2240 2254 2308 2312 2374 2376 
S 8: 1 | 4 16 23 40 105 128 139 159 167 184 201 243 267 307 364 390 425 467 548 560 595 617 687 727 749 785 837 851 877 901 929 970 1016 1028 1050 1071 1091 1155 1274 1284 1330 1331 1456 1479 1495 1563 1632 1645 1687 1690 1722 1762 1809 1814 1862 1883 1912 2003 2071 2079 2136 2142 2192 2198 2240 2254 2308 2312 2374 2376 
S 9: 1 | 4 16 23 40 105 128 139 159 167 184 201 243 267 307 364 390 425 467 548 560 595 617 687 727 749 785 837 851 877 901 929 970 1016 1028 1050 1071 1091 1155 1274 1284 1330 1331 1456 1479 1495 1563 1632 1645 1687 1690 1722 1762 1809 1814 1862 1883 1912 2003 2071 2079 2136 2142 2192 2198 2240 2254 2308 2312 2374 2376 

Final time = 475.741
Final solution cost = 678
