Reading instance small_stp_instances/swiss42_10_03.stp of type D
Finished instance reading
Number of vertices = 42
Number of edges (resources) = 861
Number of scenarios = 10
Average number of terminals per scenario = 42
Probabilities of Scenarios: (0) 0.16 | (1) 0.05 | (2) 0.01 | (3) 0.09 | (4) 0.05 | (5) 0.18 | (6) 0.02 | (7) 0.13 | (8) 0.13 | (9) 0.18 | 
Average weighted inflation = 0.145764
Largest inflation = 0.29927
MAX_ITERATIONS_SINCE_LAST_IMPROVEMENT 2
MAX_ITERATIONS_SINCE_BEST_SOLUTION 3
Creating solution instance.
Starting Evolutive Framework.
Local search solution cost = 1273
Local search time = 34.457
34.4571 local search - EF main loop cycle 0 solution cost 1273
34.4601s Cost of SP solution after second stage solver 1273
Local search solution cost = 1273
Local search time = 4.78939
39.2495 local search - EF main loop cycle 1 solution cost 1273
39.2526s Cost of SP solution after second stage solver 1273
Local search solution cost = 1273
Local search time = 4.79969
44.0523 local search - EF main loop cycle 2 solution cost 1273
44.0554s Cost of SP solution after second stage solver 1273
Number of cycles 3
Time for each cycle 14.6852
44.0586s Cost of SP solution after tail step 1273
SELECTED RESOURCES:
0 5 9 16 19 53 77 83 134 135 143 165 184 185 219 262 310 311 330 343 353 405 434 464 482 496 548 593 594 615 661 665 673 681 725 733 763 765 801 804 828 843 
SCENARIO'S RESOURCES:
S 0: 0 | 0 5 9 16 19 53 77 83 134 135 143 165 184 185 219 262 310 311 330 343 353 405 434 464 482 496 548 593 594 615 661 665 673 681 725 733 763 765 801 804 828 843 
S 1: 0 | 0 5 9 16 19 53 77 83 134 135 143 165 184 185 219 262 310 311 330 343 353 405 434 464 482 496 548 593 594 615 661 665 673 681 725 733 763 765 801 804 828 843 
S 2: 0 | 0 5 9 16 19 53 77 83 134 135 143 165 184 185 219 262 310 311 330 343 353 405 434 464 482 496 548 593 594 615 661 665 673 681 725 733 763 765 801 804 828 843 
S 3: 0 | 0 5 9 16 19 53 77 83 134 135 143 165 184 185 219 262 310 311 330 343 353 405 434 464 482 496 548 593 594 615 661 665 673 681 725 733 763 765 801 804 828 843 
S 4: 0 | 0 5 9 16 19 53 77 83 134 135 143 165 184 185 219 262 310 311 330 343 353 405 434 464 482 496 548 593 594 615 661 665 673 681 725 733 763 765 801 804 828 843 
S 5: 0 | 0 5 9 16 19 53 77 83 134 135 143 165 184 185 219 262 310 311 330 343 353 405 434 464 482 496 548 593 594 615 661 665 673 681 725 733 763 765 801 804 828 843 
S 6: 0 | 0 5 9 16 19 53 77 83 134 135 143 165 184 185 219 262 310 311 330 343 353 405 434 464 482 496 548 593 594 615 661 665 673 681 725 733 763 765 801 804 828 843 
S 7: 0 | 0 5 9 16 19 53 77 83 134 135 143 165 184 185 219 262 310 311 330 343 353 405 434 464 482 496 548 593 594 615 661 665 673 681 725 733 763 765 801 804 828 843 
S 8: 0 | 0 5 9 16 19 53 77 83 134 135 143 165 184 185 219 262 310 311 330 343 353 405 434 464 482 496 548 593 594 615 661 665 673 681 725 733 763 765 801 804 828 843 
S 9: 0 | 0 5 9 16 19 53 77 83 134 135 143 165 184 185 219 262 310 311 330 343 353 405 434 464 482 496 548 593 594 615 661 665 673 681 725 733 763 765 801 804 828 843 
ALL EQUAL

Final time = 44.0637
Final solution cost = 1273
