Reading instance small_stp_instances/swiss42_20_05.stp of type D
Finished instance reading
Number of vertices = 42
Number of edges (resources) = 861
Number of scenarios = 20
Average number of terminals per scenario = 42
Probabilities of Scenarios: (0) 0.02 | (1) 0 | (2) 0 | (3) 0 | (4) 0.03 | (5) 0.02 | (6) 0.06 | (7) 0.09 | (8) 0.04 | (9) 0.09 | (10) 0.05 | (11) 0.12 | (12) 0.08 | (13) 0.01 | (14) 0.03 | (15) 0.06 | (16) 0.03 | (17) 0 | (18) 0.19 | (19) 0.08 | 
Average weighted inflation = 0.244685
Largest inflation = 0.498008
MAX_ITERATIONS_SINCE_LAST_IMPROVEMENT 2
MAX_ITERATIONS_SINCE_BEST_SOLUTION 3
Creating solution instance.
Starting Evolutive Framework.
Local search solution cost = 1279
Local search time = 77.8661
77.8662 local search - EF main loop cycle 0 solution cost 1279
77.8724s Cost of SP solution after second stage solver 1279
Local search solution cost = 1279
Local search time = 9.64565
87.5181 local search - EF main loop cycle 1 solution cost 1279
87.527s Cost of SP solution after second stage solver 1279
Local search solution cost = 1279
Local search time = 9.63162
97.1587 local search - EF main loop cycle 2 solution cost 1279
97.1649s Cost of SP solution after second stage solver 1279
Number of cycles 3
Time for each cycle 32.3883
97.1712s Cost of SP solution after tail step 1279
SELECTED RESOURCES:
0 5 9 16 19 44 53 77 83 134 135 143 165 184 185 262 297 310 311 330 343 353 405 434 464 482 496 548 593 594 615 661 665 673 681 725 733 762 763 804 843 860 
SCENARIO'S RESOURCES:
S 0: 0 | 0 5 9 16 19 44 53 77 83 134 135 143 165 184 185 262 297 310 311 330 343 353 405 434 464 482 496 548 593 594 615 661 665 673 681 725 733 762 763 804 843 860 
S 1: 0 | 0 5 9 16 19 44 53 77 83 134 135 143 165 184 185 262 297 310 311 330 343 353 405 434 464 482 496 548 593 594 615 661 665 673 681 725 733 762 763 804 843 860 
S 2: 0 | 0 5 9 16 19 44 53 77 83 134 135 143 165 184 185 262 297 310 311 330 343 353 405 434 464 482 496 548 593 594 615 661 665 673 681 725 733 762 763 804 843 860 
S 3: 0 | 0 5 9 16 19 44 53 77 83 134 135 143 165 184 185 262 297 310 311 330 343 353 405 434 464 482 496 548 593 594 615 661 665 673 681 725 733 762 763 804 843 860 
S 4: 0 | 0 5 9 16 19 44 53 77 83 134 135 143 165 184 185 262 297 310 311 330 343 353 405 434 464 482 496 548 593 594 615 661 665 673 681 725 733 762 763 804 843 860 
S 5: 0 | 0 5 9 16 19 44 53 77 83 134 135 143 165 184 185 262 297 310 311 330 343 353 405 434 464 482 496 548 593 594 615 661 665 673 681 725 733 762 763 804 843 860 
S 6: 0 | 0 5 9 16 19 44 53 77 83 134 135 143 165 184 185 262 297 310 311 330 343 353 405 434 464 482 496 548 593 594 615 661 665 673 681 725 733 762 763 804 843 860 
S 7: 0 | 0 5 9 16 19 44 53 77 83 134 135 143 165 184 185 262 297 310 311 330 343 353 405 434 464 482 496 548 593 594 615 661 665 673 681 725 733 762 763 804 843 860 
S 8: 0 | 0 5 9 16 19 44 53 77 83 134 135 143 165 184 185 262 297 310 311 330 343 353 405 434 464 482 496 548 593 594 615 661 665 673 681 725 733 762 763 804 843 860 
S 9: 0 | 0 5 9 16 19 44 53 77 83 134 135 143 165 184 185 262 297 310 311 330 343 353 405 434 464 482 496 548 593 594 615 661 665 673 681 725 733 762 763 804 843 860 
S 10: 0 | 0 5 9 16 19 44 53 77 83 134 135 143 165 184 185 262 297 310 311 330 343 353 405 434 464 482 496 548 593 594 615 661 665 673 681 725 733 762 763 804 843 860 
S 11: 0 | 0 5 9 16 19 44 53 77 83 134 135 143 165 184 185 262 297 310 311 330 343 353 405 434 464 482 496 548 593 594 615 661 665 673 681 725 733 762 763 804 843 860 
S 12: 0 | 0 5 9 16 19 44 53 77 83 134 135 143 165 184 185 262 297 310 311 330 343 353 405 434 464 482 496 548 593 594 615 661 665 673 681 725 733 762 763 804 843 860 
S 13: 0 | 0 5 9 16 19 44 53 77 83 134 135 143 165 184 185 262 297 310 311 330 343 353 405 434 464 482 496 548 593 594 615 661 665 673 681 725 733 762 763 804 843 860 
S 14: 0 | 0 5 9 16 19 44 53 77 83 134 135 143 165 184 185 262 297 310 311 330 343 353 405 434 464 482 496 548 593 594 615 661 665 673 681 725 733 762 763 804 843 860 
S 15: 0 | 0 5 9 16 19 44 53 77 83 134 135 143 165 184 185 262 297 310 311 330 343 353 405 434 464 482 496 548 593 594 615 661 665 673 681 725 733 762 763 804 843 860 
S 16: 0 | 0 5 9 16 19 44 53 77 83 134 135 143 165 184 185 262 297 310 311 330 343 353 405 434 464 482 496 548 593 594 615 661 665 673 681 725 733 762 763 804 843 860 
S 17: 0 | 0 5 9 16 19 44 53 77 83 134 135 143 165 184 185 262 297 310 311 330 343 353 405 434 464 482 496 548 593 594 615 661 665 673 681 725 733 762 763 804 843 860 
S 18: 0 | 0 5 9 16 19 44 53 77 83 134 135 143 165 184 185 262 297 310 311 330 343 353 405 434 464 482 496 548 593 594 615 661 665 673 681 725 733 762 763 804 843 860 
S 19: 0 | 0 5 9 16 19 44 53 77 83 134 135 143 165 184 185 262 297 310 311 330 343 353 405 434 464 482 496 548 593 594 615 661 665 673 681 725 733 762 763 804 843 860 
ALL EQUAL

Final time = 97.1811
Final solution cost = 1279
