Reading instance small_stp_instances/swiss42_20_10.stp of type D
Finished instance reading
Number of vertices = 42
Number of edges (resources) = 861
Number of scenarios = 20
Average number of terminals per scenario = 42
Probabilities of Scenarios: (0) 0.06 | (1) 0.05 | (2) 0.06 | (3) 0.03 | (4) 0.04 | (5) 0.02 | (6) 0.03 | (7) 0.04 | (8) 0.05 | (9) 0.03 | (10) 0.01 | (11) 0.06 | (12) 0.04 | (13) 0.07 | (14) 0.06 | (15) 0.06 | (16) 0.08 | (17) 0.1 | (18) 0.05 | (19) 0.06 | 
Average weighted inflation = 0.491862
Largest inflation = 0.995763
MAX_ITERATIONS_SINCE_LAST_IMPROVEMENT 2
MAX_ITERATIONS_SINCE_BEST_SOLUTION 3
Creating solution instance.
Starting Evolutive Framework.
Local search solution cost = 1345
Local search time = 107.72
107.72 local search - EF main loop cycle 0 solution cost 1345
107.726s Cost of SP solution after second stage solver 1345
Local search solution cost = 1317
Local search time = 10.2235
117.95 local search - EF main loop cycle 1 solution cost 1317
117.956s Cost of SP solution after second stage solver 1317
Local search solution cost = 1317
Local search time = 10.1203
128.076 local search - EF main loop cycle 2 solution cost 1317
128.083s Cost of SP solution after second stage solver 1317
Local search solution cost = 1317
Local search time = 10.13
138.213 local search - EF main loop cycle 3 solution cost 1317
138.222s Cost of SP solution after second stage solver 1317
Number of cycles 4
Time for each cycle 34.5555
138.231s Cost of SP solution after tail step 1317
SELECTED RESOURCES:
0 5 9 16 19 21 53 77 83 134 135 165 184 185 262 297 310 311 330 343 353 405 434 464 482 516 526 548 594 626 637 665 681 683 725 737 762 763 789 804 828 843 
SCENARIO'S RESOURCES:
S 0: 0 | 0 5 9 16 19 21 53 77 83 134 135 165 184 185 262 297 310 311 330 343 353 405 434 464 482 516 526 548 594 626 637 665 681 683 725 737 762 763 789 804 828 843 
S 1: 0 | 0 5 9 16 19 21 53 77 83 134 135 165 184 185 262 297 310 311 330 343 353 405 434 464 482 516 526 548 594 626 637 665 681 683 725 737 762 763 789 804 828 843 
S 2: 0 | 0 5 9 16 19 21 53 77 83 134 135 165 184 185 262 297 310 311 330 343 353 405 434 464 482 516 526 548 594 626 637 665 681 683 725 737 762 763 789 804 828 843 
S 3: 0 | 0 5 9 16 19 21 53 77 83 134 135 165 184 185 262 297 310 311 330 343 353 405 434 464 482 516 526 548 594 626 637 665 681 683 725 737 762 763 789 804 828 843 
S 4: 0 | 0 5 9 16 19 21 53 77 83 134 135 165 184 185 262 297 310 311 330 343 353 405 434 464 482 516 526 548 594 626 637 665 681 683 725 737 762 763 789 804 828 843 
S 5: 0 | 0 5 9 16 19 21 53 77 83 134 135 165 184 185 262 297 310 311 330 343 353 405 434 464 482 516 526 548 594 626 637 665 681 683 725 737 762 763 789 804 828 843 
S 6: 0 | 0 5 9 16 19 21 53 77 83 134 135 165 184 185 262 297 310 311 330 343 353 405 434 464 482 516 526 548 594 626 637 665 681 683 725 737 762 763 789 804 828 843 
S 7: 0 | 0 5 9 16 19 21 53 77 83 134 135 165 184 185 262 297 310 311 330 343 353 405 434 464 482 516 526 548 594 626 637 665 681 683 725 737 762 763 789 804 828 843 
S 8: 0 | 0 5 9 16 19 21 53 77 83 134 135 165 184 185 262 297 310 311 330 343 353 405 434 464 482 516 526 548 594 626 637 665 681 683 725 737 762 763 789 804 828 843 
S 9: 0 | 0 5 9 16 19 21 53 77 83 134 135 165 184 185 262 297 310 311 330 343 353 405 434 464 482 516 526 548 594 626 637 665 681 683 725 737 762 763 789 804 828 843 
S 10: 0 | 0 5 9 16 19 21 53 77 83 134 135 165 184 185 262 297 310 311 330 343 353 405 434 464 482 516 526 548 594 626 637 665 681 683 725 737 762 763 789 804 828 843 
S 11: 0 | 0 5 9 16 19 21 53 77 83 134 135 165 184 185 262 297 310 311 330 343 353 405 434 464 482 516 526 548 594 626 637 665 681 683 725 737 762 763 789 804 828 843 
S 12: 0 | 0 5 9 16 19 21 53 77 83 134 135 165 184 185 262 297 310 311 330 343 353 405 434 464 482 516 526 548 594 626 637 665 681 683 725 737 762 763 789 804 828 843 
S 13: 0 | 0 5 9 16 19 21 53 77 83 134 135 165 184 185 262 297 310 311 330 343 353 405 434 464 482 516 526 548 594 626 637 665 681 683 725 737 762 763 789 804 828 843 
S 14: 0 | 0 5 9 16 19 21 53 77 83 134 135 165 184 185 262 297 310 311 330 343 353 405 434 464 482 516 526 548 594 626 637 665 681 683 725 737 762 763 789 804 828 843 
S 15: 0 | 0 5 9 16 19 21 53 77 83 134 135 165 184 185 262 297 310 311 330 343 353 405 434 464 482 516 526 548 594 626 637 665 681 683 725 737 762 763 789 804 828 843 
S 16: 0 | 0 5 9 16 19 21 53 77 83 134 135 165 184 185 262 297 310 311 330 343 353 405 434 464 482 516 526 548 594 626 637 665 681 683 725 737 762 763 789 804 828 843 
S 17: 0 | 0 5 9 16 19 21 53 77 83 134 135 165 184 185 262 297 310 311 330 343 353 405 434 464 482 516 526 548 594 626 637 665 681 683 725 737 762 763 789 804 828 843 
S 18: 0 | 0 5 9 16 19 21 53 77 83 134 135 165 184 185 262 297 310 311 330 343 353 405 434 464 482 516 526 548 594 626 637 665 681 683 725 737 762 763 789 804 828 843 
S 19: 0 | 0 5 9 16 19 21 53 77 83 134 135 165 184 185 262 297 310 311 330 343 353 405 434 464 482 516 526 548 594 626 637 665 681 683 725 737 762 763 789 804 828 843 
ALL EQUAL

Final time = 138.245
Final solution cost = 1317
