Reading instance small_stp_instances/swiss42_10_05.stp of type D
Finished instance reading
Number of vertices = 42
Number of edges (resources) = 861
Number of scenarios = 10
Average number of terminals per scenario = 42
Probabilities of Scenarios: (0) 0.02 | (1) 0.1 | (2) 0.17 | (3) 0 | (4) 0.13 | (5) 0.06 | (6) 0.16 | (7) 0.16 | (8) 0.05 | (9) 0.15 | 
Average weighted inflation = 0.242473
Largest inflation = 0.498452
MAX_ITERATIONS_SINCE_LAST_IMPROVEMENT 2
MAX_ITERATIONS_SINCE_BEST_SOLUTION 3
Creating solution instance.
Starting Evolutive Framework.
Local search solution cost = 1290
Local search time = 44.0026
44.0027 local search - EF main loop cycle 0 solution cost 1290
44.0059s Cost of SP solution after second stage solver 1290
Local search solution cost = 1290
Local search time = 4.85063
48.8565 local search - EF main loop cycle 1 solution cost 1290
48.8611s Cost of SP solution after second stage solver 1290
Local search solution cost = 1290
Local search time = 4.81269
53.6739 local search - EF main loop cycle 2 solution cost 1290
53.6769s Cost of SP solution after second stage solver 1290
Number of cycles 3
Time for each cycle 17.8923
53.6801s Cost of SP solution after tail step 1290
SELECTED RESOURCES:
0 9 16 19 44 53 77 83 134 135 143 165 184 185 297 310 311 330 343 353 354 380 434 464 482 496 516 581 594 628 661 665 673 681 725 733 762 763 803 804 829 843 
SCENARIO'S RESOURCES:
S 0: 0 | 0 9 16 19 44 53 77 83 134 135 143 165 184 185 297 310 311 330 343 353 354 380 434 464 482 496 516 581 594 628 661 665 673 681 725 733 762 763 803 804 829 843 
S 1: 0 | 0 9 16 19 44 53 77 83 134 135 143 165 184 185 297 310 311 330 343 353 354 380 434 464 482 496 516 581 594 628 661 665 673 681 725 733 762 763 803 804 829 843 
S 2: 0 | 0 9 16 19 44 53 77 83 134 135 143 165 184 185 297 310 311 330 343 353 354 380 434 464 482 496 516 581 594 628 661 665 673 681 725 733 762 763 803 804 829 843 
S 3: 0 | 0 9 16 19 44 53 77 83 134 135 143 165 184 185 297 310 311 330 343 353 354 380 434 464 482 496 516 581 594 628 661 665 673 681 725 733 762 763 803 804 829 843 
S 4: 0 | 0 9 16 19 44 53 77 83 134 135 143 165 184 185 297 310 311 330 343 353 354 380 434 464 482 496 516 581 594 628 661 665 673 681 725 733 762 763 803 804 829 843 
S 5: 0 | 0 9 16 19 44 53 77 83 134 135 143 165 184 185 297 310 311 330 343 353 354 380 434 464 482 496 516 581 594 628 661 665 673 681 725 733 762 763 803 804 829 843 
S 6: 0 | 0 9 16 19 44 53 77 83 134 135 143 165 184 185 297 310 311 330 343 353 354 380 434 464 482 496 516 581 594 628 661 665 673 681 725 733 762 763 803 804 829 843 
S 7: 0 | 0 9 16 19 44 53 77 83 134 135 143 165 184 185 297 310 311 330 343 353 354 380 434 464 482 496 516 581 594 628 661 665 673 681 725 733 762 763 803 804 829 843 
S 8: 0 | 0 9 16 19 44 53 77 83 134 135 143 165 184 185 297 310 311 330 343 353 354 380 434 464 482 496 516 581 594 628 661 665 673 681 725 733 762 763 803 804 829 843 
S 9: 0 | 0 9 16 19 44 53 77 83 134 135 143 165 184 185 297 310 311 330 343 353 354 380 434 464 482 496 516 581 594 628 661 665 673 681 725 733 762 763 803 804 829 843 
ALL EQUAL

Final time = 53.6849
Final solution cost = 1290
