Reading instance small_stp_instances/swiss42_20_03.stp of type D
Finished instance reading
Number of vertices = 42
Number of edges (resources) = 861
Number of scenarios = 20
Average number of terminals per scenario = 42
Probabilities of Scenarios: (0) 0.13 | (1) 0.08 | (2) 0.11 | (3) 0.02 | (4) 0 | (5) 0.06 | (6) 0.02 | (7) 0.03 | (8) 0.07 | (9) 0.05 | (10) 0.08 | (11) 0.01 | (12) 0.03 | (13) 0.04 | (14) 0.09 | (15) 0.02 | (16) 0.07 | (17) 0 | (18) 0.01 | (19) 0.08 | 
Average weighted inflation = 0.14354
Largest inflation = 0.29932
MAX_ITERATIONS_SINCE_LAST_IMPROVEMENT 2
MAX_ITERATIONS_SINCE_BEST_SOLUTION 3
Creating solution instance.
Starting Evolutive Framework.
Local search solution cost = 1273
Local search time = 76.0899
76.09 local search - EF main loop cycle 0 solution cost 1273
76.0962s Cost of SP solution after second stage solver 1273
Local search solution cost = 1273
Local search time = 9.63748
85.7338 local search - EF main loop cycle 1 solution cost 1273
85.7402s Cost of SP solution after second stage solver 1273
Local search solution cost = 1273
Local search time = 9.6509
95.3911 local search - EF main loop cycle 2 solution cost 1273
95.3973s Cost of SP solution after second stage solver 1273
Number of cycles 3
Time for each cycle 31.7991
95.4037s Cost of SP solution after tail step 1273
SELECTED RESOURCES:
0 5 9 16 19 44 53 77 83 134 135 143 165 184 185 297 310 311 330 343 353 405 434 464 482 496 548 593 594 615 661 665 673 681 725 733 762 763 803 804 829 843 
SCENARIO'S RESOURCES:
S 0: 0 | 0 5 9 16 19 44 53 77 83 134 135 143 165 184 185 297 310 311 330 343 353 405 434 464 482 496 548 593 594 615 661 665 673 681 725 733 762 763 803 804 829 843 
S 1: 0 | 0 5 9 16 19 44 53 77 83 134 135 143 165 184 185 297 310 311 330 343 353 405 434 464 482 496 548 593 594 615 661 665 673 681 725 733 762 763 803 804 829 843 
S 2: 0 | 0 5 9 16 19 44 53 77 83 134 135 143 165 184 185 297 310 311 330 343 353 405 434 464 482 496 548 593 594 615 661 665 673 681 725 733 762 763 803 804 829 843 
S 3: 0 | 0 5 9 16 19 44 53 77 83 134 135 143 165 184 185 297 310 311 330 343 353 405 434 464 482 496 548 593 594 615 661 665 673 681 725 733 762 763 803 804 829 843 
S 4: 0 | 0 5 9 16 19 44 53 77 83 134 135 143 165 184 185 297 310 311 330 343 353 405 434 464 482 496 548 593 594 615 661 665 673 681 725 733 762 763 803 804 829 843 
S 5: 0 | 0 5 9 16 19 44 53 77 83 134 135 143 165 184 185 297 310 311 330 343 353 405 434 464 482 496 548 593 594 615 661 665 673 681 725 733 762 763 803 804 829 843 
S 6: 0 | 0 5 9 16 19 44 53 77 83 134 135 143 165 184 185 297 310 311 330 343 353 405 434 464 482 496 548 593 594 615 661 665 673 681 725 733 762 763 803 804 829 843 
S 7: 0 | 0 5 9 16 19 44 53 77 83 134 135 143 165 184 185 297 310 311 330 343 353 405 434 464 482 496 548 593 594 615 661 665 673 681 725 733 762 763 803 804 829 843 
S 8: 0 | 0 5 9 16 19 44 53 77 83 134 135 143 165 184 185 297 310 311 330 343 353 405 434 464 482 496 548 593 594 615 661 665 673 681 725 733 762 763 803 804 829 843 
S 9: 0 | 0 5 9 16 19 44 53 77 83 134 135 143 165 184 185 297 310 311 330 343 353 405 434 464 482 496 548 593 594 615 661 665 673 681 725 733 762 763 803 804 829 843 
S 10: 0 | 0 5 9 16 19 44 53 77 83 134 135 143 165 184 185 297 310 311 330 343 353 405 434 464 482 496 548 593 594 615 661 665 673 681 725 733 762 763 803 804 829 843 
S 11: 0 | 0 5 9 16 19 44 53 77 83 134 135 143 165 184 185 297 310 311 330 343 353 405 434 464 482 496 548 593 594 615 661 665 673 681 725 733 762 763 803 804 829 843 
S 12: 0 | 0 5 9 16 19 44 53 77 83 134 135 143 165 184 185 297 310 311 330 343 353 405 434 464 482 496 548 593 594 615 661 665 673 681 725 733 762 763 803 804 829 843 
S 13: 0 | 0 5 9 16 19 44 53 77 83 134 135 143 165 184 185 297 310 311 330 343 353 405 434 464 482 496 548 593 594 615 661 665 673 681 725 733 762 763 803 804 829 843 
S 14: 0 | 0 5 9 16 19 44 53 77 83 134 135 143 165 184 185 297 310 311 330 343 353 405 434 464 482 496 548 593 594 615 661 665 673 681 725 733 762 763 803 804 829 843 
S 15: 0 | 0 5 9 16 19 44 53 77 83 134 135 143 165 184 185 297 310 311 330 343 353 405 434 464 482 496 548 593 594 615 661 665 673 681 725 733 762 763 803 804 829 843 
S 16: 0 | 0 5 9 16 19 44 53 77 83 134 135 143 165 184 185 297 310 311 330 343 353 405 434 464 482 496 548 593 594 615 661 665 673 681 725 733 762 763 803 804 829 843 
S 17: 0 | 0 5 9 16 19 44 53 77 83 134 135 143 165 184 185 297 310 311 330 343 353 405 434 464 482 496 548 593 594 615 661 665 673 681 725 733 762 763 803 804 829 843 
S 18: 0 | 0 5 9 16 19 44 53 77 83 134 135 143 165 184 185 297 310 311 330 343 353 405 434 464 482 496 548 593 594 615 661 665 673 681 725 733 762 763 803 804 829 843 
S 19: 0 | 0 5 9 16 19 44 53 77 83 134 135 143 165 184 185 297 310 311 330 343 353 405 434 464 482 496 548 593 594 615 661 665 673 681 725 733 762 763 803 804 829 843 
ALL EQUAL

Final time = 95.4132
Final solution cost = 1273
