Reading instance small_stp_instances/u159_5_10.stp of type D
Finished instance reading
Number of vertices = 159
Number of edges (resources) = 12561
Number of scenarios = 5
Average number of terminals per scenario = 159
Probabilities of Scenarios: (0) 0.11 | (1) 0.08 | (2) 0.33 | (3) 0.29 | (4) 0.19 | 
Average weighted inflation = 0.498508
Largest inflation = 0.999802
MAX_ITERATIONS_SINCE_LAST_IMPROVEMENT 2
MAX_ITERATIONS_SINCE_BEST_SOLUTION 3
Creating solution instance.
Starting Evolutive Framework.
Local search solution cost = 43242
Local search time = 3389.1
3389.1 local search - EF main loop cycle 0 solution cost 43242
3389.13s Cost of SP solution after second stage solver 43242
Local search solution cost = 43042
Local search time = 345.175
3734.3 local search - EF main loop cycle 1 solution cost 43042
3734.32s Cost of SP solution after second stage solver 43042
Local search solution cost = 43042
Local search time = 342.255
4076.57 local search - EF main loop cycle 2 solution cost 43042
4076.58s Cost of SP solution after second stage solver 43042
Local search solution cost = 43042
Local search time = 342.353
4418.94 local search - EF main loop cycle 3 solution cost 43042
4418.95s Cost of SP solution after second stage solver 43042
Number of cycles 4
Time for each cycle 1104.74
4418.96s Cost of SP solution after tail step 43042
SELECTED RESOURCES:
0 5 9 14 27 35 44 64 65 76 90 104 119 135 152 170 189 209 230 252 275 299 324 350 377 405 434 464 495 527 560 594 629 665 702 740 779 819 860 902 945 989 1034 1080 1127 1175 1224 1274 1325 1377 1430 1484 1539 1595 1652 1710 1769 1829 1951 1952 2014 2079 2144 2210 2277 2345 2414 2484 2555 2627 2700 2774 2849 2925 3002 3080 3159 3239 3320 3402 3485 3569 3654 3740 4004 4094 4185 4277 4365 4366 4552 4559 4646 4752 4850 4949 5049 5150 5252 5355 5459 5564 5659 5670 5763 5885 5994 6104 6326 6327 6439 6554 6669 6785 6902 7020 7139 7259 7380 7502 7625 7749 7874 8000 8127 8255 8384 8514 8645 8909 8910 9043 9179 9315 9452 9728 9729 9868 10010 10152 10438 10439 10583 10730 11024 11025 11173 11324 11331 11481 11627 11778 11934 12089 12245 12247 12402 12403 12405 
SCENARIO'S RESOURCES:
S 0: 0 | 0 5 9 14 27 35 44 64 65 76 90 104 119 135 152 170 189 209 230 252 275 299 324 350 377 405 434 464 495 527 560 594 629 665 702 740 779 819 860 902 945 989 1034 1080 1127 1175 1224 1274 1325 1377 1430 1484 1539 1595 1652 1710 1769 1829 1951 1952 2014 2079 2144 2210 2277 2345 2414 2484 2555 2627 2700 2774 2849 2925 3002 3080 3159 3239 3320 3402 3485 3569 3654 3740 4004 4094 4185 4277 4365 4366 4552 4559 4646 4752 4850 4949 5049 5150 5252 5355 5459 5564 5659 5670 5763 5885 5994 6104 6326 6327 6439 6554 6669 6785 6902 7020 7139 7259 7380 7502 7625 7749 7874 8000 8127 8255 8384 8514 8645 8909 8910 9043 9179 9315 9452 9728 9729 9868 10010 10152 10438 10439 10583 10730 11024 11025 11173 11324 11331 11481 11627 11778 11934 12089 12245 12247 12402 12403 12405 
S 1: 0 | 0 5 9 14 27 35 44 64 65 76 90 104 119 135 152 170 189 209 230 252 275 299 324 350 377 405 434 464 495 527 560 594 629 665 702 740 779 819 860 902 945 989 1034 1080 1127 1175 1224 1274 1325 1377 1430 1484 1539 1595 1652 1710 1769 1829 1951 1952 2014 2079 2144 2210 2277 2345 2414 2484 2555 2627 2700 2774 2849 2925 3002 3080 3159 3239 3320 3402 3485 3569 3654 3740 4004 4094 4185 4277 4365 4366 4552 4559 4646 4752 4850 4949 5049 5150 5252 5355 5459 5564 5659 5670 5763 5885 5994 6104 6326 6327 6439 6554 6669 6785 6902 7020 7139 7259 7380 7502 7625 7749 7874 8000 8127 8255 8384 8514 8645 8909 8910 9043 9179 9315 9452 9728 9729 9868 10010 10152 10438 10439 10583 10730 11024 11025 11173 11324 11331 11481 11627 11778 11934 12089 12245 12247 12402 12403 12405 
S 2: 0 | 0 5 9 14 27 35 44 64 65 76 90 104 119 135 152 170 189 209 230 252 275 299 324 350 377 405 434 464 495 527 560 594 629 665 702 740 779 819 860 902 945 989 1034 1080 1127 1175 1224 1274 1325 1377 1430 1484 1539 1595 1652 1710 1769 1829 1951 1952 2014 2079 2144 2210 2277 2345 2414 2484 2555 2627 2700 2774 2849 2925 3002 3080 3159 3239 3320 3402 3485 3569 3654 3740 4004 4094 4185 4277 4365 4366 4552 4559 4646 4752 4850 4949 5049 5150 5252 5355 5459 5564 5659 5670 5763 5885 5994 6104 6326 6327 6439 6554 6669 6785 6902 7020 7139 7259 7380 7502 7625 7749 7874 8000 8127 8255 8384 8514 8645 8909 8910 9043 9179 9315 9452 9728 9729 9868 10010 10152 10438 10439 10583 10730 11024 11025 11173 11324 11331 11481 11627 11778 11934 12089 12245 12247 12402 12403 12405 
S 3: 0 | 0 5 9 14 27 35 44 64 65 76 90 104 119 135 152 170 189 209 230 252 275 299 324 350 377 405 434 464 495 527 560 594 629 665 702 740 779 819 860 902 945 989 1034 1080 1127 1175 1224 1274 1325 1377 1430 1484 1539 1595 1652 1710 1769 1829 1951 1952 2014 2079 2144 2210 2277 2345 2414 2484 2555 2627 2700 2774 2849 2925 3002 3080 3159 3239 3320 3402 3485 3569 3654 3740 4004 4094 4185 4277 4365 4366 4552 4559 4646 4752 4850 4949 5049 5150 5252 5355 5459 5564 5659 5670 5763 5885 5994 6104 6326 6327 6439 6554 6669 6785 6902 7020 7139 7259 7380 7502 7625 7749 7874 8000 8127 8255 8384 8514 8645 8909 8910 9043 9179 9315 9452 9728 9729 9868 10010 10152 10438 10439 10583 10730 11024 11025 11173 11324 11331 11481 11627 11778 11934 12089 12245 12247 12402 12403 12405 
S 4: 0 | 0 5 9 14 27 35 44 64 65 76 90 104 119 135 152 170 189 209 230 252 275 299 324 350 377 405 434 464 495 527 560 594 629 665 702 740 779 819 860 902 945 989 1034 1080 1127 1175 1224 1274 1325 1377 1430 1484 1539 1595 1652 1710 1769 1829 1951 1952 2014 2079 2144 2210 2277 2345 2414 2484 2555 2627 2700 2774 2849 2925 3002 3080 3159 3239 3320 3402 3485 3569 3654 3740 4004 4094 4185 4277 4365 4366 4552 4559 4646 4752 4850 4949 5049 5150 5252 5355 5459 5564 5659 5670 5763 5885 5994 6104 6326 6327 6439 6554 6669 6785 6902 7020 7139 7259 7380 7502 7625 7749 7874 8000 8127 8255 8384 8514 8645 8909 8910 9043 9179 9315 9452 9728 9729 9868 10010 10152 10438 10439 10583 10730 11024 11025 11173 11324 11331 11481 11627 11778 11934 12089 12245 12247 12402 12403 12405 
ALL EQUAL

Final time = 4419
Final solution cost = 43042
