Reading instance small_stp_instances/u159_5_03.stp of type D
Finished instance reading
Number of vertices = 159
Number of edges (resources) = 12561
Number of scenarios = 5
Average number of terminals per scenario = 159
Probabilities of Scenarios: (0) 0.44 | (1) 0.01 | (2) 0.31 | (3) 0.22 | (4) 0.02 | 
Average weighted inflation = 0.149455
Largest inflation = 0.299931
MAX_ITERATIONS_SINCE_LAST_IMPROVEMENT 2
MAX_ITERATIONS_SINCE_BEST_SOLUTION 3
Creating solution instance.
Starting Evolutive Framework.
Local search solution cost = 42198
Local search time = 2535.63
2535.63 local search - EF main loop cycle 0 solution cost 42198
2535.65s Cost of SP solution after second stage solver 42198
Local search solution cost = 42198
Local search time = 332.11
2867.76 local search - EF main loop cycle 1 solution cost 42198
2867.77s Cost of SP solution after second stage solver 42198
Local search solution cost = 42198
Local search time = 331.099
3198.87 local search - EF main loop cycle 2 solution cost 42198
3198.88s Cost of SP solution after second stage solver 42198
Number of cycles 3
Time for each cycle 1066.29
3198.89s Cost of SP solution after tail step 42198
SELECTED RESOURCES:
0 5 9 14 27 35 44 54 65 77 90 104 119 135 152 170 189 209 230 252 275 299 324 350 377 405 434 464 495 527 560 594 664 665 701 740 779 819 860 902 945 989 1034 1080 1127 1175 1224 1274 1325 1377 1430 1484 1539 1595 1652 1710 1769 1829 1890 1952 2015 2079 2144 2210 2277 2345 2414 2484 2555 2627 2700 2774 2849 2925 3002 3080 3159 3239 3320 3402 3485 3569 3654 3827 3915 4094 4185 4277 4366 4367 4551 4559 4645 4752 4850 4949 5049 5150 5252 5355 5459 5564 5659 5670 5763 5885 5994 6104 6215 6327 6440 6554 6669 6785 6902 7020 7139 7259 7380 7502 7749 7874 8000 8127 8251 8378 8384 8512 8645 8909 8910 9043 9179 9315 9452 9728 9729 9868 10010 10152 10295 10439 10584 10730 10877 11025 11174 11324 11331 11481 11627 11778 11934 12089 12245 12247 12402 12403 12405 
SCENARIO'S RESOURCES:
S 0: 0 | 0 5 9 14 27 35 44 54 65 77 90 104 119 135 152 170 189 209 230 252 275 299 324 350 377 405 434 464 495 527 560 594 664 665 701 740 779 819 860 902 945 989 1034 1080 1127 1175 1224 1274 1325 1377 1430 1484 1539 1595 1652 1710 1769 1829 1890 1952 2015 2079 2144 2210 2277 2345 2414 2484 2555 2627 2700 2774 2849 2925 3002 3080 3159 3239 3320 3402 3485 3569 3654 3827 3915 4094 4185 4277 4366 4367 4551 4559 4645 4752 4850 4949 5049 5150 5252 5355 5459 5564 5659 5670 5763 5885 5994 6104 6215 6327 6440 6554 6669 6785 6902 7020 7139 7259 7380 7502 7749 7874 8000 8127 8251 8378 8384 8512 8645 8909 8910 9043 9179 9315 9452 9728 9729 9868 10010 10152 10295 10439 10584 10730 10877 11025 11174 11324 11331 11481 11627 11778 11934 12089 12245 12247 12402 12403 12405 
S 1: 0 | 0 5 9 14 27 35 44 54 65 77 90 104 119 135 152 170 189 209 230 252 275 299 324 350 377 405 434 464 495 527 560 594 664 665 701 740 779 819 860 902 945 989 1034 1080 1127 1175 1224 1274 1325 1377 1430 1484 1539 1595 1652 1710 1769 1829 1890 1952 2015 2079 2144 2210 2277 2345 2414 2484 2555 2627 2700 2774 2849 2925 3002 3080 3159 3239 3320 3402 3485 3569 3654 3827 3915 4094 4185 4277 4366 4367 4551 4559 4645 4752 4850 4949 5049 5150 5252 5355 5459 5564 5659 5670 5763 5885 5994 6104 6215 6327 6440 6554 6669 6785 6902 7020 7139 7259 7380 7502 7749 7874 8000 8127 8251 8378 8384 8512 8645 8909 8910 9043 9179 9315 9452 9728 9729 9868 10010 10152 10295 10439 10584 10730 10877 11025 11174 11324 11331 11481 11627 11778 11934 12089 12245 12247 12402 12403 12405 
S 2: 0 | 0 5 9 14 27 35 44 54 65 77 90 104 119 135 152 170 189 209 230 252 275 299 324 350 377 405 434 464 495 527 560 594 664 665 701 740 779 819 860 902 945 989 1034 1080 1127 1175 1224 1274 1325 1377 1430 1484 1539 1595 1652 1710 1769 1829 1890 1952 2015 2079 2144 2210 2277 2345 2414 2484 2555 2627 2700 2774 2849 2925 3002 3080 3159 3239 3320 3402 3485 3569 3654 3827 3915 4094 4185 4277 4366 4367 4551 4559 4645 4752 4850 4949 5049 5150 5252 5355 5459 5564 5659 5670 5763 5885 5994 6104 6215 6327 6440 6554 6669 6785 6902 7020 7139 7259 7380 7502 7749 7874 8000 8127 8251 8378 8384 8512 8645 8909 8910 9043 9179 9315 9452 9728 9729 9868 10010 10152 10295 10439 10584 10730 10877 11025 11174 11324 11331 11481 11627 11778 11934 12089 12245 12247 12402 12403 12405 
S 3: 0 | 0 5 9 14 27 35 44 54 65 77 90 104 119 135 152 170 189 209 230 252 275 299 324 350 377 405 434 464 495 527 560 594 664 665 701 740 779 819 860 902 945 989 1034 1080 1127 1175 1224 1274 1325 1377 1430 1484 1539 1595 1652 1710 1769 1829 1890 1952 2015 2079 2144 2210 2277 2345 2414 2484 2555 2627 2700 2774 2849 2925 3002 3080 3159 3239 3320 3402 3485 3569 3654 3827 3915 4094 4185 4277 4366 4367 4551 4559 4645 4752 4850 4949 5049 5150 5252 5355 5459 5564 5659 5670 5763 5885 5994 6104 6215 6327 6440 6554 6669 6785 6902 7020 7139 7259 7380 7502 7749 7874 8000 8127 8251 8378 8384 8512 8645 8909 8910 9043 9179 9315 9452 9728 9729 9868 10010 10152 10295 10439 10584 10730 10877 11025 11174 11324 11331 11481 11627 11778 11934 12089 12245 12247 12402 12403 12405 
S 4: 0 | 0 5 9 14 27 35 44 54 65 77 90 104 119 135 152 170 189 209 230 252 275 299 324 350 377 405 434 464 495 527 560 594 664 665 701 740 779 819 860 902 945 989 1034 1080 1127 1175 1224 1274 1325 1377 1430 1484 1539 1595 1652 1710 1769 1829 1890 1952 2015 2079 2144 2210 2277 2345 2414 2484 2555 2627 2700 2774 2849 2925 3002 3080 3159 3239 3320 3402 3485 3569 3654 3827 3915 4094 4185 4277 4366 4367 4551 4559 4645 4752 4850 4949 5049 5150 5252 5355 5459 5564 5659 5670 5763 5885 5994 6104 6215 6327 6440 6554 6669 6785 6902 7020 7139 7259 7380 7502 7749 7874 8000 8127 8251 8378 8384 8512 8645 8909 8910 9043 9179 9315 9452 9728 9729 9868 10010 10152 10295 10439 10584 10730 10877 11025 11174 11324 11331 11481 11627 11778 11934 12089 12245 12247 12402 12403 12405 
ALL EQUAL

Final time = 3198.92
Final solution cost = 42198
