Reading instance stp_instances/brazil58.stp of type D
Finished instance reading
Number of vertices = 58
Number of edges (resources) = 1653
Number of scenarios = 5
Average number of terminals per scenario = 58
Probabilities of Scenarios: (0) 0.25 | (1) 0.28 | (2) 0.23 | (3) 0.18 | (4) 0.06 | 
Average weighted inflation = 2.00959
Largest inflation = 3.99966
MAX_ITERATIONS_SINCE_LAST_IMPROVEMENT 2
MAX_ITERATIONS_SINCE_BEST_SOLUTION 3
Creating solution instance.
Starting Evolutive Framework.
Local search solution cost = 34231
Local search time = 106.181
106.181 local search - EF main loop cycle 0 solution cost 34231
106.186s Cost of SP solution after second stage solver 34231
Local search solution cost = 31750
Local search time = 9.70437
115.891 local search - EF main loop cycle 1 solution cost 31750
115.893s Cost of SP solution after second stage solver 31750
Local search solution cost = 31750
Local search time = 9.71557
125.609 local search - EF main loop cycle 2 solution cost 31750
125.611s Cost of SP solution after second stage solver 31750
Local search solution cost = 31750
Local search time = 9.76988
135.381 local search - EF main loop cycle 3 solution cost 31750
135.383s Cost of SP solution after second stage solver 31750
Number of cycles 4
Time for each cycle 33.8458
135.386s Cost of SP solution after tail step 31750
SELECTED RESOURCES:
18 22 47 104 115 136 158 179 192 217 225 235 242 316 318 329 356 398 406 418 441 484 489 523 542 604 611 643 696 737 753 765 818 821 857 887 920 926 974 1022 1026 1121 1170 1174 1179 1271 1309 1325 1334 1375 1387 1478 1484 1518 1529 1551 1619 1652 
SCENARIO'S RESOURCES:
S 0: 0 | 18 22 47 104 115 136 158 179 192 217 225 235 242 316 318 329 356 398 406 418 441 484 489 523 542 604 611 643 696 737 753 765 818 821 857 887 920 926 974 1022 1026 1121 1170 1174 1179 1271 1309 1325 1334 1375 1387 1478 1484 1518 1529 1551 1619 1652 
S 1: 0 | 18 22 47 104 115 136 158 179 192 217 225 235 242 316 318 329 356 398 406 418 441 484 489 523 542 604 611 643 696 737 753 765 818 821 857 887 920 926 974 1022 1026 1121 1170 1174 1179 1271 1309 1325 1334 1375 1387 1478 1484 1518 1529 1551 1619 1652 
S 2: 0 | 18 22 47 104 115 136 158 179 192 217 225 235 242 316 318 329 356 398 406 418 441 484 489 523 542 604 611 643 696 737 753 765 818 821 857 887 920 926 974 1022 1026 1121 1170 1174 1179 1271 1309 1325 1334 1375 1387 1478 1484 1518 1529 1551 1619 1652 
S 3: 0 | 18 22 47 104 115 136 158 179 192 217 225 235 242 316 318 329 356 398 406 418 441 484 489 523 542 604 611 643 696 737 753 765 818 821 857 887 920 926 974 1022 1026 1121 1170 1174 1179 1271 1309 1325 1334 1375 1387 1478 1484 1518 1529 1551 1619 1652 
S 4: 0 | 18 22 47 104 115 136 158 179 192 217 225 235 242 316 318 329 356 398 406 418 441 484 489 523 542 604 611 643 696 737 753 765 818 821 857 887 920 926 974 1022 1026 1121 1170 1174 1179 1271 1309 1325 1334 1375 1387 1478 1484 1518 1529 1551 1619 1652 
ALL EQUAL

Final time = 135.391
Final solution cost = 31750
