Reading instance stp_instances/eil101.stp of type D
Finished instance reading
Number of vertices = 101
Number of edges (resources) = 5050
Number of scenarios = 5
Average number of terminals per scenario = 101
Probabilities of Scenarios: (0) 0.37 | (1) 0.17 | (2) 0.32 | (3) 0.02 | (4) 0.12 | 
Average weighted inflation = 1.97643
Largest inflation = 3.98701
MAX_ITERATIONS_SINCE_LAST_IMPROVEMENT 2
MAX_ITERATIONS_SINCE_BEST_SOLUTION 3
Creating solution instance.
Starting Evolutive Framework.
Local search solution cost = 939.35
Local search time = 872.73
872.73 local search - EF main loop cycle 0 solution cost 939.35
872.756s Cost of SP solution after second stage solver 939.35
Local search solution cost = 795
Local search time = 75.1128
947.869 local search - EF main loop cycle 1 solution cost 795
947.875s Cost of SP solution after second stage solver 795
Local search solution cost = 795
Local search time = 74.4892
1022.36 local search - EF main loop cycle 2 solution cost 795
1022.37s Cost of SP solution after second stage solver 795
Local search solution cost = 795
Local search time = 74.3944
1096.76 local search - EF main loop cycle 3 solution cost 795
1096.77s Cost of SP solution after second stage solver 795
Number of cycles 4
Time for each cycle 274.192
1096.77s Cost of SP solution after tail step 795
SELECTED RESOURCES:
27 67 71 143 255 279 311 376 401 425 679 725 781 794 898 902 916 962 1025 1034 1041 1127 1146 1163 1176 1233 1256 1292 1352 1381 1455 1469 1506 1554 1581 1601 1635 1715 1839 1901 1962 1963 2024 2035 2111 2165 2200 2239 2278 2304 2375 2376 2449 2480 2505 2595 2627 2649 2723 2774 2824 2903 2925 2959 2960 3005 3035 3092 3148 3192 3193 3287 3380 3402 3407 3419 3546 3585 3613 3691 3759 3802 3879 3946 3978 4020 4065 4270 4366 4429 4558 4559 4646 4651 4748 4811 4844 4887 4948 4977 5002 
SCENARIO'S RESOURCES:
S 0: 0 | 27 67 71 143 255 279 311 376 401 425 679 725 781 794 898 902 916 962 1025 1034 1041 1127 1146 1163 1176 1233 1256 1292 1352 1381 1455 1469 1506 1554 1581 1601 1635 1715 1839 1901 1962 1963 2024 2035 2111 2165 2200 2239 2278 2304 2375 2376 2449 2480 2505 2595 2627 2649 2723 2774 2824 2903 2925 2959 2960 3005 3035 3092 3148 3192 3193 3287 3380 3402 3407 3419 3546 3585 3613 3691 3759 3802 3879 3946 3978 4020 4065 4270 4366 4429 4558 4559 4646 4651 4748 4811 4844 4887 4948 4977 5002 
S 1: 0 | 27 67 71 143 255 279 311 376 401 425 679 725 781 794 898 902 916 962 1025 1034 1041 1127 1146 1163 1176 1233 1256 1292 1352 1381 1455 1469 1506 1554 1581 1601 1635 1715 1839 1901 1962 1963 2024 2035 2111 2165 2200 2239 2278 2304 2375 2376 2449 2480 2505 2595 2627 2649 2723 2774 2824 2903 2925 2959 2960 3005 3035 3092 3148 3192 3193 3287 3380 3402 3407 3419 3546 3585 3613 3691 3759 3802 3879 3946 3978 4020 4065 4270 4366 4429 4558 4559 4646 4651 4748 4811 4844 4887 4948 4977 5002 
S 2: 0 | 27 67 71 143 255 279 311 376 401 425 679 725 781 794 898 902 916 962 1025 1034 1041 1127 1146 1163 1176 1233 1256 1292 1352 1381 1455 1469 1506 1554 1581 1601 1635 1715 1839 1901 1962 1963 2024 2035 2111 2165 2200 2239 2278 2304 2375 2376 2449 2480 2505 2595 2627 2649 2723 2774 2824 2903 2925 2959 2960 3005 3035 3092 3148 3192 3193 3287 3380 3402 3407 3419 3546 3585 3613 3691 3759 3802 3879 3946 3978 4020 4065 4270 4366 4429 4558 4559 4646 4651 4748 4811 4844 4887 4948 4977 5002 
S 3: 0 | 27 67 71 143 255 279 311 376 401 425 679 725 781 794 898 902 916 962 1025 1034 1041 1127 1146 1163 1176 1233 1256 1292 1352 1381 1455 1469 1506 1554 1581 1601 1635 1715 1839 1901 1962 1963 2024 2035 2111 2165 2200 2239 2278 2304 2375 2376 2449 2480 2505 2595 2627 2649 2723 2774 2824 2903 2925 2959 2960 3005 3035 3092 3148 3192 3193 3287 3380 3402 3407 3419 3546 3585 3613 3691 3759 3802 3879 3946 3978 4020 4065 4270 4366 4429 4558 4559 4646 4651 4748 4811 4844 4887 4948 4977 5002 
S 4: 0 | 27 67 71 143 255 279 311 376 401 425 679 725 781 794 898 902 916 962 1025 1034 1041 1127 1146 1163 1176 1233 1256 1292 1352 1381 1455 1469 1506 1554 1581 1601 1635 1715 1839 1901 1962 1963 2024 2035 2111 2165 2200 2239 2278 2304 2375 2376 2449 2480 2505 2595 2627 2649 2723 2774 2824 2903 2925 2959 2960 3005 3035 3092 3148 3192 3193 3287 3380 3402 3407 3419 3546 3585 3613 3691 3759 3802 3879 3946 3978 4020 4065 4270 4366 4429 4558 4559 4646 4651 4748 4811 4844 4887 4948 4977 5002 
ALL EQUAL

Final time = 1096.79
Final solution cost = 795
