Reading instance stp_instances/eil76.stp of type D
Finished instance reading
Number of vertices = 76
Number of edges (resources) = 2850
Number of scenarios = 5
Average number of terminals per scenario = 76
Probabilities of Scenarios: (0) 0.07 | (1) 0.36 | (2) 0.33 | (3) 0.07 | (4) 0.17 | 
Average weighted inflation = 1.97991
Largest inflation = 3.98333
MAX_ITERATIONS_SINCE_LAST_IMPROVEMENT 2
MAX_ITERATIONS_SINCE_BEST_SOLUTION 3
Creating solution instance.
Starting Evolutive Framework.
Local search solution cost = 763.56
Local search time = 337.657
337.657 local search - EF main loop cycle 0 solution cost 763.56
337.688s Cost of SP solution after second stage solver 763.56
Local search solution cost = 610
Local search time = 28.7869
366.475 local search - EF main loop cycle 1 solution cost 610
366.479s Cost of SP solution after second stage solver 610
Local search solution cost = 610
Local search time = 27.9354
394.414 local search - EF main loop cycle 2 solution cost 610
394.418s Cost of SP solution after second stage solver 610
Local search solution cost = 610
Local search time = 27.7088
422.127 local search - EF main loop cycle 3 solution cost 610
422.13s Cost of SP solution after second stage solver 610
Number of cycles 4
Time for each cycle 105.533
422.134s Cost of SP solution after tail step 610
SELECTED RESOURCES:
4 27 88 160 255 270 371 392 443 444 501 554 567 634 675 734 752 757 860 901 905 934 974 975 1023 1070 1108 1127 1143 1150 1193 1200 1230 1241 1278 1320 1336 1360 1390 1396 1439 1455 1507 1527 1552 1554 1607 1666 1730 1790 1791 1830 1891 1906 1974 1994 2053 2138 2144 2170 2171 2240 2313 2382 2405 2434 2483 2523 2542 2588 2617 2629 2632 2768 2800 2849 
SCENARIO'S RESOURCES:
S 0: 0 | 4 27 88 160 255 270 371 392 443 444 501 554 567 634 675 734 752 757 860 901 905 934 974 975 1023 1070 1108 1127 1143 1150 1193 1200 1230 1241 1278 1320 1336 1360 1390 1396 1439 1455 1507 1527 1552 1554 1607 1666 1730 1790 1791 1830 1891 1906 1974 1994 2053 2138 2144 2170 2171 2240 2313 2382 2405 2434 2483 2523 2542 2588 2617 2629 2632 2768 2800 2849 
S 1: 0 | 4 27 88 160 255 270 371 392 443 444 501 554 567 634 675 734 752 757 860 901 905 934 974 975 1023 1070 1108 1127 1143 1150 1193 1200 1230 1241 1278 1320 1336 1360 1390 1396 1439 1455 1507 1527 1552 1554 1607 1666 1730 1790 1791 1830 1891 1906 1974 1994 2053 2138 2144 2170 2171 2240 2313 2382 2405 2434 2483 2523 2542 2588 2617 2629 2632 2768 2800 2849 
S 2: 0 | 4 27 88 160 255 270 371 392 443 444 501 554 567 634 675 734 752 757 860 901 905 934 974 975 1023 1070 1108 1127 1143 1150 1193 1200 1230 1241 1278 1320 1336 1360 1390 1396 1439 1455 1507 1527 1552 1554 1607 1666 1730 1790 1791 1830 1891 1906 1974 1994 2053 2138 2144 2170 2171 2240 2313 2382 2405 2434 2483 2523 2542 2588 2617 2629 2632 2768 2800 2849 
S 3: 0 | 4 27 88 160 255 270 371 392 443 444 501 554 567 634 675 734 752 757 860 901 905 934 974 975 1023 1070 1108 1127 1143 1150 1193 1200 1230 1241 1278 1320 1336 1360 1390 1396 1439 1455 1507 1527 1552 1554 1607 1666 1730 1790 1791 1830 1891 1906 1974 1994 2053 2138 2144 2170 2171 2240 2313 2382 2405 2434 2483 2523 2542 2588 2617 2629 2632 2768 2800 2849 
S 4: 0 | 4 27 88 160 255 270 371 392 443 444 501 554 567 634 675 734 752 757 860 901 905 934 974 975 1023 1070 1108 1127 1143 1150 1193 1200 1230 1241 1278 1320 1336 1360 1390 1396 1439 1455 1507 1527 1552 1554 1607 1666 1730 1790 1791 1830 1891 1906 1974 1994 2053 2138 2144 2170 2171 2240 2313 2382 2405 2434 2483 2523 2542 2588 2617 2629 2632 2768 2800 2849 
ALL EQUAL

Final time = 422.141
Final solution cost = 610
