Reading instance stp_instances/gr120.stp of type D
Finished instance reading
Number of vertices = 120
Number of edges (resources) = 7140
Number of scenarios = 5
Average number of terminals per scenario = 120
Probabilities of Scenarios: (0) 0.37 | (1) 0.04 | (2) 0.2 | (3) 0.09 | (4) 0.3 | 
Average weighted inflation = 1.99055
Largest inflation = 3.99872
MAX_ITERATIONS_SINCE_LAST_IMPROVEMENT 2
MAX_ITERATIONS_SINCE_BEST_SOLUTION 3
Creating solution instance.
Starting Evolutive Framework.
Local search solution cost = 9953.64
Local search time = 2161.84
2161.84 local search - EF main loop cycle 0 solution cost 9953.64
2161.93s Cost of SP solution after second stage solver 9953.64
Local search solution cost = 8391
Local search time = 146.745
2308.67 local search - EF main loop cycle 1 solution cost 8391
2308.68s Cost of SP solution after second stage solver 8391
Local search solution cost = 8391
Local search time = 139.138
2447.82 local search - EF main loop cycle 2 solution cost 8391
2447.83s Cost of SP solution after second stage solver 8391
Local search solution cost = 8391
Local search time = 139.342
2587.17 local search - EF main loop cycle 3 solution cost 8391
2587.18s Cost of SP solution after second stage solver 8391
Number of cycles 4
Time for each cycle 646.794
2587.18s Cost of SP solution after tail step 8391
SELECTED RESOURCES:
18 41 132 191 260 294 303 420 535 570 672 688 714 792 1009 1033 1127 1169 1219 1235 1247 1307 1330 1436 1524 1525 1628 1667 1684 1734 1770 1785 2005 2101 2110 2181 2206 2275 2342 2371 2461 2468 2544 2612 2618 2641 2714 2803 2804 2888 2970 3060 3083 3107 3190 3242 3248 3325 3377 3437 3438 3503 3507 3644 3647 3682 3728 3761 3875 3882 3969 4047 4083 4122 4126 4262 4322 4358 4434 4554 4571 4654 4697 4705 4814 4902 4918 5150 5252 5288 5351 5395 5427 5496 5584 5695 5713 5865 5870 5986 5995 6090 6210 6214 6284 6322 6354 6390 6442 6451 6588 6624 6687 6688 6802 6834 6911 7005 7036 7049 
SCENARIO'S RESOURCES:
S 0: 0 | 18 41 132 191 260 294 303 420 535 570 672 688 714 792 1009 1033 1127 1169 1219 1235 1247 1307 1330 1436 1524 1525 1628 1667 1684 1734 1770 1785 2005 2101 2110 2181 2206 2275 2342 2371 2461 2468 2544 2612 2618 2641 2714 2803 2804 2888 2970 3060 3083 3107 3190 3242 3248 3325 3377 3437 3438 3503 3507 3644 3647 3682 3728 3761 3875 3882 3969 4047 4083 4122 4126 4262 4322 4358 4434 4554 4571 4654 4697 4705 4814 4902 4918 5150 5252 5288 5351 5395 5427 5496 5584 5695 5713 5865 5870 5986 5995 6090 6210 6214 6284 6322 6354 6390 6442 6451 6588 6624 6687 6688 6802 6834 6911 7005 7036 7049 
S 1: 0 | 18 41 132 191 260 294 303 420 535 570 672 688 714 792 1009 1033 1127 1169 1219 1235 1247 1307 1330 1436 1524 1525 1628 1667 1684 1734 1770 1785 2005 2101 2110 2181 2206 2275 2342 2371 2461 2468 2544 2612 2618 2641 2714 2803 2804 2888 2970 3060 3083 3107 3190 3242 3248 3325 3377 3437 3438 3503 3507 3644 3647 3682 3728 3761 3875 3882 3969 4047 4083 4122 4126 4262 4322 4358 4434 4554 4571 4654 4697 4705 4814 4902 4918 5150 5252 5288 5351 5395 5427 5496 5584 5695 5713 5865 5870 5986 5995 6090 6210 6214 6284 6322 6354 6390 6442 6451 6588 6624 6687 6688 6802 6834 6911 7005 7036 7049 
S 2: 0 | 18 41 132 191 260 294 303 420 535 570 672 688 714 792 1009 1033 1127 1169 1219 1235 1247 1307 1330 1436 1524 1525 1628 1667 1684 1734 1770 1785 2005 2101 2110 2181 2206 2275 2342 2371 2461 2468 2544 2612 2618 2641 2714 2803 2804 2888 2970 3060 3083 3107 3190 3242 3248 3325 3377 3437 3438 3503 3507 3644 3647 3682 3728 3761 3875 3882 3969 4047 4083 4122 4126 4262 4322 4358 4434 4554 4571 4654 4697 4705 4814 4902 4918 5150 5252 5288 5351 5395 5427 5496 5584 5695 5713 5865 5870 5986 5995 6090 6210 6214 6284 6322 6354 6390 6442 6451 6588 6624 6687 6688 6802 6834 6911 7005 7036 7049 
S 3: 0 | 18 41 132 191 260 294 303 420 535 570 672 688 714 792 1009 1033 1127 1169 1219 1235 1247 1307 1330 1436 1524 1525 1628 1667 1684 1734 1770 1785 2005 2101 2110 2181 2206 2275 2342 2371 2461 2468 2544 2612 2618 2641 2714 2803 2804 2888 2970 3060 3083 3107 3190 3242 3248 3325 3377 3437 3438 3503 3507 3644 3647 3682 3728 3761 3875 3882 3969 4047 4083 4122 4126 4262 4322 4358 4434 4554 4571 4654 4697 4705 4814 4902 4918 5150 5252 5288 5351 5395 5427 5496 5584 5695 5713 5865 5870 5986 5995 6090 6210 6214 6284 6322 6354 6390 6442 6451 6588 6624 6687 6688 6802 6834 6911 7005 7036 7049 
S 4: 0 | 18 41 132 191 260 294 303 420 535 570 672 688 714 792 1009 1033 1127 1169 1219 1235 1247 1307 1330 1436 1524 1525 1628 1667 1684 1734 1770 1785 2005 2101 2110 2181 2206 2275 2342 2371 2461 2468 2544 2612 2618 2641 2714 2803 2804 2888 2970 3060 3083 3107 3190 3242 3248 3325 3377 3437 3438 3503 3507 3644 3647 3682 3728 3761 3875 3882 3969 4047 4083 4122 4126 4262 4322 4358 4434 4554 4571 4654 4697 4705 4814 4902 4918 5150 5252 5288 5351 5395 5427 5496 5584 5695 5713 5865 5870 5986 5995 6090 6210 6214 6284 6322 6354 6390 6442 6451 6588 6624 6687 6688 6802 6834 6911 7005 7036 7049 
ALL EQUAL

Final time = 2587.2
Final solution cost = 8391
