Reading instance stp_instances/kroA100.stp of type D
Finished instance reading
Number of vertices = 100
Number of edges (resources) = 4950
Number of scenarios = 5
Average number of terminals per scenario = 100
Probabilities of Scenarios: (0) 0.13 | (1) 0.15 | (2) 0.33 | (3) 0.31 | (4) 0.08 | 
Average weighted inflation = 1.98937
Largest inflation = 3.99966
MAX_ITERATIONS_SINCE_LAST_IMPROVEMENT 2
MAX_ITERATIONS_SINCE_BEST_SOLUTION 3
Creating solution instance.
Starting Evolutive Framework.
Local search solution cost = 28690
Local search time = 906.929
906.929 local search - EF main loop cycle 0 solution cost 28690
906.943s Cost of SP solution after second stage solver 28690
Local search solution cost = 24970
Local search time = 72.2776
979.221 local search - EF main loop cycle 1 solution cost 24970
979.227s Cost of SP solution after second stage solver 24970
Local search solution cost = 24970
Local search time = 72.3027
1051.53 local search - EF main loop cycle 2 solution cost 24970
1051.53s Cost of SP solution after second stage solver 24970
Local search solution cost = 24970
Local search time = 72.7902
1124.33 local search - EF main loop cycle 3 solution cost 24970
1124.33s Cost of SP solution after second stage solver 24970
Number of cycles 4
Time for each cycle 281.083
1124.34s Cost of SP solution after tail step 24970
SELECTED RESOURCES:
10 80 134 182 200 225 270 303 475 479 556 572 634 642 689 701 732 742 793 863 904 962 1018 1032 1035 1062 1110 1279 1344 1417 1457 1515 1546 1548 1673 1794 1820 1849 1889 1939 2006 2041 2144 2202 2208 2260 2349 2361 2455 2494 2605 2624 2686 2699 2719 2787 2807 2872 2909 2977 3020 3068 3111 3122 3184 3228 3283 3354 3375 3412 3492 3553 3578 3604 3681 3705 3793 3835 3869 3921 3964 4049 4102 4157 4213 4243 4299 4365 4403 4452 4503 4542 4615 4634 4678 4746 4788 4836 4898 4921 
SCENARIO'S RESOURCES:
S 0: 0 | 10 80 134 182 200 225 270 303 475 479 556 572 634 642 689 701 732 742 793 863 904 962 1018 1032 1035 1062 1110 1279 1344 1417 1457 1515 1546 1548 1673 1794 1820 1849 1889 1939 2006 2041 2144 2202 2208 2260 2349 2361 2455 2494 2605 2624 2686 2699 2719 2787 2807 2872 2909 2977 3020 3068 3111 3122 3184 3228 3283 3354 3375 3412 3492 3553 3578 3604 3681 3705 3793 3835 3869 3921 3964 4049 4102 4157 4213 4243 4299 4365 4403 4452 4503 4542 4615 4634 4678 4746 4788 4836 4898 4921 
S 1: 0 | 10 80 134 182 200 225 270 303 475 479 556 572 634 642 689 701 732 742 793 863 904 962 1018 1032 1035 1062 1110 1279 1344 1417 1457 1515 1546 1548 1673 1794 1820 1849 1889 1939 2006 2041 2144 2202 2208 2260 2349 2361 2455 2494 2605 2624 2686 2699 2719 2787 2807 2872 2909 2977 3020 3068 3111 3122 3184 3228 3283 3354 3375 3412 3492 3553 3578 3604 3681 3705 3793 3835 3869 3921 3964 4049 4102 4157 4213 4243 4299 4365 4403 4452 4503 4542 4615 4634 4678 4746 4788 4836 4898 4921 
S 2: 0 | 10 80 134 182 200 225 270 303 475 479 556 572 634 642 689 701 732 742 793 863 904 962 1018 1032 1035 1062 1110 1279 1344 1417 1457 1515 1546 1548 1673 1794 1820 1849 1889 1939 2006 2041 2144 2202 2208 2260 2349 2361 2455 2494 2605 2624 2686 2699 2719 2787 2807 2872 2909 2977 3020 3068 3111 3122 3184 3228 3283 3354 3375 3412 3492 3553 3578 3604 3681 3705 3793 3835 3869 3921 3964 4049 4102 4157 4213 4243 4299 4365 4403 4452 4503 4542 4615 4634 4678 4746 4788 4836 4898 4921 
S 3: 0 | 10 80 134 182 200 225 270 303 475 479 556 572 634 642 689 701 732 742 793 863 904 962 1018 1032 1035 1062 1110 1279 1344 1417 1457 1515 1546 1548 1673 1794 1820 1849 1889 1939 2006 2041 2144 2202 2208 2260 2349 2361 2455 2494 2605 2624 2686 2699 2719 2787 2807 2872 2909 2977 3020 3068 3111 3122 3184 3228 3283 3354 3375 3412 3492 3553 3578 3604 3681 3705 3793 3835 3869 3921 3964 4049 4102 4157 4213 4243 4299 4365 4403 4452 4503 4542 4615 4634 4678 4746 4788 4836 4898 4921 
S 4: 0 | 10 80 134 182 200 225 270 303 475 479 556 572 634 642 689 701 732 742 793 863 904 962 1018 1032 1035 1062 1110 1279 1344 1417 1457 1515 1546 1548 1673 1794 1820 1849 1889 1939 2006 2041 2144 2202 2208 2260 2349 2361 2455 2494 2605 2624 2686 2699 2719 2787 2807 2872 2909 2977 3020 3068 3111 3122 3184 3228 3283 3354 3375 3412 3492 3553 3578 3604 3681 3705 3793 3835 3869 3921 3964 4049 4102 4157 4213 4243 4299 4365 4403 4452 4503 4542 4615 4634 4678 4746 4788 4836 4898 4921 
ALL EQUAL

Final time = 1124.45
Final solution cost = 24970
