Reading instance stp_instances/kroB100.stp of type D
Finished instance reading
Number of vertices = 100
Number of edges (resources) = 4950
Number of scenarios = 5
Average number of terminals per scenario = 100
Probabilities of Scenarios: (0) 0.27 | (1) 0.18 | (2) 0.36 | (3) 0.16 | (4) 0.03 | 
Average weighted inflation = 1.98947
Largest inflation = 3.99965
MAX_ITERATIONS_SINCE_LAST_IMPROVEMENT 2
MAX_ITERATIONS_SINCE_BEST_SOLUTION 3
Creating solution instance.
Starting Evolutive Framework.
Local search solution cost = 31039
Local search time = 887.112
887.112 local search - EF main loop cycle 0 solution cost 31039
887.18s Cost of SP solution after second stage solver 31039
Local search solution cost = 26969
Local search time = 88.4788
975.659 local search - EF main loop cycle 1 solution cost 26969
975.665s Cost of SP solution after second stage solver 26969
Local search solution cost = 26969
Local search time = 84.1121
1059.78 local search - EF main loop cycle 2 solution cost 26969
1059.78s Cost of SP solution after second stage solver 26969
Local search solution cost = 26969
Local search time = 84.0878
1143.87 local search - EF main loop cycle 3 solution cost 26969
1143.88s Cost of SP solution after second stage solver 26969
Number of cycles 4
Time for each cycle 285.969
1143.88s Cost of SP solution after tail step 26969
SELECTED RESOURCES:
40 47 55 96 270 333 353 425 447 493 510 552 587 611 685 745 798 833 835 921 981 986 998 1014 1071 1218 1255 1257 1281 1364 1399 1429 1453 1454 1684 1767 1804 1903 1938 1966 2062 2083 2184 2220 2231 2333 2339 2398 2412 2426 2448 2521 2542 2594 2687 2726 2730 2833 2865 2899 2927 2942 3067 3118 3129 3215 3238 3241 3287 3326 3384 3409 3460 3558 3590 3618 3658 3728 3762 3763 3870 3893 3916 4032 4138 4196 4270 4334 4338 4460 4482 4556 4635 4650 4663 4750 4760 4781 4876 4912 
SCENARIO'S RESOURCES:
S 0: 0 | 40 47 55 96 270 333 353 425 447 493 510 552 587 611 685 745 798 833 835 921 981 986 998 1014 1071 1218 1255 1257 1281 1364 1399 1429 1453 1454 1684 1767 1804 1903 1938 1966 2062 2083 2184 2220 2231 2333 2339 2398 2412 2426 2448 2521 2542 2594 2687 2726 2730 2833 2865 2899 2927 2942 3067 3118 3129 3215 3238 3241 3287 3326 3384 3409 3460 3558 3590 3618 3658 3728 3762 3763 3870 3893 3916 4032 4138 4196 4270 4334 4338 4460 4482 4556 4635 4650 4663 4750 4760 4781 4876 4912 
S 1: 0 | 40 47 55 96 270 333 353 425 447 493 510 552 587 611 685 745 798 833 835 921 981 986 998 1014 1071 1218 1255 1257 1281 1364 1399 1429 1453 1454 1684 1767 1804 1903 1938 1966 2062 2083 2184 2220 2231 2333 2339 2398 2412 2426 2448 2521 2542 2594 2687 2726 2730 2833 2865 2899 2927 2942 3067 3118 3129 3215 3238 3241 3287 3326 3384 3409 3460 3558 3590 3618 3658 3728 3762 3763 3870 3893 3916 4032 4138 4196 4270 4334 4338 4460 4482 4556 4635 4650 4663 4750 4760 4781 4876 4912 
S 2: 0 | 40 47 55 96 270 333 353 425 447 493 510 552 587 611 685 745 798 833 835 921 981 986 998 1014 1071 1218 1255 1257 1281 1364 1399 1429 1453 1454 1684 1767 1804 1903 1938 1966 2062 2083 2184 2220 2231 2333 2339 2398 2412 2426 2448 2521 2542 2594 2687 2726 2730 2833 2865 2899 2927 2942 3067 3118 3129 3215 3238 3241 3287 3326 3384 3409 3460 3558 3590 3618 3658 3728 3762 3763 3870 3893 3916 4032 4138 4196 4270 4334 4338 4460 4482 4556 4635 4650 4663 4750 4760 4781 4876 4912 
S 3: 0 | 40 47 55 96 270 333 353 425 447 493 510 552 587 611 685 745 798 833 835 921 981 986 998 1014 1071 1218 1255 1257 1281 1364 1399 1429 1453 1454 1684 1767 1804 1903 1938 1966 2062 2083 2184 2220 2231 2333 2339 2398 2412 2426 2448 2521 2542 2594 2687 2726 2730 2833 2865 2899 2927 2942 3067 3118 3129 3215 3238 3241 3287 3326 3384 3409 3460 3558 3590 3618 3658 3728 3762 3763 3870 3893 3916 4032 4138 4196 4270 4334 4338 4460 4482 4556 4635 4650 4663 4750 4760 4781 4876 4912 
S 4: 0 | 40 47 55 96 270 333 353 425 447 493 510 552 587 611 685 745 798 833 835 921 981 986 998 1014 1071 1218 1255 1257 1281 1364 1399 1429 1453 1454 1684 1767 1804 1903 1938 1966 2062 2083 2184 2220 2231 2333 2339 2398 2412 2426 2448 2521 2542 2594 2687 2726 2730 2833 2865 2899 2927 2942 3067 3118 3129 3215 3238 3241 3287 3326 3384 3409 3460 3558 3590 3618 3658 3728 3762 3763 3870 3893 3916 4032 4138 4196 4270 4334 4338 4460 4482 4556 4635 4650 4663 4750 4760 4781 4876 4912 
ALL EQUAL

Final time = 1143.91
Final solution cost = 26969
