Reading instance stp_instances/kroC100.stp of type D
Finished instance reading
Number of vertices = 100
Number of edges (resources) = 4950
Number of scenarios = 5
Average number of terminals per scenario = 100
Probabilities of Scenarios: (0) 0.26 | (1) 0.09 | (2) 0.22 | (3) 0.35 | (4) 0.08 | 
Average weighted inflation = 1.99123
Largest inflation = 3.99971
MAX_ITERATIONS_SINCE_LAST_IMPROVEMENT 2
MAX_ITERATIONS_SINCE_BEST_SOLUTION 3
Creating solution instance.
Starting Evolutive Framework.
Local search solution cost = 29315.9
Local search time = 893.369
893.369 local search - EF main loop cycle 0 solution cost 29315.9
893.385s Cost of SP solution after second stage solver 29315.9
Local search solution cost = 24764
Local search time = 73.0011
966.386 local search - EF main loop cycle 1 solution cost 24764
966.392s Cost of SP solution after second stage solver 24764
Local search solution cost = 24764
Local search time = 72.9179
1039.31 local search - EF main loop cycle 2 solution cost 24764
1039.32s Cost of SP solution after second stage solver 24764
Local search solution cost = 24764
Local search time = 72.7755
1112.09 local search - EF main loop cycle 3 solution cost 24764
1112.1s Cost of SP solution after second stage solver 24764
Number of cycles 4
Time for each cycle 278.024
1112.1s Cost of SP solution after tail step 24764
SELECTED RESOURCES:
87 91 127 183 191 217 251 259 336 395 488 490 509 552 562 638 740 767 865 898 981 1018 1065 1076 1124 1145 1240 1285 1326 1383 1472 1512 1575 1629 1693 1714 1722 1795 1815 1868 1934 1941 1972 2007 2095 2116 2175 2209 2240 2245 2280 2368 2464 2470 2558 2614 2684 2696 2722 2754 2844 2855 2932 3015 3017 3145 3157 3248 3317 3382 3392 3450 3454 3525 3538 3574 3619 3665 3768 3857 3868 3932 3940 4080 4113 4189 4234 4368 4442 4464 4483 4551 4592 4640 4713 4743 4762 4844 4895 4931 
SCENARIO'S RESOURCES:
S 0: 0 | 87 91 127 183 191 217 251 259 336 395 488 490 509 552 562 638 740 767 865 898 981 1018 1065 1076 1124 1145 1240 1285 1326 1383 1472 1512 1575 1629 1693 1714 1722 1795 1815 1868 1934 1941 1972 2007 2095 2116 2175 2209 2240 2245 2280 2368 2464 2470 2558 2614 2684 2696 2722 2754 2844 2855 2932 3015 3017 3145 3157 3248 3317 3382 3392 3450 3454 3525 3538 3574 3619 3665 3768 3857 3868 3932 3940 4080 4113 4189 4234 4368 4442 4464 4483 4551 4592 4640 4713 4743 4762 4844 4895 4931 
S 1: 0 | 87 91 127 183 191 217 251 259 336 395 488 490 509 552 562 638 740 767 865 898 981 1018 1065 1076 1124 1145 1240 1285 1326 1383 1472 1512 1575 1629 1693 1714 1722 1795 1815 1868 1934 1941 1972 2007 2095 2116 2175 2209 2240 2245 2280 2368 2464 2470 2558 2614 2684 2696 2722 2754 2844 2855 2932 3015 3017 3145 3157 3248 3317 3382 3392 3450 3454 3525 3538 3574 3619 3665 3768 3857 3868 3932 3940 4080 4113 4189 4234 4368 4442 4464 4483 4551 4592 4640 4713 4743 4762 4844 4895 4931 
S 2: 0 | 87 91 127 183 191 217 251 259 336 395 488 490 509 552 562 638 740 767 865 898 981 1018 1065 1076 1124 1145 1240 1285 1326 1383 1472 1512 1575 1629 1693 1714 1722 1795 1815 1868 1934 1941 1972 2007 2095 2116 2175 2209 2240 2245 2280 2368 2464 2470 2558 2614 2684 2696 2722 2754 2844 2855 2932 3015 3017 3145 3157 3248 3317 3382 3392 3450 3454 3525 3538 3574 3619 3665 3768 3857 3868 3932 3940 4080 4113 4189 4234 4368 4442 4464 4483 4551 4592 4640 4713 4743 4762 4844 4895 4931 
S 3: 0 | 87 91 127 183 191 217 251 259 336 395 488 490 509 552 562 638 740 767 865 898 981 1018 1065 1076 1124 1145 1240 1285 1326 1383 1472 1512 1575 1629 1693 1714 1722 1795 1815 1868 1934 1941 1972 2007 2095 2116 2175 2209 2240 2245 2280 2368 2464 2470 2558 2614 2684 2696 2722 2754 2844 2855 2932 3015 3017 3145 3157 3248 3317 3382 3392 3450 3454 3525 3538 3574 3619 3665 3768 3857 3868 3932 3940 4080 4113 4189 4234 4368 4442 4464 4483 4551 4592 4640 4713 4743 4762 4844 4895 4931 
S 4: 0 | 87 91 127 183 191 217 251 259 336 395 488 490 509 552 562 638 740 767 865 898 981 1018 1065 1076 1124 1145 1240 1285 1326 1383 1472 1512 1575 1629 1693 1714 1722 1795 1815 1868 1934 1941 1972 2007 2095 2116 2175 2209 2240 2245 2280 2368 2464 2470 2558 2614 2684 2696 2722 2754 2844 2855 2932 3015 3017 3145 3157 3248 3317 3382 3392 3450 3454 3525 3538 3574 3619 3665 3768 3857 3868 3932 3940 4080 4113 4189 4234 4368 4442 4464 4483 4551 4592 4640 4713 4743 4762 4844 4895 4931 
ALL EQUAL

Final time = 1112.35
Final solution cost = 24764
