Reading instance stp_instances/kroD100.stp of type D
Finished instance reading
Number of vertices = 100
Number of edges (resources) = 4950
Number of scenarios = 5
Average number of terminals per scenario = 100
Probabilities of Scenarios: (0) 0.16 | (1) 0.17 | (2) 0.27 | (3) 0.06 | (4) 0.34 | 
Average weighted inflation = 1.99585
Largest inflation = 3.99923
MAX_ITERATIONS_SINCE_LAST_IMPROVEMENT 2
MAX_ITERATIONS_SINCE_BEST_SOLUTION 3
Creating solution instance.
Starting Evolutive Framework.
Local search solution cost = 31374.9
Local search time = 1148.56
1148.56 local search - EF main loop cycle 0 solution cost 31374.9
1148.58s Cost of SP solution after second stage solver 31374.9
Local search solution cost = 25635
Local search time = 74.979
1223.56 local search - EF main loop cycle 1 solution cost 25635
1223.57s Cost of SP solution after second stage solver 25635
Local search solution cost = 25635
Local search time = 74.9632
1298.53 local search - EF main loop cycle 2 solution cost 25635
1298.54s Cost of SP solution after second stage solver 25635
Local search solution cost = 25635
Local search time = 74.7069
1373.24 local search - EF main loop cycle 3 solution cost 25635
1373.25s Cost of SP solution after second stage solver 25635
Number of cycles 4
Time for each cycle 343.312
1373.25s Cost of SP solution after tail step 25635
SELECTED RESOURCES:
8 45 119 179 201 252 265 293 295 348 362 399 481 509 664 699 717 806 842 906 978 1044 1055 1082 1099 1176 1209 1254 1261 1282 1330 1439 1512 1570 1624 1631 1713 1776 1864 1882 1906 1944 1992 2011 2117 2131 2151 2224 2275 2323 2387 2394 2418 2457 2529 2541 2594 2673 2688 2736 2767 2843 2892 3015 3156 3158 3167 3245 3257 3326 3360 3443 3475 3544 3634 3680 3709 3819 3821 3838 3932 4004 4058 4081 4096 4104 4229 4245 4396 4426 4549 4550 4591 4653 4704 4749 4783 4830 4869 4880 
SCENARIO'S RESOURCES:
S 0: 0 | 8 45 119 179 201 252 265 293 295 348 362 399 481 509 664 699 717 806 842 906 978 1044 1055 1082 1099 1176 1209 1254 1261 1282 1330 1439 1512 1570 1624 1631 1713 1776 1864 1882 1906 1944 1992 2011 2117 2131 2151 2224 2275 2323 2387 2394 2418 2457 2529 2541 2594 2673 2688 2736 2767 2843 2892 3015 3156 3158 3167 3245 3257 3326 3360 3443 3475 3544 3634 3680 3709 3819 3821 3838 3932 4004 4058 4081 4096 4104 4229 4245 4396 4426 4549 4550 4591 4653 4704 4749 4783 4830 4869 4880 
S 1: 0 | 8 45 119 179 201 252 265 293 295 348 362 399 481 509 664 699 717 806 842 906 978 1044 1055 1082 1099 1176 1209 1254 1261 1282 1330 1439 1512 1570 1624 1631 1713 1776 1864 1882 1906 1944 1992 2011 2117 2131 2151 2224 2275 2323 2387 2394 2418 2457 2529 2541 2594 2673 2688 2736 2767 2843 2892 3015 3156 3158 3167 3245 3257 3326 3360 3443 3475 3544 3634 3680 3709 3819 3821 3838 3932 4004 4058 4081 4096 4104 4229 4245 4396 4426 4549 4550 4591 4653 4704 4749 4783 4830 4869 4880 
S 2: 0 | 8 45 119 179 201 252 265 293 295 348 362 399 481 509 664 699 717 806 842 906 978 1044 1055 1082 1099 1176 1209 1254 1261 1282 1330 1439 1512 1570 1624 1631 1713 1776 1864 1882 1906 1944 1992 2011 2117 2131 2151 2224 2275 2323 2387 2394 2418 2457 2529 2541 2594 2673 2688 2736 2767 2843 2892 3015 3156 3158 3167 3245 3257 3326 3360 3443 3475 3544 3634 3680 3709 3819 3821 3838 3932 4004 4058 4081 4096 4104 4229 4245 4396 4426 4549 4550 4591 4653 4704 4749 4783 4830 4869 4880 
S 3: 0 | 8 45 119 179 201 252 265 293 295 348 362 399 481 509 664 699 717 806 842 906 978 1044 1055 1082 1099 1176 1209 1254 1261 1282 1330 1439 1512 1570 1624 1631 1713 1776 1864 1882 1906 1944 1992 2011 2117 2131 2151 2224 2275 2323 2387 2394 2418 2457 2529 2541 2594 2673 2688 2736 2767 2843 2892 3015 3156 3158 3167 3245 3257 3326 3360 3443 3475 3544 3634 3680 3709 3819 3821 3838 3932 4004 4058 4081 4096 4104 4229 4245 4396 4426 4549 4550 4591 4653 4704 4749 4783 4830 4869 4880 
S 4: 0 | 8 45 119 179 201 252 265 293 295 348 362 399 481 509 664 699 717 806 842 906 978 1044 1055 1082 1099 1176 1209 1254 1261 1282 1330 1439 1512 1570 1624 1631 1713 1776 1864 1882 1906 1944 1992 2011 2117 2131 2151 2224 2275 2323 2387 2394 2418 2457 2529 2541 2594 2673 2688 2736 2767 2843 2892 3015 3156 3158 3167 3245 3257 3326 3360 3443 3475 3544 3634 3680 3709 3819 3821 3838 3932 4004 4058 4081 4096 4104 4229 4245 4396 4426 4549 4550 4591 4653 4704 4749 4783 4830 4869 4880 
ALL EQUAL

Final time = 1373.33
Final solution cost = 25635
