Reading instance stp_instances/kroE100.stp of type D
Finished instance reading
Number of vertices = 100
Number of edges (resources) = 4950
Number of scenarios = 5
Average number of terminals per scenario = 100
Probabilities of Scenarios: (0) 0.16 | (1) 0.02 | (2) 0.31 | (3) 0.37 | (4) 0.14 | 
Average weighted inflation = 2.00119
Largest inflation = 3.99955
MAX_ITERATIONS_SINCE_LAST_IMPROVEMENT 2
MAX_ITERATIONS_SINCE_BEST_SOLUTION 3
Creating solution instance.
Starting Evolutive Framework.
Local search solution cost = 32867.4
Local search time = 998.077
998.077 local search - EF main loop cycle 0 solution cost 32867.4
998.132s Cost of SP solution after second stage solver 32867.4
Local search solution cost = 28088
Local search time = 74.3027
1072.44 local search - EF main loop cycle 1 solution cost 28088
1072.44s Cost of SP solution after second stage solver 28088
Local search solution cost = 28088
Local search time = 70.4161
1142.86 local search - EF main loop cycle 2 solution cost 28088
1142.86s Cost of SP solution after second stage solver 28088
Local search solution cost = 28088
Local search time = 70.2775
1213.14 local search - EF main loop cycle 3 solution cost 28088
1213.15s Cost of SP solution after second stage solver 28088
Number of cycles 4
Time for each cycle 303.286
1213.15s Cost of SP solution after tail step 28088
SELECTED RESOURCES:
44 46 48 74 107 250 270 283 337 365 395 476 517 533 577 622 698 724 824 879 985 992 1015 1035 1185 1288 1359 1402 1504 1533 1618 1688 1760 1767 1878 1902 1948 1967 2014 2023 2109 2110 2146 2248 2254 2324 2328 2400 2475 2498 2528 2571 2634 2648 2741 2781 2806 2853 2886 2949 2978 3028 3063 3111 3137 3211 3306 3321 3393 3419 3442 3522 3608 3612 3681 3695 3761 3775 3898 3908 3957 3963 4010 4059 4169 4176 4215 4233 4296 4429 4534 4549 4564 4624 4706 4750 4797 4806 4879 4944 
SCENARIO'S RESOURCES:
S 0: 0 | 44 46 48 74 107 250 270 283 337 365 395 476 517 533 577 622 698 724 824 879 985 992 1015 1035 1185 1288 1359 1402 1504 1533 1618 1688 1760 1767 1878 1902 1948 1967 2014 2023 2109 2110 2146 2248 2254 2324 2328 2400 2475 2498 2528 2571 2634 2648 2741 2781 2806 2853 2886 2949 2978 3028 3063 3111 3137 3211 3306 3321 3393 3419 3442 3522 3608 3612 3681 3695 3761 3775 3898 3908 3957 3963 4010 4059 4169 4176 4215 4233 4296 4429 4534 4549 4564 4624 4706 4750 4797 4806 4879 4944 
S 1: 0 | 44 46 48 74 107 250 270 283 337 365 395 476 517 533 577 622 698 724 824 879 985 992 1015 1035 1185 1288 1359 1402 1504 1533 1618 1688 1760 1767 1878 1902 1948 1967 2014 2023 2109 2110 2146 2248 2254 2324 2328 2400 2475 2498 2528 2571 2634 2648 2741 2781 2806 2853 2886 2949 2978 3028 3063 3111 3137 3211 3306 3321 3393 3419 3442 3522 3608 3612 3681 3695 3761 3775 3898 3908 3957 3963 4010 4059 4169 4176 4215 4233 4296 4429 4534 4549 4564 4624 4706 4750 4797 4806 4879 4944 
S 2: 0 | 44 46 48 74 107 250 270 283 337 365 395 476 517 533 577 622 698 724 824 879 985 992 1015 1035 1185 1288 1359 1402 1504 1533 1618 1688 1760 1767 1878 1902 1948 1967 2014 2023 2109 2110 2146 2248 2254 2324 2328 2400 2475 2498 2528 2571 2634 2648 2741 2781 2806 2853 2886 2949 2978 3028 3063 3111 3137 3211 3306 3321 3393 3419 3442 3522 3608 3612 3681 3695 3761 3775 3898 3908 3957 3963 4010 4059 4169 4176 4215 4233 4296 4429 4534 4549 4564 4624 4706 4750 4797 4806 4879 4944 
S 3: 0 | 44 46 48 74 107 250 270 283 337 365 395 476 517 533 577 622 698 724 824 879 985 992 1015 1035 1185 1288 1359 1402 1504 1533 1618 1688 1760 1767 1878 1902 1948 1967 2014 2023 2109 2110 2146 2248 2254 2324 2328 2400 2475 2498 2528 2571 2634 2648 2741 2781 2806 2853 2886 2949 2978 3028 3063 3111 3137 3211 3306 3321 3393 3419 3442 3522 3608 3612 3681 3695 3761 3775 3898 3908 3957 3963 4010 4059 4169 4176 4215 4233 4296 4429 4534 4549 4564 4624 4706 4750 4797 4806 4879 4944 
S 4: 0 | 44 46 48 74 107 250 270 283 337 365 395 476 517 533 577 622 698 724 824 879 985 992 1015 1035 1185 1288 1359 1402 1504 1533 1618 1688 1760 1767 1878 1902 1948 1967 2014 2023 2109 2110 2146 2248 2254 2324 2328 2400 2475 2498 2528 2571 2634 2648 2741 2781 2806 2853 2886 2949 2978 3028 3063 3111 3137 3211 3306 3321 3393 3419 3442 3522 3608 3612 3681 3695 3761 3775 3898 3908 3957 3963 4010 4059 4169 4176 4215 4233 4296 4429 4534 4549 4564 4624 4706 4750 4797 4806 4879 4944 
ALL EQUAL

Final time = 1213.16
Final solution cost = 28088
