Reading instance stp_instances/lin105.stp of type D
Finished instance reading
Number of vertices = 105
Number of edges (resources) = 5460
Number of scenarios = 5
Average number of terminals per scenario = 105
Probabilities of Scenarios: (0) 0.1 | (1) 0.2 | (2) 0.13 | (3) 0.2 | (4) 0.37 | 
Average weighted inflation = 1.9974
Largest inflation = 3.99919
MAX_ITERATIONS_SINCE_LAST_IMPROVEMENT 2
MAX_ITERATIONS_SINCE_BEST_SOLUTION 3
Creating solution instance.
Starting Evolutive Framework.
Local search solution cost = 19153.7
Local search time = 1226.26
1226.26 local search - EF main loop cycle 0 solution cost 19153.7
1226.27s Cost of SP solution after second stage solver 19153.7
Local search solution cost = 18164
Local search time = 81.6321
1307.9 local search - EF main loop cycle 1 solution cost 18164
1307.91s Cost of SP solution after second stage solver 18164
Local search solution cost = 18164
Local search time = 81.7537
1389.66 local search - EF main loop cycle 2 solution cost 18164
1389.67s Cost of SP solution after second stage solver 18164
Local search solution cost = 18164
Local search time = 81.7354
1471.4 local search - EF main loop cycle 3 solution cost 18164
1471.41s Cost of SP solution after second stage solver 18164
Number of cycles 4
Time for each cycle 367.853
1471.42s Cost of SP solution after tail step 18164
SELECTED RESOURCES:
0 1 5 9 11 20 35 42 54 62 70 90 101 102 113 135 152 189 230 250 293 323 324 343 348 373 399 405 494 495 525 541 594 627 665 700 740 777 901 902 943 1031 1078 1172 1175 1223 1271 1320 1376 1429 1539 1593 1648 1702 1707 1749 1829 1887 1952 2015 2076 2144 2208 2277 2411 2414 2482 2696 2774 2847 2996 3079 3152 3156 3232 3234 3402 3481 3485 3567 3641 3827 4004 4089 4185 4271 4275 4364 4464 4556 4655 4744 4840 4850 4927 4945 5027 5146 5150 5171 5181 5292 5297 5411 5412 
SCENARIO'S RESOURCES:
S 0: 0 | 0 1 5 9 11 20 35 42 54 62 70 90 101 102 113 135 152 189 230 250 293 323 324 343 348 373 399 405 494 495 525 541 594 627 665 700 740 777 901 902 943 1031 1078 1172 1175 1223 1271 1320 1376 1429 1539 1593 1648 1702 1707 1749 1829 1887 1952 2015 2076 2144 2208 2277 2411 2414 2482 2696 2774 2847 2996 3079 3152 3156 3232 3234 3402 3481 3485 3567 3641 3827 4004 4089 4185 4271 4275 4364 4464 4556 4655 4744 4840 4850 4927 4945 5027 5146 5150 5171 5181 5292 5297 5411 5412 
S 1: 0 | 0 1 5 9 11 20 35 42 54 62 70 90 101 102 113 135 152 189 230 250 293 323 324 343 348 373 399 405 494 495 525 541 594 627 665 700 740 777 901 902 943 1031 1078 1172 1175 1223 1271 1320 1376 1429 1539 1593 1648 1702 1707 1749 1829 1887 1952 2015 2076 2144 2208 2277 2411 2414 2482 2696 2774 2847 2996 3079 3152 3156 3232 3234 3402 3481 3485 3567 3641 3827 4004 4089 4185 4271 4275 4364 4464 4556 4655 4744 4840 4850 4927 4945 5027 5146 5150 5171 5181 5292 5297 5411 5412 
S 2: 0 | 0 1 5 9 11 20 35 42 54 62 70 90 101 102 113 135 152 189 230 250 293 323 324 343 348 373 399 405 494 495 525 541 594 627 665 700 740 777 901 902 943 1031 1078 1172 1175 1223 1271 1320 1376 1429 1539 1593 1648 1702 1707 1749 1829 1887 1952 2015 2076 2144 2208 2277 2411 2414 2482 2696 2774 2847 2996 3079 3152 3156 3232 3234 3402 3481 3485 3567 3641 3827 4004 4089 4185 4271 4275 4364 4464 4556 4655 4744 4840 4850 4927 4945 5027 5146 5150 5171 5181 5292 5297 5411 5412 
S 3: 0 | 0 1 5 9 11 20 35 42 54 62 70 90 101 102 113 135 152 189 230 250 293 323 324 343 348 373 399 405 494 495 525 541 594 627 665 700 740 777 901 902 943 1031 1078 1172 1175 1223 1271 1320 1376 1429 1539 1593 1648 1702 1707 1749 1829 1887 1952 2015 2076 2144 2208 2277 2411 2414 2482 2696 2774 2847 2996 3079 3152 3156 3232 3234 3402 3481 3485 3567 3641 3827 4004 4089 4185 4271 4275 4364 4464 4556 4655 4744 4840 4850 4927 4945 5027 5146 5150 5171 5181 5292 5297 5411 5412 
S 4: 0 | 0 1 5 9 11 20 35 42 54 62 70 90 101 102 113 135 152 189 230 250 293 323 324 343 348 373 399 405 494 495 525 541 594 627 665 700 740 777 901 902 943 1031 1078 1172 1175 1223 1271 1320 1376 1429 1539 1593 1648 1702 1707 1749 1829 1887 1952 2015 2076 2144 2208 2277 2411 2414 2482 2696 2774 2847 2996 3079 3152 3156 3232 3234 3402 3481 3485 3567 3641 3827 4004 4089 4185 4271 4275 4364 4464 4556 4655 4744 4840 4850 4927 4945 5027 5146 5150 5171 5181 5292 5297 5411 5412 
ALL EQUAL

Final time = 1471.43
Final solution cost = 18164
