Reading instance stp_instances/pr107.stp of type D
Finished instance reading
Number of vertices = 107
Number of edges (resources) = 5671
Number of scenarios = 5
Average number of terminals per scenario = 107
Probabilities of Scenarios: (0) 0.23 | (1) 0.25 | (2) 0.39 | (3) 0.1 | (4) 0.03 | 
Average weighted inflation = 1.98525
Largest inflation = 3.99987
MAX_ITERATIONS_SINCE_LAST_IMPROVEMENT 2
MAX_ITERATIONS_SINCE_BEST_SOLUTION 3
Creating solution instance.
Starting Evolutive Framework.
Local search solution cost = 57289.2
Local search time = 10370.4
10370.4 local search - EF main loop cycle 0 solution cost 57289.2
10370.5s Cost of SP solution after second stage solver 57289.2
Local search solution cost = 53213
Local search time = 348.882
10719.4 local search - EF main loop cycle 1 solution cost 53213
10719.4s Cost of SP solution after second stage solver 53213
Local search solution cost = 53213
Local search time = 348.076
11067.5 local search - EF main loop cycle 2 solution cost 53213
11067.5s Cost of SP solution after second stage solver 53213
Local search solution cost = 53213
Local search time = 348.206
11415.7 local search - EF main loop cycle 3 solution cost 53213
11415.7s Cost of SP solution after second stage solver 53213
Number of cycles 4
Time for each cycle 2853.92
11415.7s Cost of SP solution after tail step 53213
SELECTED RESOURCES:
0 1 5 7 13 19 26 34 43 53 65 75 89 103 118 151 152 167 187 208 230 274 275 322 324 375 377 404 434 464 495 559 560 593 629 665 702 779 817 819 858 902 1032 1033 1078 1125 1127 1172 1273 1325 1375 1429 1430 1480 1652 1730 1829 1890 1952 2079 2143 2207 2210 2275 2345 2484 2553 2554 2626 2700 2848 2849 2924 3002 3080 3159 3218 3320 3400 3402 3461 3653 3740 3825 3827 3885 4000 4184 4185 4274 4276 4334 4464 4520 4655 4750 4752 4808 4949 5149 5251 5252 5307 5456 5563 5669 5670 
SCENARIO'S RESOURCES:
S 0: 0 | 0 1 5 7 13 19 26 34 43 53 65 75 89 103 118 151 152 167 187 208 230 274 275 322 324 375 377 404 434 464 495 559 560 593 629 665 702 779 817 819 858 902 1032 1033 1078 1125 1127 1172 1273 1325 1375 1429 1430 1480 1652 1730 1829 1890 1952 2079 2143 2207 2210 2275 2345 2484 2553 2554 2626 2700 2848 2849 2924 3002 3080 3159 3218 3320 3400 3402 3461 3653 3740 3825 3827 3885 4000 4184 4185 4274 4276 4334 4464 4520 4655 4750 4752 4808 4949 5149 5251 5252 5307 5456 5563 5669 5670 
S 1: 0 | 0 1 5 7 13 19 26 34 43 53 65 75 89 103 118 151 152 167 187 208 230 274 275 322 324 375 377 404 434 464 495 559 560 593 629 665 702 779 817 819 858 902 1032 1033 1078 1125 1127 1172 1273 1325 1375 1429 1430 1480 1652 1730 1829 1890 1952 2079 2143 2207 2210 2275 2345 2484 2553 2554 2626 2700 2848 2849 2924 3002 3080 3159 3218 3320 3400 3402 3461 3653 3740 3825 3827 3885 4000 4184 4185 4274 4276 4334 4464 4520 4655 4750 4752 4808 4949 5149 5251 5252 5307 5456 5563 5669 5670 
S 2: 0 | 0 1 5 7 13 19 26 34 43 53 65 75 89 103 118 151 152 167 187 208 230 274 275 322 324 375 377 404 434 464 495 559 560 593 629 665 702 779 817 819 858 902 1032 1033 1078 1125 1127 1172 1273 1325 1375 1429 1430 1480 1652 1730 1829 1890 1952 2079 2143 2207 2210 2275 2345 2484 2553 2554 2626 2700 2848 2849 2924 3002 3080 3159 3218 3320 3400 3402 3461 3653 3740 3825 3827 3885 4000 4184 4185 4274 4276 4334 4464 4520 4655 4750 4752 4808 4949 5149 5251 5252 5307 5456 5563 5669 5670 
S 3: 0 | 0 1 5 7 13 19 26 34 43 53 65 75 89 103 118 151 152 167 187 208 230 274 275 322 324 375 377 404 434 464 495 559 560 593 629 665 702 779 817 819 858 902 1032 1033 1078 1125 1127 1172 1273 1325 1375 1429 1430 1480 1652 1730 1829 1890 1952 2079 2143 2207 2210 2275 2345 2484 2553 2554 2626 2700 2848 2849 2924 3002 3080 3159 3218 3320 3400 3402 3461 3653 3740 3825 3827 3885 4000 4184 4185 4274 4276 4334 4464 4520 4655 4750 4752 4808 4949 5149 5251 5252 5307 5456 5563 5669 5670 
S 4: 0 | 0 1 5 7 13 19 26 34 43 53 65 75 89 103 118 151 152 167 187 208 230 274 275 322 324 375 377 404 434 464 495 559 560 593 629 665 702 779 817 819 858 902 1032 1033 1078 1125 1127 1172 1273 1325 1375 1429 1430 1480 1652 1730 1829 1890 1952 2079 2143 2207 2210 2275 2345 2484 2553 2554 2626 2700 2848 2849 2924 3002 3080 3159 3218 3320 3400 3402 3461 3653 3740 3825 3827 3885 4000 4184 4185 4274 4276 4334 4464 4520 4655 4750 4752 4808 4949 5149 5251 5252 5307 5456 5563 5669 5670 
ALL EQUAL

Final time = 11415.8
Final solution cost = 53213
