Reading instance stp_instances/pr76.stp of type D
Finished instance reading
Number of vertices = 76
Number of edges (resources) = 2850
Number of scenarios = 5
Average number of terminals per scenario = 76
Probabilities of Scenarios: (0) 0.27 | (1) 0.17 | (2) 0.11 | (3) 0.18 | (4) 0.27 | 
Average weighted inflation = 1.9909
Largest inflation = 3.99883
MAX_ITERATIONS_SINCE_LAST_IMPROVEMENT 2
MAX_ITERATIONS_SINCE_BEST_SOLUTION 3
Creating solution instance.
Starting Evolutive Framework.
Local search solution cost = 148370
Local search time = 297.239
297.239 local search - EF main loop cycle 0 solution cost 148370
297.25s Cost of SP solution after second stage solver 148370
Local search solution cost = 129571
Local search time = 27.1041
324.354 local search - EF main loop cycle 1 solution cost 129571
324.358s Cost of SP solution after second stage solver 129571
Local search solution cost = 129571
Local search time = 26.9183
351.276 local search - EF main loop cycle 2 solution cost 129571
351.28s Cost of SP solution after second stage solver 129571
Local search solution cost = 129571
Local search time = 27.0863
378.366 local search - EF main loop cycle 3 solution cost 129571
378.369s Cost of SP solution after second stage solver 129571
Number of cycles 4
Time for each cycle 94.5923
378.373s Cost of SP solution after tail step 129571
SELECTED RESOURCES:
0 5 9 14 26 27 34 44 54 65 90 104 119 135 152 189 230 231 252 296 299 319 350 377 434 453 464 493 527 594 629 647 665 699 735 740 819 888 989 1013 1124 1127 1224 1273 1325 1367 1377 1419 1420 1534 1539 1635 1650 1751 1769 1828 1890 1947 2014 2015 2144 2210 2277 2324 2345 2390 2391 2471 2549 2626 2627 2639 2640 2702 2777 2849 
SCENARIO'S RESOURCES:
S 0: 0 | 0 5 9 14 26 27 34 44 54 65 90 104 119 135 152 189 230 231 252 296 299 319 350 377 434 453 464 493 527 594 629 647 665 699 735 740 819 888 989 1013 1124 1127 1224 1273 1325 1367 1377 1419 1420 1534 1539 1635 1650 1751 1769 1828 1890 1947 2014 2015 2144 2210 2277 2324 2345 2390 2391 2471 2549 2626 2627 2639 2640 2702 2777 2849 
S 1: 0 | 0 5 9 14 26 27 34 44 54 65 90 104 119 135 152 189 230 231 252 296 299 319 350 377 434 453 464 493 527 594 629 647 665 699 735 740 819 888 989 1013 1124 1127 1224 1273 1325 1367 1377 1419 1420 1534 1539 1635 1650 1751 1769 1828 1890 1947 2014 2015 2144 2210 2277 2324 2345 2390 2391 2471 2549 2626 2627 2639 2640 2702 2777 2849 
S 2: 0 | 0 5 9 14 26 27 34 44 54 65 90 104 119 135 152 189 230 231 252 296 299 319 350 377 434 453 464 493 527 594 629 647 665 699 735 740 819 888 989 1013 1124 1127 1224 1273 1325 1367 1377 1419 1420 1534 1539 1635 1650 1751 1769 1828 1890 1947 2014 2015 2144 2210 2277 2324 2345 2390 2391 2471 2549 2626 2627 2639 2640 2702 2777 2849 
S 3: 0 | 0 5 9 14 26 27 34 44 54 65 90 104 119 135 152 189 230 231 252 296 299 319 350 377 434 453 464 493 527 594 629 647 665 699 735 740 819 888 989 1013 1124 1127 1224 1273 1325 1367 1377 1419 1420 1534 1539 1635 1650 1751 1769 1828 1890 1947 2014 2015 2144 2210 2277 2324 2345 2390 2391 2471 2549 2626 2627 2639 2640 2702 2777 2849 
S 4: 0 | 0 5 9 14 26 27 34 44 54 65 90 104 119 135 152 189 230 231 252 296 299 319 350 377 434 453 464 493 527 594 629 647 665 699 735 740 819 888 989 1013 1124 1127 1224 1273 1325 1367 1377 1419 1420 1534 1539 1635 1650 1751 1769 1828 1890 1947 2014 2015 2144 2210 2277 2324 2345 2390 2391 2471 2549 2626 2627 2639 2640 2702 2777 2849 
ALL EQUAL

Final time = 378.478
Final solution cost = 129571
