Reading instance stp_instances/rat99.stp of type D
Finished instance reading
Number of vertices = 99
Number of edges (resources) = 4851
Number of scenarios = 5
Average number of terminals per scenario = 99
Probabilities of Scenarios: (0) 0.14 | (1) 0.28 | (2) 0.34 | (3) 0.07 | (4) 0.17 | 
Average weighted inflation = 1.98715
Largest inflation = 3.99444
MAX_ITERATIONS_SINCE_LAST_IMPROVEMENT 2
MAX_ITERATIONS_SINCE_BEST_SOLUTION 3
Creating solution instance.
Starting Evolutive Framework.
Local search solution cost = 1593
Local search time = 730.447
730.447 local search - EF main loop cycle 0 solution cost 1593
730.461s Cost of SP solution after second stage solver 1593
Local search solution cost = 1368
Local search time = 71.0777
801.539 local search - EF main loop cycle 1 solution cost 1368
801.544s Cost of SP solution after second stage solver 1368
Local search solution cost = 1368
Local search time = 71.327
872.871 local search - EF main loop cycle 2 solution cost 1368
872.876s Cost of SP solution after second stage solver 1368
Local search solution cost = 1368
Local search time = 71.1659
944.042 local search - EF main loop cycle 3 solution cost 1368
944.047s Cost of SP solution after second stage solver 1368
Number of cycles 4
Time for each cycle 236.012
944.053s Cost of SP solution after tail step 1368
SELECTED RESOURCES:
0 1 4 14 20 27 35 47 54 64 69 82 89 119 144 152 189 209 230 245 252 265 299 315 324 341 369 434 464 495 527 560 587 629 657 658 779 819 860 894 902 938 989 1027 1118 1119 1174 1274 1325 1377 1422 1430 1476 1477 1595 1644 1652 1760 1828 1829 1888 1952 2008 2144 2210 2277 2414 2547 2555 2691 2692 2773 2849 2925 2994 3002 3070 3150 3230 3239 3312 3402 3569 3654 3733 3827 3915 4087 4185 4277 4363 4370 4454 4559 4655 4745 4752 4841 4842 
SCENARIO'S RESOURCES:
S 0: 0 | 0 1 4 14 20 27 35 47 54 64 69 82 89 119 144 152 189 209 230 245 252 265 299 315 324 341 369 434 464 495 527 560 587 629 657 658 779 819 860 894 902 938 989 1027 1118 1119 1174 1274 1325 1377 1422 1430 1476 1477 1595 1644 1652 1760 1828 1829 1888 1952 2008 2144 2210 2277 2414 2547 2555 2691 2692 2773 2849 2925 2994 3002 3070 3150 3230 3239 3312 3402 3569 3654 3733 3827 3915 4087 4185 4277 4363 4370 4454 4559 4655 4745 4752 4841 4842 
S 1: 0 | 0 1 4 14 20 27 35 47 54 64 69 82 89 119 144 152 189 209 230 245 252 265 299 315 324 341 369 434 464 495 527 560 587 629 657 658 779 819 860 894 902 938 989 1027 1118 1119 1174 1274 1325 1377 1422 1430 1476 1477 1595 1644 1652 1760 1828 1829 1888 1952 2008 2144 2210 2277 2414 2547 2555 2691 2692 2773 2849 2925 2994 3002 3070 3150 3230 3239 3312 3402 3569 3654 3733 3827 3915 4087 4185 4277 4363 4370 4454 4559 4655 4745 4752 4841 4842 
S 2: 0 | 0 1 4 14 20 27 35 47 54 64 69 82 89 119 144 152 189 209 230 245 252 265 299 315 324 341 369 434 464 495 527 560 587 629 657 658 779 819 860 894 902 938 989 1027 1118 1119 1174 1274 1325 1377 1422 1430 1476 1477 1595 1644 1652 1760 1828 1829 1888 1952 2008 2144 2210 2277 2414 2547 2555 2691 2692 2773 2849 2925 2994 3002 3070 3150 3230 3239 3312 3402 3569 3654 3733 3827 3915 4087 4185 4277 4363 4370 4454 4559 4655 4745 4752 4841 4842 
S 3: 0 | 0 1 4 14 20 27 35 47 54 64 69 82 89 119 144 152 189 209 230 245 252 265 299 315 324 341 369 434 464 495 527 560 587 629 657 658 779 819 860 894 902 938 989 1027 1118 1119 1174 1274 1325 1377 1422 1430 1476 1477 1595 1644 1652 1760 1828 1829 1888 1952 2008 2144 2210 2277 2414 2547 2555 2691 2692 2773 2849 2925 2994 3002 3070 3150 3230 3239 3312 3402 3569 3654 3733 3827 3915 4087 4185 4277 4363 4370 4454 4559 4655 4745 4752 4841 4842 
S 4: 0 | 0 1 4 14 20 27 35 47 54 64 69 82 89 119 144 152 189 209 230 245 252 265 299 315 324 341 369 434 464 495 527 560 587 629 657 658 779 819 860 894 902 938 989 1027 1118 1119 1174 1274 1325 1377 1422 1430 1476 1477 1595 1644 1652 1760 1828 1829 1888 1952 2008 2144 2210 2277 2414 2547 2555 2691 2692 2773 2849 2925 2994 3002 3070 3150 3230 3239 3312 3402 3569 3654 3733 3827 3915 4087 4185 4277 4363 4370 4454 4559 4655 4745 4752 4841 4842 
ALL EQUAL

Final time = 944.165
Final solution cost = 1368
