Reading instance stp_instances/rd100.stp of type D
Finished instance reading
Number of vertices = 100
Number of edges (resources) = 4950
Number of scenarios = 5
Average number of terminals per scenario = 100
Probabilities of Scenarios: (0) 0.1 | (1) 0.01 | (2) 0.25 | (3) 0.51 | (4) 0.13 | 
Average weighted inflation = 2.00285
Largest inflation = 3.99903
MAX_ITERATIONS_SINCE_LAST_IMPROVEMENT 2
MAX_ITERATIONS_SINCE_BEST_SOLUTION 3
Creating solution instance.
Starting Evolutive Framework.
Local search solution cost = 10693
Local search time = 817.903
817.904 local search - EF main loop cycle 0 solution cost 10693
817.917s Cost of SP solution after second stage solver 10693
Local search solution cost = 9681
Local search time = 69.8967
887.814 local search - EF main loop cycle 1 solution cost 9681
887.82s Cost of SP solution after second stage solver 9681
Local search solution cost = 9681
Local search time = 69.9851
957.805 local search - EF main loop cycle 2 solution cost 9681
957.81s Cost of SP solution after second stage solver 9681
Local search solution cost = 9681
Local search time = 69.9759
1027.79 local search - EF main loop cycle 3 solution cost 9681
1027.79s Cost of SP solution after second stage solver 9681
Number of cycles 4
Time for each cycle 256.948
1027.8s Cost of SP solution after tail step 9681
SELECTED RESOURCES:
38 49 69 89 110 136 232 299 334 427 473 476 515 534 538 562 589 648 682 747 801 843 859 885 931 1070 1110 1148 1318 1319 1331 1396 1469 1473 1530 1534 1555 1575 1718 1774 1810 1847 1905 1955 1999 2110 2258 2337 2399 2415 2422 2501 2554 2593 2605 2647 2653 2704 2749 2840 2877 2934 2951 3035 3224 3239 3260 3371 3388 3433 3499 3567 3632 3636 3669 3716 3798 3824 3850 3885 3966 3980 4073 4084 4121 4140 4213 4222 4336 4429 4447 4503 4572 4626 4731 4749 4805 4831 4895 4946 
SCENARIO'S RESOURCES:
S 0: 0 | 38 49 69 89 110 136 232 299 334 427 473 476 515 534 538 562 589 648 682 747 801 843 859 885 931 1070 1110 1148 1318 1319 1331 1396 1469 1473 1530 1534 1555 1575 1718 1774 1810 1847 1905 1955 1999 2110 2258 2337 2399 2415 2422 2501 2554 2593 2605 2647 2653 2704 2749 2840 2877 2934 2951 3035 3224 3239 3260 3371 3388 3433 3499 3567 3632 3636 3669 3716 3798 3824 3850 3885 3966 3980 4073 4084 4121 4140 4213 4222 4336 4429 4447 4503 4572 4626 4731 4749 4805 4831 4895 4946 
S 1: 0 | 38 49 69 89 110 136 232 299 334 427 473 476 515 534 538 562 589 648 682 747 801 843 859 885 931 1070 1110 1148 1318 1319 1331 1396 1469 1473 1530 1534 1555 1575 1718 1774 1810 1847 1905 1955 1999 2110 2258 2337 2399 2415 2422 2501 2554 2593 2605 2647 2653 2704 2749 2840 2877 2934 2951 3035 3224 3239 3260 3371 3388 3433 3499 3567 3632 3636 3669 3716 3798 3824 3850 3885 3966 3980 4073 4084 4121 4140 4213 4222 4336 4429 4447 4503 4572 4626 4731 4749 4805 4831 4895 4946 
S 2: 0 | 38 49 69 89 110 136 232 299 334 427 473 476 515 534 538 562 589 648 682 747 801 843 859 885 931 1070 1110 1148 1318 1319 1331 1396 1469 1473 1530 1534 1555 1575 1718 1774 1810 1847 1905 1955 1999 2110 2258 2337 2399 2415 2422 2501 2554 2593 2605 2647 2653 2704 2749 2840 2877 2934 2951 3035 3224 3239 3260 3371 3388 3433 3499 3567 3632 3636 3669 3716 3798 3824 3850 3885 3966 3980 4073 4084 4121 4140 4213 4222 4336 4429 4447 4503 4572 4626 4731 4749 4805 4831 4895 4946 
S 3: 0 | 38 49 69 89 110 136 232 299 334 427 473 476 515 534 538 562 589 648 682 747 801 843 859 885 931 1070 1110 1148 1318 1319 1331 1396 1469 1473 1530 1534 1555 1575 1718 1774 1810 1847 1905 1955 1999 2110 2258 2337 2399 2415 2422 2501 2554 2593 2605 2647 2653 2704 2749 2840 2877 2934 2951 3035 3224 3239 3260 3371 3388 3433 3499 3567 3632 3636 3669 3716 3798 3824 3850 3885 3966 3980 4073 4084 4121 4140 4213 4222 4336 4429 4447 4503 4572 4626 4731 4749 4805 4831 4895 4946 
S 4: 0 | 38 49 69 89 110 136 232 299 334 427 473 476 515 534 538 562 589 648 682 747 801 843 859 885 931 1070 1110 1148 1318 1319 1331 1396 1469 1473 1530 1534 1555 1575 1718 1774 1810 1847 1905 1955 1999 2110 2258 2337 2399 2415 2422 2501 2554 2593 2605 2647 2653 2704 2749 2840 2877 2934 2951 3035 3224 3239 3260 3371 3388 3433 3499 3567 3632 3636 3669 3716 3798 3824 3850 3885 3966 3980 4073 4084 4121 4140 4213 4222 4336 4429 4447 4503 4572 4626 4731 4749 4805 4831 4895 4946 
ALL EQUAL

Final time = 1027.91
Final solution cost = 9681
