Reading instance stp_instances/st70.stp of type D
Finished instance reading
Number of vertices = 70
Number of edges (resources) = 2415
Number of scenarios = 5
Average number of terminals per scenario = 70
Probabilities of Scenarios: (0) 0.23 | (1) 0.18 | (2) 0.33 | (3) 0.15 | (4) 0.11 | 
Average weighted inflation = 1.98737
Largest inflation = 3.98913
MAX_ITERATIONS_SINCE_LAST_IMPROVEMENT 2
MAX_ITERATIONS_SINCE_BEST_SOLUTION 3
Creating solution instance.
Starting Evolutive Framework.
Local search solution cost = 903.82
Local search time = 219.92
219.92 local search - EF main loop cycle 0 solution cost 903.82
219.928s Cost of SP solution after second stage solver 903.82
Local search solution cost = 760
Local search time = 19.9459
239.874 local search - EF main loop cycle 1 solution cost 760
239.877s Cost of SP solution after second stage solver 760
Local search solution cost = 760
Local search time = 19.91
259.787 local search - EF main loop cycle 2 solution cost 760
259.79s Cost of SP solution after second stage solver 760
Local search solution cost = 760
Local search time = 19.9224
279.713 local search - EF main loop cycle 3 solution cost 760
279.716s Cost of SP solution after second stage solver 760
Number of cycles 4
Time for each cycle 69.929
279.719s Cost of SP solution after tail step 760
SELECTED RESOURCES:
4 16 80 105 125 139 159 167 184 198 267 307 333 358 400 425 492 507 539 548 573 591 595 688 779 785 837 851 877 932 970 984 1014 1016 1050 1071 1153 1180 1284 1330 1335 1410 1433 1479 1563 1632 1645 1690 1761 1762 1809 1812 1840 1883 1912 1947 2000 2008 2066 2071 2101 2138 2155 2192 2251 2254 2308 2313 2358 2374 
SCENARIO'S RESOURCES:
S 0: 0 | 4 16 80 105 125 139 159 167 184 198 267 307 333 358 400 425 492 507 539 548 573 591 595 688 779 785 837 851 877 932 970 984 1014 1016 1050 1071 1153 1180 1284 1330 1335 1410 1433 1479 1563 1632 1645 1690 1761 1762 1809 1812 1840 1883 1912 1947 2000 2008 2066 2071 2101 2138 2155 2192 2251 2254 2308 2313 2358 2374 
S 1: 0 | 4 16 80 105 125 139 159 167 184 198 267 307 333 358 400 425 492 507 539 548 573 591 595 688 779 785 837 851 877 932 970 984 1014 1016 1050 1071 1153 1180 1284 1330 1335 1410 1433 1479 1563 1632 1645 1690 1761 1762 1809 1812 1840 1883 1912 1947 2000 2008 2066 2071 2101 2138 2155 2192 2251 2254 2308 2313 2358 2374 
S 2: 0 | 4 16 80 105 125 139 159 167 184 198 267 307 333 358 400 425 492 507 539 548 573 591 595 688 779 785 837 851 877 932 970 984 1014 1016 1050 1071 1153 1180 1284 1330 1335 1410 1433 1479 1563 1632 1645 1690 1761 1762 1809 1812 1840 1883 1912 1947 2000 2008 2066 2071 2101 2138 2155 2192 2251 2254 2308 2313 2358 2374 
S 3: 0 | 4 16 80 105 125 139 159 167 184 198 267 307 333 358 400 425 492 507 539 548 573 591 595 688 779 785 837 851 877 932 970 984 1014 1016 1050 1071 1153 1180 1284 1330 1335 1410 1433 1479 1563 1632 1645 1690 1761 1762 1809 1812 1840 1883 1912 1947 2000 2008 2066 2071 2101 2138 2155 2192 2251 2254 2308 2313 2358 2374 
S 4: 0 | 4 16 80 105 125 139 159 167 184 198 267 307 333 358 400 425 492 507 539 548 573 591 595 688 779 785 837 851 877 932 970 984 1014 1016 1050 1071 1153 1180 1284 1330 1335 1410 1433 1479 1563 1632 1645 1690 1761 1762 1809 1812 1840 1883 1912 1947 2000 2008 2066 2071 2101 2138 2155 2192 2251 2254 2308 2313 2358 2374 
ALL EQUAL

Final time = 279.725
Final solution cost = 760
